[2024-11-28T11:46:40.245-0600] {processor.py:186} INFO - Started process (PID=34380) to work on /Library/Frameworks/Python.framework/Versions/3.8/lib/python3.8/site-packages/airflow/example_dags/plugins/decreasing_priority_weight_strategy.py
[2024-11-28T11:46:40.245-0600] {processor.py:914} INFO - Processing file /Library/Frameworks/Python.framework/Versions/3.8/lib/python3.8/site-packages/airflow/example_dags/plugins/decreasing_priority_weight_strategy.py for tasks to queue
[2024-11-28T11:46:40.246-0600] {logging_mixin.py:190} INFO - [2024-11-28T11:46:40.246-0600] {dagbag.py:588} INFO - Filling up the DagBag from /Library/Frameworks/Python.framework/Versions/3.8/lib/python3.8/site-packages/airflow/example_dags/plugins/decreasing_priority_weight_strategy.py
[2024-11-28T11:46:40.246-0600] {processor.py:927} WARNING - No viable dags retrieved from /Library/Frameworks/Python.framework/Versions/3.8/lib/python3.8/site-packages/airflow/example_dags/plugins/decreasing_priority_weight_strategy.py
[2024-11-28T11:46:40.277-0600] {processor.py:208} INFO - Processing /Library/Frameworks/Python.framework/Versions/3.8/lib/python3.8/site-packages/airflow/example_dags/plugins/decreasing_priority_weight_strategy.py took 0.033 seconds
[2024-11-28T11:48:16.945-0600] {processor.py:186} INFO - Started process (PID=34565) to work on /Library/Frameworks/Python.framework/Versions/3.8/lib/python3.8/site-packages/airflow/example_dags/plugins/decreasing_priority_weight_strategy.py
[2024-11-28T11:48:16.946-0600] {processor.py:914} INFO - Processing file /Library/Frameworks/Python.framework/Versions/3.8/lib/python3.8/site-packages/airflow/example_dags/plugins/decreasing_priority_weight_strategy.py for tasks to queue
[2024-11-28T11:48:16.946-0600] {logging_mixin.py:190} INFO - [2024-11-28T11:48:16.946-0600] {dagbag.py:588} INFO - Filling up the DagBag from /Library/Frameworks/Python.framework/Versions/3.8/lib/python3.8/site-packages/airflow/example_dags/plugins/decreasing_priority_weight_strategy.py
[2024-11-28T11:48:16.947-0600] {processor.py:927} WARNING - No viable dags retrieved from /Library/Frameworks/Python.framework/Versions/3.8/lib/python3.8/site-packages/airflow/example_dags/plugins/decreasing_priority_weight_strategy.py
[2024-11-28T11:48:16.979-0600] {processor.py:208} INFO - Processing /Library/Frameworks/Python.framework/Versions/3.8/lib/python3.8/site-packages/airflow/example_dags/plugins/decreasing_priority_weight_strategy.py took 0.035 seconds
[2024-11-28T11:49:24.721-0600] {processor.py:186} INFO - Started process (PID=34709) to work on /Library/Frameworks/Python.framework/Versions/3.8/lib/python3.8/site-packages/airflow/example_dags/plugins/decreasing_priority_weight_strategy.py
[2024-11-28T11:49:24.722-0600] {processor.py:914} INFO - Processing file /Library/Frameworks/Python.framework/Versions/3.8/lib/python3.8/site-packages/airflow/example_dags/plugins/decreasing_priority_weight_strategy.py for tasks to queue
[2024-11-28T11:49:24.723-0600] {logging_mixin.py:190} INFO - [2024-11-28T11:49:24.723-0600] {dagbag.py:588} INFO - Filling up the DagBag from /Library/Frameworks/Python.framework/Versions/3.8/lib/python3.8/site-packages/airflow/example_dags/plugins/decreasing_priority_weight_strategy.py
[2024-11-28T11:49:24.723-0600] {processor.py:927} WARNING - No viable dags retrieved from /Library/Frameworks/Python.framework/Versions/3.8/lib/python3.8/site-packages/airflow/example_dags/plugins/decreasing_priority_weight_strategy.py
[2024-11-28T11:49:24.756-0600] {processor.py:208} INFO - Processing /Library/Frameworks/Python.framework/Versions/3.8/lib/python3.8/site-packages/airflow/example_dags/plugins/decreasing_priority_weight_strategy.py took 0.036 seconds
[2024-11-28T11:50:31.880-0600] {processor.py:186} INFO - Started process (PID=34835) to work on /Library/Frameworks/Python.framework/Versions/3.8/lib/python3.8/site-packages/airflow/example_dags/plugins/decreasing_priority_weight_strategy.py
[2024-11-28T11:50:31.882-0600] {processor.py:914} INFO - Processing file /Library/Frameworks/Python.framework/Versions/3.8/lib/python3.8/site-packages/airflow/example_dags/plugins/decreasing_priority_weight_strategy.py for tasks to queue
[2024-11-28T11:50:31.882-0600] {logging_mixin.py:190} INFO - [2024-11-28T11:50:31.882-0600] {dagbag.py:588} INFO - Filling up the DagBag from /Library/Frameworks/Python.framework/Versions/3.8/lib/python3.8/site-packages/airflow/example_dags/plugins/decreasing_priority_weight_strategy.py
[2024-11-28T11:50:31.882-0600] {processor.py:927} WARNING - No viable dags retrieved from /Library/Frameworks/Python.framework/Versions/3.8/lib/python3.8/site-packages/airflow/example_dags/plugins/decreasing_priority_weight_strategy.py
[2024-11-28T11:50:31.914-0600] {processor.py:208} INFO - Processing /Library/Frameworks/Python.framework/Versions/3.8/lib/python3.8/site-packages/airflow/example_dags/plugins/decreasing_priority_weight_strategy.py took 0.034 seconds
[2024-11-28T11:51:38.886-0600] {processor.py:186} INFO - Started process (PID=34960) to work on /Library/Frameworks/Python.framework/Versions/3.8/lib/python3.8/site-packages/airflow/example_dags/plugins/decreasing_priority_weight_strategy.py
[2024-11-28T11:51:38.886-0600] {processor.py:914} INFO - Processing file /Library/Frameworks/Python.framework/Versions/3.8/lib/python3.8/site-packages/airflow/example_dags/plugins/decreasing_priority_weight_strategy.py for tasks to queue
[2024-11-28T11:51:38.887-0600] {logging_mixin.py:190} INFO - [2024-11-28T11:51:38.886-0600] {dagbag.py:588} INFO - Filling up the DagBag from /Library/Frameworks/Python.framework/Versions/3.8/lib/python3.8/site-packages/airflow/example_dags/plugins/decreasing_priority_weight_strategy.py
[2024-11-28T11:51:38.887-0600] {processor.py:927} WARNING - No viable dags retrieved from /Library/Frameworks/Python.framework/Versions/3.8/lib/python3.8/site-packages/airflow/example_dags/plugins/decreasing_priority_weight_strategy.py
[2024-11-28T11:51:38.918-0600] {processor.py:208} INFO - Processing /Library/Frameworks/Python.framework/Versions/3.8/lib/python3.8/site-packages/airflow/example_dags/plugins/decreasing_priority_weight_strategy.py took 0.033 seconds
[2024-11-28T11:52:43.703-0600] {processor.py:186} INFO - Started process (PID=35088) to work on /Library/Frameworks/Python.framework/Versions/3.8/lib/python3.8/site-packages/airflow/example_dags/plugins/decreasing_priority_weight_strategy.py
[2024-11-28T11:52:43.704-0600] {processor.py:914} INFO - Processing file /Library/Frameworks/Python.framework/Versions/3.8/lib/python3.8/site-packages/airflow/example_dags/plugins/decreasing_priority_weight_strategy.py for tasks to queue
[2024-11-28T11:52:43.704-0600] {logging_mixin.py:190} INFO - [2024-11-28T11:52:43.704-0600] {dagbag.py:588} INFO - Filling up the DagBag from /Library/Frameworks/Python.framework/Versions/3.8/lib/python3.8/site-packages/airflow/example_dags/plugins/decreasing_priority_weight_strategy.py
[2024-11-28T11:52:43.705-0600] {processor.py:927} WARNING - No viable dags retrieved from /Library/Frameworks/Python.framework/Versions/3.8/lib/python3.8/site-packages/airflow/example_dags/plugins/decreasing_priority_weight_strategy.py
[2024-11-28T11:52:43.736-0600] {processor.py:208} INFO - Processing /Library/Frameworks/Python.framework/Versions/3.8/lib/python3.8/site-packages/airflow/example_dags/plugins/decreasing_priority_weight_strategy.py took 0.035 seconds
[2024-11-28T11:53:51.677-0600] {processor.py:186} INFO - Started process (PID=35256) to work on /Library/Frameworks/Python.framework/Versions/3.8/lib/python3.8/site-packages/airflow/example_dags/plugins/decreasing_priority_weight_strategy.py
[2024-11-28T11:53:51.677-0600] {processor.py:914} INFO - Processing file /Library/Frameworks/Python.framework/Versions/3.8/lib/python3.8/site-packages/airflow/example_dags/plugins/decreasing_priority_weight_strategy.py for tasks to queue
[2024-11-28T11:53:51.678-0600] {logging_mixin.py:190} INFO - [2024-11-28T11:53:51.678-0600] {dagbag.py:588} INFO - Filling up the DagBag from /Library/Frameworks/Python.framework/Versions/3.8/lib/python3.8/site-packages/airflow/example_dags/plugins/decreasing_priority_weight_strategy.py
[2024-11-28T11:53:51.678-0600] {processor.py:927} WARNING - No viable dags retrieved from /Library/Frameworks/Python.framework/Versions/3.8/lib/python3.8/site-packages/airflow/example_dags/plugins/decreasing_priority_weight_strategy.py
[2024-11-28T11:53:51.710-0600] {processor.py:208} INFO - Processing /Library/Frameworks/Python.framework/Versions/3.8/lib/python3.8/site-packages/airflow/example_dags/plugins/decreasing_priority_weight_strategy.py took 0.035 seconds
[2024-11-28T11:54:56.755-0600] {processor.py:186} INFO - Started process (PID=35380) to work on /Library/Frameworks/Python.framework/Versions/3.8/lib/python3.8/site-packages/airflow/example_dags/plugins/decreasing_priority_weight_strategy.py
[2024-11-28T11:54:56.756-0600] {processor.py:914} INFO - Processing file /Library/Frameworks/Python.framework/Versions/3.8/lib/python3.8/site-packages/airflow/example_dags/plugins/decreasing_priority_weight_strategy.py for tasks to queue
[2024-11-28T11:54:56.756-0600] {logging_mixin.py:190} INFO - [2024-11-28T11:54:56.756-0600] {dagbag.py:588} INFO - Filling up the DagBag from /Library/Frameworks/Python.framework/Versions/3.8/lib/python3.8/site-packages/airflow/example_dags/plugins/decreasing_priority_weight_strategy.py
[2024-11-28T11:54:56.756-0600] {processor.py:927} WARNING - No viable dags retrieved from /Library/Frameworks/Python.framework/Versions/3.8/lib/python3.8/site-packages/airflow/example_dags/plugins/decreasing_priority_weight_strategy.py
[2024-11-28T11:54:56.788-0600] {processor.py:208} INFO - Processing /Library/Frameworks/Python.framework/Versions/3.8/lib/python3.8/site-packages/airflow/example_dags/plugins/decreasing_priority_weight_strategy.py took 0.033 seconds
[2024-11-28T11:56:02.665-0600] {processor.py:186} INFO - Started process (PID=35503) to work on /Library/Frameworks/Python.framework/Versions/3.8/lib/python3.8/site-packages/airflow/example_dags/plugins/decreasing_priority_weight_strategy.py
[2024-11-28T11:56:02.665-0600] {processor.py:914} INFO - Processing file /Library/Frameworks/Python.framework/Versions/3.8/lib/python3.8/site-packages/airflow/example_dags/plugins/decreasing_priority_weight_strategy.py for tasks to queue
[2024-11-28T11:56:02.665-0600] {logging_mixin.py:190} INFO - [2024-11-28T11:56:02.665-0600] {dagbag.py:588} INFO - Filling up the DagBag from /Library/Frameworks/Python.framework/Versions/3.8/lib/python3.8/site-packages/airflow/example_dags/plugins/decreasing_priority_weight_strategy.py
[2024-11-28T11:56:02.666-0600] {processor.py:927} WARNING - No viable dags retrieved from /Library/Frameworks/Python.framework/Versions/3.8/lib/python3.8/site-packages/airflow/example_dags/plugins/decreasing_priority_weight_strategy.py
[2024-11-28T11:56:02.698-0600] {processor.py:208} INFO - Processing /Library/Frameworks/Python.framework/Versions/3.8/lib/python3.8/site-packages/airflow/example_dags/plugins/decreasing_priority_weight_strategy.py took 0.034 seconds
[2024-11-28T11:57:12.476-0600] {processor.py:186} INFO - Started process (PID=35640) to work on /Library/Frameworks/Python.framework/Versions/3.8/lib/python3.8/site-packages/airflow/example_dags/plugins/decreasing_priority_weight_strategy.py
[2024-11-28T11:57:12.477-0600] {processor.py:914} INFO - Processing file /Library/Frameworks/Python.framework/Versions/3.8/lib/python3.8/site-packages/airflow/example_dags/plugins/decreasing_priority_weight_strategy.py for tasks to queue
[2024-11-28T11:57:12.477-0600] {logging_mixin.py:190} INFO - [2024-11-28T11:57:12.477-0600] {dagbag.py:588} INFO - Filling up the DagBag from /Library/Frameworks/Python.framework/Versions/3.8/lib/python3.8/site-packages/airflow/example_dags/plugins/decreasing_priority_weight_strategy.py
[2024-11-28T11:57:12.478-0600] {processor.py:927} WARNING - No viable dags retrieved from /Library/Frameworks/Python.framework/Versions/3.8/lib/python3.8/site-packages/airflow/example_dags/plugins/decreasing_priority_weight_strategy.py
[2024-11-28T11:57:12.509-0600] {processor.py:208} INFO - Processing /Library/Frameworks/Python.framework/Versions/3.8/lib/python3.8/site-packages/airflow/example_dags/plugins/decreasing_priority_weight_strategy.py took 0.034 seconds
[2024-11-28T11:58:18.294-0600] {processor.py:186} INFO - Started process (PID=35764) to work on /Library/Frameworks/Python.framework/Versions/3.8/lib/python3.8/site-packages/airflow/example_dags/plugins/decreasing_priority_weight_strategy.py
[2024-11-28T11:58:18.294-0600] {processor.py:914} INFO - Processing file /Library/Frameworks/Python.framework/Versions/3.8/lib/python3.8/site-packages/airflow/example_dags/plugins/decreasing_priority_weight_strategy.py for tasks to queue
[2024-11-28T11:58:18.294-0600] {logging_mixin.py:190} INFO - [2024-11-28T11:58:18.294-0600] {dagbag.py:588} INFO - Filling up the DagBag from /Library/Frameworks/Python.framework/Versions/3.8/lib/python3.8/site-packages/airflow/example_dags/plugins/decreasing_priority_weight_strategy.py
[2024-11-28T11:58:18.295-0600] {processor.py:927} WARNING - No viable dags retrieved from /Library/Frameworks/Python.framework/Versions/3.8/lib/python3.8/site-packages/airflow/example_dags/plugins/decreasing_priority_weight_strategy.py
[2024-11-28T11:58:18.327-0600] {processor.py:208} INFO - Processing /Library/Frameworks/Python.framework/Versions/3.8/lib/python3.8/site-packages/airflow/example_dags/plugins/decreasing_priority_weight_strategy.py took 0.034 seconds
[2024-11-28T11:59:26.672-0600] {processor.py:186} INFO - Started process (PID=35889) to work on /Library/Frameworks/Python.framework/Versions/3.8/lib/python3.8/site-packages/airflow/example_dags/plugins/decreasing_priority_weight_strategy.py
[2024-11-28T11:59:26.673-0600] {processor.py:914} INFO - Processing file /Library/Frameworks/Python.framework/Versions/3.8/lib/python3.8/site-packages/airflow/example_dags/plugins/decreasing_priority_weight_strategy.py for tasks to queue
[2024-11-28T11:59:26.674-0600] {logging_mixin.py:190} INFO - [2024-11-28T11:59:26.674-0600] {dagbag.py:588} INFO - Filling up the DagBag from /Library/Frameworks/Python.framework/Versions/3.8/lib/python3.8/site-packages/airflow/example_dags/plugins/decreasing_priority_weight_strategy.py
[2024-11-28T11:59:26.674-0600] {processor.py:927} WARNING - No viable dags retrieved from /Library/Frameworks/Python.framework/Versions/3.8/lib/python3.8/site-packages/airflow/example_dags/plugins/decreasing_priority_weight_strategy.py
[2024-11-28T11:59:26.706-0600] {processor.py:208} INFO - Processing /Library/Frameworks/Python.framework/Versions/3.8/lib/python3.8/site-packages/airflow/example_dags/plugins/decreasing_priority_weight_strategy.py took 0.035 seconds
[2024-11-28T12:00:34.543-0600] {processor.py:186} INFO - Started process (PID=36017) to work on /Library/Frameworks/Python.framework/Versions/3.8/lib/python3.8/site-packages/airflow/example_dags/plugins/decreasing_priority_weight_strategy.py
[2024-11-28T12:00:34.543-0600] {processor.py:914} INFO - Processing file /Library/Frameworks/Python.framework/Versions/3.8/lib/python3.8/site-packages/airflow/example_dags/plugins/decreasing_priority_weight_strategy.py for tasks to queue
[2024-11-28T12:00:34.543-0600] {logging_mixin.py:190} INFO - [2024-11-28T12:00:34.543-0600] {dagbag.py:588} INFO - Filling up the DagBag from /Library/Frameworks/Python.framework/Versions/3.8/lib/python3.8/site-packages/airflow/example_dags/plugins/decreasing_priority_weight_strategy.py
[2024-11-28T12:00:34.544-0600] {processor.py:927} WARNING - No viable dags retrieved from /Library/Frameworks/Python.framework/Versions/3.8/lib/python3.8/site-packages/airflow/example_dags/plugins/decreasing_priority_weight_strategy.py
[2024-11-28T12:00:34.575-0600] {processor.py:208} INFO - Processing /Library/Frameworks/Python.framework/Versions/3.8/lib/python3.8/site-packages/airflow/example_dags/plugins/decreasing_priority_weight_strategy.py took 0.034 seconds
[2024-11-28T12:01:41.494-0600] {processor.py:186} INFO - Started process (PID=36145) to work on /Library/Frameworks/Python.framework/Versions/3.8/lib/python3.8/site-packages/airflow/example_dags/plugins/decreasing_priority_weight_strategy.py
[2024-11-28T12:01:41.494-0600] {processor.py:914} INFO - Processing file /Library/Frameworks/Python.framework/Versions/3.8/lib/python3.8/site-packages/airflow/example_dags/plugins/decreasing_priority_weight_strategy.py for tasks to queue
[2024-11-28T12:01:41.495-0600] {logging_mixin.py:190} INFO - [2024-11-28T12:01:41.495-0600] {dagbag.py:588} INFO - Filling up the DagBag from /Library/Frameworks/Python.framework/Versions/3.8/lib/python3.8/site-packages/airflow/example_dags/plugins/decreasing_priority_weight_strategy.py
[2024-11-28T12:01:41.495-0600] {processor.py:927} WARNING - No viable dags retrieved from /Library/Frameworks/Python.framework/Versions/3.8/lib/python3.8/site-packages/airflow/example_dags/plugins/decreasing_priority_weight_strategy.py
[2024-11-28T12:01:41.526-0600] {processor.py:208} INFO - Processing /Library/Frameworks/Python.framework/Versions/3.8/lib/python3.8/site-packages/airflow/example_dags/plugins/decreasing_priority_weight_strategy.py took 0.033 seconds
[2024-11-28T12:02:47.716-0600] {processor.py:186} INFO - Started process (PID=36267) to work on /Library/Frameworks/Python.framework/Versions/3.8/lib/python3.8/site-packages/airflow/example_dags/plugins/decreasing_priority_weight_strategy.py
[2024-11-28T12:02:47.717-0600] {processor.py:914} INFO - Processing file /Library/Frameworks/Python.framework/Versions/3.8/lib/python3.8/site-packages/airflow/example_dags/plugins/decreasing_priority_weight_strategy.py for tasks to queue
[2024-11-28T12:02:47.718-0600] {logging_mixin.py:190} INFO - [2024-11-28T12:02:47.718-0600] {dagbag.py:588} INFO - Filling up the DagBag from /Library/Frameworks/Python.framework/Versions/3.8/lib/python3.8/site-packages/airflow/example_dags/plugins/decreasing_priority_weight_strategy.py
[2024-11-28T12:02:47.718-0600] {processor.py:927} WARNING - No viable dags retrieved from /Library/Frameworks/Python.framework/Versions/3.8/lib/python3.8/site-packages/airflow/example_dags/plugins/decreasing_priority_weight_strategy.py
[2024-11-28T12:02:47.749-0600] {processor.py:208} INFO - Processing /Library/Frameworks/Python.framework/Versions/3.8/lib/python3.8/site-packages/airflow/example_dags/plugins/decreasing_priority_weight_strategy.py took 0.034 seconds
[2024-11-28T12:03:55.142-0600] {processor.py:186} INFO - Started process (PID=36392) to work on /Library/Frameworks/Python.framework/Versions/3.8/lib/python3.8/site-packages/airflow/example_dags/plugins/decreasing_priority_weight_strategy.py
[2024-11-28T12:03:55.143-0600] {processor.py:914} INFO - Processing file /Library/Frameworks/Python.framework/Versions/3.8/lib/python3.8/site-packages/airflow/example_dags/plugins/decreasing_priority_weight_strategy.py for tasks to queue
[2024-11-28T12:03:55.143-0600] {logging_mixin.py:190} INFO - [2024-11-28T12:03:55.143-0600] {dagbag.py:588} INFO - Filling up the DagBag from /Library/Frameworks/Python.framework/Versions/3.8/lib/python3.8/site-packages/airflow/example_dags/plugins/decreasing_priority_weight_strategy.py
[2024-11-28T12:03:55.144-0600] {processor.py:927} WARNING - No viable dags retrieved from /Library/Frameworks/Python.framework/Versions/3.8/lib/python3.8/site-packages/airflow/example_dags/plugins/decreasing_priority_weight_strategy.py
[2024-11-28T12:03:55.176-0600] {processor.py:208} INFO - Processing /Library/Frameworks/Python.framework/Versions/3.8/lib/python3.8/site-packages/airflow/example_dags/plugins/decreasing_priority_weight_strategy.py took 0.035 seconds
[2024-11-28T12:05:02.988-0600] {processor.py:186} INFO - Started process (PID=36521) to work on /Library/Frameworks/Python.framework/Versions/3.8/lib/python3.8/site-packages/airflow/example_dags/plugins/decreasing_priority_weight_strategy.py
[2024-11-28T12:05:02.989-0600] {processor.py:914} INFO - Processing file /Library/Frameworks/Python.framework/Versions/3.8/lib/python3.8/site-packages/airflow/example_dags/plugins/decreasing_priority_weight_strategy.py for tasks to queue
[2024-11-28T12:05:02.989-0600] {logging_mixin.py:190} INFO - [2024-11-28T12:05:02.989-0600] {dagbag.py:588} INFO - Filling up the DagBag from /Library/Frameworks/Python.framework/Versions/3.8/lib/python3.8/site-packages/airflow/example_dags/plugins/decreasing_priority_weight_strategy.py
[2024-11-28T12:05:02.989-0600] {processor.py:927} WARNING - No viable dags retrieved from /Library/Frameworks/Python.framework/Versions/3.8/lib/python3.8/site-packages/airflow/example_dags/plugins/decreasing_priority_weight_strategy.py
[2024-11-28T12:05:03.021-0600] {processor.py:208} INFO - Processing /Library/Frameworks/Python.framework/Versions/3.8/lib/python3.8/site-packages/airflow/example_dags/plugins/decreasing_priority_weight_strategy.py took 0.034 seconds
[2024-11-28T12:06:06.421-0600] {processor.py:186} INFO - Started process (PID=36645) to work on /Library/Frameworks/Python.framework/Versions/3.8/lib/python3.8/site-packages/airflow/example_dags/plugins/decreasing_priority_weight_strategy.py
[2024-11-28T12:06:06.421-0600] {processor.py:914} INFO - Processing file /Library/Frameworks/Python.framework/Versions/3.8/lib/python3.8/site-packages/airflow/example_dags/plugins/decreasing_priority_weight_strategy.py for tasks to queue
[2024-11-28T12:06:06.421-0600] {logging_mixin.py:190} INFO - [2024-11-28T12:06:06.421-0600] {dagbag.py:588} INFO - Filling up the DagBag from /Library/Frameworks/Python.framework/Versions/3.8/lib/python3.8/site-packages/airflow/example_dags/plugins/decreasing_priority_weight_strategy.py
[2024-11-28T12:06:06.422-0600] {processor.py:927} WARNING - No viable dags retrieved from /Library/Frameworks/Python.framework/Versions/3.8/lib/python3.8/site-packages/airflow/example_dags/plugins/decreasing_priority_weight_strategy.py
[2024-11-28T12:06:06.453-0600] {processor.py:208} INFO - Processing /Library/Frameworks/Python.framework/Versions/3.8/lib/python3.8/site-packages/airflow/example_dags/plugins/decreasing_priority_weight_strategy.py took 0.033 seconds
[2024-11-28T12:07:11.382-0600] {processor.py:186} INFO - Started process (PID=36766) to work on /Library/Frameworks/Python.framework/Versions/3.8/lib/python3.8/site-packages/airflow/example_dags/plugins/decreasing_priority_weight_strategy.py
[2024-11-28T12:07:11.383-0600] {processor.py:914} INFO - Processing file /Library/Frameworks/Python.framework/Versions/3.8/lib/python3.8/site-packages/airflow/example_dags/plugins/decreasing_priority_weight_strategy.py for tasks to queue
[2024-11-28T12:07:11.383-0600] {logging_mixin.py:190} INFO - [2024-11-28T12:07:11.383-0600] {dagbag.py:588} INFO - Filling up the DagBag from /Library/Frameworks/Python.framework/Versions/3.8/lib/python3.8/site-packages/airflow/example_dags/plugins/decreasing_priority_weight_strategy.py
[2024-11-28T12:07:11.384-0600] {processor.py:927} WARNING - No viable dags retrieved from /Library/Frameworks/Python.framework/Versions/3.8/lib/python3.8/site-packages/airflow/example_dags/plugins/decreasing_priority_weight_strategy.py
[2024-11-28T12:07:11.416-0600] {processor.py:208} INFO - Processing /Library/Frameworks/Python.framework/Versions/3.8/lib/python3.8/site-packages/airflow/example_dags/plugins/decreasing_priority_weight_strategy.py took 0.036 seconds
[2024-11-28T12:08:16.720-0600] {processor.py:186} INFO - Started process (PID=36885) to work on /Library/Frameworks/Python.framework/Versions/3.8/lib/python3.8/site-packages/airflow/example_dags/plugins/decreasing_priority_weight_strategy.py
[2024-11-28T12:08:16.721-0600] {processor.py:914} INFO - Processing file /Library/Frameworks/Python.framework/Versions/3.8/lib/python3.8/site-packages/airflow/example_dags/plugins/decreasing_priority_weight_strategy.py for tasks to queue
[2024-11-28T12:08:16.722-0600] {logging_mixin.py:190} INFO - [2024-11-28T12:08:16.722-0600] {dagbag.py:588} INFO - Filling up the DagBag from /Library/Frameworks/Python.framework/Versions/3.8/lib/python3.8/site-packages/airflow/example_dags/plugins/decreasing_priority_weight_strategy.py
[2024-11-28T12:08:16.722-0600] {processor.py:927} WARNING - No viable dags retrieved from /Library/Frameworks/Python.framework/Versions/3.8/lib/python3.8/site-packages/airflow/example_dags/plugins/decreasing_priority_weight_strategy.py
[2024-11-28T12:08:16.753-0600] {processor.py:208} INFO - Processing /Library/Frameworks/Python.framework/Versions/3.8/lib/python3.8/site-packages/airflow/example_dags/plugins/decreasing_priority_weight_strategy.py took 0.035 seconds
[2024-11-28T12:09:26.809-0600] {processor.py:186} INFO - Started process (PID=37013) to work on /Library/Frameworks/Python.framework/Versions/3.8/lib/python3.8/site-packages/airflow/example_dags/plugins/decreasing_priority_weight_strategy.py
[2024-11-28T12:09:26.810-0600] {processor.py:914} INFO - Processing file /Library/Frameworks/Python.framework/Versions/3.8/lib/python3.8/site-packages/airflow/example_dags/plugins/decreasing_priority_weight_strategy.py for tasks to queue
[2024-11-28T12:09:26.811-0600] {logging_mixin.py:190} INFO - [2024-11-28T12:09:26.810-0600] {dagbag.py:588} INFO - Filling up the DagBag from /Library/Frameworks/Python.framework/Versions/3.8/lib/python3.8/site-packages/airflow/example_dags/plugins/decreasing_priority_weight_strategy.py
[2024-11-28T12:09:26.811-0600] {processor.py:927} WARNING - No viable dags retrieved from /Library/Frameworks/Python.framework/Versions/3.8/lib/python3.8/site-packages/airflow/example_dags/plugins/decreasing_priority_weight_strategy.py
[2024-11-28T12:09:26.843-0600] {processor.py:208} INFO - Processing /Library/Frameworks/Python.framework/Versions/3.8/lib/python3.8/site-packages/airflow/example_dags/plugins/decreasing_priority_weight_strategy.py took 0.035 seconds
[2024-11-28T12:10:36.343-0600] {processor.py:186} INFO - Started process (PID=37155) to work on /Library/Frameworks/Python.framework/Versions/3.8/lib/python3.8/site-packages/airflow/example_dags/plugins/decreasing_priority_weight_strategy.py
[2024-11-28T12:10:36.344-0600] {processor.py:914} INFO - Processing file /Library/Frameworks/Python.framework/Versions/3.8/lib/python3.8/site-packages/airflow/example_dags/plugins/decreasing_priority_weight_strategy.py for tasks to queue
[2024-11-28T12:10:36.344-0600] {logging_mixin.py:190} INFO - [2024-11-28T12:10:36.344-0600] {dagbag.py:588} INFO - Filling up the DagBag from /Library/Frameworks/Python.framework/Versions/3.8/lib/python3.8/site-packages/airflow/example_dags/plugins/decreasing_priority_weight_strategy.py
[2024-11-28T12:10:36.345-0600] {processor.py:927} WARNING - No viable dags retrieved from /Library/Frameworks/Python.framework/Versions/3.8/lib/python3.8/site-packages/airflow/example_dags/plugins/decreasing_priority_weight_strategy.py
[2024-11-28T12:10:36.377-0600] {processor.py:208} INFO - Processing /Library/Frameworks/Python.framework/Versions/3.8/lib/python3.8/site-packages/airflow/example_dags/plugins/decreasing_priority_weight_strategy.py took 0.035 seconds
