[2024-11-28T11:46:36.532-0600] {processor.py:186} INFO - Started process (PID=34369) to work on /Library/Frameworks/Python.framework/Versions/3.8/lib/python3.8/site-packages/airflow/example_dags/plugins/listener_plugin.py
[2024-11-28T11:46:36.532-0600] {processor.py:914} INFO - Processing file /Library/Frameworks/Python.framework/Versions/3.8/lib/python3.8/site-packages/airflow/example_dags/plugins/listener_plugin.py for tasks to queue
[2024-11-28T11:46:36.532-0600] {logging_mixin.py:190} INFO - [2024-11-28T11:46:36.532-0600] {dagbag.py:588} INFO - Filling up the DagBag from /Library/Frameworks/Python.framework/Versions/3.8/lib/python3.8/site-packages/airflow/example_dags/plugins/listener_plugin.py
[2024-11-28T11:46:36.533-0600] {processor.py:927} WARNING - No viable dags retrieved from /Library/Frameworks/Python.framework/Versions/3.8/lib/python3.8/site-packages/airflow/example_dags/plugins/listener_plugin.py
[2024-11-28T11:46:36.563-0600] {processor.py:208} INFO - Processing /Library/Frameworks/Python.framework/Versions/3.8/lib/python3.8/site-packages/airflow/example_dags/plugins/listener_plugin.py took 0.033 seconds
[2024-11-28T11:48:14.167-0600] {processor.py:186} INFO - Started process (PID=34559) to work on /Library/Frameworks/Python.framework/Versions/3.8/lib/python3.8/site-packages/airflow/example_dags/plugins/listener_plugin.py
[2024-11-28T11:48:14.167-0600] {processor.py:914} INFO - Processing file /Library/Frameworks/Python.framework/Versions/3.8/lib/python3.8/site-packages/airflow/example_dags/plugins/listener_plugin.py for tasks to queue
[2024-11-28T11:48:14.168-0600] {logging_mixin.py:190} INFO - [2024-11-28T11:48:14.168-0600] {dagbag.py:588} INFO - Filling up the DagBag from /Library/Frameworks/Python.framework/Versions/3.8/lib/python3.8/site-packages/airflow/example_dags/plugins/listener_plugin.py
[2024-11-28T11:48:14.168-0600] {processor.py:927} WARNING - No viable dags retrieved from /Library/Frameworks/Python.framework/Versions/3.8/lib/python3.8/site-packages/airflow/example_dags/plugins/listener_plugin.py
[2024-11-28T11:48:14.199-0600] {processor.py:208} INFO - Processing /Library/Frameworks/Python.framework/Versions/3.8/lib/python3.8/site-packages/airflow/example_dags/plugins/listener_plugin.py took 0.033 seconds
[2024-11-28T11:49:21.450-0600] {processor.py:186} INFO - Started process (PID=34702) to work on /Library/Frameworks/Python.framework/Versions/3.8/lib/python3.8/site-packages/airflow/example_dags/plugins/listener_plugin.py
[2024-11-28T11:49:21.451-0600] {processor.py:914} INFO - Processing file /Library/Frameworks/Python.framework/Versions/3.8/lib/python3.8/site-packages/airflow/example_dags/plugins/listener_plugin.py for tasks to queue
[2024-11-28T11:49:21.451-0600] {logging_mixin.py:190} INFO - [2024-11-28T11:49:21.451-0600] {dagbag.py:588} INFO - Filling up the DagBag from /Library/Frameworks/Python.framework/Versions/3.8/lib/python3.8/site-packages/airflow/example_dags/plugins/listener_plugin.py
[2024-11-28T11:49:21.452-0600] {processor.py:927} WARNING - No viable dags retrieved from /Library/Frameworks/Python.framework/Versions/3.8/lib/python3.8/site-packages/airflow/example_dags/plugins/listener_plugin.py
[2024-11-28T11:49:21.484-0600] {processor.py:208} INFO - Processing /Library/Frameworks/Python.framework/Versions/3.8/lib/python3.8/site-packages/airflow/example_dags/plugins/listener_plugin.py took 0.036 seconds
[2024-11-28T11:50:29.462-0600] {processor.py:186} INFO - Started process (PID=34829) to work on /Library/Frameworks/Python.framework/Versions/3.8/lib/python3.8/site-packages/airflow/example_dags/plugins/listener_plugin.py
[2024-11-28T11:50:29.463-0600] {processor.py:914} INFO - Processing file /Library/Frameworks/Python.framework/Versions/3.8/lib/python3.8/site-packages/airflow/example_dags/plugins/listener_plugin.py for tasks to queue
[2024-11-28T11:50:29.463-0600] {logging_mixin.py:190} INFO - [2024-11-28T11:50:29.463-0600] {dagbag.py:588} INFO - Filling up the DagBag from /Library/Frameworks/Python.framework/Versions/3.8/lib/python3.8/site-packages/airflow/example_dags/plugins/listener_plugin.py
[2024-11-28T11:50:29.464-0600] {processor.py:927} WARNING - No viable dags retrieved from /Library/Frameworks/Python.framework/Versions/3.8/lib/python3.8/site-packages/airflow/example_dags/plugins/listener_plugin.py
[2024-11-28T11:50:29.496-0600] {processor.py:208} INFO - Processing /Library/Frameworks/Python.framework/Versions/3.8/lib/python3.8/site-packages/airflow/example_dags/plugins/listener_plugin.py took 0.035 seconds
[2024-11-28T11:51:36.198-0600] {processor.py:186} INFO - Started process (PID=34954) to work on /Library/Frameworks/Python.framework/Versions/3.8/lib/python3.8/site-packages/airflow/example_dags/plugins/listener_plugin.py
[2024-11-28T11:51:36.198-0600] {processor.py:914} INFO - Processing file /Library/Frameworks/Python.framework/Versions/3.8/lib/python3.8/site-packages/airflow/example_dags/plugins/listener_plugin.py for tasks to queue
[2024-11-28T11:51:36.198-0600] {logging_mixin.py:190} INFO - [2024-11-28T11:51:36.198-0600] {dagbag.py:588} INFO - Filling up the DagBag from /Library/Frameworks/Python.framework/Versions/3.8/lib/python3.8/site-packages/airflow/example_dags/plugins/listener_plugin.py
[2024-11-28T11:51:36.199-0600] {processor.py:927} WARNING - No viable dags retrieved from /Library/Frameworks/Python.framework/Versions/3.8/lib/python3.8/site-packages/airflow/example_dags/plugins/listener_plugin.py
[2024-11-28T11:51:36.230-0600] {processor.py:208} INFO - Processing /Library/Frameworks/Python.framework/Versions/3.8/lib/python3.8/site-packages/airflow/example_dags/plugins/listener_plugin.py took 0.034 seconds
[2024-11-28T11:52:40.628-0600] {processor.py:186} INFO - Started process (PID=35081) to work on /Library/Frameworks/Python.framework/Versions/3.8/lib/python3.8/site-packages/airflow/example_dags/plugins/listener_plugin.py
[2024-11-28T11:52:40.629-0600] {processor.py:914} INFO - Processing file /Library/Frameworks/Python.framework/Versions/3.8/lib/python3.8/site-packages/airflow/example_dags/plugins/listener_plugin.py for tasks to queue
[2024-11-28T11:52:40.630-0600] {logging_mixin.py:190} INFO - [2024-11-28T11:52:40.630-0600] {dagbag.py:588} INFO - Filling up the DagBag from /Library/Frameworks/Python.framework/Versions/3.8/lib/python3.8/site-packages/airflow/example_dags/plugins/listener_plugin.py
[2024-11-28T11:52:40.630-0600] {processor.py:927} WARNING - No viable dags retrieved from /Library/Frameworks/Python.framework/Versions/3.8/lib/python3.8/site-packages/airflow/example_dags/plugins/listener_plugin.py
[2024-11-28T11:52:40.661-0600] {processor.py:208} INFO - Processing /Library/Frameworks/Python.framework/Versions/3.8/lib/python3.8/site-packages/airflow/example_dags/plugins/listener_plugin.py took 0.035 seconds
[2024-11-28T11:53:48.349-0600] {processor.py:186} INFO - Started process (PID=35239) to work on /Library/Frameworks/Python.framework/Versions/3.8/lib/python3.8/site-packages/airflow/example_dags/plugins/listener_plugin.py
[2024-11-28T11:53:48.350-0600] {processor.py:914} INFO - Processing file /Library/Frameworks/Python.framework/Versions/3.8/lib/python3.8/site-packages/airflow/example_dags/plugins/listener_plugin.py for tasks to queue
[2024-11-28T11:53:48.350-0600] {logging_mixin.py:190} INFO - [2024-11-28T11:53:48.350-0600] {dagbag.py:588} INFO - Filling up the DagBag from /Library/Frameworks/Python.framework/Versions/3.8/lib/python3.8/site-packages/airflow/example_dags/plugins/listener_plugin.py
[2024-11-28T11:53:48.351-0600] {processor.py:927} WARNING - No viable dags retrieved from /Library/Frameworks/Python.framework/Versions/3.8/lib/python3.8/site-packages/airflow/example_dags/plugins/listener_plugin.py
[2024-11-28T11:53:48.381-0600] {processor.py:208} INFO - Processing /Library/Frameworks/Python.framework/Versions/3.8/lib/python3.8/site-packages/airflow/example_dags/plugins/listener_plugin.py took 0.033 seconds
[2024-11-28T11:54:53.219-0600] {processor.py:186} INFO - Started process (PID=35374) to work on /Library/Frameworks/Python.framework/Versions/3.8/lib/python3.8/site-packages/airflow/example_dags/plugins/listener_plugin.py
[2024-11-28T11:54:53.219-0600] {processor.py:914} INFO - Processing file /Library/Frameworks/Python.framework/Versions/3.8/lib/python3.8/site-packages/airflow/example_dags/plugins/listener_plugin.py for tasks to queue
[2024-11-28T11:54:53.220-0600] {logging_mixin.py:190} INFO - [2024-11-28T11:54:53.220-0600] {dagbag.py:588} INFO - Filling up the DagBag from /Library/Frameworks/Python.framework/Versions/3.8/lib/python3.8/site-packages/airflow/example_dags/plugins/listener_plugin.py
[2024-11-28T11:54:53.220-0600] {processor.py:927} WARNING - No viable dags retrieved from /Library/Frameworks/Python.framework/Versions/3.8/lib/python3.8/site-packages/airflow/example_dags/plugins/listener_plugin.py
[2024-11-28T11:54:53.251-0600] {processor.py:208} INFO - Processing /Library/Frameworks/Python.framework/Versions/3.8/lib/python3.8/site-packages/airflow/example_dags/plugins/listener_plugin.py took 0.034 seconds
[2024-11-28T11:55:59.418-0600] {processor.py:186} INFO - Started process (PID=35497) to work on /Library/Frameworks/Python.framework/Versions/3.8/lib/python3.8/site-packages/airflow/example_dags/plugins/listener_plugin.py
[2024-11-28T11:55:59.419-0600] {processor.py:914} INFO - Processing file /Library/Frameworks/Python.framework/Versions/3.8/lib/python3.8/site-packages/airflow/example_dags/plugins/listener_plugin.py for tasks to queue
[2024-11-28T11:55:59.419-0600] {logging_mixin.py:190} INFO - [2024-11-28T11:55:59.419-0600] {dagbag.py:588} INFO - Filling up the DagBag from /Library/Frameworks/Python.framework/Versions/3.8/lib/python3.8/site-packages/airflow/example_dags/plugins/listener_plugin.py
[2024-11-28T11:55:59.420-0600] {processor.py:927} WARNING - No viable dags retrieved from /Library/Frameworks/Python.framework/Versions/3.8/lib/python3.8/site-packages/airflow/example_dags/plugins/listener_plugin.py
[2024-11-28T11:55:59.451-0600] {processor.py:208} INFO - Processing /Library/Frameworks/Python.framework/Versions/3.8/lib/python3.8/site-packages/airflow/example_dags/plugins/listener_plugin.py took 0.033 seconds
[2024-11-28T11:57:08.950-0600] {processor.py:186} INFO - Started process (PID=35633) to work on /Library/Frameworks/Python.framework/Versions/3.8/lib/python3.8/site-packages/airflow/example_dags/plugins/listener_plugin.py
[2024-11-28T11:57:08.950-0600] {processor.py:914} INFO - Processing file /Library/Frameworks/Python.framework/Versions/3.8/lib/python3.8/site-packages/airflow/example_dags/plugins/listener_plugin.py for tasks to queue
[2024-11-28T11:57:08.951-0600] {logging_mixin.py:190} INFO - [2024-11-28T11:57:08.951-0600] {dagbag.py:588} INFO - Filling up the DagBag from /Library/Frameworks/Python.framework/Versions/3.8/lib/python3.8/site-packages/airflow/example_dags/plugins/listener_plugin.py
[2024-11-28T11:57:08.952-0600] {processor.py:927} WARNING - No viable dags retrieved from /Library/Frameworks/Python.framework/Versions/3.8/lib/python3.8/site-packages/airflow/example_dags/plugins/listener_plugin.py
[2024-11-28T11:57:08.984-0600] {processor.py:208} INFO - Processing /Library/Frameworks/Python.framework/Versions/3.8/lib/python3.8/site-packages/airflow/example_dags/plugins/listener_plugin.py took 0.036 seconds
[2024-11-28T11:58:15.003-0600] {processor.py:186} INFO - Started process (PID=35758) to work on /Library/Frameworks/Python.framework/Versions/3.8/lib/python3.8/site-packages/airflow/example_dags/plugins/listener_plugin.py
[2024-11-28T11:58:15.003-0600] {processor.py:914} INFO - Processing file /Library/Frameworks/Python.framework/Versions/3.8/lib/python3.8/site-packages/airflow/example_dags/plugins/listener_plugin.py for tasks to queue
[2024-11-28T11:58:15.004-0600] {logging_mixin.py:190} INFO - [2024-11-28T11:58:15.004-0600] {dagbag.py:588} INFO - Filling up the DagBag from /Library/Frameworks/Python.framework/Versions/3.8/lib/python3.8/site-packages/airflow/example_dags/plugins/listener_plugin.py
[2024-11-28T11:58:15.004-0600] {processor.py:927} WARNING - No viable dags retrieved from /Library/Frameworks/Python.framework/Versions/3.8/lib/python3.8/site-packages/airflow/example_dags/plugins/listener_plugin.py
[2024-11-28T11:58:15.036-0600] {processor.py:208} INFO - Processing /Library/Frameworks/Python.framework/Versions/3.8/lib/python3.8/site-packages/airflow/example_dags/plugins/listener_plugin.py took 0.034 seconds
[2024-11-28T11:59:23.122-0600] {processor.py:186} INFO - Started process (PID=35883) to work on /Library/Frameworks/Python.framework/Versions/3.8/lib/python3.8/site-packages/airflow/example_dags/plugins/listener_plugin.py
[2024-11-28T11:59:23.123-0600] {processor.py:914} INFO - Processing file /Library/Frameworks/Python.framework/Versions/3.8/lib/python3.8/site-packages/airflow/example_dags/plugins/listener_plugin.py for tasks to queue
[2024-11-28T11:59:23.123-0600] {logging_mixin.py:190} INFO - [2024-11-28T11:59:23.123-0600] {dagbag.py:588} INFO - Filling up the DagBag from /Library/Frameworks/Python.framework/Versions/3.8/lib/python3.8/site-packages/airflow/example_dags/plugins/listener_plugin.py
[2024-11-28T11:59:23.124-0600] {processor.py:927} WARNING - No viable dags retrieved from /Library/Frameworks/Python.framework/Versions/3.8/lib/python3.8/site-packages/airflow/example_dags/plugins/listener_plugin.py
[2024-11-28T11:59:23.155-0600] {processor.py:208} INFO - Processing /Library/Frameworks/Python.framework/Versions/3.8/lib/python3.8/site-packages/airflow/example_dags/plugins/listener_plugin.py took 0.035 seconds
[2024-11-28T12:00:31.751-0600] {processor.py:186} INFO - Started process (PID=36011) to work on /Library/Frameworks/Python.framework/Versions/3.8/lib/python3.8/site-packages/airflow/example_dags/plugins/listener_plugin.py
[2024-11-28T12:00:31.751-0600] {processor.py:914} INFO - Processing file /Library/Frameworks/Python.framework/Versions/3.8/lib/python3.8/site-packages/airflow/example_dags/plugins/listener_plugin.py for tasks to queue
[2024-11-28T12:00:31.751-0600] {logging_mixin.py:190} INFO - [2024-11-28T12:00:31.751-0600] {dagbag.py:588} INFO - Filling up the DagBag from /Library/Frameworks/Python.framework/Versions/3.8/lib/python3.8/site-packages/airflow/example_dags/plugins/listener_plugin.py
[2024-11-28T12:00:31.752-0600] {processor.py:927} WARNING - No viable dags retrieved from /Library/Frameworks/Python.framework/Versions/3.8/lib/python3.8/site-packages/airflow/example_dags/plugins/listener_plugin.py
[2024-11-28T12:00:31.784-0600] {processor.py:208} INFO - Processing /Library/Frameworks/Python.framework/Versions/3.8/lib/python3.8/site-packages/airflow/example_dags/plugins/listener_plugin.py took 0.035 seconds
[2024-11-28T12:01:37.950-0600] {processor.py:186} INFO - Started process (PID=36139) to work on /Library/Frameworks/Python.framework/Versions/3.8/lib/python3.8/site-packages/airflow/example_dags/plugins/listener_plugin.py
[2024-11-28T12:01:37.951-0600] {processor.py:914} INFO - Processing file /Library/Frameworks/Python.framework/Versions/3.8/lib/python3.8/site-packages/airflow/example_dags/plugins/listener_plugin.py for tasks to queue
[2024-11-28T12:01:37.951-0600] {logging_mixin.py:190} INFO - [2024-11-28T12:01:37.951-0600] {dagbag.py:588} INFO - Filling up the DagBag from /Library/Frameworks/Python.framework/Versions/3.8/lib/python3.8/site-packages/airflow/example_dags/plugins/listener_plugin.py
[2024-11-28T12:01:37.952-0600] {processor.py:927} WARNING - No viable dags retrieved from /Library/Frameworks/Python.framework/Versions/3.8/lib/python3.8/site-packages/airflow/example_dags/plugins/listener_plugin.py
[2024-11-28T12:01:37.983-0600] {processor.py:208} INFO - Processing /Library/Frameworks/Python.framework/Versions/3.8/lib/python3.8/site-packages/airflow/example_dags/plugins/listener_plugin.py took 0.035 seconds
[2024-11-28T12:02:44.729-0600] {processor.py:186} INFO - Started process (PID=36261) to work on /Library/Frameworks/Python.framework/Versions/3.8/lib/python3.8/site-packages/airflow/example_dags/plugins/listener_plugin.py
[2024-11-28T12:02:44.731-0600] {processor.py:914} INFO - Processing file /Library/Frameworks/Python.framework/Versions/3.8/lib/python3.8/site-packages/airflow/example_dags/plugins/listener_plugin.py for tasks to queue
[2024-11-28T12:02:44.731-0600] {logging_mixin.py:190} INFO - [2024-11-28T12:02:44.731-0600] {dagbag.py:588} INFO - Filling up the DagBag from /Library/Frameworks/Python.framework/Versions/3.8/lib/python3.8/site-packages/airflow/example_dags/plugins/listener_plugin.py
[2024-11-28T12:02:44.732-0600] {processor.py:927} WARNING - No viable dags retrieved from /Library/Frameworks/Python.framework/Versions/3.8/lib/python3.8/site-packages/airflow/example_dags/plugins/listener_plugin.py
[2024-11-28T12:02:44.763-0600] {processor.py:208} INFO - Processing /Library/Frameworks/Python.framework/Versions/3.8/lib/python3.8/site-packages/airflow/example_dags/plugins/listener_plugin.py took 0.034 seconds
[2024-11-28T12:03:51.601-0600] {processor.py:186} INFO - Started process (PID=36386) to work on /Library/Frameworks/Python.framework/Versions/3.8/lib/python3.8/site-packages/airflow/example_dags/plugins/listener_plugin.py
[2024-11-28T12:03:51.602-0600] {processor.py:914} INFO - Processing file /Library/Frameworks/Python.framework/Versions/3.8/lib/python3.8/site-packages/airflow/example_dags/plugins/listener_plugin.py for tasks to queue
[2024-11-28T12:03:51.602-0600] {logging_mixin.py:190} INFO - [2024-11-28T12:03:51.602-0600] {dagbag.py:588} INFO - Filling up the DagBag from /Library/Frameworks/Python.framework/Versions/3.8/lib/python3.8/site-packages/airflow/example_dags/plugins/listener_plugin.py
[2024-11-28T12:03:51.604-0600] {processor.py:927} WARNING - No viable dags retrieved from /Library/Frameworks/Python.framework/Versions/3.8/lib/python3.8/site-packages/airflow/example_dags/plugins/listener_plugin.py
[2024-11-28T12:03:51.635-0600] {processor.py:208} INFO - Processing /Library/Frameworks/Python.framework/Versions/3.8/lib/python3.8/site-packages/airflow/example_dags/plugins/listener_plugin.py took 0.035 seconds
[2024-11-28T12:04:59.842-0600] {processor.py:186} INFO - Started process (PID=36515) to work on /Library/Frameworks/Python.framework/Versions/3.8/lib/python3.8/site-packages/airflow/example_dags/plugins/listener_plugin.py
[2024-11-28T12:04:59.843-0600] {processor.py:914} INFO - Processing file /Library/Frameworks/Python.framework/Versions/3.8/lib/python3.8/site-packages/airflow/example_dags/plugins/listener_plugin.py for tasks to queue
[2024-11-28T12:04:59.843-0600] {logging_mixin.py:190} INFO - [2024-11-28T12:04:59.843-0600] {dagbag.py:588} INFO - Filling up the DagBag from /Library/Frameworks/Python.framework/Versions/3.8/lib/python3.8/site-packages/airflow/example_dags/plugins/listener_plugin.py
[2024-11-28T12:04:59.844-0600] {processor.py:927} WARNING - No viable dags retrieved from /Library/Frameworks/Python.framework/Versions/3.8/lib/python3.8/site-packages/airflow/example_dags/plugins/listener_plugin.py
[2024-11-28T12:04:59.876-0600] {processor.py:208} INFO - Processing /Library/Frameworks/Python.framework/Versions/3.8/lib/python3.8/site-packages/airflow/example_dags/plugins/listener_plugin.py took 0.035 seconds
[2024-11-28T12:06:03.607-0600] {processor.py:186} INFO - Started process (PID=36639) to work on /Library/Frameworks/Python.framework/Versions/3.8/lib/python3.8/site-packages/airflow/example_dags/plugins/listener_plugin.py
[2024-11-28T12:06:03.607-0600] {processor.py:914} INFO - Processing file /Library/Frameworks/Python.framework/Versions/3.8/lib/python3.8/site-packages/airflow/example_dags/plugins/listener_plugin.py for tasks to queue
[2024-11-28T12:06:03.608-0600] {logging_mixin.py:190} INFO - [2024-11-28T12:06:03.608-0600] {dagbag.py:588} INFO - Filling up the DagBag from /Library/Frameworks/Python.framework/Versions/3.8/lib/python3.8/site-packages/airflow/example_dags/plugins/listener_plugin.py
[2024-11-28T12:06:03.608-0600] {processor.py:927} WARNING - No viable dags retrieved from /Library/Frameworks/Python.framework/Versions/3.8/lib/python3.8/site-packages/airflow/example_dags/plugins/listener_plugin.py
[2024-11-28T12:06:03.639-0600] {processor.py:208} INFO - Processing /Library/Frameworks/Python.framework/Versions/3.8/lib/python3.8/site-packages/airflow/example_dags/plugins/listener_plugin.py took 0.033 seconds
[2024-11-28T12:07:07.928-0600] {processor.py:186} INFO - Started process (PID=36760) to work on /Library/Frameworks/Python.framework/Versions/3.8/lib/python3.8/site-packages/airflow/example_dags/plugins/listener_plugin.py
[2024-11-28T12:07:07.929-0600] {processor.py:914} INFO - Processing file /Library/Frameworks/Python.framework/Versions/3.8/lib/python3.8/site-packages/airflow/example_dags/plugins/listener_plugin.py for tasks to queue
[2024-11-28T12:07:07.930-0600] {logging_mixin.py:190} INFO - [2024-11-28T12:07:07.930-0600] {dagbag.py:588} INFO - Filling up the DagBag from /Library/Frameworks/Python.framework/Versions/3.8/lib/python3.8/site-packages/airflow/example_dags/plugins/listener_plugin.py
[2024-11-28T12:07:07.931-0600] {processor.py:927} WARNING - No viable dags retrieved from /Library/Frameworks/Python.framework/Versions/3.8/lib/python3.8/site-packages/airflow/example_dags/plugins/listener_plugin.py
[2024-11-28T12:07:07.963-0600] {processor.py:208} INFO - Processing /Library/Frameworks/Python.framework/Versions/3.8/lib/python3.8/site-packages/airflow/example_dags/plugins/listener_plugin.py took 0.036 seconds
[2024-11-28T12:08:13.545-0600] {processor.py:186} INFO - Started process (PID=36879) to work on /Library/Frameworks/Python.framework/Versions/3.8/lib/python3.8/site-packages/airflow/example_dags/plugins/listener_plugin.py
[2024-11-28T12:08:13.546-0600] {processor.py:914} INFO - Processing file /Library/Frameworks/Python.framework/Versions/3.8/lib/python3.8/site-packages/airflow/example_dags/plugins/listener_plugin.py for tasks to queue
[2024-11-28T12:08:13.546-0600] {logging_mixin.py:190} INFO - [2024-11-28T12:08:13.546-0600] {dagbag.py:588} INFO - Filling up the DagBag from /Library/Frameworks/Python.framework/Versions/3.8/lib/python3.8/site-packages/airflow/example_dags/plugins/listener_plugin.py
[2024-11-28T12:08:13.548-0600] {processor.py:927} WARNING - No viable dags retrieved from /Library/Frameworks/Python.framework/Versions/3.8/lib/python3.8/site-packages/airflow/example_dags/plugins/listener_plugin.py
[2024-11-28T12:08:13.579-0600] {processor.py:208} INFO - Processing /Library/Frameworks/Python.framework/Versions/3.8/lib/python3.8/site-packages/airflow/example_dags/plugins/listener_plugin.py took 0.035 seconds
[2024-11-28T12:09:23.202-0600] {processor.py:186} INFO - Started process (PID=37006) to work on /Library/Frameworks/Python.framework/Versions/3.8/lib/python3.8/site-packages/airflow/example_dags/plugins/listener_plugin.py
[2024-11-28T12:09:23.202-0600] {processor.py:914} INFO - Processing file /Library/Frameworks/Python.framework/Versions/3.8/lib/python3.8/site-packages/airflow/example_dags/plugins/listener_plugin.py for tasks to queue
[2024-11-28T12:09:23.203-0600] {logging_mixin.py:190} INFO - [2024-11-28T12:09:23.203-0600] {dagbag.py:588} INFO - Filling up the DagBag from /Library/Frameworks/Python.framework/Versions/3.8/lib/python3.8/site-packages/airflow/example_dags/plugins/listener_plugin.py
[2024-11-28T12:09:23.204-0600] {processor.py:927} WARNING - No viable dags retrieved from /Library/Frameworks/Python.framework/Versions/3.8/lib/python3.8/site-packages/airflow/example_dags/plugins/listener_plugin.py
[2024-11-28T12:09:23.236-0600] {processor.py:208} INFO - Processing /Library/Frameworks/Python.framework/Versions/3.8/lib/python3.8/site-packages/airflow/example_dags/plugins/listener_plugin.py took 0.036 seconds
[2024-11-28T12:10:32.776-0600] {processor.py:186} INFO - Started process (PID=37143) to work on /Library/Frameworks/Python.framework/Versions/3.8/lib/python3.8/site-packages/airflow/example_dags/plugins/listener_plugin.py
[2024-11-28T12:10:32.777-0600] {processor.py:914} INFO - Processing file /Library/Frameworks/Python.framework/Versions/3.8/lib/python3.8/site-packages/airflow/example_dags/plugins/listener_plugin.py for tasks to queue
[2024-11-28T12:10:32.778-0600] {logging_mixin.py:190} INFO - [2024-11-28T12:10:32.778-0600] {dagbag.py:588} INFO - Filling up the DagBag from /Library/Frameworks/Python.framework/Versions/3.8/lib/python3.8/site-packages/airflow/example_dags/plugins/listener_plugin.py
[2024-11-28T12:10:32.779-0600] {processor.py:927} WARNING - No viable dags retrieved from /Library/Frameworks/Python.framework/Versions/3.8/lib/python3.8/site-packages/airflow/example_dags/plugins/listener_plugin.py
[2024-11-28T12:10:32.810-0600] {processor.py:208} INFO - Processing /Library/Frameworks/Python.framework/Versions/3.8/lib/python3.8/site-packages/airflow/example_dags/plugins/listener_plugin.py took 0.035 seconds
[2024-11-28T12:11:40.421-0600] {processor.py:186} INFO - Started process (PID=37299) to work on /Library/Frameworks/Python.framework/Versions/3.8/lib/python3.8/site-packages/airflow/example_dags/plugins/listener_plugin.py
[2024-11-28T12:11:40.422-0600] {processor.py:914} INFO - Processing file /Library/Frameworks/Python.framework/Versions/3.8/lib/python3.8/site-packages/airflow/example_dags/plugins/listener_plugin.py for tasks to queue
[2024-11-28T12:11:40.422-0600] {logging_mixin.py:190} INFO - [2024-11-28T12:11:40.422-0600] {dagbag.py:588} INFO - Filling up the DagBag from /Library/Frameworks/Python.framework/Versions/3.8/lib/python3.8/site-packages/airflow/example_dags/plugins/listener_plugin.py
[2024-11-28T12:11:40.423-0600] {processor.py:927} WARNING - No viable dags retrieved from /Library/Frameworks/Python.framework/Versions/3.8/lib/python3.8/site-packages/airflow/example_dags/plugins/listener_plugin.py
[2024-11-28T12:11:40.455-0600] {processor.py:208} INFO - Processing /Library/Frameworks/Python.framework/Versions/3.8/lib/python3.8/site-packages/airflow/example_dags/plugins/listener_plugin.py took 0.036 seconds
