[2024-11-28T19:36:27.897-0600] {processor.py:186} INFO - Started process (PID=39193) to work on /Library/Frameworks/Python.framework/Versions/3.8/lib/python3.8/site-packages/airflow/example_dags/subdags/subdag.py
[2024-11-28T19:36:27.897-0600] {processor.py:914} INFO - Processing file /Library/Frameworks/Python.framework/Versions/3.8/lib/python3.8/site-packages/airflow/example_dags/subdags/subdag.py for tasks to queue
[2024-11-28T19:36:27.897-0600] {logging_mixin.py:190} INFO - [2024-11-28T19:36:27.897-0600] {dagbag.py:588} INFO - Filling up the DagBag from /Library/Frameworks/Python.framework/Versions/3.8/lib/python3.8/site-packages/airflow/example_dags/subdags/subdag.py
[2024-11-28T19:36:27.898-0600] {processor.py:927} WARNING - No viable dags retrieved from /Library/Frameworks/Python.framework/Versions/3.8/lib/python3.8/site-packages/airflow/example_dags/subdags/subdag.py
[2024-11-28T19:36:27.928-0600] {processor.py:208} INFO - Processing /Library/Frameworks/Python.framework/Versions/3.8/lib/python3.8/site-packages/airflow/example_dags/subdags/subdag.py took 0.032 seconds
[2024-11-28T19:38:04.032-0600] {processor.py:186} INFO - Started process (PID=39397) to work on /Library/Frameworks/Python.framework/Versions/3.8/lib/python3.8/site-packages/airflow/example_dags/subdags/subdag.py
[2024-11-28T19:38:04.033-0600] {processor.py:914} INFO - Processing file /Library/Frameworks/Python.framework/Versions/3.8/lib/python3.8/site-packages/airflow/example_dags/subdags/subdag.py for tasks to queue
[2024-11-28T19:38:04.033-0600] {logging_mixin.py:190} INFO - [2024-11-28T19:38:04.033-0600] {dagbag.py:588} INFO - Filling up the DagBag from /Library/Frameworks/Python.framework/Versions/3.8/lib/python3.8/site-packages/airflow/example_dags/subdags/subdag.py
[2024-11-28T19:38:04.034-0600] {processor.py:927} WARNING - No viable dags retrieved from /Library/Frameworks/Python.framework/Versions/3.8/lib/python3.8/site-packages/airflow/example_dags/subdags/subdag.py
[2024-11-28T19:38:04.065-0600] {processor.py:208} INFO - Processing /Library/Frameworks/Python.framework/Versions/3.8/lib/python3.8/site-packages/airflow/example_dags/subdags/subdag.py took 0.035 seconds
[2024-11-28T19:39:07.039-0600] {processor.py:186} INFO - Started process (PID=39520) to work on /Library/Frameworks/Python.framework/Versions/3.8/lib/python3.8/site-packages/airflow/example_dags/subdags/subdag.py
[2024-11-28T19:39:07.040-0600] {processor.py:914} INFO - Processing file /Library/Frameworks/Python.framework/Versions/3.8/lib/python3.8/site-packages/airflow/example_dags/subdags/subdag.py for tasks to queue
[2024-11-28T19:39:07.040-0600] {logging_mixin.py:190} INFO - [2024-11-28T19:39:07.040-0600] {dagbag.py:588} INFO - Filling up the DagBag from /Library/Frameworks/Python.framework/Versions/3.8/lib/python3.8/site-packages/airflow/example_dags/subdags/subdag.py
[2024-11-28T19:39:07.041-0600] {processor.py:927} WARNING - No viable dags retrieved from /Library/Frameworks/Python.framework/Versions/3.8/lib/python3.8/site-packages/airflow/example_dags/subdags/subdag.py
[2024-11-28T19:39:07.072-0600] {processor.py:208} INFO - Processing /Library/Frameworks/Python.framework/Versions/3.8/lib/python3.8/site-packages/airflow/example_dags/subdags/subdag.py took 0.034 seconds
[2024-11-28T19:40:09.362-0600] {processor.py:186} INFO - Started process (PID=39651) to work on /Library/Frameworks/Python.framework/Versions/3.8/lib/python3.8/site-packages/airflow/example_dags/subdags/subdag.py
[2024-11-28T19:40:09.363-0600] {processor.py:914} INFO - Processing file /Library/Frameworks/Python.framework/Versions/3.8/lib/python3.8/site-packages/airflow/example_dags/subdags/subdag.py for tasks to queue
[2024-11-28T19:40:09.363-0600] {logging_mixin.py:190} INFO - [2024-11-28T19:40:09.363-0600] {dagbag.py:588} INFO - Filling up the DagBag from /Library/Frameworks/Python.framework/Versions/3.8/lib/python3.8/site-packages/airflow/example_dags/subdags/subdag.py
[2024-11-28T19:40:09.364-0600] {processor.py:927} WARNING - No viable dags retrieved from /Library/Frameworks/Python.framework/Versions/3.8/lib/python3.8/site-packages/airflow/example_dags/subdags/subdag.py
[2024-11-28T19:40:09.395-0600] {processor.py:208} INFO - Processing /Library/Frameworks/Python.framework/Versions/3.8/lib/python3.8/site-packages/airflow/example_dags/subdags/subdag.py took 0.034 seconds
