[2024-11-28T23:26:38.976-0600] {local_task_job_runner.py:123} INFO - ::group::Pre task execution logs
[2024-11-28T23:26:38.980-0600] {taskinstance.py:2613} INFO - Dependencies all met for dep_context=non-requeueable deps ti=<TaskInstance: youtube_data_pipeline.extract_youtube_data manual__2024-11-29T05:26:37.253319+00:00 [queued]>
[2024-11-28T23:26:38.982-0600] {taskinstance.py:2613} INFO - Dependencies all met for dep_context=requeueable deps ti=<TaskInstance: youtube_data_pipeline.extract_youtube_data manual__2024-11-29T05:26:37.253319+00:00 [queued]>
[2024-11-28T23:26:38.982-0600] {taskinstance.py:2866} INFO - Starting attempt 1 of 2
[2024-11-28T23:26:38.985-0600] {taskinstance.py:2889} INFO - Executing <Task(PythonOperator): extract_youtube_data> on 2024-11-29 05:26:37.253319+00:00
[2024-11-28T23:26:38.987-0600] {standard_task_runner.py:72} INFO - Started process 41345 to run task
[2024-11-28T23:26:38.990-0600] {standard_task_runner.py:104} INFO - Running: ['airflow', 'tasks', 'run', 'youtube_data_pipeline', 'extract_youtube_data', 'manual__2024-11-29T05:26:37.253319+00:00', '--job-id', '22', '--raw', '--subdir', 'DAGS_FOLDER/youtube_data_pipeline.py', '--cfg-path', '/var/folders/zs/sf3lbkjd0p58grc25nrggk1h0000gn/T/tmppgqe_y6e']
[2024-11-28T23:26:38.991-0600] {standard_task_runner.py:105} INFO - Job 22: Subtask extract_youtube_data
[2024-11-28T23:26:39.004-0600] {task_command.py:467} INFO - Running <TaskInstance: youtube_data_pipeline.extract_youtube_data manual__2024-11-29T05:26:37.253319+00:00 [running]> on host mac.attlocal.net
[2024-11-28T23:26:39.024-0600] {taskinstance.py:3132} INFO - Exporting env vars: AIRFLOW_CTX_DAG_OWNER='airflow' AIRFLOW_CTX_DAG_ID='youtube_data_pipeline' AIRFLOW_CTX_TASK_ID='extract_youtube_data' AIRFLOW_CTX_EXECUTION_DATE='2024-11-29T05:26:37.253319+00:00' AIRFLOW_CTX_TRY_NUMBER='1' AIRFLOW_CTX_DAG_RUN_ID='manual__2024-11-29T05:26:37.253319+00:00'
[2024-11-28T23:26:39.024-0600] {taskinstance.py:731} INFO - ::endgroup::
[2024-11-28T23:26:39.033-0600] {__init__.py:49} INFO - file_cache is only supported with oauth2client<4.0.0
[2024-11-28T23:26:39.171-0600] {logging_mixin.py:190} INFO - Raw data saved to /Users/beprathap/airflow/dags/data/raw/channel_stats_20241128_232639.json
[2024-11-28T23:26:39.549-0600] {logging_mixin.py:190} INFO - Retrieved video details for channel UClFSU9_bUb4Rc6OYfTt5SPw
[2024-11-28T23:26:39.927-0600] {logging_mixin.py:190} INFO - Retrieved video details for channel UCX6OQ3DkcsbYNE6H8uQQuVA
[2024-11-28T23:26:40.377-0600] {logging_mixin.py:190} INFO - Retrieved video details for channel UCsooa4yRKGN_zEE8iknghZA
[2024-11-28T23:26:40.851-0600] {logging_mixin.py:190} INFO - Retrieved video details for channel UCh9IfI45mmk59eDvSWtuuhQ
[2024-11-28T23:26:41.376-0600] {logging_mixin.py:190} INFO - Retrieved video details for channel UCBJycsmduvYEL83R_U4JriQ
[2024-11-28T23:26:41.799-0600] {logging_mixin.py:190} INFO - Retrieved video details for channel UC4rlAVgAK0SGk-yTfe48Qpw
[2024-11-28T23:26:42.299-0600] {logging_mixin.py:190} INFO - Retrieved video details for channel UC0v-tlzsn0QZwJnkiaUSJVQ
[2024-11-28T23:26:42.687-0600] {logging_mixin.py:190} INFO - Retrieved video details for channel UCzQUP1qoWDoEbmsQxvdjxgQ
[2024-11-28T23:26:43.102-0600] {logging_mixin.py:190} INFO - Retrieved video details for channel UCoYATiiqNT7csPFqtWWfc5w
[2024-11-28T23:26:43.438-0600] {logging_mixin.py:190} INFO - Retrieved video details for channel UC-lHJZR3Gqxm24_Vd_AJ5Yw
[2024-11-28T23:26:43.920-0600] {logging_mixin.py:190} INFO - Retrieved video details for channel UCq-Fj5jknLsUf-MWSy4_brA
[2024-11-28T23:26:44.053-0600] {logging_mixin.py:190} INFO - Retrieved comments for video Vjwk7SLtn6E
[2024-11-28T23:26:44.196-0600] {logging_mixin.py:190} INFO - Retrieved comments for video BSiqL1lnWaY
[2024-11-28T23:26:44.331-0600] {logging_mixin.py:190} INFO - Retrieved comments for video 81xsD8eIX2I
[2024-11-28T23:26:44.478-0600] {logging_mixin.py:190} INFO - Retrieved comments for video T1K66vQAlAk
[2024-11-28T23:26:44.591-0600] {logging_mixin.py:190} INFO - Retrieved comments for video 2G1dJbImnSM
[2024-11-28T23:26:44.783-0600] {logging_mixin.py:190} INFO - Retrieved comments for video Hh7QedJ1kPs
[2024-11-28T23:26:45.074-0600] {logging_mixin.py:190} INFO - Retrieved comments for video Xe26rdkZISg
[2024-11-28T23:26:45.184-0600] {logging_mixin.py:190} INFO - Retrieved comments for video b1wzT5K7tEU
[2024-11-28T23:26:45.344-0600] {logging_mixin.py:190} INFO - Retrieved comments for video qZGyAEjfAVI
[2024-11-28T23:26:45.492-0600] {logging_mixin.py:190} INFO - Retrieved comments for video K9hxNTjqT4E
[2024-11-28T23:26:45.632-0600] {logging_mixin.py:190} INFO - Retrieved comments for video yf_C8penA9k
[2024-11-28T23:26:45.726-0600] {logging_mixin.py:190} INFO - Retrieved comments for video dc089EZRGcg
[2024-11-28T23:26:45.875-0600] {logging_mixin.py:190} INFO - Retrieved comments for video I9mw5UlDyPI
[2024-11-28T23:26:45.987-0600] {logging_mixin.py:190} INFO - Retrieved comments for video Xj0Jtjg3lHQ
[2024-11-28T23:26:46.117-0600] {logging_mixin.py:190} INFO - Retrieved comments for video 9UtcHPCEBgg
[2024-11-28T23:26:46.292-0600] {logging_mixin.py:190} INFO - Retrieved comments for video ZNt_GoOBHq8
[2024-11-28T23:26:46.429-0600] {logging_mixin.py:190} INFO - Retrieved comments for video bn0Kh9c4Zv4
[2024-11-28T23:26:46.579-0600] {logging_mixin.py:190} INFO - Retrieved comments for video dDVFnfCwjHA
[2024-11-28T23:26:46.747-0600] {logging_mixin.py:190} INFO - Retrieved comments for video Kt2HvqRruHQ
[2024-11-28T23:26:46.840-0600] {logging_mixin.py:190} INFO - Retrieved comments for video snX5YyflrGw
[2024-11-28T23:26:46.936-0600] {logging_mixin.py:190} INFO - Retrieved comments for video idrbwnWLJ7w
[2024-11-28T23:26:47.073-0600] {logging_mixin.py:190} INFO - Retrieved comments for video hYo64qPEGw8
[2024-11-28T23:26:47.200-0600] {logging_mixin.py:190} INFO - Retrieved comments for video WJ-XXQCcXik
[2024-11-28T23:26:47.352-0600] {logging_mixin.py:190} INFO - Retrieved comments for video lq8TNKZVEWs
[2024-11-28T23:26:47.573-0600] {logging_mixin.py:190} INFO - Retrieved comments for video tMXjUWvJJto
[2024-11-28T23:26:47.729-0600] {logging_mixin.py:190} INFO - Retrieved comments for video qsc3YZ2S924
[2024-11-28T23:26:47.924-0600] {logging_mixin.py:190} INFO - Retrieved comments for video IdWXT391FJE
[2024-11-28T23:26:48.140-0600] {logging_mixin.py:190} INFO - Retrieved comments for video Bgc1C1xI2dA
[2024-11-28T23:26:48.287-0600] {logging_mixin.py:190} INFO - Retrieved comments for video FZc-Y9gqjHI
[2024-11-28T23:26:48.437-0600] {logging_mixin.py:190} INFO - Retrieved comments for video daV-tMnZeIw
[2024-11-28T23:26:48.578-0600] {logging_mixin.py:190} INFO - Retrieved comments for video wXXqaKwsJPA
[2024-11-28T23:26:48.750-0600] {logging_mixin.py:190} INFO - Retrieved comments for video 3FgwfKSniC0
[2024-11-28T23:26:48.896-0600] {logging_mixin.py:190} INFO - Retrieved comments for video J4plrANz61E
[2024-11-28T23:26:49.076-0600] {logging_mixin.py:190} INFO - Retrieved comments for video P8o9TVzqfWk
[2024-11-28T23:26:49.252-0600] {logging_mixin.py:190} INFO - Retrieved comments for video XyZIZZ-_QIk
[2024-11-28T23:26:49.437-0600] {logging_mixin.py:190} INFO - Retrieved comments for video txLDfMzL3kE
[2024-11-28T23:26:49.592-0600] {logging_mixin.py:190} INFO - Retrieved comments for video cPpzfmX8b9c
[2024-11-28T23:26:49.763-0600] {logging_mixin.py:190} INFO - Retrieved comments for video QROPM4sCpnI
[2024-11-28T23:26:49.945-0600] {logging_mixin.py:190} INFO - Retrieved comments for video 3eg6z17etgM
[2024-11-28T23:26:50.161-0600] {logging_mixin.py:190} INFO - Retrieved comments for video 0SFRzpUqCxw
[2024-11-28T23:26:50.256-0600] {logging_mixin.py:190} INFO - Retrieved comments for video l3_nECzo_EA
[2024-11-28T23:26:50.359-0600] {logging_mixin.py:190} INFO - Retrieved comments for video haDjmBT9tu4
[2024-11-28T23:26:50.520-0600] {logging_mixin.py:190} INFO - Retrieved comments for video ZvgZWqaranw
[2024-11-28T23:26:50.807-0600] {logging_mixin.py:190} INFO - Retrieved comments for video fgm5uZaS3-E
[2024-11-28T23:26:50.937-0600] {logging_mixin.py:190} INFO - Retrieved comments for video _9prH7NFmLI
[2024-11-28T23:26:51.081-0600] {logging_mixin.py:190} INFO - Retrieved comments for video qkYoBNdcXBU
[2024-11-28T23:26:51.231-0600] {logging_mixin.py:190} INFO - Retrieved comments for video kkX8_nbBqBQ
[2024-11-28T23:26:51.340-0600] {logging_mixin.py:190} INFO - Retrieved comments for video -T0MGehwWvE
[2024-11-28T23:26:51.472-0600] {logging_mixin.py:190} INFO - Retrieved comments for video ddTV12hErTc
[2024-11-28T23:26:51.578-0600] {logging_mixin.py:190} INFO - Retrieved comments for video HN-WH7C4K0Q
[2024-11-28T23:26:51.687-0600] {logging_mixin.py:190} INFO - Retrieved comments for video wxZ2b1qjs5g
[2024-11-28T23:26:51.773-0600] {logging_mixin.py:190} INFO - Retrieved comments for video 8veXdMO4GQ0
[2024-11-28T23:26:51.927-0600] {logging_mixin.py:190} INFO - Retrieved comments for video UKI8mzdGGbo
[2024-11-28T23:26:52.008-0600] {logging_mixin.py:190} INFO - Retrieved comments for video WfivhXjJFt4
[2024-11-28T23:26:52.175-0600] {logging_mixin.py:190} INFO - Retrieved comments for video kQKiAxwcMOk
[2024-11-28T23:26:52.255-0600] {logging_mixin.py:190} INFO - Retrieved comments for video lT-Npu0dCwI
[2024-11-28T23:26:52.389-0600] {logging_mixin.py:190} INFO - Retrieved comments for video IN4wHscit_w
[2024-11-28T23:26:52.549-0600] {logging_mixin.py:190} INFO - Retrieved comments for video 8wHmZST59SE
[2024-11-28T23:26:52.645-0600] {logging_mixin.py:190} INFO - Retrieved comments for video v6vLkZwHXzA
[2024-11-28T23:26:52.762-0600] {logging_mixin.py:190} INFO - Retrieved comments for video ThLPzYuP4rw
[2024-11-28T23:26:52.835-0600] {logging_mixin.py:190} INFO - Retrieved comments for video HM0yI8adFJI
[2024-11-28T23:26:52.912-0600] {logging_mixin.py:190} INFO - Retrieved comments for video CZNKG3de6Zk
[2024-11-28T23:26:52.990-0600] {logging_mixin.py:190} INFO - Retrieved comments for video 2joHcdjJTbk
[2024-11-28T23:26:53.133-0600] {logging_mixin.py:190} INFO - Retrieved comments for video WEvUqZzwfT0
[2024-11-28T23:26:53.234-0600] {logging_mixin.py:190} INFO - Retrieved comments for video dtagq7YMwyI
[2024-11-28T23:26:53.345-0600] {logging_mixin.py:190} INFO - Retrieved comments for video 5VRo2vcZqH0
[2024-11-28T23:26:53.434-0600] {logging_mixin.py:190} INFO - Retrieved comments for video AjQA-TkqgrE
[2024-11-28T23:26:53.509-0600] {logging_mixin.py:190} INFO - Retrieved comments for video OTLiU5gpmxg
[2024-11-28T23:26:53.595-0600] {logging_mixin.py:190} INFO - Retrieved comments for video uGIr1uEvYLM
[2024-11-28T23:26:53.687-0600] {logging_mixin.py:190} INFO - Retrieved comments for video tU7Ili9-NfQ
[2024-11-28T23:26:53.793-0600] {logging_mixin.py:190} INFO - Retrieved comments for video dpx_2eUyvqc
[2024-11-28T23:26:53.898-0600] {logging_mixin.py:190} INFO - Retrieved comments for video ye8MOfxD5nU
[2024-11-28T23:26:53.998-0600] {logging_mixin.py:190} INFO - Retrieved comments for video bvKNjXawwSc
[2024-11-28T23:26:54.117-0600] {logging_mixin.py:190} INFO - Retrieved comments for video FzPlfjTtxlc
[2024-11-28T23:26:54.249-0600] {logging_mixin.py:190} INFO - Retrieved comments for video SbW6FTU69bw
[2024-11-28T23:26:54.351-0600] {logging_mixin.py:190} INFO - Retrieved comments for video hCepzIrkbDE
[2024-11-28T23:26:54.451-0600] {logging_mixin.py:190} INFO - Retrieved comments for video nN7Xnj9uR1M
[2024-11-28T23:26:54.578-0600] {logging_mixin.py:190} INFO - Retrieved comments for video mZkHwI7cX4Y
[2024-11-28T23:26:54.706-0600] {logging_mixin.py:190} INFO - Retrieved comments for video D_kUi6BsGe4
[2024-11-28T23:26:54.868-0600] {logging_mixin.py:190} INFO - Retrieved comments for video Lr5FEZUCJG8
[2024-11-28T23:26:54.994-0600] {logging_mixin.py:190} INFO - Retrieved comments for video hrxVJhIcPjw
[2024-11-28T23:26:55.063-0600] {logging_mixin.py:190} INFO - Failed to retrieve comments for video 7geKKEdDguc
[2024-11-28T23:26:55.160-0600] {logging_mixin.py:190} INFO - Retrieved comments for video hVI8OK4kNQQ
[2024-11-28T23:26:55.235-0600] {logging_mixin.py:190} INFO - Failed to retrieve comments for video 6n9MoZ3SR-Y
[2024-11-28T23:26:55.347-0600] {logging_mixin.py:190} INFO - Failed to retrieve comments for video q9TEBgfByvQ
[2024-11-28T23:26:55.426-0600] {logging_mixin.py:190} INFO - Failed to retrieve comments for video xptaRSkdgyI
[2024-11-28T23:26:55.499-0600] {logging_mixin.py:190} INFO - Retrieved comments for video Q4rN5s8Iw9k
[2024-11-28T23:26:55.553-0600] {logging_mixin.py:190} INFO - Failed to retrieve comments for video NKhmDCcOADw
[2024-11-28T23:26:55.715-0600] {logging_mixin.py:190} INFO - Retrieved comments for video ovUZmBpdVnc
[2024-11-28T23:26:55.802-0600] {logging_mixin.py:190} INFO - Failed to retrieve comments for video 3tTVp_r2ROI
[2024-11-28T23:26:55.878-0600] {logging_mixin.py:190} INFO - Retrieved comments for video vCqZQOqUiqo
[2024-11-28T23:26:56.080-0600] {logging_mixin.py:190} INFO - Retrieved comments for video mNHgVZPlh5g
[2024-11-28T23:26:56.266-0600] {logging_mixin.py:190} INFO - Retrieved comments for video DEgt25yYidY
[2024-11-28T23:26:56.389-0600] {logging_mixin.py:190} INFO - Retrieved comments for video n2nTd1VbsLM
[2024-11-28T23:26:56.577-0600] {logging_mixin.py:190} INFO - Retrieved comments for video uakp2SrXOwQ
[2024-11-28T23:26:56.764-0600] {logging_mixin.py:190} INFO - Retrieved comments for video vDZHCYCd5Bo
[2024-11-28T23:26:56.961-0600] {logging_mixin.py:190} INFO - Retrieved comments for video D0-IrQY4ix8
[2024-11-28T23:26:57.108-0600] {logging_mixin.py:190} INFO - Retrieved comments for video yNsIh0ciYiI
[2024-11-28T23:26:57.276-0600] {logging_mixin.py:190} INFO - Retrieved comments for video F-yEoHL7MYY
[2024-11-28T23:26:57.445-0600] {logging_mixin.py:190} INFO - Retrieved comments for video -fWXLAkHmxA
[2024-11-28T23:26:57.581-0600] {logging_mixin.py:190} INFO - Retrieved comments for video -V8oOhQQe9c
[2024-11-28T23:26:57.753-0600] {logging_mixin.py:190} INFO - Retrieved comments for video 6jLxaglH5ys
[2024-11-28T23:26:57.999-0600] {logging_mixin.py:190} INFO - Retrieved comments for video VMI6polf-lQ
[2024-11-28T23:26:58.143-0600] {logging_mixin.py:190} INFO - Retrieved comments for video nI1CeeN8tf0
[2024-11-28T23:26:58.268-0600] {logging_mixin.py:190} INFO - Retrieved comments for video lAQFPkng95Q
[2024-11-28T23:26:58.462-0600] {logging_mixin.py:190} INFO - Retrieved comments for video 7n3Ctsy9LAw
[2024-11-28T23:26:58.649-0600] {logging_mixin.py:190} INFO - Retrieved comments for video PS0nQuHfM5U
[2024-11-28T23:26:58.759-0600] {logging_mixin.py:190} INFO - Retrieved comments for video hGQsY3qlVSA
[2024-11-28T23:26:58.872-0600] {logging_mixin.py:190} INFO - Retrieved comments for video YYdtPMHNB6M
[2024-11-28T23:26:59.205-0600] {logging_mixin.py:190} INFO - Retrieved comments for video 063-i44SGNg
[2024-11-28T23:26:59.248-0600] {logging_mixin.py:190} INFO - Video comments saved to /Users/beprathap/airflow/dags/data/raw/video_comments_20241128_232639.json
[2024-11-28T23:27:08.718-0600] {logging_mixin.py:190} INFO - Video categories saved to /Users/beprathap/airflow/dags/data/raw/video_categories_20241128_232639.json
[2024-11-28T23:27:08.724-0600] {python.py:240} INFO - Done. Returned value was: None
[2024-11-28T23:27:08.733-0600] {taskinstance.py:340} INFO - ::group::Post task execution logs
[2024-11-28T23:27:08.735-0600] {taskinstance.py:352} INFO - Marking task as SUCCESS. dag_id=youtube_data_pipeline, task_id=extract_youtube_data, run_id=manual__2024-11-29T05:26:37.253319+00:00, execution_date=20241129T052637, start_date=20241129T052638, end_date=20241129T052708
[2024-11-28T23:27:08.780-0600] {local_task_job_runner.py:266} INFO - Task exited with return code 0
[2024-11-28T23:27:08.789-0600] {taskinstance.py:3895} INFO - 0 downstream tasks scheduled from follow-on schedule check
[2024-11-28T23:27:08.789-0600] {local_task_job_runner.py:245} INFO - ::endgroup::
