[2024-11-26T19:32:31.750-0600] {processor.py:186} INFO - Started process (PID=27702) to work on /Library/Frameworks/Python.framework/Versions/3.8/lib/python3.8/site-packages/airflow/example_dags/example_dag_decorator.py
[2024-11-26T19:32:31.750-0600] {processor.py:914} INFO - Processing file /Library/Frameworks/Python.framework/Versions/3.8/lib/python3.8/site-packages/airflow/example_dags/example_dag_decorator.py for tasks to queue
[2024-11-26T19:32:31.751-0600] {logging_mixin.py:190} INFO - [2024-11-26T19:32:31.750-0600] {dagbag.py:588} INFO - Filling up the DagBag from /Library/Frameworks/Python.framework/Versions/3.8/lib/python3.8/site-packages/airflow/example_dags/example_dag_decorator.py
[2024-11-26T19:32:31.809-0600] {processor.py:925} INFO - DAG(s) 'example_dag_decorator' retrieved from /Library/Frameworks/Python.framework/Versions/3.8/lib/python3.8/site-packages/airflow/example_dags/example_dag_decorator.py
[2024-11-26T19:32:31.882-0600] {logging_mixin.py:190} INFO - [2024-11-26T19:32:31.882-0600] {dag.py:3239} INFO - Sync 1 DAGs
[2024-11-26T19:32:31.885-0600] {logging_mixin.py:190} INFO - [2024-11-26T19:32:31.885-0600] {dag.py:4180} INFO - Setting next_dagrun for example_dag_decorator to None, run_after=None
[2024-11-26T19:32:31.890-0600] {processor.py:208} INFO - Processing /Library/Frameworks/Python.framework/Versions/3.8/lib/python3.8/site-packages/airflow/example_dags/example_dag_decorator.py took 0.142 seconds
[2024-11-26T20:06:22.086-0600] {processor.py:186} INFO - Started process (PID=27892) to work on /Library/Frameworks/Python.framework/Versions/3.8/lib/python3.8/site-packages/airflow/example_dags/example_dag_decorator.py
[2024-11-26T20:06:22.087-0600] {processor.py:914} INFO - Processing file /Library/Frameworks/Python.framework/Versions/3.8/lib/python3.8/site-packages/airflow/example_dags/example_dag_decorator.py for tasks to queue
[2024-11-26T20:06:22.087-0600] {logging_mixin.py:190} INFO - [2024-11-26T20:06:22.087-0600] {dagbag.py:588} INFO - Filling up the DagBag from /Library/Frameworks/Python.framework/Versions/3.8/lib/python3.8/site-packages/airflow/example_dags/example_dag_decorator.py
[2024-11-26T20:06:22.140-0600] {processor.py:925} INFO - DAG(s) 'example_dag_decorator' retrieved from /Library/Frameworks/Python.framework/Versions/3.8/lib/python3.8/site-packages/airflow/example_dags/example_dag_decorator.py
[2024-11-26T20:06:22.209-0600] {logging_mixin.py:190} INFO - [2024-11-26T20:06:22.209-0600] {dag.py:3239} INFO - Sync 1 DAGs
[2024-11-26T20:06:22.212-0600] {logging_mixin.py:190} INFO - [2024-11-26T20:06:22.212-0600] {dag.py:4180} INFO - Setting next_dagrun for example_dag_decorator to None, run_after=None
[2024-11-26T20:06:22.217-0600] {processor.py:208} INFO - Processing /Library/Frameworks/Python.framework/Versions/3.8/lib/python3.8/site-packages/airflow/example_dags/example_dag_decorator.py took 0.133 seconds
[2024-11-26T20:10:30.285-0600] {processor.py:186} INFO - Started process (PID=28163) to work on /Library/Frameworks/Python.framework/Versions/3.8/lib/python3.8/site-packages/airflow/example_dags/example_dag_decorator.py
[2024-11-26T20:10:30.286-0600] {processor.py:914} INFO - Processing file /Library/Frameworks/Python.framework/Versions/3.8/lib/python3.8/site-packages/airflow/example_dags/example_dag_decorator.py for tasks to queue
[2024-11-26T20:10:30.287-0600] {logging_mixin.py:190} INFO - [2024-11-26T20:10:30.287-0600] {dagbag.py:588} INFO - Filling up the DagBag from /Library/Frameworks/Python.framework/Versions/3.8/lib/python3.8/site-packages/airflow/example_dags/example_dag_decorator.py
[2024-11-26T20:10:30.337-0600] {processor.py:925} INFO - DAG(s) 'example_dag_decorator' retrieved from /Library/Frameworks/Python.framework/Versions/3.8/lib/python3.8/site-packages/airflow/example_dags/example_dag_decorator.py
[2024-11-26T20:10:30.395-0600] {logging_mixin.py:190} INFO - [2024-11-26T20:10:30.395-0600] {dag.py:3239} INFO - Sync 1 DAGs
[2024-11-26T20:10:30.399-0600] {logging_mixin.py:190} INFO - [2024-11-26T20:10:30.399-0600] {dag.py:4180} INFO - Setting next_dagrun for example_dag_decorator to None, run_after=None
[2024-11-26T20:10:30.404-0600] {processor.py:208} INFO - Processing /Library/Frameworks/Python.framework/Versions/3.8/lib/python3.8/site-packages/airflow/example_dags/example_dag_decorator.py took 0.120 seconds
[2024-11-26T20:28:15.119-0600] {processor.py:186} INFO - Started process (PID=28404) to work on /Library/Frameworks/Python.framework/Versions/3.8/lib/python3.8/site-packages/airflow/example_dags/example_dag_decorator.py
[2024-11-26T20:28:15.119-0600] {processor.py:914} INFO - Processing file /Library/Frameworks/Python.framework/Versions/3.8/lib/python3.8/site-packages/airflow/example_dags/example_dag_decorator.py for tasks to queue
[2024-11-26T20:28:15.120-0600] {logging_mixin.py:190} INFO - [2024-11-26T20:28:15.120-0600] {dagbag.py:588} INFO - Filling up the DagBag from /Library/Frameworks/Python.framework/Versions/3.8/lib/python3.8/site-packages/airflow/example_dags/example_dag_decorator.py
[2024-11-26T20:28:15.156-0600] {processor.py:925} INFO - DAG(s) 'example_dag_decorator' retrieved from /Library/Frameworks/Python.framework/Versions/3.8/lib/python3.8/site-packages/airflow/example_dags/example_dag_decorator.py
[2024-11-26T20:28:15.215-0600] {logging_mixin.py:190} INFO - [2024-11-26T20:28:15.215-0600] {dag.py:3239} INFO - Sync 1 DAGs
[2024-11-26T20:28:15.218-0600] {logging_mixin.py:190} INFO - [2024-11-26T20:28:15.218-0600] {dag.py:4180} INFO - Setting next_dagrun for example_dag_decorator to None, run_after=None
[2024-11-26T20:28:15.223-0600] {processor.py:208} INFO - Processing /Library/Frameworks/Python.framework/Versions/3.8/lib/python3.8/site-packages/airflow/example_dags/example_dag_decorator.py took 0.106 seconds
[2024-11-26T20:51:31.521-0600] {processor.py:186} INFO - Started process (PID=28628) to work on /Library/Frameworks/Python.framework/Versions/3.8/lib/python3.8/site-packages/airflow/example_dags/example_dag_decorator.py
[2024-11-26T20:51:31.522-0600] {processor.py:914} INFO - Processing file /Library/Frameworks/Python.framework/Versions/3.8/lib/python3.8/site-packages/airflow/example_dags/example_dag_decorator.py for tasks to queue
[2024-11-26T20:51:31.523-0600] {logging_mixin.py:190} INFO - [2024-11-26T20:51:31.523-0600] {dagbag.py:588} INFO - Filling up the DagBag from /Library/Frameworks/Python.framework/Versions/3.8/lib/python3.8/site-packages/airflow/example_dags/example_dag_decorator.py
[2024-11-26T20:51:31.574-0600] {processor.py:925} INFO - DAG(s) 'example_dag_decorator' retrieved from /Library/Frameworks/Python.framework/Versions/3.8/lib/python3.8/site-packages/airflow/example_dags/example_dag_decorator.py
[2024-11-26T20:51:31.633-0600] {logging_mixin.py:190} INFO - [2024-11-26T20:51:31.633-0600] {dag.py:3239} INFO - Sync 1 DAGs
[2024-11-26T20:51:31.636-0600] {logging_mixin.py:190} INFO - [2024-11-26T20:51:31.636-0600] {dag.py:4180} INFO - Setting next_dagrun for example_dag_decorator to None, run_after=None
[2024-11-26T20:51:31.642-0600] {processor.py:208} INFO - Processing /Library/Frameworks/Python.framework/Versions/3.8/lib/python3.8/site-packages/airflow/example_dags/example_dag_decorator.py took 0.122 seconds
