[2024-11-26T19:13:42.605-0600] {processor.py:186} INFO - Started process (PID=27646) to work on /Library/Frameworks/Python.framework/Versions/3.8/lib/python3.8/site-packages/airflow/example_dags/example_python_decorator.py
[2024-11-26T19:13:42.606-0600] {processor.py:914} INFO - Processing file /Library/Frameworks/Python.framework/Versions/3.8/lib/python3.8/site-packages/airflow/example_dags/example_python_decorator.py for tasks to queue
[2024-11-26T19:13:42.606-0600] {logging_mixin.py:190} INFO - [2024-11-26T19:13:42.606-0600] {dagbag.py:588} INFO - Filling up the DagBag from /Library/Frameworks/Python.framework/Versions/3.8/lib/python3.8/site-packages/airflow/example_dags/example_python_decorator.py
[2024-11-26T19:13:42.620-0600] {logging_mixin.py:190} INFO - [2024-11-26T19:13:42.619-0600] {example_python_decorator.py:80} WARNING - The virtalenv_python example task requires virtualenv, please install it.
[2024-11-26T19:13:42.620-0600] {processor.py:925} INFO - DAG(s) 'example_python_decorator' retrieved from /Library/Frameworks/Python.framework/Versions/3.8/lib/python3.8/site-packages/airflow/example_dags/example_python_decorator.py
[2024-11-26T19:13:42.657-0600] {logging_mixin.py:190} INFO - [2024-11-26T19:13:42.657-0600] {dag.py:3239} INFO - Sync 1 DAGs
[2024-11-26T19:13:42.661-0600] {logging_mixin.py:190} INFO - [2024-11-26T19:13:42.661-0600] {dag.py:4180} INFO - Setting next_dagrun for example_python_decorator to None, run_after=None
[2024-11-26T19:13:42.667-0600] {processor.py:208} INFO - Processing /Library/Frameworks/Python.framework/Versions/3.8/lib/python3.8/site-packages/airflow/example_dags/example_python_decorator.py took 0.063 seconds
[2024-11-26T19:34:35.064-0600] {processor.py:186} INFO - Started process (PID=27832) to work on /Library/Frameworks/Python.framework/Versions/3.8/lib/python3.8/site-packages/airflow/example_dags/example_python_decorator.py
[2024-11-26T19:34:35.065-0600] {processor.py:914} INFO - Processing file /Library/Frameworks/Python.framework/Versions/3.8/lib/python3.8/site-packages/airflow/example_dags/example_python_decorator.py for tasks to queue
[2024-11-26T19:34:35.066-0600] {logging_mixin.py:190} INFO - [2024-11-26T19:34:35.066-0600] {dagbag.py:588} INFO - Filling up the DagBag from /Library/Frameworks/Python.framework/Versions/3.8/lib/python3.8/site-packages/airflow/example_dags/example_python_decorator.py
[2024-11-26T19:34:35.077-0600] {logging_mixin.py:190} INFO - [2024-11-26T19:34:35.077-0600] {example_python_decorator.py:80} WARNING - The virtalenv_python example task requires virtualenv, please install it.
[2024-11-26T19:34:35.078-0600] {processor.py:925} INFO - DAG(s) 'example_python_decorator' retrieved from /Library/Frameworks/Python.framework/Versions/3.8/lib/python3.8/site-packages/airflow/example_dags/example_python_decorator.py
[2024-11-26T19:34:35.111-0600] {logging_mixin.py:190} INFO - [2024-11-26T19:34:35.110-0600] {dag.py:3239} INFO - Sync 1 DAGs
[2024-11-26T19:34:35.114-0600] {logging_mixin.py:190} INFO - [2024-11-26T19:34:35.114-0600] {dag.py:4180} INFO - Setting next_dagrun for example_python_decorator to None, run_after=None
[2024-11-26T19:34:35.119-0600] {processor.py:208} INFO - Processing /Library/Frameworks/Python.framework/Versions/3.8/lib/python3.8/site-packages/airflow/example_dags/example_python_decorator.py took 0.056 seconds
[2024-11-26T20:07:28.837-0600] {processor.py:186} INFO - Started process (PID=28031) to work on /Library/Frameworks/Python.framework/Versions/3.8/lib/python3.8/site-packages/airflow/example_dags/example_python_decorator.py
[2024-11-26T20:07:28.837-0600] {processor.py:914} INFO - Processing file /Library/Frameworks/Python.framework/Versions/3.8/lib/python3.8/site-packages/airflow/example_dags/example_python_decorator.py for tasks to queue
[2024-11-26T20:07:28.838-0600] {logging_mixin.py:190} INFO - [2024-11-26T20:07:28.838-0600] {dagbag.py:588} INFO - Filling up the DagBag from /Library/Frameworks/Python.framework/Versions/3.8/lib/python3.8/site-packages/airflow/example_dags/example_python_decorator.py
[2024-11-26T20:07:28.849-0600] {logging_mixin.py:190} INFO - [2024-11-26T20:07:28.849-0600] {example_python_decorator.py:80} WARNING - The virtalenv_python example task requires virtualenv, please install it.
[2024-11-26T20:07:28.850-0600] {processor.py:925} INFO - DAG(s) 'example_python_decorator' retrieved from /Library/Frameworks/Python.framework/Versions/3.8/lib/python3.8/site-packages/airflow/example_dags/example_python_decorator.py
[2024-11-26T20:07:28.882-0600] {logging_mixin.py:190} INFO - [2024-11-26T20:07:28.882-0600] {dag.py:3239} INFO - Sync 1 DAGs
[2024-11-26T20:07:28.885-0600] {logging_mixin.py:190} INFO - [2024-11-26T20:07:28.885-0600] {dag.py:4180} INFO - Setting next_dagrun for example_python_decorator to None, run_after=None
[2024-11-26T20:07:28.890-0600] {processor.py:208} INFO - Processing /Library/Frameworks/Python.framework/Versions/3.8/lib/python3.8/site-packages/airflow/example_dags/example_python_decorator.py took 0.054 seconds
[2024-11-26T20:11:29.252-0600] {processor.py:186} INFO - Started process (PID=28269) to work on /Library/Frameworks/Python.framework/Versions/3.8/lib/python3.8/site-packages/airflow/example_dags/example_python_decorator.py
[2024-11-26T20:11:29.253-0600] {processor.py:914} INFO - Processing file /Library/Frameworks/Python.framework/Versions/3.8/lib/python3.8/site-packages/airflow/example_dags/example_python_decorator.py for tasks to queue
[2024-11-26T20:11:29.253-0600] {logging_mixin.py:190} INFO - [2024-11-26T20:11:29.253-0600] {dagbag.py:588} INFO - Filling up the DagBag from /Library/Frameworks/Python.framework/Versions/3.8/lib/python3.8/site-packages/airflow/example_dags/example_python_decorator.py
[2024-11-26T20:11:29.265-0600] {logging_mixin.py:190} INFO - [2024-11-26T20:11:29.264-0600] {example_python_decorator.py:80} WARNING - The virtalenv_python example task requires virtualenv, please install it.
[2024-11-26T20:11:29.265-0600] {processor.py:925} INFO - DAG(s) 'example_python_decorator' retrieved from /Library/Frameworks/Python.framework/Versions/3.8/lib/python3.8/site-packages/airflow/example_dags/example_python_decorator.py
[2024-11-26T20:11:29.298-0600] {logging_mixin.py:190} INFO - [2024-11-26T20:11:29.298-0600] {dag.py:3239} INFO - Sync 1 DAGs
[2024-11-26T20:11:29.301-0600] {logging_mixin.py:190} INFO - [2024-11-26T20:11:29.301-0600] {dag.py:4180} INFO - Setting next_dagrun for example_python_decorator to None, run_after=None
[2024-11-26T20:11:29.306-0600] {processor.py:208} INFO - Processing /Library/Frameworks/Python.framework/Versions/3.8/lib/python3.8/site-packages/airflow/example_dags/example_python_decorator.py took 0.056 seconds
[2024-11-26T20:51:00.591-0600] {processor.py:186} INFO - Started process (PID=28548) to work on /Library/Frameworks/Python.framework/Versions/3.8/lib/python3.8/site-packages/airflow/example_dags/example_python_decorator.py
[2024-11-26T20:51:00.592-0600] {processor.py:914} INFO - Processing file /Library/Frameworks/Python.framework/Versions/3.8/lib/python3.8/site-packages/airflow/example_dags/example_python_decorator.py for tasks to queue
[2024-11-26T20:51:00.592-0600] {logging_mixin.py:190} INFO - [2024-11-26T20:51:00.592-0600] {dagbag.py:588} INFO - Filling up the DagBag from /Library/Frameworks/Python.framework/Versions/3.8/lib/python3.8/site-packages/airflow/example_dags/example_python_decorator.py
[2024-11-26T20:51:00.603-0600] {logging_mixin.py:190} INFO - [2024-11-26T20:51:00.603-0600] {example_python_decorator.py:80} WARNING - The virtalenv_python example task requires virtualenv, please install it.
[2024-11-26T20:51:00.604-0600] {processor.py:925} INFO - DAG(s) 'example_python_decorator' retrieved from /Library/Frameworks/Python.framework/Versions/3.8/lib/python3.8/site-packages/airflow/example_dags/example_python_decorator.py
[2024-11-26T20:51:00.638-0600] {logging_mixin.py:190} INFO - [2024-11-26T20:51:00.638-0600] {dag.py:3239} INFO - Sync 1 DAGs
[2024-11-26T20:51:00.641-0600] {logging_mixin.py:190} INFO - [2024-11-26T20:51:00.641-0600] {dag.py:4180} INFO - Setting next_dagrun for example_python_decorator to None, run_after=None
[2024-11-26T20:51:00.646-0600] {processor.py:208} INFO - Processing /Library/Frameworks/Python.framework/Versions/3.8/lib/python3.8/site-packages/airflow/example_dags/example_python_decorator.py took 0.056 seconds
[2024-11-26T20:52:31.108-0600] {processor.py:186} INFO - Started process (PID=28760) to work on /Library/Frameworks/Python.framework/Versions/3.8/lib/python3.8/site-packages/airflow/example_dags/example_python_decorator.py
[2024-11-26T20:52:31.109-0600] {processor.py:914} INFO - Processing file /Library/Frameworks/Python.framework/Versions/3.8/lib/python3.8/site-packages/airflow/example_dags/example_python_decorator.py for tasks to queue
[2024-11-26T20:52:31.109-0600] {logging_mixin.py:190} INFO - [2024-11-26T20:52:31.109-0600] {dagbag.py:588} INFO - Filling up the DagBag from /Library/Frameworks/Python.framework/Versions/3.8/lib/python3.8/site-packages/airflow/example_dags/example_python_decorator.py
[2024-11-26T20:52:31.120-0600] {logging_mixin.py:190} INFO - [2024-11-26T20:52:31.120-0600] {example_python_decorator.py:80} WARNING - The virtalenv_python example task requires virtualenv, please install it.
[2024-11-26T20:52:31.121-0600] {processor.py:925} INFO - DAG(s) 'example_python_decorator' retrieved from /Library/Frameworks/Python.framework/Versions/3.8/lib/python3.8/site-packages/airflow/example_dags/example_python_decorator.py
[2024-11-26T20:52:31.153-0600] {logging_mixin.py:190} INFO - [2024-11-26T20:52:31.153-0600] {dag.py:3239} INFO - Sync 1 DAGs
[2024-11-26T20:52:31.156-0600] {logging_mixin.py:190} INFO - [2024-11-26T20:52:31.156-0600] {dag.py:4180} INFO - Setting next_dagrun for example_python_decorator to None, run_after=None
[2024-11-26T20:52:31.161-0600] {processor.py:208} INFO - Processing /Library/Frameworks/Python.framework/Versions/3.8/lib/python3.8/site-packages/airflow/example_dags/example_python_decorator.py took 0.054 seconds
