[2024-11-26T19:08:19.557-0600] {processor.py:186} INFO - Started process (PID=27607) to work on /Library/Frameworks/Python.framework/Versions/3.8/lib/python3.8/site-packages/airflow/example_dags/example_task_group.py
[2024-11-26T19:08:19.558-0600] {processor.py:914} INFO - Processing file /Library/Frameworks/Python.framework/Versions/3.8/lib/python3.8/site-packages/airflow/example_dags/example_task_group.py for tasks to queue
[2024-11-26T19:08:19.558-0600] {logging_mixin.py:190} INFO - [2024-11-26T19:08:19.558-0600] {dagbag.py:588} INFO - Filling up the DagBag from /Library/Frameworks/Python.framework/Versions/3.8/lib/python3.8/site-packages/airflow/example_dags/example_task_group.py
[2024-11-26T19:08:19.561-0600] {processor.py:925} INFO - DAG(s) 'example_task_group' retrieved from /Library/Frameworks/Python.framework/Versions/3.8/lib/python3.8/site-packages/airflow/example_dags/example_task_group.py
[2024-11-26T19:08:19.595-0600] {logging_mixin.py:190} INFO - [2024-11-26T19:08:19.595-0600] {dag.py:3239} INFO - Sync 1 DAGs
[2024-11-26T19:08:19.599-0600] {logging_mixin.py:190} INFO - [2024-11-26T19:08:19.599-0600] {dag.py:4180} INFO - Setting next_dagrun for example_task_group to None, run_after=None
[2024-11-26T19:08:19.604-0600] {processor.py:208} INFO - Processing /Library/Frameworks/Python.framework/Versions/3.8/lib/python3.8/site-packages/airflow/example_dags/example_task_group.py took 0.047 seconds
[2024-11-26T19:34:05.760-0600] {processor.py:186} INFO - Started process (PID=27798) to work on /Library/Frameworks/Python.framework/Versions/3.8/lib/python3.8/site-packages/airflow/example_dags/example_task_group.py
[2024-11-26T19:34:05.760-0600] {processor.py:914} INFO - Processing file /Library/Frameworks/Python.framework/Versions/3.8/lib/python3.8/site-packages/airflow/example_dags/example_task_group.py for tasks to queue
[2024-11-26T19:34:05.760-0600] {logging_mixin.py:190} INFO - [2024-11-26T19:34:05.760-0600] {dagbag.py:588} INFO - Filling up the DagBag from /Library/Frameworks/Python.framework/Versions/3.8/lib/python3.8/site-packages/airflow/example_dags/example_task_group.py
[2024-11-26T19:34:05.764-0600] {processor.py:925} INFO - DAG(s) 'example_task_group' retrieved from /Library/Frameworks/Python.framework/Versions/3.8/lib/python3.8/site-packages/airflow/example_dags/example_task_group.py
[2024-11-26T19:34:05.797-0600] {logging_mixin.py:190} INFO - [2024-11-26T19:34:05.797-0600] {dag.py:3239} INFO - Sync 1 DAGs
[2024-11-26T19:34:05.800-0600] {logging_mixin.py:190} INFO - [2024-11-26T19:34:05.800-0600] {dag.py:4180} INFO - Setting next_dagrun for example_task_group to None, run_after=None
[2024-11-26T19:34:05.805-0600] {processor.py:208} INFO - Processing /Library/Frameworks/Python.framework/Versions/3.8/lib/python3.8/site-packages/airflow/example_dags/example_task_group.py took 0.047 seconds
[2024-11-26T20:07:11.088-0600] {processor.py:186} INFO - Started process (PID=27981) to work on /Library/Frameworks/Python.framework/Versions/3.8/lib/python3.8/site-packages/airflow/example_dags/example_task_group.py
[2024-11-26T20:07:11.089-0600] {processor.py:914} INFO - Processing file /Library/Frameworks/Python.framework/Versions/3.8/lib/python3.8/site-packages/airflow/example_dags/example_task_group.py for tasks to queue
[2024-11-26T20:07:11.089-0600] {logging_mixin.py:190} INFO - [2024-11-26T20:07:11.089-0600] {dagbag.py:588} INFO - Filling up the DagBag from /Library/Frameworks/Python.framework/Versions/3.8/lib/python3.8/site-packages/airflow/example_dags/example_task_group.py
[2024-11-26T20:07:11.092-0600] {processor.py:925} INFO - DAG(s) 'example_task_group' retrieved from /Library/Frameworks/Python.framework/Versions/3.8/lib/python3.8/site-packages/airflow/example_dags/example_task_group.py
[2024-11-26T20:07:11.126-0600] {logging_mixin.py:190} INFO - [2024-11-26T20:07:11.126-0600] {dag.py:3239} INFO - Sync 1 DAGs
[2024-11-26T20:07:11.129-0600] {logging_mixin.py:190} INFO - [2024-11-26T20:07:11.129-0600] {dag.py:4180} INFO - Setting next_dagrun for example_task_group to None, run_after=None
[2024-11-26T20:07:11.135-0600] {processor.py:208} INFO - Processing /Library/Frameworks/Python.framework/Versions/3.8/lib/python3.8/site-packages/airflow/example_dags/example_task_group.py took 0.048 seconds
[2024-11-26T20:10:15.033-0600] {processor.py:186} INFO - Started process (PID=28133) to work on /Library/Frameworks/Python.framework/Versions/3.8/lib/python3.8/site-packages/airflow/example_dags/example_task_group.py
[2024-11-26T20:10:15.034-0600] {processor.py:914} INFO - Processing file /Library/Frameworks/Python.framework/Versions/3.8/lib/python3.8/site-packages/airflow/example_dags/example_task_group.py for tasks to queue
[2024-11-26T20:10:15.034-0600] {logging_mixin.py:190} INFO - [2024-11-26T20:10:15.034-0600] {dagbag.py:588} INFO - Filling up the DagBag from /Library/Frameworks/Python.framework/Versions/3.8/lib/python3.8/site-packages/airflow/example_dags/example_task_group.py
[2024-11-26T20:10:15.037-0600] {processor.py:925} INFO - DAG(s) 'example_task_group' retrieved from /Library/Frameworks/Python.framework/Versions/3.8/lib/python3.8/site-packages/airflow/example_dags/example_task_group.py
[2024-11-26T20:10:15.070-0600] {logging_mixin.py:190} INFO - [2024-11-26T20:10:15.070-0600] {dag.py:3239} INFO - Sync 1 DAGs
[2024-11-26T20:10:15.074-0600] {logging_mixin.py:190} INFO - [2024-11-26T20:10:15.074-0600] {dag.py:4180} INFO - Setting next_dagrun for example_task_group to None, run_after=None
[2024-11-26T20:10:15.079-0600] {processor.py:208} INFO - Processing /Library/Frameworks/Python.framework/Versions/3.8/lib/python3.8/site-packages/airflow/example_dags/example_task_group.py took 0.047 seconds
[2024-11-26T20:11:18.769-0600] {processor.py:186} INFO - Started process (PID=28250) to work on /Library/Frameworks/Python.framework/Versions/3.8/lib/python3.8/site-packages/airflow/example_dags/example_task_group.py
[2024-11-26T20:11:18.769-0600] {processor.py:914} INFO - Processing file /Library/Frameworks/Python.framework/Versions/3.8/lib/python3.8/site-packages/airflow/example_dags/example_task_group.py for tasks to queue
[2024-11-26T20:11:18.770-0600] {logging_mixin.py:190} INFO - [2024-11-26T20:11:18.770-0600] {dagbag.py:588} INFO - Filling up the DagBag from /Library/Frameworks/Python.framework/Versions/3.8/lib/python3.8/site-packages/airflow/example_dags/example_task_group.py
[2024-11-26T20:11:18.773-0600] {processor.py:925} INFO - DAG(s) 'example_task_group' retrieved from /Library/Frameworks/Python.framework/Versions/3.8/lib/python3.8/site-packages/airflow/example_dags/example_task_group.py
[2024-11-26T20:11:18.806-0600] {logging_mixin.py:190} INFO - [2024-11-26T20:11:18.806-0600] {dag.py:3239} INFO - Sync 1 DAGs
[2024-11-26T20:11:18.809-0600] {logging_mixin.py:190} INFO - [2024-11-26T20:11:18.809-0600] {dag.py:4180} INFO - Setting next_dagrun for example_task_group to None, run_after=None
[2024-11-26T20:11:18.815-0600] {processor.py:208} INFO - Processing /Library/Frameworks/Python.framework/Versions/3.8/lib/python3.8/site-packages/airflow/example_dags/example_task_group.py took 0.047 seconds
[2024-11-26T20:12:25.894-0600] {processor.py:186} INFO - Started process (PID=28368) to work on /Library/Frameworks/Python.framework/Versions/3.8/lib/python3.8/site-packages/airflow/example_dags/example_task_group.py
[2024-11-26T20:12:25.894-0600] {processor.py:914} INFO - Processing file /Library/Frameworks/Python.framework/Versions/3.8/lib/python3.8/site-packages/airflow/example_dags/example_task_group.py for tasks to queue
[2024-11-26T20:12:25.895-0600] {logging_mixin.py:190} INFO - [2024-11-26T20:12:25.895-0600] {dagbag.py:588} INFO - Filling up the DagBag from /Library/Frameworks/Python.framework/Versions/3.8/lib/python3.8/site-packages/airflow/example_dags/example_task_group.py
[2024-11-26T20:12:25.898-0600] {processor.py:925} INFO - DAG(s) 'example_task_group' retrieved from /Library/Frameworks/Python.framework/Versions/3.8/lib/python3.8/site-packages/airflow/example_dags/example_task_group.py
[2024-11-26T20:12:25.930-0600] {logging_mixin.py:190} INFO - [2024-11-26T20:12:25.930-0600] {dag.py:3239} INFO - Sync 1 DAGs
[2024-11-26T20:12:25.934-0600] {logging_mixin.py:190} INFO - [2024-11-26T20:12:25.934-0600] {dag.py:4180} INFO - Setting next_dagrun for example_task_group to None, run_after=None
[2024-11-26T20:12:25.939-0600] {processor.py:208} INFO - Processing /Library/Frameworks/Python.framework/Versions/3.8/lib/python3.8/site-packages/airflow/example_dags/example_task_group.py took 0.046 seconds
[2024-11-26T20:50:42.324-0600] {processor.py:186} INFO - Started process (PID=28511) to work on /Library/Frameworks/Python.framework/Versions/3.8/lib/python3.8/site-packages/airflow/example_dags/example_task_group.py
[2024-11-26T20:50:42.325-0600] {processor.py:914} INFO - Processing file /Library/Frameworks/Python.framework/Versions/3.8/lib/python3.8/site-packages/airflow/example_dags/example_task_group.py for tasks to queue
[2024-11-26T20:50:42.325-0600] {logging_mixin.py:190} INFO - [2024-11-26T20:50:42.325-0600] {dagbag.py:588} INFO - Filling up the DagBag from /Library/Frameworks/Python.framework/Versions/3.8/lib/python3.8/site-packages/airflow/example_dags/example_task_group.py
[2024-11-26T20:50:42.328-0600] {processor.py:925} INFO - DAG(s) 'example_task_group' retrieved from /Library/Frameworks/Python.framework/Versions/3.8/lib/python3.8/site-packages/airflow/example_dags/example_task_group.py
[2024-11-26T20:50:42.362-0600] {logging_mixin.py:190} INFO - [2024-11-26T20:50:42.362-0600] {dag.py:3239} INFO - Sync 1 DAGs
[2024-11-26T20:50:42.366-0600] {logging_mixin.py:190} INFO - [2024-11-26T20:50:42.366-0600] {dag.py:4180} INFO - Setting next_dagrun for example_task_group to None, run_after=None
[2024-11-26T20:50:42.371-0600] {processor.py:208} INFO - Processing /Library/Frameworks/Python.framework/Versions/3.8/lib/python3.8/site-packages/airflow/example_dags/example_task_group.py took 0.049 seconds
[2024-11-26T20:52:11.815-0600] {processor.py:186} INFO - Started process (PID=28715) to work on /Library/Frameworks/Python.framework/Versions/3.8/lib/python3.8/site-packages/airflow/example_dags/example_task_group.py
[2024-11-26T20:52:11.816-0600] {processor.py:914} INFO - Processing file /Library/Frameworks/Python.framework/Versions/3.8/lib/python3.8/site-packages/airflow/example_dags/example_task_group.py for tasks to queue
[2024-11-26T20:52:11.816-0600] {logging_mixin.py:190} INFO - [2024-11-26T20:52:11.816-0600] {dagbag.py:588} INFO - Filling up the DagBag from /Library/Frameworks/Python.framework/Versions/3.8/lib/python3.8/site-packages/airflow/example_dags/example_task_group.py
[2024-11-26T20:52:11.819-0600] {processor.py:925} INFO - DAG(s) 'example_task_group' retrieved from /Library/Frameworks/Python.framework/Versions/3.8/lib/python3.8/site-packages/airflow/example_dags/example_task_group.py
[2024-11-26T20:52:11.852-0600] {logging_mixin.py:190} INFO - [2024-11-26T20:52:11.852-0600] {dag.py:3239} INFO - Sync 1 DAGs
[2024-11-26T20:52:11.856-0600] {logging_mixin.py:190} INFO - [2024-11-26T20:52:11.856-0600] {dag.py:4180} INFO - Setting next_dagrun for example_task_group to None, run_after=None
[2024-11-26T20:52:11.861-0600] {processor.py:208} INFO - Processing /Library/Frameworks/Python.framework/Versions/3.8/lib/python3.8/site-packages/airflow/example_dags/example_task_group.py took 0.047 seconds
