[2024-11-26T19:16:51.803-0600] {processor.py:186} INFO - Started process (PID=27658) to work on /Library/Frameworks/Python.framework/Versions/3.8/lib/python3.8/site-packages/airflow/example_dags/example_outlet_event_extra.py
[2024-11-26T19:16:51.803-0600] {processor.py:914} INFO - Processing file /Library/Frameworks/Python.framework/Versions/3.8/lib/python3.8/site-packages/airflow/example_dags/example_outlet_event_extra.py for tasks to queue
[2024-11-26T19:16:51.803-0600] {logging_mixin.py:190} INFO - [2024-11-26T19:16:51.803-0600] {dagbag.py:588} INFO - Filling up the DagBag from /Library/Frameworks/Python.framework/Versions/3.8/lib/python3.8/site-packages/airflow/example_dags/example_outlet_event_extra.py
[2024-11-26T19:16:51.837-0600] {processor.py:925} INFO - DAG(s) 'dataset_with_extra_by_context', 'dataset_with_extra_by_yield', 'dataset_with_extra_from_classic_operator' retrieved from /Library/Frameworks/Python.framework/Versions/3.8/lib/python3.8/site-packages/airflow/example_dags/example_outlet_event_extra.py
[2024-11-26T19:16:51.871-0600] {logging_mixin.py:190} INFO - [2024-11-26T19:16:51.871-0600] {dag.py:3239} INFO - Sync 3 DAGs
[2024-11-26T19:16:51.877-0600] {logging_mixin.py:190} INFO - [2024-11-26T19:16:51.877-0600] {dag.py:4180} INFO - Setting next_dagrun for dataset_with_extra_by_context to 2024-11-26 00:00:00+00:00, run_after=2024-11-27 00:00:00+00:00
[2024-11-26T19:16:51.879-0600] {logging_mixin.py:190} INFO - [2024-11-26T19:16:51.879-0600] {dag.py:4180} INFO - Setting next_dagrun for dataset_with_extra_by_yield to 2024-11-26 00:00:00+00:00, run_after=2024-11-27 00:00:00+00:00
[2024-11-26T19:16:51.879-0600] {logging_mixin.py:190} INFO - [2024-11-26T19:16:51.879-0600] {dag.py:4180} INFO - Setting next_dagrun for dataset_with_extra_from_classic_operator to 2024-11-26 00:00:00+00:00, run_after=2024-11-27 00:00:00+00:00
[2024-11-26T19:16:51.885-0600] {processor.py:208} INFO - Processing /Library/Frameworks/Python.framework/Versions/3.8/lib/python3.8/site-packages/airflow/example_dags/example_outlet_event_extra.py took 0.083 seconds
[2024-11-26T19:34:44.633-0600] {processor.py:186} INFO - Started process (PID=27844) to work on /Library/Frameworks/Python.framework/Versions/3.8/lib/python3.8/site-packages/airflow/example_dags/example_outlet_event_extra.py
[2024-11-26T19:34:44.634-0600] {processor.py:914} INFO - Processing file /Library/Frameworks/Python.framework/Versions/3.8/lib/python3.8/site-packages/airflow/example_dags/example_outlet_event_extra.py for tasks to queue
[2024-11-26T19:34:44.635-0600] {logging_mixin.py:190} INFO - [2024-11-26T19:34:44.635-0600] {dagbag.py:588} INFO - Filling up the DagBag from /Library/Frameworks/Python.framework/Versions/3.8/lib/python3.8/site-packages/airflow/example_dags/example_outlet_event_extra.py
[2024-11-26T19:34:44.664-0600] {processor.py:925} INFO - DAG(s) 'dataset_with_extra_by_yield', 'dataset_with_extra_from_classic_operator', 'dataset_with_extra_by_context' retrieved from /Library/Frameworks/Python.framework/Versions/3.8/lib/python3.8/site-packages/airflow/example_dags/example_outlet_event_extra.py
[2024-11-26T19:34:44.697-0600] {logging_mixin.py:190} INFO - [2024-11-26T19:34:44.697-0600] {dag.py:3239} INFO - Sync 3 DAGs
[2024-11-26T19:34:44.703-0600] {logging_mixin.py:190} INFO - [2024-11-26T19:34:44.703-0600] {dag.py:4180} INFO - Setting next_dagrun for dataset_with_extra_by_context to 2024-11-26 00:00:00+00:00, run_after=2024-11-27 00:00:00+00:00
[2024-11-26T19:34:44.704-0600] {logging_mixin.py:190} INFO - [2024-11-26T19:34:44.704-0600] {dag.py:4180} INFO - Setting next_dagrun for dataset_with_extra_by_yield to 2024-11-26 00:00:00+00:00, run_after=2024-11-27 00:00:00+00:00
[2024-11-26T19:34:44.705-0600] {logging_mixin.py:190} INFO - [2024-11-26T19:34:44.705-0600] {dag.py:4180} INFO - Setting next_dagrun for dataset_with_extra_from_classic_operator to 2024-11-26 00:00:00+00:00, run_after=2024-11-27 00:00:00+00:00
[2024-11-26T19:34:44.710-0600] {processor.py:208} INFO - Processing /Library/Frameworks/Python.framework/Versions/3.8/lib/python3.8/site-packages/airflow/example_dags/example_outlet_event_extra.py took 0.078 seconds
[2024-11-26T20:07:35.995-0600] {processor.py:186} INFO - Started process (PID=28043) to work on /Library/Frameworks/Python.framework/Versions/3.8/lib/python3.8/site-packages/airflow/example_dags/example_outlet_event_extra.py
[2024-11-26T20:07:35.996-0600] {processor.py:914} INFO - Processing file /Library/Frameworks/Python.framework/Versions/3.8/lib/python3.8/site-packages/airflow/example_dags/example_outlet_event_extra.py for tasks to queue
[2024-11-26T20:07:35.996-0600] {logging_mixin.py:190} INFO - [2024-11-26T20:07:35.996-0600] {dagbag.py:588} INFO - Filling up the DagBag from /Library/Frameworks/Python.framework/Versions/3.8/lib/python3.8/site-packages/airflow/example_dags/example_outlet_event_extra.py
[2024-11-26T20:07:36.019-0600] {processor.py:925} INFO - DAG(s) 'dataset_with_extra_from_classic_operator', 'dataset_with_extra_by_context', 'dataset_with_extra_by_yield' retrieved from /Library/Frameworks/Python.framework/Versions/3.8/lib/python3.8/site-packages/airflow/example_dags/example_outlet_event_extra.py
[2024-11-26T20:07:36.052-0600] {logging_mixin.py:190} INFO - [2024-11-26T20:07:36.052-0600] {dag.py:3239} INFO - Sync 3 DAGs
[2024-11-26T20:07:36.058-0600] {logging_mixin.py:190} INFO - [2024-11-26T20:07:36.058-0600] {dag.py:4180} INFO - Setting next_dagrun for dataset_with_extra_by_context to 2024-11-26 00:00:00+00:00, run_after=2024-11-27 00:00:00+00:00
[2024-11-26T20:07:36.059-0600] {logging_mixin.py:190} INFO - [2024-11-26T20:07:36.059-0600] {dag.py:4180} INFO - Setting next_dagrun for dataset_with_extra_by_yield to 2024-11-26 00:00:00+00:00, run_after=2024-11-27 00:00:00+00:00
[2024-11-26T20:07:36.060-0600] {logging_mixin.py:190} INFO - [2024-11-26T20:07:36.060-0600] {dag.py:4180} INFO - Setting next_dagrun for dataset_with_extra_from_classic_operator to 2024-11-26 00:00:00+00:00, run_after=2024-11-27 00:00:00+00:00
[2024-11-26T20:07:36.065-0600] {processor.py:208} INFO - Processing /Library/Frameworks/Python.framework/Versions/3.8/lib/python3.8/site-packages/airflow/example_dags/example_outlet_event_extra.py took 0.071 seconds
[2024-11-26T20:11:36.338-0600] {processor.py:186} INFO - Started process (PID=28281) to work on /Library/Frameworks/Python.framework/Versions/3.8/lib/python3.8/site-packages/airflow/example_dags/example_outlet_event_extra.py
[2024-11-26T20:11:36.338-0600] {processor.py:914} INFO - Processing file /Library/Frameworks/Python.framework/Versions/3.8/lib/python3.8/site-packages/airflow/example_dags/example_outlet_event_extra.py for tasks to queue
[2024-11-26T20:11:36.338-0600] {logging_mixin.py:190} INFO - [2024-11-26T20:11:36.338-0600] {dagbag.py:588} INFO - Filling up the DagBag from /Library/Frameworks/Python.framework/Versions/3.8/lib/python3.8/site-packages/airflow/example_dags/example_outlet_event_extra.py
[2024-11-26T20:11:36.361-0600] {processor.py:925} INFO - DAG(s) 'dataset_with_extra_from_classic_operator', 'dataset_with_extra_by_context', 'dataset_with_extra_by_yield' retrieved from /Library/Frameworks/Python.framework/Versions/3.8/lib/python3.8/site-packages/airflow/example_dags/example_outlet_event_extra.py
[2024-11-26T20:11:36.394-0600] {logging_mixin.py:190} INFO - [2024-11-26T20:11:36.394-0600] {dag.py:3239} INFO - Sync 3 DAGs
[2024-11-26T20:11:36.400-0600] {logging_mixin.py:190} INFO - [2024-11-26T20:11:36.400-0600] {dag.py:4180} INFO - Setting next_dagrun for dataset_with_extra_by_context to 2024-11-26 00:00:00+00:00, run_after=2024-11-27 00:00:00+00:00
[2024-11-26T20:11:36.402-0600] {logging_mixin.py:190} INFO - [2024-11-26T20:11:36.402-0600] {dag.py:4180} INFO - Setting next_dagrun for dataset_with_extra_by_yield to 2024-11-26 00:00:00+00:00, run_after=2024-11-27 00:00:00+00:00
[2024-11-26T20:11:36.402-0600] {logging_mixin.py:190} INFO - [2024-11-26T20:11:36.402-0600] {dag.py:4180} INFO - Setting next_dagrun for dataset_with_extra_from_classic_operator to 2024-11-26 00:00:00+00:00, run_after=2024-11-27 00:00:00+00:00
[2024-11-26T20:11:36.408-0600] {processor.py:208} INFO - Processing /Library/Frameworks/Python.framework/Versions/3.8/lib/python3.8/site-packages/airflow/example_dags/example_outlet_event_extra.py took 0.072 seconds
[2024-11-26T20:51:07.490-0600] {processor.py:186} INFO - Started process (PID=28563) to work on /Library/Frameworks/Python.framework/Versions/3.8/lib/python3.8/site-packages/airflow/example_dags/example_outlet_event_extra.py
[2024-11-26T20:51:07.492-0600] {processor.py:914} INFO - Processing file /Library/Frameworks/Python.framework/Versions/3.8/lib/python3.8/site-packages/airflow/example_dags/example_outlet_event_extra.py for tasks to queue
[2024-11-26T20:51:07.492-0600] {logging_mixin.py:190} INFO - [2024-11-26T20:51:07.492-0600] {dagbag.py:588} INFO - Filling up the DagBag from /Library/Frameworks/Python.framework/Versions/3.8/lib/python3.8/site-packages/airflow/example_dags/example_outlet_event_extra.py
[2024-11-26T20:51:07.520-0600] {processor.py:925} INFO - DAG(s) 'dataset_with_extra_from_classic_operator', 'dataset_with_extra_by_context', 'dataset_with_extra_by_yield' retrieved from /Library/Frameworks/Python.framework/Versions/3.8/lib/python3.8/site-packages/airflow/example_dags/example_outlet_event_extra.py
[2024-11-26T20:51:07.554-0600] {logging_mixin.py:190} INFO - [2024-11-26T20:51:07.554-0600] {dag.py:3239} INFO - Sync 3 DAGs
[2024-11-26T20:51:07.560-0600] {logging_mixin.py:190} INFO - [2024-11-26T20:51:07.560-0600] {dag.py:4180} INFO - Setting next_dagrun for dataset_with_extra_by_context to 2024-11-26 00:00:00+00:00, run_after=2024-11-27 00:00:00+00:00
[2024-11-26T20:51:07.561-0600] {logging_mixin.py:190} INFO - [2024-11-26T20:51:07.561-0600] {dag.py:4180} INFO - Setting next_dagrun for dataset_with_extra_by_yield to 2024-11-26 00:00:00+00:00, run_after=2024-11-27 00:00:00+00:00
[2024-11-26T20:51:07.562-0600] {logging_mixin.py:190} INFO - [2024-11-26T20:51:07.562-0600] {dag.py:4180} INFO - Setting next_dagrun for dataset_with_extra_from_classic_operator to 2024-11-26 00:00:00+00:00, run_after=2024-11-27 00:00:00+00:00
[2024-11-26T20:51:07.567-0600] {processor.py:208} INFO - Processing /Library/Frameworks/Python.framework/Versions/3.8/lib/python3.8/site-packages/airflow/example_dags/example_outlet_event_extra.py took 0.078 seconds
[2024-11-26T20:52:38.187-0600] {processor.py:186} INFO - Started process (PID=28775) to work on /Library/Frameworks/Python.framework/Versions/3.8/lib/python3.8/site-packages/airflow/example_dags/example_outlet_event_extra.py
[2024-11-26T20:52:38.187-0600] {processor.py:914} INFO - Processing file /Library/Frameworks/Python.framework/Versions/3.8/lib/python3.8/site-packages/airflow/example_dags/example_outlet_event_extra.py for tasks to queue
[2024-11-26T20:52:38.188-0600] {logging_mixin.py:190} INFO - [2024-11-26T20:52:38.188-0600] {dagbag.py:588} INFO - Filling up the DagBag from /Library/Frameworks/Python.framework/Versions/3.8/lib/python3.8/site-packages/airflow/example_dags/example_outlet_event_extra.py
[2024-11-26T20:52:38.210-0600] {processor.py:925} INFO - DAG(s) 'dataset_with_extra_by_yield', 'dataset_with_extra_by_context', 'dataset_with_extra_from_classic_operator' retrieved from /Library/Frameworks/Python.framework/Versions/3.8/lib/python3.8/site-packages/airflow/example_dags/example_outlet_event_extra.py
[2024-11-26T20:52:38.244-0600] {logging_mixin.py:190} INFO - [2024-11-26T20:52:38.244-0600] {dag.py:3239} INFO - Sync 3 DAGs
[2024-11-26T20:52:38.250-0600] {logging_mixin.py:190} INFO - [2024-11-26T20:52:38.250-0600] {dag.py:4180} INFO - Setting next_dagrun for dataset_with_extra_by_context to 2024-11-26 00:00:00+00:00, run_after=2024-11-27 00:00:00+00:00
[2024-11-26T20:52:38.252-0600] {logging_mixin.py:190} INFO - [2024-11-26T20:52:38.252-0600] {dag.py:4180} INFO - Setting next_dagrun for dataset_with_extra_by_yield to 2024-11-26 00:00:00+00:00, run_after=2024-11-27 00:00:00+00:00
[2024-11-26T20:52:38.252-0600] {logging_mixin.py:190} INFO - [2024-11-26T20:52:38.252-0600] {dag.py:4180} INFO - Setting next_dagrun for dataset_with_extra_from_classic_operator to 2024-11-26 00:00:00+00:00, run_after=2024-11-27 00:00:00+00:00
[2024-11-26T20:52:38.258-0600] {processor.py:208} INFO - Processing /Library/Frameworks/Python.framework/Versions/3.8/lib/python3.8/site-packages/airflow/example_dags/example_outlet_event_extra.py took 0.072 seconds
