[2024-11-26T19:13:27.001-0600] {processor.py:186} INFO - Started process (PID=27626) to work on /Library/Frameworks/Python.framework/Versions/3.8/lib/python3.8/site-packages/airflow/example_dags/example_short_circuit_decorator.py
[2024-11-26T19:13:27.001-0600] {processor.py:914} INFO - Processing file /Library/Frameworks/Python.framework/Versions/3.8/lib/python3.8/site-packages/airflow/example_dags/example_short_circuit_decorator.py for tasks to queue
[2024-11-26T19:13:27.002-0600] {logging_mixin.py:190} INFO - [2024-11-26T19:13:27.002-0600] {dagbag.py:588} INFO - Filling up the DagBag from /Library/Frameworks/Python.framework/Versions/3.8/lib/python3.8/site-packages/airflow/example_dags/example_short_circuit_decorator.py
[2024-11-26T19:13:27.014-0600] {processor.py:925} INFO - DAG(s) 'example_short_circuit_decorator' retrieved from /Library/Frameworks/Python.framework/Versions/3.8/lib/python3.8/site-packages/airflow/example_dags/example_short_circuit_decorator.py
[2024-11-26T19:13:27.047-0600] {logging_mixin.py:190} INFO - [2024-11-26T19:13:27.047-0600] {dag.py:3239} INFO - Sync 1 DAGs
[2024-11-26T19:13:27.050-0600] {logging_mixin.py:190} INFO - [2024-11-26T19:13:27.050-0600] {dag.py:4180} INFO - Setting next_dagrun for example_short_circuit_decorator to None, run_after=None
[2024-11-26T19:13:27.055-0600] {processor.py:208} INFO - Processing /Library/Frameworks/Python.framework/Versions/3.8/lib/python3.8/site-packages/airflow/example_dags/example_short_circuit_decorator.py took 0.055 seconds
[2024-11-26T19:34:21.460-0600] {processor.py:186} INFO - Started process (PID=27814) to work on /Library/Frameworks/Python.framework/Versions/3.8/lib/python3.8/site-packages/airflow/example_dags/example_short_circuit_decorator.py
[2024-11-26T19:34:21.460-0600] {processor.py:914} INFO - Processing file /Library/Frameworks/Python.framework/Versions/3.8/lib/python3.8/site-packages/airflow/example_dags/example_short_circuit_decorator.py for tasks to queue
[2024-11-26T19:34:21.461-0600] {logging_mixin.py:190} INFO - [2024-11-26T19:34:21.461-0600] {dagbag.py:588} INFO - Filling up the DagBag from /Library/Frameworks/Python.framework/Versions/3.8/lib/python3.8/site-packages/airflow/example_dags/example_short_circuit_decorator.py
[2024-11-26T19:34:21.477-0600] {processor.py:925} INFO - DAG(s) 'example_short_circuit_decorator' retrieved from /Library/Frameworks/Python.framework/Versions/3.8/lib/python3.8/site-packages/airflow/example_dags/example_short_circuit_decorator.py
[2024-11-26T19:34:21.512-0600] {logging_mixin.py:190} INFO - [2024-11-26T19:34:21.512-0600] {dag.py:3239} INFO - Sync 1 DAGs
[2024-11-26T19:34:21.516-0600] {logging_mixin.py:190} INFO - [2024-11-26T19:34:21.516-0600] {dag.py:4180} INFO - Setting next_dagrun for example_short_circuit_decorator to None, run_after=None
[2024-11-26T19:34:21.521-0600] {processor.py:208} INFO - Processing /Library/Frameworks/Python.framework/Versions/3.8/lib/python3.8/site-packages/airflow/example_dags/example_short_circuit_decorator.py took 0.063 seconds
[2024-11-26T20:07:19.841-0600] {processor.py:186} INFO - Started process (PID=28013) to work on /Library/Frameworks/Python.framework/Versions/3.8/lib/python3.8/site-packages/airflow/example_dags/example_short_circuit_decorator.py
[2024-11-26T20:07:19.841-0600] {processor.py:914} INFO - Processing file /Library/Frameworks/Python.framework/Versions/3.8/lib/python3.8/site-packages/airflow/example_dags/example_short_circuit_decorator.py for tasks to queue
[2024-11-26T20:07:19.841-0600] {logging_mixin.py:190} INFO - [2024-11-26T20:07:19.841-0600] {dagbag.py:588} INFO - Filling up the DagBag from /Library/Frameworks/Python.framework/Versions/3.8/lib/python3.8/site-packages/airflow/example_dags/example_short_circuit_decorator.py
[2024-11-26T20:07:19.853-0600] {processor.py:925} INFO - DAG(s) 'example_short_circuit_decorator' retrieved from /Library/Frameworks/Python.framework/Versions/3.8/lib/python3.8/site-packages/airflow/example_dags/example_short_circuit_decorator.py
[2024-11-26T20:07:19.886-0600] {logging_mixin.py:190} INFO - [2024-11-26T20:07:19.886-0600] {dag.py:3239} INFO - Sync 1 DAGs
[2024-11-26T20:07:19.889-0600] {logging_mixin.py:190} INFO - [2024-11-26T20:07:19.889-0600] {dag.py:4180} INFO - Setting next_dagrun for example_short_circuit_decorator to None, run_after=None
[2024-11-26T20:07:19.894-0600] {processor.py:208} INFO - Processing /Library/Frameworks/Python.framework/Versions/3.8/lib/python3.8/site-packages/airflow/example_dags/example_short_circuit_decorator.py took 0.055 seconds
[2024-11-26T20:10:22.734-0600] {processor.py:186} INFO - Started process (PID=28148) to work on /Library/Frameworks/Python.framework/Versions/3.8/lib/python3.8/site-packages/airflow/example_dags/example_short_circuit_decorator.py
[2024-11-26T20:10:22.735-0600] {processor.py:914} INFO - Processing file /Library/Frameworks/Python.framework/Versions/3.8/lib/python3.8/site-packages/airflow/example_dags/example_short_circuit_decorator.py for tasks to queue
[2024-11-26T20:10:22.735-0600] {logging_mixin.py:190} INFO - [2024-11-26T20:10:22.735-0600] {dagbag.py:588} INFO - Filling up the DagBag from /Library/Frameworks/Python.framework/Versions/3.8/lib/python3.8/site-packages/airflow/example_dags/example_short_circuit_decorator.py
[2024-11-26T20:10:22.747-0600] {processor.py:925} INFO - DAG(s) 'example_short_circuit_decorator' retrieved from /Library/Frameworks/Python.framework/Versions/3.8/lib/python3.8/site-packages/airflow/example_dags/example_short_circuit_decorator.py
[2024-11-26T20:10:22.780-0600] {logging_mixin.py:190} INFO - [2024-11-26T20:10:22.780-0600] {dag.py:3239} INFO - Sync 1 DAGs
[2024-11-26T20:10:22.783-0600] {logging_mixin.py:190} INFO - [2024-11-26T20:10:22.783-0600] {dag.py:4180} INFO - Setting next_dagrun for example_short_circuit_decorator to None, run_after=None
[2024-11-26T20:10:22.788-0600] {processor.py:208} INFO - Processing /Library/Frameworks/Python.framework/Versions/3.8/lib/python3.8/site-packages/airflow/example_dags/example_short_circuit_decorator.py took 0.055 seconds
[2024-11-26T20:28:05.778-0600] {processor.py:186} INFO - Started process (PID=28385) to work on /Library/Frameworks/Python.framework/Versions/3.8/lib/python3.8/site-packages/airflow/example_dags/example_short_circuit_decorator.py
[2024-11-26T20:28:05.778-0600] {processor.py:914} INFO - Processing file /Library/Frameworks/Python.framework/Versions/3.8/lib/python3.8/site-packages/airflow/example_dags/example_short_circuit_decorator.py for tasks to queue
[2024-11-26T20:28:05.778-0600] {logging_mixin.py:190} INFO - [2024-11-26T20:28:05.778-0600] {dagbag.py:588} INFO - Filling up the DagBag from /Library/Frameworks/Python.framework/Versions/3.8/lib/python3.8/site-packages/airflow/example_dags/example_short_circuit_decorator.py
[2024-11-26T20:28:05.790-0600] {processor.py:925} INFO - DAG(s) 'example_short_circuit_decorator' retrieved from /Library/Frameworks/Python.framework/Versions/3.8/lib/python3.8/site-packages/airflow/example_dags/example_short_circuit_decorator.py
[2024-11-26T20:28:05.823-0600] {logging_mixin.py:190} INFO - [2024-11-26T20:28:05.823-0600] {dag.py:3239} INFO - Sync 1 DAGs
[2024-11-26T20:28:05.827-0600] {logging_mixin.py:190} INFO - [2024-11-26T20:28:05.827-0600] {dag.py:4180} INFO - Setting next_dagrun for example_short_circuit_decorator to None, run_after=None
[2024-11-26T20:28:05.832-0600] {processor.py:208} INFO - Processing /Library/Frameworks/Python.framework/Versions/3.8/lib/python3.8/site-packages/airflow/example_dags/example_short_circuit_decorator.py took 0.055 seconds
[2024-11-26T20:50:50.521-0600] {processor.py:186} INFO - Started process (PID=28528) to work on /Library/Frameworks/Python.framework/Versions/3.8/lib/python3.8/site-packages/airflow/example_dags/example_short_circuit_decorator.py
[2024-11-26T20:50:50.522-0600] {processor.py:914} INFO - Processing file /Library/Frameworks/Python.framework/Versions/3.8/lib/python3.8/site-packages/airflow/example_dags/example_short_circuit_decorator.py for tasks to queue
[2024-11-26T20:50:50.522-0600] {logging_mixin.py:190} INFO - [2024-11-26T20:50:50.522-0600] {dagbag.py:588} INFO - Filling up the DagBag from /Library/Frameworks/Python.framework/Versions/3.8/lib/python3.8/site-packages/airflow/example_dags/example_short_circuit_decorator.py
[2024-11-26T20:50:50.534-0600] {processor.py:925} INFO - DAG(s) 'example_short_circuit_decorator' retrieved from /Library/Frameworks/Python.framework/Versions/3.8/lib/python3.8/site-packages/airflow/example_dags/example_short_circuit_decorator.py
[2024-11-26T20:50:50.568-0600] {logging_mixin.py:190} INFO - [2024-11-26T20:50:50.567-0600] {dag.py:3239} INFO - Sync 1 DAGs
[2024-11-26T20:50:50.571-0600] {logging_mixin.py:190} INFO - [2024-11-26T20:50:50.571-0600] {dag.py:4180} INFO - Setting next_dagrun for example_short_circuit_decorator to None, run_after=None
[2024-11-26T20:50:50.576-0600] {processor.py:208} INFO - Processing /Library/Frameworks/Python.framework/Versions/3.8/lib/python3.8/site-packages/airflow/example_dags/example_short_circuit_decorator.py took 0.056 seconds
[2024-11-26T20:52:20.731-0600] {processor.py:186} INFO - Started process (PID=28735) to work on /Library/Frameworks/Python.framework/Versions/3.8/lib/python3.8/site-packages/airflow/example_dags/example_short_circuit_decorator.py
[2024-11-26T20:52:20.731-0600] {processor.py:914} INFO - Processing file /Library/Frameworks/Python.framework/Versions/3.8/lib/python3.8/site-packages/airflow/example_dags/example_short_circuit_decorator.py for tasks to queue
[2024-11-26T20:52:20.731-0600] {logging_mixin.py:190} INFO - [2024-11-26T20:52:20.731-0600] {dagbag.py:588} INFO - Filling up the DagBag from /Library/Frameworks/Python.framework/Versions/3.8/lib/python3.8/site-packages/airflow/example_dags/example_short_circuit_decorator.py
[2024-11-26T20:52:20.743-0600] {processor.py:925} INFO - DAG(s) 'example_short_circuit_decorator' retrieved from /Library/Frameworks/Python.framework/Versions/3.8/lib/python3.8/site-packages/airflow/example_dags/example_short_circuit_decorator.py
[2024-11-26T20:52:20.777-0600] {logging_mixin.py:190} INFO - [2024-11-26T20:52:20.777-0600] {dag.py:3239} INFO - Sync 1 DAGs
[2024-11-26T20:52:20.780-0600] {logging_mixin.py:190} INFO - [2024-11-26T20:52:20.780-0600] {dag.py:4180} INFO - Setting next_dagrun for example_short_circuit_decorator to None, run_after=None
[2024-11-26T20:52:20.785-0600] {processor.py:208} INFO - Processing /Library/Frameworks/Python.framework/Versions/3.8/lib/python3.8/site-packages/airflow/example_dags/example_short_circuit_decorator.py took 0.056 seconds
