[2024-11-26T19:08:21.322-0600] {processor.py:186} INFO - Started process (PID=27610) to work on /Library/Frameworks/Python.framework/Versions/3.8/lib/python3.8/site-packages/airflow/example_dags/example_subdag_operator.py
[2024-11-26T19:08:21.323-0600] {processor.py:914} INFO - Processing file /Library/Frameworks/Python.framework/Versions/3.8/lib/python3.8/site-packages/airflow/example_dags/example_subdag_operator.py for tasks to queue
[2024-11-26T19:08:21.323-0600] {logging_mixin.py:190} INFO - [2024-11-26T19:08:21.323-0600] {dagbag.py:588} INFO - Filling up the DagBag from /Library/Frameworks/Python.framework/Versions/3.8/lib/python3.8/site-packages/airflow/example_dags/example_subdag_operator.py
[2024-11-26T19:08:21.357-0600] {processor.py:925} INFO - DAG(s) 'example_subdag_operator.section-1', 'example_subdag_operator.section-2', 'example_subdag_operator' retrieved from /Library/Frameworks/Python.framework/Versions/3.8/lib/python3.8/site-packages/airflow/example_dags/example_subdag_operator.py
[2024-11-26T19:08:21.362-0600] {logging_mixin.py:190} INFO - [2024-11-26T19:08:21.361-0600] {workday.py:41} WARNING - Could not import pandas. Holidays will not be considered.
[2024-11-26T19:08:21.366-0600] {logging_mixin.py:190} INFO - [2024-11-26T19:08:21.366-0600] {dag.py:3239} INFO - Sync 3 DAGs
[2024-11-26T19:08:21.372-0600] {logging_mixin.py:190} INFO - [2024-11-26T19:08:21.372-0600] {dag.py:4180} INFO - Setting next_dagrun for example_subdag_operator to 2022-01-01 00:00:00+00:00, run_after=2022-01-01 00:00:00+00:00
[2024-11-26T19:08:21.373-0600] {logging_mixin.py:190} INFO - [2024-11-26T19:08:21.373-0600] {dag.py:4180} INFO - Setting next_dagrun for example_subdag_operator.section-1 to None, run_after=None
[2024-11-26T19:08:21.373-0600] {logging_mixin.py:190} INFO - [2024-11-26T19:08:21.373-0600] {dag.py:4180} INFO - Setting next_dagrun for example_subdag_operator.section-2 to None, run_after=None
[2024-11-26T19:08:21.375-0600] {logging_mixin.py:190} INFO - [2024-11-26T19:08:21.375-0600] {dag.py:3239} INFO - Sync 2 DAGs
[2024-11-26T19:08:21.376-0600] {logging_mixin.py:190} INFO - [2024-11-26T19:08:21.376-0600] {dag.py:4180} INFO - Setting next_dagrun for example_subdag_operator.section-1 to None, run_after=None
[2024-11-26T19:08:21.376-0600] {logging_mixin.py:190} INFO - [2024-11-26T19:08:21.376-0600] {dag.py:4180} INFO - Setting next_dagrun for example_subdag_operator.section-2 to None, run_after=None
[2024-11-26T19:08:21.379-0600] {processor.py:208} INFO - Processing /Library/Frameworks/Python.framework/Versions/3.8/lib/python3.8/site-packages/airflow/example_dags/example_subdag_operator.py took 0.058 seconds
[2024-11-26T19:34:09.778-0600] {processor.py:186} INFO - Started process (PID=27801) to work on /Library/Frameworks/Python.framework/Versions/3.8/lib/python3.8/site-packages/airflow/example_dags/example_subdag_operator.py
[2024-11-26T19:34:09.779-0600] {processor.py:914} INFO - Processing file /Library/Frameworks/Python.framework/Versions/3.8/lib/python3.8/site-packages/airflow/example_dags/example_subdag_operator.py for tasks to queue
[2024-11-26T19:34:09.780-0600] {logging_mixin.py:190} INFO - [2024-11-26T19:34:09.780-0600] {dagbag.py:588} INFO - Filling up the DagBag from /Library/Frameworks/Python.framework/Versions/3.8/lib/python3.8/site-packages/airflow/example_dags/example_subdag_operator.py
[2024-11-26T19:34:09.820-0600] {processor.py:925} INFO - DAG(s) 'example_subdag_operator.section-1', 'example_subdag_operator.section-2', 'example_subdag_operator' retrieved from /Library/Frameworks/Python.framework/Versions/3.8/lib/python3.8/site-packages/airflow/example_dags/example_subdag_operator.py
[2024-11-26T19:34:09.825-0600] {logging_mixin.py:190} INFO - [2024-11-26T19:34:09.825-0600] {workday.py:41} WARNING - Could not import pandas. Holidays will not be considered.
[2024-11-26T19:34:09.830-0600] {logging_mixin.py:190} INFO - [2024-11-26T19:34:09.830-0600] {dag.py:3239} INFO - Sync 3 DAGs
[2024-11-26T19:34:09.836-0600] {logging_mixin.py:190} INFO - [2024-11-26T19:34:09.836-0600] {dag.py:4180} INFO - Setting next_dagrun for example_subdag_operator to 2022-01-01 00:00:00+00:00, run_after=2022-01-01 00:00:00+00:00
[2024-11-26T19:34:09.837-0600] {logging_mixin.py:190} INFO - [2024-11-26T19:34:09.837-0600] {dag.py:4180} INFO - Setting next_dagrun for example_subdag_operator.section-1 to None, run_after=None
[2024-11-26T19:34:09.837-0600] {logging_mixin.py:190} INFO - [2024-11-26T19:34:09.837-0600] {dag.py:4180} INFO - Setting next_dagrun for example_subdag_operator.section-2 to None, run_after=None
[2024-11-26T19:34:09.839-0600] {logging_mixin.py:190} INFO - [2024-11-26T19:34:09.839-0600] {dag.py:3239} INFO - Sync 2 DAGs
[2024-11-26T19:34:09.840-0600] {logging_mixin.py:190} INFO - [2024-11-26T19:34:09.840-0600] {dag.py:4180} INFO - Setting next_dagrun for example_subdag_operator.section-1 to None, run_after=None
[2024-11-26T19:34:09.840-0600] {logging_mixin.py:190} INFO - [2024-11-26T19:34:09.840-0600] {dag.py:4180} INFO - Setting next_dagrun for example_subdag_operator.section-2 to None, run_after=None
[2024-11-26T19:34:09.844-0600] {processor.py:208} INFO - Processing /Library/Frameworks/Python.framework/Versions/3.8/lib/python3.8/site-packages/airflow/example_dags/example_subdag_operator.py took 0.067 seconds
[2024-11-26T20:07:12.867-0600] {processor.py:186} INFO - Started process (PID=27984) to work on /Library/Frameworks/Python.framework/Versions/3.8/lib/python3.8/site-packages/airflow/example_dags/example_subdag_operator.py
[2024-11-26T20:07:12.868-0600] {processor.py:914} INFO - Processing file /Library/Frameworks/Python.framework/Versions/3.8/lib/python3.8/site-packages/airflow/example_dags/example_subdag_operator.py for tasks to queue
[2024-11-26T20:07:12.868-0600] {logging_mixin.py:190} INFO - [2024-11-26T20:07:12.868-0600] {dagbag.py:588} INFO - Filling up the DagBag from /Library/Frameworks/Python.framework/Versions/3.8/lib/python3.8/site-packages/airflow/example_dags/example_subdag_operator.py
[2024-11-26T20:07:12.902-0600] {processor.py:925} INFO - DAG(s) 'example_subdag_operator.section-1', 'example_subdag_operator.section-2', 'example_subdag_operator' retrieved from /Library/Frameworks/Python.framework/Versions/3.8/lib/python3.8/site-packages/airflow/example_dags/example_subdag_operator.py
[2024-11-26T20:07:12.907-0600] {logging_mixin.py:190} INFO - [2024-11-26T20:07:12.907-0600] {workday.py:41} WARNING - Could not import pandas. Holidays will not be considered.
[2024-11-26T20:07:12.911-0600] {logging_mixin.py:190} INFO - [2024-11-26T20:07:12.911-0600] {dag.py:3239} INFO - Sync 3 DAGs
[2024-11-26T20:07:12.917-0600] {logging_mixin.py:190} INFO - [2024-11-26T20:07:12.917-0600] {dag.py:4180} INFO - Setting next_dagrun for example_subdag_operator to 2022-01-01 00:00:00+00:00, run_after=2022-01-01 00:00:00+00:00
[2024-11-26T20:07:12.918-0600] {logging_mixin.py:190} INFO - [2024-11-26T20:07:12.918-0600] {dag.py:4180} INFO - Setting next_dagrun for example_subdag_operator.section-1 to None, run_after=None
[2024-11-26T20:07:12.918-0600] {logging_mixin.py:190} INFO - [2024-11-26T20:07:12.918-0600] {dag.py:4180} INFO - Setting next_dagrun for example_subdag_operator.section-2 to None, run_after=None
[2024-11-26T20:07:12.920-0600] {logging_mixin.py:190} INFO - [2024-11-26T20:07:12.920-0600] {dag.py:3239} INFO - Sync 2 DAGs
[2024-11-26T20:07:12.921-0600] {logging_mixin.py:190} INFO - [2024-11-26T20:07:12.921-0600] {dag.py:4180} INFO - Setting next_dagrun for example_subdag_operator.section-1 to None, run_after=None
[2024-11-26T20:07:12.921-0600] {logging_mixin.py:190} INFO - [2024-11-26T20:07:12.921-0600] {dag.py:4180} INFO - Setting next_dagrun for example_subdag_operator.section-2 to None, run_after=None
[2024-11-26T20:07:12.925-0600] {processor.py:208} INFO - Processing /Library/Frameworks/Python.framework/Versions/3.8/lib/python3.8/site-packages/airflow/example_dags/example_subdag_operator.py took 0.058 seconds
[2024-11-26T20:10:16.411-0600] {processor.py:186} INFO - Started process (PID=28136) to work on /Library/Frameworks/Python.framework/Versions/3.8/lib/python3.8/site-packages/airflow/example_dags/example_subdag_operator.py
[2024-11-26T20:10:16.411-0600] {processor.py:914} INFO - Processing file /Library/Frameworks/Python.framework/Versions/3.8/lib/python3.8/site-packages/airflow/example_dags/example_subdag_operator.py for tasks to queue
[2024-11-26T20:10:16.412-0600] {logging_mixin.py:190} INFO - [2024-11-26T20:10:16.411-0600] {dagbag.py:588} INFO - Filling up the DagBag from /Library/Frameworks/Python.framework/Versions/3.8/lib/python3.8/site-packages/airflow/example_dags/example_subdag_operator.py
[2024-11-26T20:10:16.445-0600] {processor.py:925} INFO - DAG(s) 'example_subdag_operator.section-1', 'example_subdag_operator.section-2', 'example_subdag_operator' retrieved from /Library/Frameworks/Python.framework/Versions/3.8/lib/python3.8/site-packages/airflow/example_dags/example_subdag_operator.py
[2024-11-26T20:10:16.449-0600] {logging_mixin.py:190} INFO - [2024-11-26T20:10:16.449-0600] {workday.py:41} WARNING - Could not import pandas. Holidays will not be considered.
[2024-11-26T20:10:16.454-0600] {logging_mixin.py:190} INFO - [2024-11-26T20:10:16.454-0600] {dag.py:3239} INFO - Sync 3 DAGs
[2024-11-26T20:10:16.460-0600] {logging_mixin.py:190} INFO - [2024-11-26T20:10:16.460-0600] {dag.py:4180} INFO - Setting next_dagrun for example_subdag_operator to 2022-01-01 00:00:00+00:00, run_after=2022-01-01 00:00:00+00:00
[2024-11-26T20:10:16.461-0600] {logging_mixin.py:190} INFO - [2024-11-26T20:10:16.461-0600] {dag.py:4180} INFO - Setting next_dagrun for example_subdag_operator.section-1 to None, run_after=None
[2024-11-26T20:10:16.461-0600] {logging_mixin.py:190} INFO - [2024-11-26T20:10:16.461-0600] {dag.py:4180} INFO - Setting next_dagrun for example_subdag_operator.section-2 to None, run_after=None
[2024-11-26T20:10:16.463-0600] {logging_mixin.py:190} INFO - [2024-11-26T20:10:16.463-0600] {dag.py:3239} INFO - Sync 2 DAGs
[2024-11-26T20:10:16.464-0600] {logging_mixin.py:190} INFO - [2024-11-26T20:10:16.464-0600] {dag.py:4180} INFO - Setting next_dagrun for example_subdag_operator.section-1 to None, run_after=None
[2024-11-26T20:10:16.464-0600] {logging_mixin.py:190} INFO - [2024-11-26T20:10:16.464-0600] {dag.py:4180} INFO - Setting next_dagrun for example_subdag_operator.section-2 to None, run_after=None
[2024-11-26T20:10:16.467-0600] {processor.py:208} INFO - Processing /Library/Frameworks/Python.framework/Versions/3.8/lib/python3.8/site-packages/airflow/example_dags/example_subdag_operator.py took 0.058 seconds
[2024-11-26T20:12:27.669-0600] {processor.py:186} INFO - Started process (PID=28371) to work on /Library/Frameworks/Python.framework/Versions/3.8/lib/python3.8/site-packages/airflow/example_dags/example_subdag_operator.py
[2024-11-26T20:12:27.669-0600] {processor.py:914} INFO - Processing file /Library/Frameworks/Python.framework/Versions/3.8/lib/python3.8/site-packages/airflow/example_dags/example_subdag_operator.py for tasks to queue
[2024-11-26T20:12:27.670-0600] {logging_mixin.py:190} INFO - [2024-11-26T20:12:27.670-0600] {dagbag.py:588} INFO - Filling up the DagBag from /Library/Frameworks/Python.framework/Versions/3.8/lib/python3.8/site-packages/airflow/example_dags/example_subdag_operator.py
[2024-11-26T20:12:27.703-0600] {processor.py:925} INFO - DAG(s) 'example_subdag_operator.section-1', 'example_subdag_operator.section-2', 'example_subdag_operator' retrieved from /Library/Frameworks/Python.framework/Versions/3.8/lib/python3.8/site-packages/airflow/example_dags/example_subdag_operator.py
[2024-11-26T20:12:27.707-0600] {logging_mixin.py:190} INFO - [2024-11-26T20:12:27.707-0600] {workday.py:41} WARNING - Could not import pandas. Holidays will not be considered.
[2024-11-26T20:12:27.712-0600] {logging_mixin.py:190} INFO - [2024-11-26T20:12:27.712-0600] {dag.py:3239} INFO - Sync 3 DAGs
[2024-11-26T20:12:27.718-0600] {logging_mixin.py:190} INFO - [2024-11-26T20:12:27.718-0600] {dag.py:4180} INFO - Setting next_dagrun for example_subdag_operator to 2022-01-01 00:00:00+00:00, run_after=2022-01-01 00:00:00+00:00
[2024-11-26T20:12:27.718-0600] {logging_mixin.py:190} INFO - [2024-11-26T20:12:27.718-0600] {dag.py:4180} INFO - Setting next_dagrun for example_subdag_operator.section-1 to None, run_after=None
[2024-11-26T20:12:27.719-0600] {logging_mixin.py:190} INFO - [2024-11-26T20:12:27.719-0600] {dag.py:4180} INFO - Setting next_dagrun for example_subdag_operator.section-2 to None, run_after=None
[2024-11-26T20:12:27.720-0600] {logging_mixin.py:190} INFO - [2024-11-26T20:12:27.720-0600] {dag.py:3239} INFO - Sync 2 DAGs
[2024-11-26T20:12:27.721-0600] {logging_mixin.py:190} INFO - [2024-11-26T20:12:27.721-0600] {dag.py:4180} INFO - Setting next_dagrun for example_subdag_operator.section-1 to None, run_after=None
[2024-11-26T20:12:27.721-0600] {logging_mixin.py:190} INFO - [2024-11-26T20:12:27.721-0600] {dag.py:4180} INFO - Setting next_dagrun for example_subdag_operator.section-2 to None, run_after=None
[2024-11-26T20:12:27.725-0600] {processor.py:208} INFO - Processing /Library/Frameworks/Python.framework/Versions/3.8/lib/python3.8/site-packages/airflow/example_dags/example_subdag_operator.py took 0.057 seconds
[2024-11-26T20:50:44.109-0600] {processor.py:186} INFO - Started process (PID=28515) to work on /Library/Frameworks/Python.framework/Versions/3.8/lib/python3.8/site-packages/airflow/example_dags/example_subdag_operator.py
[2024-11-26T20:50:44.110-0600] {processor.py:914} INFO - Processing file /Library/Frameworks/Python.framework/Versions/3.8/lib/python3.8/site-packages/airflow/example_dags/example_subdag_operator.py for tasks to queue
[2024-11-26T20:50:44.110-0600] {logging_mixin.py:190} INFO - [2024-11-26T20:50:44.110-0600] {dagbag.py:588} INFO - Filling up the DagBag from /Library/Frameworks/Python.framework/Versions/3.8/lib/python3.8/site-packages/airflow/example_dags/example_subdag_operator.py
[2024-11-26T20:50:44.145-0600] {processor.py:925} INFO - DAG(s) 'example_subdag_operator.section-1', 'example_subdag_operator.section-2', 'example_subdag_operator' retrieved from /Library/Frameworks/Python.framework/Versions/3.8/lib/python3.8/site-packages/airflow/example_dags/example_subdag_operator.py
[2024-11-26T20:50:44.149-0600] {logging_mixin.py:190} INFO - [2024-11-26T20:50:44.149-0600] {workday.py:41} WARNING - Could not import pandas. Holidays will not be considered.
[2024-11-26T20:50:44.155-0600] {logging_mixin.py:190} INFO - [2024-11-26T20:50:44.155-0600] {dag.py:3239} INFO - Sync 3 DAGs
[2024-11-26T20:50:44.161-0600] {logging_mixin.py:190} INFO - [2024-11-26T20:50:44.161-0600] {dag.py:4180} INFO - Setting next_dagrun for example_subdag_operator to 2022-01-01 00:00:00+00:00, run_after=2022-01-01 00:00:00+00:00
[2024-11-26T20:50:44.162-0600] {logging_mixin.py:190} INFO - [2024-11-26T20:50:44.162-0600] {dag.py:4180} INFO - Setting next_dagrun for example_subdag_operator.section-1 to None, run_after=None
[2024-11-26T20:50:44.162-0600] {logging_mixin.py:190} INFO - [2024-11-26T20:50:44.162-0600] {dag.py:4180} INFO - Setting next_dagrun for example_subdag_operator.section-2 to None, run_after=None
[2024-11-26T20:50:44.164-0600] {logging_mixin.py:190} INFO - [2024-11-26T20:50:44.164-0600] {dag.py:3239} INFO - Sync 2 DAGs
[2024-11-26T20:50:44.165-0600] {logging_mixin.py:190} INFO - [2024-11-26T20:50:44.165-0600] {dag.py:4180} INFO - Setting next_dagrun for example_subdag_operator.section-1 to None, run_after=None
[2024-11-26T20:50:44.165-0600] {logging_mixin.py:190} INFO - [2024-11-26T20:50:44.165-0600] {dag.py:4180} INFO - Setting next_dagrun for example_subdag_operator.section-2 to None, run_after=None
[2024-11-26T20:50:44.168-0600] {processor.py:208} INFO - Processing /Library/Frameworks/Python.framework/Versions/3.8/lib/python3.8/site-packages/airflow/example_dags/example_subdag_operator.py took 0.061 seconds
[2024-11-26T20:52:13.576-0600] {processor.py:186} INFO - Started process (PID=28718) to work on /Library/Frameworks/Python.framework/Versions/3.8/lib/python3.8/site-packages/airflow/example_dags/example_subdag_operator.py
[2024-11-26T20:52:13.576-0600] {processor.py:914} INFO - Processing file /Library/Frameworks/Python.framework/Versions/3.8/lib/python3.8/site-packages/airflow/example_dags/example_subdag_operator.py for tasks to queue
[2024-11-26T20:52:13.577-0600] {logging_mixin.py:190} INFO - [2024-11-26T20:52:13.576-0600] {dagbag.py:588} INFO - Filling up the DagBag from /Library/Frameworks/Python.framework/Versions/3.8/lib/python3.8/site-packages/airflow/example_dags/example_subdag_operator.py
[2024-11-26T20:52:13.610-0600] {processor.py:925} INFO - DAG(s) 'example_subdag_operator.section-1', 'example_subdag_operator.section-2', 'example_subdag_operator' retrieved from /Library/Frameworks/Python.framework/Versions/3.8/lib/python3.8/site-packages/airflow/example_dags/example_subdag_operator.py
[2024-11-26T20:52:13.614-0600] {logging_mixin.py:190} INFO - [2024-11-26T20:52:13.614-0600] {workday.py:41} WARNING - Could not import pandas. Holidays will not be considered.
[2024-11-26T20:52:13.619-0600] {logging_mixin.py:190} INFO - [2024-11-26T20:52:13.619-0600] {dag.py:3239} INFO - Sync 3 DAGs
[2024-11-26T20:52:13.625-0600] {logging_mixin.py:190} INFO - [2024-11-26T20:52:13.625-0600] {dag.py:4180} INFO - Setting next_dagrun for example_subdag_operator to 2022-01-01 00:00:00+00:00, run_after=2022-01-01 00:00:00+00:00
[2024-11-26T20:52:13.625-0600] {logging_mixin.py:190} INFO - [2024-11-26T20:52:13.625-0600] {dag.py:4180} INFO - Setting next_dagrun for example_subdag_operator.section-1 to None, run_after=None
[2024-11-26T20:52:13.626-0600] {logging_mixin.py:190} INFO - [2024-11-26T20:52:13.626-0600] {dag.py:4180} INFO - Setting next_dagrun for example_subdag_operator.section-2 to None, run_after=None
[2024-11-26T20:52:13.627-0600] {logging_mixin.py:190} INFO - [2024-11-26T20:52:13.627-0600] {dag.py:3239} INFO - Sync 2 DAGs
[2024-11-26T20:52:13.628-0600] {logging_mixin.py:190} INFO - [2024-11-26T20:52:13.628-0600] {dag.py:4180} INFO - Setting next_dagrun for example_subdag_operator.section-1 to None, run_after=None
[2024-11-26T20:52:13.628-0600] {logging_mixin.py:190} INFO - [2024-11-26T20:52:13.628-0600] {dag.py:4180} INFO - Setting next_dagrun for example_subdag_operator.section-2 to None, run_after=None
[2024-11-26T20:52:13.632-0600] {processor.py:208} INFO - Processing /Library/Frameworks/Python.framework/Versions/3.8/lib/python3.8/site-packages/airflow/example_dags/example_subdag_operator.py took 0.057 seconds
