[2024-11-26T19:17:07.731-0600] {processor.py:186} INFO - Started process (PID=27679) to work on /Library/Frameworks/Python.framework/Versions/3.8/lib/python3.8/site-packages/airflow/example_dags/example_external_task_marker_dag.py
[2024-11-26T19:17:07.732-0600] {processor.py:914} INFO - Processing file /Library/Frameworks/Python.framework/Versions/3.8/lib/python3.8/site-packages/airflow/example_dags/example_external_task_marker_dag.py for tasks to queue
[2024-11-26T19:17:07.732-0600] {logging_mixin.py:190} INFO - [2024-11-26T19:17:07.732-0600] {dagbag.py:588} INFO - Filling up the DagBag from /Library/Frameworks/Python.framework/Versions/3.8/lib/python3.8/site-packages/airflow/example_dags/example_external_task_marker_dag.py
[2024-11-26T19:17:07.736-0600] {processor.py:925} INFO - DAG(s) 'example_external_task_marker_child', 'example_external_task_marker_parent' retrieved from /Library/Frameworks/Python.framework/Versions/3.8/lib/python3.8/site-packages/airflow/example_dags/example_external_task_marker_dag.py
[2024-11-26T19:17:07.766-0600] {logging_mixin.py:190} INFO - [2024-11-26T19:17:07.766-0600] {workday.py:41} WARNING - Could not import pandas. Holidays will not be considered.
[2024-11-26T19:17:07.772-0600] {logging_mixin.py:190} INFO - [2024-11-26T19:17:07.772-0600] {dag.py:3239} INFO - Sync 2 DAGs
[2024-11-26T19:17:07.776-0600] {logging_mixin.py:190} INFO - [2024-11-26T19:17:07.776-0600] {dag.py:4180} INFO - Setting next_dagrun for example_external_task_marker_child to None, run_after=None
[2024-11-26T19:17:07.776-0600] {logging_mixin.py:190} INFO - [2024-11-26T19:17:07.776-0600] {dag.py:4180} INFO - Setting next_dagrun for example_external_task_marker_parent to None, run_after=None
[2024-11-26T19:17:07.781-0600] {processor.py:208} INFO - Processing /Library/Frameworks/Python.framework/Versions/3.8/lib/python3.8/site-packages/airflow/example_dags/example_external_task_marker_dag.py took 0.051 seconds
[2024-11-26T19:52:07.459-0600] {processor.py:186} INFO - Started process (PID=27868) to work on /Library/Frameworks/Python.framework/Versions/3.8/lib/python3.8/site-packages/airflow/example_dags/example_external_task_marker_dag.py
[2024-11-26T19:52:07.460-0600] {processor.py:914} INFO - Processing file /Library/Frameworks/Python.framework/Versions/3.8/lib/python3.8/site-packages/airflow/example_dags/example_external_task_marker_dag.py for tasks to queue
[2024-11-26T19:52:07.460-0600] {logging_mixin.py:190} INFO - [2024-11-26T19:52:07.460-0600] {dagbag.py:588} INFO - Filling up the DagBag from /Library/Frameworks/Python.framework/Versions/3.8/lib/python3.8/site-packages/airflow/example_dags/example_external_task_marker_dag.py
[2024-11-26T19:52:07.465-0600] {processor.py:925} INFO - DAG(s) 'example_external_task_marker_child', 'example_external_task_marker_parent' retrieved from /Library/Frameworks/Python.framework/Versions/3.8/lib/python3.8/site-packages/airflow/example_dags/example_external_task_marker_dag.py
[2024-11-26T19:52:07.494-0600] {logging_mixin.py:190} INFO - [2024-11-26T19:52:07.494-0600] {workday.py:41} WARNING - Could not import pandas. Holidays will not be considered.
[2024-11-26T19:52:07.500-0600] {logging_mixin.py:190} INFO - [2024-11-26T19:52:07.500-0600] {dag.py:3239} INFO - Sync 2 DAGs
[2024-11-26T19:52:07.504-0600] {logging_mixin.py:190} INFO - [2024-11-26T19:52:07.504-0600] {dag.py:4180} INFO - Setting next_dagrun for example_external_task_marker_child to None, run_after=None
[2024-11-26T19:52:07.504-0600] {logging_mixin.py:190} INFO - [2024-11-26T19:52:07.504-0600] {dag.py:4180} INFO - Setting next_dagrun for example_external_task_marker_parent to None, run_after=None
[2024-11-26T19:52:07.509-0600] {processor.py:208} INFO - Processing /Library/Frameworks/Python.framework/Versions/3.8/lib/python3.8/site-packages/airflow/example_dags/example_external_task_marker_dag.py took 0.051 seconds
[2024-11-26T20:07:46.706-0600] {processor.py:186} INFO - Started process (PID=28064) to work on /Library/Frameworks/Python.framework/Versions/3.8/lib/python3.8/site-packages/airflow/example_dags/example_external_task_marker_dag.py
[2024-11-26T20:07:46.706-0600] {processor.py:914} INFO - Processing file /Library/Frameworks/Python.framework/Versions/3.8/lib/python3.8/site-packages/airflow/example_dags/example_external_task_marker_dag.py for tasks to queue
[2024-11-26T20:07:46.706-0600] {logging_mixin.py:190} INFO - [2024-11-26T20:07:46.706-0600] {dagbag.py:588} INFO - Filling up the DagBag from /Library/Frameworks/Python.framework/Versions/3.8/lib/python3.8/site-packages/airflow/example_dags/example_external_task_marker_dag.py
[2024-11-26T20:07:46.710-0600] {processor.py:925} INFO - DAG(s) 'example_external_task_marker_parent', 'example_external_task_marker_child' retrieved from /Library/Frameworks/Python.framework/Versions/3.8/lib/python3.8/site-packages/airflow/example_dags/example_external_task_marker_dag.py
[2024-11-26T20:07:46.741-0600] {logging_mixin.py:190} INFO - [2024-11-26T20:07:46.741-0600] {workday.py:41} WARNING - Could not import pandas. Holidays will not be considered.
[2024-11-26T20:07:46.745-0600] {logging_mixin.py:190} INFO - [2024-11-26T20:07:46.745-0600] {dag.py:3239} INFO - Sync 2 DAGs
[2024-11-26T20:07:46.749-0600] {logging_mixin.py:190} INFO - [2024-11-26T20:07:46.748-0600] {dag.py:4180} INFO - Setting next_dagrun for example_external_task_marker_child to None, run_after=None
[2024-11-26T20:07:46.749-0600] {logging_mixin.py:190} INFO - [2024-11-26T20:07:46.749-0600] {dag.py:4180} INFO - Setting next_dagrun for example_external_task_marker_parent to None, run_after=None
[2024-11-26T20:07:46.754-0600] {processor.py:208} INFO - Processing /Library/Frameworks/Python.framework/Versions/3.8/lib/python3.8/site-packages/airflow/example_dags/example_external_task_marker_dag.py took 0.049 seconds
[2024-11-26T20:11:47.489-0600] {processor.py:186} INFO - Started process (PID=28302) to work on /Library/Frameworks/Python.framework/Versions/3.8/lib/python3.8/site-packages/airflow/example_dags/example_external_task_marker_dag.py
[2024-11-26T20:11:47.490-0600] {processor.py:914} INFO - Processing file /Library/Frameworks/Python.framework/Versions/3.8/lib/python3.8/site-packages/airflow/example_dags/example_external_task_marker_dag.py for tasks to queue
[2024-11-26T20:11:47.491-0600] {logging_mixin.py:190} INFO - [2024-11-26T20:11:47.491-0600] {dagbag.py:588} INFO - Filling up the DagBag from /Library/Frameworks/Python.framework/Versions/3.8/lib/python3.8/site-packages/airflow/example_dags/example_external_task_marker_dag.py
[2024-11-26T20:11:47.495-0600] {processor.py:925} INFO - DAG(s) 'example_external_task_marker_parent', 'example_external_task_marker_child' retrieved from /Library/Frameworks/Python.framework/Versions/3.8/lib/python3.8/site-packages/airflow/example_dags/example_external_task_marker_dag.py
[2024-11-26T20:11:47.526-0600] {logging_mixin.py:190} INFO - [2024-11-26T20:11:47.526-0600] {workday.py:41} WARNING - Could not import pandas. Holidays will not be considered.
[2024-11-26T20:11:47.530-0600] {logging_mixin.py:190} INFO - [2024-11-26T20:11:47.529-0600] {dag.py:3239} INFO - Sync 2 DAGs
[2024-11-26T20:11:47.533-0600] {logging_mixin.py:190} INFO - [2024-11-26T20:11:47.533-0600] {dag.py:4180} INFO - Setting next_dagrun for example_external_task_marker_child to None, run_after=None
[2024-11-26T20:11:47.534-0600] {logging_mixin.py:190} INFO - [2024-11-26T20:11:47.534-0600] {dag.py:4180} INFO - Setting next_dagrun for example_external_task_marker_parent to None, run_after=None
[2024-11-26T20:11:47.539-0600] {processor.py:208} INFO - Processing /Library/Frameworks/Python.framework/Versions/3.8/lib/python3.8/site-packages/airflow/example_dags/example_external_task_marker_dag.py took 0.051 seconds
[2024-11-26T20:51:19.879-0600] {processor.py:186} INFO - Started process (PID=28596) to work on /Library/Frameworks/Python.framework/Versions/3.8/lib/python3.8/site-packages/airflow/example_dags/example_external_task_marker_dag.py
[2024-11-26T20:51:19.880-0600] {processor.py:914} INFO - Processing file /Library/Frameworks/Python.framework/Versions/3.8/lib/python3.8/site-packages/airflow/example_dags/example_external_task_marker_dag.py for tasks to queue
[2024-11-26T20:51:19.881-0600] {logging_mixin.py:190} INFO - [2024-11-26T20:51:19.881-0600] {dagbag.py:588} INFO - Filling up the DagBag from /Library/Frameworks/Python.framework/Versions/3.8/lib/python3.8/site-packages/airflow/example_dags/example_external_task_marker_dag.py
[2024-11-26T20:51:19.885-0600] {processor.py:925} INFO - DAG(s) 'example_external_task_marker_parent', 'example_external_task_marker_child' retrieved from /Library/Frameworks/Python.framework/Versions/3.8/lib/python3.8/site-packages/airflow/example_dags/example_external_task_marker_dag.py
[2024-11-26T20:51:19.916-0600] {logging_mixin.py:190} INFO - [2024-11-26T20:51:19.916-0600] {workday.py:41} WARNING - Could not import pandas. Holidays will not be considered.
[2024-11-26T20:51:19.920-0600] {logging_mixin.py:190} INFO - [2024-11-26T20:51:19.920-0600] {dag.py:3239} INFO - Sync 2 DAGs
[2024-11-26T20:51:19.924-0600] {logging_mixin.py:190} INFO - [2024-11-26T20:51:19.924-0600] {dag.py:4180} INFO - Setting next_dagrun for example_external_task_marker_child to None, run_after=None
[2024-11-26T20:51:19.924-0600] {logging_mixin.py:190} INFO - [2024-11-26T20:51:19.924-0600] {dag.py:4180} INFO - Setting next_dagrun for example_external_task_marker_parent to None, run_after=None
[2024-11-26T20:51:19.929-0600] {processor.py:208} INFO - Processing /Library/Frameworks/Python.framework/Versions/3.8/lib/python3.8/site-packages/airflow/example_dags/example_external_task_marker_dag.py took 0.051 seconds
