[2024-11-26T19:32:40.212-0600] {processor.py:186} INFO - Started process (PID=27718) to work on /Library/Frameworks/Python.framework/Versions/3.8/lib/python3.8/site-packages/airflow/example_dags/example_branch_labels.py
[2024-11-26T19:32:40.212-0600] {processor.py:914} INFO - Processing file /Library/Frameworks/Python.framework/Versions/3.8/lib/python3.8/site-packages/airflow/example_dags/example_branch_labels.py for tasks to queue
[2024-11-26T19:32:40.212-0600] {logging_mixin.py:190} INFO - [2024-11-26T19:32:40.212-0600] {dagbag.py:588} INFO - Filling up the DagBag from /Library/Frameworks/Python.framework/Versions/3.8/lib/python3.8/site-packages/airflow/example_dags/example_branch_labels.py
[2024-11-26T19:32:40.215-0600] {processor.py:925} INFO - DAG(s) 'example_branch_labels' retrieved from /Library/Frameworks/Python.framework/Versions/3.8/lib/python3.8/site-packages/airflow/example_dags/example_branch_labels.py
[2024-11-26T19:32:40.249-0600] {logging_mixin.py:190} INFO - [2024-11-26T19:32:40.249-0600] {dag.py:3239} INFO - Sync 1 DAGs
[2024-11-26T19:32:40.255-0600] {logging_mixin.py:190} INFO - [2024-11-26T19:32:40.255-0600] {dag.py:4180} INFO - Setting next_dagrun for example_branch_labels to 2024-11-26 00:00:00+00:00, run_after=2024-11-27 00:00:00+00:00
[2024-11-26T19:32:40.260-0600] {processor.py:208} INFO - Processing /Library/Frameworks/Python.framework/Versions/3.8/lib/python3.8/site-packages/airflow/example_dags/example_branch_labels.py took 0.049 seconds
[2024-11-26T20:06:31.098-0600] {processor.py:186} INFO - Started process (PID=27908) to work on /Library/Frameworks/Python.framework/Versions/3.8/lib/python3.8/site-packages/airflow/example_dags/example_branch_labels.py
[2024-11-26T20:06:31.099-0600] {processor.py:914} INFO - Processing file /Library/Frameworks/Python.framework/Versions/3.8/lib/python3.8/site-packages/airflow/example_dags/example_branch_labels.py for tasks to queue
[2024-11-26T20:06:31.100-0600] {logging_mixin.py:190} INFO - [2024-11-26T20:06:31.100-0600] {dagbag.py:588} INFO - Filling up the DagBag from /Library/Frameworks/Python.framework/Versions/3.8/lib/python3.8/site-packages/airflow/example_dags/example_branch_labels.py
[2024-11-26T20:06:31.103-0600] {processor.py:925} INFO - DAG(s) 'example_branch_labels' retrieved from /Library/Frameworks/Python.framework/Versions/3.8/lib/python3.8/site-packages/airflow/example_dags/example_branch_labels.py
[2024-11-26T20:06:31.135-0600] {logging_mixin.py:190} INFO - [2024-11-26T20:06:31.135-0600] {dag.py:3239} INFO - Sync 1 DAGs
[2024-11-26T20:06:31.141-0600] {logging_mixin.py:190} INFO - [2024-11-26T20:06:31.141-0600] {dag.py:4180} INFO - Setting next_dagrun for example_branch_labels to 2024-11-26 00:00:00+00:00, run_after=2024-11-27 00:00:00+00:00
[2024-11-26T20:06:31.146-0600] {processor.py:208} INFO - Processing /Library/Frameworks/Python.framework/Versions/3.8/lib/python3.8/site-packages/airflow/example_dags/example_branch_labels.py took 0.049 seconds
[2024-11-26T20:10:38.180-0600] {processor.py:186} INFO - Started process (PID=28178) to work on /Library/Frameworks/Python.framework/Versions/3.8/lib/python3.8/site-packages/airflow/example_dags/example_branch_labels.py
[2024-11-26T20:10:38.181-0600] {processor.py:914} INFO - Processing file /Library/Frameworks/Python.framework/Versions/3.8/lib/python3.8/site-packages/airflow/example_dags/example_branch_labels.py for tasks to queue
[2024-11-26T20:10:38.182-0600] {logging_mixin.py:190} INFO - [2024-11-26T20:10:38.182-0600] {dagbag.py:588} INFO - Filling up the DagBag from /Library/Frameworks/Python.framework/Versions/3.8/lib/python3.8/site-packages/airflow/example_dags/example_branch_labels.py
[2024-11-26T20:10:38.185-0600] {processor.py:925} INFO - DAG(s) 'example_branch_labels' retrieved from /Library/Frameworks/Python.framework/Versions/3.8/lib/python3.8/site-packages/airflow/example_dags/example_branch_labels.py
[2024-11-26T20:10:38.217-0600] {logging_mixin.py:190} INFO - [2024-11-26T20:10:38.217-0600] {dag.py:3239} INFO - Sync 1 DAGs
[2024-11-26T20:10:38.223-0600] {logging_mixin.py:190} INFO - [2024-11-26T20:10:38.223-0600] {dag.py:4180} INFO - Setting next_dagrun for example_branch_labels to 2024-11-26 00:00:00+00:00, run_after=2024-11-27 00:00:00+00:00
[2024-11-26T20:10:38.228-0600] {processor.py:208} INFO - Processing /Library/Frameworks/Python.framework/Versions/3.8/lib/python3.8/site-packages/airflow/example_dags/example_branch_labels.py took 0.049 seconds
[2024-11-26T20:50:01.951-0600] {processor.py:186} INFO - Started process (PID=28424) to work on /Library/Frameworks/Python.framework/Versions/3.8/lib/python3.8/site-packages/airflow/example_dags/example_branch_labels.py
[2024-11-26T20:50:01.951-0600] {processor.py:914} INFO - Processing file /Library/Frameworks/Python.framework/Versions/3.8/lib/python3.8/site-packages/airflow/example_dags/example_branch_labels.py for tasks to queue
[2024-11-26T20:50:01.951-0600] {logging_mixin.py:190} INFO - [2024-11-26T20:50:01.951-0600] {dagbag.py:588} INFO - Filling up the DagBag from /Library/Frameworks/Python.framework/Versions/3.8/lib/python3.8/site-packages/airflow/example_dags/example_branch_labels.py
[2024-11-26T20:50:01.955-0600] {processor.py:925} INFO - DAG(s) 'example_branch_labels' retrieved from /Library/Frameworks/Python.framework/Versions/3.8/lib/python3.8/site-packages/airflow/example_dags/example_branch_labels.py
[2024-11-26T20:50:01.987-0600] {logging_mixin.py:190} INFO - [2024-11-26T20:50:01.987-0600] {dag.py:3239} INFO - Sync 1 DAGs
[2024-11-26T20:50:01.993-0600] {logging_mixin.py:190} INFO - [2024-11-26T20:50:01.993-0600] {dag.py:4180} INFO - Setting next_dagrun for example_branch_labels to 2024-11-26 00:00:00+00:00, run_after=2024-11-27 00:00:00+00:00
[2024-11-26T20:50:01.998-0600] {processor.py:208} INFO - Processing /Library/Frameworks/Python.framework/Versions/3.8/lib/python3.8/site-packages/airflow/example_dags/example_branch_labels.py took 0.049 seconds
[2024-11-26T20:52:39.510-0600] {processor.py:186} INFO - Started process (PID=28778) to work on /Library/Frameworks/Python.framework/Versions/3.8/lib/python3.8/site-packages/airflow/example_dags/example_branch_labels.py
[2024-11-26T20:52:39.510-0600] {processor.py:914} INFO - Processing file /Library/Frameworks/Python.framework/Versions/3.8/lib/python3.8/site-packages/airflow/example_dags/example_branch_labels.py for tasks to queue
[2024-11-26T20:52:39.511-0600] {logging_mixin.py:190} INFO - [2024-11-26T20:52:39.511-0600] {dagbag.py:588} INFO - Filling up the DagBag from /Library/Frameworks/Python.framework/Versions/3.8/lib/python3.8/site-packages/airflow/example_dags/example_branch_labels.py
[2024-11-26T20:52:39.514-0600] {processor.py:925} INFO - DAG(s) 'example_branch_labels' retrieved from /Library/Frameworks/Python.framework/Versions/3.8/lib/python3.8/site-packages/airflow/example_dags/example_branch_labels.py
[2024-11-26T20:52:39.547-0600] {logging_mixin.py:190} INFO - [2024-11-26T20:52:39.546-0600] {dag.py:3239} INFO - Sync 1 DAGs
[2024-11-26T20:52:39.552-0600] {logging_mixin.py:190} INFO - [2024-11-26T20:52:39.552-0600] {dag.py:4180} INFO - Setting next_dagrun for example_branch_labels to 2024-11-26 00:00:00+00:00, run_after=2024-11-27 00:00:00+00:00
[2024-11-26T20:52:39.557-0600] {processor.py:208} INFO - Processing /Library/Frameworks/Python.framework/Versions/3.8/lib/python3.8/site-packages/airflow/example_dags/example_branch_labels.py took 0.049 seconds
