[2024-11-26T19:16:49.986-0600] {processor.py:186} INFO - Started process (PID=27655) to work on /Library/Frameworks/Python.framework/Versions/3.8/lib/python3.8/site-packages/airflow/example_dags/example_params_trigger_ui.py
[2024-11-26T19:16:49.987-0600] {processor.py:914} INFO - Processing file /Library/Frameworks/Python.framework/Versions/3.8/lib/python3.8/site-packages/airflow/example_dags/example_params_trigger_ui.py for tasks to queue
[2024-11-26T19:16:49.987-0600] {logging_mixin.py:190} INFO - [2024-11-26T19:16:49.987-0600] {dagbag.py:588} INFO - Filling up the DagBag from /Library/Frameworks/Python.framework/Versions/3.8/lib/python3.8/site-packages/airflow/example_dags/example_params_trigger_ui.py
[2024-11-26T19:16:49.999-0600] {processor.py:925} INFO - DAG(s) 'example_params_trigger_ui' retrieved from /Library/Frameworks/Python.framework/Versions/3.8/lib/python3.8/site-packages/airflow/example_dags/example_params_trigger_ui.py
[2024-11-26T19:16:50.039-0600] {logging_mixin.py:190} INFO - [2024-11-26T19:16:50.039-0600] {dag.py:3239} INFO - Sync 1 DAGs
[2024-11-26T19:16:50.043-0600] {logging_mixin.py:190} INFO - [2024-11-26T19:16:50.043-0600] {dag.py:4180} INFO - Setting next_dagrun for example_params_trigger_ui to None, run_after=None
[2024-11-26T19:16:50.048-0600] {processor.py:208} INFO - Processing /Library/Frameworks/Python.framework/Versions/3.8/lib/python3.8/site-packages/airflow/example_dags/example_params_trigger_ui.py took 0.063 seconds
[2024-11-26T19:34:40.107-0600] {processor.py:186} INFO - Started process (PID=27841) to work on /Library/Frameworks/Python.framework/Versions/3.8/lib/python3.8/site-packages/airflow/example_dags/example_params_trigger_ui.py
[2024-11-26T19:34:40.108-0600] {processor.py:914} INFO - Processing file /Library/Frameworks/Python.framework/Versions/3.8/lib/python3.8/site-packages/airflow/example_dags/example_params_trigger_ui.py for tasks to queue
[2024-11-26T19:34:40.108-0600] {logging_mixin.py:190} INFO - [2024-11-26T19:34:40.108-0600] {dagbag.py:588} INFO - Filling up the DagBag from /Library/Frameworks/Python.framework/Versions/3.8/lib/python3.8/site-packages/airflow/example_dags/example_params_trigger_ui.py
[2024-11-26T19:34:40.120-0600] {processor.py:925} INFO - DAG(s) 'example_params_trigger_ui' retrieved from /Library/Frameworks/Python.framework/Versions/3.8/lib/python3.8/site-packages/airflow/example_dags/example_params_trigger_ui.py
[2024-11-26T19:34:40.160-0600] {logging_mixin.py:190} INFO - [2024-11-26T19:34:40.160-0600] {dag.py:3239} INFO - Sync 1 DAGs
[2024-11-26T19:34:40.164-0600] {logging_mixin.py:190} INFO - [2024-11-26T19:34:40.164-0600] {dag.py:4180} INFO - Setting next_dagrun for example_params_trigger_ui to None, run_after=None
[2024-11-26T19:34:40.169-0600] {processor.py:208} INFO - Processing /Library/Frameworks/Python.framework/Versions/3.8/lib/python3.8/site-packages/airflow/example_dags/example_params_trigger_ui.py took 0.063 seconds
[2024-11-26T20:07:34.205-0600] {processor.py:186} INFO - Started process (PID=28040) to work on /Library/Frameworks/Python.framework/Versions/3.8/lib/python3.8/site-packages/airflow/example_dags/example_params_trigger_ui.py
[2024-11-26T20:07:34.205-0600] {processor.py:914} INFO - Processing file /Library/Frameworks/Python.framework/Versions/3.8/lib/python3.8/site-packages/airflow/example_dags/example_params_trigger_ui.py for tasks to queue
[2024-11-26T20:07:34.205-0600] {logging_mixin.py:190} INFO - [2024-11-26T20:07:34.205-0600] {dagbag.py:588} INFO - Filling up the DagBag from /Library/Frameworks/Python.framework/Versions/3.8/lib/python3.8/site-packages/airflow/example_dags/example_params_trigger_ui.py
[2024-11-26T20:07:34.217-0600] {processor.py:925} INFO - DAG(s) 'example_params_trigger_ui' retrieved from /Library/Frameworks/Python.framework/Versions/3.8/lib/python3.8/site-packages/airflow/example_dags/example_params_trigger_ui.py
[2024-11-26T20:07:34.258-0600] {logging_mixin.py:190} INFO - [2024-11-26T20:07:34.257-0600] {dag.py:3239} INFO - Sync 1 DAGs
[2024-11-26T20:07:34.261-0600] {logging_mixin.py:190} INFO - [2024-11-26T20:07:34.261-0600] {dag.py:4180} INFO - Setting next_dagrun for example_params_trigger_ui to None, run_after=None
[2024-11-26T20:07:34.266-0600] {processor.py:208} INFO - Processing /Library/Frameworks/Python.framework/Versions/3.8/lib/python3.8/site-packages/airflow/example_dags/example_params_trigger_ui.py took 0.063 seconds
[2024-11-26T20:11:34.543-0600] {processor.py:186} INFO - Started process (PID=28278) to work on /Library/Frameworks/Python.framework/Versions/3.8/lib/python3.8/site-packages/airflow/example_dags/example_params_trigger_ui.py
[2024-11-26T20:11:34.544-0600] {processor.py:914} INFO - Processing file /Library/Frameworks/Python.framework/Versions/3.8/lib/python3.8/site-packages/airflow/example_dags/example_params_trigger_ui.py for tasks to queue
[2024-11-26T20:11:34.545-0600] {logging_mixin.py:190} INFO - [2024-11-26T20:11:34.544-0600] {dagbag.py:588} INFO - Filling up the DagBag from /Library/Frameworks/Python.framework/Versions/3.8/lib/python3.8/site-packages/airflow/example_dags/example_params_trigger_ui.py
[2024-11-26T20:11:34.556-0600] {processor.py:925} INFO - DAG(s) 'example_params_trigger_ui' retrieved from /Library/Frameworks/Python.framework/Versions/3.8/lib/python3.8/site-packages/airflow/example_dags/example_params_trigger_ui.py
[2024-11-26T20:11:34.597-0600] {logging_mixin.py:190} INFO - [2024-11-26T20:11:34.597-0600] {dag.py:3239} INFO - Sync 1 DAGs
[2024-11-26T20:11:34.601-0600] {logging_mixin.py:190} INFO - [2024-11-26T20:11:34.601-0600] {dag.py:4180} INFO - Setting next_dagrun for example_params_trigger_ui to None, run_after=None
[2024-11-26T20:11:34.606-0600] {processor.py:208} INFO - Processing /Library/Frameworks/Python.framework/Versions/3.8/lib/python3.8/site-packages/airflow/example_dags/example_params_trigger_ui.py took 0.064 seconds
[2024-11-26T20:51:05.925-0600] {processor.py:186} INFO - Started process (PID=28560) to work on /Library/Frameworks/Python.framework/Versions/3.8/lib/python3.8/site-packages/airflow/example_dags/example_params_trigger_ui.py
[2024-11-26T20:51:05.926-0600] {processor.py:914} INFO - Processing file /Library/Frameworks/Python.framework/Versions/3.8/lib/python3.8/site-packages/airflow/example_dags/example_params_trigger_ui.py for tasks to queue
[2024-11-26T20:51:05.926-0600] {logging_mixin.py:190} INFO - [2024-11-26T20:51:05.926-0600] {dagbag.py:588} INFO - Filling up the DagBag from /Library/Frameworks/Python.framework/Versions/3.8/lib/python3.8/site-packages/airflow/example_dags/example_params_trigger_ui.py
[2024-11-26T20:51:05.939-0600] {processor.py:925} INFO - DAG(s) 'example_params_trigger_ui' retrieved from /Library/Frameworks/Python.framework/Versions/3.8/lib/python3.8/site-packages/airflow/example_dags/example_params_trigger_ui.py
[2024-11-26T20:51:05.980-0600] {logging_mixin.py:190} INFO - [2024-11-26T20:51:05.980-0600] {dag.py:3239} INFO - Sync 1 DAGs
[2024-11-26T20:51:05.984-0600] {logging_mixin.py:190} INFO - [2024-11-26T20:51:05.984-0600] {dag.py:4180} INFO - Setting next_dagrun for example_params_trigger_ui to None, run_after=None
[2024-11-26T20:51:05.989-0600] {processor.py:208} INFO - Processing /Library/Frameworks/Python.framework/Versions/3.8/lib/python3.8/site-packages/airflow/example_dags/example_params_trigger_ui.py took 0.065 seconds
[2024-11-26T20:52:36.409-0600] {processor.py:186} INFO - Started process (PID=28772) to work on /Library/Frameworks/Python.framework/Versions/3.8/lib/python3.8/site-packages/airflow/example_dags/example_params_trigger_ui.py
[2024-11-26T20:52:36.410-0600] {processor.py:914} INFO - Processing file /Library/Frameworks/Python.framework/Versions/3.8/lib/python3.8/site-packages/airflow/example_dags/example_params_trigger_ui.py for tasks to queue
[2024-11-26T20:52:36.410-0600] {logging_mixin.py:190} INFO - [2024-11-26T20:52:36.410-0600] {dagbag.py:588} INFO - Filling up the DagBag from /Library/Frameworks/Python.framework/Versions/3.8/lib/python3.8/site-packages/airflow/example_dags/example_params_trigger_ui.py
[2024-11-26T20:52:36.422-0600] {processor.py:925} INFO - DAG(s) 'example_params_trigger_ui' retrieved from /Library/Frameworks/Python.framework/Versions/3.8/lib/python3.8/site-packages/airflow/example_dags/example_params_trigger_ui.py
[2024-11-26T20:52:36.463-0600] {logging_mixin.py:190} INFO - [2024-11-26T20:52:36.463-0600] {dag.py:3239} INFO - Sync 1 DAGs
[2024-11-26T20:52:36.467-0600] {logging_mixin.py:190} INFO - [2024-11-26T20:52:36.467-0600] {dag.py:4180} INFO - Setting next_dagrun for example_params_trigger_ui to None, run_after=None
[2024-11-26T20:52:36.472-0600] {processor.py:208} INFO - Processing /Library/Frameworks/Python.framework/Versions/3.8/lib/python3.8/site-packages/airflow/example_dags/example_params_trigger_ui.py took 0.064 seconds
