[2024-11-26T19:08:22.472-0600] {processor.py:186} INFO - Started process (PID=27613) to work on /Library/Frameworks/Python.framework/Versions/3.8/lib/python3.8/site-packages/airflow/example_dags/example_sla_dag.py
[2024-11-26T19:08:22.472-0600] {processor.py:914} INFO - Processing file /Library/Frameworks/Python.framework/Versions/3.8/lib/python3.8/site-packages/airflow/example_dags/example_sla_dag.py for tasks to queue
[2024-11-26T19:08:22.473-0600] {logging_mixin.py:190} INFO - [2024-11-26T19:08:22.473-0600] {dagbag.py:588} INFO - Filling up the DagBag from /Library/Frameworks/Python.framework/Versions/3.8/lib/python3.8/site-packages/airflow/example_dags/example_sla_dag.py
[2024-11-26T19:08:22.484-0600] {processor.py:925} INFO - DAG(s) 'example_sla_dag' retrieved from /Library/Frameworks/Python.framework/Versions/3.8/lib/python3.8/site-packages/airflow/example_dags/example_sla_dag.py
[2024-11-26T19:08:22.515-0600] {logging_mixin.py:190} INFO - [2024-11-26T19:08:22.515-0600] {dag.py:3239} INFO - Sync 1 DAGs
[2024-11-26T19:08:22.522-0600] {logging_mixin.py:190} INFO - [2024-11-26T19:08:22.522-0600] {dag.py:4180} INFO - Setting next_dagrun for example_sla_dag to 2024-11-27 01:06:00+00:00, run_after=2024-11-27 01:08:00+00:00
[2024-11-26T19:08:22.527-0600] {processor.py:208} INFO - Processing /Library/Frameworks/Python.framework/Versions/3.8/lib/python3.8/site-packages/airflow/example_dags/example_sla_dag.py took 0.057 seconds
[2024-11-26T19:34:11.611-0600] {processor.py:186} INFO - Started process (PID=27804) to work on /Library/Frameworks/Python.framework/Versions/3.8/lib/python3.8/site-packages/airflow/example_dags/example_sla_dag.py
[2024-11-26T19:34:11.612-0600] {processor.py:914} INFO - Processing file /Library/Frameworks/Python.framework/Versions/3.8/lib/python3.8/site-packages/airflow/example_dags/example_sla_dag.py for tasks to queue
[2024-11-26T19:34:11.612-0600] {logging_mixin.py:190} INFO - [2024-11-26T19:34:11.612-0600] {dagbag.py:588} INFO - Filling up the DagBag from /Library/Frameworks/Python.framework/Versions/3.8/lib/python3.8/site-packages/airflow/example_dags/example_sla_dag.py
[2024-11-26T19:34:11.625-0600] {processor.py:925} INFO - DAG(s) 'example_sla_dag' retrieved from /Library/Frameworks/Python.framework/Versions/3.8/lib/python3.8/site-packages/airflow/example_dags/example_sla_dag.py
[2024-11-26T19:34:11.656-0600] {logging_mixin.py:190} INFO - [2024-11-26T19:34:11.656-0600] {dag.py:3239} INFO - Sync 1 DAGs
[2024-11-26T19:34:11.663-0600] {logging_mixin.py:190} INFO - [2024-11-26T19:34:11.663-0600] {dag.py:4180} INFO - Setting next_dagrun for example_sla_dag to 2024-11-27 01:32:00+00:00, run_after=2024-11-27 01:34:00+00:00
[2024-11-26T19:34:11.668-0600] {processor.py:208} INFO - Processing /Library/Frameworks/Python.framework/Versions/3.8/lib/python3.8/site-packages/airflow/example_dags/example_sla_dag.py took 0.058 seconds
[2024-11-26T20:07:14.655-0600] {processor.py:186} INFO - Started process (PID=27997) to work on /Library/Frameworks/Python.framework/Versions/3.8/lib/python3.8/site-packages/airflow/example_dags/example_sla_dag.py
[2024-11-26T20:07:14.655-0600] {processor.py:914} INFO - Processing file /Library/Frameworks/Python.framework/Versions/3.8/lib/python3.8/site-packages/airflow/example_dags/example_sla_dag.py for tasks to queue
[2024-11-26T20:07:14.655-0600] {logging_mixin.py:190} INFO - [2024-11-26T20:07:14.655-0600] {dagbag.py:588} INFO - Filling up the DagBag from /Library/Frameworks/Python.framework/Versions/3.8/lib/python3.8/site-packages/airflow/example_dags/example_sla_dag.py
[2024-11-26T20:07:14.667-0600] {processor.py:925} INFO - DAG(s) 'example_sla_dag' retrieved from /Library/Frameworks/Python.framework/Versions/3.8/lib/python3.8/site-packages/airflow/example_dags/example_sla_dag.py
[2024-11-26T20:07:14.698-0600] {logging_mixin.py:190} INFO - [2024-11-26T20:07:14.698-0600] {dag.py:3239} INFO - Sync 1 DAGs
[2024-11-26T20:07:14.705-0600] {logging_mixin.py:190} INFO - [2024-11-26T20:07:14.705-0600] {dag.py:4180} INFO - Setting next_dagrun for example_sla_dag to 2024-11-27 02:04:00+00:00, run_after=2024-11-27 02:06:00+00:00
[2024-11-26T20:07:14.710-0600] {processor.py:208} INFO - Processing /Library/Frameworks/Python.framework/Versions/3.8/lib/python3.8/site-packages/airflow/example_dags/example_sla_dag.py took 0.056 seconds
[2024-11-26T20:10:17.355-0600] {processor.py:186} INFO - Started process (PID=28139) to work on /Library/Frameworks/Python.framework/Versions/3.8/lib/python3.8/site-packages/airflow/example_dags/example_sla_dag.py
[2024-11-26T20:10:17.356-0600] {processor.py:914} INFO - Processing file /Library/Frameworks/Python.framework/Versions/3.8/lib/python3.8/site-packages/airflow/example_dags/example_sla_dag.py for tasks to queue
[2024-11-26T20:10:17.356-0600] {logging_mixin.py:190} INFO - [2024-11-26T20:10:17.356-0600] {dagbag.py:588} INFO - Filling up the DagBag from /Library/Frameworks/Python.framework/Versions/3.8/lib/python3.8/site-packages/airflow/example_dags/example_sla_dag.py
[2024-11-26T20:10:17.369-0600] {processor.py:925} INFO - DAG(s) 'example_sla_dag' retrieved from /Library/Frameworks/Python.framework/Versions/3.8/lib/python3.8/site-packages/airflow/example_dags/example_sla_dag.py
[2024-11-26T20:10:17.400-0600] {logging_mixin.py:190} INFO - [2024-11-26T20:10:17.400-0600] {dag.py:3239} INFO - Sync 1 DAGs
[2024-11-26T20:10:17.406-0600] {logging_mixin.py:190} INFO - [2024-11-26T20:10:17.406-0600] {dag.py:4180} INFO - Setting next_dagrun for example_sla_dag to 2024-11-27 02:08:00+00:00, run_after=2024-11-27 02:10:00+00:00
[2024-11-26T20:10:17.412-0600] {processor.py:208} INFO - Processing /Library/Frameworks/Python.framework/Versions/3.8/lib/python3.8/site-packages/airflow/example_dags/example_sla_dag.py took 0.058 seconds
[2024-11-26T20:27:59.735-0600] {processor.py:186} INFO - Started process (PID=28375) to work on /Library/Frameworks/Python.framework/Versions/3.8/lib/python3.8/site-packages/airflow/example_dags/example_sla_dag.py
[2024-11-26T20:27:59.736-0600] {processor.py:914} INFO - Processing file /Library/Frameworks/Python.framework/Versions/3.8/lib/python3.8/site-packages/airflow/example_dags/example_sla_dag.py for tasks to queue
[2024-11-26T20:27:59.736-0600] {logging_mixin.py:190} INFO - [2024-11-26T20:27:59.736-0600] {dagbag.py:588} INFO - Filling up the DagBag from /Library/Frameworks/Python.framework/Versions/3.8/lib/python3.8/site-packages/airflow/example_dags/example_sla_dag.py
[2024-11-26T20:27:59.748-0600] {processor.py:925} INFO - DAG(s) 'example_sla_dag' retrieved from /Library/Frameworks/Python.framework/Versions/3.8/lib/python3.8/site-packages/airflow/example_dags/example_sla_dag.py
[2024-11-26T20:27:59.780-0600] {logging_mixin.py:190} INFO - [2024-11-26T20:27:59.779-0600] {dag.py:3239} INFO - Sync 1 DAGs
[2024-11-26T20:27:59.786-0600] {logging_mixin.py:190} INFO - [2024-11-26T20:27:59.786-0600] {dag.py:4180} INFO - Setting next_dagrun for example_sla_dag to 2024-11-27 02:24:00+00:00, run_after=2024-11-27 02:26:00+00:00
[2024-11-26T20:27:59.791-0600] {processor.py:208} INFO - Processing /Library/Frameworks/Python.framework/Versions/3.8/lib/python3.8/site-packages/airflow/example_dags/example_sla_dag.py took 0.057 seconds
[2024-11-26T20:50:45.927-0600] {processor.py:186} INFO - Started process (PID=28519) to work on /Library/Frameworks/Python.framework/Versions/3.8/lib/python3.8/site-packages/airflow/example_dags/example_sla_dag.py
[2024-11-26T20:50:45.928-0600] {processor.py:914} INFO - Processing file /Library/Frameworks/Python.framework/Versions/3.8/lib/python3.8/site-packages/airflow/example_dags/example_sla_dag.py for tasks to queue
[2024-11-26T20:50:45.929-0600] {logging_mixin.py:190} INFO - [2024-11-26T20:50:45.929-0600] {dagbag.py:588} INFO - Filling up the DagBag from /Library/Frameworks/Python.framework/Versions/3.8/lib/python3.8/site-packages/airflow/example_dags/example_sla_dag.py
[2024-11-26T20:50:45.941-0600] {processor.py:925} INFO - DAG(s) 'example_sla_dag' retrieved from /Library/Frameworks/Python.framework/Versions/3.8/lib/python3.8/site-packages/airflow/example_dags/example_sla_dag.py
[2024-11-26T20:50:45.972-0600] {logging_mixin.py:190} INFO - [2024-11-26T20:50:45.972-0600] {dag.py:3239} INFO - Sync 1 DAGs
[2024-11-26T20:50:45.978-0600] {logging_mixin.py:190} INFO - [2024-11-26T20:50:45.978-0600] {dag.py:4180} INFO - Setting next_dagrun for example_sla_dag to 2024-11-27 02:48:00+00:00, run_after=2024-11-27 02:50:00+00:00
[2024-11-26T20:50:45.984-0600] {processor.py:208} INFO - Processing /Library/Frameworks/Python.framework/Versions/3.8/lib/python3.8/site-packages/airflow/example_dags/example_sla_dag.py took 0.058 seconds
[2024-11-26T20:52:15.351-0600] {processor.py:186} INFO - Started process (PID=28721) to work on /Library/Frameworks/Python.framework/Versions/3.8/lib/python3.8/site-packages/airflow/example_dags/example_sla_dag.py
[2024-11-26T20:52:15.352-0600] {processor.py:914} INFO - Processing file /Library/Frameworks/Python.framework/Versions/3.8/lib/python3.8/site-packages/airflow/example_dags/example_sla_dag.py for tasks to queue
[2024-11-26T20:52:15.352-0600] {logging_mixin.py:190} INFO - [2024-11-26T20:52:15.352-0600] {dagbag.py:588} INFO - Filling up the DagBag from /Library/Frameworks/Python.framework/Versions/3.8/lib/python3.8/site-packages/airflow/example_dags/example_sla_dag.py
[2024-11-26T20:52:15.364-0600] {processor.py:925} INFO - DAG(s) 'example_sla_dag' retrieved from /Library/Frameworks/Python.framework/Versions/3.8/lib/python3.8/site-packages/airflow/example_dags/example_sla_dag.py
[2024-11-26T20:52:15.397-0600] {logging_mixin.py:190} INFO - [2024-11-26T20:52:15.397-0600] {dag.py:3239} INFO - Sync 1 DAGs
[2024-11-26T20:52:15.403-0600] {logging_mixin.py:190} INFO - [2024-11-26T20:52:15.403-0600] {dag.py:4180} INFO - Setting next_dagrun for example_sla_dag to 2024-11-27 02:50:00+00:00, run_after=2024-11-27 02:52:00+00:00
[2024-11-26T20:52:15.409-0600] {processor.py:208} INFO - Processing /Library/Frameworks/Python.framework/Versions/3.8/lib/python3.8/site-packages/airflow/example_dags/example_sla_dag.py took 0.059 seconds
