[2024-11-26T18:00:59.264-0600] {processor.py:186} INFO - Started process (PID=27535) to work on /Library/Frameworks/Python.framework/Versions/3.8/lib/python3.8/site-packages/airflow/example_dags/example_bash_operator.py
[2024-11-26T18:00:59.264-0600] {processor.py:914} INFO - Processing file /Library/Frameworks/Python.framework/Versions/3.8/lib/python3.8/site-packages/airflow/example_dags/example_bash_operator.py for tasks to queue
[2024-11-26T18:00:59.265-0600] {logging_mixin.py:190} INFO - [2024-11-26T18:00:59.265-0600] {dagbag.py:588} INFO - Filling up the DagBag from /Library/Frameworks/Python.framework/Versions/3.8/lib/python3.8/site-packages/airflow/example_dags/example_bash_operator.py
[2024-11-26T18:00:59.269-0600] {processor.py:925} INFO - DAG(s) 'example_bash_operator' retrieved from /Library/Frameworks/Python.framework/Versions/3.8/lib/python3.8/site-packages/airflow/example_dags/example_bash_operator.py
[2024-11-26T18:00:59.304-0600] {logging_mixin.py:190} INFO - [2024-11-26T18:00:59.304-0600] {dag.py:3239} INFO - Sync 1 DAGs
[2024-11-26T18:00:59.310-0600] {logging_mixin.py:190} INFO - [2024-11-26T18:00:59.310-0600] {dag.py:4180} INFO - Setting next_dagrun for example_bash_operator to 2024-11-26 00:00:00+00:00, run_after=2024-11-27 00:00:00+00:00
[2024-11-26T18:00:59.315-0600] {processor.py:208} INFO - Processing /Library/Frameworks/Python.framework/Versions/3.8/lib/python3.8/site-packages/airflow/example_dags/example_bash_operator.py took 0.052 seconds
[2024-11-26T19:32:45.581-0600] {processor.py:186} INFO - Started process (PID=27727) to work on /Library/Frameworks/Python.framework/Versions/3.8/lib/python3.8/site-packages/airflow/example_dags/example_bash_operator.py
[2024-11-26T19:32:45.582-0600] {processor.py:914} INFO - Processing file /Library/Frameworks/Python.framework/Versions/3.8/lib/python3.8/site-packages/airflow/example_dags/example_bash_operator.py for tasks to queue
[2024-11-26T19:32:45.583-0600] {logging_mixin.py:190} INFO - [2024-11-26T19:32:45.583-0600] {dagbag.py:588} INFO - Filling up the DagBag from /Library/Frameworks/Python.framework/Versions/3.8/lib/python3.8/site-packages/airflow/example_dags/example_bash_operator.py
[2024-11-26T19:32:45.587-0600] {processor.py:925} INFO - DAG(s) 'example_bash_operator' retrieved from /Library/Frameworks/Python.framework/Versions/3.8/lib/python3.8/site-packages/airflow/example_dags/example_bash_operator.py
[2024-11-26T19:32:45.622-0600] {logging_mixin.py:190} INFO - [2024-11-26T19:32:45.622-0600] {dag.py:3239} INFO - Sync 1 DAGs
[2024-11-26T19:32:45.628-0600] {logging_mixin.py:190} INFO - [2024-11-26T19:32:45.628-0600] {dag.py:4180} INFO - Setting next_dagrun for example_bash_operator to 2024-11-26 00:00:00+00:00, run_after=2024-11-27 00:00:00+00:00
[2024-11-26T19:32:45.632-0600] {processor.py:208} INFO - Processing /Library/Frameworks/Python.framework/Versions/3.8/lib/python3.8/site-packages/airflow/example_dags/example_bash_operator.py took 0.052 seconds
[2024-11-26T20:06:36.065-0600] {processor.py:186} INFO - Started process (PID=27918) to work on /Library/Frameworks/Python.framework/Versions/3.8/lib/python3.8/site-packages/airflow/example_dags/example_bash_operator.py
[2024-11-26T20:06:36.065-0600] {processor.py:914} INFO - Processing file /Library/Frameworks/Python.framework/Versions/3.8/lib/python3.8/site-packages/airflow/example_dags/example_bash_operator.py for tasks to queue
[2024-11-26T20:06:36.066-0600] {logging_mixin.py:190} INFO - [2024-11-26T20:06:36.066-0600] {dagbag.py:588} INFO - Filling up the DagBag from /Library/Frameworks/Python.framework/Versions/3.8/lib/python3.8/site-packages/airflow/example_dags/example_bash_operator.py
[2024-11-26T20:06:36.070-0600] {processor.py:925} INFO - DAG(s) 'example_bash_operator' retrieved from /Library/Frameworks/Python.framework/Versions/3.8/lib/python3.8/site-packages/airflow/example_dags/example_bash_operator.py
[2024-11-26T20:06:36.105-0600] {logging_mixin.py:190} INFO - [2024-11-26T20:06:36.105-0600] {dag.py:3239} INFO - Sync 1 DAGs
[2024-11-26T20:06:36.111-0600] {logging_mixin.py:190} INFO - [2024-11-26T20:06:36.111-0600] {dag.py:4180} INFO - Setting next_dagrun for example_bash_operator to 2024-11-26 00:00:00+00:00, run_after=2024-11-27 00:00:00+00:00
[2024-11-26T20:06:36.115-0600] {processor.py:208} INFO - Processing /Library/Frameworks/Python.framework/Versions/3.8/lib/python3.8/site-packages/airflow/example_dags/example_bash_operator.py took 0.052 seconds
[2024-11-26T20:10:43.283-0600] {processor.py:186} INFO - Started process (PID=28187) to work on /Library/Frameworks/Python.framework/Versions/3.8/lib/python3.8/site-packages/airflow/example_dags/example_bash_operator.py
[2024-11-26T20:10:43.284-0600] {processor.py:914} INFO - Processing file /Library/Frameworks/Python.framework/Versions/3.8/lib/python3.8/site-packages/airflow/example_dags/example_bash_operator.py for tasks to queue
[2024-11-26T20:10:43.285-0600] {logging_mixin.py:190} INFO - [2024-11-26T20:10:43.284-0600] {dagbag.py:588} INFO - Filling up the DagBag from /Library/Frameworks/Python.framework/Versions/3.8/lib/python3.8/site-packages/airflow/example_dags/example_bash_operator.py
[2024-11-26T20:10:43.289-0600] {processor.py:925} INFO - DAG(s) 'example_bash_operator' retrieved from /Library/Frameworks/Python.framework/Versions/3.8/lib/python3.8/site-packages/airflow/example_dags/example_bash_operator.py
[2024-11-26T20:10:43.324-0600] {logging_mixin.py:190} INFO - [2024-11-26T20:10:43.324-0600] {dag.py:3239} INFO - Sync 1 DAGs
[2024-11-26T20:10:43.330-0600] {logging_mixin.py:190} INFO - [2024-11-26T20:10:43.330-0600] {dag.py:4180} INFO - Setting next_dagrun for example_bash_operator to 2024-11-26 00:00:00+00:00, run_after=2024-11-27 00:00:00+00:00
[2024-11-26T20:10:43.335-0600] {processor.py:208} INFO - Processing /Library/Frameworks/Python.framework/Versions/3.8/lib/python3.8/site-packages/airflow/example_dags/example_bash_operator.py took 0.053 seconds
[2024-11-26T20:50:06.595-0600] {processor.py:186} INFO - Started process (PID=28441) to work on /Library/Frameworks/Python.framework/Versions/3.8/lib/python3.8/site-packages/airflow/example_dags/example_bash_operator.py
[2024-11-26T20:50:06.595-0600] {processor.py:914} INFO - Processing file /Library/Frameworks/Python.framework/Versions/3.8/lib/python3.8/site-packages/airflow/example_dags/example_bash_operator.py for tasks to queue
[2024-11-26T20:50:06.596-0600] {logging_mixin.py:190} INFO - [2024-11-26T20:50:06.595-0600] {dagbag.py:588} INFO - Filling up the DagBag from /Library/Frameworks/Python.framework/Versions/3.8/lib/python3.8/site-packages/airflow/example_dags/example_bash_operator.py
[2024-11-26T20:50:06.600-0600] {processor.py:925} INFO - DAG(s) 'example_bash_operator' retrieved from /Library/Frameworks/Python.framework/Versions/3.8/lib/python3.8/site-packages/airflow/example_dags/example_bash_operator.py
[2024-11-26T20:50:06.637-0600] {logging_mixin.py:190} INFO - [2024-11-26T20:50:06.637-0600] {dag.py:3239} INFO - Sync 1 DAGs
[2024-11-26T20:50:06.643-0600] {logging_mixin.py:190} INFO - [2024-11-26T20:50:06.643-0600] {dag.py:4180} INFO - Setting next_dagrun for example_bash_operator to 2024-11-26 00:00:00+00:00, run_after=2024-11-27 00:00:00+00:00
[2024-11-26T20:50:06.648-0600] {processor.py:208} INFO - Processing /Library/Frameworks/Python.framework/Versions/3.8/lib/python3.8/site-packages/airflow/example_dags/example_bash_operator.py took 0.055 seconds
[2024-11-26T20:52:43.962-0600] {processor.py:186} INFO - Started process (PID=28793) to work on /Library/Frameworks/Python.framework/Versions/3.8/lib/python3.8/site-packages/airflow/example_dags/example_bash_operator.py
[2024-11-26T20:52:43.962-0600] {processor.py:914} INFO - Processing file /Library/Frameworks/Python.framework/Versions/3.8/lib/python3.8/site-packages/airflow/example_dags/example_bash_operator.py for tasks to queue
[2024-11-26T20:52:43.963-0600] {logging_mixin.py:190} INFO - [2024-11-26T20:52:43.963-0600] {dagbag.py:588} INFO - Filling up the DagBag from /Library/Frameworks/Python.framework/Versions/3.8/lib/python3.8/site-packages/airflow/example_dags/example_bash_operator.py
[2024-11-26T20:52:43.967-0600] {processor.py:925} INFO - DAG(s) 'example_bash_operator' retrieved from /Library/Frameworks/Python.framework/Versions/3.8/lib/python3.8/site-packages/airflow/example_dags/example_bash_operator.py
[2024-11-26T20:52:44.003-0600] {logging_mixin.py:190} INFO - [2024-11-26T20:52:44.003-0600] {dag.py:3239} INFO - Sync 1 DAGs
[2024-11-26T20:52:44.009-0600] {logging_mixin.py:190} INFO - [2024-11-26T20:52:44.009-0600] {dag.py:4180} INFO - Setting next_dagrun for example_bash_operator to 2024-11-26 00:00:00+00:00, run_after=2024-11-27 00:00:00+00:00
[2024-11-26T20:52:44.014-0600] {processor.py:208} INFO - Processing /Library/Frameworks/Python.framework/Versions/3.8/lib/python3.8/site-packages/airflow/example_dags/example_bash_operator.py took 0.053 seconds
