[2024-11-26T18:58:10.725-0600] {processor.py:186} INFO - Started process (PID=27593) to work on /Library/Frameworks/Python.framework/Versions/3.8/lib/python3.8/site-packages/airflow/example_dags/example_trigger_target_dag.py
[2024-11-26T18:58:10.725-0600] {processor.py:914} INFO - Processing file /Library/Frameworks/Python.framework/Versions/3.8/lib/python3.8/site-packages/airflow/example_dags/example_trigger_target_dag.py for tasks to queue
[2024-11-26T18:58:10.726-0600] {logging_mixin.py:190} INFO - [2024-11-26T18:58:10.726-0600] {dagbag.py:588} INFO - Filling up the DagBag from /Library/Frameworks/Python.framework/Versions/3.8/lib/python3.8/site-packages/airflow/example_dags/example_trigger_target_dag.py
[2024-11-26T18:58:10.737-0600] {processor.py:925} INFO - DAG(s) 'example_trigger_target_dag' retrieved from /Library/Frameworks/Python.framework/Versions/3.8/lib/python3.8/site-packages/airflow/example_dags/example_trigger_target_dag.py
[2024-11-26T18:58:10.768-0600] {logging_mixin.py:190} INFO - [2024-11-26T18:58:10.768-0600] {dag.py:3239} INFO - Sync 1 DAGs
[2024-11-26T18:58:10.772-0600] {logging_mixin.py:190} INFO - [2024-11-26T18:58:10.772-0600] {dag.py:4180} INFO - Setting next_dagrun for example_trigger_target_dag to None, run_after=None
[2024-11-26T18:58:10.777-0600] {processor.py:208} INFO - Processing /Library/Frameworks/Python.framework/Versions/3.8/lib/python3.8/site-packages/airflow/example_dags/example_trigger_target_dag.py took 0.053 seconds
[2024-11-26T19:33:58.066-0600] {processor.py:186} INFO - Started process (PID=27786) to work on /Library/Frameworks/Python.framework/Versions/3.8/lib/python3.8/site-packages/airflow/example_dags/example_trigger_target_dag.py
[2024-11-26T19:33:58.067-0600] {processor.py:914} INFO - Processing file /Library/Frameworks/Python.framework/Versions/3.8/lib/python3.8/site-packages/airflow/example_dags/example_trigger_target_dag.py for tasks to queue
[2024-11-26T19:33:58.068-0600] {logging_mixin.py:190} INFO - [2024-11-26T19:33:58.068-0600] {dagbag.py:588} INFO - Filling up the DagBag from /Library/Frameworks/Python.framework/Versions/3.8/lib/python3.8/site-packages/airflow/example_dags/example_trigger_target_dag.py
[2024-11-26T19:33:58.079-0600] {processor.py:925} INFO - DAG(s) 'example_trigger_target_dag' retrieved from /Library/Frameworks/Python.framework/Versions/3.8/lib/python3.8/site-packages/airflow/example_dags/example_trigger_target_dag.py
[2024-11-26T19:33:58.112-0600] {logging_mixin.py:190} INFO - [2024-11-26T19:33:58.112-0600] {dag.py:3239} INFO - Sync 1 DAGs
[2024-11-26T19:33:58.115-0600] {logging_mixin.py:190} INFO - [2024-11-26T19:33:58.115-0600] {dag.py:4180} INFO - Setting next_dagrun for example_trigger_target_dag to None, run_after=None
[2024-11-26T19:33:58.120-0600] {processor.py:208} INFO - Processing /Library/Frameworks/Python.framework/Versions/3.8/lib/python3.8/site-packages/airflow/example_dags/example_trigger_target_dag.py took 0.055 seconds
[2024-11-26T20:07:03.998-0600] {processor.py:186} INFO - Started process (PID=27969) to work on /Library/Frameworks/Python.framework/Versions/3.8/lib/python3.8/site-packages/airflow/example_dags/example_trigger_target_dag.py
[2024-11-26T20:07:03.999-0600] {processor.py:914} INFO - Processing file /Library/Frameworks/Python.framework/Versions/3.8/lib/python3.8/site-packages/airflow/example_dags/example_trigger_target_dag.py for tasks to queue
[2024-11-26T20:07:03.999-0600] {logging_mixin.py:190} INFO - [2024-11-26T20:07:03.999-0600] {dagbag.py:588} INFO - Filling up the DagBag from /Library/Frameworks/Python.framework/Versions/3.8/lib/python3.8/site-packages/airflow/example_dags/example_trigger_target_dag.py
[2024-11-26T20:07:04.010-0600] {processor.py:925} INFO - DAG(s) 'example_trigger_target_dag' retrieved from /Library/Frameworks/Python.framework/Versions/3.8/lib/python3.8/site-packages/airflow/example_dags/example_trigger_target_dag.py
[2024-11-26T20:07:04.041-0600] {logging_mixin.py:190} INFO - [2024-11-26T20:07:04.041-0600] {dag.py:3239} INFO - Sync 1 DAGs
[2024-11-26T20:07:04.045-0600] {logging_mixin.py:190} INFO - [2024-11-26T20:07:04.045-0600] {dag.py:4180} INFO - Setting next_dagrun for example_trigger_target_dag to None, run_after=None
[2024-11-26T20:07:04.050-0600] {processor.py:208} INFO - Processing /Library/Frameworks/Python.framework/Versions/3.8/lib/python3.8/site-packages/airflow/example_dags/example_trigger_target_dag.py took 0.053 seconds
[2024-11-26T20:10:07.864-0600] {processor.py:186} INFO - Started process (PID=28118) to work on /Library/Frameworks/Python.framework/Versions/3.8/lib/python3.8/site-packages/airflow/example_dags/example_trigger_target_dag.py
[2024-11-26T20:10:07.865-0600] {processor.py:914} INFO - Processing file /Library/Frameworks/Python.framework/Versions/3.8/lib/python3.8/site-packages/airflow/example_dags/example_trigger_target_dag.py for tasks to queue
[2024-11-26T20:10:07.865-0600] {logging_mixin.py:190} INFO - [2024-11-26T20:10:07.865-0600] {dagbag.py:588} INFO - Filling up the DagBag from /Library/Frameworks/Python.framework/Versions/3.8/lib/python3.8/site-packages/airflow/example_dags/example_trigger_target_dag.py
[2024-11-26T20:10:07.876-0600] {processor.py:925} INFO - DAG(s) 'example_trigger_target_dag' retrieved from /Library/Frameworks/Python.framework/Versions/3.8/lib/python3.8/site-packages/airflow/example_dags/example_trigger_target_dag.py
[2024-11-26T20:10:07.908-0600] {logging_mixin.py:190} INFO - [2024-11-26T20:10:07.908-0600] {dag.py:3239} INFO - Sync 1 DAGs
[2024-11-26T20:10:07.911-0600] {logging_mixin.py:190} INFO - [2024-11-26T20:10:07.911-0600] {dag.py:4180} INFO - Setting next_dagrun for example_trigger_target_dag to None, run_after=None
[2024-11-26T20:10:07.916-0600] {processor.py:208} INFO - Processing /Library/Frameworks/Python.framework/Versions/3.8/lib/python3.8/site-packages/airflow/example_dags/example_trigger_target_dag.py took 0.053 seconds
[2024-11-26T20:11:11.906-0600] {processor.py:186} INFO - Started process (PID=28238) to work on /Library/Frameworks/Python.framework/Versions/3.8/lib/python3.8/site-packages/airflow/example_dags/example_trigger_target_dag.py
[2024-11-26T20:11:11.906-0600] {processor.py:914} INFO - Processing file /Library/Frameworks/Python.framework/Versions/3.8/lib/python3.8/site-packages/airflow/example_dags/example_trigger_target_dag.py for tasks to queue
[2024-11-26T20:11:11.907-0600] {logging_mixin.py:190} INFO - [2024-11-26T20:11:11.907-0600] {dagbag.py:588} INFO - Filling up the DagBag from /Library/Frameworks/Python.framework/Versions/3.8/lib/python3.8/site-packages/airflow/example_dags/example_trigger_target_dag.py
[2024-11-26T20:11:11.918-0600] {processor.py:925} INFO - DAG(s) 'example_trigger_target_dag' retrieved from /Library/Frameworks/Python.framework/Versions/3.8/lib/python3.8/site-packages/airflow/example_dags/example_trigger_target_dag.py
[2024-11-26T20:11:11.950-0600] {logging_mixin.py:190} INFO - [2024-11-26T20:11:11.950-0600] {dag.py:3239} INFO - Sync 1 DAGs
[2024-11-26T20:11:11.953-0600] {logging_mixin.py:190} INFO - [2024-11-26T20:11:11.953-0600] {dag.py:4180} INFO - Setting next_dagrun for example_trigger_target_dag to None, run_after=None
[2024-11-26T20:11:11.959-0600] {processor.py:208} INFO - Processing /Library/Frameworks/Python.framework/Versions/3.8/lib/python3.8/site-packages/airflow/example_dags/example_trigger_target_dag.py took 0.054 seconds
[2024-11-26T20:12:15.387-0600] {processor.py:186} INFO - Started process (PID=28356) to work on /Library/Frameworks/Python.framework/Versions/3.8/lib/python3.8/site-packages/airflow/example_dags/example_trigger_target_dag.py
[2024-11-26T20:12:15.387-0600] {processor.py:914} INFO - Processing file /Library/Frameworks/Python.framework/Versions/3.8/lib/python3.8/site-packages/airflow/example_dags/example_trigger_target_dag.py for tasks to queue
[2024-11-26T20:12:15.388-0600] {logging_mixin.py:190} INFO - [2024-11-26T20:12:15.388-0600] {dagbag.py:588} INFO - Filling up the DagBag from /Library/Frameworks/Python.framework/Versions/3.8/lib/python3.8/site-packages/airflow/example_dags/example_trigger_target_dag.py
[2024-11-26T20:12:15.399-0600] {processor.py:925} INFO - DAG(s) 'example_trigger_target_dag' retrieved from /Library/Frameworks/Python.framework/Versions/3.8/lib/python3.8/site-packages/airflow/example_dags/example_trigger_target_dag.py
[2024-11-26T20:12:15.430-0600] {logging_mixin.py:190} INFO - [2024-11-26T20:12:15.430-0600] {dag.py:3239} INFO - Sync 1 DAGs
[2024-11-26T20:12:15.433-0600] {logging_mixin.py:190} INFO - [2024-11-26T20:12:15.433-0600] {dag.py:4180} INFO - Setting next_dagrun for example_trigger_target_dag to None, run_after=None
[2024-11-26T20:12:15.438-0600] {processor.py:208} INFO - Processing /Library/Frameworks/Python.framework/Versions/3.8/lib/python3.8/site-packages/airflow/example_dags/example_trigger_target_dag.py took 0.052 seconds
[2024-11-26T20:50:36.087-0600] {processor.py:186} INFO - Started process (PID=28499) to work on /Library/Frameworks/Python.framework/Versions/3.8/lib/python3.8/site-packages/airflow/example_dags/example_trigger_target_dag.py
[2024-11-26T20:50:36.088-0600] {processor.py:914} INFO - Processing file /Library/Frameworks/Python.framework/Versions/3.8/lib/python3.8/site-packages/airflow/example_dags/example_trigger_target_dag.py for tasks to queue
[2024-11-26T20:50:36.089-0600] {logging_mixin.py:190} INFO - [2024-11-26T20:50:36.089-0600] {dagbag.py:588} INFO - Filling up the DagBag from /Library/Frameworks/Python.framework/Versions/3.8/lib/python3.8/site-packages/airflow/example_dags/example_trigger_target_dag.py
[2024-11-26T20:50:36.100-0600] {processor.py:925} INFO - DAG(s) 'example_trigger_target_dag' retrieved from /Library/Frameworks/Python.framework/Versions/3.8/lib/python3.8/site-packages/airflow/example_dags/example_trigger_target_dag.py
[2024-11-26T20:50:36.131-0600] {logging_mixin.py:190} INFO - [2024-11-26T20:50:36.131-0600] {dag.py:3239} INFO - Sync 1 DAGs
[2024-11-26T20:50:36.135-0600] {logging_mixin.py:190} INFO - [2024-11-26T20:50:36.135-0600] {dag.py:4180} INFO - Setting next_dagrun for example_trigger_target_dag to None, run_after=None
[2024-11-26T20:50:36.140-0600] {processor.py:208} INFO - Processing /Library/Frameworks/Python.framework/Versions/3.8/lib/python3.8/site-packages/airflow/example_dags/example_trigger_target_dag.py took 0.053 seconds
[2024-11-26T20:52:04.873-0600] {processor.py:186} INFO - Started process (PID=28703) to work on /Library/Frameworks/Python.framework/Versions/3.8/lib/python3.8/site-packages/airflow/example_dags/example_trigger_target_dag.py
[2024-11-26T20:52:04.873-0600] {processor.py:914} INFO - Processing file /Library/Frameworks/Python.framework/Versions/3.8/lib/python3.8/site-packages/airflow/example_dags/example_trigger_target_dag.py for tasks to queue
[2024-11-26T20:52:04.873-0600] {logging_mixin.py:190} INFO - [2024-11-26T20:52:04.873-0600] {dagbag.py:588} INFO - Filling up the DagBag from /Library/Frameworks/Python.framework/Versions/3.8/lib/python3.8/site-packages/airflow/example_dags/example_trigger_target_dag.py
[2024-11-26T20:52:04.884-0600] {processor.py:925} INFO - DAG(s) 'example_trigger_target_dag' retrieved from /Library/Frameworks/Python.framework/Versions/3.8/lib/python3.8/site-packages/airflow/example_dags/example_trigger_target_dag.py
[2024-11-26T20:52:04.916-0600] {logging_mixin.py:190} INFO - [2024-11-26T20:52:04.916-0600] {dag.py:3239} INFO - Sync 1 DAGs
[2024-11-26T20:52:04.919-0600] {logging_mixin.py:190} INFO - [2024-11-26T20:52:04.919-0600] {dag.py:4180} INFO - Setting next_dagrun for example_trigger_target_dag to None, run_after=None
[2024-11-26T20:52:04.924-0600] {processor.py:208} INFO - Processing /Library/Frameworks/Python.framework/Versions/3.8/lib/python3.8/site-packages/airflow/example_dags/example_trigger_target_dag.py took 0.053 seconds
