[2024-11-26T18:41:12.630-0600] {processor.py:186} INFO - Started process (PID=27584) to work on /Library/Frameworks/Python.framework/Versions/3.8/lib/python3.8/site-packages/airflow/example_dags/example_xcomargs.py
[2024-11-26T18:41:12.630-0600] {processor.py:914} INFO - Processing file /Library/Frameworks/Python.framework/Versions/3.8/lib/python3.8/site-packages/airflow/example_dags/example_xcomargs.py for tasks to queue
[2024-11-26T18:41:12.631-0600] {logging_mixin.py:190} INFO - [2024-11-26T18:41:12.631-0600] {dagbag.py:588} INFO - Filling up the DagBag from /Library/Frameworks/Python.framework/Versions/3.8/lib/python3.8/site-packages/airflow/example_dags/example_xcomargs.py
[2024-11-26T18:41:12.643-0600] {processor.py:925} INFO - DAG(s) 'example_xcom_args_with_operators', 'example_xcom_args' retrieved from /Library/Frameworks/Python.framework/Versions/3.8/lib/python3.8/site-packages/airflow/example_dags/example_xcomargs.py
[2024-11-26T18:41:12.676-0600] {logging_mixin.py:190} INFO - [2024-11-26T18:41:12.676-0600] {dag.py:3239} INFO - Sync 2 DAGs
[2024-11-26T18:41:12.679-0600] {logging_mixin.py:190} INFO - [2024-11-26T18:41:12.679-0600] {dag.py:4180} INFO - Setting next_dagrun for example_xcom_args to None, run_after=None
[2024-11-26T18:41:12.680-0600] {logging_mixin.py:190} INFO - [2024-11-26T18:41:12.680-0600] {dag.py:4180} INFO - Setting next_dagrun for example_xcom_args_with_operators to None, run_after=None
[2024-11-26T18:41:12.685-0600] {processor.py:208} INFO - Processing /Library/Frameworks/Python.framework/Versions/3.8/lib/python3.8/site-packages/airflow/example_dags/example_xcomargs.py took 0.056 seconds
[2024-11-26T19:33:52.675-0600] {processor.py:186} INFO - Started process (PID=27777) to work on /Library/Frameworks/Python.framework/Versions/3.8/lib/python3.8/site-packages/airflow/example_dags/example_xcomargs.py
[2024-11-26T19:33:52.676-0600] {processor.py:914} INFO - Processing file /Library/Frameworks/Python.framework/Versions/3.8/lib/python3.8/site-packages/airflow/example_dags/example_xcomargs.py for tasks to queue
[2024-11-26T19:33:52.676-0600] {logging_mixin.py:190} INFO - [2024-11-26T19:33:52.676-0600] {dagbag.py:588} INFO - Filling up the DagBag from /Library/Frameworks/Python.framework/Versions/3.8/lib/python3.8/site-packages/airflow/example_dags/example_xcomargs.py
[2024-11-26T19:33:52.689-0600] {processor.py:925} INFO - DAG(s) 'example_xcom_args', 'example_xcom_args_with_operators' retrieved from /Library/Frameworks/Python.framework/Versions/3.8/lib/python3.8/site-packages/airflow/example_dags/example_xcomargs.py
[2024-11-26T19:33:52.721-0600] {logging_mixin.py:190} INFO - [2024-11-26T19:33:52.721-0600] {dag.py:3239} INFO - Sync 2 DAGs
[2024-11-26T19:33:52.725-0600] {logging_mixin.py:190} INFO - [2024-11-26T19:33:52.725-0600] {dag.py:4180} INFO - Setting next_dagrun for example_xcom_args to None, run_after=None
[2024-11-26T19:33:52.726-0600] {logging_mixin.py:190} INFO - [2024-11-26T19:33:52.726-0600] {dag.py:4180} INFO - Setting next_dagrun for example_xcom_args_with_operators to None, run_after=None
[2024-11-26T19:33:52.730-0600] {processor.py:208} INFO - Processing /Library/Frameworks/Python.framework/Versions/3.8/lib/python3.8/site-packages/airflow/example_dags/example_xcomargs.py took 0.056 seconds
[2024-11-26T20:06:58.654-0600] {processor.py:186} INFO - Started process (PID=27960) to work on /Library/Frameworks/Python.framework/Versions/3.8/lib/python3.8/site-packages/airflow/example_dags/example_xcomargs.py
[2024-11-26T20:06:58.655-0600] {processor.py:914} INFO - Processing file /Library/Frameworks/Python.framework/Versions/3.8/lib/python3.8/site-packages/airflow/example_dags/example_xcomargs.py for tasks to queue
[2024-11-26T20:06:58.655-0600] {logging_mixin.py:190} INFO - [2024-11-26T20:06:58.655-0600] {dagbag.py:588} INFO - Filling up the DagBag from /Library/Frameworks/Python.framework/Versions/3.8/lib/python3.8/site-packages/airflow/example_dags/example_xcomargs.py
[2024-11-26T20:06:58.666-0600] {processor.py:925} INFO - DAG(s) 'example_xcom_args', 'example_xcom_args_with_operators' retrieved from /Library/Frameworks/Python.framework/Versions/3.8/lib/python3.8/site-packages/airflow/example_dags/example_xcomargs.py
[2024-11-26T20:06:58.699-0600] {logging_mixin.py:190} INFO - [2024-11-26T20:06:58.699-0600] {dag.py:3239} INFO - Sync 2 DAGs
[2024-11-26T20:06:58.702-0600] {logging_mixin.py:190} INFO - [2024-11-26T20:06:58.702-0600] {dag.py:4180} INFO - Setting next_dagrun for example_xcom_args to None, run_after=None
[2024-11-26T20:06:58.703-0600] {logging_mixin.py:190} INFO - [2024-11-26T20:06:58.703-0600] {dag.py:4180} INFO - Setting next_dagrun for example_xcom_args_with_operators to None, run_after=None
[2024-11-26T20:06:58.708-0600] {processor.py:208} INFO - Processing /Library/Frameworks/Python.framework/Versions/3.8/lib/python3.8/site-packages/airflow/example_dags/example_xcomargs.py took 0.055 seconds
[2024-11-26T20:08:11.680-0600] {processor.py:186} INFO - Started process (PID=28109) to work on /Library/Frameworks/Python.framework/Versions/3.8/lib/python3.8/site-packages/airflow/example_dags/example_xcomargs.py
[2024-11-26T20:08:11.681-0600] {processor.py:914} INFO - Processing file /Library/Frameworks/Python.framework/Versions/3.8/lib/python3.8/site-packages/airflow/example_dags/example_xcomargs.py for tasks to queue
[2024-11-26T20:08:11.681-0600] {logging_mixin.py:190} INFO - [2024-11-26T20:08:11.681-0600] {dagbag.py:588} INFO - Filling up the DagBag from /Library/Frameworks/Python.framework/Versions/3.8/lib/python3.8/site-packages/airflow/example_dags/example_xcomargs.py
[2024-11-26T20:08:11.692-0600] {processor.py:925} INFO - DAG(s) 'example_xcom_args', 'example_xcom_args_with_operators' retrieved from /Library/Frameworks/Python.framework/Versions/3.8/lib/python3.8/site-packages/airflow/example_dags/example_xcomargs.py
[2024-11-26T20:08:11.725-0600] {logging_mixin.py:190} INFO - [2024-11-26T20:08:11.725-0600] {dag.py:3239} INFO - Sync 2 DAGs
[2024-11-26T20:08:11.728-0600] {logging_mixin.py:190} INFO - [2024-11-26T20:08:11.728-0600] {dag.py:4180} INFO - Setting next_dagrun for example_xcom_args to None, run_after=None
[2024-11-26T20:08:11.729-0600] {logging_mixin.py:190} INFO - [2024-11-26T20:08:11.729-0600] {dag.py:4180} INFO - Setting next_dagrun for example_xcom_args_with_operators to None, run_after=None
[2024-11-26T20:08:11.734-0600] {processor.py:208} INFO - Processing /Library/Frameworks/Python.framework/Versions/3.8/lib/python3.8/site-packages/airflow/example_dags/example_xcomargs.py took 0.055 seconds
[2024-11-26T20:11:06.558-0600] {processor.py:186} INFO - Started process (PID=28229) to work on /Library/Frameworks/Python.framework/Versions/3.8/lib/python3.8/site-packages/airflow/example_dags/example_xcomargs.py
[2024-11-26T20:11:06.559-0600] {processor.py:914} INFO - Processing file /Library/Frameworks/Python.framework/Versions/3.8/lib/python3.8/site-packages/airflow/example_dags/example_xcomargs.py for tasks to queue
[2024-11-26T20:11:06.559-0600] {logging_mixin.py:190} INFO - [2024-11-26T20:11:06.559-0600] {dagbag.py:588} INFO - Filling up the DagBag from /Library/Frameworks/Python.framework/Versions/3.8/lib/python3.8/site-packages/airflow/example_dags/example_xcomargs.py
[2024-11-26T20:11:06.571-0600] {processor.py:925} INFO - DAG(s) 'example_xcom_args', 'example_xcom_args_with_operators' retrieved from /Library/Frameworks/Python.framework/Versions/3.8/lib/python3.8/site-packages/airflow/example_dags/example_xcomargs.py
[2024-11-26T20:11:06.604-0600] {logging_mixin.py:190} INFO - [2024-11-26T20:11:06.604-0600] {dag.py:3239} INFO - Sync 2 DAGs
[2024-11-26T20:11:06.607-0600] {logging_mixin.py:190} INFO - [2024-11-26T20:11:06.607-0600] {dag.py:4180} INFO - Setting next_dagrun for example_xcom_args to None, run_after=None
[2024-11-26T20:11:06.608-0600] {logging_mixin.py:190} INFO - [2024-11-26T20:11:06.608-0600] {dag.py:4180} INFO - Setting next_dagrun for example_xcom_args_with_operators to None, run_after=None
[2024-11-26T20:11:06.612-0600] {processor.py:208} INFO - Processing /Library/Frameworks/Python.framework/Versions/3.8/lib/python3.8/site-packages/airflow/example_dags/example_xcomargs.py took 0.055 seconds
[2024-11-26T20:12:10.057-0600] {processor.py:186} INFO - Started process (PID=28347) to work on /Library/Frameworks/Python.framework/Versions/3.8/lib/python3.8/site-packages/airflow/example_dags/example_xcomargs.py
[2024-11-26T20:12:10.057-0600] {processor.py:914} INFO - Processing file /Library/Frameworks/Python.framework/Versions/3.8/lib/python3.8/site-packages/airflow/example_dags/example_xcomargs.py for tasks to queue
[2024-11-26T20:12:10.057-0600] {logging_mixin.py:190} INFO - [2024-11-26T20:12:10.057-0600] {dagbag.py:588} INFO - Filling up the DagBag from /Library/Frameworks/Python.framework/Versions/3.8/lib/python3.8/site-packages/airflow/example_dags/example_xcomargs.py
[2024-11-26T20:12:10.069-0600] {processor.py:925} INFO - DAG(s) 'example_xcom_args', 'example_xcom_args_with_operators' retrieved from /Library/Frameworks/Python.framework/Versions/3.8/lib/python3.8/site-packages/airflow/example_dags/example_xcomargs.py
[2024-11-26T20:12:10.101-0600] {logging_mixin.py:190} INFO - [2024-11-26T20:12:10.101-0600] {dag.py:3239} INFO - Sync 2 DAGs
[2024-11-26T20:12:10.104-0600] {logging_mixin.py:190} INFO - [2024-11-26T20:12:10.104-0600] {dag.py:4180} INFO - Setting next_dagrun for example_xcom_args to None, run_after=None
[2024-11-26T20:12:10.105-0600] {logging_mixin.py:190} INFO - [2024-11-26T20:12:10.105-0600] {dag.py:4180} INFO - Setting next_dagrun for example_xcom_args_with_operators to None, run_after=None
[2024-11-26T20:12:10.110-0600] {processor.py:208} INFO - Processing /Library/Frameworks/Python.framework/Versions/3.8/lib/python3.8/site-packages/airflow/example_dags/example_xcomargs.py took 0.055 seconds
[2024-11-26T20:50:31.084-0600] {processor.py:186} INFO - Started process (PID=28488) to work on /Library/Frameworks/Python.framework/Versions/3.8/lib/python3.8/site-packages/airflow/example_dags/example_xcomargs.py
[2024-11-26T20:50:31.086-0600] {processor.py:914} INFO - Processing file /Library/Frameworks/Python.framework/Versions/3.8/lib/python3.8/site-packages/airflow/example_dags/example_xcomargs.py for tasks to queue
[2024-11-26T20:50:31.086-0600] {logging_mixin.py:190} INFO - [2024-11-26T20:50:31.086-0600] {dagbag.py:588} INFO - Filling up the DagBag from /Library/Frameworks/Python.framework/Versions/3.8/lib/python3.8/site-packages/airflow/example_dags/example_xcomargs.py
[2024-11-26T20:50:31.098-0600] {processor.py:925} INFO - DAG(s) 'example_xcom_args_with_operators', 'example_xcom_args' retrieved from /Library/Frameworks/Python.framework/Versions/3.8/lib/python3.8/site-packages/airflow/example_dags/example_xcomargs.py
[2024-11-26T20:50:31.130-0600] {logging_mixin.py:190} INFO - [2024-11-26T20:50:31.130-0600] {dag.py:3239} INFO - Sync 2 DAGs
[2024-11-26T20:50:31.134-0600] {logging_mixin.py:190} INFO - [2024-11-26T20:50:31.134-0600] {dag.py:4180} INFO - Setting next_dagrun for example_xcom_args to None, run_after=None
[2024-11-26T20:50:31.134-0600] {logging_mixin.py:190} INFO - [2024-11-26T20:50:31.134-0600] {dag.py:4180} INFO - Setting next_dagrun for example_xcom_args_with_operators to None, run_after=None
[2024-11-26T20:50:31.139-0600] {processor.py:208} INFO - Processing /Library/Frameworks/Python.framework/Versions/3.8/lib/python3.8/site-packages/airflow/example_dags/example_xcomargs.py took 0.056 seconds
[2024-11-26T20:51:59.569-0600] {processor.py:186} INFO - Started process (PID=28691) to work on /Library/Frameworks/Python.framework/Versions/3.8/lib/python3.8/site-packages/airflow/example_dags/example_xcomargs.py
[2024-11-26T20:51:59.570-0600] {processor.py:914} INFO - Processing file /Library/Frameworks/Python.framework/Versions/3.8/lib/python3.8/site-packages/airflow/example_dags/example_xcomargs.py for tasks to queue
[2024-11-26T20:51:59.570-0600] {logging_mixin.py:190} INFO - [2024-11-26T20:51:59.570-0600] {dagbag.py:588} INFO - Filling up the DagBag from /Library/Frameworks/Python.framework/Versions/3.8/lib/python3.8/site-packages/airflow/example_dags/example_xcomargs.py
[2024-11-26T20:51:59.582-0600] {processor.py:925} INFO - DAG(s) 'example_xcom_args', 'example_xcom_args_with_operators' retrieved from /Library/Frameworks/Python.framework/Versions/3.8/lib/python3.8/site-packages/airflow/example_dags/example_xcomargs.py
[2024-11-26T20:51:59.616-0600] {logging_mixin.py:190} INFO - [2024-11-26T20:51:59.615-0600] {dag.py:3239} INFO - Sync 2 DAGs
[2024-11-26T20:51:59.619-0600] {logging_mixin.py:190} INFO - [2024-11-26T20:51:59.619-0600] {dag.py:4180} INFO - Setting next_dagrun for example_xcom_args to None, run_after=None
[2024-11-26T20:51:59.620-0600] {logging_mixin.py:190} INFO - [2024-11-26T20:51:59.620-0600] {dag.py:4180} INFO - Setting next_dagrun for example_xcom_args_with_operators to None, run_after=None
[2024-11-26T20:51:59.624-0600] {processor.py:208} INFO - Processing /Library/Frameworks/Python.framework/Versions/3.8/lib/python3.8/site-packages/airflow/example_dags/example_xcomargs.py took 0.056 seconds
