[2024-11-26T19:32:36.755-0600] {processor.py:186} INFO - Started process (PID=27712) to work on /Library/Frameworks/Python.framework/Versions/3.8/lib/python3.8/site-packages/airflow/example_dags/example_branch_operator_decorator.py
[2024-11-26T19:32:36.756-0600] {processor.py:914} INFO - Processing file /Library/Frameworks/Python.framework/Versions/3.8/lib/python3.8/site-packages/airflow/example_dags/example_branch_operator_decorator.py for tasks to queue
[2024-11-26T19:32:36.756-0600] {logging_mixin.py:190} INFO - [2024-11-26T19:32:36.756-0600] {dagbag.py:588} INFO - Filling up the DagBag from /Library/Frameworks/Python.framework/Versions/3.8/lib/python3.8/site-packages/airflow/example_dags/example_branch_operator_decorator.py
[2024-11-26T19:32:36.762-0600] {processor.py:927} WARNING - No viable dags retrieved from /Library/Frameworks/Python.framework/Versions/3.8/lib/python3.8/site-packages/airflow/example_dags/example_branch_operator_decorator.py
[2024-11-26T19:32:36.791-0600] {processor.py:208} INFO - Processing /Library/Frameworks/Python.framework/Versions/3.8/lib/python3.8/site-packages/airflow/example_dags/example_branch_operator_decorator.py took 0.037 seconds
[2024-11-26T20:06:27.563-0600] {processor.py:186} INFO - Started process (PID=27902) to work on /Library/Frameworks/Python.framework/Versions/3.8/lib/python3.8/site-packages/airflow/example_dags/example_branch_operator_decorator.py
[2024-11-26T20:06:27.564-0600] {processor.py:914} INFO - Processing file /Library/Frameworks/Python.framework/Versions/3.8/lib/python3.8/site-packages/airflow/example_dags/example_branch_operator_decorator.py for tasks to queue
[2024-11-26T20:06:27.564-0600] {logging_mixin.py:190} INFO - [2024-11-26T20:06:27.564-0600] {dagbag.py:588} INFO - Filling up the DagBag from /Library/Frameworks/Python.framework/Versions/3.8/lib/python3.8/site-packages/airflow/example_dags/example_branch_operator_decorator.py
[2024-11-26T20:06:27.571-0600] {processor.py:927} WARNING - No viable dags retrieved from /Library/Frameworks/Python.framework/Versions/3.8/lib/python3.8/site-packages/airflow/example_dags/example_branch_operator_decorator.py
[2024-11-26T20:06:27.600-0600] {processor.py:208} INFO - Processing /Library/Frameworks/Python.framework/Versions/3.8/lib/python3.8/site-packages/airflow/example_dags/example_branch_operator_decorator.py took 0.038 seconds
[2024-11-26T20:10:34.752-0600] {processor.py:186} INFO - Started process (PID=28172) to work on /Library/Frameworks/Python.framework/Versions/3.8/lib/python3.8/site-packages/airflow/example_dags/example_branch_operator_decorator.py
[2024-11-26T20:10:34.753-0600] {processor.py:914} INFO - Processing file /Library/Frameworks/Python.framework/Versions/3.8/lib/python3.8/site-packages/airflow/example_dags/example_branch_operator_decorator.py for tasks to queue
[2024-11-26T20:10:34.754-0600] {logging_mixin.py:190} INFO - [2024-11-26T20:10:34.754-0600] {dagbag.py:588} INFO - Filling up the DagBag from /Library/Frameworks/Python.framework/Versions/3.8/lib/python3.8/site-packages/airflow/example_dags/example_branch_operator_decorator.py
[2024-11-26T20:10:34.760-0600] {processor.py:927} WARNING - No viable dags retrieved from /Library/Frameworks/Python.framework/Versions/3.8/lib/python3.8/site-packages/airflow/example_dags/example_branch_operator_decorator.py
[2024-11-26T20:10:34.788-0600] {processor.py:208} INFO - Processing /Library/Frameworks/Python.framework/Versions/3.8/lib/python3.8/site-packages/airflow/example_dags/example_branch_operator_decorator.py took 0.037 seconds
[2024-11-26T20:43:35.232-0600] {processor.py:186} INFO - Started process (PID=28415) to work on /Library/Frameworks/Python.framework/Versions/3.8/lib/python3.8/site-packages/airflow/example_dags/example_branch_operator_decorator.py
[2024-11-26T20:43:35.233-0600] {processor.py:914} INFO - Processing file /Library/Frameworks/Python.framework/Versions/3.8/lib/python3.8/site-packages/airflow/example_dags/example_branch_operator_decorator.py for tasks to queue
[2024-11-26T20:43:35.233-0600] {logging_mixin.py:190} INFO - [2024-11-26T20:43:35.233-0600] {dagbag.py:588} INFO - Filling up the DagBag from /Library/Frameworks/Python.framework/Versions/3.8/lib/python3.8/site-packages/airflow/example_dags/example_branch_operator_decorator.py
[2024-11-26T20:43:35.240-0600] {processor.py:927} WARNING - No viable dags retrieved from /Library/Frameworks/Python.framework/Versions/3.8/lib/python3.8/site-packages/airflow/example_dags/example_branch_operator_decorator.py
[2024-11-26T20:43:35.268-0600] {processor.py:208} INFO - Processing /Library/Frameworks/Python.framework/Versions/3.8/lib/python3.8/site-packages/airflow/example_dags/example_branch_operator_decorator.py took 0.037 seconds
[2024-11-26T20:51:36.234-0600] {processor.py:186} INFO - Started process (PID=28637) to work on /Library/Frameworks/Python.framework/Versions/3.8/lib/python3.8/site-packages/airflow/example_dags/example_branch_operator_decorator.py
[2024-11-26T20:51:36.234-0600] {processor.py:914} INFO - Processing file /Library/Frameworks/Python.framework/Versions/3.8/lib/python3.8/site-packages/airflow/example_dags/example_branch_operator_decorator.py for tasks to queue
[2024-11-26T20:51:36.234-0600] {logging_mixin.py:190} INFO - [2024-11-26T20:51:36.234-0600] {dagbag.py:588} INFO - Filling up the DagBag from /Library/Frameworks/Python.framework/Versions/3.8/lib/python3.8/site-packages/airflow/example_dags/example_branch_operator_decorator.py
[2024-11-26T20:51:36.241-0600] {processor.py:927} WARNING - No viable dags retrieved from /Library/Frameworks/Python.framework/Versions/3.8/lib/python3.8/site-packages/airflow/example_dags/example_branch_operator_decorator.py
[2024-11-26T20:51:36.269-0600] {processor.py:208} INFO - Processing /Library/Frameworks/Python.framework/Versions/3.8/lib/python3.8/site-packages/airflow/example_dags/example_branch_operator_decorator.py took 0.037 seconds
