[2024-11-26T19:16:53.634-0600] {processor.py:186} INFO - Started process (PID=27661) to work on /Library/Frameworks/Python.framework/Versions/3.8/lib/python3.8/site-packages/airflow/example_dags/example_nested_branch_dag.py
[2024-11-26T19:16:53.634-0600] {processor.py:914} INFO - Processing file /Library/Frameworks/Python.framework/Versions/3.8/lib/python3.8/site-packages/airflow/example_dags/example_nested_branch_dag.py for tasks to queue
[2024-11-26T19:16:53.634-0600] {logging_mixin.py:190} INFO - [2024-11-26T19:16:53.634-0600] {dagbag.py:588} INFO - Filling up the DagBag from /Library/Frameworks/Python.framework/Versions/3.8/lib/python3.8/site-packages/airflow/example_dags/example_nested_branch_dag.py
[2024-11-26T19:16:53.647-0600] {processor.py:925} INFO - DAG(s) 'example_nested_branch_dag' retrieved from /Library/Frameworks/Python.framework/Versions/3.8/lib/python3.8/site-packages/airflow/example_dags/example_nested_branch_dag.py
[2024-11-26T19:16:53.680-0600] {logging_mixin.py:190} INFO - [2024-11-26T19:16:53.680-0600] {dag.py:3239} INFO - Sync 1 DAGs
[2024-11-26T19:16:53.685-0600] {logging_mixin.py:190} INFO - [2024-11-26T19:16:53.685-0600] {dag.py:4180} INFO - Setting next_dagrun for example_nested_branch_dag to 2024-11-26 00:00:00+00:00, run_after=2024-11-27 00:00:00+00:00
[2024-11-26T19:16:53.691-0600] {processor.py:208} INFO - Processing /Library/Frameworks/Python.framework/Versions/3.8/lib/python3.8/site-packages/airflow/example_dags/example_nested_branch_dag.py took 0.059 seconds
[2024-11-26T19:34:46.451-0600] {processor.py:186} INFO - Started process (PID=27847) to work on /Library/Frameworks/Python.framework/Versions/3.8/lib/python3.8/site-packages/airflow/example_dags/example_nested_branch_dag.py
[2024-11-26T19:34:46.452-0600] {processor.py:914} INFO - Processing file /Library/Frameworks/Python.framework/Versions/3.8/lib/python3.8/site-packages/airflow/example_dags/example_nested_branch_dag.py for tasks to queue
[2024-11-26T19:34:46.453-0600] {logging_mixin.py:190} INFO - [2024-11-26T19:34:46.453-0600] {dagbag.py:588} INFO - Filling up the DagBag from /Library/Frameworks/Python.framework/Versions/3.8/lib/python3.8/site-packages/airflow/example_dags/example_nested_branch_dag.py
[2024-11-26T19:34:46.465-0600] {processor.py:925} INFO - DAG(s) 'example_nested_branch_dag' retrieved from /Library/Frameworks/Python.framework/Versions/3.8/lib/python3.8/site-packages/airflow/example_dags/example_nested_branch_dag.py
[2024-11-26T19:34:46.497-0600] {logging_mixin.py:190} INFO - [2024-11-26T19:34:46.497-0600] {dag.py:3239} INFO - Sync 1 DAGs
[2024-11-26T19:34:46.503-0600] {logging_mixin.py:190} INFO - [2024-11-26T19:34:46.503-0600] {dag.py:4180} INFO - Setting next_dagrun for example_nested_branch_dag to 2024-11-26 00:00:00+00:00, run_after=2024-11-27 00:00:00+00:00
[2024-11-26T19:34:46.508-0600] {processor.py:208} INFO - Processing /Library/Frameworks/Python.framework/Versions/3.8/lib/python3.8/site-packages/airflow/example_dags/example_nested_branch_dag.py took 0.058 seconds
[2024-11-26T20:07:37.792-0600] {processor.py:186} INFO - Started process (PID=28046) to work on /Library/Frameworks/Python.framework/Versions/3.8/lib/python3.8/site-packages/airflow/example_dags/example_nested_branch_dag.py
[2024-11-26T20:07:37.793-0600] {processor.py:914} INFO - Processing file /Library/Frameworks/Python.framework/Versions/3.8/lib/python3.8/site-packages/airflow/example_dags/example_nested_branch_dag.py for tasks to queue
[2024-11-26T20:07:37.793-0600] {logging_mixin.py:190} INFO - [2024-11-26T20:07:37.793-0600] {dagbag.py:588} INFO - Filling up the DagBag from /Library/Frameworks/Python.framework/Versions/3.8/lib/python3.8/site-packages/airflow/example_dags/example_nested_branch_dag.py
[2024-11-26T20:07:37.805-0600] {processor.py:925} INFO - DAG(s) 'example_nested_branch_dag' retrieved from /Library/Frameworks/Python.framework/Versions/3.8/lib/python3.8/site-packages/airflow/example_dags/example_nested_branch_dag.py
[2024-11-26T20:07:37.837-0600] {logging_mixin.py:190} INFO - [2024-11-26T20:07:37.837-0600] {dag.py:3239} INFO - Sync 1 DAGs
[2024-11-26T20:07:37.843-0600] {logging_mixin.py:190} INFO - [2024-11-26T20:07:37.843-0600] {dag.py:4180} INFO - Setting next_dagrun for example_nested_branch_dag to 2024-11-26 00:00:00+00:00, run_after=2024-11-27 00:00:00+00:00
[2024-11-26T20:07:37.848-0600] {processor.py:208} INFO - Processing /Library/Frameworks/Python.framework/Versions/3.8/lib/python3.8/site-packages/airflow/example_dags/example_nested_branch_dag.py took 0.057 seconds
[2024-11-26T20:11:38.135-0600] {processor.py:186} INFO - Started process (PID=28284) to work on /Library/Frameworks/Python.framework/Versions/3.8/lib/python3.8/site-packages/airflow/example_dags/example_nested_branch_dag.py
[2024-11-26T20:11:38.136-0600] {processor.py:914} INFO - Processing file /Library/Frameworks/Python.framework/Versions/3.8/lib/python3.8/site-packages/airflow/example_dags/example_nested_branch_dag.py for tasks to queue
[2024-11-26T20:11:38.136-0600] {logging_mixin.py:190} INFO - [2024-11-26T20:11:38.136-0600] {dagbag.py:588} INFO - Filling up the DagBag from /Library/Frameworks/Python.framework/Versions/3.8/lib/python3.8/site-packages/airflow/example_dags/example_nested_branch_dag.py
[2024-11-26T20:11:38.148-0600] {processor.py:925} INFO - DAG(s) 'example_nested_branch_dag' retrieved from /Library/Frameworks/Python.framework/Versions/3.8/lib/python3.8/site-packages/airflow/example_dags/example_nested_branch_dag.py
[2024-11-26T20:11:38.180-0600] {logging_mixin.py:190} INFO - [2024-11-26T20:11:38.180-0600] {dag.py:3239} INFO - Sync 1 DAGs
[2024-11-26T20:11:38.186-0600] {logging_mixin.py:190} INFO - [2024-11-26T20:11:38.186-0600] {dag.py:4180} INFO - Setting next_dagrun for example_nested_branch_dag to 2024-11-26 00:00:00+00:00, run_after=2024-11-27 00:00:00+00:00
[2024-11-26T20:11:38.191-0600] {processor.py:208} INFO - Processing /Library/Frameworks/Python.framework/Versions/3.8/lib/python3.8/site-packages/airflow/example_dags/example_nested_branch_dag.py took 0.058 seconds
[2024-11-26T20:51:09.289-0600] {processor.py:186} INFO - Started process (PID=28569) to work on /Library/Frameworks/Python.framework/Versions/3.8/lib/python3.8/site-packages/airflow/example_dags/example_nested_branch_dag.py
[2024-11-26T20:51:09.290-0600] {processor.py:914} INFO - Processing file /Library/Frameworks/Python.framework/Versions/3.8/lib/python3.8/site-packages/airflow/example_dags/example_nested_branch_dag.py for tasks to queue
[2024-11-26T20:51:09.290-0600] {logging_mixin.py:190} INFO - [2024-11-26T20:51:09.290-0600] {dagbag.py:588} INFO - Filling up the DagBag from /Library/Frameworks/Python.framework/Versions/3.8/lib/python3.8/site-packages/airflow/example_dags/example_nested_branch_dag.py
[2024-11-26T20:51:09.302-0600] {processor.py:925} INFO - DAG(s) 'example_nested_branch_dag' retrieved from /Library/Frameworks/Python.framework/Versions/3.8/lib/python3.8/site-packages/airflow/example_dags/example_nested_branch_dag.py
[2024-11-26T20:51:09.335-0600] {logging_mixin.py:190} INFO - [2024-11-26T20:51:09.335-0600] {dag.py:3239} INFO - Sync 1 DAGs
[2024-11-26T20:51:09.340-0600] {logging_mixin.py:190} INFO - [2024-11-26T20:51:09.340-0600] {dag.py:4180} INFO - Setting next_dagrun for example_nested_branch_dag to 2024-11-26 00:00:00+00:00, run_after=2024-11-27 00:00:00+00:00
[2024-11-26T20:51:09.345-0600] {processor.py:208} INFO - Processing /Library/Frameworks/Python.framework/Versions/3.8/lib/python3.8/site-packages/airflow/example_dags/example_nested_branch_dag.py took 0.058 seconds
