[2024-11-26T19:32:24.788-0600] {processor.py:186} INFO - Started process (PID=27696) to work on /Library/Frameworks/Python.framework/Versions/3.8/lib/python3.8/site-packages/airflow/example_dags/example_dataset_alias_with_no_taskflow.py
[2024-11-26T19:32:24.788-0600] {processor.py:914} INFO - Processing file /Library/Frameworks/Python.framework/Versions/3.8/lib/python3.8/site-packages/airflow/example_dags/example_dataset_alias_with_no_taskflow.py for tasks to queue
[2024-11-26T19:32:24.788-0600] {logging_mixin.py:190} INFO - [2024-11-26T19:32:24.788-0600] {dagbag.py:588} INFO - Filling up the DagBag from /Library/Frameworks/Python.framework/Versions/3.8/lib/python3.8/site-packages/airflow/example_dags/example_dataset_alias_with_no_taskflow.py
[2024-11-26T19:32:24.835-0600] {processor.py:925} INFO - DAG(s) 'dataset_alias_example_alias_consumer_with_no_taskflow', 'dataset_s3_bucket_consumer_with_no_taskflow', 'dataset_alias_example_alias_producer_with_no_taskflow', 'dataset_s3_bucket_producer_with_no_taskflow' retrieved from /Library/Frameworks/Python.framework/Versions/3.8/lib/python3.8/site-packages/airflow/example_dags/example_dataset_alias_with_no_taskflow.py
[2024-11-26T19:32:24.842-0600] {logging_mixin.py:190} INFO - [2024-11-26T19:32:24.842-0600] {dag.py:3239} INFO - Sync 4 DAGs
[2024-11-26T19:32:24.848-0600] {logging_mixin.py:190} INFO - [2024-11-26T19:32:24.848-0600] {dag.py:4180} INFO - Setting next_dagrun for dataset_alias_example_alias_consumer_with_no_taskflow to None, run_after=None
[2024-11-26T19:32:24.848-0600] {logging_mixin.py:190} INFO - [2024-11-26T19:32:24.848-0600] {dag.py:4180} INFO - Setting next_dagrun for dataset_alias_example_alias_producer_with_no_taskflow to None, run_after=None
[2024-11-26T19:32:24.849-0600] {logging_mixin.py:190} INFO - [2024-11-26T19:32:24.849-0600] {dag.py:4180} INFO - Setting next_dagrun for dataset_s3_bucket_consumer_with_no_taskflow to None, run_after=None
[2024-11-26T19:32:24.849-0600] {logging_mixin.py:190} INFO - [2024-11-26T19:32:24.849-0600] {dag.py:4180} INFO - Setting next_dagrun for dataset_s3_bucket_producer_with_no_taskflow to None, run_after=None
[2024-11-26T19:32:24.855-0600] {processor.py:208} INFO - Processing /Library/Frameworks/Python.framework/Versions/3.8/lib/python3.8/site-packages/airflow/example_dags/example_dataset_alias_with_no_taskflow.py took 0.068 seconds
[2024-11-26T20:06:18.929-0600] {processor.py:186} INFO - Started process (PID=27885) to work on /Library/Frameworks/Python.framework/Versions/3.8/lib/python3.8/site-packages/airflow/example_dags/example_dataset_alias_with_no_taskflow.py
[2024-11-26T20:06:18.930-0600] {processor.py:914} INFO - Processing file /Library/Frameworks/Python.framework/Versions/3.8/lib/python3.8/site-packages/airflow/example_dags/example_dataset_alias_with_no_taskflow.py for tasks to queue
[2024-11-26T20:06:18.931-0600] {logging_mixin.py:190} INFO - [2024-11-26T20:06:18.931-0600] {dagbag.py:588} INFO - Filling up the DagBag from /Library/Frameworks/Python.framework/Versions/3.8/lib/python3.8/site-packages/airflow/example_dags/example_dataset_alias_with_no_taskflow.py
[2024-11-26T20:06:18.976-0600] {processor.py:925} INFO - DAG(s) 'dataset_s3_bucket_consumer_with_no_taskflow', 'dataset_alias_example_alias_consumer_with_no_taskflow', 'dataset_s3_bucket_producer_with_no_taskflow', 'dataset_alias_example_alias_producer_with_no_taskflow' retrieved from /Library/Frameworks/Python.framework/Versions/3.8/lib/python3.8/site-packages/airflow/example_dags/example_dataset_alias_with_no_taskflow.py
[2024-11-26T20:06:18.984-0600] {logging_mixin.py:190} INFO - [2024-11-26T20:06:18.984-0600] {dag.py:3239} INFO - Sync 4 DAGs
[2024-11-26T20:06:18.989-0600] {logging_mixin.py:190} INFO - [2024-11-26T20:06:18.989-0600] {dag.py:4180} INFO - Setting next_dagrun for dataset_alias_example_alias_consumer_with_no_taskflow to None, run_after=None
[2024-11-26T20:06:18.990-0600] {logging_mixin.py:190} INFO - [2024-11-26T20:06:18.990-0600] {dag.py:4180} INFO - Setting next_dagrun for dataset_alias_example_alias_producer_with_no_taskflow to None, run_after=None
[2024-11-26T20:06:18.990-0600] {logging_mixin.py:190} INFO - [2024-11-26T20:06:18.990-0600] {dag.py:4180} INFO - Setting next_dagrun for dataset_s3_bucket_consumer_with_no_taskflow to None, run_after=None
[2024-11-26T20:06:18.990-0600] {logging_mixin.py:190} INFO - [2024-11-26T20:06:18.990-0600] {dag.py:4180} INFO - Setting next_dagrun for dataset_s3_bucket_producer_with_no_taskflow to None, run_after=None
[2024-11-26T20:06:18.996-0600] {processor.py:208} INFO - Processing /Library/Frameworks/Python.framework/Versions/3.8/lib/python3.8/site-packages/airflow/example_dags/example_dataset_alias_with_no_taskflow.py took 0.068 seconds
[2024-11-26T20:10:27.604-0600] {processor.py:186} INFO - Started process (PID=28157) to work on /Library/Frameworks/Python.framework/Versions/3.8/lib/python3.8/site-packages/airflow/example_dags/example_dataset_alias_with_no_taskflow.py
[2024-11-26T20:10:27.605-0600] {processor.py:914} INFO - Processing file /Library/Frameworks/Python.framework/Versions/3.8/lib/python3.8/site-packages/airflow/example_dags/example_dataset_alias_with_no_taskflow.py for tasks to queue
[2024-11-26T20:10:27.605-0600] {logging_mixin.py:190} INFO - [2024-11-26T20:10:27.605-0600] {dagbag.py:588} INFO - Filling up the DagBag from /Library/Frameworks/Python.framework/Versions/3.8/lib/python3.8/site-packages/airflow/example_dags/example_dataset_alias_with_no_taskflow.py
[2024-11-26T20:10:27.651-0600] {processor.py:925} INFO - DAG(s) 'dataset_alias_example_alias_consumer_with_no_taskflow', 'dataset_alias_example_alias_producer_with_no_taskflow', 'dataset_s3_bucket_consumer_with_no_taskflow', 'dataset_s3_bucket_producer_with_no_taskflow' retrieved from /Library/Frameworks/Python.framework/Versions/3.8/lib/python3.8/site-packages/airflow/example_dags/example_dataset_alias_with_no_taskflow.py
[2024-11-26T20:10:27.658-0600] {logging_mixin.py:190} INFO - [2024-11-26T20:10:27.658-0600] {dag.py:3239} INFO - Sync 4 DAGs
[2024-11-26T20:10:27.664-0600] {logging_mixin.py:190} INFO - [2024-11-26T20:10:27.663-0600] {dag.py:4180} INFO - Setting next_dagrun for dataset_alias_example_alias_consumer_with_no_taskflow to None, run_after=None
[2024-11-26T20:10:27.664-0600] {logging_mixin.py:190} INFO - [2024-11-26T20:10:27.664-0600] {dag.py:4180} INFO - Setting next_dagrun for dataset_alias_example_alias_producer_with_no_taskflow to None, run_after=None
[2024-11-26T20:10:27.664-0600] {logging_mixin.py:190} INFO - [2024-11-26T20:10:27.664-0600] {dag.py:4180} INFO - Setting next_dagrun for dataset_s3_bucket_consumer_with_no_taskflow to None, run_after=None
[2024-11-26T20:10:27.665-0600] {logging_mixin.py:190} INFO - [2024-11-26T20:10:27.665-0600] {dag.py:4180} INFO - Setting next_dagrun for dataset_s3_bucket_producer_with_no_taskflow to None, run_after=None
[2024-11-26T20:10:27.671-0600] {processor.py:208} INFO - Processing /Library/Frameworks/Python.framework/Versions/3.8/lib/python3.8/site-packages/airflow/example_dags/example_dataset_alias_with_no_taskflow.py took 0.069 seconds
[2024-11-26T20:28:12.571-0600] {processor.py:186} INFO - Started process (PID=28398) to work on /Library/Frameworks/Python.framework/Versions/3.8/lib/python3.8/site-packages/airflow/example_dags/example_dataset_alias_with_no_taskflow.py
[2024-11-26T20:28:12.572-0600] {processor.py:914} INFO - Processing file /Library/Frameworks/Python.framework/Versions/3.8/lib/python3.8/site-packages/airflow/example_dags/example_dataset_alias_with_no_taskflow.py for tasks to queue
[2024-11-26T20:28:12.572-0600] {logging_mixin.py:190} INFO - [2024-11-26T20:28:12.572-0600] {dagbag.py:588} INFO - Filling up the DagBag from /Library/Frameworks/Python.framework/Versions/3.8/lib/python3.8/site-packages/airflow/example_dags/example_dataset_alias_with_no_taskflow.py
[2024-11-26T20:28:12.618-0600] {processor.py:925} INFO - DAG(s) 'dataset_alias_example_alias_producer_with_no_taskflow', 'dataset_alias_example_alias_consumer_with_no_taskflow', 'dataset_s3_bucket_consumer_with_no_taskflow', 'dataset_s3_bucket_producer_with_no_taskflow' retrieved from /Library/Frameworks/Python.framework/Versions/3.8/lib/python3.8/site-packages/airflow/example_dags/example_dataset_alias_with_no_taskflow.py
[2024-11-26T20:28:12.625-0600] {logging_mixin.py:190} INFO - [2024-11-26T20:28:12.624-0600] {dag.py:3239} INFO - Sync 4 DAGs
[2024-11-26T20:28:12.630-0600] {logging_mixin.py:190} INFO - [2024-11-26T20:28:12.630-0600] {dag.py:4180} INFO - Setting next_dagrun for dataset_alias_example_alias_consumer_with_no_taskflow to None, run_after=None
[2024-11-26T20:28:12.630-0600] {logging_mixin.py:190} INFO - [2024-11-26T20:28:12.630-0600] {dag.py:4180} INFO - Setting next_dagrun for dataset_alias_example_alias_producer_with_no_taskflow to None, run_after=None
[2024-11-26T20:28:12.631-0600] {logging_mixin.py:190} INFO - [2024-11-26T20:28:12.631-0600] {dag.py:4180} INFO - Setting next_dagrun for dataset_s3_bucket_consumer_with_no_taskflow to None, run_after=None
[2024-11-26T20:28:12.631-0600] {logging_mixin.py:190} INFO - [2024-11-26T20:28:12.631-0600] {dag.py:4180} INFO - Setting next_dagrun for dataset_s3_bucket_producer_with_no_taskflow to None, run_after=None
[2024-11-26T20:28:12.637-0600] {processor.py:208} INFO - Processing /Library/Frameworks/Python.framework/Versions/3.8/lib/python3.8/site-packages/airflow/example_dags/example_dataset_alias_with_no_taskflow.py took 0.067 seconds
[2024-11-26T20:51:28.604-0600] {processor.py:186} INFO - Started process (PID=28619) to work on /Library/Frameworks/Python.framework/Versions/3.8/lib/python3.8/site-packages/airflow/example_dags/example_dataset_alias_with_no_taskflow.py
[2024-11-26T20:51:28.605-0600] {processor.py:914} INFO - Processing file /Library/Frameworks/Python.framework/Versions/3.8/lib/python3.8/site-packages/airflow/example_dags/example_dataset_alias_with_no_taskflow.py for tasks to queue
[2024-11-26T20:51:28.606-0600] {logging_mixin.py:190} INFO - [2024-11-26T20:51:28.606-0600] {dagbag.py:588} INFO - Filling up the DagBag from /Library/Frameworks/Python.framework/Versions/3.8/lib/python3.8/site-packages/airflow/example_dags/example_dataset_alias_with_no_taskflow.py
[2024-11-26T20:51:28.653-0600] {processor.py:925} INFO - DAG(s) 'dataset_s3_bucket_producer_with_no_taskflow', 'dataset_s3_bucket_consumer_with_no_taskflow', 'dataset_alias_example_alias_consumer_with_no_taskflow', 'dataset_alias_example_alias_producer_with_no_taskflow' retrieved from /Library/Frameworks/Python.framework/Versions/3.8/lib/python3.8/site-packages/airflow/example_dags/example_dataset_alias_with_no_taskflow.py
[2024-11-26T20:51:28.660-0600] {logging_mixin.py:190} INFO - [2024-11-26T20:51:28.660-0600] {dag.py:3239} INFO - Sync 4 DAGs
[2024-11-26T20:51:28.666-0600] {logging_mixin.py:190} INFO - [2024-11-26T20:51:28.666-0600] {dag.py:4180} INFO - Setting next_dagrun for dataset_alias_example_alias_consumer_with_no_taskflow to None, run_after=None
[2024-11-26T20:51:28.667-0600] {logging_mixin.py:190} INFO - [2024-11-26T20:51:28.667-0600] {dag.py:4180} INFO - Setting next_dagrun for dataset_alias_example_alias_producer_with_no_taskflow to None, run_after=None
[2024-11-26T20:51:28.667-0600] {logging_mixin.py:190} INFO - [2024-11-26T20:51:28.667-0600] {dag.py:4180} INFO - Setting next_dagrun for dataset_s3_bucket_consumer_with_no_taskflow to None, run_after=None
[2024-11-26T20:51:28.667-0600] {logging_mixin.py:190} INFO - [2024-11-26T20:51:28.667-0600] {dag.py:4180} INFO - Setting next_dagrun for dataset_s3_bucket_producer_with_no_taskflow to None, run_after=None
[2024-11-26T20:51:28.674-0600] {processor.py:208} INFO - Processing /Library/Frameworks/Python.framework/Versions/3.8/lib/python3.8/site-packages/airflow/example_dags/example_dataset_alias_with_no_taskflow.py took 0.071 seconds
