[2024-11-26T19:17:02.400-0600] {processor.py:186} INFO - Started process (PID=27670) to work on /Library/Frameworks/Python.framework/Versions/3.8/lib/python3.8/site-packages/airflow/example_dags/example_latest_only.py
[2024-11-26T19:17:02.400-0600] {processor.py:914} INFO - Processing file /Library/Frameworks/Python.framework/Versions/3.8/lib/python3.8/site-packages/airflow/example_dags/example_latest_only.py for tasks to queue
[2024-11-26T19:17:02.400-0600] {logging_mixin.py:190} INFO - [2024-11-26T19:17:02.400-0600] {dagbag.py:588} INFO - Filling up the DagBag from /Library/Frameworks/Python.framework/Versions/3.8/lib/python3.8/site-packages/airflow/example_dags/example_latest_only.py
[2024-11-26T19:17:02.403-0600] {processor.py:925} INFO - DAG(s) 'latest_only' retrieved from /Library/Frameworks/Python.framework/Versions/3.8/lib/python3.8/site-packages/airflow/example_dags/example_latest_only.py
[2024-11-26T19:17:02.436-0600] {logging_mixin.py:190} INFO - [2024-11-26T19:17:02.435-0600] {dag.py:3239} INFO - Sync 1 DAGs
[2024-11-26T19:17:02.441-0600] {logging_mixin.py:190} INFO - [2024-11-26T19:17:02.441-0600] {dag.py:4180} INFO - Setting next_dagrun for latest_only to 2024-11-26 20:00:00+00:00, run_after=2024-11-27 00:00:00+00:00
[2024-11-26T19:17:02.446-0600] {processor.py:208} INFO - Processing /Library/Frameworks/Python.framework/Versions/3.8/lib/python3.8/site-packages/airflow/example_dags/example_latest_only.py took 0.048 seconds
[2024-11-26T19:34:51.817-0600] {processor.py:186} INFO - Started process (PID=27856) to work on /Library/Frameworks/Python.framework/Versions/3.8/lib/python3.8/site-packages/airflow/example_dags/example_latest_only.py
[2024-11-26T19:34:51.818-0600] {processor.py:914} INFO - Processing file /Library/Frameworks/Python.framework/Versions/3.8/lib/python3.8/site-packages/airflow/example_dags/example_latest_only.py for tasks to queue
[2024-11-26T19:34:51.818-0600] {logging_mixin.py:190} INFO - [2024-11-26T19:34:51.818-0600] {dagbag.py:588} INFO - Filling up the DagBag from /Library/Frameworks/Python.framework/Versions/3.8/lib/python3.8/site-packages/airflow/example_dags/example_latest_only.py
[2024-11-26T19:34:51.821-0600] {processor.py:925} INFO - DAG(s) 'latest_only' retrieved from /Library/Frameworks/Python.framework/Versions/3.8/lib/python3.8/site-packages/airflow/example_dags/example_latest_only.py
[2024-11-26T19:34:51.853-0600] {logging_mixin.py:190} INFO - [2024-11-26T19:34:51.853-0600] {dag.py:3239} INFO - Sync 1 DAGs
[2024-11-26T19:34:51.858-0600] {logging_mixin.py:190} INFO - [2024-11-26T19:34:51.858-0600] {dag.py:4180} INFO - Setting next_dagrun for latest_only to 2024-11-26 20:00:00+00:00, run_after=2024-11-27 00:00:00+00:00
[2024-11-26T19:34:51.863-0600] {processor.py:208} INFO - Processing /Library/Frameworks/Python.framework/Versions/3.8/lib/python3.8/site-packages/airflow/example_dags/example_latest_only.py took 0.048 seconds
[2024-11-26T20:07:41.366-0600] {processor.py:186} INFO - Started process (PID=28055) to work on /Library/Frameworks/Python.framework/Versions/3.8/lib/python3.8/site-packages/airflow/example_dags/example_latest_only.py
[2024-11-26T20:07:41.366-0600] {processor.py:914} INFO - Processing file /Library/Frameworks/Python.framework/Versions/3.8/lib/python3.8/site-packages/airflow/example_dags/example_latest_only.py for tasks to queue
[2024-11-26T20:07:41.367-0600] {logging_mixin.py:190} INFO - [2024-11-26T20:07:41.367-0600] {dagbag.py:588} INFO - Filling up the DagBag from /Library/Frameworks/Python.framework/Versions/3.8/lib/python3.8/site-packages/airflow/example_dags/example_latest_only.py
[2024-11-26T20:07:41.369-0600] {processor.py:925} INFO - DAG(s) 'latest_only' retrieved from /Library/Frameworks/Python.framework/Versions/3.8/lib/python3.8/site-packages/airflow/example_dags/example_latest_only.py
[2024-11-26T20:07:41.401-0600] {logging_mixin.py:190} INFO - [2024-11-26T20:07:41.401-0600] {dag.py:3239} INFO - Sync 1 DAGs
[2024-11-26T20:07:41.406-0600] {logging_mixin.py:190} INFO - [2024-11-26T20:07:41.406-0600] {dag.py:4180} INFO - Setting next_dagrun for latest_only to 2024-11-26 20:00:00+00:00, run_after=2024-11-27 00:00:00+00:00
[2024-11-26T20:07:41.411-0600] {processor.py:208} INFO - Processing /Library/Frameworks/Python.framework/Versions/3.8/lib/python3.8/site-packages/airflow/example_dags/example_latest_only.py took 0.046 seconds
[2024-11-26T20:11:42.474-0600] {processor.py:186} INFO - Started process (PID=28293) to work on /Library/Frameworks/Python.framework/Versions/3.8/lib/python3.8/site-packages/airflow/example_dags/example_latest_only.py
[2024-11-26T20:11:42.475-0600] {processor.py:914} INFO - Processing file /Library/Frameworks/Python.framework/Versions/3.8/lib/python3.8/site-packages/airflow/example_dags/example_latest_only.py for tasks to queue
[2024-11-26T20:11:42.476-0600] {logging_mixin.py:190} INFO - [2024-11-26T20:11:42.476-0600] {dagbag.py:588} INFO - Filling up the DagBag from /Library/Frameworks/Python.framework/Versions/3.8/lib/python3.8/site-packages/airflow/example_dags/example_latest_only.py
[2024-11-26T20:11:42.478-0600] {processor.py:925} INFO - DAG(s) 'latest_only' retrieved from /Library/Frameworks/Python.framework/Versions/3.8/lib/python3.8/site-packages/airflow/example_dags/example_latest_only.py
[2024-11-26T20:11:42.510-0600] {logging_mixin.py:190} INFO - [2024-11-26T20:11:42.510-0600] {dag.py:3239} INFO - Sync 1 DAGs
[2024-11-26T20:11:42.516-0600] {logging_mixin.py:190} INFO - [2024-11-26T20:11:42.516-0600] {dag.py:4180} INFO - Setting next_dagrun for latest_only to 2024-11-26 20:00:00+00:00, run_after=2024-11-27 00:00:00+00:00
[2024-11-26T20:11:42.521-0600] {processor.py:208} INFO - Processing /Library/Frameworks/Python.framework/Versions/3.8/lib/python3.8/site-packages/airflow/example_dags/example_latest_only.py took 0.048 seconds
[2024-11-26T20:51:14.559-0600] {processor.py:186} INFO - Started process (PID=28581) to work on /Library/Frameworks/Python.framework/Versions/3.8/lib/python3.8/site-packages/airflow/example_dags/example_latest_only.py
[2024-11-26T20:51:14.560-0600] {processor.py:914} INFO - Processing file /Library/Frameworks/Python.framework/Versions/3.8/lib/python3.8/site-packages/airflow/example_dags/example_latest_only.py for tasks to queue
[2024-11-26T20:51:14.561-0600] {logging_mixin.py:190} INFO - [2024-11-26T20:51:14.561-0600] {dagbag.py:588} INFO - Filling up the DagBag from /Library/Frameworks/Python.framework/Versions/3.8/lib/python3.8/site-packages/airflow/example_dags/example_latest_only.py
[2024-11-26T20:51:14.563-0600] {processor.py:925} INFO - DAG(s) 'latest_only' retrieved from /Library/Frameworks/Python.framework/Versions/3.8/lib/python3.8/site-packages/airflow/example_dags/example_latest_only.py
[2024-11-26T20:51:14.595-0600] {logging_mixin.py:190} INFO - [2024-11-26T20:51:14.595-0600] {dag.py:3239} INFO - Sync 1 DAGs
[2024-11-26T20:51:14.601-0600] {logging_mixin.py:190} INFO - [2024-11-26T20:51:14.601-0600] {dag.py:4180} INFO - Setting next_dagrun for latest_only to 2024-11-26 20:00:00+00:00, run_after=2024-11-27 00:00:00+00:00
[2024-11-26T20:51:14.606-0600] {processor.py:208} INFO - Processing /Library/Frameworks/Python.framework/Versions/3.8/lib/python3.8/site-packages/airflow/example_dags/example_latest_only.py took 0.048 seconds
