[2024-11-26T19:32:22.942-0600] {processor.py:186} INFO - Started process (PID=27693) to work on /Library/Frameworks/Python.framework/Versions/3.8/lib/python3.8/site-packages/airflow/example_dags/example_datasets.py
[2024-11-26T19:32:22.942-0600] {processor.py:914} INFO - Processing file /Library/Frameworks/Python.framework/Versions/3.8/lib/python3.8/site-packages/airflow/example_dags/example_datasets.py for tasks to queue
[2024-11-26T19:32:22.943-0600] {logging_mixin.py:190} INFO - [2024-11-26T19:32:22.943-0600] {dagbag.py:588} INFO - Filling up the DagBag from /Library/Frameworks/Python.framework/Versions/3.8/lib/python3.8/site-packages/airflow/example_dags/example_datasets.py
[2024-11-26T19:32:22.958-0600] {processor.py:925} INFO - DAG(s) 'consume_1_and_2_with_dataset_expressions', 'consume_1_or_both_2_and_3_with_dataset_expressions', 'dataset_produces_1', 'consume_1_or_2_with_dataset_expressions', 'dataset_consumes_1_never_scheduled', 'dataset_consumes_unknown_never_scheduled', 'dataset_consumes_1_and_2', 'dataset_produces_2', 'dataset_consumes_1', 'conditional_dataset_and_time_based_timetable' retrieved from /Library/Frameworks/Python.framework/Versions/3.8/lib/python3.8/site-packages/airflow/example_dags/example_datasets.py
[2024-11-26T19:32:22.997-0600] {logging_mixin.py:190} INFO - [2024-11-26T19:32:22.997-0600] {dag.py:3239} INFO - Sync 10 DAGs
[2024-11-26T19:32:23.004-0600] {logging_mixin.py:190} INFO - [2024-11-26T19:32:23.004-0600] {dag.py:4180} INFO - Setting next_dagrun for conditional_dataset_and_time_based_timetable to 2024-11-27 01:00:00+00:00, run_after=2024-11-27 01:00:00+00:00
[2024-11-26T19:32:23.004-0600] {logging_mixin.py:190} INFO - [2024-11-26T19:32:23.004-0600] {dag.py:4180} INFO - Setting next_dagrun for consume_1_and_2_with_dataset_expressions to None, run_after=None
[2024-11-26T19:32:23.005-0600] {logging_mixin.py:190} INFO - [2024-11-26T19:32:23.005-0600] {dag.py:4180} INFO - Setting next_dagrun for consume_1_or_2_with_dataset_expressions to None, run_after=None
[2024-11-26T19:32:23.005-0600] {logging_mixin.py:190} INFO - [2024-11-26T19:32:23.005-0600] {dag.py:4180} INFO - Setting next_dagrun for consume_1_or_both_2_and_3_with_dataset_expressions to None, run_after=None
[2024-11-26T19:32:23.005-0600] {logging_mixin.py:190} INFO - [2024-11-26T19:32:23.005-0600] {dag.py:4180} INFO - Setting next_dagrun for dataset_consumes_1 to None, run_after=None
[2024-11-26T19:32:23.005-0600] {logging_mixin.py:190} INFO - [2024-11-26T19:32:23.005-0600] {dag.py:4180} INFO - Setting next_dagrun for dataset_consumes_1_and_2 to None, run_after=None
[2024-11-26T19:32:23.006-0600] {logging_mixin.py:190} INFO - [2024-11-26T19:32:23.006-0600] {dag.py:4180} INFO - Setting next_dagrun for dataset_consumes_1_never_scheduled to None, run_after=None
[2024-11-26T19:32:23.006-0600] {logging_mixin.py:190} INFO - [2024-11-26T19:32:23.006-0600] {dag.py:4180} INFO - Setting next_dagrun for dataset_consumes_unknown_never_scheduled to None, run_after=None
[2024-11-26T19:32:23.007-0600] {logging_mixin.py:190} INFO - [2024-11-26T19:32:23.007-0600] {dag.py:4180} INFO - Setting next_dagrun for dataset_produces_1 to 2024-11-26 00:00:00+00:00, run_after=2024-11-27 00:00:00+00:00
[2024-11-26T19:32:23.007-0600] {logging_mixin.py:190} INFO - [2024-11-26T19:32:23.007-0600] {dag.py:4180} INFO - Setting next_dagrun for dataset_produces_2 to None, run_after=None
[2024-11-26T19:32:23.015-0600] {processor.py:208} INFO - Processing /Library/Frameworks/Python.framework/Versions/3.8/lib/python3.8/site-packages/airflow/example_dags/example_datasets.py took 0.074 seconds
[2024-11-26T20:06:17.114-0600] {processor.py:186} INFO - Started process (PID=27882) to work on /Library/Frameworks/Python.framework/Versions/3.8/lib/python3.8/site-packages/airflow/example_dags/example_datasets.py
[2024-11-26T20:06:17.116-0600] {processor.py:914} INFO - Processing file /Library/Frameworks/Python.framework/Versions/3.8/lib/python3.8/site-packages/airflow/example_dags/example_datasets.py for tasks to queue
[2024-11-26T20:06:17.116-0600] {logging_mixin.py:190} INFO - [2024-11-26T20:06:17.116-0600] {dagbag.py:588} INFO - Filling up the DagBag from /Library/Frameworks/Python.framework/Versions/3.8/lib/python3.8/site-packages/airflow/example_dags/example_datasets.py
[2024-11-26T20:06:17.131-0600] {processor.py:925} INFO - DAG(s) 'conditional_dataset_and_time_based_timetable', 'dataset_consumes_1_and_2', 'dataset_produces_1', 'consume_1_or_both_2_and_3_with_dataset_expressions', 'consume_1_or_2_with_dataset_expressions', 'dataset_consumes_1_never_scheduled', 'dataset_produces_2', 'consume_1_and_2_with_dataset_expressions', 'dataset_consumes_unknown_never_scheduled', 'dataset_consumes_1' retrieved from /Library/Frameworks/Python.framework/Versions/3.8/lib/python3.8/site-packages/airflow/example_dags/example_datasets.py
[2024-11-26T20:06:17.170-0600] {logging_mixin.py:190} INFO - [2024-11-26T20:06:17.170-0600] {dag.py:3239} INFO - Sync 10 DAGs
[2024-11-26T20:06:17.176-0600] {logging_mixin.py:190} INFO - [2024-11-26T20:06:17.176-0600] {dag.py:4180} INFO - Setting next_dagrun for conditional_dataset_and_time_based_timetable to 2024-11-27 01:00:00+00:00, run_after=2024-11-27 01:00:00+00:00
[2024-11-26T20:06:17.177-0600] {logging_mixin.py:190} INFO - [2024-11-26T20:06:17.177-0600] {dag.py:4180} INFO - Setting next_dagrun for consume_1_and_2_with_dataset_expressions to None, run_after=None
[2024-11-26T20:06:17.177-0600] {logging_mixin.py:190} INFO - [2024-11-26T20:06:17.177-0600] {dag.py:4180} INFO - Setting next_dagrun for consume_1_or_2_with_dataset_expressions to None, run_after=None
[2024-11-26T20:06:17.178-0600] {logging_mixin.py:190} INFO - [2024-11-26T20:06:17.178-0600] {dag.py:4180} INFO - Setting next_dagrun for consume_1_or_both_2_and_3_with_dataset_expressions to None, run_after=None
[2024-11-26T20:06:17.178-0600] {logging_mixin.py:190} INFO - [2024-11-26T20:06:17.178-0600] {dag.py:4180} INFO - Setting next_dagrun for dataset_consumes_1 to None, run_after=None
[2024-11-26T20:06:17.178-0600] {logging_mixin.py:190} INFO - [2024-11-26T20:06:17.178-0600] {dag.py:4180} INFO - Setting next_dagrun for dataset_consumes_1_and_2 to None, run_after=None
[2024-11-26T20:06:17.178-0600] {logging_mixin.py:190} INFO - [2024-11-26T20:06:17.178-0600] {dag.py:4180} INFO - Setting next_dagrun for dataset_consumes_1_never_scheduled to None, run_after=None
[2024-11-26T20:06:17.179-0600] {logging_mixin.py:190} INFO - [2024-11-26T20:06:17.179-0600] {dag.py:4180} INFO - Setting next_dagrun for dataset_consumes_unknown_never_scheduled to None, run_after=None
[2024-11-26T20:06:17.179-0600] {logging_mixin.py:190} INFO - [2024-11-26T20:06:17.179-0600] {dag.py:4180} INFO - Setting next_dagrun for dataset_produces_1 to 2024-11-26 00:00:00+00:00, run_after=2024-11-27 00:00:00+00:00
[2024-11-26T20:06:17.180-0600] {logging_mixin.py:190} INFO - [2024-11-26T20:06:17.180-0600] {dag.py:4180} INFO - Setting next_dagrun for dataset_produces_2 to None, run_after=None
[2024-11-26T20:06:17.188-0600] {processor.py:208} INFO - Processing /Library/Frameworks/Python.framework/Versions/3.8/lib/python3.8/site-packages/airflow/example_dags/example_datasets.py took 0.074 seconds
[2024-11-26T20:10:25.799-0600] {processor.py:186} INFO - Started process (PID=28154) to work on /Library/Frameworks/Python.framework/Versions/3.8/lib/python3.8/site-packages/airflow/example_dags/example_datasets.py
[2024-11-26T20:10:25.800-0600] {processor.py:914} INFO - Processing file /Library/Frameworks/Python.framework/Versions/3.8/lib/python3.8/site-packages/airflow/example_dags/example_datasets.py for tasks to queue
[2024-11-26T20:10:25.801-0600] {logging_mixin.py:190} INFO - [2024-11-26T20:10:25.801-0600] {dagbag.py:588} INFO - Filling up the DagBag from /Library/Frameworks/Python.framework/Versions/3.8/lib/python3.8/site-packages/airflow/example_dags/example_datasets.py
[2024-11-26T20:10:25.816-0600] {processor.py:925} INFO - DAG(s) 'dataset_consumes_1_and_2', 'consume_1_and_2_with_dataset_expressions', 'consume_1_or_both_2_and_3_with_dataset_expressions', 'conditional_dataset_and_time_based_timetable', 'dataset_consumes_1_never_scheduled', 'dataset_produces_2', 'consume_1_or_2_with_dataset_expressions', 'dataset_produces_1', 'dataset_consumes_unknown_never_scheduled', 'dataset_consumes_1' retrieved from /Library/Frameworks/Python.framework/Versions/3.8/lib/python3.8/site-packages/airflow/example_dags/example_datasets.py
[2024-11-26T20:10:25.855-0600] {logging_mixin.py:190} INFO - [2024-11-26T20:10:25.855-0600] {dag.py:3239} INFO - Sync 10 DAGs
[2024-11-26T20:10:25.861-0600] {logging_mixin.py:190} INFO - [2024-11-26T20:10:25.861-0600] {dag.py:4180} INFO - Setting next_dagrun for conditional_dataset_and_time_based_timetable to 2024-11-27 01:00:00+00:00, run_after=2024-11-27 01:00:00+00:00
[2024-11-26T20:10:25.862-0600] {logging_mixin.py:190} INFO - [2024-11-26T20:10:25.862-0600] {dag.py:4180} INFO - Setting next_dagrun for consume_1_and_2_with_dataset_expressions to None, run_after=None
[2024-11-26T20:10:25.862-0600] {logging_mixin.py:190} INFO - [2024-11-26T20:10:25.862-0600] {dag.py:4180} INFO - Setting next_dagrun for consume_1_or_2_with_dataset_expressions to None, run_after=None
[2024-11-26T20:10:25.863-0600] {logging_mixin.py:190} INFO - [2024-11-26T20:10:25.863-0600] {dag.py:4180} INFO - Setting next_dagrun for consume_1_or_both_2_and_3_with_dataset_expressions to None, run_after=None
[2024-11-26T20:10:25.863-0600] {logging_mixin.py:190} INFO - [2024-11-26T20:10:25.863-0600] {dag.py:4180} INFO - Setting next_dagrun for dataset_consumes_1 to None, run_after=None
[2024-11-26T20:10:25.863-0600] {logging_mixin.py:190} INFO - [2024-11-26T20:10:25.863-0600] {dag.py:4180} INFO - Setting next_dagrun for dataset_consumes_1_and_2 to None, run_after=None
[2024-11-26T20:10:25.863-0600] {logging_mixin.py:190} INFO - [2024-11-26T20:10:25.863-0600] {dag.py:4180} INFO - Setting next_dagrun for dataset_consumes_1_never_scheduled to None, run_after=None
[2024-11-26T20:10:25.864-0600] {logging_mixin.py:190} INFO - [2024-11-26T20:10:25.864-0600] {dag.py:4180} INFO - Setting next_dagrun for dataset_consumes_unknown_never_scheduled to None, run_after=None
[2024-11-26T20:10:25.864-0600] {logging_mixin.py:190} INFO - [2024-11-26T20:10:25.864-0600] {dag.py:4180} INFO - Setting next_dagrun for dataset_produces_1 to 2024-11-26 00:00:00+00:00, run_after=2024-11-27 00:00:00+00:00
[2024-11-26T20:10:25.864-0600] {logging_mixin.py:190} INFO - [2024-11-26T20:10:25.864-0600] {dag.py:4180} INFO - Setting next_dagrun for dataset_produces_2 to None, run_after=None
[2024-11-26T20:10:25.873-0600] {processor.py:208} INFO - Processing /Library/Frameworks/Python.framework/Versions/3.8/lib/python3.8/site-packages/airflow/example_dags/example_datasets.py took 0.075 seconds
[2024-11-26T20:28:10.764-0600] {processor.py:186} INFO - Started process (PID=28395) to work on /Library/Frameworks/Python.framework/Versions/3.8/lib/python3.8/site-packages/airflow/example_dags/example_datasets.py
[2024-11-26T20:28:10.765-0600] {processor.py:914} INFO - Processing file /Library/Frameworks/Python.framework/Versions/3.8/lib/python3.8/site-packages/airflow/example_dags/example_datasets.py for tasks to queue
[2024-11-26T20:28:10.765-0600] {logging_mixin.py:190} INFO - [2024-11-26T20:28:10.765-0600] {dagbag.py:588} INFO - Filling up the DagBag from /Library/Frameworks/Python.framework/Versions/3.8/lib/python3.8/site-packages/airflow/example_dags/example_datasets.py
[2024-11-26T20:28:10.779-0600] {processor.py:925} INFO - DAG(s) 'consume_1_or_2_with_dataset_expressions', 'dataset_consumes_1_and_2', 'consume_1_and_2_with_dataset_expressions', 'dataset_consumes_unknown_never_scheduled', 'dataset_consumes_1_never_scheduled', 'conditional_dataset_and_time_based_timetable', 'dataset_produces_1', 'consume_1_or_both_2_and_3_with_dataset_expressions', 'dataset_produces_2', 'dataset_consumes_1' retrieved from /Library/Frameworks/Python.framework/Versions/3.8/lib/python3.8/site-packages/airflow/example_dags/example_datasets.py
[2024-11-26T20:28:10.818-0600] {logging_mixin.py:190} INFO - [2024-11-26T20:28:10.818-0600] {dag.py:3239} INFO - Sync 10 DAGs
[2024-11-26T20:28:10.825-0600] {logging_mixin.py:190} INFO - [2024-11-26T20:28:10.824-0600] {dag.py:4180} INFO - Setting next_dagrun for conditional_dataset_and_time_based_timetable to 2024-11-27 01:00:00+00:00, run_after=2024-11-27 01:00:00+00:00
[2024-11-26T20:28:10.825-0600] {logging_mixin.py:190} INFO - [2024-11-26T20:28:10.825-0600] {dag.py:4180} INFO - Setting next_dagrun for consume_1_and_2_with_dataset_expressions to None, run_after=None
[2024-11-26T20:28:10.826-0600] {logging_mixin.py:190} INFO - [2024-11-26T20:28:10.826-0600] {dag.py:4180} INFO - Setting next_dagrun for consume_1_or_2_with_dataset_expressions to None, run_after=None
[2024-11-26T20:28:10.826-0600] {logging_mixin.py:190} INFO - [2024-11-26T20:28:10.826-0600] {dag.py:4180} INFO - Setting next_dagrun for consume_1_or_both_2_and_3_with_dataset_expressions to None, run_after=None
[2024-11-26T20:28:10.826-0600] {logging_mixin.py:190} INFO - [2024-11-26T20:28:10.826-0600] {dag.py:4180} INFO - Setting next_dagrun for dataset_consumes_1 to None, run_after=None
[2024-11-26T20:28:10.826-0600] {logging_mixin.py:190} INFO - [2024-11-26T20:28:10.826-0600] {dag.py:4180} INFO - Setting next_dagrun for dataset_consumes_1_and_2 to None, run_after=None
[2024-11-26T20:28:10.827-0600] {logging_mixin.py:190} INFO - [2024-11-26T20:28:10.827-0600] {dag.py:4180} INFO - Setting next_dagrun for dataset_consumes_1_never_scheduled to None, run_after=None
[2024-11-26T20:28:10.827-0600] {logging_mixin.py:190} INFO - [2024-11-26T20:28:10.827-0600] {dag.py:4180} INFO - Setting next_dagrun for dataset_consumes_unknown_never_scheduled to None, run_after=None
[2024-11-26T20:28:10.828-0600] {logging_mixin.py:190} INFO - [2024-11-26T20:28:10.828-0600] {dag.py:4180} INFO - Setting next_dagrun for dataset_produces_1 to 2024-11-26 00:00:00+00:00, run_after=2024-11-27 00:00:00+00:00
[2024-11-26T20:28:10.828-0600] {logging_mixin.py:190} INFO - [2024-11-26T20:28:10.828-0600] {dag.py:4180} INFO - Setting next_dagrun for dataset_produces_2 to None, run_after=None
[2024-11-26T20:28:10.837-0600] {processor.py:208} INFO - Processing /Library/Frameworks/Python.framework/Versions/3.8/lib/python3.8/site-packages/airflow/example_dags/example_datasets.py took 0.074 seconds
[2024-11-26T20:51:26.829-0600] {processor.py:186} INFO - Started process (PID=28613) to work on /Library/Frameworks/Python.framework/Versions/3.8/lib/python3.8/site-packages/airflow/example_dags/example_datasets.py
[2024-11-26T20:51:26.830-0600] {processor.py:914} INFO - Processing file /Library/Frameworks/Python.framework/Versions/3.8/lib/python3.8/site-packages/airflow/example_dags/example_datasets.py for tasks to queue
[2024-11-26T20:51:26.831-0600] {logging_mixin.py:190} INFO - [2024-11-26T20:51:26.831-0600] {dagbag.py:588} INFO - Filling up the DagBag from /Library/Frameworks/Python.framework/Versions/3.8/lib/python3.8/site-packages/airflow/example_dags/example_datasets.py
[2024-11-26T20:51:26.845-0600] {processor.py:925} INFO - DAG(s) 'dataset_consumes_1_and_2', 'conditional_dataset_and_time_based_timetable', 'consume_1_or_both_2_and_3_with_dataset_expressions', 'consume_1_and_2_with_dataset_expressions', 'dataset_consumes_1', 'dataset_consumes_unknown_never_scheduled', 'dataset_consumes_1_never_scheduled', 'dataset_produces_1', 'dataset_produces_2', 'consume_1_or_2_with_dataset_expressions' retrieved from /Library/Frameworks/Python.framework/Versions/3.8/lib/python3.8/site-packages/airflow/example_dags/example_datasets.py
[2024-11-26T20:51:26.884-0600] {logging_mixin.py:190} INFO - [2024-11-26T20:51:26.884-0600] {dag.py:3239} INFO - Sync 10 DAGs
[2024-11-26T20:51:26.890-0600] {logging_mixin.py:190} INFO - [2024-11-26T20:51:26.890-0600] {dag.py:4180} INFO - Setting next_dagrun for conditional_dataset_and_time_based_timetable to 2024-11-27 01:00:00+00:00, run_after=2024-11-27 01:00:00+00:00
[2024-11-26T20:51:26.891-0600] {logging_mixin.py:190} INFO - [2024-11-26T20:51:26.891-0600] {dag.py:4180} INFO - Setting next_dagrun for consume_1_and_2_with_dataset_expressions to None, run_after=None
[2024-11-26T20:51:26.892-0600] {logging_mixin.py:190} INFO - [2024-11-26T20:51:26.892-0600] {dag.py:4180} INFO - Setting next_dagrun for consume_1_or_2_with_dataset_expressions to None, run_after=None
[2024-11-26T20:51:26.892-0600] {logging_mixin.py:190} INFO - [2024-11-26T20:51:26.892-0600] {dag.py:4180} INFO - Setting next_dagrun for consume_1_or_both_2_and_3_with_dataset_expressions to None, run_after=None
[2024-11-26T20:51:26.892-0600] {logging_mixin.py:190} INFO - [2024-11-26T20:51:26.892-0600] {dag.py:4180} INFO - Setting next_dagrun for dataset_consumes_1 to None, run_after=None
[2024-11-26T20:51:26.892-0600] {logging_mixin.py:190} INFO - [2024-11-26T20:51:26.892-0600] {dag.py:4180} INFO - Setting next_dagrun for dataset_consumes_1_and_2 to None, run_after=None
[2024-11-26T20:51:26.893-0600] {logging_mixin.py:190} INFO - [2024-11-26T20:51:26.892-0600] {dag.py:4180} INFO - Setting next_dagrun for dataset_consumes_1_never_scheduled to None, run_after=None
[2024-11-26T20:51:26.893-0600] {logging_mixin.py:190} INFO - [2024-11-26T20:51:26.893-0600] {dag.py:4180} INFO - Setting next_dagrun for dataset_consumes_unknown_never_scheduled to None, run_after=None
[2024-11-26T20:51:26.893-0600] {logging_mixin.py:190} INFO - [2024-11-26T20:51:26.893-0600] {dag.py:4180} INFO - Setting next_dagrun for dataset_produces_1 to 2024-11-26 00:00:00+00:00, run_after=2024-11-27 00:00:00+00:00
[2024-11-26T20:51:26.894-0600] {logging_mixin.py:190} INFO - [2024-11-26T20:51:26.894-0600] {dag.py:4180} INFO - Setting next_dagrun for dataset_produces_2 to None, run_after=None
[2024-11-26T20:51:26.902-0600] {processor.py:208} INFO - Processing /Library/Frameworks/Python.framework/Versions/3.8/lib/python3.8/site-packages/airflow/example_dags/example_datasets.py took 0.074 seconds
