[2024-11-26T19:08:17.842-0600] {processor.py:186} INFO - Started process (PID=27604) to work on /Library/Frameworks/Python.framework/Versions/3.8/lib/python3.8/site-packages/airflow/example_dags/example_task_group_decorator.py
[2024-11-26T19:08:17.843-0600] {processor.py:914} INFO - Processing file /Library/Frameworks/Python.framework/Versions/3.8/lib/python3.8/site-packages/airflow/example_dags/example_task_group_decorator.py for tasks to queue
[2024-11-26T19:08:17.843-0600] {logging_mixin.py:190} INFO - [2024-11-26T19:08:17.843-0600] {dagbag.py:588} INFO - Filling up the DagBag from /Library/Frameworks/Python.framework/Versions/3.8/lib/python3.8/site-packages/airflow/example_dags/example_task_group_decorator.py
[2024-11-26T19:08:17.857-0600] {processor.py:925} INFO - DAG(s) 'example_task_group_decorator' retrieved from /Library/Frameworks/Python.framework/Versions/3.8/lib/python3.8/site-packages/airflow/example_dags/example_task_group_decorator.py
[2024-11-26T19:08:17.891-0600] {logging_mixin.py:190} INFO - [2024-11-26T19:08:17.891-0600] {dag.py:3239} INFO - Sync 1 DAGs
[2024-11-26T19:08:17.894-0600] {logging_mixin.py:190} INFO - [2024-11-26T19:08:17.894-0600] {dag.py:4180} INFO - Setting next_dagrun for example_task_group_decorator to None, run_after=None
[2024-11-26T19:08:17.899-0600] {processor.py:208} INFO - Processing /Library/Frameworks/Python.framework/Versions/3.8/lib/python3.8/site-packages/airflow/example_dags/example_task_group_decorator.py took 0.058 seconds
[2024-11-26T19:34:04.022-0600] {processor.py:186} INFO - Started process (PID=27795) to work on /Library/Frameworks/Python.framework/Versions/3.8/lib/python3.8/site-packages/airflow/example_dags/example_task_group_decorator.py
[2024-11-26T19:34:04.023-0600] {processor.py:914} INFO - Processing file /Library/Frameworks/Python.framework/Versions/3.8/lib/python3.8/site-packages/airflow/example_dags/example_task_group_decorator.py for tasks to queue
[2024-11-26T19:34:04.024-0600] {logging_mixin.py:190} INFO - [2024-11-26T19:34:04.024-0600] {dagbag.py:588} INFO - Filling up the DagBag from /Library/Frameworks/Python.framework/Versions/3.8/lib/python3.8/site-packages/airflow/example_dags/example_task_group_decorator.py
[2024-11-26T19:34:04.038-0600] {processor.py:925} INFO - DAG(s) 'example_task_group_decorator' retrieved from /Library/Frameworks/Python.framework/Versions/3.8/lib/python3.8/site-packages/airflow/example_dags/example_task_group_decorator.py
[2024-11-26T19:34:04.072-0600] {logging_mixin.py:190} INFO - [2024-11-26T19:34:04.072-0600] {dag.py:3239} INFO - Sync 1 DAGs
[2024-11-26T19:34:04.075-0600] {logging_mixin.py:190} INFO - [2024-11-26T19:34:04.075-0600] {dag.py:4180} INFO - Setting next_dagrun for example_task_group_decorator to None, run_after=None
[2024-11-26T19:34:04.080-0600] {processor.py:208} INFO - Processing /Library/Frameworks/Python.framework/Versions/3.8/lib/python3.8/site-packages/airflow/example_dags/example_task_group_decorator.py took 0.059 seconds
[2024-11-26T20:07:09.212-0600] {processor.py:186} INFO - Started process (PID=27978) to work on /Library/Frameworks/Python.framework/Versions/3.8/lib/python3.8/site-packages/airflow/example_dags/example_task_group_decorator.py
[2024-11-26T20:07:09.212-0600] {processor.py:914} INFO - Processing file /Library/Frameworks/Python.framework/Versions/3.8/lib/python3.8/site-packages/airflow/example_dags/example_task_group_decorator.py for tasks to queue
[2024-11-26T20:07:09.213-0600] {logging_mixin.py:190} INFO - [2024-11-26T20:07:09.213-0600] {dagbag.py:588} INFO - Filling up the DagBag from /Library/Frameworks/Python.framework/Versions/3.8/lib/python3.8/site-packages/airflow/example_dags/example_task_group_decorator.py
[2024-11-26T20:07:09.229-0600] {processor.py:925} INFO - DAG(s) 'example_task_group_decorator' retrieved from /Library/Frameworks/Python.framework/Versions/3.8/lib/python3.8/site-packages/airflow/example_dags/example_task_group_decorator.py
[2024-11-26T20:07:09.269-0600] {logging_mixin.py:190} INFO - [2024-11-26T20:07:09.269-0600] {dag.py:3239} INFO - Sync 1 DAGs
[2024-11-26T20:07:09.273-0600] {logging_mixin.py:190} INFO - [2024-11-26T20:07:09.273-0600] {dag.py:4180} INFO - Setting next_dagrun for example_task_group_decorator to None, run_after=None
[2024-11-26T20:07:09.279-0600] {processor.py:208} INFO - Processing /Library/Frameworks/Python.framework/Versions/3.8/lib/python3.8/site-packages/airflow/example_dags/example_task_group_decorator.py took 0.069 seconds
[2024-11-26T20:10:13.221-0600] {processor.py:186} INFO - Started process (PID=28130) to work on /Library/Frameworks/Python.framework/Versions/3.8/lib/python3.8/site-packages/airflow/example_dags/example_task_group_decorator.py
[2024-11-26T20:10:13.222-0600] {processor.py:914} INFO - Processing file /Library/Frameworks/Python.framework/Versions/3.8/lib/python3.8/site-packages/airflow/example_dags/example_task_group_decorator.py for tasks to queue
[2024-11-26T20:10:13.223-0600] {logging_mixin.py:190} INFO - [2024-11-26T20:10:13.223-0600] {dagbag.py:588} INFO - Filling up the DagBag from /Library/Frameworks/Python.framework/Versions/3.8/lib/python3.8/site-packages/airflow/example_dags/example_task_group_decorator.py
[2024-11-26T20:10:13.236-0600] {processor.py:925} INFO - DAG(s) 'example_task_group_decorator' retrieved from /Library/Frameworks/Python.framework/Versions/3.8/lib/python3.8/site-packages/airflow/example_dags/example_task_group_decorator.py
[2024-11-26T20:10:13.270-0600] {logging_mixin.py:190} INFO - [2024-11-26T20:10:13.270-0600] {dag.py:3239} INFO - Sync 1 DAGs
[2024-11-26T20:10:13.273-0600] {logging_mixin.py:190} INFO - [2024-11-26T20:10:13.273-0600] {dag.py:4180} INFO - Setting next_dagrun for example_task_group_decorator to None, run_after=None
[2024-11-26T20:10:13.278-0600] {processor.py:208} INFO - Processing /Library/Frameworks/Python.framework/Versions/3.8/lib/python3.8/site-packages/airflow/example_dags/example_task_group_decorator.py took 0.058 seconds
[2024-11-26T20:11:17.250-0600] {processor.py:186} INFO - Started process (PID=28247) to work on /Library/Frameworks/Python.framework/Versions/3.8/lib/python3.8/site-packages/airflow/example_dags/example_task_group_decorator.py
[2024-11-26T20:11:17.250-0600] {processor.py:914} INFO - Processing file /Library/Frameworks/Python.framework/Versions/3.8/lib/python3.8/site-packages/airflow/example_dags/example_task_group_decorator.py for tasks to queue
[2024-11-26T20:11:17.250-0600] {logging_mixin.py:190} INFO - [2024-11-26T20:11:17.250-0600] {dagbag.py:588} INFO - Filling up the DagBag from /Library/Frameworks/Python.framework/Versions/3.8/lib/python3.8/site-packages/airflow/example_dags/example_task_group_decorator.py
[2024-11-26T20:11:17.263-0600] {processor.py:925} INFO - DAG(s) 'example_task_group_decorator' retrieved from /Library/Frameworks/Python.framework/Versions/3.8/lib/python3.8/site-packages/airflow/example_dags/example_task_group_decorator.py
[2024-11-26T20:11:17.297-0600] {logging_mixin.py:190} INFO - [2024-11-26T20:11:17.297-0600] {dag.py:3239} INFO - Sync 1 DAGs
[2024-11-26T20:11:17.300-0600] {logging_mixin.py:190} INFO - [2024-11-26T20:11:17.300-0600] {dag.py:4180} INFO - Setting next_dagrun for example_task_group_decorator to None, run_after=None
[2024-11-26T20:11:17.305-0600] {processor.py:208} INFO - Processing /Library/Frameworks/Python.framework/Versions/3.8/lib/python3.8/site-packages/airflow/example_dags/example_task_group_decorator.py took 0.057 seconds
[2024-11-26T20:12:24.091-0600] {processor.py:186} INFO - Started process (PID=28365) to work on /Library/Frameworks/Python.framework/Versions/3.8/lib/python3.8/site-packages/airflow/example_dags/example_task_group_decorator.py
[2024-11-26T20:12:24.091-0600] {processor.py:914} INFO - Processing file /Library/Frameworks/Python.framework/Versions/3.8/lib/python3.8/site-packages/airflow/example_dags/example_task_group_decorator.py for tasks to queue
[2024-11-26T20:12:24.091-0600] {logging_mixin.py:190} INFO - [2024-11-26T20:12:24.091-0600] {dagbag.py:588} INFO - Filling up the DagBag from /Library/Frameworks/Python.framework/Versions/3.8/lib/python3.8/site-packages/airflow/example_dags/example_task_group_decorator.py
[2024-11-26T20:12:24.105-0600] {processor.py:925} INFO - DAG(s) 'example_task_group_decorator' retrieved from /Library/Frameworks/Python.framework/Versions/3.8/lib/python3.8/site-packages/airflow/example_dags/example_task_group_decorator.py
[2024-11-26T20:12:24.138-0600] {logging_mixin.py:190} INFO - [2024-11-26T20:12:24.138-0600] {dag.py:3239} INFO - Sync 1 DAGs
[2024-11-26T20:12:24.142-0600] {logging_mixin.py:190} INFO - [2024-11-26T20:12:24.142-0600] {dag.py:4180} INFO - Setting next_dagrun for example_task_group_decorator to None, run_after=None
[2024-11-26T20:12:24.147-0600] {processor.py:208} INFO - Processing /Library/Frameworks/Python.framework/Versions/3.8/lib/python3.8/site-packages/airflow/example_dags/example_task_group_decorator.py took 0.057 seconds
[2024-11-26T20:50:40.528-0600] {processor.py:186} INFO - Started process (PID=28508) to work on /Library/Frameworks/Python.framework/Versions/3.8/lib/python3.8/site-packages/airflow/example_dags/example_task_group_decorator.py
[2024-11-26T20:50:40.529-0600] {processor.py:914} INFO - Processing file /Library/Frameworks/Python.framework/Versions/3.8/lib/python3.8/site-packages/airflow/example_dags/example_task_group_decorator.py for tasks to queue
[2024-11-26T20:50:40.529-0600] {logging_mixin.py:190} INFO - [2024-11-26T20:50:40.529-0600] {dagbag.py:588} INFO - Filling up the DagBag from /Library/Frameworks/Python.framework/Versions/3.8/lib/python3.8/site-packages/airflow/example_dags/example_task_group_decorator.py
[2024-11-26T20:50:40.543-0600] {processor.py:925} INFO - DAG(s) 'example_task_group_decorator' retrieved from /Library/Frameworks/Python.framework/Versions/3.8/lib/python3.8/site-packages/airflow/example_dags/example_task_group_decorator.py
[2024-11-26T20:50:40.577-0600] {logging_mixin.py:190} INFO - [2024-11-26T20:50:40.577-0600] {dag.py:3239} INFO - Sync 1 DAGs
[2024-11-26T20:50:40.580-0600] {logging_mixin.py:190} INFO - [2024-11-26T20:50:40.580-0600] {dag.py:4180} INFO - Setting next_dagrun for example_task_group_decorator to None, run_after=None
[2024-11-26T20:50:40.585-0600] {processor.py:208} INFO - Processing /Library/Frameworks/Python.framework/Versions/3.8/lib/python3.8/site-packages/airflow/example_dags/example_task_group_decorator.py took 0.059 seconds
[2024-11-26T20:52:10.039-0600] {processor.py:186} INFO - Started process (PID=28712) to work on /Library/Frameworks/Python.framework/Versions/3.8/lib/python3.8/site-packages/airflow/example_dags/example_task_group_decorator.py
[2024-11-26T20:52:10.039-0600] {processor.py:914} INFO - Processing file /Library/Frameworks/Python.framework/Versions/3.8/lib/python3.8/site-packages/airflow/example_dags/example_task_group_decorator.py for tasks to queue
[2024-11-26T20:52:10.039-0600] {logging_mixin.py:190} INFO - [2024-11-26T20:52:10.039-0600] {dagbag.py:588} INFO - Filling up the DagBag from /Library/Frameworks/Python.framework/Versions/3.8/lib/python3.8/site-packages/airflow/example_dags/example_task_group_decorator.py
[2024-11-26T20:52:10.053-0600] {processor.py:925} INFO - DAG(s) 'example_task_group_decorator' retrieved from /Library/Frameworks/Python.framework/Versions/3.8/lib/python3.8/site-packages/airflow/example_dags/example_task_group_decorator.py
[2024-11-26T20:52:10.088-0600] {logging_mixin.py:190} INFO - [2024-11-26T20:52:10.088-0600] {dag.py:3239} INFO - Sync 1 DAGs
[2024-11-26T20:52:10.091-0600] {logging_mixin.py:190} INFO - [2024-11-26T20:52:10.091-0600] {dag.py:4180} INFO - Setting next_dagrun for example_task_group_decorator to None, run_after=None
[2024-11-26T20:52:10.096-0600] {processor.py:208} INFO - Processing /Library/Frameworks/Python.framework/Versions/3.8/lib/python3.8/site-packages/airflow/example_dags/example_task_group_decorator.py took 0.059 seconds
