[2024-11-26T19:13:29.566-0600] {processor.py:186} INFO - Started process (PID=27632) to work on /Library/Frameworks/Python.framework/Versions/3.8/lib/python3.8/site-packages/airflow/example_dags/example_setup_teardown.py
[2024-11-26T19:13:29.566-0600] {processor.py:914} INFO - Processing file /Library/Frameworks/Python.framework/Versions/3.8/lib/python3.8/site-packages/airflow/example_dags/example_setup_teardown.py for tasks to queue
[2024-11-26T19:13:29.567-0600] {logging_mixin.py:190} INFO - [2024-11-26T19:13:29.567-0600] {dagbag.py:588} INFO - Filling up the DagBag from /Library/Frameworks/Python.framework/Versions/3.8/lib/python3.8/site-packages/airflow/example_dags/example_setup_teardown.py
[2024-11-26T19:13:29.569-0600] {processor.py:925} INFO - DAG(s) 'example_setup_teardown' retrieved from /Library/Frameworks/Python.framework/Versions/3.8/lib/python3.8/site-packages/airflow/example_dags/example_setup_teardown.py
[2024-11-26T19:13:29.602-0600] {logging_mixin.py:190} INFO - [2024-11-26T19:13:29.602-0600] {dag.py:3239} INFO - Sync 1 DAGs
[2024-11-26T19:13:29.605-0600] {logging_mixin.py:190} INFO - [2024-11-26T19:13:29.605-0600] {dag.py:4180} INFO - Setting next_dagrun for example_setup_teardown to None, run_after=None
[2024-11-26T19:13:29.610-0600] {processor.py:208} INFO - Processing /Library/Frameworks/Python.framework/Versions/3.8/lib/python3.8/site-packages/airflow/example_dags/example_setup_teardown.py took 0.046 seconds
[2024-11-26T19:34:24.902-0600] {processor.py:186} INFO - Started process (PID=27820) to work on /Library/Frameworks/Python.framework/Versions/3.8/lib/python3.8/site-packages/airflow/example_dags/example_setup_teardown.py
[2024-11-26T19:34:24.903-0600] {processor.py:914} INFO - Processing file /Library/Frameworks/Python.framework/Versions/3.8/lib/python3.8/site-packages/airflow/example_dags/example_setup_teardown.py for tasks to queue
[2024-11-26T19:34:24.904-0600] {logging_mixin.py:190} INFO - [2024-11-26T19:34:24.904-0600] {dagbag.py:588} INFO - Filling up the DagBag from /Library/Frameworks/Python.framework/Versions/3.8/lib/python3.8/site-packages/airflow/example_dags/example_setup_teardown.py
[2024-11-26T19:34:24.907-0600] {processor.py:925} INFO - DAG(s) 'example_setup_teardown' retrieved from /Library/Frameworks/Python.framework/Versions/3.8/lib/python3.8/site-packages/airflow/example_dags/example_setup_teardown.py
[2024-11-26T19:34:24.940-0600] {logging_mixin.py:190} INFO - [2024-11-26T19:34:24.940-0600] {dag.py:3239} INFO - Sync 1 DAGs
[2024-11-26T19:34:24.944-0600] {logging_mixin.py:190} INFO - [2024-11-26T19:34:24.944-0600] {dag.py:4180} INFO - Setting next_dagrun for example_setup_teardown to None, run_after=None
[2024-11-26T19:34:24.949-0600] {processor.py:208} INFO - Processing /Library/Frameworks/Python.framework/Versions/3.8/lib/python3.8/site-packages/airflow/example_dags/example_setup_teardown.py took 0.048 seconds
[2024-11-26T20:07:23.057-0600] {processor.py:186} INFO - Started process (PID=28019) to work on /Library/Frameworks/Python.framework/Versions/3.8/lib/python3.8/site-packages/airflow/example_dags/example_setup_teardown.py
[2024-11-26T20:07:23.057-0600] {processor.py:914} INFO - Processing file /Library/Frameworks/Python.framework/Versions/3.8/lib/python3.8/site-packages/airflow/example_dags/example_setup_teardown.py for tasks to queue
[2024-11-26T20:07:23.058-0600] {logging_mixin.py:190} INFO - [2024-11-26T20:07:23.058-0600] {dagbag.py:588} INFO - Filling up the DagBag from /Library/Frameworks/Python.framework/Versions/3.8/lib/python3.8/site-packages/airflow/example_dags/example_setup_teardown.py
[2024-11-26T20:07:23.060-0600] {processor.py:925} INFO - DAG(s) 'example_setup_teardown' retrieved from /Library/Frameworks/Python.framework/Versions/3.8/lib/python3.8/site-packages/airflow/example_dags/example_setup_teardown.py
[2024-11-26T20:07:23.093-0600] {logging_mixin.py:190} INFO - [2024-11-26T20:07:23.092-0600] {dag.py:3239} INFO - Sync 1 DAGs
[2024-11-26T20:07:23.096-0600] {logging_mixin.py:190} INFO - [2024-11-26T20:07:23.096-0600] {dag.py:4180} INFO - Setting next_dagrun for example_setup_teardown to None, run_after=None
[2024-11-26T20:07:23.101-0600] {processor.py:208} INFO - Processing /Library/Frameworks/Python.framework/Versions/3.8/lib/python3.8/site-packages/airflow/example_dags/example_setup_teardown.py took 0.045 seconds
[2024-11-26T20:11:22.322-0600] {processor.py:186} INFO - Started process (PID=28256) to work on /Library/Frameworks/Python.framework/Versions/3.8/lib/python3.8/site-packages/airflow/example_dags/example_setup_teardown.py
[2024-11-26T20:11:22.323-0600] {processor.py:914} INFO - Processing file /Library/Frameworks/Python.framework/Versions/3.8/lib/python3.8/site-packages/airflow/example_dags/example_setup_teardown.py for tasks to queue
[2024-11-26T20:11:22.323-0600] {logging_mixin.py:190} INFO - [2024-11-26T20:11:22.323-0600] {dagbag.py:588} INFO - Filling up the DagBag from /Library/Frameworks/Python.framework/Versions/3.8/lib/python3.8/site-packages/airflow/example_dags/example_setup_teardown.py
[2024-11-26T20:11:22.326-0600] {processor.py:925} INFO - DAG(s) 'example_setup_teardown' retrieved from /Library/Frameworks/Python.framework/Versions/3.8/lib/python3.8/site-packages/airflow/example_dags/example_setup_teardown.py
[2024-11-26T20:11:22.358-0600] {logging_mixin.py:190} INFO - [2024-11-26T20:11:22.358-0600] {dag.py:3239} INFO - Sync 1 DAGs
[2024-11-26T20:11:22.362-0600] {logging_mixin.py:190} INFO - [2024-11-26T20:11:22.362-0600] {dag.py:4180} INFO - Setting next_dagrun for example_setup_teardown to None, run_after=None
[2024-11-26T20:11:22.367-0600] {processor.py:208} INFO - Processing /Library/Frameworks/Python.framework/Versions/3.8/lib/python3.8/site-packages/airflow/example_dags/example_setup_teardown.py took 0.046 seconds
[2024-11-26T20:50:53.522-0600] {processor.py:186} INFO - Started process (PID=28534) to work on /Library/Frameworks/Python.framework/Versions/3.8/lib/python3.8/site-packages/airflow/example_dags/example_setup_teardown.py
[2024-11-26T20:50:53.523-0600] {processor.py:914} INFO - Processing file /Library/Frameworks/Python.framework/Versions/3.8/lib/python3.8/site-packages/airflow/example_dags/example_setup_teardown.py for tasks to queue
[2024-11-26T20:50:53.524-0600] {logging_mixin.py:190} INFO - [2024-11-26T20:50:53.524-0600] {dagbag.py:588} INFO - Filling up the DagBag from /Library/Frameworks/Python.framework/Versions/3.8/lib/python3.8/site-packages/airflow/example_dags/example_setup_teardown.py
[2024-11-26T20:50:53.527-0600] {processor.py:925} INFO - DAG(s) 'example_setup_teardown' retrieved from /Library/Frameworks/Python.framework/Versions/3.8/lib/python3.8/site-packages/airflow/example_dags/example_setup_teardown.py
[2024-11-26T20:50:53.559-0600] {logging_mixin.py:190} INFO - [2024-11-26T20:50:53.559-0600] {dag.py:3239} INFO - Sync 1 DAGs
[2024-11-26T20:50:53.563-0600] {logging_mixin.py:190} INFO - [2024-11-26T20:50:53.563-0600] {dag.py:4180} INFO - Setting next_dagrun for example_setup_teardown to None, run_after=None
[2024-11-26T20:50:53.568-0600] {processor.py:208} INFO - Processing /Library/Frameworks/Python.framework/Versions/3.8/lib/python3.8/site-packages/airflow/example_dags/example_setup_teardown.py took 0.047 seconds
[2024-11-26T20:52:24.285-0600] {processor.py:186} INFO - Started process (PID=28745) to work on /Library/Frameworks/Python.framework/Versions/3.8/lib/python3.8/site-packages/airflow/example_dags/example_setup_teardown.py
[2024-11-26T20:52:24.285-0600] {processor.py:914} INFO - Processing file /Library/Frameworks/Python.framework/Versions/3.8/lib/python3.8/site-packages/airflow/example_dags/example_setup_teardown.py for tasks to queue
[2024-11-26T20:52:24.286-0600] {logging_mixin.py:190} INFO - [2024-11-26T20:52:24.286-0600] {dagbag.py:588} INFO - Filling up the DagBag from /Library/Frameworks/Python.framework/Versions/3.8/lib/python3.8/site-packages/airflow/example_dags/example_setup_teardown.py
[2024-11-26T20:52:24.288-0600] {processor.py:925} INFO - DAG(s) 'example_setup_teardown' retrieved from /Library/Frameworks/Python.framework/Versions/3.8/lib/python3.8/site-packages/airflow/example_dags/example_setup_teardown.py
[2024-11-26T20:52:24.321-0600] {logging_mixin.py:190} INFO - [2024-11-26T20:52:24.321-0600] {dag.py:3239} INFO - Sync 1 DAGs
[2024-11-26T20:52:24.324-0600] {logging_mixin.py:190} INFO - [2024-11-26T20:52:24.324-0600] {dag.py:4180} INFO - Setting next_dagrun for example_setup_teardown to None, run_after=None
[2024-11-26T20:52:24.330-0600] {processor.py:208} INFO - Processing /Library/Frameworks/Python.framework/Versions/3.8/lib/python3.8/site-packages/airflow/example_dags/example_setup_teardown.py took 0.046 seconds
