[2024-11-26T19:32:26.604-0600] {processor.py:186} INFO - Started process (PID=27699) to work on /Library/Frameworks/Python.framework/Versions/3.8/lib/python3.8/site-packages/airflow/example_dags/example_dataset_alias.py
[2024-11-26T19:32:26.604-0600] {processor.py:914} INFO - Processing file /Library/Frameworks/Python.framework/Versions/3.8/lib/python3.8/site-packages/airflow/example_dags/example_dataset_alias.py for tasks to queue
[2024-11-26T19:32:26.604-0600] {logging_mixin.py:190} INFO - [2024-11-26T19:32:26.604-0600] {dagbag.py:588} INFO - Filling up the DagBag from /Library/Frameworks/Python.framework/Versions/3.8/lib/python3.8/site-packages/airflow/example_dags/example_dataset_alias.py
[2024-11-26T19:32:26.656-0600] {processor.py:925} INFO - DAG(s) 'dataset_s3_bucket_producer', 'dataset_alias_example_alias_producer', 'dataset_alias_example_alias_consumer', 'dataset_s3_bucket_consumer' retrieved from /Library/Frameworks/Python.framework/Versions/3.8/lib/python3.8/site-packages/airflow/example_dags/example_dataset_alias.py
[2024-11-26T19:32:26.663-0600] {logging_mixin.py:190} INFO - [2024-11-26T19:32:26.663-0600] {dag.py:3239} INFO - Sync 4 DAGs
[2024-11-26T19:32:26.669-0600] {logging_mixin.py:190} INFO - [2024-11-26T19:32:26.669-0600] {dag.py:4180} INFO - Setting next_dagrun for dataset_alias_example_alias_consumer to None, run_after=None
[2024-11-26T19:32:26.669-0600] {logging_mixin.py:190} INFO - [2024-11-26T19:32:26.669-0600] {dag.py:4180} INFO - Setting next_dagrun for dataset_alias_example_alias_producer to None, run_after=None
[2024-11-26T19:32:26.670-0600] {logging_mixin.py:190} INFO - [2024-11-26T19:32:26.670-0600] {dag.py:4180} INFO - Setting next_dagrun for dataset_s3_bucket_consumer to None, run_after=None
[2024-11-26T19:32:26.670-0600] {logging_mixin.py:190} INFO - [2024-11-26T19:32:26.670-0600] {dag.py:4180} INFO - Setting next_dagrun for dataset_s3_bucket_producer to None, run_after=None
[2024-11-26T19:32:26.676-0600] {processor.py:208} INFO - Processing /Library/Frameworks/Python.framework/Versions/3.8/lib/python3.8/site-packages/airflow/example_dags/example_dataset_alias.py took 0.074 seconds
[2024-11-26T20:06:20.234-0600] {processor.py:186} INFO - Started process (PID=27889) to work on /Library/Frameworks/Python.framework/Versions/3.8/lib/python3.8/site-packages/airflow/example_dags/example_dataset_alias.py
[2024-11-26T20:06:20.235-0600] {processor.py:914} INFO - Processing file /Library/Frameworks/Python.framework/Versions/3.8/lib/python3.8/site-packages/airflow/example_dags/example_dataset_alias.py for tasks to queue
[2024-11-26T20:06:20.235-0600] {logging_mixin.py:190} INFO - [2024-11-26T20:06:20.235-0600] {dagbag.py:588} INFO - Filling up the DagBag from /Library/Frameworks/Python.framework/Versions/3.8/lib/python3.8/site-packages/airflow/example_dags/example_dataset_alias.py
[2024-11-26T20:06:20.290-0600] {processor.py:925} INFO - DAG(s) 'dataset_alias_example_alias_producer', 'dataset_s3_bucket_consumer', 'dataset_alias_example_alias_consumer', 'dataset_s3_bucket_producer' retrieved from /Library/Frameworks/Python.framework/Versions/3.8/lib/python3.8/site-packages/airflow/example_dags/example_dataset_alias.py
[2024-11-26T20:06:20.298-0600] {logging_mixin.py:190} INFO - [2024-11-26T20:06:20.298-0600] {dag.py:3239} INFO - Sync 4 DAGs
[2024-11-26T20:06:20.304-0600] {logging_mixin.py:190} INFO - [2024-11-26T20:06:20.304-0600] {dag.py:4180} INFO - Setting next_dagrun for dataset_alias_example_alias_consumer to None, run_after=None
[2024-11-26T20:06:20.304-0600] {logging_mixin.py:190} INFO - [2024-11-26T20:06:20.304-0600] {dag.py:4180} INFO - Setting next_dagrun for dataset_alias_example_alias_producer to None, run_after=None
[2024-11-26T20:06:20.305-0600] {logging_mixin.py:190} INFO - [2024-11-26T20:06:20.305-0600] {dag.py:4180} INFO - Setting next_dagrun for dataset_s3_bucket_consumer to None, run_after=None
[2024-11-26T20:06:20.305-0600] {logging_mixin.py:190} INFO - [2024-11-26T20:06:20.305-0600] {dag.py:4180} INFO - Setting next_dagrun for dataset_s3_bucket_producer to None, run_after=None
[2024-11-26T20:06:20.311-0600] {processor.py:208} INFO - Processing /Library/Frameworks/Python.framework/Versions/3.8/lib/python3.8/site-packages/airflow/example_dags/example_dataset_alias.py took 0.078 seconds
[2024-11-26T20:10:28.487-0600] {processor.py:186} INFO - Started process (PID=28160) to work on /Library/Frameworks/Python.framework/Versions/3.8/lib/python3.8/site-packages/airflow/example_dags/example_dataset_alias.py
[2024-11-26T20:10:28.488-0600] {processor.py:914} INFO - Processing file /Library/Frameworks/Python.framework/Versions/3.8/lib/python3.8/site-packages/airflow/example_dags/example_dataset_alias.py for tasks to queue
[2024-11-26T20:10:28.488-0600] {logging_mixin.py:190} INFO - [2024-11-26T20:10:28.488-0600] {dagbag.py:588} INFO - Filling up the DagBag from /Library/Frameworks/Python.framework/Versions/3.8/lib/python3.8/site-packages/airflow/example_dags/example_dataset_alias.py
[2024-11-26T20:10:28.538-0600] {processor.py:925} INFO - DAG(s) 'dataset_alias_example_alias_consumer', 'dataset_s3_bucket_producer', 'dataset_s3_bucket_consumer', 'dataset_alias_example_alias_producer' retrieved from /Library/Frameworks/Python.framework/Versions/3.8/lib/python3.8/site-packages/airflow/example_dags/example_dataset_alias.py
[2024-11-26T20:10:28.545-0600] {logging_mixin.py:190} INFO - [2024-11-26T20:10:28.545-0600] {dag.py:3239} INFO - Sync 4 DAGs
[2024-11-26T20:10:28.551-0600] {logging_mixin.py:190} INFO - [2024-11-26T20:10:28.551-0600] {dag.py:4180} INFO - Setting next_dagrun for dataset_alias_example_alias_consumer to None, run_after=None
[2024-11-26T20:10:28.552-0600] {logging_mixin.py:190} INFO - [2024-11-26T20:10:28.552-0600] {dag.py:4180} INFO - Setting next_dagrun for dataset_alias_example_alias_producer to None, run_after=None
[2024-11-26T20:10:28.552-0600] {logging_mixin.py:190} INFO - [2024-11-26T20:10:28.552-0600] {dag.py:4180} INFO - Setting next_dagrun for dataset_s3_bucket_consumer to None, run_after=None
[2024-11-26T20:10:28.552-0600] {logging_mixin.py:190} INFO - [2024-11-26T20:10:28.552-0600] {dag.py:4180} INFO - Setting next_dagrun for dataset_s3_bucket_producer to None, run_after=None
[2024-11-26T20:10:28.558-0600] {processor.py:208} INFO - Processing /Library/Frameworks/Python.framework/Versions/3.8/lib/python3.8/site-packages/airflow/example_dags/example_dataset_alias.py took 0.072 seconds
[2024-11-26T20:28:13.320-0600] {processor.py:186} INFO - Started process (PID=28401) to work on /Library/Frameworks/Python.framework/Versions/3.8/lib/python3.8/site-packages/airflow/example_dags/example_dataset_alias.py
[2024-11-26T20:28:13.321-0600] {processor.py:914} INFO - Processing file /Library/Frameworks/Python.framework/Versions/3.8/lib/python3.8/site-packages/airflow/example_dags/example_dataset_alias.py for tasks to queue
[2024-11-26T20:28:13.321-0600] {logging_mixin.py:190} INFO - [2024-11-26T20:28:13.321-0600] {dagbag.py:588} INFO - Filling up the DagBag from /Library/Frameworks/Python.framework/Versions/3.8/lib/python3.8/site-packages/airflow/example_dags/example_dataset_alias.py
[2024-11-26T20:28:13.371-0600] {processor.py:925} INFO - DAG(s) 'dataset_alias_example_alias_consumer', 'dataset_s3_bucket_producer', 'dataset_s3_bucket_consumer', 'dataset_alias_example_alias_producer' retrieved from /Library/Frameworks/Python.framework/Versions/3.8/lib/python3.8/site-packages/airflow/example_dags/example_dataset_alias.py
[2024-11-26T20:28:13.378-0600] {logging_mixin.py:190} INFO - [2024-11-26T20:28:13.378-0600] {dag.py:3239} INFO - Sync 4 DAGs
[2024-11-26T20:28:13.384-0600] {logging_mixin.py:190} INFO - [2024-11-26T20:28:13.384-0600] {dag.py:4180} INFO - Setting next_dagrun for dataset_alias_example_alias_consumer to None, run_after=None
[2024-11-26T20:28:13.384-0600] {logging_mixin.py:190} INFO - [2024-11-26T20:28:13.384-0600] {dag.py:4180} INFO - Setting next_dagrun for dataset_alias_example_alias_producer to None, run_after=None
[2024-11-26T20:28:13.385-0600] {logging_mixin.py:190} INFO - [2024-11-26T20:28:13.385-0600] {dag.py:4180} INFO - Setting next_dagrun for dataset_s3_bucket_consumer to None, run_after=None
[2024-11-26T20:28:13.385-0600] {logging_mixin.py:190} INFO - [2024-11-26T20:28:13.385-0600] {dag.py:4180} INFO - Setting next_dagrun for dataset_s3_bucket_producer to None, run_after=None
[2024-11-26T20:28:13.391-0600] {processor.py:208} INFO - Processing /Library/Frameworks/Python.framework/Versions/3.8/lib/python3.8/site-packages/airflow/example_dags/example_dataset_alias.py took 0.071 seconds
[2024-11-26T20:51:30.407-0600] {processor.py:186} INFO - Started process (PID=28625) to work on /Library/Frameworks/Python.framework/Versions/3.8/lib/python3.8/site-packages/airflow/example_dags/example_dataset_alias.py
[2024-11-26T20:51:30.408-0600] {processor.py:914} INFO - Processing file /Library/Frameworks/Python.framework/Versions/3.8/lib/python3.8/site-packages/airflow/example_dags/example_dataset_alias.py for tasks to queue
[2024-11-26T20:51:30.408-0600] {logging_mixin.py:190} INFO - [2024-11-26T20:51:30.408-0600] {dagbag.py:588} INFO - Filling up the DagBag from /Library/Frameworks/Python.framework/Versions/3.8/lib/python3.8/site-packages/airflow/example_dags/example_dataset_alias.py
[2024-11-26T20:51:30.458-0600] {processor.py:925} INFO - DAG(s) 'dataset_alias_example_alias_consumer', 'dataset_alias_example_alias_producer', 'dataset_s3_bucket_producer', 'dataset_s3_bucket_consumer' retrieved from /Library/Frameworks/Python.framework/Versions/3.8/lib/python3.8/site-packages/airflow/example_dags/example_dataset_alias.py
[2024-11-26T20:51:30.466-0600] {logging_mixin.py:190} INFO - [2024-11-26T20:51:30.466-0600] {dag.py:3239} INFO - Sync 4 DAGs
[2024-11-26T20:51:30.472-0600] {logging_mixin.py:190} INFO - [2024-11-26T20:51:30.471-0600] {dag.py:4180} INFO - Setting next_dagrun for dataset_alias_example_alias_consumer to None, run_after=None
[2024-11-26T20:51:30.472-0600] {logging_mixin.py:190} INFO - [2024-11-26T20:51:30.472-0600] {dag.py:4180} INFO - Setting next_dagrun for dataset_alias_example_alias_producer to None, run_after=None
[2024-11-26T20:51:30.472-0600] {logging_mixin.py:190} INFO - [2024-11-26T20:51:30.472-0600] {dag.py:4180} INFO - Setting next_dagrun for dataset_s3_bucket_consumer to None, run_after=None
[2024-11-26T20:51:30.473-0600] {logging_mixin.py:190} INFO - [2024-11-26T20:51:30.473-0600] {dag.py:4180} INFO - Setting next_dagrun for dataset_s3_bucket_producer to None, run_after=None
[2024-11-26T20:51:30.479-0600] {processor.py:208} INFO - Processing /Library/Frameworks/Python.framework/Versions/3.8/lib/python3.8/site-packages/airflow/example_dags/example_dataset_alias.py took 0.073 seconds
