[2024-11-26T18:58:12.537-0600] {processor.py:186} INFO - Started process (PID=27597) to work on /Library/Frameworks/Python.framework/Versions/3.8/lib/python3.8/site-packages/airflow/example_dags/example_trigger_controller_dag.py
[2024-11-26T18:58:12.538-0600] {processor.py:914} INFO - Processing file /Library/Frameworks/Python.framework/Versions/3.8/lib/python3.8/site-packages/airflow/example_dags/example_trigger_controller_dag.py for tasks to queue
[2024-11-26T18:58:12.538-0600] {logging_mixin.py:190} INFO - [2024-11-26T18:58:12.538-0600] {dagbag.py:588} INFO - Filling up the DagBag from /Library/Frameworks/Python.framework/Versions/3.8/lib/python3.8/site-packages/airflow/example_dags/example_trigger_controller_dag.py
[2024-11-26T18:58:12.542-0600] {processor.py:925} INFO - DAG(s) 'example_trigger_controller_dag' retrieved from /Library/Frameworks/Python.framework/Versions/3.8/lib/python3.8/site-packages/airflow/example_dags/example_trigger_controller_dag.py
[2024-11-26T18:58:12.572-0600] {logging_mixin.py:190} INFO - [2024-11-26T18:58:12.572-0600] {dag.py:3239} INFO - Sync 1 DAGs
[2024-11-26T18:58:12.577-0600] {logging_mixin.py:190} INFO - [2024-11-26T18:58:12.577-0600] {dag.py:4180} INFO - Setting next_dagrun for example_trigger_controller_dag to 2021-01-01 00:00:00+00:00, run_after=2021-01-01 00:00:00+00:00
[2024-11-26T18:58:12.582-0600] {processor.py:208} INFO - Processing /Library/Frameworks/Python.framework/Versions/3.8/lib/python3.8/site-packages/airflow/example_dags/example_trigger_controller_dag.py took 0.046 seconds
[2024-11-26T19:34:00.443-0600] {processor.py:186} INFO - Started process (PID=27789) to work on /Library/Frameworks/Python.framework/Versions/3.8/lib/python3.8/site-packages/airflow/example_dags/example_trigger_controller_dag.py
[2024-11-26T19:34:00.444-0600] {processor.py:914} INFO - Processing file /Library/Frameworks/Python.framework/Versions/3.8/lib/python3.8/site-packages/airflow/example_dags/example_trigger_controller_dag.py for tasks to queue
[2024-11-26T19:34:00.444-0600] {logging_mixin.py:190} INFO - [2024-11-26T19:34:00.444-0600] {dagbag.py:588} INFO - Filling up the DagBag from /Library/Frameworks/Python.framework/Versions/3.8/lib/python3.8/site-packages/airflow/example_dags/example_trigger_controller_dag.py
[2024-11-26T19:34:00.447-0600] {processor.py:925} INFO - DAG(s) 'example_trigger_controller_dag' retrieved from /Library/Frameworks/Python.framework/Versions/3.8/lib/python3.8/site-packages/airflow/example_dags/example_trigger_controller_dag.py
[2024-11-26T19:34:00.478-0600] {logging_mixin.py:190} INFO - [2024-11-26T19:34:00.478-0600] {dag.py:3239} INFO - Sync 1 DAGs
[2024-11-26T19:34:00.484-0600] {logging_mixin.py:190} INFO - [2024-11-26T19:34:00.483-0600] {dag.py:4180} INFO - Setting next_dagrun for example_trigger_controller_dag to 2021-01-01 00:00:00+00:00, run_after=2021-01-01 00:00:00+00:00
[2024-11-26T19:34:00.489-0600] {processor.py:208} INFO - Processing /Library/Frameworks/Python.framework/Versions/3.8/lib/python3.8/site-packages/airflow/example_dags/example_trigger_controller_dag.py took 0.047 seconds
[2024-11-26T20:07:05.777-0600] {processor.py:186} INFO - Started process (PID=27972) to work on /Library/Frameworks/Python.framework/Versions/3.8/lib/python3.8/site-packages/airflow/example_dags/example_trigger_controller_dag.py
[2024-11-26T20:07:05.778-0600] {processor.py:914} INFO - Processing file /Library/Frameworks/Python.framework/Versions/3.8/lib/python3.8/site-packages/airflow/example_dags/example_trigger_controller_dag.py for tasks to queue
[2024-11-26T20:07:05.778-0600] {logging_mixin.py:190} INFO - [2024-11-26T20:07:05.778-0600] {dagbag.py:588} INFO - Filling up the DagBag from /Library/Frameworks/Python.framework/Versions/3.8/lib/python3.8/site-packages/airflow/example_dags/example_trigger_controller_dag.py
[2024-11-26T20:07:05.781-0600] {processor.py:925} INFO - DAG(s) 'example_trigger_controller_dag' retrieved from /Library/Frameworks/Python.framework/Versions/3.8/lib/python3.8/site-packages/airflow/example_dags/example_trigger_controller_dag.py
[2024-11-26T20:07:05.812-0600] {logging_mixin.py:190} INFO - [2024-11-26T20:07:05.812-0600] {dag.py:3239} INFO - Sync 1 DAGs
[2024-11-26T20:07:05.817-0600] {logging_mixin.py:190} INFO - [2024-11-26T20:07:05.817-0600] {dag.py:4180} INFO - Setting next_dagrun for example_trigger_controller_dag to 2021-01-01 00:00:00+00:00, run_after=2021-01-01 00:00:00+00:00
[2024-11-26T20:07:05.822-0600] {processor.py:208} INFO - Processing /Library/Frameworks/Python.framework/Versions/3.8/lib/python3.8/site-packages/airflow/example_dags/example_trigger_controller_dag.py took 0.046 seconds
[2024-11-26T20:10:09.749-0600] {processor.py:186} INFO - Started process (PID=28121) to work on /Library/Frameworks/Python.framework/Versions/3.8/lib/python3.8/site-packages/airflow/example_dags/example_trigger_controller_dag.py
[2024-11-26T20:10:09.750-0600] {processor.py:914} INFO - Processing file /Library/Frameworks/Python.framework/Versions/3.8/lib/python3.8/site-packages/airflow/example_dags/example_trigger_controller_dag.py for tasks to queue
[2024-11-26T20:10:09.750-0600] {logging_mixin.py:190} INFO - [2024-11-26T20:10:09.750-0600] {dagbag.py:588} INFO - Filling up the DagBag from /Library/Frameworks/Python.framework/Versions/3.8/lib/python3.8/site-packages/airflow/example_dags/example_trigger_controller_dag.py
[2024-11-26T20:10:09.754-0600] {processor.py:925} INFO - DAG(s) 'example_trigger_controller_dag' retrieved from /Library/Frameworks/Python.framework/Versions/3.8/lib/python3.8/site-packages/airflow/example_dags/example_trigger_controller_dag.py
[2024-11-26T20:10:09.785-0600] {logging_mixin.py:190} INFO - [2024-11-26T20:10:09.785-0600] {dag.py:3239} INFO - Sync 1 DAGs
[2024-11-26T20:10:09.791-0600] {logging_mixin.py:190} INFO - [2024-11-26T20:10:09.791-0600] {dag.py:4180} INFO - Setting next_dagrun for example_trigger_controller_dag to 2021-01-01 00:00:00+00:00, run_after=2021-01-01 00:00:00+00:00
[2024-11-26T20:10:09.796-0600] {processor.py:208} INFO - Processing /Library/Frameworks/Python.framework/Versions/3.8/lib/python3.8/site-packages/airflow/example_dags/example_trigger_controller_dag.py took 0.048 seconds
[2024-11-26T20:11:13.684-0600] {processor.py:186} INFO - Started process (PID=28241) to work on /Library/Frameworks/Python.framework/Versions/3.8/lib/python3.8/site-packages/airflow/example_dags/example_trigger_controller_dag.py
[2024-11-26T20:11:13.684-0600] {processor.py:914} INFO - Processing file /Library/Frameworks/Python.framework/Versions/3.8/lib/python3.8/site-packages/airflow/example_dags/example_trigger_controller_dag.py for tasks to queue
[2024-11-26T20:11:13.684-0600] {logging_mixin.py:190} INFO - [2024-11-26T20:11:13.684-0600] {dagbag.py:588} INFO - Filling up the DagBag from /Library/Frameworks/Python.framework/Versions/3.8/lib/python3.8/site-packages/airflow/example_dags/example_trigger_controller_dag.py
[2024-11-26T20:11:13.688-0600] {processor.py:925} INFO - DAG(s) 'example_trigger_controller_dag' retrieved from /Library/Frameworks/Python.framework/Versions/3.8/lib/python3.8/site-packages/airflow/example_dags/example_trigger_controller_dag.py
[2024-11-26T20:11:13.719-0600] {logging_mixin.py:190} INFO - [2024-11-26T20:11:13.719-0600] {dag.py:3239} INFO - Sync 1 DAGs
[2024-11-26T20:11:13.725-0600] {logging_mixin.py:190} INFO - [2024-11-26T20:11:13.724-0600] {dag.py:4180} INFO - Setting next_dagrun for example_trigger_controller_dag to 2021-01-01 00:00:00+00:00, run_after=2021-01-01 00:00:00+00:00
[2024-11-26T20:11:13.730-0600] {processor.py:208} INFO - Processing /Library/Frameworks/Python.framework/Versions/3.8/lib/python3.8/site-packages/airflow/example_dags/example_trigger_controller_dag.py took 0.047 seconds
[2024-11-26T20:12:17.184-0600] {processor.py:186} INFO - Started process (PID=28359) to work on /Library/Frameworks/Python.framework/Versions/3.8/lib/python3.8/site-packages/airflow/example_dags/example_trigger_controller_dag.py
[2024-11-26T20:12:17.185-0600] {processor.py:914} INFO - Processing file /Library/Frameworks/Python.framework/Versions/3.8/lib/python3.8/site-packages/airflow/example_dags/example_trigger_controller_dag.py for tasks to queue
[2024-11-26T20:12:17.185-0600] {logging_mixin.py:190} INFO - [2024-11-26T20:12:17.185-0600] {dagbag.py:588} INFO - Filling up the DagBag from /Library/Frameworks/Python.framework/Versions/3.8/lib/python3.8/site-packages/airflow/example_dags/example_trigger_controller_dag.py
[2024-11-26T20:12:17.188-0600] {processor.py:925} INFO - DAG(s) 'example_trigger_controller_dag' retrieved from /Library/Frameworks/Python.framework/Versions/3.8/lib/python3.8/site-packages/airflow/example_dags/example_trigger_controller_dag.py
[2024-11-26T20:12:17.219-0600] {logging_mixin.py:190} INFO - [2024-11-26T20:12:17.219-0600] {dag.py:3239} INFO - Sync 1 DAGs
[2024-11-26T20:12:17.224-0600] {logging_mixin.py:190} INFO - [2024-11-26T20:12:17.224-0600] {dag.py:4180} INFO - Setting next_dagrun for example_trigger_controller_dag to 2021-01-01 00:00:00+00:00, run_after=2021-01-01 00:00:00+00:00
[2024-11-26T20:12:17.229-0600] {processor.py:208} INFO - Processing /Library/Frameworks/Python.framework/Versions/3.8/lib/python3.8/site-packages/airflow/example_dags/example_trigger_controller_dag.py took 0.046 seconds
[2024-11-26T20:50:37.926-0600] {processor.py:186} INFO - Started process (PID=28502) to work on /Library/Frameworks/Python.framework/Versions/3.8/lib/python3.8/site-packages/airflow/example_dags/example_trigger_controller_dag.py
[2024-11-26T20:50:37.927-0600] {processor.py:914} INFO - Processing file /Library/Frameworks/Python.framework/Versions/3.8/lib/python3.8/site-packages/airflow/example_dags/example_trigger_controller_dag.py for tasks to queue
[2024-11-26T20:50:37.927-0600] {logging_mixin.py:190} INFO - [2024-11-26T20:50:37.927-0600] {dagbag.py:588} INFO - Filling up the DagBag from /Library/Frameworks/Python.framework/Versions/3.8/lib/python3.8/site-packages/airflow/example_dags/example_trigger_controller_dag.py
[2024-11-26T20:50:37.931-0600] {processor.py:925} INFO - DAG(s) 'example_trigger_controller_dag' retrieved from /Library/Frameworks/Python.framework/Versions/3.8/lib/python3.8/site-packages/airflow/example_dags/example_trigger_controller_dag.py
[2024-11-26T20:50:37.963-0600] {logging_mixin.py:190} INFO - [2024-11-26T20:50:37.962-0600] {dag.py:3239} INFO - Sync 1 DAGs
[2024-11-26T20:50:37.968-0600] {logging_mixin.py:190} INFO - [2024-11-26T20:50:37.968-0600] {dag.py:4180} INFO - Setting next_dagrun for example_trigger_controller_dag to 2021-01-01 00:00:00+00:00, run_after=2021-01-01 00:00:00+00:00
[2024-11-26T20:50:37.973-0600] {processor.py:208} INFO - Processing /Library/Frameworks/Python.framework/Versions/3.8/lib/python3.8/site-packages/airflow/example_dags/example_trigger_controller_dag.py took 0.049 seconds
[2024-11-26T20:52:06.616-0600] {processor.py:186} INFO - Started process (PID=28706) to work on /Library/Frameworks/Python.framework/Versions/3.8/lib/python3.8/site-packages/airflow/example_dags/example_trigger_controller_dag.py
[2024-11-26T20:52:06.616-0600] {processor.py:914} INFO - Processing file /Library/Frameworks/Python.framework/Versions/3.8/lib/python3.8/site-packages/airflow/example_dags/example_trigger_controller_dag.py for tasks to queue
[2024-11-26T20:52:06.616-0600] {logging_mixin.py:190} INFO - [2024-11-26T20:52:06.616-0600] {dagbag.py:588} INFO - Filling up the DagBag from /Library/Frameworks/Python.framework/Versions/3.8/lib/python3.8/site-packages/airflow/example_dags/example_trigger_controller_dag.py
[2024-11-26T20:52:06.620-0600] {processor.py:925} INFO - DAG(s) 'example_trigger_controller_dag' retrieved from /Library/Frameworks/Python.framework/Versions/3.8/lib/python3.8/site-packages/airflow/example_dags/example_trigger_controller_dag.py
[2024-11-26T20:52:06.651-0600] {logging_mixin.py:190} INFO - [2024-11-26T20:52:06.651-0600] {dag.py:3239} INFO - Sync 1 DAGs
[2024-11-26T20:52:06.656-0600] {logging_mixin.py:190} INFO - [2024-11-26T20:52:06.656-0600] {dag.py:4180} INFO - Setting next_dagrun for example_trigger_controller_dag to 2021-01-01 00:00:00+00:00, run_after=2021-01-01 00:00:00+00:00
[2024-11-26T20:52:06.661-0600] {processor.py:208} INFO - Processing /Library/Frameworks/Python.framework/Versions/3.8/lib/python3.8/site-packages/airflow/example_dags/example_trigger_controller_dag.py took 0.047 seconds
