[2024-11-26T19:13:40.786-0600] {processor.py:186} INFO - Started process (PID=27642) to work on /Library/Frameworks/Python.framework/Versions/3.8/lib/python3.8/site-packages/airflow/example_dags/example_python_operator.py
[2024-11-26T19:13:40.786-0600] {processor.py:914} INFO - Processing file /Library/Frameworks/Python.framework/Versions/3.8/lib/python3.8/site-packages/airflow/example_dags/example_python_operator.py for tasks to queue
[2024-11-26T19:13:40.786-0600] {logging_mixin.py:190} INFO - [2024-11-26T19:13:40.786-0600] {dagbag.py:588} INFO - Filling up the DagBag from /Library/Frameworks/Python.framework/Versions/3.8/lib/python3.8/site-packages/airflow/example_dags/example_python_operator.py
[2024-11-26T19:13:40.794-0600] {logging_mixin.py:190} INFO - [2024-11-26T19:13:40.794-0600] {example_python_operator.py:93} WARNING - The virtalenv_python example task requires virtualenv, please install it.
[2024-11-26T19:13:40.796-0600] {processor.py:925} INFO - DAG(s) 'example_python_operator' retrieved from /Library/Frameworks/Python.framework/Versions/3.8/lib/python3.8/site-packages/airflow/example_dags/example_python_operator.py
[2024-11-26T19:13:40.829-0600] {logging_mixin.py:190} INFO - [2024-11-26T19:13:40.828-0600] {dag.py:3239} INFO - Sync 1 DAGs
[2024-11-26T19:13:40.832-0600] {logging_mixin.py:190} INFO - [2024-11-26T19:13:40.832-0600] {dag.py:4180} INFO - Setting next_dagrun for example_python_operator to None, run_after=None
[2024-11-26T19:13:40.837-0600] {processor.py:208} INFO - Processing /Library/Frameworks/Python.framework/Versions/3.8/lib/python3.8/site-packages/airflow/example_dags/example_python_operator.py took 0.053 seconds
[2024-11-26T19:34:34.036-0600] {processor.py:186} INFO - Started process (PID=27829) to work on /Library/Frameworks/Python.framework/Versions/3.8/lib/python3.8/site-packages/airflow/example_dags/example_python_operator.py
[2024-11-26T19:34:34.037-0600] {processor.py:914} INFO - Processing file /Library/Frameworks/Python.framework/Versions/3.8/lib/python3.8/site-packages/airflow/example_dags/example_python_operator.py for tasks to queue
[2024-11-26T19:34:34.037-0600] {logging_mixin.py:190} INFO - [2024-11-26T19:34:34.037-0600] {dagbag.py:588} INFO - Filling up the DagBag from /Library/Frameworks/Python.framework/Versions/3.8/lib/python3.8/site-packages/airflow/example_dags/example_python_operator.py
[2024-11-26T19:34:34.045-0600] {logging_mixin.py:190} INFO - [2024-11-26T19:34:34.045-0600] {example_python_operator.py:93} WARNING - The virtalenv_python example task requires virtualenv, please install it.
[2024-11-26T19:34:34.046-0600] {processor.py:925} INFO - DAG(s) 'example_python_operator' retrieved from /Library/Frameworks/Python.framework/Versions/3.8/lib/python3.8/site-packages/airflow/example_dags/example_python_operator.py
[2024-11-26T19:34:34.078-0600] {logging_mixin.py:190} INFO - [2024-11-26T19:34:34.078-0600] {dag.py:3239} INFO - Sync 1 DAGs
[2024-11-26T19:34:34.082-0600] {logging_mixin.py:190} INFO - [2024-11-26T19:34:34.082-0600] {dag.py:4180} INFO - Setting next_dagrun for example_python_operator to None, run_after=None
[2024-11-26T19:34:34.087-0600] {processor.py:208} INFO - Processing /Library/Frameworks/Python.framework/Versions/3.8/lib/python3.8/site-packages/airflow/example_dags/example_python_operator.py took 0.051 seconds
[2024-11-26T20:07:27.752-0600] {processor.py:186} INFO - Started process (PID=28028) to work on /Library/Frameworks/Python.framework/Versions/3.8/lib/python3.8/site-packages/airflow/example_dags/example_python_operator.py
[2024-11-26T20:07:27.753-0600] {processor.py:914} INFO - Processing file /Library/Frameworks/Python.framework/Versions/3.8/lib/python3.8/site-packages/airflow/example_dags/example_python_operator.py for tasks to queue
[2024-11-26T20:07:27.753-0600] {logging_mixin.py:190} INFO - [2024-11-26T20:07:27.753-0600] {dagbag.py:588} INFO - Filling up the DagBag from /Library/Frameworks/Python.framework/Versions/3.8/lib/python3.8/site-packages/airflow/example_dags/example_python_operator.py
[2024-11-26T20:07:27.760-0600] {logging_mixin.py:190} INFO - [2024-11-26T20:07:27.760-0600] {example_python_operator.py:93} WARNING - The virtalenv_python example task requires virtualenv, please install it.
[2024-11-26T20:07:27.761-0600] {processor.py:925} INFO - DAG(s) 'example_python_operator' retrieved from /Library/Frameworks/Python.framework/Versions/3.8/lib/python3.8/site-packages/airflow/example_dags/example_python_operator.py
[2024-11-26T20:07:27.793-0600] {logging_mixin.py:190} INFO - [2024-11-26T20:07:27.793-0600] {dag.py:3239} INFO - Sync 1 DAGs
[2024-11-26T20:07:27.796-0600] {logging_mixin.py:190} INFO - [2024-11-26T20:07:27.796-0600] {dag.py:4180} INFO - Setting next_dagrun for example_python_operator to None, run_after=None
[2024-11-26T20:07:27.801-0600] {processor.py:208} INFO - Processing /Library/Frameworks/Python.framework/Versions/3.8/lib/python3.8/site-packages/airflow/example_dags/example_python_operator.py took 0.050 seconds
[2024-11-26T20:11:27.469-0600] {processor.py:186} INFO - Started process (PID=28266) to work on /Library/Frameworks/Python.framework/Versions/3.8/lib/python3.8/site-packages/airflow/example_dags/example_python_operator.py
[2024-11-26T20:11:27.470-0600] {processor.py:914} INFO - Processing file /Library/Frameworks/Python.framework/Versions/3.8/lib/python3.8/site-packages/airflow/example_dags/example_python_operator.py for tasks to queue
[2024-11-26T20:11:27.470-0600] {logging_mixin.py:190} INFO - [2024-11-26T20:11:27.470-0600] {dagbag.py:588} INFO - Filling up the DagBag from /Library/Frameworks/Python.framework/Versions/3.8/lib/python3.8/site-packages/airflow/example_dags/example_python_operator.py
[2024-11-26T20:11:27.477-0600] {logging_mixin.py:190} INFO - [2024-11-26T20:11:27.477-0600] {example_python_operator.py:93} WARNING - The virtalenv_python example task requires virtualenv, please install it.
[2024-11-26T20:11:27.478-0600] {processor.py:925} INFO - DAG(s) 'example_python_operator' retrieved from /Library/Frameworks/Python.framework/Versions/3.8/lib/python3.8/site-packages/airflow/example_dags/example_python_operator.py
[2024-11-26T20:11:27.510-0600] {logging_mixin.py:190} INFO - [2024-11-26T20:11:27.510-0600] {dag.py:3239} INFO - Sync 1 DAGs
[2024-11-26T20:11:27.513-0600] {logging_mixin.py:190} INFO - [2024-11-26T20:11:27.513-0600] {dag.py:4180} INFO - Setting next_dagrun for example_python_operator to None, run_after=None
[2024-11-26T20:11:27.518-0600] {processor.py:208} INFO - Processing /Library/Frameworks/Python.framework/Versions/3.8/lib/python3.8/site-packages/airflow/example_dags/example_python_operator.py took 0.051 seconds
[2024-11-26T20:50:58.841-0600] {processor.py:186} INFO - Started process (PID=28544) to work on /Library/Frameworks/Python.framework/Versions/3.8/lib/python3.8/site-packages/airflow/example_dags/example_python_operator.py
[2024-11-26T20:50:58.842-0600] {processor.py:914} INFO - Processing file /Library/Frameworks/Python.framework/Versions/3.8/lib/python3.8/site-packages/airflow/example_dags/example_python_operator.py for tasks to queue
[2024-11-26T20:50:58.842-0600] {logging_mixin.py:190} INFO - [2024-11-26T20:50:58.842-0600] {dagbag.py:588} INFO - Filling up the DagBag from /Library/Frameworks/Python.framework/Versions/3.8/lib/python3.8/site-packages/airflow/example_dags/example_python_operator.py
[2024-11-26T20:50:58.849-0600] {logging_mixin.py:190} INFO - [2024-11-26T20:50:58.849-0600] {example_python_operator.py:93} WARNING - The virtalenv_python example task requires virtualenv, please install it.
[2024-11-26T20:50:58.850-0600] {processor.py:925} INFO - DAG(s) 'example_python_operator' retrieved from /Library/Frameworks/Python.framework/Versions/3.8/lib/python3.8/site-packages/airflow/example_dags/example_python_operator.py
[2024-11-26T20:50:58.883-0600] {logging_mixin.py:190} INFO - [2024-11-26T20:50:58.883-0600] {dag.py:3239} INFO - Sync 1 DAGs
[2024-11-26T20:50:58.886-0600] {logging_mixin.py:190} INFO - [2024-11-26T20:50:58.886-0600] {dag.py:4180} INFO - Setting next_dagrun for example_python_operator to None, run_after=None
[2024-11-26T20:50:58.892-0600] {processor.py:208} INFO - Processing /Library/Frameworks/Python.framework/Versions/3.8/lib/python3.8/site-packages/airflow/example_dags/example_python_operator.py took 0.052 seconds
[2024-11-26T20:52:29.351-0600] {processor.py:186} INFO - Started process (PID=28757) to work on /Library/Frameworks/Python.framework/Versions/3.8/lib/python3.8/site-packages/airflow/example_dags/example_python_operator.py
[2024-11-26T20:52:29.352-0600] {processor.py:914} INFO - Processing file /Library/Frameworks/Python.framework/Versions/3.8/lib/python3.8/site-packages/airflow/example_dags/example_python_operator.py for tasks to queue
[2024-11-26T20:52:29.352-0600] {logging_mixin.py:190} INFO - [2024-11-26T20:52:29.352-0600] {dagbag.py:588} INFO - Filling up the DagBag from /Library/Frameworks/Python.framework/Versions/3.8/lib/python3.8/site-packages/airflow/example_dags/example_python_operator.py
[2024-11-26T20:52:29.359-0600] {logging_mixin.py:190} INFO - [2024-11-26T20:52:29.359-0600] {example_python_operator.py:93} WARNING - The virtalenv_python example task requires virtualenv, please install it.
[2024-11-26T20:52:29.360-0600] {processor.py:925} INFO - DAG(s) 'example_python_operator' retrieved from /Library/Frameworks/Python.framework/Versions/3.8/lib/python3.8/site-packages/airflow/example_dags/example_python_operator.py
[2024-11-26T20:52:29.392-0600] {logging_mixin.py:190} INFO - [2024-11-26T20:52:29.392-0600] {dag.py:3239} INFO - Sync 1 DAGs
[2024-11-26T20:52:29.396-0600] {logging_mixin.py:190} INFO - [2024-11-26T20:52:29.396-0600] {dag.py:4180} INFO - Setting next_dagrun for example_python_operator to None, run_after=None
[2024-11-26T20:52:29.401-0600] {processor.py:208} INFO - Processing /Library/Frameworks/Python.framework/Versions/3.8/lib/python3.8/site-packages/airflow/example_dags/example_python_operator.py took 0.051 seconds
