[2024-11-26T19:17:11.293-0600] {processor.py:186} INFO - Started process (PID=27685) to work on /Library/Frameworks/Python.framework/Versions/3.8/lib/python3.8/site-packages/airflow/example_dags/example_dynamic_task_mapping.py
[2024-11-26T19:17:11.293-0600] {processor.py:914} INFO - Processing file /Library/Frameworks/Python.framework/Versions/3.8/lib/python3.8/site-packages/airflow/example_dags/example_dynamic_task_mapping.py for tasks to queue
[2024-11-26T19:17:11.294-0600] {logging_mixin.py:190} INFO - [2024-11-26T19:17:11.294-0600] {dagbag.py:588} INFO - Filling up the DagBag from /Library/Frameworks/Python.framework/Versions/3.8/lib/python3.8/site-packages/airflow/example_dags/example_dynamic_task_mapping.py
[2024-11-26T19:17:11.305-0600] {processor.py:925} INFO - DAG(s) 'example_dynamic_task_mapping' retrieved from /Library/Frameworks/Python.framework/Versions/3.8/lib/python3.8/site-packages/airflow/example_dags/example_dynamic_task_mapping.py
[2024-11-26T19:17:11.336-0600] {logging_mixin.py:190} INFO - [2024-11-26T19:17:11.336-0600] {dag.py:3239} INFO - Sync 1 DAGs
[2024-11-26T19:17:11.339-0600] {logging_mixin.py:190} INFO - [2024-11-26T19:17:11.339-0600] {dag.py:4180} INFO - Setting next_dagrun for example_dynamic_task_mapping to None, run_after=None
[2024-11-26T19:17:11.344-0600] {processor.py:208} INFO - Processing /Library/Frameworks/Python.framework/Versions/3.8/lib/python3.8/site-packages/airflow/example_dags/example_dynamic_task_mapping.py took 0.052 seconds
[2024-11-26T19:52:11.039-0600] {processor.py:186} INFO - Started process (PID=27875) to work on /Library/Frameworks/Python.framework/Versions/3.8/lib/python3.8/site-packages/airflow/example_dags/example_dynamic_task_mapping.py
[2024-11-26T19:52:11.040-0600] {processor.py:914} INFO - Processing file /Library/Frameworks/Python.framework/Versions/3.8/lib/python3.8/site-packages/airflow/example_dags/example_dynamic_task_mapping.py for tasks to queue
[2024-11-26T19:52:11.040-0600] {logging_mixin.py:190} INFO - [2024-11-26T19:52:11.040-0600] {dagbag.py:588} INFO - Filling up the DagBag from /Library/Frameworks/Python.framework/Versions/3.8/lib/python3.8/site-packages/airflow/example_dags/example_dynamic_task_mapping.py
[2024-11-26T19:52:11.052-0600] {processor.py:925} INFO - DAG(s) 'example_dynamic_task_mapping' retrieved from /Library/Frameworks/Python.framework/Versions/3.8/lib/python3.8/site-packages/airflow/example_dags/example_dynamic_task_mapping.py
[2024-11-26T19:52:11.086-0600] {logging_mixin.py:190} INFO - [2024-11-26T19:52:11.085-0600] {dag.py:3239} INFO - Sync 1 DAGs
[2024-11-26T19:52:11.090-0600] {logging_mixin.py:190} INFO - [2024-11-26T19:52:11.089-0600] {dag.py:4180} INFO - Setting next_dagrun for example_dynamic_task_mapping to None, run_after=None
[2024-11-26T19:52:11.094-0600] {processor.py:208} INFO - Processing /Library/Frameworks/Python.framework/Versions/3.8/lib/python3.8/site-packages/airflow/example_dags/example_dynamic_task_mapping.py took 0.056 seconds
[2024-11-26T20:07:50.247-0600] {processor.py:186} INFO - Started process (PID=28070) to work on /Library/Frameworks/Python.framework/Versions/3.8/lib/python3.8/site-packages/airflow/example_dags/example_dynamic_task_mapping.py
[2024-11-26T20:07:50.247-0600] {processor.py:914} INFO - Processing file /Library/Frameworks/Python.framework/Versions/3.8/lib/python3.8/site-packages/airflow/example_dags/example_dynamic_task_mapping.py for tasks to queue
[2024-11-26T20:07:50.248-0600] {logging_mixin.py:190} INFO - [2024-11-26T20:07:50.248-0600] {dagbag.py:588} INFO - Filling up the DagBag from /Library/Frameworks/Python.framework/Versions/3.8/lib/python3.8/site-packages/airflow/example_dags/example_dynamic_task_mapping.py
[2024-11-26T20:07:50.259-0600] {processor.py:925} INFO - DAG(s) 'example_dynamic_task_mapping' retrieved from /Library/Frameworks/Python.framework/Versions/3.8/lib/python3.8/site-packages/airflow/example_dags/example_dynamic_task_mapping.py
[2024-11-26T20:07:50.290-0600] {logging_mixin.py:190} INFO - [2024-11-26T20:07:50.290-0600] {dag.py:3239} INFO - Sync 1 DAGs
[2024-11-26T20:07:50.293-0600] {logging_mixin.py:190} INFO - [2024-11-26T20:07:50.293-0600] {dag.py:4180} INFO - Setting next_dagrun for example_dynamic_task_mapping to None, run_after=None
[2024-11-26T20:07:50.298-0600] {processor.py:208} INFO - Processing /Library/Frameworks/Python.framework/Versions/3.8/lib/python3.8/site-packages/airflow/example_dags/example_dynamic_task_mapping.py took 0.052 seconds
[2024-11-26T20:11:49.650-0600] {processor.py:186} INFO - Started process (PID=28308) to work on /Library/Frameworks/Python.framework/Versions/3.8/lib/python3.8/site-packages/airflow/example_dags/example_dynamic_task_mapping.py
[2024-11-26T20:11:49.651-0600] {processor.py:914} INFO - Processing file /Library/Frameworks/Python.framework/Versions/3.8/lib/python3.8/site-packages/airflow/example_dags/example_dynamic_task_mapping.py for tasks to queue
[2024-11-26T20:11:49.651-0600] {logging_mixin.py:190} INFO - [2024-11-26T20:11:49.651-0600] {dagbag.py:588} INFO - Filling up the DagBag from /Library/Frameworks/Python.framework/Versions/3.8/lib/python3.8/site-packages/airflow/example_dags/example_dynamic_task_mapping.py
[2024-11-26T20:11:49.662-0600] {processor.py:925} INFO - DAG(s) 'example_dynamic_task_mapping' retrieved from /Library/Frameworks/Python.framework/Versions/3.8/lib/python3.8/site-packages/airflow/example_dags/example_dynamic_task_mapping.py
[2024-11-26T20:11:49.695-0600] {logging_mixin.py:190} INFO - [2024-11-26T20:11:49.695-0600] {dag.py:3239} INFO - Sync 1 DAGs
[2024-11-26T20:11:49.698-0600] {logging_mixin.py:190} INFO - [2024-11-26T20:11:49.698-0600] {dag.py:4180} INFO - Setting next_dagrun for example_dynamic_task_mapping to None, run_after=None
[2024-11-26T20:11:49.703-0600] {processor.py:208} INFO - Processing /Library/Frameworks/Python.framework/Versions/3.8/lib/python3.8/site-packages/airflow/example_dags/example_dynamic_task_mapping.py took 0.054 seconds
[2024-11-26T20:51:23.288-0600] {processor.py:186} INFO - Started process (PID=28602) to work on /Library/Frameworks/Python.framework/Versions/3.8/lib/python3.8/site-packages/airflow/example_dags/example_dynamic_task_mapping.py
[2024-11-26T20:51:23.289-0600] {processor.py:914} INFO - Processing file /Library/Frameworks/Python.framework/Versions/3.8/lib/python3.8/site-packages/airflow/example_dags/example_dynamic_task_mapping.py for tasks to queue
[2024-11-26T20:51:23.290-0600] {logging_mixin.py:190} INFO - [2024-11-26T20:51:23.289-0600] {dagbag.py:588} INFO - Filling up the DagBag from /Library/Frameworks/Python.framework/Versions/3.8/lib/python3.8/site-packages/airflow/example_dags/example_dynamic_task_mapping.py
[2024-11-26T20:51:23.300-0600] {processor.py:925} INFO - DAG(s) 'example_dynamic_task_mapping' retrieved from /Library/Frameworks/Python.framework/Versions/3.8/lib/python3.8/site-packages/airflow/example_dags/example_dynamic_task_mapping.py
[2024-11-26T20:51:23.332-0600] {logging_mixin.py:190} INFO - [2024-11-26T20:51:23.332-0600] {dag.py:3239} INFO - Sync 1 DAGs
[2024-11-26T20:51:23.335-0600] {logging_mixin.py:190} INFO - [2024-11-26T20:51:23.335-0600] {dag.py:4180} INFO - Setting next_dagrun for example_dynamic_task_mapping to None, run_after=None
[2024-11-26T20:51:23.340-0600] {processor.py:208} INFO - Processing /Library/Frameworks/Python.framework/Versions/3.8/lib/python3.8/site-packages/airflow/example_dags/example_dynamic_task_mapping.py took 0.053 seconds
