[2024-11-26T19:13:25.144-0600] {processor.py:186} INFO - Started process (PID=27619) to work on /Library/Frameworks/Python.framework/Versions/3.8/lib/python3.8/site-packages/airflow/example_dags/example_short_circuit_operator.py
[2024-11-26T19:13:25.144-0600] {processor.py:914} INFO - Processing file /Library/Frameworks/Python.framework/Versions/3.8/lib/python3.8/site-packages/airflow/example_dags/example_short_circuit_operator.py for tasks to queue
[2024-11-26T19:13:25.145-0600] {logging_mixin.py:190} INFO - [2024-11-26T19:13:25.145-0600] {dagbag.py:588} INFO - Filling up the DagBag from /Library/Frameworks/Python.framework/Versions/3.8/lib/python3.8/site-packages/airflow/example_dags/example_short_circuit_operator.py
[2024-11-26T19:13:25.154-0600] {processor.py:925} INFO - DAG(s) 'example_short_circuit_operator' retrieved from /Library/Frameworks/Python.framework/Versions/3.8/lib/python3.8/site-packages/airflow/example_dags/example_short_circuit_operator.py
[2024-11-26T19:13:25.188-0600] {logging_mixin.py:190} INFO - [2024-11-26T19:13:25.188-0600] {dag.py:3239} INFO - Sync 1 DAGs
[2024-11-26T19:13:25.191-0600] {logging_mixin.py:190} INFO - [2024-11-26T19:13:25.191-0600] {dag.py:4180} INFO - Setting next_dagrun for example_short_circuit_operator to None, run_after=None
[2024-11-26T19:13:25.197-0600] {processor.py:208} INFO - Processing /Library/Frameworks/Python.framework/Versions/3.8/lib/python3.8/site-packages/airflow/example_dags/example_short_circuit_operator.py took 0.054 seconds
[2024-11-26T19:34:15.264-0600] {processor.py:186} INFO - Started process (PID=27811) to work on /Library/Frameworks/Python.framework/Versions/3.8/lib/python3.8/site-packages/airflow/example_dags/example_short_circuit_operator.py
[2024-11-26T19:34:15.265-0600] {processor.py:914} INFO - Processing file /Library/Frameworks/Python.framework/Versions/3.8/lib/python3.8/site-packages/airflow/example_dags/example_short_circuit_operator.py for tasks to queue
[2024-11-26T19:34:15.265-0600] {logging_mixin.py:190} INFO - [2024-11-26T19:34:15.265-0600] {dagbag.py:588} INFO - Filling up the DagBag from /Library/Frameworks/Python.framework/Versions/3.8/lib/python3.8/site-packages/airflow/example_dags/example_short_circuit_operator.py
[2024-11-26T19:34:15.274-0600] {processor.py:925} INFO - DAG(s) 'example_short_circuit_operator' retrieved from /Library/Frameworks/Python.framework/Versions/3.8/lib/python3.8/site-packages/airflow/example_dags/example_short_circuit_operator.py
[2024-11-26T19:34:15.307-0600] {logging_mixin.py:190} INFO - [2024-11-26T19:34:15.307-0600] {dag.py:3239} INFO - Sync 1 DAGs
[2024-11-26T19:34:15.311-0600] {logging_mixin.py:190} INFO - [2024-11-26T19:34:15.311-0600] {dag.py:4180} INFO - Setting next_dagrun for example_short_circuit_operator to None, run_after=None
[2024-11-26T19:34:15.316-0600] {processor.py:208} INFO - Processing /Library/Frameworks/Python.framework/Versions/3.8/lib/python3.8/site-packages/airflow/example_dags/example_short_circuit_operator.py took 0.053 seconds
[2024-11-26T20:07:18.064-0600] {processor.py:186} INFO - Started process (PID=28010) to work on /Library/Frameworks/Python.framework/Versions/3.8/lib/python3.8/site-packages/airflow/example_dags/example_short_circuit_operator.py
[2024-11-26T20:07:18.065-0600] {processor.py:914} INFO - Processing file /Library/Frameworks/Python.framework/Versions/3.8/lib/python3.8/site-packages/airflow/example_dags/example_short_circuit_operator.py for tasks to queue
[2024-11-26T20:07:18.065-0600] {logging_mixin.py:190} INFO - [2024-11-26T20:07:18.065-0600] {dagbag.py:588} INFO - Filling up the DagBag from /Library/Frameworks/Python.framework/Versions/3.8/lib/python3.8/site-packages/airflow/example_dags/example_short_circuit_operator.py
[2024-11-26T20:07:18.073-0600] {processor.py:925} INFO - DAG(s) 'example_short_circuit_operator' retrieved from /Library/Frameworks/Python.framework/Versions/3.8/lib/python3.8/site-packages/airflow/example_dags/example_short_circuit_operator.py
[2024-11-26T20:07:18.106-0600] {logging_mixin.py:190} INFO - [2024-11-26T20:07:18.105-0600] {dag.py:3239} INFO - Sync 1 DAGs
[2024-11-26T20:07:18.109-0600] {logging_mixin.py:190} INFO - [2024-11-26T20:07:18.109-0600] {dag.py:4180} INFO - Setting next_dagrun for example_short_circuit_operator to None, run_after=None
[2024-11-26T20:07:18.114-0600] {processor.py:208} INFO - Processing /Library/Frameworks/Python.framework/Versions/3.8/lib/python3.8/site-packages/airflow/example_dags/example_short_circuit_operator.py took 0.051 seconds
[2024-11-26T20:10:20.934-0600] {processor.py:186} INFO - Started process (PID=28145) to work on /Library/Frameworks/Python.framework/Versions/3.8/lib/python3.8/site-packages/airflow/example_dags/example_short_circuit_operator.py
[2024-11-26T20:10:20.935-0600] {processor.py:914} INFO - Processing file /Library/Frameworks/Python.framework/Versions/3.8/lib/python3.8/site-packages/airflow/example_dags/example_short_circuit_operator.py for tasks to queue
[2024-11-26T20:10:20.936-0600] {logging_mixin.py:190} INFO - [2024-11-26T20:10:20.936-0600] {dagbag.py:588} INFO - Filling up the DagBag from /Library/Frameworks/Python.framework/Versions/3.8/lib/python3.8/site-packages/airflow/example_dags/example_short_circuit_operator.py
[2024-11-26T20:10:20.944-0600] {processor.py:925} INFO - DAG(s) 'example_short_circuit_operator' retrieved from /Library/Frameworks/Python.framework/Versions/3.8/lib/python3.8/site-packages/airflow/example_dags/example_short_circuit_operator.py
[2024-11-26T20:10:20.977-0600] {logging_mixin.py:190} INFO - [2024-11-26T20:10:20.977-0600] {dag.py:3239} INFO - Sync 1 DAGs
[2024-11-26T20:10:20.980-0600] {logging_mixin.py:190} INFO - [2024-11-26T20:10:20.980-0600] {dag.py:4180} INFO - Setting next_dagrun for example_short_circuit_operator to None, run_after=None
[2024-11-26T20:10:20.985-0600] {processor.py:208} INFO - Processing /Library/Frameworks/Python.framework/Versions/3.8/lib/python3.8/site-packages/airflow/example_dags/example_short_circuit_operator.py took 0.052 seconds
[2024-11-26T20:28:03.346-0600] {processor.py:186} INFO - Started process (PID=28382) to work on /Library/Frameworks/Python.framework/Versions/3.8/lib/python3.8/site-packages/airflow/example_dags/example_short_circuit_operator.py
[2024-11-26T20:28:03.347-0600] {processor.py:914} INFO - Processing file /Library/Frameworks/Python.framework/Versions/3.8/lib/python3.8/site-packages/airflow/example_dags/example_short_circuit_operator.py for tasks to queue
[2024-11-26T20:28:03.347-0600] {logging_mixin.py:190} INFO - [2024-11-26T20:28:03.347-0600] {dagbag.py:588} INFO - Filling up the DagBag from /Library/Frameworks/Python.framework/Versions/3.8/lib/python3.8/site-packages/airflow/example_dags/example_short_circuit_operator.py
[2024-11-26T20:28:03.355-0600] {processor.py:925} INFO - DAG(s) 'example_short_circuit_operator' retrieved from /Library/Frameworks/Python.framework/Versions/3.8/lib/python3.8/site-packages/airflow/example_dags/example_short_circuit_operator.py
[2024-11-26T20:28:03.388-0600] {logging_mixin.py:190} INFO - [2024-11-26T20:28:03.388-0600] {dag.py:3239} INFO - Sync 1 DAGs
[2024-11-26T20:28:03.391-0600] {logging_mixin.py:190} INFO - [2024-11-26T20:28:03.391-0600] {dag.py:4180} INFO - Setting next_dagrun for example_short_circuit_operator to None, run_after=None
[2024-11-26T20:28:03.396-0600] {processor.py:208} INFO - Processing /Library/Frameworks/Python.framework/Versions/3.8/lib/python3.8/site-packages/airflow/example_dags/example_short_circuit_operator.py took 0.051 seconds
[2024-11-26T20:50:48.735-0600] {processor.py:186} INFO - Started process (PID=28525) to work on /Library/Frameworks/Python.framework/Versions/3.8/lib/python3.8/site-packages/airflow/example_dags/example_short_circuit_operator.py
[2024-11-26T20:50:48.737-0600] {processor.py:914} INFO - Processing file /Library/Frameworks/Python.framework/Versions/3.8/lib/python3.8/site-packages/airflow/example_dags/example_short_circuit_operator.py for tasks to queue
[2024-11-26T20:50:48.737-0600] {logging_mixin.py:190} INFO - [2024-11-26T20:50:48.737-0600] {dagbag.py:588} INFO - Filling up the DagBag from /Library/Frameworks/Python.framework/Versions/3.8/lib/python3.8/site-packages/airflow/example_dags/example_short_circuit_operator.py
[2024-11-26T20:50:48.745-0600] {processor.py:925} INFO - DAG(s) 'example_short_circuit_operator' retrieved from /Library/Frameworks/Python.framework/Versions/3.8/lib/python3.8/site-packages/airflow/example_dags/example_short_circuit_operator.py
[2024-11-26T20:50:48.778-0600] {logging_mixin.py:190} INFO - [2024-11-26T20:50:48.778-0600] {dag.py:3239} INFO - Sync 1 DAGs
[2024-11-26T20:50:48.781-0600] {logging_mixin.py:190} INFO - [2024-11-26T20:50:48.781-0600] {dag.py:4180} INFO - Setting next_dagrun for example_short_circuit_operator to None, run_after=None
[2024-11-26T20:50:48.786-0600] {processor.py:208} INFO - Processing /Library/Frameworks/Python.framework/Versions/3.8/lib/python3.8/site-packages/airflow/example_dags/example_short_circuit_operator.py took 0.052 seconds
[2024-11-26T20:52:18.978-0600] {processor.py:186} INFO - Started process (PID=28730) to work on /Library/Frameworks/Python.framework/Versions/3.8/lib/python3.8/site-packages/airflow/example_dags/example_short_circuit_operator.py
[2024-11-26T20:52:18.978-0600] {processor.py:914} INFO - Processing file /Library/Frameworks/Python.framework/Versions/3.8/lib/python3.8/site-packages/airflow/example_dags/example_short_circuit_operator.py for tasks to queue
[2024-11-26T20:52:18.978-0600] {logging_mixin.py:190} INFO - [2024-11-26T20:52:18.978-0600] {dagbag.py:588} INFO - Filling up the DagBag from /Library/Frameworks/Python.framework/Versions/3.8/lib/python3.8/site-packages/airflow/example_dags/example_short_circuit_operator.py
[2024-11-26T20:52:18.987-0600] {processor.py:925} INFO - DAG(s) 'example_short_circuit_operator' retrieved from /Library/Frameworks/Python.framework/Versions/3.8/lib/python3.8/site-packages/airflow/example_dags/example_short_circuit_operator.py
[2024-11-26T20:52:19.021-0600] {logging_mixin.py:190} INFO - [2024-11-26T20:52:19.021-0600] {dag.py:3239} INFO - Sync 1 DAGs
[2024-11-26T20:52:19.024-0600] {logging_mixin.py:190} INFO - [2024-11-26T20:52:19.024-0600] {dag.py:4180} INFO - Setting next_dagrun for example_short_circuit_operator to None, run_after=None
[2024-11-26T20:52:19.029-0600] {processor.py:208} INFO - Processing /Library/Frameworks/Python.framework/Versions/3.8/lib/python3.8/site-packages/airflow/example_dags/example_short_circuit_operator.py took 0.053 seconds
