[2024-11-26T18:41:06.557-0600] {processor.py:186} INFO - Started process (PID=27574) to work on /Library/Frameworks/Python.framework/Versions/3.8/lib/python3.8/site-packages/airflow/example_dags/tutorial_objectstorage.py
[2024-11-26T18:41:06.557-0600] {processor.py:914} INFO - Processing file /Library/Frameworks/Python.framework/Versions/3.8/lib/python3.8/site-packages/airflow/example_dags/tutorial_objectstorage.py for tasks to queue
[2024-11-26T18:41:06.558-0600] {logging_mixin.py:190} INFO - [2024-11-26T18:41:06.558-0600] {dagbag.py:588} INFO - Filling up the DagBag from /Library/Frameworks/Python.framework/Versions/3.8/lib/python3.8/site-packages/airflow/example_dags/tutorial_objectstorage.py
[2024-11-26T18:41:06.569-0600] {processor.py:925} INFO - DAG(s) 'tutorial_objectstorage' retrieved from /Library/Frameworks/Python.framework/Versions/3.8/lib/python3.8/site-packages/airflow/example_dags/tutorial_objectstorage.py
[2024-11-26T18:41:06.600-0600] {logging_mixin.py:190} INFO - [2024-11-26T18:41:06.600-0600] {dag.py:3239} INFO - Sync 1 DAGs
[2024-11-26T18:41:06.603-0600] {logging_mixin.py:190} INFO - [2024-11-26T18:41:06.603-0600] {dag.py:4180} INFO - Setting next_dagrun for tutorial_objectstorage to None, run_after=None
[2024-11-26T18:41:06.608-0600] {processor.py:208} INFO - Processing /Library/Frameworks/Python.framework/Versions/3.8/lib/python3.8/site-packages/airflow/example_dags/tutorial_objectstorage.py took 0.052 seconds
[2024-11-26T19:33:45.243-0600] {processor.py:186} INFO - Started process (PID=27768) to work on /Library/Frameworks/Python.framework/Versions/3.8/lib/python3.8/site-packages/airflow/example_dags/tutorial_objectstorage.py
[2024-11-26T19:33:45.245-0600] {processor.py:914} INFO - Processing file /Library/Frameworks/Python.framework/Versions/3.8/lib/python3.8/site-packages/airflow/example_dags/tutorial_objectstorage.py for tasks to queue
[2024-11-26T19:33:45.245-0600] {logging_mixin.py:190} INFO - [2024-11-26T19:33:45.245-0600] {dagbag.py:588} INFO - Filling up the DagBag from /Library/Frameworks/Python.framework/Versions/3.8/lib/python3.8/site-packages/airflow/example_dags/tutorial_objectstorage.py
[2024-11-26T19:33:45.256-0600] {processor.py:925} INFO - DAG(s) 'tutorial_objectstorage' retrieved from /Library/Frameworks/Python.framework/Versions/3.8/lib/python3.8/site-packages/airflow/example_dags/tutorial_objectstorage.py
[2024-11-26T19:33:45.288-0600] {logging_mixin.py:190} INFO - [2024-11-26T19:33:45.288-0600] {dag.py:3239} INFO - Sync 1 DAGs
[2024-11-26T19:33:45.291-0600] {logging_mixin.py:190} INFO - [2024-11-26T19:33:45.291-0600] {dag.py:4180} INFO - Setting next_dagrun for tutorial_objectstorage to None, run_after=None
[2024-11-26T19:33:45.296-0600] {processor.py:208} INFO - Processing /Library/Frameworks/Python.framework/Versions/3.8/lib/python3.8/site-packages/airflow/example_dags/tutorial_objectstorage.py took 0.054 seconds
[2024-11-26T20:06:53.307-0600] {processor.py:186} INFO - Started process (PID=27951) to work on /Library/Frameworks/Python.framework/Versions/3.8/lib/python3.8/site-packages/airflow/example_dags/tutorial_objectstorage.py
[2024-11-26T20:06:53.307-0600] {processor.py:914} INFO - Processing file /Library/Frameworks/Python.framework/Versions/3.8/lib/python3.8/site-packages/airflow/example_dags/tutorial_objectstorage.py for tasks to queue
[2024-11-26T20:06:53.307-0600] {logging_mixin.py:190} INFO - [2024-11-26T20:06:53.307-0600] {dagbag.py:588} INFO - Filling up the DagBag from /Library/Frameworks/Python.framework/Versions/3.8/lib/python3.8/site-packages/airflow/example_dags/tutorial_objectstorage.py
[2024-11-26T20:06:53.322-0600] {processor.py:925} INFO - DAG(s) 'tutorial_objectstorage' retrieved from /Library/Frameworks/Python.framework/Versions/3.8/lib/python3.8/site-packages/airflow/example_dags/tutorial_objectstorage.py
[2024-11-26T20:06:53.355-0600] {logging_mixin.py:190} INFO - [2024-11-26T20:06:53.355-0600] {dag.py:3239} INFO - Sync 1 DAGs
[2024-11-26T20:06:53.359-0600] {logging_mixin.py:190} INFO - [2024-11-26T20:06:53.359-0600] {dag.py:4180} INFO - Setting next_dagrun for tutorial_objectstorage to None, run_after=None
[2024-11-26T20:06:53.364-0600] {processor.py:208} INFO - Processing /Library/Frameworks/Python.framework/Versions/3.8/lib/python3.8/site-packages/airflow/example_dags/tutorial_objectstorage.py took 0.058 seconds
[2024-11-26T20:08:06.349-0600] {processor.py:186} INFO - Started process (PID=28100) to work on /Library/Frameworks/Python.framework/Versions/3.8/lib/python3.8/site-packages/airflow/example_dags/tutorial_objectstorage.py
[2024-11-26T20:08:06.349-0600] {processor.py:914} INFO - Processing file /Library/Frameworks/Python.framework/Versions/3.8/lib/python3.8/site-packages/airflow/example_dags/tutorial_objectstorage.py for tasks to queue
[2024-11-26T20:08:06.350-0600] {logging_mixin.py:190} INFO - [2024-11-26T20:08:06.350-0600] {dagbag.py:588} INFO - Filling up the DagBag from /Library/Frameworks/Python.framework/Versions/3.8/lib/python3.8/site-packages/airflow/example_dags/tutorial_objectstorage.py
[2024-11-26T20:08:06.361-0600] {processor.py:925} INFO - DAG(s) 'tutorial_objectstorage' retrieved from /Library/Frameworks/Python.framework/Versions/3.8/lib/python3.8/site-packages/airflow/example_dags/tutorial_objectstorage.py
[2024-11-26T20:08:06.392-0600] {logging_mixin.py:190} INFO - [2024-11-26T20:08:06.392-0600] {dag.py:3239} INFO - Sync 1 DAGs
[2024-11-26T20:08:06.396-0600] {logging_mixin.py:190} INFO - [2024-11-26T20:08:06.396-0600] {dag.py:4180} INFO - Setting next_dagrun for tutorial_objectstorage to None, run_after=None
[2024-11-26T20:08:06.401-0600] {processor.py:208} INFO - Processing /Library/Frameworks/Python.framework/Versions/3.8/lib/python3.8/site-packages/airflow/example_dags/tutorial_objectstorage.py took 0.053 seconds
[2024-11-26T20:11:01.227-0600] {processor.py:186} INFO - Started process (PID=28220) to work on /Library/Frameworks/Python.framework/Versions/3.8/lib/python3.8/site-packages/airflow/example_dags/tutorial_objectstorage.py
[2024-11-26T20:11:01.228-0600] {processor.py:914} INFO - Processing file /Library/Frameworks/Python.framework/Versions/3.8/lib/python3.8/site-packages/airflow/example_dags/tutorial_objectstorage.py for tasks to queue
[2024-11-26T20:11:01.228-0600] {logging_mixin.py:190} INFO - [2024-11-26T20:11:01.228-0600] {dagbag.py:588} INFO - Filling up the DagBag from /Library/Frameworks/Python.framework/Versions/3.8/lib/python3.8/site-packages/airflow/example_dags/tutorial_objectstorage.py
[2024-11-26T20:11:01.239-0600] {processor.py:925} INFO - DAG(s) 'tutorial_objectstorage' retrieved from /Library/Frameworks/Python.framework/Versions/3.8/lib/python3.8/site-packages/airflow/example_dags/tutorial_objectstorage.py
[2024-11-26T20:11:01.271-0600] {logging_mixin.py:190} INFO - [2024-11-26T20:11:01.271-0600] {dag.py:3239} INFO - Sync 1 DAGs
[2024-11-26T20:11:01.274-0600] {logging_mixin.py:190} INFO - [2024-11-26T20:11:01.274-0600] {dag.py:4180} INFO - Setting next_dagrun for tutorial_objectstorage to None, run_after=None
[2024-11-26T20:11:01.279-0600] {processor.py:208} INFO - Processing /Library/Frameworks/Python.framework/Versions/3.8/lib/python3.8/site-packages/airflow/example_dags/tutorial_objectstorage.py took 0.053 seconds
[2024-11-26T20:12:05.432-0600] {processor.py:186} INFO - Started process (PID=28338) to work on /Library/Frameworks/Python.framework/Versions/3.8/lib/python3.8/site-packages/airflow/example_dags/tutorial_objectstorage.py
[2024-11-26T20:12:05.433-0600] {processor.py:914} INFO - Processing file /Library/Frameworks/Python.framework/Versions/3.8/lib/python3.8/site-packages/airflow/example_dags/tutorial_objectstorage.py for tasks to queue
[2024-11-26T20:12:05.433-0600] {logging_mixin.py:190} INFO - [2024-11-26T20:12:05.433-0600] {dagbag.py:588} INFO - Filling up the DagBag from /Library/Frameworks/Python.framework/Versions/3.8/lib/python3.8/site-packages/airflow/example_dags/tutorial_objectstorage.py
[2024-11-26T20:12:05.444-0600] {processor.py:925} INFO - DAG(s) 'tutorial_objectstorage' retrieved from /Library/Frameworks/Python.framework/Versions/3.8/lib/python3.8/site-packages/airflow/example_dags/tutorial_objectstorage.py
[2024-11-26T20:12:05.475-0600] {logging_mixin.py:190} INFO - [2024-11-26T20:12:05.475-0600] {dag.py:3239} INFO - Sync 1 DAGs
[2024-11-26T20:12:05.479-0600] {logging_mixin.py:190} INFO - [2024-11-26T20:12:05.479-0600] {dag.py:4180} INFO - Setting next_dagrun for tutorial_objectstorage to None, run_after=None
[2024-11-26T20:12:05.484-0600] {processor.py:208} INFO - Processing /Library/Frameworks/Python.framework/Versions/3.8/lib/python3.8/site-packages/airflow/example_dags/tutorial_objectstorage.py took 0.053 seconds
[2024-11-26T20:50:25.713-0600] {processor.py:186} INFO - Started process (PID=28478) to work on /Library/Frameworks/Python.framework/Versions/3.8/lib/python3.8/site-packages/airflow/example_dags/tutorial_objectstorage.py
[2024-11-26T20:50:25.714-0600] {processor.py:914} INFO - Processing file /Library/Frameworks/Python.framework/Versions/3.8/lib/python3.8/site-packages/airflow/example_dags/tutorial_objectstorage.py for tasks to queue
[2024-11-26T20:50:25.714-0600] {logging_mixin.py:190} INFO - [2024-11-26T20:50:25.714-0600] {dagbag.py:588} INFO - Filling up the DagBag from /Library/Frameworks/Python.framework/Versions/3.8/lib/python3.8/site-packages/airflow/example_dags/tutorial_objectstorage.py
[2024-11-26T20:50:25.726-0600] {processor.py:925} INFO - DAG(s) 'tutorial_objectstorage' retrieved from /Library/Frameworks/Python.framework/Versions/3.8/lib/python3.8/site-packages/airflow/example_dags/tutorial_objectstorage.py
[2024-11-26T20:50:25.758-0600] {logging_mixin.py:190} INFO - [2024-11-26T20:50:25.758-0600] {dag.py:3239} INFO - Sync 1 DAGs
[2024-11-26T20:50:25.761-0600] {logging_mixin.py:190} INFO - [2024-11-26T20:50:25.761-0600] {dag.py:4180} INFO - Setting next_dagrun for tutorial_objectstorage to None, run_after=None
[2024-11-26T20:50:25.766-0600] {processor.py:208} INFO - Processing /Library/Frameworks/Python.framework/Versions/3.8/lib/python3.8/site-packages/airflow/example_dags/tutorial_objectstorage.py took 0.055 seconds
[2024-11-26T20:51:54.268-0600] {processor.py:186} INFO - Started process (PID=28682) to work on /Library/Frameworks/Python.framework/Versions/3.8/lib/python3.8/site-packages/airflow/example_dags/tutorial_objectstorage.py
[2024-11-26T20:51:54.268-0600] {processor.py:914} INFO - Processing file /Library/Frameworks/Python.framework/Versions/3.8/lib/python3.8/site-packages/airflow/example_dags/tutorial_objectstorage.py for tasks to queue
[2024-11-26T20:51:54.268-0600] {logging_mixin.py:190} INFO - [2024-11-26T20:51:54.268-0600] {dagbag.py:588} INFO - Filling up the DagBag from /Library/Frameworks/Python.framework/Versions/3.8/lib/python3.8/site-packages/airflow/example_dags/tutorial_objectstorage.py
[2024-11-26T20:51:54.280-0600] {processor.py:925} INFO - DAG(s) 'tutorial_objectstorage' retrieved from /Library/Frameworks/Python.framework/Versions/3.8/lib/python3.8/site-packages/airflow/example_dags/tutorial_objectstorage.py
[2024-11-26T20:51:54.311-0600] {logging_mixin.py:190} INFO - [2024-11-26T20:51:54.311-0600] {dag.py:3239} INFO - Sync 1 DAGs
[2024-11-26T20:51:54.314-0600] {logging_mixin.py:190} INFO - [2024-11-26T20:51:54.314-0600] {dag.py:4180} INFO - Setting next_dagrun for tutorial_objectstorage to None, run_after=None
[2024-11-26T20:51:54.320-0600] {processor.py:208} INFO - Processing /Library/Frameworks/Python.framework/Versions/3.8/lib/python3.8/site-packages/airflow/example_dags/tutorial_objectstorage.py took 0.053 seconds
[2024-11-26T20:53:02.288-0600] {processor.py:186} INFO - Started process (PID=28832) to work on /Library/Frameworks/Python.framework/Versions/3.8/lib/python3.8/site-packages/airflow/example_dags/tutorial_objectstorage.py
[2024-11-26T20:53:02.288-0600] {processor.py:914} INFO - Processing file /Library/Frameworks/Python.framework/Versions/3.8/lib/python3.8/site-packages/airflow/example_dags/tutorial_objectstorage.py for tasks to queue
[2024-11-26T20:53:02.289-0600] {logging_mixin.py:190} INFO - [2024-11-26T20:53:02.289-0600] {dagbag.py:588} INFO - Filling up the DagBag from /Library/Frameworks/Python.framework/Versions/3.8/lib/python3.8/site-packages/airflow/example_dags/tutorial_objectstorage.py
[2024-11-26T20:53:02.301-0600] {processor.py:925} INFO - DAG(s) 'tutorial_objectstorage' retrieved from /Library/Frameworks/Python.framework/Versions/3.8/lib/python3.8/site-packages/airflow/example_dags/tutorial_objectstorage.py
[2024-11-26T20:53:02.333-0600] {logging_mixin.py:190} INFO - [2024-11-26T20:53:02.333-0600] {dag.py:3239} INFO - Sync 1 DAGs
[2024-11-26T20:53:02.336-0600] {logging_mixin.py:190} INFO - [2024-11-26T20:53:02.336-0600] {dag.py:4180} INFO - Setting next_dagrun for tutorial_objectstorage to None, run_after=None
[2024-11-26T20:53:02.341-0600] {processor.py:208} INFO - Processing /Library/Frameworks/Python.framework/Versions/3.8/lib/python3.8/site-packages/airflow/example_dags/tutorial_objectstorage.py took 0.055 seconds
