[2024-11-26T18:24:17.408-0600] {processor.py:186} INFO - Started process (PID=27562) to work on /Library/Frameworks/Python.framework/Versions/3.8/lib/python3.8/site-packages/airflow/example_dags/tutorial_taskflow_templates.py
[2024-11-26T18:24:17.408-0600] {processor.py:914} INFO - Processing file /Library/Frameworks/Python.framework/Versions/3.8/lib/python3.8/site-packages/airflow/example_dags/tutorial_taskflow_templates.py for tasks to queue
[2024-11-26T18:24:17.409-0600] {logging_mixin.py:190} INFO - [2024-11-26T18:24:17.409-0600] {dagbag.py:588} INFO - Filling up the DagBag from /Library/Frameworks/Python.framework/Versions/3.8/lib/python3.8/site-packages/airflow/example_dags/tutorial_taskflow_templates.py
[2024-11-26T18:24:17.427-0600] {processor.py:925} INFO - DAG(s) 'tutorial_taskflow_templates' retrieved from /Library/Frameworks/Python.framework/Versions/3.8/lib/python3.8/site-packages/airflow/example_dags/tutorial_taskflow_templates.py
[2024-11-26T18:24:17.462-0600] {logging_mixin.py:190} INFO - [2024-11-26T18:24:17.462-0600] {dag.py:3239} INFO - Sync 1 DAGs
[2024-11-26T18:24:17.467-0600] {logging_mixin.py:190} INFO - [2024-11-26T18:24:17.467-0600] {dag.py:4180} INFO - Setting next_dagrun for tutorial_taskflow_templates to 2024-11-26 00:00:00+00:00, run_after=2024-11-27 00:00:00+00:00
[2024-11-26T18:24:17.472-0600] {processor.py:208} INFO - Processing /Library/Frameworks/Python.framework/Versions/3.8/lib/python3.8/site-packages/airflow/example_dags/tutorial_taskflow_templates.py took 0.065 seconds
[2024-11-26T19:33:39.863-0600] {processor.py:186} INFO - Started process (PID=27759) to work on /Library/Frameworks/Python.framework/Versions/3.8/lib/python3.8/site-packages/airflow/example_dags/tutorial_taskflow_templates.py
[2024-11-26T19:33:39.864-0600] {processor.py:914} INFO - Processing file /Library/Frameworks/Python.framework/Versions/3.8/lib/python3.8/site-packages/airflow/example_dags/tutorial_taskflow_templates.py for tasks to queue
[2024-11-26T19:33:39.864-0600] {logging_mixin.py:190} INFO - [2024-11-26T19:33:39.864-0600] {dagbag.py:588} INFO - Filling up the DagBag from /Library/Frameworks/Python.framework/Versions/3.8/lib/python3.8/site-packages/airflow/example_dags/tutorial_taskflow_templates.py
[2024-11-26T19:33:39.879-0600] {processor.py:925} INFO - DAG(s) 'tutorial_taskflow_templates' retrieved from /Library/Frameworks/Python.framework/Versions/3.8/lib/python3.8/site-packages/airflow/example_dags/tutorial_taskflow_templates.py
[2024-11-26T19:33:39.911-0600] {logging_mixin.py:190} INFO - [2024-11-26T19:33:39.911-0600] {dag.py:3239} INFO - Sync 1 DAGs
[2024-11-26T19:33:39.917-0600] {logging_mixin.py:190} INFO - [2024-11-26T19:33:39.917-0600] {dag.py:4180} INFO - Setting next_dagrun for tutorial_taskflow_templates to 2024-11-26 00:00:00+00:00, run_after=2024-11-27 00:00:00+00:00
[2024-11-26T19:33:39.922-0600] {processor.py:208} INFO - Processing /Library/Frameworks/Python.framework/Versions/3.8/lib/python3.8/site-packages/airflow/example_dags/tutorial_taskflow_templates.py took 0.060 seconds
[2024-11-26T20:06:48.306-0600] {processor.py:186} INFO - Started process (PID=27942) to work on /Library/Frameworks/Python.framework/Versions/3.8/lib/python3.8/site-packages/airflow/example_dags/tutorial_taskflow_templates.py
[2024-11-26T20:06:48.306-0600] {processor.py:914} INFO - Processing file /Library/Frameworks/Python.framework/Versions/3.8/lib/python3.8/site-packages/airflow/example_dags/tutorial_taskflow_templates.py for tasks to queue
[2024-11-26T20:06:48.306-0600] {logging_mixin.py:190} INFO - [2024-11-26T20:06:48.306-0600] {dagbag.py:588} INFO - Filling up the DagBag from /Library/Frameworks/Python.framework/Versions/3.8/lib/python3.8/site-packages/airflow/example_dags/tutorial_taskflow_templates.py
[2024-11-26T20:06:48.319-0600] {processor.py:925} INFO - DAG(s) 'tutorial_taskflow_templates' retrieved from /Library/Frameworks/Python.framework/Versions/3.8/lib/python3.8/site-packages/airflow/example_dags/tutorial_taskflow_templates.py
[2024-11-26T20:06:48.351-0600] {logging_mixin.py:190} INFO - [2024-11-26T20:06:48.351-0600] {dag.py:3239} INFO - Sync 1 DAGs
[2024-11-26T20:06:48.356-0600] {logging_mixin.py:190} INFO - [2024-11-26T20:06:48.356-0600] {dag.py:4180} INFO - Setting next_dagrun for tutorial_taskflow_templates to 2024-11-26 00:00:00+00:00, run_after=2024-11-27 00:00:00+00:00
[2024-11-26T20:06:48.362-0600] {processor.py:208} INFO - Processing /Library/Frameworks/Python.framework/Versions/3.8/lib/python3.8/site-packages/airflow/example_dags/tutorial_taskflow_templates.py took 0.057 seconds
[2024-11-26T20:08:01.024-0600] {processor.py:186} INFO - Started process (PID=28091) to work on /Library/Frameworks/Python.framework/Versions/3.8/lib/python3.8/site-packages/airflow/example_dags/tutorial_taskflow_templates.py
[2024-11-26T20:08:01.025-0600] {processor.py:914} INFO - Processing file /Library/Frameworks/Python.framework/Versions/3.8/lib/python3.8/site-packages/airflow/example_dags/tutorial_taskflow_templates.py for tasks to queue
[2024-11-26T20:08:01.025-0600] {logging_mixin.py:190} INFO - [2024-11-26T20:08:01.025-0600] {dagbag.py:588} INFO - Filling up the DagBag from /Library/Frameworks/Python.framework/Versions/3.8/lib/python3.8/site-packages/airflow/example_dags/tutorial_taskflow_templates.py
[2024-11-26T20:08:01.037-0600] {processor.py:925} INFO - DAG(s) 'tutorial_taskflow_templates' retrieved from /Library/Frameworks/Python.framework/Versions/3.8/lib/python3.8/site-packages/airflow/example_dags/tutorial_taskflow_templates.py
[2024-11-26T20:08:01.069-0600] {logging_mixin.py:190} INFO - [2024-11-26T20:08:01.069-0600] {dag.py:3239} INFO - Sync 1 DAGs
[2024-11-26T20:08:01.075-0600] {logging_mixin.py:190} INFO - [2024-11-26T20:08:01.075-0600] {dag.py:4180} INFO - Setting next_dagrun for tutorial_taskflow_templates to 2024-11-26 00:00:00+00:00, run_after=2024-11-27 00:00:00+00:00
[2024-11-26T20:08:01.080-0600] {processor.py:208} INFO - Processing /Library/Frameworks/Python.framework/Versions/3.8/lib/python3.8/site-packages/airflow/example_dags/tutorial_taskflow_templates.py took 0.057 seconds
[2024-11-26T20:10:55.885-0600] {processor.py:186} INFO - Started process (PID=28211) to work on /Library/Frameworks/Python.framework/Versions/3.8/lib/python3.8/site-packages/airflow/example_dags/tutorial_taskflow_templates.py
[2024-11-26T20:10:55.886-0600] {processor.py:914} INFO - Processing file /Library/Frameworks/Python.framework/Versions/3.8/lib/python3.8/site-packages/airflow/example_dags/tutorial_taskflow_templates.py for tasks to queue
[2024-11-26T20:10:55.887-0600] {logging_mixin.py:190} INFO - [2024-11-26T20:10:55.887-0600] {dagbag.py:588} INFO - Filling up the DagBag from /Library/Frameworks/Python.framework/Versions/3.8/lib/python3.8/site-packages/airflow/example_dags/tutorial_taskflow_templates.py
[2024-11-26T20:10:55.899-0600] {processor.py:925} INFO - DAG(s) 'tutorial_taskflow_templates' retrieved from /Library/Frameworks/Python.framework/Versions/3.8/lib/python3.8/site-packages/airflow/example_dags/tutorial_taskflow_templates.py
[2024-11-26T20:10:55.931-0600] {logging_mixin.py:190} INFO - [2024-11-26T20:10:55.931-0600] {dag.py:3239} INFO - Sync 1 DAGs
[2024-11-26T20:10:55.937-0600] {logging_mixin.py:190} INFO - [2024-11-26T20:10:55.936-0600] {dag.py:4180} INFO - Setting next_dagrun for tutorial_taskflow_templates to 2024-11-26 00:00:00+00:00, run_after=2024-11-27 00:00:00+00:00
[2024-11-26T20:10:55.942-0600] {processor.py:208} INFO - Processing /Library/Frameworks/Python.framework/Versions/3.8/lib/python3.8/site-packages/airflow/example_dags/tutorial_taskflow_templates.py took 0.057 seconds
[2024-11-26T20:12:00.713-0600] {processor.py:186} INFO - Started process (PID=28329) to work on /Library/Frameworks/Python.framework/Versions/3.8/lib/python3.8/site-packages/airflow/example_dags/tutorial_taskflow_templates.py
[2024-11-26T20:12:00.714-0600] {processor.py:914} INFO - Processing file /Library/Frameworks/Python.framework/Versions/3.8/lib/python3.8/site-packages/airflow/example_dags/tutorial_taskflow_templates.py for tasks to queue
[2024-11-26T20:12:00.714-0600] {logging_mixin.py:190} INFO - [2024-11-26T20:12:00.714-0600] {dagbag.py:588} INFO - Filling up the DagBag from /Library/Frameworks/Python.framework/Versions/3.8/lib/python3.8/site-packages/airflow/example_dags/tutorial_taskflow_templates.py
[2024-11-26T20:12:00.726-0600] {processor.py:925} INFO - DAG(s) 'tutorial_taskflow_templates' retrieved from /Library/Frameworks/Python.framework/Versions/3.8/lib/python3.8/site-packages/airflow/example_dags/tutorial_taskflow_templates.py
[2024-11-26T20:12:00.758-0600] {logging_mixin.py:190} INFO - [2024-11-26T20:12:00.758-0600] {dag.py:3239} INFO - Sync 1 DAGs
[2024-11-26T20:12:00.764-0600] {logging_mixin.py:190} INFO - [2024-11-26T20:12:00.764-0600] {dag.py:4180} INFO - Setting next_dagrun for tutorial_taskflow_templates to 2024-11-26 00:00:00+00:00, run_after=2024-11-27 00:00:00+00:00
[2024-11-26T20:12:00.769-0600] {processor.py:208} INFO - Processing /Library/Frameworks/Python.framework/Versions/3.8/lib/python3.8/site-packages/airflow/example_dags/tutorial_taskflow_templates.py took 0.057 seconds
[2024-11-26T20:50:20.281-0600] {processor.py:186} INFO - Started process (PID=28469) to work on /Library/Frameworks/Python.framework/Versions/3.8/lib/python3.8/site-packages/airflow/example_dags/tutorial_taskflow_templates.py
[2024-11-26T20:50:20.282-0600] {processor.py:914} INFO - Processing file /Library/Frameworks/Python.framework/Versions/3.8/lib/python3.8/site-packages/airflow/example_dags/tutorial_taskflow_templates.py for tasks to queue
[2024-11-26T20:50:20.282-0600] {logging_mixin.py:190} INFO - [2024-11-26T20:50:20.282-0600] {dagbag.py:588} INFO - Filling up the DagBag from /Library/Frameworks/Python.framework/Versions/3.8/lib/python3.8/site-packages/airflow/example_dags/tutorial_taskflow_templates.py
[2024-11-26T20:50:20.296-0600] {processor.py:925} INFO - DAG(s) 'tutorial_taskflow_templates' retrieved from /Library/Frameworks/Python.framework/Versions/3.8/lib/python3.8/site-packages/airflow/example_dags/tutorial_taskflow_templates.py
[2024-11-26T20:50:20.330-0600] {logging_mixin.py:190} INFO - [2024-11-26T20:50:20.329-0600] {dag.py:3239} INFO - Sync 1 DAGs
[2024-11-26T20:50:20.335-0600] {logging_mixin.py:190} INFO - [2024-11-26T20:50:20.335-0600] {dag.py:4180} INFO - Setting next_dagrun for tutorial_taskflow_templates to 2024-11-26 00:00:00+00:00, run_after=2024-11-27 00:00:00+00:00
[2024-11-26T20:50:20.341-0600] {processor.py:208} INFO - Processing /Library/Frameworks/Python.framework/Versions/3.8/lib/python3.8/site-packages/airflow/example_dags/tutorial_taskflow_templates.py took 0.062 seconds
[2024-11-26T20:51:49.095-0600] {processor.py:186} INFO - Started process (PID=28673) to work on /Library/Frameworks/Python.framework/Versions/3.8/lib/python3.8/site-packages/airflow/example_dags/tutorial_taskflow_templates.py
[2024-11-26T20:51:49.096-0600] {processor.py:914} INFO - Processing file /Library/Frameworks/Python.framework/Versions/3.8/lib/python3.8/site-packages/airflow/example_dags/tutorial_taskflow_templates.py for tasks to queue
[2024-11-26T20:51:49.096-0600] {logging_mixin.py:190} INFO - [2024-11-26T20:51:49.096-0600] {dagbag.py:588} INFO - Filling up the DagBag from /Library/Frameworks/Python.framework/Versions/3.8/lib/python3.8/site-packages/airflow/example_dags/tutorial_taskflow_templates.py
[2024-11-26T20:51:49.109-0600] {processor.py:925} INFO - DAG(s) 'tutorial_taskflow_templates' retrieved from /Library/Frameworks/Python.framework/Versions/3.8/lib/python3.8/site-packages/airflow/example_dags/tutorial_taskflow_templates.py
[2024-11-26T20:51:49.141-0600] {logging_mixin.py:190} INFO - [2024-11-26T20:51:49.141-0600] {dag.py:3239} INFO - Sync 1 DAGs
[2024-11-26T20:51:49.147-0600] {logging_mixin.py:190} INFO - [2024-11-26T20:51:49.147-0600] {dag.py:4180} INFO - Setting next_dagrun for tutorial_taskflow_templates to 2024-11-26 00:00:00+00:00, run_after=2024-11-27 00:00:00+00:00
[2024-11-26T20:51:49.152-0600] {processor.py:208} INFO - Processing /Library/Frameworks/Python.framework/Versions/3.8/lib/python3.8/site-packages/airflow/example_dags/tutorial_taskflow_templates.py took 0.058 seconds
[2024-11-26T20:52:56.941-0600] {processor.py:186} INFO - Started process (PID=28823) to work on /Library/Frameworks/Python.framework/Versions/3.8/lib/python3.8/site-packages/airflow/example_dags/tutorial_taskflow_templates.py
[2024-11-26T20:52:56.942-0600] {processor.py:914} INFO - Processing file /Library/Frameworks/Python.framework/Versions/3.8/lib/python3.8/site-packages/airflow/example_dags/tutorial_taskflow_templates.py for tasks to queue
[2024-11-26T20:52:56.942-0600] {logging_mixin.py:190} INFO - [2024-11-26T20:52:56.942-0600] {dagbag.py:588} INFO - Filling up the DagBag from /Library/Frameworks/Python.framework/Versions/3.8/lib/python3.8/site-packages/airflow/example_dags/tutorial_taskflow_templates.py
[2024-11-26T20:52:56.955-0600] {processor.py:925} INFO - DAG(s) 'tutorial_taskflow_templates' retrieved from /Library/Frameworks/Python.framework/Versions/3.8/lib/python3.8/site-packages/airflow/example_dags/tutorial_taskflow_templates.py
[2024-11-26T20:52:56.987-0600] {logging_mixin.py:190} INFO - [2024-11-26T20:52:56.987-0600] {dag.py:3239} INFO - Sync 1 DAGs
[2024-11-26T20:52:56.993-0600] {logging_mixin.py:190} INFO - [2024-11-26T20:52:56.993-0600] {dag.py:4180} INFO - Setting next_dagrun for tutorial_taskflow_templates to 2024-11-26 00:00:00+00:00, run_after=2024-11-27 00:00:00+00:00
[2024-11-26T20:52:56.999-0600] {processor.py:208} INFO - Processing /Library/Frameworks/Python.framework/Versions/3.8/lib/python3.8/site-packages/airflow/example_dags/tutorial_taskflow_templates.py took 0.059 seconds
