[2024-11-26T14:17:53.942-0600] {processor.py:186} INFO - Started process (PID=17866) to work on /Users/beprathap/PycharmProjects/YouTube-airflow/airflow-venv/lib/python3.8/site-packages/airflow/example_dags/example_sla_dag.py
[2024-11-26T14:17:53.942-0600] {processor.py:914} INFO - Processing file /Users/beprathap/PycharmProjects/YouTube-airflow/airflow-venv/lib/python3.8/site-packages/airflow/example_dags/example_sla_dag.py for tasks to queue
[2024-11-26T14:17:53.942-0600] {logging_mixin.py:190} INFO - [2024-11-26T14:17:53.942-0600] {dagbag.py:588} INFO - Filling up the DagBag from /Users/beprathap/PycharmProjects/YouTube-airflow/airflow-venv/lib/python3.8/site-packages/airflow/example_dags/example_sla_dag.py
[2024-11-26T14:17:53.954-0600] {processor.py:925} INFO - DAG(s) 'example_sla_dag' retrieved from /Users/beprathap/PycharmProjects/YouTube-airflow/airflow-venv/lib/python3.8/site-packages/airflow/example_dags/example_sla_dag.py
[2024-11-26T14:17:54.012-0600] {logging_mixin.py:190} INFO - [2024-11-26T14:17:54.012-0600] {override.py:1901} INFO - Created Permission View: can read on DAG:example_sla_dag
[2024-11-26T14:17:54.015-0600] {logging_mixin.py:190} INFO - [2024-11-26T14:17:54.015-0600] {override.py:1901} INFO - Created Permission View: can edit on DAG:example_sla_dag
[2024-11-26T14:17:54.016-0600] {logging_mixin.py:190} INFO - [2024-11-26T14:17:54.016-0600] {override.py:1901} INFO - Created Permission View: can delete on DAG:example_sla_dag
[2024-11-26T14:17:54.018-0600] {logging_mixin.py:190} INFO - [2024-11-26T14:17:54.018-0600] {override.py:1901} INFO - Created Permission View: can delete on DAG Run:example_sla_dag
[2024-11-26T14:17:54.020-0600] {logging_mixin.py:190} INFO - [2024-11-26T14:17:54.020-0600] {override.py:1901} INFO - Created Permission View: can read on DAG Run:example_sla_dag
[2024-11-26T14:17:54.021-0600] {logging_mixin.py:190} INFO - [2024-11-26T14:17:54.021-0600] {override.py:1901} INFO - Created Permission View: menu access on DAG Run:example_sla_dag
[2024-11-26T14:17:54.023-0600] {logging_mixin.py:190} INFO - [2024-11-26T14:17:54.023-0600] {override.py:1901} INFO - Created Permission View: can create on DAG Run:example_sla_dag
[2024-11-26T14:17:54.023-0600] {logging_mixin.py:190} INFO - [2024-11-26T14:17:54.023-0600] {dag.py:3239} INFO - Sync 1 DAGs
[2024-11-26T14:17:54.026-0600] {logging_mixin.py:190} INFO - [2024-11-26T14:17:54.026-0600] {dag.py:3262} INFO - Creating ORM DAG for example_sla_dag
[2024-11-26T14:17:54.030-0600] {logging_mixin.py:190} INFO - [2024-11-26T14:17:54.030-0600] {dag.py:4180} INFO - Setting next_dagrun for example_sla_dag to 2024-11-26 20:14:00+00:00, run_after=2024-11-26 20:16:00+00:00
[2024-11-26T14:17:54.034-0600] {processor.py:208} INFO - Processing /Users/beprathap/PycharmProjects/YouTube-airflow/airflow-venv/lib/python3.8/site-packages/airflow/example_dags/example_sla_dag.py took 0.093 seconds
[2024-11-26T14:19:32.355-0600] {processor.py:186} INFO - Started process (PID=18047) to work on /Users/beprathap/PycharmProjects/YouTube-airflow/airflow-venv/lib/python3.8/site-packages/airflow/example_dags/example_sla_dag.py
[2024-11-26T14:19:32.355-0600] {processor.py:914} INFO - Processing file /Users/beprathap/PycharmProjects/YouTube-airflow/airflow-venv/lib/python3.8/site-packages/airflow/example_dags/example_sla_dag.py for tasks to queue
[2024-11-26T14:19:32.355-0600] {logging_mixin.py:190} INFO - [2024-11-26T14:19:32.355-0600] {dagbag.py:588} INFO - Filling up the DagBag from /Users/beprathap/PycharmProjects/YouTube-airflow/airflow-venv/lib/python3.8/site-packages/airflow/example_dags/example_sla_dag.py
[2024-11-26T14:19:32.367-0600] {processor.py:925} INFO - DAG(s) 'example_sla_dag' retrieved from /Users/beprathap/PycharmProjects/YouTube-airflow/airflow-venv/lib/python3.8/site-packages/airflow/example_dags/example_sla_dag.py
[2024-11-26T14:19:32.399-0600] {logging_mixin.py:190} INFO - [2024-11-26T14:19:32.399-0600] {dag.py:3239} INFO - Sync 1 DAGs
[2024-11-26T14:19:32.406-0600] {logging_mixin.py:190} INFO - [2024-11-26T14:19:32.406-0600] {dag.py:4180} INFO - Setting next_dagrun for example_sla_dag to 2024-11-26 20:16:00+00:00, run_after=2024-11-26 20:18:00+00:00
[2024-11-26T14:19:32.411-0600] {processor.py:208} INFO - Processing /Users/beprathap/PycharmProjects/YouTube-airflow/airflow-venv/lib/python3.8/site-packages/airflow/example_dags/example_sla_dag.py took 0.058 seconds
[2024-11-26T14:20:40.352-0600] {processor.py:186} INFO - Started process (PID=18170) to work on /Users/beprathap/PycharmProjects/YouTube-airflow/airflow-venv/lib/python3.8/site-packages/airflow/example_dags/example_sla_dag.py
[2024-11-26T14:20:40.352-0600] {processor.py:914} INFO - Processing file /Users/beprathap/PycharmProjects/YouTube-airflow/airflow-venv/lib/python3.8/site-packages/airflow/example_dags/example_sla_dag.py for tasks to queue
[2024-11-26T14:20:40.352-0600] {logging_mixin.py:190} INFO - [2024-11-26T14:20:40.352-0600] {dagbag.py:588} INFO - Filling up the DagBag from /Users/beprathap/PycharmProjects/YouTube-airflow/airflow-venv/lib/python3.8/site-packages/airflow/example_dags/example_sla_dag.py
[2024-11-26T14:20:40.364-0600] {processor.py:925} INFO - DAG(s) 'example_sla_dag' retrieved from /Users/beprathap/PycharmProjects/YouTube-airflow/airflow-venv/lib/python3.8/site-packages/airflow/example_dags/example_sla_dag.py
[2024-11-26T14:20:40.397-0600] {logging_mixin.py:190} INFO - [2024-11-26T14:20:40.397-0600] {dag.py:3239} INFO - Sync 1 DAGs
[2024-11-26T14:20:40.404-0600] {logging_mixin.py:190} INFO - [2024-11-26T14:20:40.404-0600] {dag.py:4180} INFO - Setting next_dagrun for example_sla_dag to 2024-11-26 20:18:00+00:00, run_after=2024-11-26 20:20:00+00:00
[2024-11-26T14:20:40.409-0600] {processor.py:208} INFO - Processing /Users/beprathap/PycharmProjects/YouTube-airflow/airflow-venv/lib/python3.8/site-packages/airflow/example_dags/example_sla_dag.py took 0.059 seconds
[2024-11-26T14:21:48.908-0600] {processor.py:186} INFO - Started process (PID=18304) to work on /Users/beprathap/PycharmProjects/YouTube-airflow/airflow-venv/lib/python3.8/site-packages/airflow/example_dags/example_sla_dag.py
[2024-11-26T14:21:48.908-0600] {processor.py:914} INFO - Processing file /Users/beprathap/PycharmProjects/YouTube-airflow/airflow-venv/lib/python3.8/site-packages/airflow/example_dags/example_sla_dag.py for tasks to queue
[2024-11-26T14:21:48.908-0600] {logging_mixin.py:190} INFO - [2024-11-26T14:21:48.908-0600] {dagbag.py:588} INFO - Filling up the DagBag from /Users/beprathap/PycharmProjects/YouTube-airflow/airflow-venv/lib/python3.8/site-packages/airflow/example_dags/example_sla_dag.py
[2024-11-26T14:21:48.920-0600] {processor.py:925} INFO - DAG(s) 'example_sla_dag' retrieved from /Users/beprathap/PycharmProjects/YouTube-airflow/airflow-venv/lib/python3.8/site-packages/airflow/example_dags/example_sla_dag.py
[2024-11-26T14:21:48.952-0600] {logging_mixin.py:190} INFO - [2024-11-26T14:21:48.952-0600] {dag.py:3239} INFO - Sync 1 DAGs
[2024-11-26T14:21:48.958-0600] {logging_mixin.py:190} INFO - [2024-11-26T14:21:48.958-0600] {dag.py:4180} INFO - Setting next_dagrun for example_sla_dag to 2024-11-26 20:18:00+00:00, run_after=2024-11-26 20:20:00+00:00
[2024-11-26T14:21:48.964-0600] {processor.py:208} INFO - Processing /Users/beprathap/PycharmProjects/YouTube-airflow/airflow-venv/lib/python3.8/site-packages/airflow/example_dags/example_sla_dag.py took 0.057 seconds
[2024-11-26T14:22:55.577-0600] {processor.py:186} INFO - Started process (PID=18439) to work on /Users/beprathap/PycharmProjects/YouTube-airflow/airflow-venv/lib/python3.8/site-packages/airflow/example_dags/example_sla_dag.py
[2024-11-26T14:22:55.578-0600] {processor.py:914} INFO - Processing file /Users/beprathap/PycharmProjects/YouTube-airflow/airflow-venv/lib/python3.8/site-packages/airflow/example_dags/example_sla_dag.py for tasks to queue
[2024-11-26T14:22:55.578-0600] {logging_mixin.py:190} INFO - [2024-11-26T14:22:55.578-0600] {dagbag.py:588} INFO - Filling up the DagBag from /Users/beprathap/PycharmProjects/YouTube-airflow/airflow-venv/lib/python3.8/site-packages/airflow/example_dags/example_sla_dag.py
[2024-11-26T14:22:55.590-0600] {processor.py:925} INFO - DAG(s) 'example_sla_dag' retrieved from /Users/beprathap/PycharmProjects/YouTube-airflow/airflow-venv/lib/python3.8/site-packages/airflow/example_dags/example_sla_dag.py
[2024-11-26T14:22:55.624-0600] {logging_mixin.py:190} INFO - [2024-11-26T14:22:55.624-0600] {dag.py:3239} INFO - Sync 1 DAGs
[2024-11-26T14:22:55.630-0600] {logging_mixin.py:190} INFO - [2024-11-26T14:22:55.630-0600] {dag.py:4180} INFO - Setting next_dagrun for example_sla_dag to 2024-11-26 20:20:00+00:00, run_after=2024-11-26 20:22:00+00:00
[2024-11-26T14:22:55.636-0600] {processor.py:208} INFO - Processing /Users/beprathap/PycharmProjects/YouTube-airflow/airflow-venv/lib/python3.8/site-packages/airflow/example_dags/example_sla_dag.py took 0.060 seconds
[2024-11-26T14:23:59.980-0600] {processor.py:186} INFO - Started process (PID=18575) to work on /Users/beprathap/PycharmProjects/YouTube-airflow/airflow-venv/lib/python3.8/site-packages/airflow/example_dags/example_sla_dag.py
[2024-11-26T14:23:59.981-0600] {processor.py:914} INFO - Processing file /Users/beprathap/PycharmProjects/YouTube-airflow/airflow-venv/lib/python3.8/site-packages/airflow/example_dags/example_sla_dag.py for tasks to queue
[2024-11-26T14:23:59.982-0600] {logging_mixin.py:190} INFO - [2024-11-26T14:23:59.981-0600] {dagbag.py:588} INFO - Filling up the DagBag from /Users/beprathap/PycharmProjects/YouTube-airflow/airflow-venv/lib/python3.8/site-packages/airflow/example_dags/example_sla_dag.py
[2024-11-26T14:23:59.994-0600] {processor.py:925} INFO - DAG(s) 'example_sla_dag' retrieved from /Users/beprathap/PycharmProjects/YouTube-airflow/airflow-venv/lib/python3.8/site-packages/airflow/example_dags/example_sla_dag.py
[2024-11-26T14:24:00.028-0600] {logging_mixin.py:190} INFO - [2024-11-26T14:24:00.028-0600] {dag.py:3239} INFO - Sync 1 DAGs
[2024-11-26T14:24:00.035-0600] {logging_mixin.py:190} INFO - [2024-11-26T14:24:00.034-0600] {dag.py:4180} INFO - Setting next_dagrun for example_sla_dag to 2024-11-26 20:22:00+00:00, run_after=2024-11-26 20:24:00+00:00
[2024-11-26T14:24:00.040-0600] {processor.py:208} INFO - Processing /Users/beprathap/PycharmProjects/YouTube-airflow/airflow-venv/lib/python3.8/site-packages/airflow/example_dags/example_sla_dag.py took 0.061 seconds
[2024-11-26T14:25:05.249-0600] {processor.py:186} INFO - Started process (PID=18706) to work on /Users/beprathap/PycharmProjects/YouTube-airflow/airflow-venv/lib/python3.8/site-packages/airflow/example_dags/example_sla_dag.py
[2024-11-26T14:25:05.249-0600] {processor.py:914} INFO - Processing file /Users/beprathap/PycharmProjects/YouTube-airflow/airflow-venv/lib/python3.8/site-packages/airflow/example_dags/example_sla_dag.py for tasks to queue
[2024-11-26T14:25:05.249-0600] {logging_mixin.py:190} INFO - [2024-11-26T14:25:05.249-0600] {dagbag.py:588} INFO - Filling up the DagBag from /Users/beprathap/PycharmProjects/YouTube-airflow/airflow-venv/lib/python3.8/site-packages/airflow/example_dags/example_sla_dag.py
[2024-11-26T14:25:05.261-0600] {processor.py:925} INFO - DAG(s) 'example_sla_dag' retrieved from /Users/beprathap/PycharmProjects/YouTube-airflow/airflow-venv/lib/python3.8/site-packages/airflow/example_dags/example_sla_dag.py
[2024-11-26T14:25:05.294-0600] {logging_mixin.py:190} INFO - [2024-11-26T14:25:05.294-0600] {dag.py:3239} INFO - Sync 1 DAGs
[2024-11-26T14:25:05.301-0600] {logging_mixin.py:190} INFO - [2024-11-26T14:25:05.301-0600] {dag.py:4180} INFO - Setting next_dagrun for example_sla_dag to 2024-11-26 20:22:00+00:00, run_after=2024-11-26 20:24:00+00:00
[2024-11-26T14:25:05.307-0600] {processor.py:208} INFO - Processing /Users/beprathap/PycharmProjects/YouTube-airflow/airflow-venv/lib/python3.8/site-packages/airflow/example_dags/example_sla_dag.py took 0.059 seconds
[2024-11-26T14:27:11.449-0600] {processor.py:186} INFO - Started process (PID=18941) to work on /Users/beprathap/PycharmProjects/YouTube-airflow/airflow-venv/lib/python3.8/site-packages/airflow/example_dags/example_sla_dag.py
[2024-11-26T14:27:11.450-0600] {processor.py:914} INFO - Processing file /Users/beprathap/PycharmProjects/YouTube-airflow/airflow-venv/lib/python3.8/site-packages/airflow/example_dags/example_sla_dag.py for tasks to queue
[2024-11-26T14:27:11.450-0600] {logging_mixin.py:190} INFO - [2024-11-26T14:27:11.450-0600] {dagbag.py:588} INFO - Filling up the DagBag from /Users/beprathap/PycharmProjects/YouTube-airflow/airflow-venv/lib/python3.8/site-packages/airflow/example_dags/example_sla_dag.py
[2024-11-26T14:27:11.462-0600] {processor.py:925} INFO - DAG(s) 'example_sla_dag' retrieved from /Users/beprathap/PycharmProjects/YouTube-airflow/airflow-venv/lib/python3.8/site-packages/airflow/example_dags/example_sla_dag.py
[2024-11-26T14:27:11.495-0600] {logging_mixin.py:190} INFO - [2024-11-26T14:27:11.495-0600] {dag.py:3239} INFO - Sync 1 DAGs
[2024-11-26T14:27:11.501-0600] {logging_mixin.py:190} INFO - [2024-11-26T14:27:11.501-0600] {dag.py:4180} INFO - Setting next_dagrun for example_sla_dag to 2024-11-26 20:24:00+00:00, run_after=2024-11-26 20:26:00+00:00
[2024-11-26T14:27:11.507-0600] {processor.py:208} INFO - Processing /Users/beprathap/PycharmProjects/YouTube-airflow/airflow-venv/lib/python3.8/site-packages/airflow/example_dags/example_sla_dag.py took 0.059 seconds
[2024-11-26T14:29:18.840-0600] {processor.py:186} INFO - Started process (PID=19180) to work on /Users/beprathap/PycharmProjects/YouTube-airflow/airflow-venv/lib/python3.8/site-packages/airflow/example_dags/example_sla_dag.py
[2024-11-26T14:29:18.841-0600] {processor.py:914} INFO - Processing file /Users/beprathap/PycharmProjects/YouTube-airflow/airflow-venv/lib/python3.8/site-packages/airflow/example_dags/example_sla_dag.py for tasks to queue
[2024-11-26T14:29:18.841-0600] {logging_mixin.py:190} INFO - [2024-11-26T14:29:18.841-0600] {dagbag.py:588} INFO - Filling up the DagBag from /Users/beprathap/PycharmProjects/YouTube-airflow/airflow-venv/lib/python3.8/site-packages/airflow/example_dags/example_sla_dag.py
[2024-11-26T14:29:18.852-0600] {processor.py:925} INFO - DAG(s) 'example_sla_dag' retrieved from /Users/beprathap/PycharmProjects/YouTube-airflow/airflow-venv/lib/python3.8/site-packages/airflow/example_dags/example_sla_dag.py
[2024-11-26T14:29:18.885-0600] {logging_mixin.py:190} INFO - [2024-11-26T14:29:18.885-0600] {dag.py:3239} INFO - Sync 1 DAGs
[2024-11-26T14:29:18.892-0600] {logging_mixin.py:190} INFO - [2024-11-26T14:29:18.892-0600] {dag.py:4180} INFO - Setting next_dagrun for example_sla_dag to 2024-11-26 20:26:00+00:00, run_after=2024-11-26 20:28:00+00:00
[2024-11-26T14:29:18.897-0600] {processor.py:208} INFO - Processing /Users/beprathap/PycharmProjects/YouTube-airflow/airflow-venv/lib/python3.8/site-packages/airflow/example_dags/example_sla_dag.py took 0.058 seconds
[2024-11-26T14:30:24.367-0600] {processor.py:186} INFO - Started process (PID=19308) to work on /Users/beprathap/PycharmProjects/YouTube-airflow/airflow-venv/lib/python3.8/site-packages/airflow/example_dags/example_sla_dag.py
[2024-11-26T14:30:24.367-0600] {processor.py:914} INFO - Processing file /Users/beprathap/PycharmProjects/YouTube-airflow/airflow-venv/lib/python3.8/site-packages/airflow/example_dags/example_sla_dag.py for tasks to queue
[2024-11-26T14:30:24.367-0600] {logging_mixin.py:190} INFO - [2024-11-26T14:30:24.367-0600] {dagbag.py:588} INFO - Filling up the DagBag from /Users/beprathap/PycharmProjects/YouTube-airflow/airflow-venv/lib/python3.8/site-packages/airflow/example_dags/example_sla_dag.py
[2024-11-26T14:30:24.379-0600] {processor.py:925} INFO - DAG(s) 'example_sla_dag' retrieved from /Users/beprathap/PycharmProjects/YouTube-airflow/airflow-venv/lib/python3.8/site-packages/airflow/example_dags/example_sla_dag.py
[2024-11-26T14:30:24.412-0600] {logging_mixin.py:190} INFO - [2024-11-26T14:30:24.412-0600] {dag.py:3239} INFO - Sync 1 DAGs
[2024-11-26T14:30:24.419-0600] {logging_mixin.py:190} INFO - [2024-11-26T14:30:24.419-0600] {dag.py:4180} INFO - Setting next_dagrun for example_sla_dag to 2024-11-26 20:28:00+00:00, run_after=2024-11-26 20:30:00+00:00
[2024-11-26T14:30:24.424-0600] {processor.py:208} INFO - Processing /Users/beprathap/PycharmProjects/YouTube-airflow/airflow-venv/lib/python3.8/site-packages/airflow/example_dags/example_sla_dag.py took 0.059 seconds
[2024-11-26T14:36:17.027-0600] {processor.py:186} INFO - Started process (PID=19544) to work on /Users/beprathap/PycharmProjects/YouTube-airflow/airflow-venv/lib/python3.8/site-packages/airflow/example_dags/example_sla_dag.py
[2024-11-26T14:36:17.027-0600] {processor.py:914} INFO - Processing file /Users/beprathap/PycharmProjects/YouTube-airflow/airflow-venv/lib/python3.8/site-packages/airflow/example_dags/example_sla_dag.py for tasks to queue
[2024-11-26T14:36:17.028-0600] {logging_mixin.py:190} INFO - [2024-11-26T14:36:17.028-0600] {dagbag.py:588} INFO - Filling up the DagBag from /Users/beprathap/PycharmProjects/YouTube-airflow/airflow-venv/lib/python3.8/site-packages/airflow/example_dags/example_sla_dag.py
[2024-11-26T14:36:17.040-0600] {processor.py:925} INFO - DAG(s) 'example_sla_dag' retrieved from /Users/beprathap/PycharmProjects/YouTube-airflow/airflow-venv/lib/python3.8/site-packages/airflow/example_dags/example_sla_dag.py
[2024-11-26T14:36:17.073-0600] {logging_mixin.py:190} INFO - [2024-11-26T14:36:17.073-0600] {dag.py:3239} INFO - Sync 1 DAGs
[2024-11-26T14:36:17.080-0600] {logging_mixin.py:190} INFO - [2024-11-26T14:36:17.080-0600] {dag.py:4180} INFO - Setting next_dagrun for example_sla_dag to 2024-11-26 20:34:00+00:00, run_after=2024-11-26 20:36:00+00:00
[2024-11-26T14:36:17.085-0600] {processor.py:208} INFO - Processing /Users/beprathap/PycharmProjects/YouTube-airflow/airflow-venv/lib/python3.8/site-packages/airflow/example_dags/example_sla_dag.py took 0.060 seconds
[2024-11-26T14:37:56.924-0600] {processor.py:186} INFO - Started process (PID=19717) to work on /Users/beprathap/PycharmProjects/YouTube-airflow/airflow-venv/lib/python3.8/site-packages/airflow/example_dags/example_sla_dag.py
[2024-11-26T14:37:56.925-0600] {processor.py:914} INFO - Processing file /Users/beprathap/PycharmProjects/YouTube-airflow/airflow-venv/lib/python3.8/site-packages/airflow/example_dags/example_sla_dag.py for tasks to queue
[2024-11-26T14:37:56.925-0600] {logging_mixin.py:190} INFO - [2024-11-26T14:37:56.925-0600] {dagbag.py:588} INFO - Filling up the DagBag from /Users/beprathap/PycharmProjects/YouTube-airflow/airflow-venv/lib/python3.8/site-packages/airflow/example_dags/example_sla_dag.py
[2024-11-26T14:37:56.937-0600] {processor.py:925} INFO - DAG(s) 'example_sla_dag' retrieved from /Users/beprathap/PycharmProjects/YouTube-airflow/airflow-venv/lib/python3.8/site-packages/airflow/example_dags/example_sla_dag.py
[2024-11-26T14:37:56.970-0600] {logging_mixin.py:190} INFO - [2024-11-26T14:37:56.970-0600] {dag.py:3239} INFO - Sync 1 DAGs
[2024-11-26T14:37:56.976-0600] {logging_mixin.py:190} INFO - [2024-11-26T14:37:56.976-0600] {dag.py:4180} INFO - Setting next_dagrun for example_sla_dag to 2024-11-26 20:34:00+00:00, run_after=2024-11-26 20:36:00+00:00
[2024-11-26T14:37:56.982-0600] {processor.py:208} INFO - Processing /Users/beprathap/PycharmProjects/YouTube-airflow/airflow-venv/lib/python3.8/site-packages/airflow/example_dags/example_sla_dag.py took 0.059 seconds
[2024-11-26T14:39:04.950-0600] {processor.py:186} INFO - Started process (PID=19848) to work on /Users/beprathap/PycharmProjects/YouTube-airflow/airflow-venv/lib/python3.8/site-packages/airflow/example_dags/example_sla_dag.py
[2024-11-26T14:39:04.950-0600] {processor.py:914} INFO - Processing file /Users/beprathap/PycharmProjects/YouTube-airflow/airflow-venv/lib/python3.8/site-packages/airflow/example_dags/example_sla_dag.py for tasks to queue
[2024-11-26T14:39:04.951-0600] {logging_mixin.py:190} INFO - [2024-11-26T14:39:04.951-0600] {dagbag.py:588} INFO - Filling up the DagBag from /Users/beprathap/PycharmProjects/YouTube-airflow/airflow-venv/lib/python3.8/site-packages/airflow/example_dags/example_sla_dag.py
[2024-11-26T14:39:04.962-0600] {processor.py:925} INFO - DAG(s) 'example_sla_dag' retrieved from /Users/beprathap/PycharmProjects/YouTube-airflow/airflow-venv/lib/python3.8/site-packages/airflow/example_dags/example_sla_dag.py
[2024-11-26T14:39:04.995-0600] {logging_mixin.py:190} INFO - [2024-11-26T14:39:04.995-0600] {dag.py:3239} INFO - Sync 1 DAGs
[2024-11-26T14:39:05.001-0600] {logging_mixin.py:190} INFO - [2024-11-26T14:39:05.001-0600] {dag.py:4180} INFO - Setting next_dagrun for example_sla_dag to 2024-11-26 20:36:00+00:00, run_after=2024-11-26 20:38:00+00:00
[2024-11-26T14:39:05.007-0600] {processor.py:208} INFO - Processing /Users/beprathap/PycharmProjects/YouTube-airflow/airflow-venv/lib/python3.8/site-packages/airflow/example_dags/example_sla_dag.py took 0.058 seconds
[2024-11-26T14:40:15.614-0600] {processor.py:186} INFO - Started process (PID=19984) to work on /Users/beprathap/PycharmProjects/YouTube-airflow/airflow-venv/lib/python3.8/site-packages/airflow/example_dags/example_sla_dag.py
[2024-11-26T14:40:15.615-0600] {processor.py:914} INFO - Processing file /Users/beprathap/PycharmProjects/YouTube-airflow/airflow-venv/lib/python3.8/site-packages/airflow/example_dags/example_sla_dag.py for tasks to queue
[2024-11-26T14:40:15.615-0600] {logging_mixin.py:190} INFO - [2024-11-26T14:40:15.615-0600] {dagbag.py:588} INFO - Filling up the DagBag from /Users/beprathap/PycharmProjects/YouTube-airflow/airflow-venv/lib/python3.8/site-packages/airflow/example_dags/example_sla_dag.py
[2024-11-26T14:40:15.627-0600] {processor.py:925} INFO - DAG(s) 'example_sla_dag' retrieved from /Users/beprathap/PycharmProjects/YouTube-airflow/airflow-venv/lib/python3.8/site-packages/airflow/example_dags/example_sla_dag.py
[2024-11-26T14:40:15.660-0600] {logging_mixin.py:190} INFO - [2024-11-26T14:40:15.660-0600] {dag.py:3239} INFO - Sync 1 DAGs
[2024-11-26T14:40:15.667-0600] {logging_mixin.py:190} INFO - [2024-11-26T14:40:15.667-0600] {dag.py:4180} INFO - Setting next_dagrun for example_sla_dag to 2024-11-26 20:38:00+00:00, run_after=2024-11-26 20:40:00+00:00
[2024-11-26T14:40:15.672-0600] {processor.py:208} INFO - Processing /Users/beprathap/PycharmProjects/YouTube-airflow/airflow-venv/lib/python3.8/site-packages/airflow/example_dags/example_sla_dag.py took 0.059 seconds
[2024-11-26T14:41:20.686-0600] {processor.py:186} INFO - Started process (PID=20105) to work on /Users/beprathap/PycharmProjects/YouTube-airflow/airflow-venv/lib/python3.8/site-packages/airflow/example_dags/example_sla_dag.py
[2024-11-26T14:41:20.686-0600] {processor.py:914} INFO - Processing file /Users/beprathap/PycharmProjects/YouTube-airflow/airflow-venv/lib/python3.8/site-packages/airflow/example_dags/example_sla_dag.py for tasks to queue
[2024-11-26T14:41:20.687-0600] {logging_mixin.py:190} INFO - [2024-11-26T14:41:20.687-0600] {dagbag.py:588} INFO - Filling up the DagBag from /Users/beprathap/PycharmProjects/YouTube-airflow/airflow-venv/lib/python3.8/site-packages/airflow/example_dags/example_sla_dag.py
[2024-11-26T14:41:20.698-0600] {processor.py:925} INFO - DAG(s) 'example_sla_dag' retrieved from /Users/beprathap/PycharmProjects/YouTube-airflow/airflow-venv/lib/python3.8/site-packages/airflow/example_dags/example_sla_dag.py
[2024-11-26T14:41:20.732-0600] {logging_mixin.py:190} INFO - [2024-11-26T14:41:20.731-0600] {dag.py:3239} INFO - Sync 1 DAGs
[2024-11-26T14:41:20.738-0600] {logging_mixin.py:190} INFO - [2024-11-26T14:41:20.738-0600] {dag.py:4180} INFO - Setting next_dagrun for example_sla_dag to 2024-11-26 20:38:00+00:00, run_after=2024-11-26 20:40:00+00:00
[2024-11-26T14:41:20.744-0600] {processor.py:208} INFO - Processing /Users/beprathap/PycharmProjects/YouTube-airflow/airflow-venv/lib/python3.8/site-packages/airflow/example_dags/example_sla_dag.py took 0.059 seconds
[2024-11-26T14:42:26.082-0600] {processor.py:186} INFO - Started process (PID=20222) to work on /Users/beprathap/PycharmProjects/YouTube-airflow/airflow-venv/lib/python3.8/site-packages/airflow/example_dags/example_sla_dag.py
[2024-11-26T14:42:26.082-0600] {processor.py:914} INFO - Processing file /Users/beprathap/PycharmProjects/YouTube-airflow/airflow-venv/lib/python3.8/site-packages/airflow/example_dags/example_sla_dag.py for tasks to queue
[2024-11-26T14:42:26.082-0600] {logging_mixin.py:190} INFO - [2024-11-26T14:42:26.082-0600] {dagbag.py:588} INFO - Filling up the DagBag from /Users/beprathap/PycharmProjects/YouTube-airflow/airflow-venv/lib/python3.8/site-packages/airflow/example_dags/example_sla_dag.py
[2024-11-26T14:42:26.094-0600] {processor.py:925} INFO - DAG(s) 'example_sla_dag' retrieved from /Users/beprathap/PycharmProjects/YouTube-airflow/airflow-venv/lib/python3.8/site-packages/airflow/example_dags/example_sla_dag.py
[2024-11-26T14:42:26.126-0600] {logging_mixin.py:190} INFO - [2024-11-26T14:42:26.126-0600] {dag.py:3239} INFO - Sync 1 DAGs
[2024-11-26T14:42:26.132-0600] {logging_mixin.py:190} INFO - [2024-11-26T14:42:26.132-0600] {dag.py:4180} INFO - Setting next_dagrun for example_sla_dag to 2024-11-26 20:40:00+00:00, run_after=2024-11-26 20:42:00+00:00
[2024-11-26T14:42:26.138-0600] {processor.py:208} INFO - Processing /Users/beprathap/PycharmProjects/YouTube-airflow/airflow-venv/lib/python3.8/site-packages/airflow/example_dags/example_sla_dag.py took 0.057 seconds
[2024-11-26T14:43:29.822-0600] {processor.py:186} INFO - Started process (PID=20340) to work on /Users/beprathap/PycharmProjects/YouTube-airflow/airflow-venv/lib/python3.8/site-packages/airflow/example_dags/example_sla_dag.py
[2024-11-26T14:43:29.823-0600] {processor.py:914} INFO - Processing file /Users/beprathap/PycharmProjects/YouTube-airflow/airflow-venv/lib/python3.8/site-packages/airflow/example_dags/example_sla_dag.py for tasks to queue
[2024-11-26T14:43:29.823-0600] {logging_mixin.py:190} INFO - [2024-11-26T14:43:29.823-0600] {dagbag.py:588} INFO - Filling up the DagBag from /Users/beprathap/PycharmProjects/YouTube-airflow/airflow-venv/lib/python3.8/site-packages/airflow/example_dags/example_sla_dag.py
[2024-11-26T14:43:29.834-0600] {processor.py:925} INFO - DAG(s) 'example_sla_dag' retrieved from /Users/beprathap/PycharmProjects/YouTube-airflow/airflow-venv/lib/python3.8/site-packages/airflow/example_dags/example_sla_dag.py
[2024-11-26T14:43:29.868-0600] {logging_mixin.py:190} INFO - [2024-11-26T14:43:29.868-0600] {dag.py:3239} INFO - Sync 1 DAGs
[2024-11-26T14:43:29.874-0600] {logging_mixin.py:190} INFO - [2024-11-26T14:43:29.874-0600] {dag.py:4180} INFO - Setting next_dagrun for example_sla_dag to 2024-11-26 20:40:00+00:00, run_after=2024-11-26 20:42:00+00:00
[2024-11-26T14:43:29.880-0600] {processor.py:208} INFO - Processing /Users/beprathap/PycharmProjects/YouTube-airflow/airflow-venv/lib/python3.8/site-packages/airflow/example_dags/example_sla_dag.py took 0.059 seconds
[2024-11-26T14:44:39.467-0600] {processor.py:186} INFO - Started process (PID=20481) to work on /Users/beprathap/PycharmProjects/YouTube-airflow/airflow-venv/lib/python3.8/site-packages/airflow/example_dags/example_sla_dag.py
[2024-11-26T14:44:39.467-0600] {processor.py:914} INFO - Processing file /Users/beprathap/PycharmProjects/YouTube-airflow/airflow-venv/lib/python3.8/site-packages/airflow/example_dags/example_sla_dag.py for tasks to queue
[2024-11-26T14:44:39.468-0600] {logging_mixin.py:190} INFO - [2024-11-26T14:44:39.467-0600] {dagbag.py:588} INFO - Filling up the DagBag from /Users/beprathap/PycharmProjects/YouTube-airflow/airflow-venv/lib/python3.8/site-packages/airflow/example_dags/example_sla_dag.py
[2024-11-26T14:44:39.480-0600] {processor.py:925} INFO - DAG(s) 'example_sla_dag' retrieved from /Users/beprathap/PycharmProjects/YouTube-airflow/airflow-venv/lib/python3.8/site-packages/airflow/example_dags/example_sla_dag.py
[2024-11-26T14:44:39.514-0600] {logging_mixin.py:190} INFO - [2024-11-26T14:44:39.514-0600] {dag.py:3239} INFO - Sync 1 DAGs
[2024-11-26T14:44:39.521-0600] {logging_mixin.py:190} INFO - [2024-11-26T14:44:39.521-0600] {dag.py:4180} INFO - Setting next_dagrun for example_sla_dag to 2024-11-26 20:42:00+00:00, run_after=2024-11-26 20:44:00+00:00
[2024-11-26T14:44:39.526-0600] {processor.py:208} INFO - Processing /Users/beprathap/PycharmProjects/YouTube-airflow/airflow-venv/lib/python3.8/site-packages/airflow/example_dags/example_sla_dag.py took 0.060 seconds
[2024-11-26T14:45:41.592-0600] {processor.py:186} INFO - Started process (PID=20607) to work on /Users/beprathap/PycharmProjects/YouTube-airflow/airflow-venv/lib/python3.8/site-packages/airflow/example_dags/example_sla_dag.py
[2024-11-26T14:45:41.592-0600] {processor.py:914} INFO - Processing file /Users/beprathap/PycharmProjects/YouTube-airflow/airflow-venv/lib/python3.8/site-packages/airflow/example_dags/example_sla_dag.py for tasks to queue
[2024-11-26T14:45:41.592-0600] {logging_mixin.py:190} INFO - [2024-11-26T14:45:41.592-0600] {dagbag.py:588} INFO - Filling up the DagBag from /Users/beprathap/PycharmProjects/YouTube-airflow/airflow-venv/lib/python3.8/site-packages/airflow/example_dags/example_sla_dag.py
[2024-11-26T14:45:41.605-0600] {processor.py:925} INFO - DAG(s) 'example_sla_dag' retrieved from /Users/beprathap/PycharmProjects/YouTube-airflow/airflow-venv/lib/python3.8/site-packages/airflow/example_dags/example_sla_dag.py
[2024-11-26T14:45:41.639-0600] {logging_mixin.py:190} INFO - [2024-11-26T14:45:41.639-0600] {dag.py:3239} INFO - Sync 1 DAGs
[2024-11-26T14:45:41.646-0600] {logging_mixin.py:190} INFO - [2024-11-26T14:45:41.646-0600] {dag.py:4180} INFO - Setting next_dagrun for example_sla_dag to 2024-11-26 20:42:00+00:00, run_after=2024-11-26 20:44:00+00:00
[2024-11-26T14:45:41.652-0600] {processor.py:208} INFO - Processing /Users/beprathap/PycharmProjects/YouTube-airflow/airflow-venv/lib/python3.8/site-packages/airflow/example_dags/example_sla_dag.py took 0.062 seconds
[2024-11-26T14:46:48.854-0600] {processor.py:186} INFO - Started process (PID=20736) to work on /Users/beprathap/PycharmProjects/YouTube-airflow/airflow-venv/lib/python3.8/site-packages/airflow/example_dags/example_sla_dag.py
[2024-11-26T14:46:48.855-0600] {processor.py:914} INFO - Processing file /Users/beprathap/PycharmProjects/YouTube-airflow/airflow-venv/lib/python3.8/site-packages/airflow/example_dags/example_sla_dag.py for tasks to queue
[2024-11-26T14:46:48.855-0600] {logging_mixin.py:190} INFO - [2024-11-26T14:46:48.855-0600] {dagbag.py:588} INFO - Filling up the DagBag from /Users/beprathap/PycharmProjects/YouTube-airflow/airflow-venv/lib/python3.8/site-packages/airflow/example_dags/example_sla_dag.py
[2024-11-26T14:46:48.867-0600] {processor.py:925} INFO - DAG(s) 'example_sla_dag' retrieved from /Users/beprathap/PycharmProjects/YouTube-airflow/airflow-venv/lib/python3.8/site-packages/airflow/example_dags/example_sla_dag.py
[2024-11-26T14:46:48.900-0600] {logging_mixin.py:190} INFO - [2024-11-26T14:46:48.900-0600] {dag.py:3239} INFO - Sync 1 DAGs
[2024-11-26T14:46:48.907-0600] {logging_mixin.py:190} INFO - [2024-11-26T14:46:48.907-0600] {dag.py:4180} INFO - Setting next_dagrun for example_sla_dag to 2024-11-26 20:44:00+00:00, run_after=2024-11-26 20:46:00+00:00
[2024-11-26T14:46:48.913-0600] {processor.py:208} INFO - Processing /Users/beprathap/PycharmProjects/YouTube-airflow/airflow-venv/lib/python3.8/site-packages/airflow/example_dags/example_sla_dag.py took 0.060 seconds
[2024-11-26T14:47:57.418-0600] {processor.py:186} INFO - Started process (PID=20872) to work on /Users/beprathap/PycharmProjects/YouTube-airflow/airflow-venv/lib/python3.8/site-packages/airflow/example_dags/example_sla_dag.py
[2024-11-26T14:47:57.419-0600] {processor.py:914} INFO - Processing file /Users/beprathap/PycharmProjects/YouTube-airflow/airflow-venv/lib/python3.8/site-packages/airflow/example_dags/example_sla_dag.py for tasks to queue
[2024-11-26T14:47:57.419-0600] {logging_mixin.py:190} INFO - [2024-11-26T14:47:57.419-0600] {dagbag.py:588} INFO - Filling up the DagBag from /Users/beprathap/PycharmProjects/YouTube-airflow/airflow-venv/lib/python3.8/site-packages/airflow/example_dags/example_sla_dag.py
[2024-11-26T14:47:57.431-0600] {processor.py:925} INFO - DAG(s) 'example_sla_dag' retrieved from /Users/beprathap/PycharmProjects/YouTube-airflow/airflow-venv/lib/python3.8/site-packages/airflow/example_dags/example_sla_dag.py
[2024-11-26T14:47:57.464-0600] {logging_mixin.py:190} INFO - [2024-11-26T14:47:57.464-0600] {dag.py:3239} INFO - Sync 1 DAGs
[2024-11-26T14:47:57.471-0600] {logging_mixin.py:190} INFO - [2024-11-26T14:47:57.471-0600] {dag.py:4180} INFO - Setting next_dagrun for example_sla_dag to 2024-11-26 20:44:00+00:00, run_after=2024-11-26 20:46:00+00:00
[2024-11-26T14:47:57.477-0600] {processor.py:208} INFO - Processing /Users/beprathap/PycharmProjects/YouTube-airflow/airflow-venv/lib/python3.8/site-packages/airflow/example_dags/example_sla_dag.py took 0.059 seconds
[2024-11-26T14:49:07.042-0600] {processor.py:186} INFO - Started process (PID=20998) to work on /Users/beprathap/PycharmProjects/YouTube-airflow/airflow-venv/lib/python3.8/site-packages/airflow/example_dags/example_sla_dag.py
[2024-11-26T14:49:07.043-0600] {processor.py:914} INFO - Processing file /Users/beprathap/PycharmProjects/YouTube-airflow/airflow-venv/lib/python3.8/site-packages/airflow/example_dags/example_sla_dag.py for tasks to queue
[2024-11-26T14:49:07.043-0600] {logging_mixin.py:190} INFO - [2024-11-26T14:49:07.043-0600] {dagbag.py:588} INFO - Filling up the DagBag from /Users/beprathap/PycharmProjects/YouTube-airflow/airflow-venv/lib/python3.8/site-packages/airflow/example_dags/example_sla_dag.py
[2024-11-26T14:49:07.054-0600] {processor.py:925} INFO - DAG(s) 'example_sla_dag' retrieved from /Users/beprathap/PycharmProjects/YouTube-airflow/airflow-venv/lib/python3.8/site-packages/airflow/example_dags/example_sla_dag.py
[2024-11-26T14:49:07.088-0600] {logging_mixin.py:190} INFO - [2024-11-26T14:49:07.088-0600] {dag.py:3239} INFO - Sync 1 DAGs
[2024-11-26T14:49:07.094-0600] {logging_mixin.py:190} INFO - [2024-11-26T14:49:07.094-0600] {dag.py:4180} INFO - Setting next_dagrun for example_sla_dag to 2024-11-26 20:46:00+00:00, run_after=2024-11-26 20:48:00+00:00
[2024-11-26T14:49:07.100-0600] {processor.py:208} INFO - Processing /Users/beprathap/PycharmProjects/YouTube-airflow/airflow-venv/lib/python3.8/site-packages/airflow/example_dags/example_sla_dag.py took 0.059 seconds
[2024-11-26T15:01:33.242-0600] {processor.py:186} INFO - Started process (PID=21358) to work on /Library/Frameworks/Python.framework/Versions/3.8/lib/python3.8/site-packages/airflow/example_dags/example_sla_dag.py
[2024-11-26T15:01:33.243-0600] {processor.py:914} INFO - Processing file /Library/Frameworks/Python.framework/Versions/3.8/lib/python3.8/site-packages/airflow/example_dags/example_sla_dag.py for tasks to queue
[2024-11-26T15:01:33.243-0600] {logging_mixin.py:190} INFO - [2024-11-26T15:01:33.243-0600] {dagbag.py:588} INFO - Filling up the DagBag from /Library/Frameworks/Python.framework/Versions/3.8/lib/python3.8/site-packages/airflow/example_dags/example_sla_dag.py
[2024-11-26T15:01:33.255-0600] {processor.py:925} INFO - DAG(s) 'example_sla_dag' retrieved from /Library/Frameworks/Python.framework/Versions/3.8/lib/python3.8/site-packages/airflow/example_dags/example_sla_dag.py
[2024-11-26T15:01:33.317-0600] {logging_mixin.py:190} INFO - [2024-11-26T15:01:33.316-0600] {dag.py:3239} INFO - Sync 1 DAGs
[2024-11-26T15:01:33.323-0600] {logging_mixin.py:190} INFO - [2024-11-26T15:01:33.323-0600] {dag.py:4180} INFO - Setting next_dagrun for example_sla_dag to 2024-11-26 20:58:00+00:00, run_after=2024-11-26 21:00:00+00:00
[2024-11-26T15:01:33.329-0600] {processor.py:208} INFO - Processing /Library/Frameworks/Python.framework/Versions/3.8/lib/python3.8/site-packages/airflow/example_dags/example_sla_dag.py took 0.088 seconds
[2024-11-26T15:03:16.168-0600] {processor.py:186} INFO - Started process (PID=21555) to work on /Library/Frameworks/Python.framework/Versions/3.8/lib/python3.8/site-packages/airflow/example_dags/example_sla_dag.py
[2024-11-26T15:03:16.169-0600] {processor.py:914} INFO - Processing file /Library/Frameworks/Python.framework/Versions/3.8/lib/python3.8/site-packages/airflow/example_dags/example_sla_dag.py for tasks to queue
[2024-11-26T15:03:16.169-0600] {logging_mixin.py:190} INFO - [2024-11-26T15:03:16.169-0600] {dagbag.py:588} INFO - Filling up the DagBag from /Library/Frameworks/Python.framework/Versions/3.8/lib/python3.8/site-packages/airflow/example_dags/example_sla_dag.py
[2024-11-26T15:03:16.181-0600] {processor.py:925} INFO - DAG(s) 'example_sla_dag' retrieved from /Library/Frameworks/Python.framework/Versions/3.8/lib/python3.8/site-packages/airflow/example_dags/example_sla_dag.py
[2024-11-26T15:03:16.215-0600] {logging_mixin.py:190} INFO - [2024-11-26T15:03:16.215-0600] {dag.py:3239} INFO - Sync 1 DAGs
[2024-11-26T15:03:16.221-0600] {logging_mixin.py:190} INFO - [2024-11-26T15:03:16.221-0600] {dag.py:4180} INFO - Setting next_dagrun for example_sla_dag to 2024-11-26 21:00:00+00:00, run_after=2024-11-26 21:02:00+00:00
[2024-11-26T15:03:16.227-0600] {processor.py:208} INFO - Processing /Library/Frameworks/Python.framework/Versions/3.8/lib/python3.8/site-packages/airflow/example_dags/example_sla_dag.py took 0.060 seconds
[2024-11-26T15:04:26.536-0600] {processor.py:186} INFO - Started process (PID=21679) to work on /Library/Frameworks/Python.framework/Versions/3.8/lib/python3.8/site-packages/airflow/example_dags/example_sla_dag.py
[2024-11-26T15:04:26.536-0600] {processor.py:914} INFO - Processing file /Library/Frameworks/Python.framework/Versions/3.8/lib/python3.8/site-packages/airflow/example_dags/example_sla_dag.py for tasks to queue
[2024-11-26T15:04:26.537-0600] {logging_mixin.py:190} INFO - [2024-11-26T15:04:26.536-0600] {dagbag.py:588} INFO - Filling up the DagBag from /Library/Frameworks/Python.framework/Versions/3.8/lib/python3.8/site-packages/airflow/example_dags/example_sla_dag.py
[2024-11-26T15:04:26.549-0600] {processor.py:925} INFO - DAG(s) 'example_sla_dag' retrieved from /Library/Frameworks/Python.framework/Versions/3.8/lib/python3.8/site-packages/airflow/example_dags/example_sla_dag.py
[2024-11-26T15:04:26.582-0600] {logging_mixin.py:190} INFO - [2024-11-26T15:04:26.582-0600] {dag.py:3239} INFO - Sync 1 DAGs
[2024-11-26T15:04:26.589-0600] {logging_mixin.py:190} INFO - [2024-11-26T15:04:26.589-0600] {dag.py:4180} INFO - Setting next_dagrun for example_sla_dag to 2024-11-26 21:02:00+00:00, run_after=2024-11-26 21:04:00+00:00
[2024-11-26T15:04:26.595-0600] {processor.py:208} INFO - Processing /Library/Frameworks/Python.framework/Versions/3.8/lib/python3.8/site-packages/airflow/example_dags/example_sla_dag.py took 0.060 seconds
[2024-11-26T15:05:37.191-0600] {processor.py:186} INFO - Started process (PID=21805) to work on /Library/Frameworks/Python.framework/Versions/3.8/lib/python3.8/site-packages/airflow/example_dags/example_sla_dag.py
[2024-11-26T15:05:37.192-0600] {processor.py:914} INFO - Processing file /Library/Frameworks/Python.framework/Versions/3.8/lib/python3.8/site-packages/airflow/example_dags/example_sla_dag.py for tasks to queue
[2024-11-26T15:05:37.192-0600] {logging_mixin.py:190} INFO - [2024-11-26T15:05:37.192-0600] {dagbag.py:588} INFO - Filling up the DagBag from /Library/Frameworks/Python.framework/Versions/3.8/lib/python3.8/site-packages/airflow/example_dags/example_sla_dag.py
[2024-11-26T15:05:37.205-0600] {processor.py:925} INFO - DAG(s) 'example_sla_dag' retrieved from /Library/Frameworks/Python.framework/Versions/3.8/lib/python3.8/site-packages/airflow/example_dags/example_sla_dag.py
[2024-11-26T15:05:37.239-0600] {logging_mixin.py:190} INFO - [2024-11-26T15:05:37.239-0600] {dag.py:3239} INFO - Sync 1 DAGs
[2024-11-26T15:05:37.246-0600] {logging_mixin.py:190} INFO - [2024-11-26T15:05:37.246-0600] {dag.py:4180} INFO - Setting next_dagrun for example_sla_dag to 2024-11-26 21:02:00+00:00, run_after=2024-11-26 21:04:00+00:00
[2024-11-26T15:05:37.252-0600] {processor.py:208} INFO - Processing /Library/Frameworks/Python.framework/Versions/3.8/lib/python3.8/site-packages/airflow/example_dags/example_sla_dag.py took 0.062 seconds
[2024-11-26T15:06:46.693-0600] {processor.py:186} INFO - Started process (PID=21930) to work on /Library/Frameworks/Python.framework/Versions/3.8/lib/python3.8/site-packages/airflow/example_dags/example_sla_dag.py
[2024-11-26T15:06:46.693-0600] {processor.py:914} INFO - Processing file /Library/Frameworks/Python.framework/Versions/3.8/lib/python3.8/site-packages/airflow/example_dags/example_sla_dag.py for tasks to queue
[2024-11-26T15:06:46.693-0600] {logging_mixin.py:190} INFO - [2024-11-26T15:06:46.693-0600] {dagbag.py:588} INFO - Filling up the DagBag from /Library/Frameworks/Python.framework/Versions/3.8/lib/python3.8/site-packages/airflow/example_dags/example_sla_dag.py
[2024-11-26T15:06:46.705-0600] {processor.py:925} INFO - DAG(s) 'example_sla_dag' retrieved from /Library/Frameworks/Python.framework/Versions/3.8/lib/python3.8/site-packages/airflow/example_dags/example_sla_dag.py
[2024-11-26T15:06:46.739-0600] {logging_mixin.py:190} INFO - [2024-11-26T15:06:46.739-0600] {dag.py:3239} INFO - Sync 1 DAGs
[2024-11-26T15:06:46.746-0600] {logging_mixin.py:190} INFO - [2024-11-26T15:06:46.746-0600] {dag.py:4180} INFO - Setting next_dagrun for example_sla_dag to 2024-11-26 21:04:00+00:00, run_after=2024-11-26 21:06:00+00:00
[2024-11-26T15:06:46.752-0600] {processor.py:208} INFO - Processing /Library/Frameworks/Python.framework/Versions/3.8/lib/python3.8/site-packages/airflow/example_dags/example_sla_dag.py took 0.060 seconds
[2024-11-26T15:07:58.007-0600] {processor.py:186} INFO - Started process (PID=22105) to work on /Library/Frameworks/Python.framework/Versions/3.8/lib/python3.8/site-packages/airflow/example_dags/example_sla_dag.py
[2024-11-26T15:07:58.008-0600] {processor.py:914} INFO - Processing file /Library/Frameworks/Python.framework/Versions/3.8/lib/python3.8/site-packages/airflow/example_dags/example_sla_dag.py for tasks to queue
[2024-11-26T15:07:58.009-0600] {logging_mixin.py:190} INFO - [2024-11-26T15:07:58.009-0600] {dagbag.py:588} INFO - Filling up the DagBag from /Library/Frameworks/Python.framework/Versions/3.8/lib/python3.8/site-packages/airflow/example_dags/example_sla_dag.py
[2024-11-26T15:07:58.021-0600] {processor.py:925} INFO - DAG(s) 'example_sla_dag' retrieved from /Library/Frameworks/Python.framework/Versions/3.8/lib/python3.8/site-packages/airflow/example_dags/example_sla_dag.py
[2024-11-26T15:07:58.054-0600] {logging_mixin.py:190} INFO - [2024-11-26T15:07:58.054-0600] {dag.py:3239} INFO - Sync 1 DAGs
[2024-11-26T15:07:58.064-0600] {logging_mixin.py:190} INFO - [2024-11-26T15:07:58.063-0600] {dag.py:4180} INFO - Setting next_dagrun for example_sla_dag to 2024-11-26 21:04:00+00:00, run_after=2024-11-26 21:06:00+00:00
[2024-11-26T15:07:58.069-0600] {processor.py:208} INFO - Processing /Library/Frameworks/Python.framework/Versions/3.8/lib/python3.8/site-packages/airflow/example_dags/example_sla_dag.py took 0.063 seconds
[2024-11-26T15:16:34.434-0600] {processor.py:186} INFO - Started process (PID=22362) to work on /Library/Frameworks/Python.framework/Versions/3.8/lib/python3.8/site-packages/airflow/example_dags/example_sla_dag.py
[2024-11-26T15:16:34.435-0600] {processor.py:914} INFO - Processing file /Library/Frameworks/Python.framework/Versions/3.8/lib/python3.8/site-packages/airflow/example_dags/example_sla_dag.py for tasks to queue
[2024-11-26T15:16:34.435-0600] {logging_mixin.py:190} INFO - [2024-11-26T15:16:34.435-0600] {dagbag.py:588} INFO - Filling up the DagBag from /Library/Frameworks/Python.framework/Versions/3.8/lib/python3.8/site-packages/airflow/example_dags/example_sla_dag.py
[2024-11-26T15:16:34.447-0600] {processor.py:925} INFO - DAG(s) 'example_sla_dag' retrieved from /Library/Frameworks/Python.framework/Versions/3.8/lib/python3.8/site-packages/airflow/example_dags/example_sla_dag.py
[2024-11-26T15:16:34.482-0600] {logging_mixin.py:190} INFO - [2024-11-26T15:16:34.482-0600] {dag.py:3239} INFO - Sync 1 DAGs
[2024-11-26T15:16:34.490-0600] {logging_mixin.py:190} INFO - [2024-11-26T15:16:34.490-0600] {dag.py:4180} INFO - Setting next_dagrun for example_sla_dag to 2024-11-26 21:14:00+00:00, run_after=2024-11-26 21:16:00+00:00
[2024-11-26T15:16:34.495-0600] {processor.py:208} INFO - Processing /Library/Frameworks/Python.framework/Versions/3.8/lib/python3.8/site-packages/airflow/example_dags/example_sla_dag.py took 0.063 seconds
[2024-11-26T15:18:10.566-0600] {processor.py:186} INFO - Started process (PID=22557) to work on /Library/Frameworks/Python.framework/Versions/3.8/lib/python3.8/site-packages/airflow/example_dags/example_sla_dag.py
[2024-11-26T15:18:10.567-0600] {processor.py:914} INFO - Processing file /Library/Frameworks/Python.framework/Versions/3.8/lib/python3.8/site-packages/airflow/example_dags/example_sla_dag.py for tasks to queue
[2024-11-26T15:18:10.567-0600] {logging_mixin.py:190} INFO - [2024-11-26T15:18:10.567-0600] {dagbag.py:588} INFO - Filling up the DagBag from /Library/Frameworks/Python.framework/Versions/3.8/lib/python3.8/site-packages/airflow/example_dags/example_sla_dag.py
[2024-11-26T15:18:10.579-0600] {processor.py:925} INFO - DAG(s) 'example_sla_dag' retrieved from /Library/Frameworks/Python.framework/Versions/3.8/lib/python3.8/site-packages/airflow/example_dags/example_sla_dag.py
[2024-11-26T15:18:10.612-0600] {logging_mixin.py:190} INFO - [2024-11-26T15:18:10.611-0600] {dag.py:3239} INFO - Sync 1 DAGs
[2024-11-26T15:18:10.618-0600] {logging_mixin.py:190} INFO - [2024-11-26T15:18:10.618-0600] {dag.py:4180} INFO - Setting next_dagrun for example_sla_dag to 2024-11-26 21:16:00+00:00, run_after=2024-11-26 21:18:00+00:00
[2024-11-26T15:18:10.624-0600] {processor.py:208} INFO - Processing /Library/Frameworks/Python.framework/Versions/3.8/lib/python3.8/site-packages/airflow/example_dags/example_sla_dag.py took 0.059 seconds
[2024-11-26T15:19:19.610-0600] {processor.py:186} INFO - Started process (PID=22694) to work on /Library/Frameworks/Python.framework/Versions/3.8/lib/python3.8/site-packages/airflow/example_dags/example_sla_dag.py
[2024-11-26T15:19:19.611-0600] {processor.py:914} INFO - Processing file /Library/Frameworks/Python.framework/Versions/3.8/lib/python3.8/site-packages/airflow/example_dags/example_sla_dag.py for tasks to queue
[2024-11-26T15:19:19.611-0600] {logging_mixin.py:190} INFO - [2024-11-26T15:19:19.611-0600] {dagbag.py:588} INFO - Filling up the DagBag from /Library/Frameworks/Python.framework/Versions/3.8/lib/python3.8/site-packages/airflow/example_dags/example_sla_dag.py
[2024-11-26T15:19:19.623-0600] {processor.py:925} INFO - DAG(s) 'example_sla_dag' retrieved from /Library/Frameworks/Python.framework/Versions/3.8/lib/python3.8/site-packages/airflow/example_dags/example_sla_dag.py
[2024-11-26T15:19:19.657-0600] {logging_mixin.py:190} INFO - [2024-11-26T15:19:19.657-0600] {dag.py:3239} INFO - Sync 1 DAGs
[2024-11-26T15:19:19.663-0600] {logging_mixin.py:190} INFO - [2024-11-26T15:19:19.663-0600] {dag.py:4180} INFO - Setting next_dagrun for example_sla_dag to 2024-11-26 21:16:00+00:00, run_after=2024-11-26 21:18:00+00:00
[2024-11-26T15:19:19.669-0600] {processor.py:208} INFO - Processing /Library/Frameworks/Python.framework/Versions/3.8/lib/python3.8/site-packages/airflow/example_dags/example_sla_dag.py took 0.060 seconds
[2024-11-26T15:20:27.878-0600] {processor.py:186} INFO - Started process (PID=22820) to work on /Library/Frameworks/Python.framework/Versions/3.8/lib/python3.8/site-packages/airflow/example_dags/example_sla_dag.py
[2024-11-26T15:20:27.879-0600] {processor.py:914} INFO - Processing file /Library/Frameworks/Python.framework/Versions/3.8/lib/python3.8/site-packages/airflow/example_dags/example_sla_dag.py for tasks to queue
[2024-11-26T15:20:27.879-0600] {logging_mixin.py:190} INFO - [2024-11-26T15:20:27.879-0600] {dagbag.py:588} INFO - Filling up the DagBag from /Library/Frameworks/Python.framework/Versions/3.8/lib/python3.8/site-packages/airflow/example_dags/example_sla_dag.py
[2024-11-26T15:20:27.891-0600] {processor.py:925} INFO - DAG(s) 'example_sla_dag' retrieved from /Library/Frameworks/Python.framework/Versions/3.8/lib/python3.8/site-packages/airflow/example_dags/example_sla_dag.py
[2024-11-26T15:20:27.924-0600] {logging_mixin.py:190} INFO - [2024-11-26T15:20:27.924-0600] {dag.py:3239} INFO - Sync 1 DAGs
[2024-11-26T15:20:27.931-0600] {logging_mixin.py:190} INFO - [2024-11-26T15:20:27.931-0600] {dag.py:4180} INFO - Setting next_dagrun for example_sla_dag to 2024-11-26 21:18:00+00:00, run_after=2024-11-26 21:20:00+00:00
[2024-11-26T15:20:27.936-0600] {processor.py:208} INFO - Processing /Library/Frameworks/Python.framework/Versions/3.8/lib/python3.8/site-packages/airflow/example_dags/example_sla_dag.py took 0.059 seconds
[2024-11-26T15:21:33.874-0600] {processor.py:186} INFO - Started process (PID=22954) to work on /Library/Frameworks/Python.framework/Versions/3.8/lib/python3.8/site-packages/airflow/example_dags/example_sla_dag.py
[2024-11-26T15:21:33.874-0600] {processor.py:914} INFO - Processing file /Library/Frameworks/Python.framework/Versions/3.8/lib/python3.8/site-packages/airflow/example_dags/example_sla_dag.py for tasks to queue
[2024-11-26T15:21:33.875-0600] {logging_mixin.py:190} INFO - [2024-11-26T15:21:33.875-0600] {dagbag.py:588} INFO - Filling up the DagBag from /Library/Frameworks/Python.framework/Versions/3.8/lib/python3.8/site-packages/airflow/example_dags/example_sla_dag.py
[2024-11-26T15:21:33.887-0600] {processor.py:925} INFO - DAG(s) 'example_sla_dag' retrieved from /Library/Frameworks/Python.framework/Versions/3.8/lib/python3.8/site-packages/airflow/example_dags/example_sla_dag.py
[2024-11-26T15:21:33.922-0600] {logging_mixin.py:190} INFO - [2024-11-26T15:21:33.922-0600] {dag.py:3239} INFO - Sync 1 DAGs
[2024-11-26T15:21:33.928-0600] {logging_mixin.py:190} INFO - [2024-11-26T15:21:33.928-0600] {dag.py:4180} INFO - Setting next_dagrun for example_sla_dag to 2024-11-26 21:18:00+00:00, run_after=2024-11-26 21:20:00+00:00
[2024-11-26T15:21:33.934-0600] {processor.py:208} INFO - Processing /Library/Frameworks/Python.framework/Versions/3.8/lib/python3.8/site-packages/airflow/example_dags/example_sla_dag.py took 0.061 seconds
[2024-11-26T15:22:40.359-0600] {processor.py:186} INFO - Started process (PID=23086) to work on /Library/Frameworks/Python.framework/Versions/3.8/lib/python3.8/site-packages/airflow/example_dags/example_sla_dag.py
[2024-11-26T15:22:40.359-0600] {processor.py:914} INFO - Processing file /Library/Frameworks/Python.framework/Versions/3.8/lib/python3.8/site-packages/airflow/example_dags/example_sla_dag.py for tasks to queue
[2024-11-26T15:22:40.360-0600] {logging_mixin.py:190} INFO - [2024-11-26T15:22:40.360-0600] {dagbag.py:588} INFO - Filling up the DagBag from /Library/Frameworks/Python.framework/Versions/3.8/lib/python3.8/site-packages/airflow/example_dags/example_sla_dag.py
[2024-11-26T15:22:40.372-0600] {processor.py:925} INFO - DAG(s) 'example_sla_dag' retrieved from /Library/Frameworks/Python.framework/Versions/3.8/lib/python3.8/site-packages/airflow/example_dags/example_sla_dag.py
[2024-11-26T15:22:40.408-0600] {logging_mixin.py:190} INFO - [2024-11-26T15:22:40.408-0600] {dag.py:3239} INFO - Sync 1 DAGs
[2024-11-26T15:22:40.415-0600] {logging_mixin.py:190} INFO - [2024-11-26T15:22:40.415-0600] {dag.py:4180} INFO - Setting next_dagrun for example_sla_dag to 2024-11-26 21:20:00+00:00, run_after=2024-11-26 21:22:00+00:00
[2024-11-26T15:22:40.421-0600] {processor.py:208} INFO - Processing /Library/Frameworks/Python.framework/Versions/3.8/lib/python3.8/site-packages/airflow/example_dags/example_sla_dag.py took 0.063 seconds
[2024-11-26T15:23:48.995-0600] {processor.py:186} INFO - Started process (PID=23226) to work on /Library/Frameworks/Python.framework/Versions/3.8/lib/python3.8/site-packages/airflow/example_dags/example_sla_dag.py
[2024-11-26T15:23:48.996-0600] {processor.py:914} INFO - Processing file /Library/Frameworks/Python.framework/Versions/3.8/lib/python3.8/site-packages/airflow/example_dags/example_sla_dag.py for tasks to queue
[2024-11-26T15:23:48.996-0600] {logging_mixin.py:190} INFO - [2024-11-26T15:23:48.996-0600] {dagbag.py:588} INFO - Filling up the DagBag from /Library/Frameworks/Python.framework/Versions/3.8/lib/python3.8/site-packages/airflow/example_dags/example_sla_dag.py
[2024-11-26T15:23:49.008-0600] {processor.py:925} INFO - DAG(s) 'example_sla_dag' retrieved from /Library/Frameworks/Python.framework/Versions/3.8/lib/python3.8/site-packages/airflow/example_dags/example_sla_dag.py
[2024-11-26T15:23:49.043-0600] {logging_mixin.py:190} INFO - [2024-11-26T15:23:49.043-0600] {dag.py:3239} INFO - Sync 1 DAGs
[2024-11-26T15:23:49.050-0600] {logging_mixin.py:190} INFO - [2024-11-26T15:23:49.050-0600] {dag.py:4180} INFO - Setting next_dagrun for example_sla_dag to 2024-11-26 21:20:00+00:00, run_after=2024-11-26 21:22:00+00:00
[2024-11-26T15:23:49.055-0600] {processor.py:208} INFO - Processing /Library/Frameworks/Python.framework/Versions/3.8/lib/python3.8/site-packages/airflow/example_dags/example_sla_dag.py took 0.061 seconds
[2024-11-26T15:33:27.958-0600] {processor.py:186} INFO - Started process (PID=23469) to work on /Library/Frameworks/Python.framework/Versions/3.8/lib/python3.8/site-packages/airflow/example_dags/example_sla_dag.py
[2024-11-26T15:33:27.959-0600] {processor.py:914} INFO - Processing file /Library/Frameworks/Python.framework/Versions/3.8/lib/python3.8/site-packages/airflow/example_dags/example_sla_dag.py for tasks to queue
[2024-11-26T15:33:27.959-0600] {logging_mixin.py:190} INFO - [2024-11-26T15:33:27.959-0600] {dagbag.py:588} INFO - Filling up the DagBag from /Library/Frameworks/Python.framework/Versions/3.8/lib/python3.8/site-packages/airflow/example_dags/example_sla_dag.py
[2024-11-26T15:33:27.971-0600] {processor.py:925} INFO - DAG(s) 'example_sla_dag' retrieved from /Library/Frameworks/Python.framework/Versions/3.8/lib/python3.8/site-packages/airflow/example_dags/example_sla_dag.py
[2024-11-26T15:33:28.003-0600] {logging_mixin.py:190} INFO - [2024-11-26T15:33:28.003-0600] {dag.py:3239} INFO - Sync 1 DAGs
[2024-11-26T15:33:28.010-0600] {logging_mixin.py:190} INFO - [2024-11-26T15:33:28.010-0600] {dag.py:4180} INFO - Setting next_dagrun for example_sla_dag to 2024-11-26 21:30:00+00:00, run_after=2024-11-26 21:32:00+00:00
[2024-11-26T15:33:28.015-0600] {processor.py:208} INFO - Processing /Library/Frameworks/Python.framework/Versions/3.8/lib/python3.8/site-packages/airflow/example_dags/example_sla_dag.py took 0.059 seconds
[2024-11-26T15:35:06.910-0600] {processor.py:186} INFO - Started process (PID=23658) to work on /Library/Frameworks/Python.framework/Versions/3.8/lib/python3.8/site-packages/airflow/example_dags/example_sla_dag.py
[2024-11-26T15:35:06.910-0600] {processor.py:914} INFO - Processing file /Library/Frameworks/Python.framework/Versions/3.8/lib/python3.8/site-packages/airflow/example_dags/example_sla_dag.py for tasks to queue
[2024-11-26T15:35:06.910-0600] {logging_mixin.py:190} INFO - [2024-11-26T15:35:06.910-0600] {dagbag.py:588} INFO - Filling up the DagBag from /Library/Frameworks/Python.framework/Versions/3.8/lib/python3.8/site-packages/airflow/example_dags/example_sla_dag.py
[2024-11-26T15:35:06.924-0600] {processor.py:925} INFO - DAG(s) 'example_sla_dag' retrieved from /Library/Frameworks/Python.framework/Versions/3.8/lib/python3.8/site-packages/airflow/example_dags/example_sla_dag.py
[2024-11-26T15:35:06.960-0600] {logging_mixin.py:190} INFO - [2024-11-26T15:35:06.960-0600] {dag.py:3239} INFO - Sync 1 DAGs
[2024-11-26T15:35:06.968-0600] {logging_mixin.py:190} INFO - [2024-11-26T15:35:06.967-0600] {dag.py:4180} INFO - Setting next_dagrun for example_sla_dag to 2024-11-26 21:32:00+00:00, run_after=2024-11-26 21:34:00+00:00
[2024-11-26T15:35:06.973-0600] {processor.py:208} INFO - Processing /Library/Frameworks/Python.framework/Versions/3.8/lib/python3.8/site-packages/airflow/example_dags/example_sla_dag.py took 0.065 seconds
[2024-11-26T15:36:16.503-0600] {processor.py:186} INFO - Started process (PID=23787) to work on /Library/Frameworks/Python.framework/Versions/3.8/lib/python3.8/site-packages/airflow/example_dags/example_sla_dag.py
[2024-11-26T15:36:16.503-0600] {processor.py:914} INFO - Processing file /Library/Frameworks/Python.framework/Versions/3.8/lib/python3.8/site-packages/airflow/example_dags/example_sla_dag.py for tasks to queue
[2024-11-26T15:36:16.504-0600] {logging_mixin.py:190} INFO - [2024-11-26T15:36:16.503-0600] {dagbag.py:588} INFO - Filling up the DagBag from /Library/Frameworks/Python.framework/Versions/3.8/lib/python3.8/site-packages/airflow/example_dags/example_sla_dag.py
[2024-11-26T15:36:16.516-0600] {processor.py:925} INFO - DAG(s) 'example_sla_dag' retrieved from /Library/Frameworks/Python.framework/Versions/3.8/lib/python3.8/site-packages/airflow/example_dags/example_sla_dag.py
[2024-11-26T15:36:16.550-0600] {logging_mixin.py:190} INFO - [2024-11-26T15:36:16.550-0600] {dag.py:3239} INFO - Sync 1 DAGs
[2024-11-26T15:36:16.557-0600] {logging_mixin.py:190} INFO - [2024-11-26T15:36:16.557-0600] {dag.py:4180} INFO - Setting next_dagrun for example_sla_dag to 2024-11-26 21:34:00+00:00, run_after=2024-11-26 21:36:00+00:00
[2024-11-26T15:36:16.562-0600] {processor.py:208} INFO - Processing /Library/Frameworks/Python.framework/Versions/3.8/lib/python3.8/site-packages/airflow/example_dags/example_sla_dag.py took 0.061 seconds
[2024-11-26T15:37:23.115-0600] {processor.py:186} INFO - Started process (PID=23918) to work on /Library/Frameworks/Python.framework/Versions/3.8/lib/python3.8/site-packages/airflow/example_dags/example_sla_dag.py
[2024-11-26T15:37:23.115-0600] {processor.py:914} INFO - Processing file /Library/Frameworks/Python.framework/Versions/3.8/lib/python3.8/site-packages/airflow/example_dags/example_sla_dag.py for tasks to queue
[2024-11-26T15:37:23.115-0600] {logging_mixin.py:190} INFO - [2024-11-26T15:37:23.115-0600] {dagbag.py:588} INFO - Filling up the DagBag from /Library/Frameworks/Python.framework/Versions/3.8/lib/python3.8/site-packages/airflow/example_dags/example_sla_dag.py
[2024-11-26T15:37:23.127-0600] {processor.py:925} INFO - DAG(s) 'example_sla_dag' retrieved from /Library/Frameworks/Python.framework/Versions/3.8/lib/python3.8/site-packages/airflow/example_dags/example_sla_dag.py
[2024-11-26T15:37:23.161-0600] {logging_mixin.py:190} INFO - [2024-11-26T15:37:23.161-0600] {dag.py:3239} INFO - Sync 1 DAGs
[2024-11-26T15:37:23.167-0600] {logging_mixin.py:190} INFO - [2024-11-26T15:37:23.167-0600] {dag.py:4180} INFO - Setting next_dagrun for example_sla_dag to 2024-11-26 21:34:00+00:00, run_after=2024-11-26 21:36:00+00:00
[2024-11-26T15:37:23.173-0600] {processor.py:208} INFO - Processing /Library/Frameworks/Python.framework/Versions/3.8/lib/python3.8/site-packages/airflow/example_dags/example_sla_dag.py took 0.060 seconds
[2024-11-26T15:38:33.518-0600] {processor.py:186} INFO - Started process (PID=24045) to work on /Library/Frameworks/Python.framework/Versions/3.8/lib/python3.8/site-packages/airflow/example_dags/example_sla_dag.py
[2024-11-26T15:38:33.518-0600] {processor.py:914} INFO - Processing file /Library/Frameworks/Python.framework/Versions/3.8/lib/python3.8/site-packages/airflow/example_dags/example_sla_dag.py for tasks to queue
[2024-11-26T15:38:33.518-0600] {logging_mixin.py:190} INFO - [2024-11-26T15:38:33.518-0600] {dagbag.py:588} INFO - Filling up the DagBag from /Library/Frameworks/Python.framework/Versions/3.8/lib/python3.8/site-packages/airflow/example_dags/example_sla_dag.py
[2024-11-26T15:38:33.531-0600] {processor.py:925} INFO - DAG(s) 'example_sla_dag' retrieved from /Library/Frameworks/Python.framework/Versions/3.8/lib/python3.8/site-packages/airflow/example_dags/example_sla_dag.py
[2024-11-26T15:38:33.565-0600] {logging_mixin.py:190} INFO - [2024-11-26T15:38:33.565-0600] {dag.py:3239} INFO - Sync 1 DAGs
[2024-11-26T15:38:33.572-0600] {logging_mixin.py:190} INFO - [2024-11-26T15:38:33.572-0600] {dag.py:4180} INFO - Setting next_dagrun for example_sla_dag to 2024-11-26 21:36:00+00:00, run_after=2024-11-26 21:38:00+00:00
[2024-11-26T15:38:33.578-0600] {processor.py:208} INFO - Processing /Library/Frameworks/Python.framework/Versions/3.8/lib/python3.8/site-packages/airflow/example_dags/example_sla_dag.py took 0.062 seconds
[2024-11-26T15:40:46.127-0600] {processor.py:186} INFO - Started process (PID=24306) to work on /Library/Frameworks/Python.framework/Versions/3.8/lib/python3.8/site-packages/airflow/example_dags/example_sla_dag.py
[2024-11-26T15:40:46.128-0600] {processor.py:914} INFO - Processing file /Library/Frameworks/Python.framework/Versions/3.8/lib/python3.8/site-packages/airflow/example_dags/example_sla_dag.py for tasks to queue
[2024-11-26T15:40:46.129-0600] {logging_mixin.py:190} INFO - [2024-11-26T15:40:46.129-0600] {dagbag.py:588} INFO - Filling up the DagBag from /Library/Frameworks/Python.framework/Versions/3.8/lib/python3.8/site-packages/airflow/example_dags/example_sla_dag.py
[2024-11-26T15:40:46.141-0600] {processor.py:925} INFO - DAG(s) 'example_sla_dag' retrieved from /Library/Frameworks/Python.framework/Versions/3.8/lib/python3.8/site-packages/airflow/example_dags/example_sla_dag.py
[2024-11-26T15:40:46.175-0600] {logging_mixin.py:190} INFO - [2024-11-26T15:40:46.175-0600] {dag.py:3239} INFO - Sync 1 DAGs
[2024-11-26T15:40:46.181-0600] {logging_mixin.py:190} INFO - [2024-11-26T15:40:46.181-0600] {dag.py:4180} INFO - Setting next_dagrun for example_sla_dag to 2024-11-26 21:38:00+00:00, run_after=2024-11-26 21:40:00+00:00
[2024-11-26T15:40:46.187-0600] {processor.py:208} INFO - Processing /Library/Frameworks/Python.framework/Versions/3.8/lib/python3.8/site-packages/airflow/example_dags/example_sla_dag.py took 0.061 seconds
[2024-11-26T15:41:54.200-0600] {processor.py:186} INFO - Started process (PID=24427) to work on /Library/Frameworks/Python.framework/Versions/3.8/lib/python3.8/site-packages/airflow/example_dags/example_sla_dag.py
[2024-11-26T15:41:54.201-0600] {processor.py:914} INFO - Processing file /Library/Frameworks/Python.framework/Versions/3.8/lib/python3.8/site-packages/airflow/example_dags/example_sla_dag.py for tasks to queue
[2024-11-26T15:41:54.201-0600] {logging_mixin.py:190} INFO - [2024-11-26T15:41:54.201-0600] {dagbag.py:588} INFO - Filling up the DagBag from /Library/Frameworks/Python.framework/Versions/3.8/lib/python3.8/site-packages/airflow/example_dags/example_sla_dag.py
[2024-11-26T15:41:54.213-0600] {processor.py:925} INFO - DAG(s) 'example_sla_dag' retrieved from /Library/Frameworks/Python.framework/Versions/3.8/lib/python3.8/site-packages/airflow/example_dags/example_sla_dag.py
[2024-11-26T15:41:54.246-0600] {logging_mixin.py:190} INFO - [2024-11-26T15:41:54.246-0600] {dag.py:3239} INFO - Sync 1 DAGs
[2024-11-26T15:41:54.253-0600] {logging_mixin.py:190} INFO - [2024-11-26T15:41:54.253-0600] {dag.py:4180} INFO - Setting next_dagrun for example_sla_dag to 2024-11-26 21:38:00+00:00, run_after=2024-11-26 21:40:00+00:00
[2024-11-26T15:41:54.258-0600] {processor.py:208} INFO - Processing /Library/Frameworks/Python.framework/Versions/3.8/lib/python3.8/site-packages/airflow/example_dags/example_sla_dag.py took 0.059 seconds
[2024-11-26T15:43:01.113-0600] {processor.py:186} INFO - Started process (PID=24550) to work on /Library/Frameworks/Python.framework/Versions/3.8/lib/python3.8/site-packages/airflow/example_dags/example_sla_dag.py
[2024-11-26T15:43:01.113-0600] {processor.py:914} INFO - Processing file /Library/Frameworks/Python.framework/Versions/3.8/lib/python3.8/site-packages/airflow/example_dags/example_sla_dag.py for tasks to queue
[2024-11-26T15:43:01.113-0600] {logging_mixin.py:190} INFO - [2024-11-26T15:43:01.113-0600] {dagbag.py:588} INFO - Filling up the DagBag from /Library/Frameworks/Python.framework/Versions/3.8/lib/python3.8/site-packages/airflow/example_dags/example_sla_dag.py
[2024-11-26T15:43:01.125-0600] {processor.py:925} INFO - DAG(s) 'example_sla_dag' retrieved from /Library/Frameworks/Python.framework/Versions/3.8/lib/python3.8/site-packages/airflow/example_dags/example_sla_dag.py
[2024-11-26T15:43:01.158-0600] {logging_mixin.py:190} INFO - [2024-11-26T15:43:01.158-0600] {dag.py:3239} INFO - Sync 1 DAGs
[2024-11-26T15:43:01.165-0600] {logging_mixin.py:190} INFO - [2024-11-26T15:43:01.165-0600] {dag.py:4180} INFO - Setting next_dagrun for example_sla_dag to 2024-11-26 21:40:00+00:00, run_after=2024-11-26 21:42:00+00:00
[2024-11-26T15:43:01.170-0600] {processor.py:208} INFO - Processing /Library/Frameworks/Python.framework/Versions/3.8/lib/python3.8/site-packages/airflow/example_dags/example_sla_dag.py took 0.059 seconds
[2024-11-26T15:44:09.112-0600] {processor.py:186} INFO - Started process (PID=24679) to work on /Library/Frameworks/Python.framework/Versions/3.8/lib/python3.8/site-packages/airflow/example_dags/example_sla_dag.py
[2024-11-26T15:44:09.112-0600] {processor.py:914} INFO - Processing file /Library/Frameworks/Python.framework/Versions/3.8/lib/python3.8/site-packages/airflow/example_dags/example_sla_dag.py for tasks to queue
[2024-11-26T15:44:09.112-0600] {logging_mixin.py:190} INFO - [2024-11-26T15:44:09.112-0600] {dagbag.py:588} INFO - Filling up the DagBag from /Library/Frameworks/Python.framework/Versions/3.8/lib/python3.8/site-packages/airflow/example_dags/example_sla_dag.py
[2024-11-26T15:44:09.124-0600] {processor.py:925} INFO - DAG(s) 'example_sla_dag' retrieved from /Library/Frameworks/Python.framework/Versions/3.8/lib/python3.8/site-packages/airflow/example_dags/example_sla_dag.py
[2024-11-26T15:44:09.158-0600] {logging_mixin.py:190} INFO - [2024-11-26T15:44:09.158-0600] {dag.py:3239} INFO - Sync 1 DAGs
[2024-11-26T15:44:09.165-0600] {logging_mixin.py:190} INFO - [2024-11-26T15:44:09.165-0600] {dag.py:4180} INFO - Setting next_dagrun for example_sla_dag to 2024-11-26 21:42:00+00:00, run_after=2024-11-26 21:44:00+00:00
[2024-11-26T15:44:09.170-0600] {processor.py:208} INFO - Processing /Library/Frameworks/Python.framework/Versions/3.8/lib/python3.8/site-packages/airflow/example_dags/example_sla_dag.py took 0.060 seconds
[2024-11-26T15:45:19.204-0600] {processor.py:186} INFO - Started process (PID=24806) to work on /Library/Frameworks/Python.framework/Versions/3.8/lib/python3.8/site-packages/airflow/example_dags/example_sla_dag.py
[2024-11-26T15:45:19.205-0600] {processor.py:914} INFO - Processing file /Library/Frameworks/Python.framework/Versions/3.8/lib/python3.8/site-packages/airflow/example_dags/example_sla_dag.py for tasks to queue
[2024-11-26T15:45:19.206-0600] {logging_mixin.py:190} INFO - [2024-11-26T15:45:19.205-0600] {dagbag.py:588} INFO - Filling up the DagBag from /Library/Frameworks/Python.framework/Versions/3.8/lib/python3.8/site-packages/airflow/example_dags/example_sla_dag.py
[2024-11-26T15:45:19.219-0600] {processor.py:925} INFO - DAG(s) 'example_sla_dag' retrieved from /Library/Frameworks/Python.framework/Versions/3.8/lib/python3.8/site-packages/airflow/example_dags/example_sla_dag.py
[2024-11-26T15:45:19.254-0600] {logging_mixin.py:190} INFO - [2024-11-26T15:45:19.254-0600] {dag.py:3239} INFO - Sync 1 DAGs
[2024-11-26T15:45:19.261-0600] {logging_mixin.py:190} INFO - [2024-11-26T15:45:19.261-0600] {dag.py:4180} INFO - Setting next_dagrun for example_sla_dag to 2024-11-26 21:42:00+00:00, run_after=2024-11-26 21:44:00+00:00
[2024-11-26T15:45:19.266-0600] {processor.py:208} INFO - Processing /Library/Frameworks/Python.framework/Versions/3.8/lib/python3.8/site-packages/airflow/example_dags/example_sla_dag.py took 0.064 seconds
[2024-11-26T15:46:28.325-0600] {processor.py:186} INFO - Started process (PID=24931) to work on /Library/Frameworks/Python.framework/Versions/3.8/lib/python3.8/site-packages/airflow/example_dags/example_sla_dag.py
[2024-11-26T15:46:28.325-0600] {processor.py:914} INFO - Processing file /Library/Frameworks/Python.framework/Versions/3.8/lib/python3.8/site-packages/airflow/example_dags/example_sla_dag.py for tasks to queue
[2024-11-26T15:46:28.326-0600] {logging_mixin.py:190} INFO - [2024-11-26T15:46:28.326-0600] {dagbag.py:588} INFO - Filling up the DagBag from /Library/Frameworks/Python.framework/Versions/3.8/lib/python3.8/site-packages/airflow/example_dags/example_sla_dag.py
[2024-11-26T15:46:28.338-0600] {processor.py:925} INFO - DAG(s) 'example_sla_dag' retrieved from /Library/Frameworks/Python.framework/Versions/3.8/lib/python3.8/site-packages/airflow/example_dags/example_sla_dag.py
[2024-11-26T15:46:28.371-0600] {logging_mixin.py:190} INFO - [2024-11-26T15:46:28.371-0600] {dag.py:3239} INFO - Sync 1 DAGs
[2024-11-26T15:46:28.378-0600] {logging_mixin.py:190} INFO - [2024-11-26T15:46:28.378-0600] {dag.py:4180} INFO - Setting next_dagrun for example_sla_dag to 2024-11-26 21:44:00+00:00, run_after=2024-11-26 21:46:00+00:00
[2024-11-26T15:46:28.383-0600] {processor.py:208} INFO - Processing /Library/Frameworks/Python.framework/Versions/3.8/lib/python3.8/site-packages/airflow/example_dags/example_sla_dag.py took 0.060 seconds
[2024-11-26T15:48:38.725-0600] {processor.py:186} INFO - Started process (PID=25185) to work on /Library/Frameworks/Python.framework/Versions/3.8/lib/python3.8/site-packages/airflow/example_dags/example_sla_dag.py
[2024-11-26T15:48:38.726-0600] {processor.py:914} INFO - Processing file /Library/Frameworks/Python.framework/Versions/3.8/lib/python3.8/site-packages/airflow/example_dags/example_sla_dag.py for tasks to queue
[2024-11-26T15:48:38.727-0600] {logging_mixin.py:190} INFO - [2024-11-26T15:48:38.727-0600] {dagbag.py:588} INFO - Filling up the DagBag from /Library/Frameworks/Python.framework/Versions/3.8/lib/python3.8/site-packages/airflow/example_dags/example_sla_dag.py
[2024-11-26T15:48:38.739-0600] {processor.py:925} INFO - DAG(s) 'example_sla_dag' retrieved from /Library/Frameworks/Python.framework/Versions/3.8/lib/python3.8/site-packages/airflow/example_dags/example_sla_dag.py
[2024-11-26T15:48:38.774-0600] {logging_mixin.py:190} INFO - [2024-11-26T15:48:38.774-0600] {dag.py:3239} INFO - Sync 1 DAGs
[2024-11-26T15:48:38.782-0600] {logging_mixin.py:190} INFO - [2024-11-26T15:48:38.782-0600] {dag.py:4180} INFO - Setting next_dagrun for example_sla_dag to 2024-11-26 21:46:00+00:00, run_after=2024-11-26 21:48:00+00:00
[2024-11-26T15:48:38.787-0600] {processor.py:208} INFO - Processing /Library/Frameworks/Python.framework/Versions/3.8/lib/python3.8/site-packages/airflow/example_dags/example_sla_dag.py took 0.064 seconds
[2024-11-26T15:50:51.229-0600] {processor.py:186} INFO - Started process (PID=25444) to work on /Library/Frameworks/Python.framework/Versions/3.8/lib/python3.8/site-packages/airflow/example_dags/example_sla_dag.py
[2024-11-26T15:50:51.230-0600] {processor.py:914} INFO - Processing file /Library/Frameworks/Python.framework/Versions/3.8/lib/python3.8/site-packages/airflow/example_dags/example_sla_dag.py for tasks to queue
[2024-11-26T15:50:51.230-0600] {logging_mixin.py:190} INFO - [2024-11-26T15:50:51.230-0600] {dagbag.py:588} INFO - Filling up the DagBag from /Library/Frameworks/Python.framework/Versions/3.8/lib/python3.8/site-packages/airflow/example_dags/example_sla_dag.py
[2024-11-26T15:50:51.243-0600] {processor.py:925} INFO - DAG(s) 'example_sla_dag' retrieved from /Library/Frameworks/Python.framework/Versions/3.8/lib/python3.8/site-packages/airflow/example_dags/example_sla_dag.py
[2024-11-26T15:50:51.276-0600] {logging_mixin.py:190} INFO - [2024-11-26T15:50:51.276-0600] {dag.py:3239} INFO - Sync 1 DAGs
[2024-11-26T15:50:51.283-0600] {logging_mixin.py:190} INFO - [2024-11-26T15:50:51.283-0600] {dag.py:4180} INFO - Setting next_dagrun for example_sla_dag to 2024-11-26 21:48:00+00:00, run_after=2024-11-26 21:50:00+00:00
[2024-11-26T15:50:51.289-0600] {processor.py:208} INFO - Processing /Library/Frameworks/Python.framework/Versions/3.8/lib/python3.8/site-packages/airflow/example_dags/example_sla_dag.py took 0.061 seconds
[2024-11-26T15:52:02.133-0600] {processor.py:186} INFO - Started process (PID=25580) to work on /Library/Frameworks/Python.framework/Versions/3.8/lib/python3.8/site-packages/airflow/example_dags/example_sla_dag.py
[2024-11-26T15:52:02.134-0600] {processor.py:914} INFO - Processing file /Library/Frameworks/Python.framework/Versions/3.8/lib/python3.8/site-packages/airflow/example_dags/example_sla_dag.py for tasks to queue
[2024-11-26T15:52:02.135-0600] {logging_mixin.py:190} INFO - [2024-11-26T15:52:02.135-0600] {dagbag.py:588} INFO - Filling up the DagBag from /Library/Frameworks/Python.framework/Versions/3.8/lib/python3.8/site-packages/airflow/example_dags/example_sla_dag.py
[2024-11-26T15:52:02.147-0600] {processor.py:925} INFO - DAG(s) 'example_sla_dag' retrieved from /Library/Frameworks/Python.framework/Versions/3.8/lib/python3.8/site-packages/airflow/example_dags/example_sla_dag.py
[2024-11-26T15:52:02.183-0600] {logging_mixin.py:190} INFO - [2024-11-26T15:52:02.183-0600] {dag.py:3239} INFO - Sync 1 DAGs
[2024-11-26T15:52:02.190-0600] {logging_mixin.py:190} INFO - [2024-11-26T15:52:02.190-0600] {dag.py:4180} INFO - Setting next_dagrun for example_sla_dag to 2024-11-26 21:50:00+00:00, run_after=2024-11-26 21:52:00+00:00
[2024-11-26T15:52:02.196-0600] {processor.py:208} INFO - Processing /Library/Frameworks/Python.framework/Versions/3.8/lib/python3.8/site-packages/airflow/example_dags/example_sla_dag.py took 0.064 seconds
[2024-11-26T15:54:19.823-0600] {processor.py:186} INFO - Started process (PID=25829) to work on /Library/Frameworks/Python.framework/Versions/3.8/lib/python3.8/site-packages/airflow/example_dags/example_sla_dag.py
[2024-11-26T15:54:19.824-0600] {processor.py:914} INFO - Processing file /Library/Frameworks/Python.framework/Versions/3.8/lib/python3.8/site-packages/airflow/example_dags/example_sla_dag.py for tasks to queue
[2024-11-26T15:54:19.824-0600] {logging_mixin.py:190} INFO - [2024-11-26T15:54:19.824-0600] {dagbag.py:588} INFO - Filling up the DagBag from /Library/Frameworks/Python.framework/Versions/3.8/lib/python3.8/site-packages/airflow/example_dags/example_sla_dag.py
[2024-11-26T15:54:19.837-0600] {processor.py:925} INFO - DAG(s) 'example_sla_dag' retrieved from /Library/Frameworks/Python.framework/Versions/3.8/lib/python3.8/site-packages/airflow/example_dags/example_sla_dag.py
[2024-11-26T15:54:19.871-0600] {logging_mixin.py:190} INFO - [2024-11-26T15:54:19.871-0600] {dag.py:3239} INFO - Sync 1 DAGs
[2024-11-26T15:54:19.879-0600] {logging_mixin.py:190} INFO - [2024-11-26T15:54:19.879-0600] {dag.py:4180} INFO - Setting next_dagrun for example_sla_dag to 2024-11-26 21:52:00+00:00, run_after=2024-11-26 21:54:00+00:00
[2024-11-26T15:54:19.884-0600] {processor.py:208} INFO - Processing /Library/Frameworks/Python.framework/Versions/3.8/lib/python3.8/site-packages/airflow/example_dags/example_sla_dag.py took 0.063 seconds
[2024-11-26T15:55:29.040-0600] {processor.py:186} INFO - Started process (PID=25968) to work on /Library/Frameworks/Python.framework/Versions/3.8/lib/python3.8/site-packages/airflow/example_dags/example_sla_dag.py
[2024-11-26T15:55:29.041-0600] {processor.py:914} INFO - Processing file /Library/Frameworks/Python.framework/Versions/3.8/lib/python3.8/site-packages/airflow/example_dags/example_sla_dag.py for tasks to queue
[2024-11-26T15:55:29.041-0600] {logging_mixin.py:190} INFO - [2024-11-26T15:55:29.041-0600] {dagbag.py:588} INFO - Filling up the DagBag from /Library/Frameworks/Python.framework/Versions/3.8/lib/python3.8/site-packages/airflow/example_dags/example_sla_dag.py
[2024-11-26T15:55:29.054-0600] {processor.py:925} INFO - DAG(s) 'example_sla_dag' retrieved from /Library/Frameworks/Python.framework/Versions/3.8/lib/python3.8/site-packages/airflow/example_dags/example_sla_dag.py
[2024-11-26T15:55:29.087-0600] {logging_mixin.py:190} INFO - [2024-11-26T15:55:29.087-0600] {dag.py:3239} INFO - Sync 1 DAGs
[2024-11-26T15:55:29.096-0600] {logging_mixin.py:190} INFO - [2024-11-26T15:55:29.096-0600] {dag.py:4180} INFO - Setting next_dagrun for example_sla_dag to 2024-11-26 21:52:00+00:00, run_after=2024-11-26 21:54:00+00:00
[2024-11-26T15:55:29.101-0600] {processor.py:208} INFO - Processing /Library/Frameworks/Python.framework/Versions/3.8/lib/python3.8/site-packages/airflow/example_dags/example_sla_dag.py took 0.062 seconds
[2024-11-26T15:56:39.026-0600] {processor.py:186} INFO - Started process (PID=26148) to work on /Library/Frameworks/Python.framework/Versions/3.8/lib/python3.8/site-packages/airflow/example_dags/example_sla_dag.py
[2024-11-26T15:56:39.027-0600] {processor.py:914} INFO - Processing file /Library/Frameworks/Python.framework/Versions/3.8/lib/python3.8/site-packages/airflow/example_dags/example_sla_dag.py for tasks to queue
[2024-11-26T15:56:39.027-0600] {logging_mixin.py:190} INFO - [2024-11-26T15:56:39.027-0600] {dagbag.py:588} INFO - Filling up the DagBag from /Library/Frameworks/Python.framework/Versions/3.8/lib/python3.8/site-packages/airflow/example_dags/example_sla_dag.py
[2024-11-26T15:56:39.040-0600] {processor.py:925} INFO - DAG(s) 'example_sla_dag' retrieved from /Library/Frameworks/Python.framework/Versions/3.8/lib/python3.8/site-packages/airflow/example_dags/example_sla_dag.py
[2024-11-26T15:56:39.074-0600] {logging_mixin.py:190} INFO - [2024-11-26T15:56:39.074-0600] {dag.py:3239} INFO - Sync 1 DAGs
[2024-11-26T15:56:39.081-0600] {logging_mixin.py:190} INFO - [2024-11-26T15:56:39.080-0600] {dag.py:4180} INFO - Setting next_dagrun for example_sla_dag to 2024-11-26 21:54:00+00:00, run_after=2024-11-26 21:56:00+00:00
[2024-11-26T15:56:39.086-0600] {processor.py:208} INFO - Processing /Library/Frameworks/Python.framework/Versions/3.8/lib/python3.8/site-packages/airflow/example_dags/example_sla_dag.py took 0.061 seconds
[2024-11-26T15:57:50.149-0600] {processor.py:186} INFO - Started process (PID=26271) to work on /Library/Frameworks/Python.framework/Versions/3.8/lib/python3.8/site-packages/airflow/example_dags/example_sla_dag.py
[2024-11-26T15:57:50.149-0600] {processor.py:914} INFO - Processing file /Library/Frameworks/Python.framework/Versions/3.8/lib/python3.8/site-packages/airflow/example_dags/example_sla_dag.py for tasks to queue
[2024-11-26T15:57:50.150-0600] {logging_mixin.py:190} INFO - [2024-11-26T15:57:50.150-0600] {dagbag.py:588} INFO - Filling up the DagBag from /Library/Frameworks/Python.framework/Versions/3.8/lib/python3.8/site-packages/airflow/example_dags/example_sla_dag.py
[2024-11-26T15:57:50.163-0600] {processor.py:925} INFO - DAG(s) 'example_sla_dag' retrieved from /Library/Frameworks/Python.framework/Versions/3.8/lib/python3.8/site-packages/airflow/example_dags/example_sla_dag.py
[2024-11-26T15:57:50.197-0600] {logging_mixin.py:190} INFO - [2024-11-26T15:57:50.197-0600] {dag.py:3239} INFO - Sync 1 DAGs
[2024-11-26T15:57:50.203-0600] {logging_mixin.py:190} INFO - [2024-11-26T15:57:50.203-0600] {dag.py:4180} INFO - Setting next_dagrun for example_sla_dag to 2024-11-26 21:54:00+00:00, run_after=2024-11-26 21:56:00+00:00
[2024-11-26T15:57:50.216-0600] {processor.py:208} INFO - Processing /Library/Frameworks/Python.framework/Versions/3.8/lib/python3.8/site-packages/airflow/example_dags/example_sla_dag.py took 0.068 seconds
[2024-11-26T15:58:58.101-0600] {processor.py:186} INFO - Started process (PID=26415) to work on /Library/Frameworks/Python.framework/Versions/3.8/lib/python3.8/site-packages/airflow/example_dags/example_sla_dag.py
[2024-11-26T15:58:58.102-0600] {processor.py:914} INFO - Processing file /Library/Frameworks/Python.framework/Versions/3.8/lib/python3.8/site-packages/airflow/example_dags/example_sla_dag.py for tasks to queue
[2024-11-26T15:58:58.102-0600] {logging_mixin.py:190} INFO - [2024-11-26T15:58:58.102-0600] {dagbag.py:588} INFO - Filling up the DagBag from /Library/Frameworks/Python.framework/Versions/3.8/lib/python3.8/site-packages/airflow/example_dags/example_sla_dag.py
[2024-11-26T15:58:58.114-0600] {processor.py:925} INFO - DAG(s) 'example_sla_dag' retrieved from /Library/Frameworks/Python.framework/Versions/3.8/lib/python3.8/site-packages/airflow/example_dags/example_sla_dag.py
[2024-11-26T15:58:58.149-0600] {logging_mixin.py:190} INFO - [2024-11-26T15:58:58.148-0600] {dag.py:3239} INFO - Sync 1 DAGs
[2024-11-26T15:58:58.155-0600] {logging_mixin.py:190} INFO - [2024-11-26T15:58:58.155-0600] {dag.py:4180} INFO - Setting next_dagrun for example_sla_dag to 2024-11-26 21:56:00+00:00, run_after=2024-11-26 21:58:00+00:00
[2024-11-26T15:58:58.161-0600] {processor.py:208} INFO - Processing /Library/Frameworks/Python.framework/Versions/3.8/lib/python3.8/site-packages/airflow/example_dags/example_sla_dag.py took 0.061 seconds
[2024-11-26T16:00:04.473-0600] {processor.py:186} INFO - Started process (PID=26555) to work on /Library/Frameworks/Python.framework/Versions/3.8/lib/python3.8/site-packages/airflow/example_dags/example_sla_dag.py
[2024-11-26T16:00:04.473-0600] {processor.py:914} INFO - Processing file /Library/Frameworks/Python.framework/Versions/3.8/lib/python3.8/site-packages/airflow/example_dags/example_sla_dag.py for tasks to queue
[2024-11-26T16:00:04.473-0600] {logging_mixin.py:190} INFO - [2024-11-26T16:00:04.473-0600] {dagbag.py:588} INFO - Filling up the DagBag from /Library/Frameworks/Python.framework/Versions/3.8/lib/python3.8/site-packages/airflow/example_dags/example_sla_dag.py
[2024-11-26T16:00:04.486-0600] {processor.py:925} INFO - DAG(s) 'example_sla_dag' retrieved from /Library/Frameworks/Python.framework/Versions/3.8/lib/python3.8/site-packages/airflow/example_dags/example_sla_dag.py
[2024-11-26T16:00:04.519-0600] {logging_mixin.py:190} INFO - [2024-11-26T16:00:04.519-0600] {dag.py:3239} INFO - Sync 1 DAGs
[2024-11-26T16:00:04.526-0600] {logging_mixin.py:190} INFO - [2024-11-26T16:00:04.526-0600] {dag.py:4180} INFO - Setting next_dagrun for example_sla_dag to 2024-11-26 21:58:00+00:00, run_after=2024-11-26 22:00:00+00:00
[2024-11-26T16:00:04.531-0600] {processor.py:208} INFO - Processing /Library/Frameworks/Python.framework/Versions/3.8/lib/python3.8/site-packages/airflow/example_dags/example_sla_dag.py took 0.060 seconds
[2024-11-26T16:01:13.718-0600] {processor.py:186} INFO - Started process (PID=26680) to work on /Library/Frameworks/Python.framework/Versions/3.8/lib/python3.8/site-packages/airflow/example_dags/example_sla_dag.py
[2024-11-26T16:01:13.719-0600] {processor.py:914} INFO - Processing file /Library/Frameworks/Python.framework/Versions/3.8/lib/python3.8/site-packages/airflow/example_dags/example_sla_dag.py for tasks to queue
[2024-11-26T16:01:13.719-0600] {logging_mixin.py:190} INFO - [2024-11-26T16:01:13.719-0600] {dagbag.py:588} INFO - Filling up the DagBag from /Library/Frameworks/Python.framework/Versions/3.8/lib/python3.8/site-packages/airflow/example_dags/example_sla_dag.py
[2024-11-26T16:01:13.731-0600] {processor.py:925} INFO - DAG(s) 'example_sla_dag' retrieved from /Library/Frameworks/Python.framework/Versions/3.8/lib/python3.8/site-packages/airflow/example_dags/example_sla_dag.py
[2024-11-26T16:01:13.765-0600] {logging_mixin.py:190} INFO - [2024-11-26T16:01:13.765-0600] {dag.py:3239} INFO - Sync 1 DAGs
[2024-11-26T16:01:13.774-0600] {logging_mixin.py:190} INFO - [2024-11-26T16:01:13.774-0600] {dag.py:4180} INFO - Setting next_dagrun for example_sla_dag to 2024-11-26 21:58:00+00:00, run_after=2024-11-26 22:00:00+00:00
[2024-11-26T16:01:13.779-0600] {processor.py:208} INFO - Processing /Library/Frameworks/Python.framework/Versions/3.8/lib/python3.8/site-packages/airflow/example_dags/example_sla_dag.py took 0.062 seconds
[2024-11-26T16:03:25.227-0600] {processor.py:186} INFO - Started process (PID=26939) to work on /Library/Frameworks/Python.framework/Versions/3.8/lib/python3.8/site-packages/airflow/example_dags/example_sla_dag.py
[2024-11-26T16:03:25.228-0600] {processor.py:914} INFO - Processing file /Library/Frameworks/Python.framework/Versions/3.8/lib/python3.8/site-packages/airflow/example_dags/example_sla_dag.py for tasks to queue
[2024-11-26T16:03:25.228-0600] {logging_mixin.py:190} INFO - [2024-11-26T16:03:25.228-0600] {dagbag.py:588} INFO - Filling up the DagBag from /Library/Frameworks/Python.framework/Versions/3.8/lib/python3.8/site-packages/airflow/example_dags/example_sla_dag.py
[2024-11-26T16:03:25.240-0600] {processor.py:925} INFO - DAG(s) 'example_sla_dag' retrieved from /Library/Frameworks/Python.framework/Versions/3.8/lib/python3.8/site-packages/airflow/example_dags/example_sla_dag.py
[2024-11-26T16:03:25.275-0600] {logging_mixin.py:190} INFO - [2024-11-26T16:03:25.274-0600] {dag.py:3239} INFO - Sync 1 DAGs
[2024-11-26T16:03:25.282-0600] {logging_mixin.py:190} INFO - [2024-11-26T16:03:25.282-0600] {dag.py:4180} INFO - Setting next_dagrun for example_sla_dag to 2024-11-26 22:00:00+00:00, run_after=2024-11-26 22:02:00+00:00
[2024-11-26T16:03:25.287-0600] {processor.py:208} INFO - Processing /Library/Frameworks/Python.framework/Versions/3.8/lib/python3.8/site-packages/airflow/example_dags/example_sla_dag.py took 0.062 seconds
[2024-11-26T16:04:33.955-0600] {processor.py:186} INFO - Started process (PID=27060) to work on /Library/Frameworks/Python.framework/Versions/3.8/lib/python3.8/site-packages/airflow/example_dags/example_sla_dag.py
[2024-11-26T16:04:33.955-0600] {processor.py:914} INFO - Processing file /Library/Frameworks/Python.framework/Versions/3.8/lib/python3.8/site-packages/airflow/example_dags/example_sla_dag.py for tasks to queue
[2024-11-26T16:04:33.956-0600] {logging_mixin.py:190} INFO - [2024-11-26T16:04:33.956-0600] {dagbag.py:588} INFO - Filling up the DagBag from /Library/Frameworks/Python.framework/Versions/3.8/lib/python3.8/site-packages/airflow/example_dags/example_sla_dag.py
[2024-11-26T16:04:33.967-0600] {processor.py:925} INFO - DAG(s) 'example_sla_dag' retrieved from /Library/Frameworks/Python.framework/Versions/3.8/lib/python3.8/site-packages/airflow/example_dags/example_sla_dag.py
[2024-11-26T16:04:34.001-0600] {logging_mixin.py:190} INFO - [2024-11-26T16:04:34.001-0600] {dag.py:3239} INFO - Sync 1 DAGs
[2024-11-26T16:04:34.007-0600] {logging_mixin.py:190} INFO - [2024-11-26T16:04:34.007-0600] {dag.py:4180} INFO - Setting next_dagrun for example_sla_dag to 2024-11-26 22:02:00+00:00, run_after=2024-11-26 22:04:00+00:00
[2024-11-26T16:04:34.013-0600] {processor.py:208} INFO - Processing /Library/Frameworks/Python.framework/Versions/3.8/lib/python3.8/site-packages/airflow/example_dags/example_sla_dag.py took 0.059 seconds
[2024-11-26T16:05:41.620-0600] {processor.py:186} INFO - Started process (PID=27185) to work on /Library/Frameworks/Python.framework/Versions/3.8/lib/python3.8/site-packages/airflow/example_dags/example_sla_dag.py
[2024-11-26T16:05:41.620-0600] {processor.py:914} INFO - Processing file /Library/Frameworks/Python.framework/Versions/3.8/lib/python3.8/site-packages/airflow/example_dags/example_sla_dag.py for tasks to queue
[2024-11-26T16:05:41.620-0600] {logging_mixin.py:190} INFO - [2024-11-26T16:05:41.620-0600] {dagbag.py:588} INFO - Filling up the DagBag from /Library/Frameworks/Python.framework/Versions/3.8/lib/python3.8/site-packages/airflow/example_dags/example_sla_dag.py
[2024-11-26T16:05:41.632-0600] {processor.py:925} INFO - DAG(s) 'example_sla_dag' retrieved from /Library/Frameworks/Python.framework/Versions/3.8/lib/python3.8/site-packages/airflow/example_dags/example_sla_dag.py
[2024-11-26T16:05:41.666-0600] {logging_mixin.py:190} INFO - [2024-11-26T16:05:41.666-0600] {dag.py:3239} INFO - Sync 1 DAGs
[2024-11-26T16:05:41.673-0600] {logging_mixin.py:190} INFO - [2024-11-26T16:05:41.672-0600] {dag.py:4180} INFO - Setting next_dagrun for example_sla_dag to 2024-11-26 22:02:00+00:00, run_after=2024-11-26 22:04:00+00:00
[2024-11-26T16:05:41.678-0600] {processor.py:208} INFO - Processing /Library/Frameworks/Python.framework/Versions/3.8/lib/python3.8/site-packages/airflow/example_dags/example_sla_dag.py took 0.061 seconds
[2024-11-26T16:28:12.282-0600] {processor.py:186} INFO - Started process (PID=27313) to work on /Library/Frameworks/Python.framework/Versions/3.8/lib/python3.8/site-packages/airflow/example_dags/example_sla_dag.py
[2024-11-26T16:28:12.283-0600] {processor.py:914} INFO - Processing file /Library/Frameworks/Python.framework/Versions/3.8/lib/python3.8/site-packages/airflow/example_dags/example_sla_dag.py for tasks to queue
[2024-11-26T16:28:12.283-0600] {logging_mixin.py:190} INFO - [2024-11-26T16:28:12.283-0600] {dagbag.py:588} INFO - Filling up the DagBag from /Library/Frameworks/Python.framework/Versions/3.8/lib/python3.8/site-packages/airflow/example_dags/example_sla_dag.py
[2024-11-26T16:28:12.295-0600] {processor.py:925} INFO - DAG(s) 'example_sla_dag' retrieved from /Library/Frameworks/Python.framework/Versions/3.8/lib/python3.8/site-packages/airflow/example_dags/example_sla_dag.py
[2024-11-26T16:28:12.326-0600] {logging_mixin.py:190} INFO - [2024-11-26T16:28:12.326-0600] {dag.py:3239} INFO - Sync 1 DAGs
[2024-11-26T16:28:12.332-0600] {logging_mixin.py:190} INFO - [2024-11-26T16:28:12.332-0600] {dag.py:4180} INFO - Setting next_dagrun for example_sla_dag to 2024-11-26 22:26:00+00:00, run_after=2024-11-26 22:28:00+00:00
[2024-11-26T16:28:12.337-0600] {processor.py:208} INFO - Processing /Library/Frameworks/Python.framework/Versions/3.8/lib/python3.8/site-packages/airflow/example_dags/example_sla_dag.py took 0.056 seconds
[2024-11-26T17:19:21.970-0600] {processor.py:186} INFO - Started process (PID=27444) to work on /Library/Frameworks/Python.framework/Versions/3.8/lib/python3.8/site-packages/airflow/example_dags/example_sla_dag.py
[2024-11-26T17:19:21.971-0600] {processor.py:914} INFO - Processing file /Library/Frameworks/Python.framework/Versions/3.8/lib/python3.8/site-packages/airflow/example_dags/example_sla_dag.py for tasks to queue
[2024-11-26T17:19:21.971-0600] {logging_mixin.py:190} INFO - [2024-11-26T17:19:21.971-0600] {dagbag.py:588} INFO - Filling up the DagBag from /Library/Frameworks/Python.framework/Versions/3.8/lib/python3.8/site-packages/airflow/example_dags/example_sla_dag.py
[2024-11-26T17:19:21.983-0600] {processor.py:925} INFO - DAG(s) 'example_sla_dag' retrieved from /Library/Frameworks/Python.framework/Versions/3.8/lib/python3.8/site-packages/airflow/example_dags/example_sla_dag.py
[2024-11-26T17:19:22.014-0600] {logging_mixin.py:190} INFO - [2024-11-26T17:19:22.014-0600] {dag.py:3239} INFO - Sync 1 DAGs
[2024-11-26T17:19:22.020-0600] {logging_mixin.py:190} INFO - [2024-11-26T17:19:22.020-0600] {dag.py:4180} INFO - Setting next_dagrun for example_sla_dag to 2024-11-26 23:16:00+00:00, run_after=2024-11-26 23:18:00+00:00
[2024-11-26T17:19:22.025-0600] {processor.py:208} INFO - Processing /Library/Frameworks/Python.framework/Versions/3.8/lib/python3.8/site-packages/airflow/example_dags/example_sla_dag.py took 0.056 seconds
