[2024-11-26T14:18:08.631-0600] {processor.py:186} INFO - Started process (PID=17890) to work on /Users/beprathap/PycharmProjects/YouTube-airflow/airflow-venv/lib/python3.8/site-packages/airflow/example_dags/example_python_operator.py
[2024-11-26T14:18:08.632-0600] {processor.py:914} INFO - Processing file /Users/beprathap/PycharmProjects/YouTube-airflow/airflow-venv/lib/python3.8/site-packages/airflow/example_dags/example_python_operator.py for tasks to queue
[2024-11-26T14:18:08.632-0600] {logging_mixin.py:190} INFO - [2024-11-26T14:18:08.632-0600] {dagbag.py:588} INFO - Filling up the DagBag from /Users/beprathap/PycharmProjects/YouTube-airflow/airflow-venv/lib/python3.8/site-packages/airflow/example_dags/example_python_operator.py
[2024-11-26T14:18:08.639-0600] {logging_mixin.py:190} INFO - [2024-11-26T14:18:08.639-0600] {example_python_operator.py:93} WARNING - The virtalenv_python example task requires virtualenv, please install it.
[2024-11-26T14:18:08.640-0600] {processor.py:925} INFO - DAG(s) 'example_python_operator' retrieved from /Users/beprathap/PycharmProjects/YouTube-airflow/airflow-venv/lib/python3.8/site-packages/airflow/example_dags/example_python_operator.py
[2024-11-26T14:18:08.702-0600] {logging_mixin.py:190} INFO - [2024-11-26T14:18:08.702-0600] {override.py:1901} INFO - Created Permission View: can edit on DAG:example_python_operator
[2024-11-26T14:18:08.705-0600] {logging_mixin.py:190} INFO - [2024-11-26T14:18:08.704-0600] {override.py:1901} INFO - Created Permission View: can delete on DAG:example_python_operator
[2024-11-26T14:18:08.706-0600] {logging_mixin.py:190} INFO - [2024-11-26T14:18:08.706-0600] {override.py:1901} INFO - Created Permission View: can read on DAG:example_python_operator
[2024-11-26T14:18:08.708-0600] {logging_mixin.py:190} INFO - [2024-11-26T14:18:08.708-0600] {override.py:1901} INFO - Created Permission View: menu access on DAG Run:example_python_operator
[2024-11-26T14:18:08.710-0600] {logging_mixin.py:190} INFO - [2024-11-26T14:18:08.710-0600] {override.py:1901} INFO - Created Permission View: can delete on DAG Run:example_python_operator
[2024-11-26T14:18:08.711-0600] {logging_mixin.py:190} INFO - [2024-11-26T14:18:08.711-0600] {override.py:1901} INFO - Created Permission View: can read on DAG Run:example_python_operator
[2024-11-26T14:18:08.713-0600] {logging_mixin.py:190} INFO - [2024-11-26T14:18:08.713-0600] {override.py:1901} INFO - Created Permission View: can create on DAG Run:example_python_operator
[2024-11-26T14:18:08.713-0600] {logging_mixin.py:190} INFO - [2024-11-26T14:18:08.713-0600] {dag.py:3239} INFO - Sync 1 DAGs
[2024-11-26T14:18:08.717-0600] {logging_mixin.py:190} INFO - [2024-11-26T14:18:08.717-0600] {dag.py:3262} INFO - Creating ORM DAG for example_python_operator
[2024-11-26T14:18:08.717-0600] {logging_mixin.py:190} INFO - [2024-11-26T14:18:08.717-0600] {dag.py:4180} INFO - Setting next_dagrun for example_python_operator to None, run_after=None
[2024-11-26T14:18:08.722-0600] {processor.py:208} INFO - Processing /Users/beprathap/PycharmProjects/YouTube-airflow/airflow-venv/lib/python3.8/site-packages/airflow/example_dags/example_python_operator.py took 0.092 seconds
[2024-11-26T14:19:46.771-0600] {processor.py:186} INFO - Started process (PID=18073) to work on /Users/beprathap/PycharmProjects/YouTube-airflow/airflow-venv/lib/python3.8/site-packages/airflow/example_dags/example_python_operator.py
[2024-11-26T14:19:46.771-0600] {processor.py:914} INFO - Processing file /Users/beprathap/PycharmProjects/YouTube-airflow/airflow-venv/lib/python3.8/site-packages/airflow/example_dags/example_python_operator.py for tasks to queue
[2024-11-26T14:19:46.771-0600] {logging_mixin.py:190} INFO - [2024-11-26T14:19:46.771-0600] {dagbag.py:588} INFO - Filling up the DagBag from /Users/beprathap/PycharmProjects/YouTube-airflow/airflow-venv/lib/python3.8/site-packages/airflow/example_dags/example_python_operator.py
[2024-11-26T14:19:46.778-0600] {logging_mixin.py:190} INFO - [2024-11-26T14:19:46.778-0600] {example_python_operator.py:93} WARNING - The virtalenv_python example task requires virtualenv, please install it.
[2024-11-26T14:19:46.779-0600] {processor.py:925} INFO - DAG(s) 'example_python_operator' retrieved from /Users/beprathap/PycharmProjects/YouTube-airflow/airflow-venv/lib/python3.8/site-packages/airflow/example_dags/example_python_operator.py
[2024-11-26T14:19:46.813-0600] {logging_mixin.py:190} INFO - [2024-11-26T14:19:46.813-0600] {dag.py:3239} INFO - Sync 1 DAGs
[2024-11-26T14:19:46.817-0600] {logging_mixin.py:190} INFO - [2024-11-26T14:19:46.817-0600] {dag.py:4180} INFO - Setting next_dagrun for example_python_operator to None, run_after=None
[2024-11-26T14:19:46.822-0600] {processor.py:208} INFO - Processing /Users/beprathap/PycharmProjects/YouTube-airflow/airflow-venv/lib/python3.8/site-packages/airflow/example_dags/example_python_operator.py took 0.053 seconds
[2024-11-26T14:22:01.083-0600] {processor.py:186} INFO - Started process (PID=18330) to work on /Users/beprathap/PycharmProjects/YouTube-airflow/airflow-venv/lib/python3.8/site-packages/airflow/example_dags/example_python_operator.py
[2024-11-26T14:22:01.084-0600] {processor.py:914} INFO - Processing file /Users/beprathap/PycharmProjects/YouTube-airflow/airflow-venv/lib/python3.8/site-packages/airflow/example_dags/example_python_operator.py for tasks to queue
[2024-11-26T14:22:01.084-0600] {logging_mixin.py:190} INFO - [2024-11-26T14:22:01.084-0600] {dagbag.py:588} INFO - Filling up the DagBag from /Users/beprathap/PycharmProjects/YouTube-airflow/airflow-venv/lib/python3.8/site-packages/airflow/example_dags/example_python_operator.py
[2024-11-26T14:22:01.091-0600] {logging_mixin.py:190} INFO - [2024-11-26T14:22:01.091-0600] {example_python_operator.py:93} WARNING - The virtalenv_python example task requires virtualenv, please install it.
[2024-11-26T14:22:01.092-0600] {processor.py:925} INFO - DAG(s) 'example_python_operator' retrieved from /Users/beprathap/PycharmProjects/YouTube-airflow/airflow-venv/lib/python3.8/site-packages/airflow/example_dags/example_python_operator.py
[2024-11-26T14:22:01.125-0600] {logging_mixin.py:190} INFO - [2024-11-26T14:22:01.125-0600] {dag.py:3239} INFO - Sync 1 DAGs
[2024-11-26T14:22:01.128-0600] {logging_mixin.py:190} INFO - [2024-11-26T14:22:01.128-0600] {dag.py:4180} INFO - Setting next_dagrun for example_python_operator to None, run_after=None
[2024-11-26T14:22:01.134-0600] {processor.py:208} INFO - Processing /Users/beprathap/PycharmProjects/YouTube-airflow/airflow-venv/lib/python3.8/site-packages/airflow/example_dags/example_python_operator.py took 0.052 seconds
[2024-11-26T14:24:11.248-0600] {processor.py:186} INFO - Started process (PID=18598) to work on /Users/beprathap/PycharmProjects/YouTube-airflow/airflow-venv/lib/python3.8/site-packages/airflow/example_dags/example_python_operator.py
[2024-11-26T14:24:11.249-0600] {processor.py:914} INFO - Processing file /Users/beprathap/PycharmProjects/YouTube-airflow/airflow-venv/lib/python3.8/site-packages/airflow/example_dags/example_python_operator.py for tasks to queue
[2024-11-26T14:24:11.249-0600] {logging_mixin.py:190} INFO - [2024-11-26T14:24:11.249-0600] {dagbag.py:588} INFO - Filling up the DagBag from /Users/beprathap/PycharmProjects/YouTube-airflow/airflow-venv/lib/python3.8/site-packages/airflow/example_dags/example_python_operator.py
[2024-11-26T14:24:11.257-0600] {logging_mixin.py:190} INFO - [2024-11-26T14:24:11.257-0600] {example_python_operator.py:93} WARNING - The virtalenv_python example task requires virtualenv, please install it.
[2024-11-26T14:24:11.258-0600] {processor.py:925} INFO - DAG(s) 'example_python_operator' retrieved from /Users/beprathap/PycharmProjects/YouTube-airflow/airflow-venv/lib/python3.8/site-packages/airflow/example_dags/example_python_operator.py
[2024-11-26T14:24:11.294-0600] {logging_mixin.py:190} INFO - [2024-11-26T14:24:11.294-0600] {dag.py:3239} INFO - Sync 1 DAGs
[2024-11-26T14:24:11.298-0600] {logging_mixin.py:190} INFO - [2024-11-26T14:24:11.298-0600] {dag.py:4180} INFO - Setting next_dagrun for example_python_operator to None, run_after=None
[2024-11-26T14:24:11.303-0600] {processor.py:208} INFO - Processing /Users/beprathap/PycharmProjects/YouTube-airflow/airflow-venv/lib/python3.8/site-packages/airflow/example_dags/example_python_operator.py took 0.057 seconds
[2024-11-26T14:26:19.997-0600] {processor.py:186} INFO - Started process (PID=18847) to work on /Users/beprathap/PycharmProjects/YouTube-airflow/airflow-venv/lib/python3.8/site-packages/airflow/example_dags/example_python_operator.py
[2024-11-26T14:26:19.998-0600] {processor.py:914} INFO - Processing file /Users/beprathap/PycharmProjects/YouTube-airflow/airflow-venv/lib/python3.8/site-packages/airflow/example_dags/example_python_operator.py for tasks to queue
[2024-11-26T14:26:19.999-0600] {logging_mixin.py:190} INFO - [2024-11-26T14:26:19.999-0600] {dagbag.py:588} INFO - Filling up the DagBag from /Users/beprathap/PycharmProjects/YouTube-airflow/airflow-venv/lib/python3.8/site-packages/airflow/example_dags/example_python_operator.py
[2024-11-26T14:26:20.006-0600] {logging_mixin.py:190} INFO - [2024-11-26T14:26:20.006-0600] {example_python_operator.py:93} WARNING - The virtalenv_python example task requires virtualenv, please install it.
[2024-11-26T14:26:20.007-0600] {processor.py:925} INFO - DAG(s) 'example_python_operator' retrieved from /Users/beprathap/PycharmProjects/YouTube-airflow/airflow-venv/lib/python3.8/site-packages/airflow/example_dags/example_python_operator.py
[2024-11-26T14:26:20.041-0600] {logging_mixin.py:190} INFO - [2024-11-26T14:26:20.041-0600] {dag.py:3239} INFO - Sync 1 DAGs
[2024-11-26T14:26:20.045-0600] {logging_mixin.py:190} INFO - [2024-11-26T14:26:20.045-0600] {dag.py:4180} INFO - Setting next_dagrun for example_python_operator to None, run_after=None
[2024-11-26T14:26:20.050-0600] {processor.py:208} INFO - Processing /Users/beprathap/PycharmProjects/YouTube-airflow/airflow-venv/lib/python3.8/site-packages/airflow/example_dags/example_python_operator.py took 0.054 seconds
[2024-11-26T14:28:26.374-0600] {processor.py:186} INFO - Started process (PID=19076) to work on /Users/beprathap/PycharmProjects/YouTube-airflow/airflow-venv/lib/python3.8/site-packages/airflow/example_dags/example_python_operator.py
[2024-11-26T14:28:26.374-0600] {processor.py:914} INFO - Processing file /Users/beprathap/PycharmProjects/YouTube-airflow/airflow-venv/lib/python3.8/site-packages/airflow/example_dags/example_python_operator.py for tasks to queue
[2024-11-26T14:28:26.374-0600] {logging_mixin.py:190} INFO - [2024-11-26T14:28:26.374-0600] {dagbag.py:588} INFO - Filling up the DagBag from /Users/beprathap/PycharmProjects/YouTube-airflow/airflow-venv/lib/python3.8/site-packages/airflow/example_dags/example_python_operator.py
[2024-11-26T14:28:26.381-0600] {logging_mixin.py:190} INFO - [2024-11-26T14:28:26.381-0600] {example_python_operator.py:93} WARNING - The virtalenv_python example task requires virtualenv, please install it.
[2024-11-26T14:28:26.383-0600] {processor.py:925} INFO - DAG(s) 'example_python_operator' retrieved from /Users/beprathap/PycharmProjects/YouTube-airflow/airflow-venv/lib/python3.8/site-packages/airflow/example_dags/example_python_operator.py
[2024-11-26T14:28:26.416-0600] {logging_mixin.py:190} INFO - [2024-11-26T14:28:26.416-0600] {dag.py:3239} INFO - Sync 1 DAGs
[2024-11-26T14:28:26.419-0600] {logging_mixin.py:190} INFO - [2024-11-26T14:28:26.419-0600] {dag.py:4180} INFO - Setting next_dagrun for example_python_operator to None, run_after=None
[2024-11-26T14:28:26.425-0600] {processor.py:208} INFO - Processing /Users/beprathap/PycharmProjects/YouTube-airflow/airflow-venv/lib/python3.8/site-packages/airflow/example_dags/example_python_operator.py took 0.052 seconds
[2024-11-26T14:36:31.094-0600] {processor.py:186} INFO - Started process (PID=19568) to work on /Users/beprathap/PycharmProjects/YouTube-airflow/airflow-venv/lib/python3.8/site-packages/airflow/example_dags/example_python_operator.py
[2024-11-26T14:36:31.095-0600] {processor.py:914} INFO - Processing file /Users/beprathap/PycharmProjects/YouTube-airflow/airflow-venv/lib/python3.8/site-packages/airflow/example_dags/example_python_operator.py for tasks to queue
[2024-11-26T14:36:31.095-0600] {logging_mixin.py:190} INFO - [2024-11-26T14:36:31.095-0600] {dagbag.py:588} INFO - Filling up the DagBag from /Users/beprathap/PycharmProjects/YouTube-airflow/airflow-venv/lib/python3.8/site-packages/airflow/example_dags/example_python_operator.py
[2024-11-26T14:36:31.102-0600] {logging_mixin.py:190} INFO - [2024-11-26T14:36:31.102-0600] {example_python_operator.py:93} WARNING - The virtalenv_python example task requires virtualenv, please install it.
[2024-11-26T14:36:31.104-0600] {processor.py:925} INFO - DAG(s) 'example_python_operator' retrieved from /Users/beprathap/PycharmProjects/YouTube-airflow/airflow-venv/lib/python3.8/site-packages/airflow/example_dags/example_python_operator.py
[2024-11-26T14:36:31.138-0600] {logging_mixin.py:190} INFO - [2024-11-26T14:36:31.138-0600] {dag.py:3239} INFO - Sync 1 DAGs
[2024-11-26T14:36:31.141-0600] {logging_mixin.py:190} INFO - [2024-11-26T14:36:31.141-0600] {dag.py:4180} INFO - Setting next_dagrun for example_python_operator to None, run_after=None
[2024-11-26T14:36:31.146-0600] {processor.py:208} INFO - Processing /Users/beprathap/PycharmProjects/YouTube-airflow/airflow-venv/lib/python3.8/site-packages/airflow/example_dags/example_python_operator.py took 0.054 seconds
[2024-11-26T14:38:10.976-0600] {processor.py:186} INFO - Started process (PID=19741) to work on /Users/beprathap/PycharmProjects/YouTube-airflow/airflow-venv/lib/python3.8/site-packages/airflow/example_dags/example_python_operator.py
[2024-11-26T14:38:10.976-0600] {processor.py:914} INFO - Processing file /Users/beprathap/PycharmProjects/YouTube-airflow/airflow-venv/lib/python3.8/site-packages/airflow/example_dags/example_python_operator.py for tasks to queue
[2024-11-26T14:38:10.977-0600] {logging_mixin.py:190} INFO - [2024-11-26T14:38:10.977-0600] {dagbag.py:588} INFO - Filling up the DagBag from /Users/beprathap/PycharmProjects/YouTube-airflow/airflow-venv/lib/python3.8/site-packages/airflow/example_dags/example_python_operator.py
[2024-11-26T14:38:10.984-0600] {logging_mixin.py:190} INFO - [2024-11-26T14:38:10.984-0600] {example_python_operator.py:93} WARNING - The virtalenv_python example task requires virtualenv, please install it.
[2024-11-26T14:38:10.985-0600] {processor.py:925} INFO - DAG(s) 'example_python_operator' retrieved from /Users/beprathap/PycharmProjects/YouTube-airflow/airflow-venv/lib/python3.8/site-packages/airflow/example_dags/example_python_operator.py
[2024-11-26T14:38:11.019-0600] {logging_mixin.py:190} INFO - [2024-11-26T14:38:11.019-0600] {dag.py:3239} INFO - Sync 1 DAGs
[2024-11-26T14:38:11.022-0600] {logging_mixin.py:190} INFO - [2024-11-26T14:38:11.022-0600] {dag.py:4180} INFO - Setting next_dagrun for example_python_operator to None, run_after=None
[2024-11-26T14:38:11.027-0600] {processor.py:208} INFO - Processing /Users/beprathap/PycharmProjects/YouTube-airflow/airflow-venv/lib/python3.8/site-packages/airflow/example_dags/example_python_operator.py took 0.053 seconds
[2024-11-26T14:40:28.670-0600] {processor.py:186} INFO - Started process (PID=20008) to work on /Users/beprathap/PycharmProjects/YouTube-airflow/airflow-venv/lib/python3.8/site-packages/airflow/example_dags/example_python_operator.py
[2024-11-26T14:40:28.671-0600] {processor.py:914} INFO - Processing file /Users/beprathap/PycharmProjects/YouTube-airflow/airflow-venv/lib/python3.8/site-packages/airflow/example_dags/example_python_operator.py for tasks to queue
[2024-11-26T14:40:28.671-0600] {logging_mixin.py:190} INFO - [2024-11-26T14:40:28.671-0600] {dagbag.py:588} INFO - Filling up the DagBag from /Users/beprathap/PycharmProjects/YouTube-airflow/airflow-venv/lib/python3.8/site-packages/airflow/example_dags/example_python_operator.py
[2024-11-26T14:40:28.678-0600] {logging_mixin.py:190} INFO - [2024-11-26T14:40:28.678-0600] {example_python_operator.py:93} WARNING - The virtalenv_python example task requires virtualenv, please install it.
[2024-11-26T14:40:28.679-0600] {processor.py:925} INFO - DAG(s) 'example_python_operator' retrieved from /Users/beprathap/PycharmProjects/YouTube-airflow/airflow-venv/lib/python3.8/site-packages/airflow/example_dags/example_python_operator.py
[2024-11-26T14:40:28.714-0600] {logging_mixin.py:190} INFO - [2024-11-26T14:40:28.714-0600] {dag.py:3239} INFO - Sync 1 DAGs
[2024-11-26T14:40:28.718-0600] {logging_mixin.py:190} INFO - [2024-11-26T14:40:28.717-0600] {dag.py:4180} INFO - Setting next_dagrun for example_python_operator to None, run_after=None
[2024-11-26T14:40:28.723-0600] {processor.py:208} INFO - Processing /Users/beprathap/PycharmProjects/YouTube-airflow/airflow-venv/lib/python3.8/site-packages/airflow/example_dags/example_python_operator.py took 0.054 seconds
[2024-11-26T14:42:38.285-0600] {processor.py:186} INFO - Started process (PID=20243) to work on /Users/beprathap/PycharmProjects/YouTube-airflow/airflow-venv/lib/python3.8/site-packages/airflow/example_dags/example_python_operator.py
[2024-11-26T14:42:38.285-0600] {processor.py:914} INFO - Processing file /Users/beprathap/PycharmProjects/YouTube-airflow/airflow-venv/lib/python3.8/site-packages/airflow/example_dags/example_python_operator.py for tasks to queue
[2024-11-26T14:42:38.285-0600] {logging_mixin.py:190} INFO - [2024-11-26T14:42:38.285-0600] {dagbag.py:588} INFO - Filling up the DagBag from /Users/beprathap/PycharmProjects/YouTube-airflow/airflow-venv/lib/python3.8/site-packages/airflow/example_dags/example_python_operator.py
[2024-11-26T14:42:38.293-0600] {logging_mixin.py:190} INFO - [2024-11-26T14:42:38.293-0600] {example_python_operator.py:93} WARNING - The virtalenv_python example task requires virtualenv, please install it.
[2024-11-26T14:42:38.294-0600] {processor.py:925} INFO - DAG(s) 'example_python_operator' retrieved from /Users/beprathap/PycharmProjects/YouTube-airflow/airflow-venv/lib/python3.8/site-packages/airflow/example_dags/example_python_operator.py
[2024-11-26T14:42:38.327-0600] {logging_mixin.py:190} INFO - [2024-11-26T14:42:38.327-0600] {dag.py:3239} INFO - Sync 1 DAGs
[2024-11-26T14:42:38.330-0600] {logging_mixin.py:190} INFO - [2024-11-26T14:42:38.330-0600] {dag.py:4180} INFO - Setting next_dagrun for example_python_operator to None, run_after=None
[2024-11-26T14:42:38.336-0600] {processor.py:208} INFO - Processing /Users/beprathap/PycharmProjects/YouTube-airflow/airflow-venv/lib/python3.8/site-packages/airflow/example_dags/example_python_operator.py took 0.052 seconds
[2024-11-26T14:44:51.138-0600] {processor.py:186} INFO - Started process (PID=20506) to work on /Users/beprathap/PycharmProjects/YouTube-airflow/airflow-venv/lib/python3.8/site-packages/airflow/example_dags/example_python_operator.py
[2024-11-26T14:44:51.138-0600] {processor.py:914} INFO - Processing file /Users/beprathap/PycharmProjects/YouTube-airflow/airflow-venv/lib/python3.8/site-packages/airflow/example_dags/example_python_operator.py for tasks to queue
[2024-11-26T14:44:51.138-0600] {logging_mixin.py:190} INFO - [2024-11-26T14:44:51.138-0600] {dagbag.py:588} INFO - Filling up the DagBag from /Users/beprathap/PycharmProjects/YouTube-airflow/airflow-venv/lib/python3.8/site-packages/airflow/example_dags/example_python_operator.py
[2024-11-26T14:44:51.146-0600] {logging_mixin.py:190} INFO - [2024-11-26T14:44:51.146-0600] {example_python_operator.py:93} WARNING - The virtalenv_python example task requires virtualenv, please install it.
[2024-11-26T14:44:51.147-0600] {processor.py:925} INFO - DAG(s) 'example_python_operator' retrieved from /Users/beprathap/PycharmProjects/YouTube-airflow/airflow-venv/lib/python3.8/site-packages/airflow/example_dags/example_python_operator.py
[2024-11-26T14:44:51.182-0600] {logging_mixin.py:190} INFO - [2024-11-26T14:44:51.182-0600] {dag.py:3239} INFO - Sync 1 DAGs
[2024-11-26T14:44:51.185-0600] {logging_mixin.py:190} INFO - [2024-11-26T14:44:51.185-0600] {dag.py:4180} INFO - Setting next_dagrun for example_python_operator to None, run_after=None
[2024-11-26T14:44:51.191-0600] {processor.py:208} INFO - Processing /Users/beprathap/PycharmProjects/YouTube-airflow/airflow-venv/lib/python3.8/site-packages/airflow/example_dags/example_python_operator.py took 0.055 seconds
[2024-11-26T14:47:00.112-0600] {processor.py:186} INFO - Started process (PID=20757) to work on /Users/beprathap/PycharmProjects/YouTube-airflow/airflow-venv/lib/python3.8/site-packages/airflow/example_dags/example_python_operator.py
[2024-11-26T14:47:00.112-0600] {processor.py:914} INFO - Processing file /Users/beprathap/PycharmProjects/YouTube-airflow/airflow-venv/lib/python3.8/site-packages/airflow/example_dags/example_python_operator.py for tasks to queue
[2024-11-26T14:47:00.113-0600] {logging_mixin.py:190} INFO - [2024-11-26T14:47:00.113-0600] {dagbag.py:588} INFO - Filling up the DagBag from /Users/beprathap/PycharmProjects/YouTube-airflow/airflow-venv/lib/python3.8/site-packages/airflow/example_dags/example_python_operator.py
[2024-11-26T14:47:00.120-0600] {logging_mixin.py:190} INFO - [2024-11-26T14:47:00.120-0600] {example_python_operator.py:93} WARNING - The virtalenv_python example task requires virtualenv, please install it.
[2024-11-26T14:47:00.121-0600] {processor.py:925} INFO - DAG(s) 'example_python_operator' retrieved from /Users/beprathap/PycharmProjects/YouTube-airflow/airflow-venv/lib/python3.8/site-packages/airflow/example_dags/example_python_operator.py
[2024-11-26T14:47:00.155-0600] {logging_mixin.py:190} INFO - [2024-11-26T14:47:00.155-0600] {dag.py:3239} INFO - Sync 1 DAGs
[2024-11-26T14:47:00.159-0600] {logging_mixin.py:190} INFO - [2024-11-26T14:47:00.159-0600] {dag.py:4180} INFO - Setting next_dagrun for example_python_operator to None, run_after=None
[2024-11-26T14:47:00.164-0600] {processor.py:208} INFO - Processing /Users/beprathap/PycharmProjects/YouTube-airflow/airflow-venv/lib/python3.8/site-packages/airflow/example_dags/example_python_operator.py took 0.053 seconds
[2024-11-26T14:49:20.622-0600] {processor.py:186} INFO - Started process (PID=21024) to work on /Users/beprathap/PycharmProjects/YouTube-airflow/airflow-venv/lib/python3.8/site-packages/airflow/example_dags/example_python_operator.py
[2024-11-26T14:49:20.622-0600] {processor.py:914} INFO - Processing file /Users/beprathap/PycharmProjects/YouTube-airflow/airflow-venv/lib/python3.8/site-packages/airflow/example_dags/example_python_operator.py for tasks to queue
[2024-11-26T14:49:20.623-0600] {logging_mixin.py:190} INFO - [2024-11-26T14:49:20.623-0600] {dagbag.py:588} INFO - Filling up the DagBag from /Users/beprathap/PycharmProjects/YouTube-airflow/airflow-venv/lib/python3.8/site-packages/airflow/example_dags/example_python_operator.py
[2024-11-26T14:49:20.630-0600] {logging_mixin.py:190} INFO - [2024-11-26T14:49:20.630-0600] {example_python_operator.py:93} WARNING - The virtalenv_python example task requires virtualenv, please install it.
[2024-11-26T14:49:20.631-0600] {processor.py:925} INFO - DAG(s) 'example_python_operator' retrieved from /Users/beprathap/PycharmProjects/YouTube-airflow/airflow-venv/lib/python3.8/site-packages/airflow/example_dags/example_python_operator.py
[2024-11-26T14:49:20.666-0600] {logging_mixin.py:190} INFO - [2024-11-26T14:49:20.666-0600] {dag.py:3239} INFO - Sync 1 DAGs
[2024-11-26T14:49:20.670-0600] {logging_mixin.py:190} INFO - [2024-11-26T14:49:20.670-0600] {dag.py:4180} INFO - Setting next_dagrun for example_python_operator to None, run_after=None
[2024-11-26T14:49:20.675-0600] {processor.py:208} INFO - Processing /Users/beprathap/PycharmProjects/YouTube-airflow/airflow-venv/lib/python3.8/site-packages/airflow/example_dags/example_python_operator.py took 0.055 seconds
[2024-11-26T15:01:47.847-0600] {processor.py:186} INFO - Started process (PID=21383) to work on /Library/Frameworks/Python.framework/Versions/3.8/lib/python3.8/site-packages/airflow/example_dags/example_python_operator.py
[2024-11-26T15:01:47.848-0600] {processor.py:914} INFO - Processing file /Library/Frameworks/Python.framework/Versions/3.8/lib/python3.8/site-packages/airflow/example_dags/example_python_operator.py for tasks to queue
[2024-11-26T15:01:47.848-0600] {logging_mixin.py:190} INFO - [2024-11-26T15:01:47.848-0600] {dagbag.py:588} INFO - Filling up the DagBag from /Library/Frameworks/Python.framework/Versions/3.8/lib/python3.8/site-packages/airflow/example_dags/example_python_operator.py
[2024-11-26T15:01:47.855-0600] {logging_mixin.py:190} INFO - [2024-11-26T15:01:47.855-0600] {example_python_operator.py:93} WARNING - The virtalenv_python example task requires virtualenv, please install it.
[2024-11-26T15:01:47.856-0600] {processor.py:925} INFO - DAG(s) 'example_python_operator' retrieved from /Library/Frameworks/Python.framework/Versions/3.8/lib/python3.8/site-packages/airflow/example_dags/example_python_operator.py
[2024-11-26T15:01:47.922-0600] {logging_mixin.py:190} INFO - [2024-11-26T15:01:47.922-0600] {dag.py:3239} INFO - Sync 1 DAGs
[2024-11-26T15:01:47.926-0600] {logging_mixin.py:190} INFO - [2024-11-26T15:01:47.926-0600] {dag.py:4180} INFO - Setting next_dagrun for example_python_operator to None, run_after=None
[2024-11-26T15:01:47.932-0600] {processor.py:208} INFO - Processing /Library/Frameworks/Python.framework/Versions/3.8/lib/python3.8/site-packages/airflow/example_dags/example_python_operator.py took 0.087 seconds
[2024-11-26T15:03:30.558-0600] {processor.py:186} INFO - Started process (PID=21579) to work on /Library/Frameworks/Python.framework/Versions/3.8/lib/python3.8/site-packages/airflow/example_dags/example_python_operator.py
[2024-11-26T15:03:30.559-0600] {processor.py:914} INFO - Processing file /Library/Frameworks/Python.framework/Versions/3.8/lib/python3.8/site-packages/airflow/example_dags/example_python_operator.py for tasks to queue
[2024-11-26T15:03:30.559-0600] {logging_mixin.py:190} INFO - [2024-11-26T15:03:30.559-0600] {dagbag.py:588} INFO - Filling up the DagBag from /Library/Frameworks/Python.framework/Versions/3.8/lib/python3.8/site-packages/airflow/example_dags/example_python_operator.py
[2024-11-26T15:03:30.566-0600] {logging_mixin.py:190} INFO - [2024-11-26T15:03:30.566-0600] {example_python_operator.py:93} WARNING - The virtalenv_python example task requires virtualenv, please install it.
[2024-11-26T15:03:30.567-0600] {processor.py:925} INFO - DAG(s) 'example_python_operator' retrieved from /Library/Frameworks/Python.framework/Versions/3.8/lib/python3.8/site-packages/airflow/example_dags/example_python_operator.py
[2024-11-26T15:03:30.601-0600] {logging_mixin.py:190} INFO - [2024-11-26T15:03:30.600-0600] {dag.py:3239} INFO - Sync 1 DAGs
[2024-11-26T15:03:30.604-0600] {logging_mixin.py:190} INFO - [2024-11-26T15:03:30.604-0600] {dag.py:4180} INFO - Setting next_dagrun for example_python_operator to None, run_after=None
[2024-11-26T15:03:30.609-0600] {processor.py:208} INFO - Processing /Library/Frameworks/Python.framework/Versions/3.8/lib/python3.8/site-packages/airflow/example_dags/example_python_operator.py took 0.052 seconds
[2024-11-26T15:05:48.610-0600] {processor.py:186} INFO - Started process (PID=21826) to work on /Library/Frameworks/Python.framework/Versions/3.8/lib/python3.8/site-packages/airflow/example_dags/example_python_operator.py
[2024-11-26T15:05:48.610-0600] {processor.py:914} INFO - Processing file /Library/Frameworks/Python.framework/Versions/3.8/lib/python3.8/site-packages/airflow/example_dags/example_python_operator.py for tasks to queue
[2024-11-26T15:05:48.610-0600] {logging_mixin.py:190} INFO - [2024-11-26T15:05:48.610-0600] {dagbag.py:588} INFO - Filling up the DagBag from /Library/Frameworks/Python.framework/Versions/3.8/lib/python3.8/site-packages/airflow/example_dags/example_python_operator.py
[2024-11-26T15:05:48.617-0600] {logging_mixin.py:190} INFO - [2024-11-26T15:05:48.617-0600] {example_python_operator.py:93} WARNING - The virtalenv_python example task requires virtualenv, please install it.
[2024-11-26T15:05:48.618-0600] {processor.py:925} INFO - DAG(s) 'example_python_operator' retrieved from /Library/Frameworks/Python.framework/Versions/3.8/lib/python3.8/site-packages/airflow/example_dags/example_python_operator.py
[2024-11-26T15:05:48.652-0600] {logging_mixin.py:190} INFO - [2024-11-26T15:05:48.652-0600] {dag.py:3239} INFO - Sync 1 DAGs
[2024-11-26T15:05:48.656-0600] {logging_mixin.py:190} INFO - [2024-11-26T15:05:48.656-0600] {dag.py:4180} INFO - Setting next_dagrun for example_python_operator to None, run_after=None
[2024-11-26T15:05:48.661-0600] {processor.py:208} INFO - Processing /Library/Frameworks/Python.framework/Versions/3.8/lib/python3.8/site-packages/airflow/example_dags/example_python_operator.py took 0.053 seconds
[2024-11-26T15:08:11.954-0600] {processor.py:186} INFO - Started process (PID=22129) to work on /Library/Frameworks/Python.framework/Versions/3.8/lib/python3.8/site-packages/airflow/example_dags/example_python_operator.py
[2024-11-26T15:08:11.955-0600] {processor.py:914} INFO - Processing file /Library/Frameworks/Python.framework/Versions/3.8/lib/python3.8/site-packages/airflow/example_dags/example_python_operator.py for tasks to queue
[2024-11-26T15:08:11.955-0600] {logging_mixin.py:190} INFO - [2024-11-26T15:08:11.955-0600] {dagbag.py:588} INFO - Filling up the DagBag from /Library/Frameworks/Python.framework/Versions/3.8/lib/python3.8/site-packages/airflow/example_dags/example_python_operator.py
[2024-11-26T15:08:11.962-0600] {logging_mixin.py:190} INFO - [2024-11-26T15:08:11.962-0600] {example_python_operator.py:93} WARNING - The virtalenv_python example task requires virtualenv, please install it.
[2024-11-26T15:08:11.963-0600] {processor.py:925} INFO - DAG(s) 'example_python_operator' retrieved from /Library/Frameworks/Python.framework/Versions/3.8/lib/python3.8/site-packages/airflow/example_dags/example_python_operator.py
[2024-11-26T15:08:11.998-0600] {logging_mixin.py:190} INFO - [2024-11-26T15:08:11.997-0600] {dag.py:3239} INFO - Sync 1 DAGs
[2024-11-26T15:08:12.001-0600] {logging_mixin.py:190} INFO - [2024-11-26T15:08:12.001-0600] {dag.py:4180} INFO - Setting next_dagrun for example_python_operator to None, run_after=None
[2024-11-26T15:08:12.006-0600] {processor.py:208} INFO - Processing /Library/Frameworks/Python.framework/Versions/3.8/lib/python3.8/site-packages/airflow/example_dags/example_python_operator.py took 0.053 seconds
[2024-11-26T15:16:48.482-0600] {processor.py:186} INFO - Started process (PID=22388) to work on /Library/Frameworks/Python.framework/Versions/3.8/lib/python3.8/site-packages/airflow/example_dags/example_python_operator.py
[2024-11-26T15:16:48.483-0600] {processor.py:914} INFO - Processing file /Library/Frameworks/Python.framework/Versions/3.8/lib/python3.8/site-packages/airflow/example_dags/example_python_operator.py for tasks to queue
[2024-11-26T15:16:48.483-0600] {logging_mixin.py:190} INFO - [2024-11-26T15:16:48.483-0600] {dagbag.py:588} INFO - Filling up the DagBag from /Library/Frameworks/Python.framework/Versions/3.8/lib/python3.8/site-packages/airflow/example_dags/example_python_operator.py
[2024-11-26T15:16:48.491-0600] {logging_mixin.py:190} INFO - [2024-11-26T15:16:48.491-0600] {example_python_operator.py:93} WARNING - The virtalenv_python example task requires virtualenv, please install it.
[2024-11-26T15:16:48.492-0600] {processor.py:925} INFO - DAG(s) 'example_python_operator' retrieved from /Library/Frameworks/Python.framework/Versions/3.8/lib/python3.8/site-packages/airflow/example_dags/example_python_operator.py
[2024-11-26T15:16:48.531-0600] {logging_mixin.py:190} INFO - [2024-11-26T15:16:48.531-0600] {dag.py:3239} INFO - Sync 1 DAGs
[2024-11-26T15:16:48.535-0600] {logging_mixin.py:190} INFO - [2024-11-26T15:16:48.535-0600] {dag.py:4180} INFO - Setting next_dagrun for example_python_operator to None, run_after=None
[2024-11-26T15:16:48.542-0600] {processor.py:208} INFO - Processing /Library/Frameworks/Python.framework/Versions/3.8/lib/python3.8/site-packages/airflow/example_dags/example_python_operator.py took 0.061 seconds
[2024-11-26T15:18:23.516-0600] {processor.py:186} INFO - Started process (PID=22583) to work on /Library/Frameworks/Python.framework/Versions/3.8/lib/python3.8/site-packages/airflow/example_dags/example_python_operator.py
[2024-11-26T15:18:23.516-0600] {processor.py:914} INFO - Processing file /Library/Frameworks/Python.framework/Versions/3.8/lib/python3.8/site-packages/airflow/example_dags/example_python_operator.py for tasks to queue
[2024-11-26T15:18:23.516-0600] {logging_mixin.py:190} INFO - [2024-11-26T15:18:23.516-0600] {dagbag.py:588} INFO - Filling up the DagBag from /Library/Frameworks/Python.framework/Versions/3.8/lib/python3.8/site-packages/airflow/example_dags/example_python_operator.py
[2024-11-26T15:18:23.524-0600] {logging_mixin.py:190} INFO - [2024-11-26T15:18:23.524-0600] {example_python_operator.py:93} WARNING - The virtalenv_python example task requires virtualenv, please install it.
[2024-11-26T15:18:23.525-0600] {processor.py:925} INFO - DAG(s) 'example_python_operator' retrieved from /Library/Frameworks/Python.framework/Versions/3.8/lib/python3.8/site-packages/airflow/example_dags/example_python_operator.py
[2024-11-26T15:18:23.558-0600] {logging_mixin.py:190} INFO - [2024-11-26T15:18:23.558-0600] {dag.py:3239} INFO - Sync 1 DAGs
[2024-11-26T15:18:23.562-0600] {logging_mixin.py:190} INFO - [2024-11-26T15:18:23.562-0600] {dag.py:4180} INFO - Setting next_dagrun for example_python_operator to None, run_after=None
[2024-11-26T15:18:23.567-0600] {processor.py:208} INFO - Processing /Library/Frameworks/Python.framework/Versions/3.8/lib/python3.8/site-packages/airflow/example_dags/example_python_operator.py took 0.053 seconds
[2024-11-26T15:20:41.257-0600] {processor.py:186} INFO - Started process (PID=22845) to work on /Library/Frameworks/Python.framework/Versions/3.8/lib/python3.8/site-packages/airflow/example_dags/example_python_operator.py
[2024-11-26T15:20:41.257-0600] {processor.py:914} INFO - Processing file /Library/Frameworks/Python.framework/Versions/3.8/lib/python3.8/site-packages/airflow/example_dags/example_python_operator.py for tasks to queue
[2024-11-26T15:20:41.257-0600] {logging_mixin.py:190} INFO - [2024-11-26T15:20:41.257-0600] {dagbag.py:588} INFO - Filling up the DagBag from /Library/Frameworks/Python.framework/Versions/3.8/lib/python3.8/site-packages/airflow/example_dags/example_python_operator.py
[2024-11-26T15:20:41.264-0600] {logging_mixin.py:190} INFO - [2024-11-26T15:20:41.264-0600] {example_python_operator.py:93} WARNING - The virtalenv_python example task requires virtualenv, please install it.
[2024-11-26T15:20:41.266-0600] {processor.py:925} INFO - DAG(s) 'example_python_operator' retrieved from /Library/Frameworks/Python.framework/Versions/3.8/lib/python3.8/site-packages/airflow/example_dags/example_python_operator.py
[2024-11-26T15:20:41.300-0600] {logging_mixin.py:190} INFO - [2024-11-26T15:20:41.299-0600] {dag.py:3239} INFO - Sync 1 DAGs
[2024-11-26T15:20:41.303-0600] {logging_mixin.py:190} INFO - [2024-11-26T15:20:41.303-0600] {dag.py:4180} INFO - Setting next_dagrun for example_python_operator to None, run_after=None
[2024-11-26T15:20:41.309-0600] {processor.py:208} INFO - Processing /Library/Frameworks/Python.framework/Versions/3.8/lib/python3.8/site-packages/airflow/example_dags/example_python_operator.py took 0.053 seconds
[2024-11-26T15:22:54.171-0600] {processor.py:186} INFO - Started process (PID=23115) to work on /Library/Frameworks/Python.framework/Versions/3.8/lib/python3.8/site-packages/airflow/example_dags/example_python_operator.py
[2024-11-26T15:22:54.171-0600] {processor.py:914} INFO - Processing file /Library/Frameworks/Python.framework/Versions/3.8/lib/python3.8/site-packages/airflow/example_dags/example_python_operator.py for tasks to queue
[2024-11-26T15:22:54.172-0600] {logging_mixin.py:190} INFO - [2024-11-26T15:22:54.172-0600] {dagbag.py:588} INFO - Filling up the DagBag from /Library/Frameworks/Python.framework/Versions/3.8/lib/python3.8/site-packages/airflow/example_dags/example_python_operator.py
[2024-11-26T15:22:54.179-0600] {logging_mixin.py:190} INFO - [2024-11-26T15:22:54.179-0600] {example_python_operator.py:93} WARNING - The virtalenv_python example task requires virtualenv, please install it.
[2024-11-26T15:22:54.180-0600] {processor.py:925} INFO - DAG(s) 'example_python_operator' retrieved from /Library/Frameworks/Python.framework/Versions/3.8/lib/python3.8/site-packages/airflow/example_dags/example_python_operator.py
[2024-11-26T15:22:54.214-0600] {logging_mixin.py:190} INFO - [2024-11-26T15:22:54.214-0600] {dag.py:3239} INFO - Sync 1 DAGs
[2024-11-26T15:22:54.218-0600] {logging_mixin.py:190} INFO - [2024-11-26T15:22:54.218-0600] {dag.py:4180} INFO - Setting next_dagrun for example_python_operator to None, run_after=None
[2024-11-26T15:22:54.223-0600] {processor.py:208} INFO - Processing /Library/Frameworks/Python.framework/Versions/3.8/lib/python3.8/site-packages/airflow/example_dags/example_python_operator.py took 0.053 seconds
[2024-11-26T15:33:41.060-0600] {processor.py:186} INFO - Started process (PID=23493) to work on /Library/Frameworks/Python.framework/Versions/3.8/lib/python3.8/site-packages/airflow/example_dags/example_python_operator.py
[2024-11-26T15:33:41.061-0600] {processor.py:914} INFO - Processing file /Library/Frameworks/Python.framework/Versions/3.8/lib/python3.8/site-packages/airflow/example_dags/example_python_operator.py for tasks to queue
[2024-11-26T15:33:41.062-0600] {logging_mixin.py:190} INFO - [2024-11-26T15:33:41.062-0600] {dagbag.py:588} INFO - Filling up the DagBag from /Library/Frameworks/Python.framework/Versions/3.8/lib/python3.8/site-packages/airflow/example_dags/example_python_operator.py
[2024-11-26T15:33:41.070-0600] {logging_mixin.py:190} INFO - [2024-11-26T15:33:41.070-0600] {example_python_operator.py:93} WARNING - The virtalenv_python example task requires virtualenv, please install it.
[2024-11-26T15:33:41.071-0600] {processor.py:925} INFO - DAG(s) 'example_python_operator' retrieved from /Library/Frameworks/Python.framework/Versions/3.8/lib/python3.8/site-packages/airflow/example_dags/example_python_operator.py
[2024-11-26T15:33:41.106-0600] {logging_mixin.py:190} INFO - [2024-11-26T15:33:41.106-0600] {dag.py:3239} INFO - Sync 1 DAGs
[2024-11-26T15:33:41.110-0600] {logging_mixin.py:190} INFO - [2024-11-26T15:33:41.110-0600] {dag.py:4180} INFO - Setting next_dagrun for example_python_operator to None, run_after=None
[2024-11-26T15:33:41.116-0600] {processor.py:208} INFO - Processing /Library/Frameworks/Python.framework/Versions/3.8/lib/python3.8/site-packages/airflow/example_dags/example_python_operator.py took 0.057 seconds
[2024-11-26T15:35:20.833-0600] {processor.py:186} INFO - Started process (PID=23684) to work on /Library/Frameworks/Python.framework/Versions/3.8/lib/python3.8/site-packages/airflow/example_dags/example_python_operator.py
[2024-11-26T15:35:20.834-0600] {processor.py:914} INFO - Processing file /Library/Frameworks/Python.framework/Versions/3.8/lib/python3.8/site-packages/airflow/example_dags/example_python_operator.py for tasks to queue
[2024-11-26T15:35:20.834-0600] {logging_mixin.py:190} INFO - [2024-11-26T15:35:20.834-0600] {dagbag.py:588} INFO - Filling up the DagBag from /Library/Frameworks/Python.framework/Versions/3.8/lib/python3.8/site-packages/airflow/example_dags/example_python_operator.py
[2024-11-26T15:35:20.842-0600] {logging_mixin.py:190} INFO - [2024-11-26T15:35:20.842-0600] {example_python_operator.py:93} WARNING - The virtalenv_python example task requires virtualenv, please install it.
[2024-11-26T15:35:20.843-0600] {processor.py:925} INFO - DAG(s) 'example_python_operator' retrieved from /Library/Frameworks/Python.framework/Versions/3.8/lib/python3.8/site-packages/airflow/example_dags/example_python_operator.py
[2024-11-26T15:35:20.877-0600] {logging_mixin.py:190} INFO - [2024-11-26T15:35:20.877-0600] {dag.py:3239} INFO - Sync 1 DAGs
[2024-11-26T15:35:20.881-0600] {logging_mixin.py:190} INFO - [2024-11-26T15:35:20.881-0600] {dag.py:4180} INFO - Setting next_dagrun for example_python_operator to None, run_after=None
[2024-11-26T15:35:20.887-0600] {processor.py:208} INFO - Processing /Library/Frameworks/Python.framework/Versions/3.8/lib/python3.8/site-packages/airflow/example_dags/example_python_operator.py took 0.055 seconds
[2024-11-26T15:37:36.120-0600] {processor.py:186} INFO - Started process (PID=23944) to work on /Library/Frameworks/Python.framework/Versions/3.8/lib/python3.8/site-packages/airflow/example_dags/example_python_operator.py
[2024-11-26T15:37:36.120-0600] {processor.py:914} INFO - Processing file /Library/Frameworks/Python.framework/Versions/3.8/lib/python3.8/site-packages/airflow/example_dags/example_python_operator.py for tasks to queue
[2024-11-26T15:37:36.121-0600] {logging_mixin.py:190} INFO - [2024-11-26T15:37:36.121-0600] {dagbag.py:588} INFO - Filling up the DagBag from /Library/Frameworks/Python.framework/Versions/3.8/lib/python3.8/site-packages/airflow/example_dags/example_python_operator.py
[2024-11-26T15:37:36.129-0600] {logging_mixin.py:190} INFO - [2024-11-26T15:37:36.129-0600] {example_python_operator.py:93} WARNING - The virtalenv_python example task requires virtualenv, please install it.
[2024-11-26T15:37:36.130-0600] {processor.py:925} INFO - DAG(s) 'example_python_operator' retrieved from /Library/Frameworks/Python.framework/Versions/3.8/lib/python3.8/site-packages/airflow/example_dags/example_python_operator.py
[2024-11-26T15:37:36.166-0600] {logging_mixin.py:190} INFO - [2024-11-26T15:37:36.165-0600] {dag.py:3239} INFO - Sync 1 DAGs
[2024-11-26T15:37:36.169-0600] {logging_mixin.py:190} INFO - [2024-11-26T15:37:36.169-0600] {dag.py:4180} INFO - Setting next_dagrun for example_python_operator to None, run_after=None
[2024-11-26T15:37:36.174-0600] {processor.py:208} INFO - Processing /Library/Frameworks/Python.framework/Versions/3.8/lib/python3.8/site-packages/airflow/example_dags/example_python_operator.py took 0.056 seconds
[2024-11-26T15:39:49.351-0600] {processor.py:186} INFO - Started process (PID=24194) to work on /Library/Frameworks/Python.framework/Versions/3.8/lib/python3.8/site-packages/airflow/example_dags/example_python_operator.py
[2024-11-26T15:39:49.352-0600] {processor.py:914} INFO - Processing file /Library/Frameworks/Python.framework/Versions/3.8/lib/python3.8/site-packages/airflow/example_dags/example_python_operator.py for tasks to queue
[2024-11-26T15:39:49.352-0600] {logging_mixin.py:190} INFO - [2024-11-26T15:39:49.352-0600] {dagbag.py:588} INFO - Filling up the DagBag from /Library/Frameworks/Python.framework/Versions/3.8/lib/python3.8/site-packages/airflow/example_dags/example_python_operator.py
[2024-11-26T15:39:49.361-0600] {logging_mixin.py:190} INFO - [2024-11-26T15:39:49.361-0600] {example_python_operator.py:93} WARNING - The virtalenv_python example task requires virtualenv, please install it.
[2024-11-26T15:39:49.363-0600] {processor.py:925} INFO - DAG(s) 'example_python_operator' retrieved from /Library/Frameworks/Python.framework/Versions/3.8/lib/python3.8/site-packages/airflow/example_dags/example_python_operator.py
[2024-11-26T15:39:49.402-0600] {logging_mixin.py:190} INFO - [2024-11-26T15:39:49.402-0600] {dag.py:3239} INFO - Sync 1 DAGs
[2024-11-26T15:39:49.406-0600] {logging_mixin.py:190} INFO - [2024-11-26T15:39:49.406-0600] {dag.py:4180} INFO - Setting next_dagrun for example_python_operator to None, run_after=None
[2024-11-26T15:39:49.413-0600] {processor.py:208} INFO - Processing /Library/Frameworks/Python.framework/Versions/3.8/lib/python3.8/site-packages/airflow/example_dags/example_python_operator.py took 0.063 seconds
[2024-11-26T15:42:06.447-0600] {processor.py:186} INFO - Started process (PID=24448) to work on /Library/Frameworks/Python.framework/Versions/3.8/lib/python3.8/site-packages/airflow/example_dags/example_python_operator.py
[2024-11-26T15:42:06.448-0600] {processor.py:914} INFO - Processing file /Library/Frameworks/Python.framework/Versions/3.8/lib/python3.8/site-packages/airflow/example_dags/example_python_operator.py for tasks to queue
[2024-11-26T15:42:06.448-0600] {logging_mixin.py:190} INFO - [2024-11-26T15:42:06.448-0600] {dagbag.py:588} INFO - Filling up the DagBag from /Library/Frameworks/Python.framework/Versions/3.8/lib/python3.8/site-packages/airflow/example_dags/example_python_operator.py
[2024-11-26T15:42:06.456-0600] {logging_mixin.py:190} INFO - [2024-11-26T15:42:06.456-0600] {example_python_operator.py:93} WARNING - The virtalenv_python example task requires virtualenv, please install it.
[2024-11-26T15:42:06.457-0600] {processor.py:925} INFO - DAG(s) 'example_python_operator' retrieved from /Library/Frameworks/Python.framework/Versions/3.8/lib/python3.8/site-packages/airflow/example_dags/example_python_operator.py
[2024-11-26T15:42:06.492-0600] {logging_mixin.py:190} INFO - [2024-11-26T15:42:06.492-0600] {dag.py:3239} INFO - Sync 1 DAGs
[2024-11-26T15:42:06.495-0600] {logging_mixin.py:190} INFO - [2024-11-26T15:42:06.495-0600] {dag.py:4180} INFO - Setting next_dagrun for example_python_operator to None, run_after=None
[2024-11-26T15:42:06.500-0600] {processor.py:208} INFO - Processing /Library/Frameworks/Python.framework/Versions/3.8/lib/python3.8/site-packages/airflow/example_dags/example_python_operator.py took 0.054 seconds
[2024-11-26T15:44:22.727-0600] {processor.py:186} INFO - Started process (PID=24703) to work on /Library/Frameworks/Python.framework/Versions/3.8/lib/python3.8/site-packages/airflow/example_dags/example_python_operator.py
[2024-11-26T15:44:22.727-0600] {processor.py:914} INFO - Processing file /Library/Frameworks/Python.framework/Versions/3.8/lib/python3.8/site-packages/airflow/example_dags/example_python_operator.py for tasks to queue
[2024-11-26T15:44:22.727-0600] {logging_mixin.py:190} INFO - [2024-11-26T15:44:22.727-0600] {dagbag.py:588} INFO - Filling up the DagBag from /Library/Frameworks/Python.framework/Versions/3.8/lib/python3.8/site-packages/airflow/example_dags/example_python_operator.py
[2024-11-26T15:44:22.735-0600] {logging_mixin.py:190} INFO - [2024-11-26T15:44:22.735-0600] {example_python_operator.py:93} WARNING - The virtalenv_python example task requires virtualenv, please install it.
[2024-11-26T15:44:22.736-0600] {processor.py:925} INFO - DAG(s) 'example_python_operator' retrieved from /Library/Frameworks/Python.framework/Versions/3.8/lib/python3.8/site-packages/airflow/example_dags/example_python_operator.py
[2024-11-26T15:44:22.770-0600] {logging_mixin.py:190} INFO - [2024-11-26T15:44:22.770-0600] {dag.py:3239} INFO - Sync 1 DAGs
[2024-11-26T15:44:22.774-0600] {logging_mixin.py:190} INFO - [2024-11-26T15:44:22.774-0600] {dag.py:4180} INFO - Setting next_dagrun for example_python_operator to None, run_after=None
[2024-11-26T15:44:22.779-0600] {processor.py:208} INFO - Processing /Library/Frameworks/Python.framework/Versions/3.8/lib/python3.8/site-packages/airflow/example_dags/example_python_operator.py took 0.054 seconds
[2024-11-26T15:46:39.633-0600] {processor.py:186} INFO - Started process (PID=24952) to work on /Library/Frameworks/Python.framework/Versions/3.8/lib/python3.8/site-packages/airflow/example_dags/example_python_operator.py
[2024-11-26T15:46:39.633-0600] {processor.py:914} INFO - Processing file /Library/Frameworks/Python.framework/Versions/3.8/lib/python3.8/site-packages/airflow/example_dags/example_python_operator.py for tasks to queue
[2024-11-26T15:46:39.634-0600] {logging_mixin.py:190} INFO - [2024-11-26T15:46:39.633-0600] {dagbag.py:588} INFO - Filling up the DagBag from /Library/Frameworks/Python.framework/Versions/3.8/lib/python3.8/site-packages/airflow/example_dags/example_python_operator.py
[2024-11-26T15:46:39.641-0600] {logging_mixin.py:190} INFO - [2024-11-26T15:46:39.641-0600] {example_python_operator.py:93} WARNING - The virtalenv_python example task requires virtualenv, please install it.
[2024-11-26T15:46:39.642-0600] {processor.py:925} INFO - DAG(s) 'example_python_operator' retrieved from /Library/Frameworks/Python.framework/Versions/3.8/lib/python3.8/site-packages/airflow/example_dags/example_python_operator.py
[2024-11-26T15:46:39.676-0600] {logging_mixin.py:190} INFO - [2024-11-26T15:46:39.676-0600] {dag.py:3239} INFO - Sync 1 DAGs
[2024-11-26T15:46:39.680-0600] {logging_mixin.py:190} INFO - [2024-11-26T15:46:39.679-0600] {dag.py:4180} INFO - Setting next_dagrun for example_python_operator to None, run_after=None
[2024-11-26T15:46:39.685-0600] {processor.py:208} INFO - Processing /Library/Frameworks/Python.framework/Versions/3.8/lib/python3.8/site-packages/airflow/example_dags/example_python_operator.py took 0.053 seconds
[2024-11-26T15:48:49.920-0600] {processor.py:186} INFO - Started process (PID=25207) to work on /Library/Frameworks/Python.framework/Versions/3.8/lib/python3.8/site-packages/airflow/example_dags/example_python_operator.py
[2024-11-26T15:48:49.921-0600] {processor.py:914} INFO - Processing file /Library/Frameworks/Python.framework/Versions/3.8/lib/python3.8/site-packages/airflow/example_dags/example_python_operator.py for tasks to queue
[2024-11-26T15:48:49.921-0600] {logging_mixin.py:190} INFO - [2024-11-26T15:48:49.921-0600] {dagbag.py:588} INFO - Filling up the DagBag from /Library/Frameworks/Python.framework/Versions/3.8/lib/python3.8/site-packages/airflow/example_dags/example_python_operator.py
[2024-11-26T15:48:49.929-0600] {logging_mixin.py:190} INFO - [2024-11-26T15:48:49.929-0600] {example_python_operator.py:93} WARNING - The virtalenv_python example task requires virtualenv, please install it.
[2024-11-26T15:48:49.930-0600] {processor.py:925} INFO - DAG(s) 'example_python_operator' retrieved from /Library/Frameworks/Python.framework/Versions/3.8/lib/python3.8/site-packages/airflow/example_dags/example_python_operator.py
[2024-11-26T15:48:49.964-0600] {logging_mixin.py:190} INFO - [2024-11-26T15:48:49.964-0600] {dag.py:3239} INFO - Sync 1 DAGs
[2024-11-26T15:48:49.967-0600] {logging_mixin.py:190} INFO - [2024-11-26T15:48:49.967-0600] {dag.py:4180} INFO - Setting next_dagrun for example_python_operator to None, run_after=None
[2024-11-26T15:48:49.973-0600] {processor.py:208} INFO - Processing /Library/Frameworks/Python.framework/Versions/3.8/lib/python3.8/site-packages/airflow/example_dags/example_python_operator.py took 0.054 seconds
[2024-11-26T15:51:02.330-0600] {processor.py:186} INFO - Started process (PID=25470) to work on /Library/Frameworks/Python.framework/Versions/3.8/lib/python3.8/site-packages/airflow/example_dags/example_python_operator.py
[2024-11-26T15:51:02.330-0600] {processor.py:914} INFO - Processing file /Library/Frameworks/Python.framework/Versions/3.8/lib/python3.8/site-packages/airflow/example_dags/example_python_operator.py for tasks to queue
[2024-11-26T15:51:02.330-0600] {logging_mixin.py:190} INFO - [2024-11-26T15:51:02.330-0600] {dagbag.py:588} INFO - Filling up the DagBag from /Library/Frameworks/Python.framework/Versions/3.8/lib/python3.8/site-packages/airflow/example_dags/example_python_operator.py
[2024-11-26T15:51:02.339-0600] {logging_mixin.py:190} INFO - [2024-11-26T15:51:02.339-0600] {example_python_operator.py:93} WARNING - The virtalenv_python example task requires virtualenv, please install it.
[2024-11-26T15:51:02.340-0600] {processor.py:925} INFO - DAG(s) 'example_python_operator' retrieved from /Library/Frameworks/Python.framework/Versions/3.8/lib/python3.8/site-packages/airflow/example_dags/example_python_operator.py
[2024-11-26T15:51:02.374-0600] {logging_mixin.py:190} INFO - [2024-11-26T15:51:02.374-0600] {dag.py:3239} INFO - Sync 1 DAGs
[2024-11-26T15:51:02.377-0600] {logging_mixin.py:190} INFO - [2024-11-26T15:51:02.377-0600] {dag.py:4180} INFO - Setting next_dagrun for example_python_operator to None, run_after=None
[2024-11-26T15:51:02.382-0600] {processor.py:208} INFO - Processing /Library/Frameworks/Python.framework/Versions/3.8/lib/python3.8/site-packages/airflow/example_dags/example_python_operator.py took 0.054 seconds
[2024-11-26T15:53:18.543-0600] {processor.py:186} INFO - Started process (PID=25722) to work on /Library/Frameworks/Python.framework/Versions/3.8/lib/python3.8/site-packages/airflow/example_dags/example_python_operator.py
[2024-11-26T15:53:18.544-0600] {processor.py:914} INFO - Processing file /Library/Frameworks/Python.framework/Versions/3.8/lib/python3.8/site-packages/airflow/example_dags/example_python_operator.py for tasks to queue
[2024-11-26T15:53:18.544-0600] {logging_mixin.py:190} INFO - [2024-11-26T15:53:18.544-0600] {dagbag.py:588} INFO - Filling up the DagBag from /Library/Frameworks/Python.framework/Versions/3.8/lib/python3.8/site-packages/airflow/example_dags/example_python_operator.py
[2024-11-26T15:53:18.551-0600] {logging_mixin.py:190} INFO - [2024-11-26T15:53:18.551-0600] {example_python_operator.py:93} WARNING - The virtalenv_python example task requires virtualenv, please install it.
[2024-11-26T15:53:18.552-0600] {processor.py:925} INFO - DAG(s) 'example_python_operator' retrieved from /Library/Frameworks/Python.framework/Versions/3.8/lib/python3.8/site-packages/airflow/example_dags/example_python_operator.py
[2024-11-26T15:53:18.588-0600] {logging_mixin.py:190} INFO - [2024-11-26T15:53:18.588-0600] {dag.py:3239} INFO - Sync 1 DAGs
[2024-11-26T15:53:18.591-0600] {logging_mixin.py:190} INFO - [2024-11-26T15:53:18.591-0600] {dag.py:4180} INFO - Setting next_dagrun for example_python_operator to None, run_after=None
[2024-11-26T15:53:18.597-0600] {processor.py:208} INFO - Processing /Library/Frameworks/Python.framework/Versions/3.8/lib/python3.8/site-packages/airflow/example_dags/example_python_operator.py took 0.055 seconds
[2024-11-26T15:55:41.627-0600] {processor.py:186} INFO - Started process (PID=25992) to work on /Library/Frameworks/Python.framework/Versions/3.8/lib/python3.8/site-packages/airflow/example_dags/example_python_operator.py
[2024-11-26T15:55:41.628-0600] {processor.py:914} INFO - Processing file /Library/Frameworks/Python.framework/Versions/3.8/lib/python3.8/site-packages/airflow/example_dags/example_python_operator.py for tasks to queue
[2024-11-26T15:55:41.628-0600] {logging_mixin.py:190} INFO - [2024-11-26T15:55:41.628-0600] {dagbag.py:588} INFO - Filling up the DagBag from /Library/Frameworks/Python.framework/Versions/3.8/lib/python3.8/site-packages/airflow/example_dags/example_python_operator.py
[2024-11-26T15:55:41.636-0600] {logging_mixin.py:190} INFO - [2024-11-26T15:55:41.636-0600] {example_python_operator.py:93} WARNING - The virtalenv_python example task requires virtualenv, please install it.
[2024-11-26T15:55:41.637-0600] {processor.py:925} INFO - DAG(s) 'example_python_operator' retrieved from /Library/Frameworks/Python.framework/Versions/3.8/lib/python3.8/site-packages/airflow/example_dags/example_python_operator.py
[2024-11-26T15:55:41.672-0600] {logging_mixin.py:190} INFO - [2024-11-26T15:55:41.672-0600] {dag.py:3239} INFO - Sync 1 DAGs
[2024-11-26T15:55:41.676-0600] {logging_mixin.py:190} INFO - [2024-11-26T15:55:41.676-0600] {dag.py:4180} INFO - Setting next_dagrun for example_python_operator to None, run_after=None
[2024-11-26T15:55:41.681-0600] {processor.py:208} INFO - Processing /Library/Frameworks/Python.framework/Versions/3.8/lib/python3.8/site-packages/airflow/example_dags/example_python_operator.py took 0.055 seconds
[2024-11-26T15:58:01.487-0600] {processor.py:186} INFO - Started process (PID=26292) to work on /Library/Frameworks/Python.framework/Versions/3.8/lib/python3.8/site-packages/airflow/example_dags/example_python_operator.py
[2024-11-26T15:58:01.488-0600] {processor.py:914} INFO - Processing file /Library/Frameworks/Python.framework/Versions/3.8/lib/python3.8/site-packages/airflow/example_dags/example_python_operator.py for tasks to queue
[2024-11-26T15:58:01.489-0600] {logging_mixin.py:190} INFO - [2024-11-26T15:58:01.489-0600] {dagbag.py:588} INFO - Filling up the DagBag from /Library/Frameworks/Python.framework/Versions/3.8/lib/python3.8/site-packages/airflow/example_dags/example_python_operator.py
[2024-11-26T15:58:01.496-0600] {logging_mixin.py:190} INFO - [2024-11-26T15:58:01.496-0600] {example_python_operator.py:93} WARNING - The virtalenv_python example task requires virtualenv, please install it.
[2024-11-26T15:58:01.497-0600] {processor.py:925} INFO - DAG(s) 'example_python_operator' retrieved from /Library/Frameworks/Python.framework/Versions/3.8/lib/python3.8/site-packages/airflow/example_dags/example_python_operator.py
[2024-11-26T15:58:01.532-0600] {logging_mixin.py:190} INFO - [2024-11-26T15:58:01.532-0600] {dag.py:3239} INFO - Sync 1 DAGs
[2024-11-26T15:58:01.535-0600] {logging_mixin.py:190} INFO - [2024-11-26T15:58:01.535-0600] {dag.py:4180} INFO - Setting next_dagrun for example_python_operator to None, run_after=None
[2024-11-26T15:58:01.540-0600] {processor.py:208} INFO - Processing /Library/Frameworks/Python.framework/Versions/3.8/lib/python3.8/site-packages/airflow/example_dags/example_python_operator.py took 0.054 seconds
[2024-11-26T16:00:15.650-0600] {processor.py:186} INFO - Started process (PID=26576) to work on /Library/Frameworks/Python.framework/Versions/3.8/lib/python3.8/site-packages/airflow/example_dags/example_python_operator.py
[2024-11-26T16:00:15.651-0600] {processor.py:914} INFO - Processing file /Library/Frameworks/Python.framework/Versions/3.8/lib/python3.8/site-packages/airflow/example_dags/example_python_operator.py for tasks to queue
[2024-11-26T16:00:15.652-0600] {logging_mixin.py:190} INFO - [2024-11-26T16:00:15.652-0600] {dagbag.py:588} INFO - Filling up the DagBag from /Library/Frameworks/Python.framework/Versions/3.8/lib/python3.8/site-packages/airflow/example_dags/example_python_operator.py
[2024-11-26T16:00:15.660-0600] {logging_mixin.py:190} INFO - [2024-11-26T16:00:15.660-0600] {example_python_operator.py:93} WARNING - The virtalenv_python example task requires virtualenv, please install it.
[2024-11-26T16:00:15.661-0600] {processor.py:925} INFO - DAG(s) 'example_python_operator' retrieved from /Library/Frameworks/Python.framework/Versions/3.8/lib/python3.8/site-packages/airflow/example_dags/example_python_operator.py
[2024-11-26T16:00:15.696-0600] {logging_mixin.py:190} INFO - [2024-11-26T16:00:15.696-0600] {dag.py:3239} INFO - Sync 1 DAGs
[2024-11-26T16:00:15.700-0600] {logging_mixin.py:190} INFO - [2024-11-26T16:00:15.700-0600] {dag.py:4180} INFO - Setting next_dagrun for example_python_operator to None, run_after=None
[2024-11-26T16:00:15.705-0600] {processor.py:208} INFO - Processing /Library/Frameworks/Python.framework/Versions/3.8/lib/python3.8/site-packages/airflow/example_dags/example_python_operator.py took 0.056 seconds
[2024-11-26T16:02:30.134-0600] {processor.py:186} INFO - Started process (PID=26832) to work on /Library/Frameworks/Python.framework/Versions/3.8/lib/python3.8/site-packages/airflow/example_dags/example_python_operator.py
[2024-11-26T16:02:30.135-0600] {processor.py:914} INFO - Processing file /Library/Frameworks/Python.framework/Versions/3.8/lib/python3.8/site-packages/airflow/example_dags/example_python_operator.py for tasks to queue
[2024-11-26T16:02:30.135-0600] {logging_mixin.py:190} INFO - [2024-11-26T16:02:30.135-0600] {dagbag.py:588} INFO - Filling up the DagBag from /Library/Frameworks/Python.framework/Versions/3.8/lib/python3.8/site-packages/airflow/example_dags/example_python_operator.py
[2024-11-26T16:02:30.142-0600] {logging_mixin.py:190} INFO - [2024-11-26T16:02:30.142-0600] {example_python_operator.py:93} WARNING - The virtalenv_python example task requires virtualenv, please install it.
[2024-11-26T16:02:30.143-0600] {processor.py:925} INFO - DAG(s) 'example_python_operator' retrieved from /Library/Frameworks/Python.framework/Versions/3.8/lib/python3.8/site-packages/airflow/example_dags/example_python_operator.py
[2024-11-26T16:02:30.177-0600] {logging_mixin.py:190} INFO - [2024-11-26T16:02:30.177-0600] {dag.py:3239} INFO - Sync 1 DAGs
[2024-11-26T16:02:30.181-0600] {logging_mixin.py:190} INFO - [2024-11-26T16:02:30.181-0600] {dag.py:4180} INFO - Setting next_dagrun for example_python_operator to None, run_after=None
[2024-11-26T16:02:30.186-0600] {processor.py:208} INFO - Processing /Library/Frameworks/Python.framework/Versions/3.8/lib/python3.8/site-packages/airflow/example_dags/example_python_operator.py took 0.053 seconds
[2024-11-26T16:04:46.132-0600] {processor.py:186} INFO - Started process (PID=27083) to work on /Library/Frameworks/Python.framework/Versions/3.8/lib/python3.8/site-packages/airflow/example_dags/example_python_operator.py
[2024-11-26T16:04:46.133-0600] {processor.py:914} INFO - Processing file /Library/Frameworks/Python.framework/Versions/3.8/lib/python3.8/site-packages/airflow/example_dags/example_python_operator.py for tasks to queue
[2024-11-26T16:04:46.134-0600] {logging_mixin.py:190} INFO - [2024-11-26T16:04:46.134-0600] {dagbag.py:588} INFO - Filling up the DagBag from /Library/Frameworks/Python.framework/Versions/3.8/lib/python3.8/site-packages/airflow/example_dags/example_python_operator.py
[2024-11-26T16:04:46.141-0600] {logging_mixin.py:190} INFO - [2024-11-26T16:04:46.141-0600] {example_python_operator.py:93} WARNING - The virtalenv_python example task requires virtualenv, please install it.
[2024-11-26T16:04:46.142-0600] {processor.py:925} INFO - DAG(s) 'example_python_operator' retrieved from /Library/Frameworks/Python.framework/Versions/3.8/lib/python3.8/site-packages/airflow/example_dags/example_python_operator.py
[2024-11-26T16:04:46.176-0600] {logging_mixin.py:190} INFO - [2024-11-26T16:04:46.176-0600] {dag.py:3239} INFO - Sync 1 DAGs
[2024-11-26T16:04:46.179-0600] {logging_mixin.py:190} INFO - [2024-11-26T16:04:46.179-0600] {dag.py:4180} INFO - Setting next_dagrun for example_python_operator to None, run_after=None
[2024-11-26T16:04:46.184-0600] {processor.py:208} INFO - Processing /Library/Frameworks/Python.framework/Versions/3.8/lib/python3.8/site-packages/airflow/example_dags/example_python_operator.py took 0.053 seconds
[2024-11-26T16:59:42.162-0600] {processor.py:186} INFO - Started process (PID=27336) to work on /Library/Frameworks/Python.framework/Versions/3.8/lib/python3.8/site-packages/airflow/example_dags/example_python_operator.py
[2024-11-26T16:59:42.163-0600] {processor.py:914} INFO - Processing file /Library/Frameworks/Python.framework/Versions/3.8/lib/python3.8/site-packages/airflow/example_dags/example_python_operator.py for tasks to queue
[2024-11-26T16:59:42.163-0600] {logging_mixin.py:190} INFO - [2024-11-26T16:59:42.163-0600] {dagbag.py:588} INFO - Filling up the DagBag from /Library/Frameworks/Python.framework/Versions/3.8/lib/python3.8/site-packages/airflow/example_dags/example_python_operator.py
[2024-11-26T16:59:42.190-0600] {logging_mixin.py:190} INFO - [2024-11-26T16:59:42.189-0600] {example_python_operator.py:93} WARNING - The virtalenv_python example task requires virtualenv, please install it.
[2024-11-26T16:59:42.191-0600] {processor.py:925} INFO - DAG(s) 'example_python_operator' retrieved from /Library/Frameworks/Python.framework/Versions/3.8/lib/python3.8/site-packages/airflow/example_dags/example_python_operator.py
[2024-11-26T16:59:42.225-0600] {logging_mixin.py:190} INFO - [2024-11-26T16:59:42.225-0600] {dag.py:3239} INFO - Sync 1 DAGs
[2024-11-26T16:59:42.229-0600] {logging_mixin.py:190} INFO - [2024-11-26T16:59:42.229-0600] {dag.py:4180} INFO - Setting next_dagrun for example_python_operator to None, run_after=None
[2024-11-26T16:59:42.234-0600] {processor.py:208} INFO - Processing /Library/Frameworks/Python.framework/Versions/3.8/lib/python3.8/site-packages/airflow/example_dags/example_python_operator.py took 0.073 seconds
[2024-11-26T17:21:17.637-0600] {processor.py:186} INFO - Started process (PID=27468) to work on /Library/Frameworks/Python.framework/Versions/3.8/lib/python3.8/site-packages/airflow/example_dags/example_python_operator.py
[2024-11-26T17:21:17.638-0600] {processor.py:914} INFO - Processing file /Library/Frameworks/Python.framework/Versions/3.8/lib/python3.8/site-packages/airflow/example_dags/example_python_operator.py for tasks to queue
[2024-11-26T17:21:17.638-0600] {logging_mixin.py:190} INFO - [2024-11-26T17:21:17.638-0600] {dagbag.py:588} INFO - Filling up the DagBag from /Library/Frameworks/Python.framework/Versions/3.8/lib/python3.8/site-packages/airflow/example_dags/example_python_operator.py
[2024-11-26T17:21:17.646-0600] {logging_mixin.py:190} INFO - [2024-11-26T17:21:17.646-0600] {example_python_operator.py:93} WARNING - The virtalenv_python example task requires virtualenv, please install it.
[2024-11-26T17:21:17.647-0600] {processor.py:925} INFO - DAG(s) 'example_python_operator' retrieved from /Library/Frameworks/Python.framework/Versions/3.8/lib/python3.8/site-packages/airflow/example_dags/example_python_operator.py
[2024-11-26T17:21:17.679-0600] {logging_mixin.py:190} INFO - [2024-11-26T17:21:17.679-0600] {dag.py:3239} INFO - Sync 1 DAGs
[2024-11-26T17:21:17.682-0600] {logging_mixin.py:190} INFO - [2024-11-26T17:21:17.682-0600] {dag.py:4180} INFO - Setting next_dagrun for example_python_operator to None, run_after=None
[2024-11-26T17:21:17.687-0600] {processor.py:208} INFO - Processing /Library/Frameworks/Python.framework/Versions/3.8/lib/python3.8/site-packages/airflow/example_dags/example_python_operator.py took 0.052 seconds
