[2024-11-26T14:18:45.565-0600] {processor.py:186} INFO - Started process (PID=17957) to work on /Users/beprathap/PycharmProjects/YouTube-airflow/airflow-venv/lib/python3.8/site-packages/airflow/example_dags/example_branch_python_dop_operator_3.py
[2024-11-26T14:18:45.565-0600] {processor.py:914} INFO - Processing file /Users/beprathap/PycharmProjects/YouTube-airflow/airflow-venv/lib/python3.8/site-packages/airflow/example_dags/example_branch_python_dop_operator_3.py for tasks to queue
[2024-11-26T14:18:45.565-0600] {logging_mixin.py:190} INFO - [2024-11-26T14:18:45.565-0600] {dagbag.py:588} INFO - Filling up the DagBag from /Users/beprathap/PycharmProjects/YouTube-airflow/airflow-venv/lib/python3.8/site-packages/airflow/example_dags/example_branch_python_dop_operator_3.py
[2024-11-26T14:18:45.577-0600] {processor.py:925} INFO - DAG(s) 'example_branch_dop_operator_v3' retrieved from /Users/beprathap/PycharmProjects/YouTube-airflow/airflow-venv/lib/python3.8/site-packages/airflow/example_dags/example_branch_python_dop_operator_3.py
[2024-11-26T14:18:45.638-0600] {logging_mixin.py:190} INFO - [2024-11-26T14:18:45.637-0600] {override.py:1901} INFO - Created Permission View: can read on DAG:example_branch_dop_operator_v3
[2024-11-26T14:18:45.640-0600] {logging_mixin.py:190} INFO - [2024-11-26T14:18:45.640-0600] {override.py:1901} INFO - Created Permission View: can edit on DAG:example_branch_dop_operator_v3
[2024-11-26T14:18:45.642-0600] {logging_mixin.py:190} INFO - [2024-11-26T14:18:45.642-0600] {override.py:1901} INFO - Created Permission View: can delete on DAG:example_branch_dop_operator_v3
[2024-11-26T14:18:45.643-0600] {logging_mixin.py:190} INFO - [2024-11-26T14:18:45.643-0600] {override.py:1901} INFO - Created Permission View: can create on DAG Run:example_branch_dop_operator_v3
[2024-11-26T14:18:45.645-0600] {logging_mixin.py:190} INFO - [2024-11-26T14:18:45.645-0600] {override.py:1901} INFO - Created Permission View: can read on DAG Run:example_branch_dop_operator_v3
[2024-11-26T14:18:45.646-0600] {logging_mixin.py:190} INFO - [2024-11-26T14:18:45.646-0600] {override.py:1901} INFO - Created Permission View: can delete on DAG Run:example_branch_dop_operator_v3
[2024-11-26T14:18:45.648-0600] {logging_mixin.py:190} INFO - [2024-11-26T14:18:45.648-0600] {override.py:1901} INFO - Created Permission View: menu access on DAG Run:example_branch_dop_operator_v3
[2024-11-26T14:18:45.648-0600] {logging_mixin.py:190} INFO - [2024-11-26T14:18:45.648-0600] {dag.py:3239} INFO - Sync 1 DAGs
[2024-11-26T14:18:45.651-0600] {logging_mixin.py:190} INFO - [2024-11-26T14:18:45.651-0600] {dag.py:3262} INFO - Creating ORM DAG for example_branch_dop_operator_v3
[2024-11-26T14:18:45.655-0600] {logging_mixin.py:190} INFO - [2024-11-26T14:18:45.655-0600] {dag.py:4180} INFO - Setting next_dagrun for example_branch_dop_operator_v3 to 2024-11-26 20:17:00+00:00, run_after=2024-11-26 20:18:00+00:00
[2024-11-26T14:18:45.660-0600] {processor.py:208} INFO - Processing /Users/beprathap/PycharmProjects/YouTube-airflow/airflow-venv/lib/python3.8/site-packages/airflow/example_dags/example_branch_python_dop_operator_3.py took 0.096 seconds
[2024-11-26T14:21:00.819-0600] {processor.py:186} INFO - Started process (PID=18206) to work on /Users/beprathap/PycharmProjects/YouTube-airflow/airflow-venv/lib/python3.8/site-packages/airflow/example_dags/example_branch_python_dop_operator_3.py
[2024-11-26T14:21:00.819-0600] {processor.py:914} INFO - Processing file /Users/beprathap/PycharmProjects/YouTube-airflow/airflow-venv/lib/python3.8/site-packages/airflow/example_dags/example_branch_python_dop_operator_3.py for tasks to queue
[2024-11-26T14:21:00.819-0600] {logging_mixin.py:190} INFO - [2024-11-26T14:21:00.819-0600] {dagbag.py:588} INFO - Filling up the DagBag from /Users/beprathap/PycharmProjects/YouTube-airflow/airflow-venv/lib/python3.8/site-packages/airflow/example_dags/example_branch_python_dop_operator_3.py
[2024-11-26T14:21:00.832-0600] {processor.py:925} INFO - DAG(s) 'example_branch_dop_operator_v3' retrieved from /Users/beprathap/PycharmProjects/YouTube-airflow/airflow-venv/lib/python3.8/site-packages/airflow/example_dags/example_branch_python_dop_operator_3.py
[2024-11-26T14:21:00.865-0600] {logging_mixin.py:190} INFO - [2024-11-26T14:21:00.865-0600] {dag.py:3239} INFO - Sync 1 DAGs
[2024-11-26T14:21:00.872-0600] {logging_mixin.py:190} INFO - [2024-11-26T14:21:00.872-0600] {dag.py:4180} INFO - Setting next_dagrun for example_branch_dop_operator_v3 to 2024-11-26 20:20:00+00:00, run_after=2024-11-26 20:21:00+00:00
[2024-11-26T14:21:00.878-0600] {processor.py:208} INFO - Processing /Users/beprathap/PycharmProjects/YouTube-airflow/airflow-venv/lib/python3.8/site-packages/airflow/example_dags/example_branch_python_dop_operator_3.py took 0.060 seconds
[2024-11-26T14:23:15.580-0600] {processor.py:186} INFO - Started process (PID=18486) to work on /Users/beprathap/PycharmProjects/YouTube-airflow/airflow-venv/lib/python3.8/site-packages/airflow/example_dags/example_branch_python_dop_operator_3.py
[2024-11-26T14:23:15.580-0600] {processor.py:914} INFO - Processing file /Users/beprathap/PycharmProjects/YouTube-airflow/airflow-venv/lib/python3.8/site-packages/airflow/example_dags/example_branch_python_dop_operator_3.py for tasks to queue
[2024-11-26T14:23:15.581-0600] {logging_mixin.py:190} INFO - [2024-11-26T14:23:15.581-0600] {dagbag.py:588} INFO - Filling up the DagBag from /Users/beprathap/PycharmProjects/YouTube-airflow/airflow-venv/lib/python3.8/site-packages/airflow/example_dags/example_branch_python_dop_operator_3.py
[2024-11-26T14:23:15.596-0600] {processor.py:925} INFO - DAG(s) 'example_branch_dop_operator_v3' retrieved from /Users/beprathap/PycharmProjects/YouTube-airflow/airflow-venv/lib/python3.8/site-packages/airflow/example_dags/example_branch_python_dop_operator_3.py
[2024-11-26T14:23:15.640-0600] {logging_mixin.py:190} INFO - [2024-11-26T14:23:15.640-0600] {dag.py:3239} INFO - Sync 1 DAGs
[2024-11-26T14:23:15.649-0600] {logging_mixin.py:190} INFO - [2024-11-26T14:23:15.648-0600] {dag.py:4180} INFO - Setting next_dagrun for example_branch_dop_operator_v3 to 2024-11-26 20:22:00+00:00, run_after=2024-11-26 20:23:00+00:00
[2024-11-26T14:23:15.656-0600] {processor.py:208} INFO - Processing /Users/beprathap/PycharmProjects/YouTube-airflow/airflow-venv/lib/python3.8/site-packages/airflow/example_dags/example_branch_python_dop_operator_3.py took 0.078 seconds
[2024-11-26T14:25:21.993-0600] {processor.py:186} INFO - Started process (PID=18739) to work on /Users/beprathap/PycharmProjects/YouTube-airflow/airflow-venv/lib/python3.8/site-packages/airflow/example_dags/example_branch_python_dop_operator_3.py
[2024-11-26T14:25:21.994-0600] {processor.py:914} INFO - Processing file /Users/beprathap/PycharmProjects/YouTube-airflow/airflow-venv/lib/python3.8/site-packages/airflow/example_dags/example_branch_python_dop_operator_3.py for tasks to queue
[2024-11-26T14:25:21.995-0600] {logging_mixin.py:190} INFO - [2024-11-26T14:25:21.995-0600] {dagbag.py:588} INFO - Filling up the DagBag from /Users/beprathap/PycharmProjects/YouTube-airflow/airflow-venv/lib/python3.8/site-packages/airflow/example_dags/example_branch_python_dop_operator_3.py
[2024-11-26T14:25:22.007-0600] {processor.py:925} INFO - DAG(s) 'example_branch_dop_operator_v3' retrieved from /Users/beprathap/PycharmProjects/YouTube-airflow/airflow-venv/lib/python3.8/site-packages/airflow/example_dags/example_branch_python_dop_operator_3.py
[2024-11-26T14:25:22.043-0600] {logging_mixin.py:190} INFO - [2024-11-26T14:25:22.043-0600] {dag.py:3239} INFO - Sync 1 DAGs
[2024-11-26T14:25:22.051-0600] {logging_mixin.py:190} INFO - [2024-11-26T14:25:22.051-0600] {dag.py:4180} INFO - Setting next_dagrun for example_branch_dop_operator_v3 to 2024-11-26 20:24:00+00:00, run_after=2024-11-26 20:25:00+00:00
[2024-11-26T14:25:22.057-0600] {processor.py:208} INFO - Processing /Users/beprathap/PycharmProjects/YouTube-airflow/airflow-venv/lib/python3.8/site-packages/airflow/example_dags/example_branch_python_dop_operator_3.py took 0.065 seconds
[2024-11-26T14:27:29.197-0600] {processor.py:186} INFO - Started process (PID=18974) to work on /Users/beprathap/PycharmProjects/YouTube-airflow/airflow-venv/lib/python3.8/site-packages/airflow/example_dags/example_branch_python_dop_operator_3.py
[2024-11-26T14:27:29.198-0600] {processor.py:914} INFO - Processing file /Users/beprathap/PycharmProjects/YouTube-airflow/airflow-venv/lib/python3.8/site-packages/airflow/example_dags/example_branch_python_dop_operator_3.py for tasks to queue
[2024-11-26T14:27:29.198-0600] {logging_mixin.py:190} INFO - [2024-11-26T14:27:29.198-0600] {dagbag.py:588} INFO - Filling up the DagBag from /Users/beprathap/PycharmProjects/YouTube-airflow/airflow-venv/lib/python3.8/site-packages/airflow/example_dags/example_branch_python_dop_operator_3.py
[2024-11-26T14:27:29.210-0600] {processor.py:925} INFO - DAG(s) 'example_branch_dop_operator_v3' retrieved from /Users/beprathap/PycharmProjects/YouTube-airflow/airflow-venv/lib/python3.8/site-packages/airflow/example_dags/example_branch_python_dop_operator_3.py
[2024-11-26T14:27:29.243-0600] {logging_mixin.py:190} INFO - [2024-11-26T14:27:29.243-0600] {dag.py:3239} INFO - Sync 1 DAGs
[2024-11-26T14:27:29.250-0600] {logging_mixin.py:190} INFO - [2024-11-26T14:27:29.250-0600] {dag.py:4180} INFO - Setting next_dagrun for example_branch_dop_operator_v3 to 2024-11-26 20:26:00+00:00, run_after=2024-11-26 20:27:00+00:00
[2024-11-26T14:27:29.256-0600] {processor.py:208} INFO - Processing /Users/beprathap/PycharmProjects/YouTube-airflow/airflow-venv/lib/python3.8/site-packages/airflow/example_dags/example_branch_python_dop_operator_3.py took 0.059 seconds
[2024-11-26T14:29:37.281-0600] {processor.py:186} INFO - Started process (PID=19214) to work on /Users/beprathap/PycharmProjects/YouTube-airflow/airflow-venv/lib/python3.8/site-packages/airflow/example_dags/example_branch_python_dop_operator_3.py
[2024-11-26T14:29:37.281-0600] {processor.py:914} INFO - Processing file /Users/beprathap/PycharmProjects/YouTube-airflow/airflow-venv/lib/python3.8/site-packages/airflow/example_dags/example_branch_python_dop_operator_3.py for tasks to queue
[2024-11-26T14:29:37.282-0600] {logging_mixin.py:190} INFO - [2024-11-26T14:29:37.282-0600] {dagbag.py:588} INFO - Filling up the DagBag from /Users/beprathap/PycharmProjects/YouTube-airflow/airflow-venv/lib/python3.8/site-packages/airflow/example_dags/example_branch_python_dop_operator_3.py
[2024-11-26T14:29:37.294-0600] {processor.py:925} INFO - DAG(s) 'example_branch_dop_operator_v3' retrieved from /Users/beprathap/PycharmProjects/YouTube-airflow/airflow-venv/lib/python3.8/site-packages/airflow/example_dags/example_branch_python_dop_operator_3.py
[2024-11-26T14:29:37.329-0600] {logging_mixin.py:190} INFO - [2024-11-26T14:29:37.329-0600] {dag.py:3239} INFO - Sync 1 DAGs
[2024-11-26T14:29:37.336-0600] {logging_mixin.py:190} INFO - [2024-11-26T14:29:37.336-0600] {dag.py:4180} INFO - Setting next_dagrun for example_branch_dop_operator_v3 to 2024-11-26 20:28:00+00:00, run_after=2024-11-26 20:29:00+00:00
[2024-11-26T14:29:37.342-0600] {processor.py:208} INFO - Processing /Users/beprathap/PycharmProjects/YouTube-airflow/airflow-venv/lib/python3.8/site-packages/airflow/example_dags/example_branch_python_dop_operator_3.py took 0.062 seconds
[2024-11-26T14:37:07.825-0600] {processor.py:186} INFO - Started process (PID=19633) to work on /Users/beprathap/PycharmProjects/YouTube-airflow/airflow-venv/lib/python3.8/site-packages/airflow/example_dags/example_branch_python_dop_operator_3.py
[2024-11-26T14:37:07.826-0600] {processor.py:914} INFO - Processing file /Users/beprathap/PycharmProjects/YouTube-airflow/airflow-venv/lib/python3.8/site-packages/airflow/example_dags/example_branch_python_dop_operator_3.py for tasks to queue
[2024-11-26T14:37:07.826-0600] {logging_mixin.py:190} INFO - [2024-11-26T14:37:07.826-0600] {dagbag.py:588} INFO - Filling up the DagBag from /Users/beprathap/PycharmProjects/YouTube-airflow/airflow-venv/lib/python3.8/site-packages/airflow/example_dags/example_branch_python_dop_operator_3.py
[2024-11-26T14:37:07.838-0600] {processor.py:925} INFO - DAG(s) 'example_branch_dop_operator_v3' retrieved from /Users/beprathap/PycharmProjects/YouTube-airflow/airflow-venv/lib/python3.8/site-packages/airflow/example_dags/example_branch_python_dop_operator_3.py
[2024-11-26T14:37:07.871-0600] {logging_mixin.py:190} INFO - [2024-11-26T14:37:07.871-0600] {dag.py:3239} INFO - Sync 1 DAGs
[2024-11-26T14:37:07.878-0600] {logging_mixin.py:190} INFO - [2024-11-26T14:37:07.878-0600] {dag.py:4180} INFO - Setting next_dagrun for example_branch_dop_operator_v3 to 2024-11-26 20:36:00+00:00, run_after=2024-11-26 20:37:00+00:00
[2024-11-26T14:37:07.883-0600] {processor.py:208} INFO - Processing /Users/beprathap/PycharmProjects/YouTube-airflow/airflow-venv/lib/python3.8/site-packages/airflow/example_dags/example_branch_python_dop_operator_3.py took 0.060 seconds
[2024-11-26T14:39:26.304-0600] {processor.py:186} INFO - Started process (PID=19886) to work on /Users/beprathap/PycharmProjects/YouTube-airflow/airflow-venv/lib/python3.8/site-packages/airflow/example_dags/example_branch_python_dop_operator_3.py
[2024-11-26T14:39:26.304-0600] {processor.py:914} INFO - Processing file /Users/beprathap/PycharmProjects/YouTube-airflow/airflow-venv/lib/python3.8/site-packages/airflow/example_dags/example_branch_python_dop_operator_3.py for tasks to queue
[2024-11-26T14:39:26.305-0600] {logging_mixin.py:190} INFO - [2024-11-26T14:39:26.305-0600] {dagbag.py:588} INFO - Filling up the DagBag from /Users/beprathap/PycharmProjects/YouTube-airflow/airflow-venv/lib/python3.8/site-packages/airflow/example_dags/example_branch_python_dop_operator_3.py
[2024-11-26T14:39:26.316-0600] {processor.py:925} INFO - DAG(s) 'example_branch_dop_operator_v3' retrieved from /Users/beprathap/PycharmProjects/YouTube-airflow/airflow-venv/lib/python3.8/site-packages/airflow/example_dags/example_branch_python_dop_operator_3.py
[2024-11-26T14:39:26.350-0600] {logging_mixin.py:190} INFO - [2024-11-26T14:39:26.350-0600] {dag.py:3239} INFO - Sync 1 DAGs
[2024-11-26T14:39:26.357-0600] {logging_mixin.py:190} INFO - [2024-11-26T14:39:26.357-0600] {dag.py:4180} INFO - Setting next_dagrun for example_branch_dop_operator_v3 to 2024-11-26 20:38:00+00:00, run_after=2024-11-26 20:39:00+00:00
[2024-11-26T14:39:26.362-0600] {processor.py:208} INFO - Processing /Users/beprathap/PycharmProjects/YouTube-airflow/airflow-venv/lib/python3.8/site-packages/airflow/example_dags/example_branch_python_dop_operator_3.py took 0.059 seconds
[2024-11-26T14:41:39.304-0600] {processor.py:186} INFO - Started process (PID=20138) to work on /Users/beprathap/PycharmProjects/YouTube-airflow/airflow-venv/lib/python3.8/site-packages/airflow/example_dags/example_branch_python_dop_operator_3.py
[2024-11-26T14:41:39.305-0600] {processor.py:914} INFO - Processing file /Users/beprathap/PycharmProjects/YouTube-airflow/airflow-venv/lib/python3.8/site-packages/airflow/example_dags/example_branch_python_dop_operator_3.py for tasks to queue
[2024-11-26T14:41:39.305-0600] {logging_mixin.py:190} INFO - [2024-11-26T14:41:39.305-0600] {dagbag.py:588} INFO - Filling up the DagBag from /Users/beprathap/PycharmProjects/YouTube-airflow/airflow-venv/lib/python3.8/site-packages/airflow/example_dags/example_branch_python_dop_operator_3.py
[2024-11-26T14:41:39.317-0600] {processor.py:925} INFO - DAG(s) 'example_branch_dop_operator_v3' retrieved from /Users/beprathap/PycharmProjects/YouTube-airflow/airflow-venv/lib/python3.8/site-packages/airflow/example_dags/example_branch_python_dop_operator_3.py
[2024-11-26T14:41:39.350-0600] {logging_mixin.py:190} INFO - [2024-11-26T14:41:39.350-0600] {dag.py:3239} INFO - Sync 1 DAGs
[2024-11-26T14:41:39.357-0600] {logging_mixin.py:190} INFO - [2024-11-26T14:41:39.357-0600] {dag.py:4180} INFO - Setting next_dagrun for example_branch_dop_operator_v3 to 2024-11-26 20:40:00+00:00, run_after=2024-11-26 20:41:00+00:00
[2024-11-26T14:41:39.363-0600] {processor.py:208} INFO - Processing /Users/beprathap/PycharmProjects/YouTube-airflow/airflow-venv/lib/python3.8/site-packages/airflow/example_dags/example_branch_python_dop_operator_3.py took 0.060 seconds
[2024-11-26T14:43:50.224-0600] {processor.py:186} INFO - Started process (PID=20383) to work on /Users/beprathap/PycharmProjects/YouTube-airflow/airflow-venv/lib/python3.8/site-packages/airflow/example_dags/example_branch_python_dop_operator_3.py
[2024-11-26T14:43:50.225-0600] {processor.py:914} INFO - Processing file /Users/beprathap/PycharmProjects/YouTube-airflow/airflow-venv/lib/python3.8/site-packages/airflow/example_dags/example_branch_python_dop_operator_3.py for tasks to queue
[2024-11-26T14:43:50.225-0600] {logging_mixin.py:190} INFO - [2024-11-26T14:43:50.225-0600] {dagbag.py:588} INFO - Filling up the DagBag from /Users/beprathap/PycharmProjects/YouTube-airflow/airflow-venv/lib/python3.8/site-packages/airflow/example_dags/example_branch_python_dop_operator_3.py
[2024-11-26T14:43:50.238-0600] {processor.py:925} INFO - DAG(s) 'example_branch_dop_operator_v3' retrieved from /Users/beprathap/PycharmProjects/YouTube-airflow/airflow-venv/lib/python3.8/site-packages/airflow/example_dags/example_branch_python_dop_operator_3.py
[2024-11-26T14:43:50.272-0600] {logging_mixin.py:190} INFO - [2024-11-26T14:43:50.272-0600] {dag.py:3239} INFO - Sync 1 DAGs
[2024-11-26T14:43:50.280-0600] {logging_mixin.py:190} INFO - [2024-11-26T14:43:50.279-0600] {dag.py:4180} INFO - Setting next_dagrun for example_branch_dop_operator_v3 to 2024-11-26 20:42:00+00:00, run_after=2024-11-26 20:43:00+00:00
[2024-11-26T14:43:50.285-0600] {processor.py:208} INFO - Processing /Users/beprathap/PycharmProjects/YouTube-airflow/airflow-venv/lib/python3.8/site-packages/airflow/example_dags/example_branch_python_dop_operator_3.py took 0.062 seconds
[2024-11-26T14:46:03.623-0600] {processor.py:186} INFO - Started process (PID=20649) to work on /Users/beprathap/PycharmProjects/YouTube-airflow/airflow-venv/lib/python3.8/site-packages/airflow/example_dags/example_branch_python_dop_operator_3.py
[2024-11-26T14:46:03.623-0600] {processor.py:914} INFO - Processing file /Users/beprathap/PycharmProjects/YouTube-airflow/airflow-venv/lib/python3.8/site-packages/airflow/example_dags/example_branch_python_dop_operator_3.py for tasks to queue
[2024-11-26T14:46:03.624-0600] {logging_mixin.py:190} INFO - [2024-11-26T14:46:03.624-0600] {dagbag.py:588} INFO - Filling up the DagBag from /Users/beprathap/PycharmProjects/YouTube-airflow/airflow-venv/lib/python3.8/site-packages/airflow/example_dags/example_branch_python_dop_operator_3.py
[2024-11-26T14:46:03.636-0600] {processor.py:925} INFO - DAG(s) 'example_branch_dop_operator_v3' retrieved from /Users/beprathap/PycharmProjects/YouTube-airflow/airflow-venv/lib/python3.8/site-packages/airflow/example_dags/example_branch_python_dop_operator_3.py
[2024-11-26T14:46:03.671-0600] {logging_mixin.py:190} INFO - [2024-11-26T14:46:03.671-0600] {dag.py:3239} INFO - Sync 1 DAGs
[2024-11-26T14:46:03.678-0600] {logging_mixin.py:190} INFO - [2024-11-26T14:46:03.678-0600] {dag.py:4180} INFO - Setting next_dagrun for example_branch_dop_operator_v3 to 2024-11-26 20:45:00+00:00, run_after=2024-11-26 20:46:00+00:00
[2024-11-26T14:46:03.684-0600] {processor.py:208} INFO - Processing /Users/beprathap/PycharmProjects/YouTube-airflow/airflow-venv/lib/python3.8/site-packages/airflow/example_dags/example_branch_python_dop_operator_3.py took 0.063 seconds
[2024-11-26T14:48:17.302-0600] {processor.py:186} INFO - Started process (PID=20910) to work on /Users/beprathap/PycharmProjects/YouTube-airflow/airflow-venv/lib/python3.8/site-packages/airflow/example_dags/example_branch_python_dop_operator_3.py
[2024-11-26T14:48:17.302-0600] {processor.py:914} INFO - Processing file /Users/beprathap/PycharmProjects/YouTube-airflow/airflow-venv/lib/python3.8/site-packages/airflow/example_dags/example_branch_python_dop_operator_3.py for tasks to queue
[2024-11-26T14:48:17.303-0600] {logging_mixin.py:190} INFO - [2024-11-26T14:48:17.303-0600] {dagbag.py:588} INFO - Filling up the DagBag from /Users/beprathap/PycharmProjects/YouTube-airflow/airflow-venv/lib/python3.8/site-packages/airflow/example_dags/example_branch_python_dop_operator_3.py
[2024-11-26T14:48:17.315-0600] {processor.py:925} INFO - DAG(s) 'example_branch_dop_operator_v3' retrieved from /Users/beprathap/PycharmProjects/YouTube-airflow/airflow-venv/lib/python3.8/site-packages/airflow/example_dags/example_branch_python_dop_operator_3.py
[2024-11-26T14:48:17.353-0600] {logging_mixin.py:190} INFO - [2024-11-26T14:48:17.353-0600] {dag.py:3239} INFO - Sync 1 DAGs
[2024-11-26T14:48:17.362-0600] {logging_mixin.py:190} INFO - [2024-11-26T14:48:17.362-0600] {dag.py:4180} INFO - Setting next_dagrun for example_branch_dop_operator_v3 to 2024-11-26 20:47:00+00:00, run_after=2024-11-26 20:48:00+00:00
[2024-11-26T14:48:17.369-0600] {processor.py:208} INFO - Processing /Users/beprathap/PycharmProjects/YouTube-airflow/airflow-venv/lib/python3.8/site-packages/airflow/example_dags/example_branch_python_dop_operator_3.py took 0.068 seconds
[2024-11-26T15:02:25.630-0600] {processor.py:186} INFO - Started process (PID=21466) to work on /Library/Frameworks/Python.framework/Versions/3.8/lib/python3.8/site-packages/airflow/example_dags/example_branch_python_dop_operator_3.py
[2024-11-26T15:02:25.632-0600] {processor.py:914} INFO - Processing file /Library/Frameworks/Python.framework/Versions/3.8/lib/python3.8/site-packages/airflow/example_dags/example_branch_python_dop_operator_3.py for tasks to queue
[2024-11-26T15:02:25.632-0600] {logging_mixin.py:190} INFO - [2024-11-26T15:02:25.632-0600] {dagbag.py:588} INFO - Filling up the DagBag from /Library/Frameworks/Python.framework/Versions/3.8/lib/python3.8/site-packages/airflow/example_dags/example_branch_python_dop_operator_3.py
[2024-11-26T15:02:25.644-0600] {processor.py:925} INFO - DAG(s) 'example_branch_dop_operator_v3' retrieved from /Library/Frameworks/Python.framework/Versions/3.8/lib/python3.8/site-packages/airflow/example_dags/example_branch_python_dop_operator_3.py
[2024-11-26T15:02:25.708-0600] {logging_mixin.py:190} INFO - [2024-11-26T15:02:25.708-0600] {dag.py:3239} INFO - Sync 1 DAGs
[2024-11-26T15:02:25.715-0600] {logging_mixin.py:190} INFO - [2024-11-26T15:02:25.715-0600] {dag.py:4180} INFO - Setting next_dagrun for example_branch_dop_operator_v3 to 2024-11-26 21:01:00+00:00, run_after=2024-11-26 21:02:00+00:00
[2024-11-26T15:02:25.721-0600] {processor.py:208} INFO - Processing /Library/Frameworks/Python.framework/Versions/3.8/lib/python3.8/site-packages/airflow/example_dags/example_branch_python_dop_operator_3.py took 0.092 seconds
[2024-11-26T15:04:47.817-0600] {processor.py:186} INFO - Started process (PID=21717) to work on /Library/Frameworks/Python.framework/Versions/3.8/lib/python3.8/site-packages/airflow/example_dags/example_branch_python_dop_operator_3.py
[2024-11-26T15:04:47.818-0600] {processor.py:914} INFO - Processing file /Library/Frameworks/Python.framework/Versions/3.8/lib/python3.8/site-packages/airflow/example_dags/example_branch_python_dop_operator_3.py for tasks to queue
[2024-11-26T15:04:47.818-0600] {logging_mixin.py:190} INFO - [2024-11-26T15:04:47.818-0600] {dagbag.py:588} INFO - Filling up the DagBag from /Library/Frameworks/Python.framework/Versions/3.8/lib/python3.8/site-packages/airflow/example_dags/example_branch_python_dop_operator_3.py
[2024-11-26T15:04:47.830-0600] {processor.py:925} INFO - DAG(s) 'example_branch_dop_operator_v3' retrieved from /Library/Frameworks/Python.framework/Versions/3.8/lib/python3.8/site-packages/airflow/example_dags/example_branch_python_dop_operator_3.py
[2024-11-26T15:04:47.863-0600] {logging_mixin.py:190} INFO - [2024-11-26T15:04:47.863-0600] {dag.py:3239} INFO - Sync 1 DAGs
[2024-11-26T15:04:47.870-0600] {logging_mixin.py:190} INFO - [2024-11-26T15:04:47.870-0600] {dag.py:4180} INFO - Setting next_dagrun for example_branch_dop_operator_v3 to 2024-11-26 21:03:00+00:00, run_after=2024-11-26 21:04:00+00:00
[2024-11-26T15:04:47.876-0600] {processor.py:208} INFO - Processing /Library/Frameworks/Python.framework/Versions/3.8/lib/python3.8/site-packages/airflow/example_dags/example_branch_python_dop_operator_3.py took 0.060 seconds
[2024-11-26T15:07:07.233-0600] {processor.py:186} INFO - Started process (PID=21975) to work on /Library/Frameworks/Python.framework/Versions/3.8/lib/python3.8/site-packages/airflow/example_dags/example_branch_python_dop_operator_3.py
[2024-11-26T15:07:07.233-0600] {processor.py:914} INFO - Processing file /Library/Frameworks/Python.framework/Versions/3.8/lib/python3.8/site-packages/airflow/example_dags/example_branch_python_dop_operator_3.py for tasks to queue
[2024-11-26T15:07:07.235-0600] {logging_mixin.py:190} INFO - [2024-11-26T15:07:07.235-0600] {dagbag.py:588} INFO - Filling up the DagBag from /Library/Frameworks/Python.framework/Versions/3.8/lib/python3.8/site-packages/airflow/example_dags/example_branch_python_dop_operator_3.py
[2024-11-26T15:07:07.247-0600] {processor.py:925} INFO - DAG(s) 'example_branch_dop_operator_v3' retrieved from /Library/Frameworks/Python.framework/Versions/3.8/lib/python3.8/site-packages/airflow/example_dags/example_branch_python_dop_operator_3.py
[2024-11-26T15:07:07.282-0600] {logging_mixin.py:190} INFO - [2024-11-26T15:07:07.282-0600] {dag.py:3239} INFO - Sync 1 DAGs
[2024-11-26T15:07:07.289-0600] {logging_mixin.py:190} INFO - [2024-11-26T15:07:07.289-0600] {dag.py:4180} INFO - Setting next_dagrun for example_branch_dop_operator_v3 to 2024-11-26 21:06:00+00:00, run_after=2024-11-26 21:07:00+00:00
[2024-11-26T15:07:07.295-0600] {processor.py:208} INFO - Processing /Library/Frameworks/Python.framework/Versions/3.8/lib/python3.8/site-packages/airflow/example_dags/example_branch_python_dop_operator_3.py took 0.063 seconds
[2024-11-26T15:17:23.441-0600] {processor.py:186} INFO - Started process (PID=22467) to work on /Library/Frameworks/Python.framework/Versions/3.8/lib/python3.8/site-packages/airflow/example_dags/example_branch_python_dop_operator_3.py
[2024-11-26T15:17:23.442-0600] {processor.py:914} INFO - Processing file /Library/Frameworks/Python.framework/Versions/3.8/lib/python3.8/site-packages/airflow/example_dags/example_branch_python_dop_operator_3.py for tasks to queue
[2024-11-26T15:17:23.443-0600] {logging_mixin.py:190} INFO - [2024-11-26T15:17:23.443-0600] {dagbag.py:588} INFO - Filling up the DagBag from /Library/Frameworks/Python.framework/Versions/3.8/lib/python3.8/site-packages/airflow/example_dags/example_branch_python_dop_operator_3.py
[2024-11-26T15:17:23.455-0600] {processor.py:925} INFO - DAG(s) 'example_branch_dop_operator_v3' retrieved from /Library/Frameworks/Python.framework/Versions/3.8/lib/python3.8/site-packages/airflow/example_dags/example_branch_python_dop_operator_3.py
[2024-11-26T15:17:23.488-0600] {logging_mixin.py:190} INFO - [2024-11-26T15:17:23.488-0600] {dag.py:3239} INFO - Sync 1 DAGs
[2024-11-26T15:17:23.495-0600] {logging_mixin.py:190} INFO - [2024-11-26T15:17:23.495-0600] {dag.py:4180} INFO - Setting next_dagrun for example_branch_dop_operator_v3 to 2024-11-26 21:16:00+00:00, run_after=2024-11-26 21:17:00+00:00
[2024-11-26T15:17:23.501-0600] {processor.py:208} INFO - Processing /Library/Frameworks/Python.framework/Versions/3.8/lib/python3.8/site-packages/airflow/example_dags/example_branch_python_dop_operator_3.py took 0.061 seconds
[2024-11-26T15:19:39.101-0600] {processor.py:186} INFO - Started process (PID=22729) to work on /Library/Frameworks/Python.framework/Versions/3.8/lib/python3.8/site-packages/airflow/example_dags/example_branch_python_dop_operator_3.py
[2024-11-26T15:19:39.101-0600] {processor.py:914} INFO - Processing file /Library/Frameworks/Python.framework/Versions/3.8/lib/python3.8/site-packages/airflow/example_dags/example_branch_python_dop_operator_3.py for tasks to queue
[2024-11-26T15:19:39.102-0600] {logging_mixin.py:190} INFO - [2024-11-26T15:19:39.102-0600] {dagbag.py:588} INFO - Filling up the DagBag from /Library/Frameworks/Python.framework/Versions/3.8/lib/python3.8/site-packages/airflow/example_dags/example_branch_python_dop_operator_3.py
[2024-11-26T15:19:39.114-0600] {processor.py:925} INFO - DAG(s) 'example_branch_dop_operator_v3' retrieved from /Library/Frameworks/Python.framework/Versions/3.8/lib/python3.8/site-packages/airflow/example_dags/example_branch_python_dop_operator_3.py
[2024-11-26T15:19:39.149-0600] {logging_mixin.py:190} INFO - [2024-11-26T15:19:39.149-0600] {dag.py:3239} INFO - Sync 1 DAGs
[2024-11-26T15:19:39.156-0600] {logging_mixin.py:190} INFO - [2024-11-26T15:19:39.156-0600] {dag.py:4180} INFO - Setting next_dagrun for example_branch_dop_operator_v3 to 2024-11-26 21:18:00+00:00, run_after=2024-11-26 21:19:00+00:00
[2024-11-26T15:19:39.162-0600] {processor.py:208} INFO - Processing /Library/Frameworks/Python.framework/Versions/3.8/lib/python3.8/site-packages/airflow/example_dags/example_branch_python_dop_operator_3.py took 0.062 seconds
[2024-11-26T15:21:51.632-0600] {processor.py:186} INFO - Started process (PID=22987) to work on /Library/Frameworks/Python.framework/Versions/3.8/lib/python3.8/site-packages/airflow/example_dags/example_branch_python_dop_operator_3.py
[2024-11-26T15:21:51.632-0600] {processor.py:914} INFO - Processing file /Library/Frameworks/Python.framework/Versions/3.8/lib/python3.8/site-packages/airflow/example_dags/example_branch_python_dop_operator_3.py for tasks to queue
[2024-11-26T15:21:51.633-0600] {logging_mixin.py:190} INFO - [2024-11-26T15:21:51.633-0600] {dagbag.py:588} INFO - Filling up the DagBag from /Library/Frameworks/Python.framework/Versions/3.8/lib/python3.8/site-packages/airflow/example_dags/example_branch_python_dop_operator_3.py
[2024-11-26T15:21:51.645-0600] {processor.py:925} INFO - DAG(s) 'example_branch_dop_operator_v3' retrieved from /Library/Frameworks/Python.framework/Versions/3.8/lib/python3.8/site-packages/airflow/example_dags/example_branch_python_dop_operator_3.py
[2024-11-26T15:21:51.679-0600] {logging_mixin.py:190} INFO - [2024-11-26T15:21:51.679-0600] {dag.py:3239} INFO - Sync 1 DAGs
[2024-11-26T15:21:51.686-0600] {logging_mixin.py:190} INFO - [2024-11-26T15:21:51.686-0600] {dag.py:4180} INFO - Setting next_dagrun for example_branch_dop_operator_v3 to 2024-11-26 21:20:00+00:00, run_after=2024-11-26 21:21:00+00:00
[2024-11-26T15:21:51.692-0600] {processor.py:208} INFO - Processing /Library/Frameworks/Python.framework/Versions/3.8/lib/python3.8/site-packages/airflow/example_dags/example_branch_python_dop_operator_3.py took 0.061 seconds
[2024-11-26T15:34:17.740-0600] {processor.py:186} INFO - Started process (PID=23558) to work on /Library/Frameworks/Python.framework/Versions/3.8/lib/python3.8/site-packages/airflow/example_dags/example_branch_python_dop_operator_3.py
[2024-11-26T15:34:17.741-0600] {processor.py:914} INFO - Processing file /Library/Frameworks/Python.framework/Versions/3.8/lib/python3.8/site-packages/airflow/example_dags/example_branch_python_dop_operator_3.py for tasks to queue
[2024-11-26T15:34:17.742-0600] {logging_mixin.py:190} INFO - [2024-11-26T15:34:17.742-0600] {dagbag.py:588} INFO - Filling up the DagBag from /Library/Frameworks/Python.framework/Versions/3.8/lib/python3.8/site-packages/airflow/example_dags/example_branch_python_dop_operator_3.py
[2024-11-26T15:34:17.754-0600] {processor.py:925} INFO - DAG(s) 'example_branch_dop_operator_v3' retrieved from /Library/Frameworks/Python.framework/Versions/3.8/lib/python3.8/site-packages/airflow/example_dags/example_branch_python_dop_operator_3.py
[2024-11-26T15:34:17.787-0600] {logging_mixin.py:190} INFO - [2024-11-26T15:34:17.787-0600] {dag.py:3239} INFO - Sync 1 DAGs
[2024-11-26T15:34:17.794-0600] {logging_mixin.py:190} INFO - [2024-11-26T15:34:17.794-0600] {dag.py:4180} INFO - Setting next_dagrun for example_branch_dop_operator_v3 to 2024-11-26 21:33:00+00:00, run_after=2024-11-26 21:34:00+00:00
[2024-11-26T15:34:17.799-0600] {processor.py:208} INFO - Processing /Library/Frameworks/Python.framework/Versions/3.8/lib/python3.8/site-packages/airflow/example_dags/example_branch_python_dop_operator_3.py took 0.061 seconds
[2024-11-26T15:36:33.634-0600] {processor.py:186} INFO - Started process (PID=23824) to work on /Library/Frameworks/Python.framework/Versions/3.8/lib/python3.8/site-packages/airflow/example_dags/example_branch_python_dop_operator_3.py
[2024-11-26T15:36:33.635-0600] {processor.py:914} INFO - Processing file /Library/Frameworks/Python.framework/Versions/3.8/lib/python3.8/site-packages/airflow/example_dags/example_branch_python_dop_operator_3.py for tasks to queue
[2024-11-26T15:36:33.635-0600] {logging_mixin.py:190} INFO - [2024-11-26T15:36:33.635-0600] {dagbag.py:588} INFO - Filling up the DagBag from /Library/Frameworks/Python.framework/Versions/3.8/lib/python3.8/site-packages/airflow/example_dags/example_branch_python_dop_operator_3.py
[2024-11-26T15:36:33.648-0600] {processor.py:925} INFO - DAG(s) 'example_branch_dop_operator_v3' retrieved from /Library/Frameworks/Python.framework/Versions/3.8/lib/python3.8/site-packages/airflow/example_dags/example_branch_python_dop_operator_3.py
[2024-11-26T15:36:33.682-0600] {logging_mixin.py:190} INFO - [2024-11-26T15:36:33.682-0600] {dag.py:3239} INFO - Sync 1 DAGs
[2024-11-26T15:36:33.690-0600] {logging_mixin.py:190} INFO - [2024-11-26T15:36:33.690-0600] {dag.py:4180} INFO - Setting next_dagrun for example_branch_dop_operator_v3 to 2024-11-26 21:35:00+00:00, run_after=2024-11-26 21:36:00+00:00
[2024-11-26T15:36:33.696-0600] {processor.py:208} INFO - Processing /Library/Frameworks/Python.framework/Versions/3.8/lib/python3.8/site-packages/airflow/example_dags/example_branch_python_dop_operator_3.py took 0.063 seconds
[2024-11-26T15:38:50.570-0600] {processor.py:186} INFO - Started process (PID=24079) to work on /Library/Frameworks/Python.framework/Versions/3.8/lib/python3.8/site-packages/airflow/example_dags/example_branch_python_dop_operator_3.py
[2024-11-26T15:38:50.570-0600] {processor.py:914} INFO - Processing file /Library/Frameworks/Python.framework/Versions/3.8/lib/python3.8/site-packages/airflow/example_dags/example_branch_python_dop_operator_3.py for tasks to queue
[2024-11-26T15:38:50.571-0600] {logging_mixin.py:190} INFO - [2024-11-26T15:38:50.570-0600] {dagbag.py:588} INFO - Filling up the DagBag from /Library/Frameworks/Python.framework/Versions/3.8/lib/python3.8/site-packages/airflow/example_dags/example_branch_python_dop_operator_3.py
[2024-11-26T15:38:50.583-0600] {processor.py:925} INFO - DAG(s) 'example_branch_dop_operator_v3' retrieved from /Library/Frameworks/Python.framework/Versions/3.8/lib/python3.8/site-packages/airflow/example_dags/example_branch_python_dop_operator_3.py
[2024-11-26T15:38:50.617-0600] {logging_mixin.py:190} INFO - [2024-11-26T15:38:50.617-0600] {dag.py:3239} INFO - Sync 1 DAGs
[2024-11-26T15:38:50.624-0600] {logging_mixin.py:190} INFO - [2024-11-26T15:38:50.624-0600] {dag.py:4180} INFO - Setting next_dagrun for example_branch_dop_operator_v3 to 2024-11-26 21:37:00+00:00, run_after=2024-11-26 21:38:00+00:00
[2024-11-26T15:38:50.630-0600] {processor.py:208} INFO - Processing /Library/Frameworks/Python.framework/Versions/3.8/lib/python3.8/site-packages/airflow/example_dags/example_branch_python_dop_operator_3.py took 0.061 seconds
[2024-11-26T15:41:05.809-0600] {processor.py:186} INFO - Started process (PID=24339) to work on /Library/Frameworks/Python.framework/Versions/3.8/lib/python3.8/site-packages/airflow/example_dags/example_branch_python_dop_operator_3.py
[2024-11-26T15:41:05.810-0600] {processor.py:914} INFO - Processing file /Library/Frameworks/Python.framework/Versions/3.8/lib/python3.8/site-packages/airflow/example_dags/example_branch_python_dop_operator_3.py for tasks to queue
[2024-11-26T15:41:05.810-0600] {logging_mixin.py:190} INFO - [2024-11-26T15:41:05.810-0600] {dagbag.py:588} INFO - Filling up the DagBag from /Library/Frameworks/Python.framework/Versions/3.8/lib/python3.8/site-packages/airflow/example_dags/example_branch_python_dop_operator_3.py
[2024-11-26T15:41:05.823-0600] {processor.py:925} INFO - DAG(s) 'example_branch_dop_operator_v3' retrieved from /Library/Frameworks/Python.framework/Versions/3.8/lib/python3.8/site-packages/airflow/example_dags/example_branch_python_dop_operator_3.py
[2024-11-26T15:41:05.858-0600] {logging_mixin.py:190} INFO - [2024-11-26T15:41:05.858-0600] {dag.py:3239} INFO - Sync 1 DAGs
[2024-11-26T15:41:05.865-0600] {logging_mixin.py:190} INFO - [2024-11-26T15:41:05.865-0600] {dag.py:4180} INFO - Setting next_dagrun for example_branch_dop_operator_v3 to 2024-11-26 21:40:00+00:00, run_after=2024-11-26 21:41:00+00:00
[2024-11-26T15:41:05.871-0600] {processor.py:208} INFO - Processing /Library/Frameworks/Python.framework/Versions/3.8/lib/python3.8/site-packages/airflow/example_dags/example_branch_python_dop_operator_3.py took 0.063 seconds
[2024-11-26T15:43:21.483-0600] {processor.py:186} INFO - Started process (PID=24588) to work on /Library/Frameworks/Python.framework/Versions/3.8/lib/python3.8/site-packages/airflow/example_dags/example_branch_python_dop_operator_3.py
[2024-11-26T15:43:21.484-0600] {processor.py:914} INFO - Processing file /Library/Frameworks/Python.framework/Versions/3.8/lib/python3.8/site-packages/airflow/example_dags/example_branch_python_dop_operator_3.py for tasks to queue
[2024-11-26T15:43:21.484-0600] {logging_mixin.py:190} INFO - [2024-11-26T15:43:21.484-0600] {dagbag.py:588} INFO - Filling up the DagBag from /Library/Frameworks/Python.framework/Versions/3.8/lib/python3.8/site-packages/airflow/example_dags/example_branch_python_dop_operator_3.py
[2024-11-26T15:43:21.497-0600] {processor.py:925} INFO - DAG(s) 'example_branch_dop_operator_v3' retrieved from /Library/Frameworks/Python.framework/Versions/3.8/lib/python3.8/site-packages/airflow/example_dags/example_branch_python_dop_operator_3.py
[2024-11-26T15:43:21.531-0600] {logging_mixin.py:190} INFO - [2024-11-26T15:43:21.531-0600] {dag.py:3239} INFO - Sync 1 DAGs
[2024-11-26T15:43:21.538-0600] {logging_mixin.py:190} INFO - [2024-11-26T15:43:21.538-0600] {dag.py:4180} INFO - Setting next_dagrun for example_branch_dop_operator_v3 to 2024-11-26 21:42:00+00:00, run_after=2024-11-26 21:43:00+00:00
[2024-11-26T15:43:21.544-0600] {processor.py:208} INFO - Processing /Library/Frameworks/Python.framework/Versions/3.8/lib/python3.8/site-packages/airflow/example_dags/example_branch_python_dop_operator_3.py took 0.062 seconds
[2024-11-26T15:45:37.322-0600] {processor.py:186} INFO - Started process (PID=24839) to work on /Library/Frameworks/Python.framework/Versions/3.8/lib/python3.8/site-packages/airflow/example_dags/example_branch_python_dop_operator_3.py
[2024-11-26T15:45:37.323-0600] {processor.py:914} INFO - Processing file /Library/Frameworks/Python.framework/Versions/3.8/lib/python3.8/site-packages/airflow/example_dags/example_branch_python_dop_operator_3.py for tasks to queue
[2024-11-26T15:45:37.324-0600] {logging_mixin.py:190} INFO - [2024-11-26T15:45:37.324-0600] {dagbag.py:588} INFO - Filling up the DagBag from /Library/Frameworks/Python.framework/Versions/3.8/lib/python3.8/site-packages/airflow/example_dags/example_branch_python_dop_operator_3.py
[2024-11-26T15:45:37.336-0600] {processor.py:925} INFO - DAG(s) 'example_branch_dop_operator_v3' retrieved from /Library/Frameworks/Python.framework/Versions/3.8/lib/python3.8/site-packages/airflow/example_dags/example_branch_python_dop_operator_3.py
[2024-11-26T15:45:37.371-0600] {logging_mixin.py:190} INFO - [2024-11-26T15:45:37.371-0600] {dag.py:3239} INFO - Sync 1 DAGs
[2024-11-26T15:45:37.378-0600] {logging_mixin.py:190} INFO - [2024-11-26T15:45:37.378-0600] {dag.py:4180} INFO - Setting next_dagrun for example_branch_dop_operator_v3 to 2024-11-26 21:44:00+00:00, run_after=2024-11-26 21:45:00+00:00
[2024-11-26T15:45:37.384-0600] {processor.py:208} INFO - Processing /Library/Frameworks/Python.framework/Versions/3.8/lib/python3.8/site-packages/airflow/example_dags/example_branch_python_dop_operator_3.py took 0.063 seconds
[2024-11-26T15:47:48.612-0600] {processor.py:186} INFO - Started process (PID=25092) to work on /Library/Frameworks/Python.framework/Versions/3.8/lib/python3.8/site-packages/airflow/example_dags/example_branch_python_dop_operator_3.py
[2024-11-26T15:47:48.613-0600] {processor.py:914} INFO - Processing file /Library/Frameworks/Python.framework/Versions/3.8/lib/python3.8/site-packages/airflow/example_dags/example_branch_python_dop_operator_3.py for tasks to queue
[2024-11-26T15:47:48.613-0600] {logging_mixin.py:190} INFO - [2024-11-26T15:47:48.613-0600] {dagbag.py:588} INFO - Filling up the DagBag from /Library/Frameworks/Python.framework/Versions/3.8/lib/python3.8/site-packages/airflow/example_dags/example_branch_python_dop_operator_3.py
[2024-11-26T15:47:48.625-0600] {processor.py:925} INFO - DAG(s) 'example_branch_dop_operator_v3' retrieved from /Library/Frameworks/Python.framework/Versions/3.8/lib/python3.8/site-packages/airflow/example_dags/example_branch_python_dop_operator_3.py
[2024-11-26T15:47:48.659-0600] {logging_mixin.py:190} INFO - [2024-11-26T15:47:48.659-0600] {dag.py:3239} INFO - Sync 1 DAGs
[2024-11-26T15:47:48.666-0600] {logging_mixin.py:190} INFO - [2024-11-26T15:47:48.666-0600] {dag.py:4180} INFO - Setting next_dagrun for example_branch_dop_operator_v3 to 2024-11-26 21:46:00+00:00, run_after=2024-11-26 21:47:00+00:00
[2024-11-26T15:47:48.672-0600] {processor.py:208} INFO - Processing /Library/Frameworks/Python.framework/Versions/3.8/lib/python3.8/site-packages/airflow/example_dags/example_branch_python_dop_operator_3.py took 0.061 seconds
[2024-11-26T15:50:03.733-0600] {processor.py:186} INFO - Started process (PID=25349) to work on /Library/Frameworks/Python.framework/Versions/3.8/lib/python3.8/site-packages/airflow/example_dags/example_branch_python_dop_operator_3.py
[2024-11-26T15:50:03.734-0600] {processor.py:914} INFO - Processing file /Library/Frameworks/Python.framework/Versions/3.8/lib/python3.8/site-packages/airflow/example_dags/example_branch_python_dop_operator_3.py for tasks to queue
[2024-11-26T15:50:03.735-0600] {logging_mixin.py:190} INFO - [2024-11-26T15:50:03.735-0600] {dagbag.py:588} INFO - Filling up the DagBag from /Library/Frameworks/Python.framework/Versions/3.8/lib/python3.8/site-packages/airflow/example_dags/example_branch_python_dop_operator_3.py
[2024-11-26T15:50:03.748-0600] {processor.py:925} INFO - DAG(s) 'example_branch_dop_operator_v3' retrieved from /Library/Frameworks/Python.framework/Versions/3.8/lib/python3.8/site-packages/airflow/example_dags/example_branch_python_dop_operator_3.py
[2024-11-26T15:50:03.784-0600] {logging_mixin.py:190} INFO - [2024-11-26T15:50:03.784-0600] {dag.py:3239} INFO - Sync 1 DAGs
[2024-11-26T15:50:03.792-0600] {logging_mixin.py:190} INFO - [2024-11-26T15:50:03.792-0600] {dag.py:4180} INFO - Setting next_dagrun for example_branch_dop_operator_v3 to 2024-11-26 21:49:00+00:00, run_after=2024-11-26 21:50:00+00:00
[2024-11-26T15:50:03.798-0600] {processor.py:208} INFO - Processing /Library/Frameworks/Python.framework/Versions/3.8/lib/python3.8/site-packages/airflow/example_dags/example_branch_python_dop_operator_3.py took 0.066 seconds
[2024-11-26T15:52:15.654-0600] {processor.py:186} INFO - Started process (PID=25609) to work on /Library/Frameworks/Python.framework/Versions/3.8/lib/python3.8/site-packages/airflow/example_dags/example_branch_python_dop_operator_3.py
[2024-11-26T15:52:15.656-0600] {processor.py:914} INFO - Processing file /Library/Frameworks/Python.framework/Versions/3.8/lib/python3.8/site-packages/airflow/example_dags/example_branch_python_dop_operator_3.py for tasks to queue
[2024-11-26T15:52:15.656-0600] {logging_mixin.py:190} INFO - [2024-11-26T15:52:15.656-0600] {dagbag.py:588} INFO - Filling up the DagBag from /Library/Frameworks/Python.framework/Versions/3.8/lib/python3.8/site-packages/airflow/example_dags/example_branch_python_dop_operator_3.py
[2024-11-26T15:52:15.669-0600] {processor.py:925} INFO - DAG(s) 'example_branch_dop_operator_v3' retrieved from /Library/Frameworks/Python.framework/Versions/3.8/lib/python3.8/site-packages/airflow/example_dags/example_branch_python_dop_operator_3.py
[2024-11-26T15:52:15.703-0600] {logging_mixin.py:190} INFO - [2024-11-26T15:52:15.703-0600] {dag.py:3239} INFO - Sync 1 DAGs
[2024-11-26T15:52:15.710-0600] {logging_mixin.py:190} INFO - [2024-11-26T15:52:15.710-0600] {dag.py:4180} INFO - Setting next_dagrun for example_branch_dop_operator_v3 to 2024-11-26 21:51:00+00:00, run_after=2024-11-26 21:52:00+00:00
[2024-11-26T15:52:15.716-0600] {processor.py:208} INFO - Processing /Library/Frameworks/Python.framework/Versions/3.8/lib/python3.8/site-packages/airflow/example_dags/example_branch_python_dop_operator_3.py took 0.063 seconds
[2024-11-26T15:54:42.551-0600] {processor.py:186} INFO - Started process (PID=25878) to work on /Library/Frameworks/Python.framework/Versions/3.8/lib/python3.8/site-packages/airflow/example_dags/example_branch_python_dop_operator_3.py
[2024-11-26T15:54:42.552-0600] {processor.py:914} INFO - Processing file /Library/Frameworks/Python.framework/Versions/3.8/lib/python3.8/site-packages/airflow/example_dags/example_branch_python_dop_operator_3.py for tasks to queue
[2024-11-26T15:54:42.552-0600] {logging_mixin.py:190} INFO - [2024-11-26T15:54:42.552-0600] {dagbag.py:588} INFO - Filling up the DagBag from /Library/Frameworks/Python.framework/Versions/3.8/lib/python3.8/site-packages/airflow/example_dags/example_branch_python_dop_operator_3.py
[2024-11-26T15:54:42.565-0600] {processor.py:925} INFO - DAG(s) 'example_branch_dop_operator_v3' retrieved from /Library/Frameworks/Python.framework/Versions/3.8/lib/python3.8/site-packages/airflow/example_dags/example_branch_python_dop_operator_3.py
[2024-11-26T15:54:42.600-0600] {logging_mixin.py:190} INFO - [2024-11-26T15:54:42.600-0600] {dag.py:3239} INFO - Sync 1 DAGs
[2024-11-26T15:54:42.607-0600] {logging_mixin.py:190} INFO - [2024-11-26T15:54:42.607-0600] {dag.py:4180} INFO - Setting next_dagrun for example_branch_dop_operator_v3 to 2024-11-26 21:53:00+00:00, run_after=2024-11-26 21:54:00+00:00
[2024-11-26T15:54:42.613-0600] {processor.py:208} INFO - Processing /Library/Frameworks/Python.framework/Versions/3.8/lib/python3.8/site-packages/airflow/example_dags/example_branch_python_dop_operator_3.py took 0.063 seconds
[2024-11-26T15:57:00.144-0600] {processor.py:186} INFO - Started process (PID=26184) to work on /Library/Frameworks/Python.framework/Versions/3.8/lib/python3.8/site-packages/airflow/example_dags/example_branch_python_dop_operator_3.py
[2024-11-26T15:57:00.144-0600] {processor.py:914} INFO - Processing file /Library/Frameworks/Python.framework/Versions/3.8/lib/python3.8/site-packages/airflow/example_dags/example_branch_python_dop_operator_3.py for tasks to queue
[2024-11-26T15:57:00.145-0600] {logging_mixin.py:190} INFO - [2024-11-26T15:57:00.145-0600] {dagbag.py:588} INFO - Filling up the DagBag from /Library/Frameworks/Python.framework/Versions/3.8/lib/python3.8/site-packages/airflow/example_dags/example_branch_python_dop_operator_3.py
[2024-11-26T15:57:00.160-0600] {processor.py:925} INFO - DAG(s) 'example_branch_dop_operator_v3' retrieved from /Library/Frameworks/Python.framework/Versions/3.8/lib/python3.8/site-packages/airflow/example_dags/example_branch_python_dop_operator_3.py
[2024-11-26T15:57:00.197-0600] {logging_mixin.py:190} INFO - [2024-11-26T15:57:00.197-0600] {dag.py:3239} INFO - Sync 1 DAGs
[2024-11-26T15:57:00.206-0600] {logging_mixin.py:190} INFO - [2024-11-26T15:57:00.206-0600] {dag.py:4180} INFO - Setting next_dagrun for example_branch_dop_operator_v3 to 2024-11-26 21:56:00+00:00, run_after=2024-11-26 21:57:00+00:00
[2024-11-26T15:57:00.213-0600] {processor.py:208} INFO - Processing /Library/Frameworks/Python.framework/Versions/3.8/lib/python3.8/site-packages/airflow/example_dags/example_branch_python_dop_operator_3.py took 0.071 seconds
[2024-11-26T15:59:14.492-0600] {processor.py:186} INFO - Started process (PID=26451) to work on /Library/Frameworks/Python.framework/Versions/3.8/lib/python3.8/site-packages/airflow/example_dags/example_branch_python_dop_operator_3.py
[2024-11-26T15:59:14.493-0600] {processor.py:914} INFO - Processing file /Library/Frameworks/Python.framework/Versions/3.8/lib/python3.8/site-packages/airflow/example_dags/example_branch_python_dop_operator_3.py for tasks to queue
[2024-11-26T15:59:14.493-0600] {logging_mixin.py:190} INFO - [2024-11-26T15:59:14.493-0600] {dagbag.py:588} INFO - Filling up the DagBag from /Library/Frameworks/Python.framework/Versions/3.8/lib/python3.8/site-packages/airflow/example_dags/example_branch_python_dop_operator_3.py
[2024-11-26T15:59:14.505-0600] {processor.py:925} INFO - DAG(s) 'example_branch_dop_operator_v3' retrieved from /Library/Frameworks/Python.framework/Versions/3.8/lib/python3.8/site-packages/airflow/example_dags/example_branch_python_dop_operator_3.py
[2024-11-26T15:59:14.539-0600] {logging_mixin.py:190} INFO - [2024-11-26T15:59:14.539-0600] {dag.py:3239} INFO - Sync 1 DAGs
[2024-11-26T15:59:14.546-0600] {logging_mixin.py:190} INFO - [2024-11-26T15:59:14.546-0600] {dag.py:4180} INFO - Setting next_dagrun for example_branch_dop_operator_v3 to 2024-11-26 21:58:00+00:00, run_after=2024-11-26 21:59:00+00:00
[2024-11-26T15:59:14.552-0600] {processor.py:208} INFO - Processing /Library/Frameworks/Python.framework/Versions/3.8/lib/python3.8/site-packages/airflow/example_dags/example_branch_python_dop_operator_3.py took 0.061 seconds
[2024-11-26T16:01:31.090-0600] {processor.py:186} INFO - Started process (PID=26726) to work on /Library/Frameworks/Python.framework/Versions/3.8/lib/python3.8/site-packages/airflow/example_dags/example_branch_python_dop_operator_3.py
[2024-11-26T16:01:31.091-0600] {processor.py:914} INFO - Processing file /Library/Frameworks/Python.framework/Versions/3.8/lib/python3.8/site-packages/airflow/example_dags/example_branch_python_dop_operator_3.py for tasks to queue
[2024-11-26T16:01:31.092-0600] {logging_mixin.py:190} INFO - [2024-11-26T16:01:31.092-0600] {dagbag.py:588} INFO - Filling up the DagBag from /Library/Frameworks/Python.framework/Versions/3.8/lib/python3.8/site-packages/airflow/example_dags/example_branch_python_dop_operator_3.py
[2024-11-26T16:01:31.105-0600] {processor.py:925} INFO - DAG(s) 'example_branch_dop_operator_v3' retrieved from /Library/Frameworks/Python.framework/Versions/3.8/lib/python3.8/site-packages/airflow/example_dags/example_branch_python_dop_operator_3.py
[2024-11-26T16:01:31.140-0600] {logging_mixin.py:190} INFO - [2024-11-26T16:01:31.140-0600] {dag.py:3239} INFO - Sync 1 DAGs
[2024-11-26T16:01:31.149-0600] {logging_mixin.py:190} INFO - [2024-11-26T16:01:31.149-0600] {dag.py:4180} INFO - Setting next_dagrun for example_branch_dop_operator_v3 to 2024-11-26 22:00:00+00:00, run_after=2024-11-26 22:01:00+00:00
[2024-11-26T16:01:31.155-0600] {processor.py:208} INFO - Processing /Library/Frameworks/Python.framework/Versions/3.8/lib/python3.8/site-packages/airflow/example_dags/example_branch_python_dop_operator_3.py took 0.066 seconds
[2024-11-26T16:03:43.016-0600] {processor.py:186} INFO - Started process (PID=26972) to work on /Library/Frameworks/Python.framework/Versions/3.8/lib/python3.8/site-packages/airflow/example_dags/example_branch_python_dop_operator_3.py
[2024-11-26T16:03:43.017-0600] {processor.py:914} INFO - Processing file /Library/Frameworks/Python.framework/Versions/3.8/lib/python3.8/site-packages/airflow/example_dags/example_branch_python_dop_operator_3.py for tasks to queue
[2024-11-26T16:03:43.017-0600] {logging_mixin.py:190} INFO - [2024-11-26T16:03:43.017-0600] {dagbag.py:588} INFO - Filling up the DagBag from /Library/Frameworks/Python.framework/Versions/3.8/lib/python3.8/site-packages/airflow/example_dags/example_branch_python_dop_operator_3.py
[2024-11-26T16:03:43.029-0600] {processor.py:925} INFO - DAG(s) 'example_branch_dop_operator_v3' retrieved from /Library/Frameworks/Python.framework/Versions/3.8/lib/python3.8/site-packages/airflow/example_dags/example_branch_python_dop_operator_3.py
[2024-11-26T16:03:43.063-0600] {logging_mixin.py:190} INFO - [2024-11-26T16:03:43.063-0600] {dag.py:3239} INFO - Sync 1 DAGs
[2024-11-26T16:03:43.070-0600] {logging_mixin.py:190} INFO - [2024-11-26T16:03:43.070-0600] {dag.py:4180} INFO - Setting next_dagrun for example_branch_dop_operator_v3 to 2024-11-26 22:02:00+00:00, run_after=2024-11-26 22:03:00+00:00
[2024-11-26T16:03:43.076-0600] {processor.py:208} INFO - Processing /Library/Frameworks/Python.framework/Versions/3.8/lib/python3.8/site-packages/airflow/example_dags/example_branch_python_dop_operator_3.py took 0.062 seconds
[2024-11-26T16:06:02.919-0600] {processor.py:186} INFO - Started process (PID=27221) to work on /Library/Frameworks/Python.framework/Versions/3.8/lib/python3.8/site-packages/airflow/example_dags/example_branch_python_dop_operator_3.py
[2024-11-26T16:06:02.919-0600] {processor.py:914} INFO - Processing file /Library/Frameworks/Python.framework/Versions/3.8/lib/python3.8/site-packages/airflow/example_dags/example_branch_python_dop_operator_3.py for tasks to queue
[2024-11-26T16:06:02.919-0600] {logging_mixin.py:190} INFO - [2024-11-26T16:06:02.919-0600] {dagbag.py:588} INFO - Filling up the DagBag from /Library/Frameworks/Python.framework/Versions/3.8/lib/python3.8/site-packages/airflow/example_dags/example_branch_python_dop_operator_3.py
[2024-11-26T16:06:02.931-0600] {processor.py:925} INFO - DAG(s) 'example_branch_dop_operator_v3' retrieved from /Library/Frameworks/Python.framework/Versions/3.8/lib/python3.8/site-packages/airflow/example_dags/example_branch_python_dop_operator_3.py
[2024-11-26T16:06:02.965-0600] {logging_mixin.py:190} INFO - [2024-11-26T16:06:02.965-0600] {dag.py:3239} INFO - Sync 1 DAGs
[2024-11-26T16:06:02.972-0600] {logging_mixin.py:190} INFO - [2024-11-26T16:06:02.972-0600] {dag.py:4180} INFO - Setting next_dagrun for example_branch_dop_operator_v3 to 2024-11-26 22:05:00+00:00, run_after=2024-11-26 22:06:00+00:00
[2024-11-26T16:06:02.978-0600] {processor.py:208} INFO - Processing /Library/Frameworks/Python.framework/Versions/3.8/lib/python3.8/site-packages/airflow/example_dags/example_branch_python_dop_operator_3.py took 0.060 seconds
[2024-11-26T17:45:29.321-0600] {processor.py:186} INFO - Started process (PID=27514) to work on /Library/Frameworks/Python.framework/Versions/3.8/lib/python3.8/site-packages/airflow/example_dags/example_branch_python_dop_operator_3.py
[2024-11-26T17:45:29.322-0600] {processor.py:914} INFO - Processing file /Library/Frameworks/Python.framework/Versions/3.8/lib/python3.8/site-packages/airflow/example_dags/example_branch_python_dop_operator_3.py for tasks to queue
[2024-11-26T17:45:29.322-0600] {logging_mixin.py:190} INFO - [2024-11-26T17:45:29.322-0600] {dagbag.py:588} INFO - Filling up the DagBag from /Library/Frameworks/Python.framework/Versions/3.8/lib/python3.8/site-packages/airflow/example_dags/example_branch_python_dop_operator_3.py
[2024-11-26T17:45:29.334-0600] {processor.py:925} INFO - DAG(s) 'example_branch_dop_operator_v3' retrieved from /Library/Frameworks/Python.framework/Versions/3.8/lib/python3.8/site-packages/airflow/example_dags/example_branch_python_dop_operator_3.py
[2024-11-26T17:45:29.366-0600] {logging_mixin.py:190} INFO - [2024-11-26T17:45:29.366-0600] {dag.py:3239} INFO - Sync 1 DAGs
[2024-11-26T17:45:29.373-0600] {logging_mixin.py:190} INFO - [2024-11-26T17:45:29.373-0600] {dag.py:4180} INFO - Setting next_dagrun for example_branch_dop_operator_v3 to 2024-11-26 23:44:00+00:00, run_after=2024-11-26 23:45:00+00:00
[2024-11-26T17:45:29.378-0600] {processor.py:208} INFO - Processing /Library/Frameworks/Python.framework/Versions/3.8/lib/python3.8/site-packages/airflow/example_dags/example_branch_python_dop_operator_3.py took 0.059 seconds
