[2024-11-26T14:18:50.973-0600] {processor.py:186} INFO - Started process (PID=17966) to work on /Users/beprathap/PycharmProjects/YouTube-airflow/airflow-venv/lib/python3.8/site-packages/airflow/example_dags/example_branch_labels.py
[2024-11-26T14:18:50.974-0600] {processor.py:914} INFO - Processing file /Users/beprathap/PycharmProjects/YouTube-airflow/airflow-venv/lib/python3.8/site-packages/airflow/example_dags/example_branch_labels.py for tasks to queue
[2024-11-26T14:18:50.974-0600] {logging_mixin.py:190} INFO - [2024-11-26T14:18:50.974-0600] {dagbag.py:588} INFO - Filling up the DagBag from /Users/beprathap/PycharmProjects/YouTube-airflow/airflow-venv/lib/python3.8/site-packages/airflow/example_dags/example_branch_labels.py
[2024-11-26T14:18:50.977-0600] {processor.py:925} INFO - DAG(s) 'example_branch_labels' retrieved from /Users/beprathap/PycharmProjects/YouTube-airflow/airflow-venv/lib/python3.8/site-packages/airflow/example_dags/example_branch_labels.py
[2024-11-26T14:18:51.040-0600] {logging_mixin.py:190} INFO - [2024-11-26T14:18:51.039-0600] {override.py:1901} INFO - Created Permission View: can read on DAG:example_branch_labels
[2024-11-26T14:18:51.042-0600] {logging_mixin.py:190} INFO - [2024-11-26T14:18:51.042-0600] {override.py:1901} INFO - Created Permission View: can delete on DAG:example_branch_labels
[2024-11-26T14:18:51.044-0600] {logging_mixin.py:190} INFO - [2024-11-26T14:18:51.044-0600] {override.py:1901} INFO - Created Permission View: can edit on DAG:example_branch_labels
[2024-11-26T14:18:51.046-0600] {logging_mixin.py:190} INFO - [2024-11-26T14:18:51.046-0600] {override.py:1901} INFO - Created Permission View: can read on DAG Run:example_branch_labels
[2024-11-26T14:18:51.047-0600] {logging_mixin.py:190} INFO - [2024-11-26T14:18:51.047-0600] {override.py:1901} INFO - Created Permission View: can delete on DAG Run:example_branch_labels
[2024-11-26T14:18:51.049-0600] {logging_mixin.py:190} INFO - [2024-11-26T14:18:51.048-0600] {override.py:1901} INFO - Created Permission View: menu access on DAG Run:example_branch_labels
[2024-11-26T14:18:51.050-0600] {logging_mixin.py:190} INFO - [2024-11-26T14:18:51.050-0600] {override.py:1901} INFO - Created Permission View: can create on DAG Run:example_branch_labels
[2024-11-26T14:18:51.050-0600] {logging_mixin.py:190} INFO - [2024-11-26T14:18:51.050-0600] {dag.py:3239} INFO - Sync 1 DAGs
[2024-11-26T14:18:51.054-0600] {logging_mixin.py:190} INFO - [2024-11-26T14:18:51.054-0600] {dag.py:3262} INFO - Creating ORM DAG for example_branch_labels
[2024-11-26T14:18:51.056-0600] {logging_mixin.py:190} INFO - [2024-11-26T14:18:51.056-0600] {dag.py:4180} INFO - Setting next_dagrun for example_branch_labels to 2024-11-25 00:00:00+00:00, run_after=2024-11-26 00:00:00+00:00
[2024-11-26T14:18:51.061-0600] {processor.py:208} INFO - Processing /Users/beprathap/PycharmProjects/YouTube-airflow/airflow-venv/lib/python3.8/site-packages/airflow/example_dags/example_branch_labels.py took 0.089 seconds
[2024-11-26T14:21:06.151-0600] {processor.py:186} INFO - Started process (PID=18215) to work on /Users/beprathap/PycharmProjects/YouTube-airflow/airflow-venv/lib/python3.8/site-packages/airflow/example_dags/example_branch_labels.py
[2024-11-26T14:21:06.152-0600] {processor.py:914} INFO - Processing file /Users/beprathap/PycharmProjects/YouTube-airflow/airflow-venv/lib/python3.8/site-packages/airflow/example_dags/example_branch_labels.py for tasks to queue
[2024-11-26T14:21:06.152-0600] {logging_mixin.py:190} INFO - [2024-11-26T14:21:06.152-0600] {dagbag.py:588} INFO - Filling up the DagBag from /Users/beprathap/PycharmProjects/YouTube-airflow/airflow-venv/lib/python3.8/site-packages/airflow/example_dags/example_branch_labels.py
[2024-11-26T14:21:06.155-0600] {processor.py:925} INFO - DAG(s) 'example_branch_labels' retrieved from /Users/beprathap/PycharmProjects/YouTube-airflow/airflow-venv/lib/python3.8/site-packages/airflow/example_dags/example_branch_labels.py
[2024-11-26T14:21:06.189-0600] {logging_mixin.py:190} INFO - [2024-11-26T14:21:06.189-0600] {dag.py:3239} INFO - Sync 1 DAGs
[2024-11-26T14:21:06.195-0600] {logging_mixin.py:190} INFO - [2024-11-26T14:21:06.195-0600] {dag.py:4180} INFO - Setting next_dagrun for example_branch_labels to 2024-11-25 00:00:00+00:00, run_after=2024-11-26 00:00:00+00:00
[2024-11-26T14:21:06.200-0600] {processor.py:208} INFO - Processing /Users/beprathap/PycharmProjects/YouTube-airflow/airflow-venv/lib/python3.8/site-packages/airflow/example_dags/example_branch_labels.py took 0.050 seconds
[2024-11-26T14:23:19.790-0600] {processor.py:186} INFO - Started process (PID=18500) to work on /Users/beprathap/PycharmProjects/YouTube-airflow/airflow-venv/lib/python3.8/site-packages/airflow/example_dags/example_branch_labels.py
[2024-11-26T14:23:19.791-0600] {processor.py:914} INFO - Processing file /Users/beprathap/PycharmProjects/YouTube-airflow/airflow-venv/lib/python3.8/site-packages/airflow/example_dags/example_branch_labels.py for tasks to queue
[2024-11-26T14:23:19.792-0600] {logging_mixin.py:190} INFO - [2024-11-26T14:23:19.792-0600] {dagbag.py:588} INFO - Filling up the DagBag from /Users/beprathap/PycharmProjects/YouTube-airflow/airflow-venv/lib/python3.8/site-packages/airflow/example_dags/example_branch_labels.py
[2024-11-26T14:23:19.795-0600] {processor.py:925} INFO - DAG(s) 'example_branch_labels' retrieved from /Users/beprathap/PycharmProjects/YouTube-airflow/airflow-venv/lib/python3.8/site-packages/airflow/example_dags/example_branch_labels.py
[2024-11-26T14:23:19.829-0600] {logging_mixin.py:190} INFO - [2024-11-26T14:23:19.829-0600] {dag.py:3239} INFO - Sync 1 DAGs
[2024-11-26T14:23:19.835-0600] {logging_mixin.py:190} INFO - [2024-11-26T14:23:19.835-0600] {dag.py:4180} INFO - Setting next_dagrun for example_branch_labels to 2024-11-25 00:00:00+00:00, run_after=2024-11-26 00:00:00+00:00
[2024-11-26T14:23:19.840-0600] {processor.py:208} INFO - Processing /Users/beprathap/PycharmProjects/YouTube-airflow/airflow-venv/lib/python3.8/site-packages/airflow/example_dags/example_branch_labels.py took 0.051 seconds
[2024-11-26T14:25:26.732-0600] {processor.py:186} INFO - Started process (PID=18748) to work on /Users/beprathap/PycharmProjects/YouTube-airflow/airflow-venv/lib/python3.8/site-packages/airflow/example_dags/example_branch_labels.py
[2024-11-26T14:25:26.733-0600] {processor.py:914} INFO - Processing file /Users/beprathap/PycharmProjects/YouTube-airflow/airflow-venv/lib/python3.8/site-packages/airflow/example_dags/example_branch_labels.py for tasks to queue
[2024-11-26T14:25:26.734-0600] {logging_mixin.py:190} INFO - [2024-11-26T14:25:26.734-0600] {dagbag.py:588} INFO - Filling up the DagBag from /Users/beprathap/PycharmProjects/YouTube-airflow/airflow-venv/lib/python3.8/site-packages/airflow/example_dags/example_branch_labels.py
[2024-11-26T14:25:26.737-0600] {processor.py:925} INFO - DAG(s) 'example_branch_labels' retrieved from /Users/beprathap/PycharmProjects/YouTube-airflow/airflow-venv/lib/python3.8/site-packages/airflow/example_dags/example_branch_labels.py
[2024-11-26T14:25:26.771-0600] {logging_mixin.py:190} INFO - [2024-11-26T14:25:26.771-0600] {dag.py:3239} INFO - Sync 1 DAGs
[2024-11-26T14:25:26.777-0600] {logging_mixin.py:190} INFO - [2024-11-26T14:25:26.777-0600] {dag.py:4180} INFO - Setting next_dagrun for example_branch_labels to 2024-11-25 00:00:00+00:00, run_after=2024-11-26 00:00:00+00:00
[2024-11-26T14:25:26.782-0600] {processor.py:208} INFO - Processing /Users/beprathap/PycharmProjects/YouTube-airflow/airflow-venv/lib/python3.8/site-packages/airflow/example_dags/example_branch_labels.py took 0.051 seconds
[2024-11-26T14:27:33.096-0600] {processor.py:186} INFO - Started process (PID=18983) to work on /Users/beprathap/PycharmProjects/YouTube-airflow/airflow-venv/lib/python3.8/site-packages/airflow/example_dags/example_branch_labels.py
[2024-11-26T14:27:33.097-0600] {processor.py:914} INFO - Processing file /Users/beprathap/PycharmProjects/YouTube-airflow/airflow-venv/lib/python3.8/site-packages/airflow/example_dags/example_branch_labels.py for tasks to queue
[2024-11-26T14:27:33.097-0600] {logging_mixin.py:190} INFO - [2024-11-26T14:27:33.097-0600] {dagbag.py:588} INFO - Filling up the DagBag from /Users/beprathap/PycharmProjects/YouTube-airflow/airflow-venv/lib/python3.8/site-packages/airflow/example_dags/example_branch_labels.py
[2024-11-26T14:27:33.100-0600] {processor.py:925} INFO - DAG(s) 'example_branch_labels' retrieved from /Users/beprathap/PycharmProjects/YouTube-airflow/airflow-venv/lib/python3.8/site-packages/airflow/example_dags/example_branch_labels.py
[2024-11-26T14:27:33.134-0600] {logging_mixin.py:190} INFO - [2024-11-26T14:27:33.134-0600] {dag.py:3239} INFO - Sync 1 DAGs
[2024-11-26T14:27:33.140-0600] {logging_mixin.py:190} INFO - [2024-11-26T14:27:33.140-0600] {dag.py:4180} INFO - Setting next_dagrun for example_branch_labels to 2024-11-25 00:00:00+00:00, run_after=2024-11-26 00:00:00+00:00
[2024-11-26T14:27:33.145-0600] {processor.py:208} INFO - Processing /Users/beprathap/PycharmProjects/YouTube-airflow/airflow-venv/lib/python3.8/site-packages/airflow/example_dags/example_branch_labels.py took 0.050 seconds
[2024-11-26T14:29:42.619-0600] {processor.py:186} INFO - Started process (PID=19223) to work on /Users/beprathap/PycharmProjects/YouTube-airflow/airflow-venv/lib/python3.8/site-packages/airflow/example_dags/example_branch_labels.py
[2024-11-26T14:29:42.619-0600] {processor.py:914} INFO - Processing file /Users/beprathap/PycharmProjects/YouTube-airflow/airflow-venv/lib/python3.8/site-packages/airflow/example_dags/example_branch_labels.py for tasks to queue
[2024-11-26T14:29:42.620-0600] {logging_mixin.py:190} INFO - [2024-11-26T14:29:42.620-0600] {dagbag.py:588} INFO - Filling up the DagBag from /Users/beprathap/PycharmProjects/YouTube-airflow/airflow-venv/lib/python3.8/site-packages/airflow/example_dags/example_branch_labels.py
[2024-11-26T14:29:42.623-0600] {processor.py:925} INFO - DAG(s) 'example_branch_labels' retrieved from /Users/beprathap/PycharmProjects/YouTube-airflow/airflow-venv/lib/python3.8/site-packages/airflow/example_dags/example_branch_labels.py
[2024-11-26T14:29:42.656-0600] {logging_mixin.py:190} INFO - [2024-11-26T14:29:42.656-0600] {dag.py:3239} INFO - Sync 1 DAGs
[2024-11-26T14:29:42.663-0600] {logging_mixin.py:190} INFO - [2024-11-26T14:29:42.662-0600] {dag.py:4180} INFO - Setting next_dagrun for example_branch_labels to 2024-11-25 00:00:00+00:00, run_after=2024-11-26 00:00:00+00:00
[2024-11-26T14:29:42.668-0600] {processor.py:208} INFO - Processing /Users/beprathap/PycharmProjects/YouTube-airflow/airflow-venv/lib/python3.8/site-packages/airflow/example_dags/example_branch_labels.py took 0.050 seconds
[2024-11-26T14:37:13.200-0600] {processor.py:186} INFO - Started process (PID=19642) to work on /Users/beprathap/PycharmProjects/YouTube-airflow/airflow-venv/lib/python3.8/site-packages/airflow/example_dags/example_branch_labels.py
[2024-11-26T14:37:13.201-0600] {processor.py:914} INFO - Processing file /Users/beprathap/PycharmProjects/YouTube-airflow/airflow-venv/lib/python3.8/site-packages/airflow/example_dags/example_branch_labels.py for tasks to queue
[2024-11-26T14:37:13.202-0600] {logging_mixin.py:190} INFO - [2024-11-26T14:37:13.201-0600] {dagbag.py:588} INFO - Filling up the DagBag from /Users/beprathap/PycharmProjects/YouTube-airflow/airflow-venv/lib/python3.8/site-packages/airflow/example_dags/example_branch_labels.py
[2024-11-26T14:37:13.205-0600] {processor.py:925} INFO - DAG(s) 'example_branch_labels' retrieved from /Users/beprathap/PycharmProjects/YouTube-airflow/airflow-venv/lib/python3.8/site-packages/airflow/example_dags/example_branch_labels.py
[2024-11-26T14:37:13.240-0600] {logging_mixin.py:190} INFO - [2024-11-26T14:37:13.240-0600] {dag.py:3239} INFO - Sync 1 DAGs
[2024-11-26T14:37:13.247-0600] {logging_mixin.py:190} INFO - [2024-11-26T14:37:13.247-0600] {dag.py:4180} INFO - Setting next_dagrun for example_branch_labels to 2024-11-25 00:00:00+00:00, run_after=2024-11-26 00:00:00+00:00
[2024-11-26T14:37:13.252-0600] {processor.py:208} INFO - Processing /Users/beprathap/PycharmProjects/YouTube-airflow/airflow-venv/lib/python3.8/site-packages/airflow/example_dags/example_branch_labels.py took 0.053 seconds
[2024-11-26T14:39:31.594-0600] {processor.py:186} INFO - Started process (PID=19895) to work on /Users/beprathap/PycharmProjects/YouTube-airflow/airflow-venv/lib/python3.8/site-packages/airflow/example_dags/example_branch_labels.py
[2024-11-26T14:39:31.594-0600] {processor.py:914} INFO - Processing file /Users/beprathap/PycharmProjects/YouTube-airflow/airflow-venv/lib/python3.8/site-packages/airflow/example_dags/example_branch_labels.py for tasks to queue
[2024-11-26T14:39:31.594-0600] {logging_mixin.py:190} INFO - [2024-11-26T14:39:31.594-0600] {dagbag.py:588} INFO - Filling up the DagBag from /Users/beprathap/PycharmProjects/YouTube-airflow/airflow-venv/lib/python3.8/site-packages/airflow/example_dags/example_branch_labels.py
[2024-11-26T14:39:31.598-0600] {processor.py:925} INFO - DAG(s) 'example_branch_labels' retrieved from /Users/beprathap/PycharmProjects/YouTube-airflow/airflow-venv/lib/python3.8/site-packages/airflow/example_dags/example_branch_labels.py
[2024-11-26T14:39:31.632-0600] {logging_mixin.py:190} INFO - [2024-11-26T14:39:31.632-0600] {dag.py:3239} INFO - Sync 1 DAGs
[2024-11-26T14:39:31.638-0600] {logging_mixin.py:190} INFO - [2024-11-26T14:39:31.638-0600] {dag.py:4180} INFO - Setting next_dagrun for example_branch_labels to 2024-11-25 00:00:00+00:00, run_after=2024-11-26 00:00:00+00:00
[2024-11-26T14:39:31.644-0600] {processor.py:208} INFO - Processing /Users/beprathap/PycharmProjects/YouTube-airflow/airflow-venv/lib/python3.8/site-packages/airflow/example_dags/example_branch_labels.py took 0.051 seconds
[2024-11-26T14:41:43.269-0600] {processor.py:186} INFO - Started process (PID=20147) to work on /Users/beprathap/PycharmProjects/YouTube-airflow/airflow-venv/lib/python3.8/site-packages/airflow/example_dags/example_branch_labels.py
[2024-11-26T14:41:43.269-0600] {processor.py:914} INFO - Processing file /Users/beprathap/PycharmProjects/YouTube-airflow/airflow-venv/lib/python3.8/site-packages/airflow/example_dags/example_branch_labels.py for tasks to queue
[2024-11-26T14:41:43.270-0600] {logging_mixin.py:190} INFO - [2024-11-26T14:41:43.270-0600] {dagbag.py:588} INFO - Filling up the DagBag from /Users/beprathap/PycharmProjects/YouTube-airflow/airflow-venv/lib/python3.8/site-packages/airflow/example_dags/example_branch_labels.py
[2024-11-26T14:41:43.273-0600] {processor.py:925} INFO - DAG(s) 'example_branch_labels' retrieved from /Users/beprathap/PycharmProjects/YouTube-airflow/airflow-venv/lib/python3.8/site-packages/airflow/example_dags/example_branch_labels.py
[2024-11-26T14:41:43.307-0600] {logging_mixin.py:190} INFO - [2024-11-26T14:41:43.307-0600] {dag.py:3239} INFO - Sync 1 DAGs
[2024-11-26T14:41:43.313-0600] {logging_mixin.py:190} INFO - [2024-11-26T14:41:43.313-0600] {dag.py:4180} INFO - Setting next_dagrun for example_branch_labels to 2024-11-25 00:00:00+00:00, run_after=2024-11-26 00:00:00+00:00
[2024-11-26T14:41:43.318-0600] {processor.py:208} INFO - Processing /Users/beprathap/PycharmProjects/YouTube-airflow/airflow-venv/lib/python3.8/site-packages/airflow/example_dags/example_branch_labels.py took 0.051 seconds
[2024-11-26T14:43:55.735-0600] {processor.py:186} INFO - Started process (PID=20393) to work on /Users/beprathap/PycharmProjects/YouTube-airflow/airflow-venv/lib/python3.8/site-packages/airflow/example_dags/example_branch_labels.py
[2024-11-26T14:43:55.736-0600] {processor.py:914} INFO - Processing file /Users/beprathap/PycharmProjects/YouTube-airflow/airflow-venv/lib/python3.8/site-packages/airflow/example_dags/example_branch_labels.py for tasks to queue
[2024-11-26T14:43:55.736-0600] {logging_mixin.py:190} INFO - [2024-11-26T14:43:55.736-0600] {dagbag.py:588} INFO - Filling up the DagBag from /Users/beprathap/PycharmProjects/YouTube-airflow/airflow-venv/lib/python3.8/site-packages/airflow/example_dags/example_branch_labels.py
[2024-11-26T14:43:55.739-0600] {processor.py:925} INFO - DAG(s) 'example_branch_labels' retrieved from /Users/beprathap/PycharmProjects/YouTube-airflow/airflow-venv/lib/python3.8/site-packages/airflow/example_dags/example_branch_labels.py
[2024-11-26T14:43:55.773-0600] {logging_mixin.py:190} INFO - [2024-11-26T14:43:55.773-0600] {dag.py:3239} INFO - Sync 1 DAGs
[2024-11-26T14:43:55.780-0600] {logging_mixin.py:190} INFO - [2024-11-26T14:43:55.780-0600] {dag.py:4180} INFO - Setting next_dagrun for example_branch_labels to 2024-11-25 00:00:00+00:00, run_after=2024-11-26 00:00:00+00:00
[2024-11-26T14:43:55.784-0600] {processor.py:208} INFO - Processing /Users/beprathap/PycharmProjects/YouTube-airflow/airflow-venv/lib/python3.8/site-packages/airflow/example_dags/example_branch_labels.py took 0.050 seconds
[2024-11-26T14:46:08.904-0600] {processor.py:186} INFO - Started process (PID=20658) to work on /Users/beprathap/PycharmProjects/YouTube-airflow/airflow-venv/lib/python3.8/site-packages/airflow/example_dags/example_branch_labels.py
[2024-11-26T14:46:08.905-0600] {processor.py:914} INFO - Processing file /Users/beprathap/PycharmProjects/YouTube-airflow/airflow-venv/lib/python3.8/site-packages/airflow/example_dags/example_branch_labels.py for tasks to queue
[2024-11-26T14:46:08.905-0600] {logging_mixin.py:190} INFO - [2024-11-26T14:46:08.905-0600] {dagbag.py:588} INFO - Filling up the DagBag from /Users/beprathap/PycharmProjects/YouTube-airflow/airflow-venv/lib/python3.8/site-packages/airflow/example_dags/example_branch_labels.py
[2024-11-26T14:46:08.908-0600] {processor.py:925} INFO - DAG(s) 'example_branch_labels' retrieved from /Users/beprathap/PycharmProjects/YouTube-airflow/airflow-venv/lib/python3.8/site-packages/airflow/example_dags/example_branch_labels.py
[2024-11-26T14:46:08.944-0600] {logging_mixin.py:190} INFO - [2024-11-26T14:46:08.944-0600] {dag.py:3239} INFO - Sync 1 DAGs
[2024-11-26T14:46:08.950-0600] {logging_mixin.py:190} INFO - [2024-11-26T14:46:08.950-0600] {dag.py:4180} INFO - Setting next_dagrun for example_branch_labels to 2024-11-25 00:00:00+00:00, run_after=2024-11-26 00:00:00+00:00
[2024-11-26T14:46:08.955-0600] {processor.py:208} INFO - Processing /Users/beprathap/PycharmProjects/YouTube-airflow/airflow-venv/lib/python3.8/site-packages/airflow/example_dags/example_branch_labels.py took 0.052 seconds
[2024-11-26T14:48:22.691-0600] {processor.py:186} INFO - Started process (PID=20919) to work on /Users/beprathap/PycharmProjects/YouTube-airflow/airflow-venv/lib/python3.8/site-packages/airflow/example_dags/example_branch_labels.py
[2024-11-26T14:48:22.691-0600] {processor.py:914} INFO - Processing file /Users/beprathap/PycharmProjects/YouTube-airflow/airflow-venv/lib/python3.8/site-packages/airflow/example_dags/example_branch_labels.py for tasks to queue
[2024-11-26T14:48:22.691-0600] {logging_mixin.py:190} INFO - [2024-11-26T14:48:22.691-0600] {dagbag.py:588} INFO - Filling up the DagBag from /Users/beprathap/PycharmProjects/YouTube-airflow/airflow-venv/lib/python3.8/site-packages/airflow/example_dags/example_branch_labels.py
[2024-11-26T14:48:22.694-0600] {processor.py:925} INFO - DAG(s) 'example_branch_labels' retrieved from /Users/beprathap/PycharmProjects/YouTube-airflow/airflow-venv/lib/python3.8/site-packages/airflow/example_dags/example_branch_labels.py
[2024-11-26T14:48:22.729-0600] {logging_mixin.py:190} INFO - [2024-11-26T14:48:22.729-0600] {dag.py:3239} INFO - Sync 1 DAGs
[2024-11-26T14:48:22.735-0600] {logging_mixin.py:190} INFO - [2024-11-26T14:48:22.735-0600] {dag.py:4180} INFO - Setting next_dagrun for example_branch_labels to 2024-11-25 00:00:00+00:00, run_after=2024-11-26 00:00:00+00:00
[2024-11-26T14:48:22.740-0600] {processor.py:208} INFO - Processing /Users/beprathap/PycharmProjects/YouTube-airflow/airflow-venv/lib/python3.8/site-packages/airflow/example_dags/example_branch_labels.py took 0.051 seconds
[2024-11-26T15:02:30.237-0600] {processor.py:186} INFO - Started process (PID=21475) to work on /Library/Frameworks/Python.framework/Versions/3.8/lib/python3.8/site-packages/airflow/example_dags/example_branch_labels.py
[2024-11-26T15:02:30.238-0600] {processor.py:914} INFO - Processing file /Library/Frameworks/Python.framework/Versions/3.8/lib/python3.8/site-packages/airflow/example_dags/example_branch_labels.py for tasks to queue
[2024-11-26T15:02:30.239-0600] {logging_mixin.py:190} INFO - [2024-11-26T15:02:30.239-0600] {dagbag.py:588} INFO - Filling up the DagBag from /Library/Frameworks/Python.framework/Versions/3.8/lib/python3.8/site-packages/airflow/example_dags/example_branch_labels.py
[2024-11-26T15:02:30.242-0600] {processor.py:925} INFO - DAG(s) 'example_branch_labels' retrieved from /Library/Frameworks/Python.framework/Versions/3.8/lib/python3.8/site-packages/airflow/example_dags/example_branch_labels.py
[2024-11-26T15:02:30.306-0600] {logging_mixin.py:190} INFO - [2024-11-26T15:02:30.306-0600] {dag.py:3239} INFO - Sync 1 DAGs
[2024-11-26T15:02:30.312-0600] {logging_mixin.py:190} INFO - [2024-11-26T15:02:30.312-0600] {dag.py:4180} INFO - Setting next_dagrun for example_branch_labels to 2024-11-25 00:00:00+00:00, run_after=2024-11-26 00:00:00+00:00
[2024-11-26T15:02:30.318-0600] {processor.py:208} INFO - Processing /Library/Frameworks/Python.framework/Versions/3.8/lib/python3.8/site-packages/airflow/example_dags/example_branch_labels.py took 0.082 seconds
[2024-11-26T15:04:52.805-0600] {processor.py:186} INFO - Started process (PID=21727) to work on /Library/Frameworks/Python.framework/Versions/3.8/lib/python3.8/site-packages/airflow/example_dags/example_branch_labels.py
[2024-11-26T15:04:52.805-0600] {processor.py:914} INFO - Processing file /Library/Frameworks/Python.framework/Versions/3.8/lib/python3.8/site-packages/airflow/example_dags/example_branch_labels.py for tasks to queue
[2024-11-26T15:04:52.806-0600] {logging_mixin.py:190} INFO - [2024-11-26T15:04:52.806-0600] {dagbag.py:588} INFO - Filling up the DagBag from /Library/Frameworks/Python.framework/Versions/3.8/lib/python3.8/site-packages/airflow/example_dags/example_branch_labels.py
[2024-11-26T15:04:52.809-0600] {processor.py:925} INFO - DAG(s) 'example_branch_labels' retrieved from /Library/Frameworks/Python.framework/Versions/3.8/lib/python3.8/site-packages/airflow/example_dags/example_branch_labels.py
[2024-11-26T15:04:52.842-0600] {logging_mixin.py:190} INFO - [2024-11-26T15:04:52.842-0600] {dag.py:3239} INFO - Sync 1 DAGs
[2024-11-26T15:04:52.848-0600] {logging_mixin.py:190} INFO - [2024-11-26T15:04:52.848-0600] {dag.py:4180} INFO - Setting next_dagrun for example_branch_labels to 2024-11-25 00:00:00+00:00, run_after=2024-11-26 00:00:00+00:00
[2024-11-26T15:04:52.853-0600] {processor.py:208} INFO - Processing /Library/Frameworks/Python.framework/Versions/3.8/lib/python3.8/site-packages/airflow/example_dags/example_branch_labels.py took 0.049 seconds
[2024-11-26T15:07:12.636-0600] {processor.py:186} INFO - Started process (PID=21984) to work on /Library/Frameworks/Python.framework/Versions/3.8/lib/python3.8/site-packages/airflow/example_dags/example_branch_labels.py
[2024-11-26T15:07:12.636-0600] {processor.py:914} INFO - Processing file /Library/Frameworks/Python.framework/Versions/3.8/lib/python3.8/site-packages/airflow/example_dags/example_branch_labels.py for tasks to queue
[2024-11-26T15:07:12.637-0600] {logging_mixin.py:190} INFO - [2024-11-26T15:07:12.637-0600] {dagbag.py:588} INFO - Filling up the DagBag from /Library/Frameworks/Python.framework/Versions/3.8/lib/python3.8/site-packages/airflow/example_dags/example_branch_labels.py
[2024-11-26T15:07:12.640-0600] {processor.py:925} INFO - DAG(s) 'example_branch_labels' retrieved from /Library/Frameworks/Python.framework/Versions/3.8/lib/python3.8/site-packages/airflow/example_dags/example_branch_labels.py
[2024-11-26T15:07:12.676-0600] {logging_mixin.py:190} INFO - [2024-11-26T15:07:12.676-0600] {dag.py:3239} INFO - Sync 1 DAGs
[2024-11-26T15:07:12.683-0600] {logging_mixin.py:190} INFO - [2024-11-26T15:07:12.683-0600] {dag.py:4180} INFO - Setting next_dagrun for example_branch_labels to 2024-11-25 00:00:00+00:00, run_after=2024-11-26 00:00:00+00:00
[2024-11-26T15:07:12.688-0600] {processor.py:208} INFO - Processing /Library/Frameworks/Python.framework/Versions/3.8/lib/python3.8/site-packages/airflow/example_dags/example_branch_labels.py took 0.054 seconds
[2024-11-26T15:17:28.779-0600] {processor.py:186} INFO - Started process (PID=22476) to work on /Library/Frameworks/Python.framework/Versions/3.8/lib/python3.8/site-packages/airflow/example_dags/example_branch_labels.py
[2024-11-26T15:17:28.780-0600] {processor.py:914} INFO - Processing file /Library/Frameworks/Python.framework/Versions/3.8/lib/python3.8/site-packages/airflow/example_dags/example_branch_labels.py for tasks to queue
[2024-11-26T15:17:28.780-0600] {logging_mixin.py:190} INFO - [2024-11-26T15:17:28.780-0600] {dagbag.py:588} INFO - Filling up the DagBag from /Library/Frameworks/Python.framework/Versions/3.8/lib/python3.8/site-packages/airflow/example_dags/example_branch_labels.py
[2024-11-26T15:17:28.783-0600] {processor.py:925} INFO - DAG(s) 'example_branch_labels' retrieved from /Library/Frameworks/Python.framework/Versions/3.8/lib/python3.8/site-packages/airflow/example_dags/example_branch_labels.py
[2024-11-26T15:17:28.817-0600] {logging_mixin.py:190} INFO - [2024-11-26T15:17:28.817-0600] {dag.py:3239} INFO - Sync 1 DAGs
[2024-11-26T15:17:28.823-0600] {logging_mixin.py:190} INFO - [2024-11-26T15:17:28.823-0600] {dag.py:4180} INFO - Setting next_dagrun for example_branch_labels to 2024-11-25 00:00:00+00:00, run_after=2024-11-26 00:00:00+00:00
[2024-11-26T15:17:28.828-0600] {processor.py:208} INFO - Processing /Library/Frameworks/Python.framework/Versions/3.8/lib/python3.8/site-packages/airflow/example_dags/example_branch_labels.py took 0.050 seconds
[2024-11-26T15:19:44.496-0600] {processor.py:186} INFO - Started process (PID=22738) to work on /Library/Frameworks/Python.framework/Versions/3.8/lib/python3.8/site-packages/airflow/example_dags/example_branch_labels.py
[2024-11-26T15:19:44.496-0600] {processor.py:914} INFO - Processing file /Library/Frameworks/Python.framework/Versions/3.8/lib/python3.8/site-packages/airflow/example_dags/example_branch_labels.py for tasks to queue
[2024-11-26T15:19:44.496-0600] {logging_mixin.py:190} INFO - [2024-11-26T15:19:44.496-0600] {dagbag.py:588} INFO - Filling up the DagBag from /Library/Frameworks/Python.framework/Versions/3.8/lib/python3.8/site-packages/airflow/example_dags/example_branch_labels.py
[2024-11-26T15:19:44.499-0600] {processor.py:925} INFO - DAG(s) 'example_branch_labels' retrieved from /Library/Frameworks/Python.framework/Versions/3.8/lib/python3.8/site-packages/airflow/example_dags/example_branch_labels.py
[2024-11-26T15:19:44.534-0600] {logging_mixin.py:190} INFO - [2024-11-26T15:19:44.534-0600] {dag.py:3239} INFO - Sync 1 DAGs
[2024-11-26T15:19:44.540-0600] {logging_mixin.py:190} INFO - [2024-11-26T15:19:44.540-0600] {dag.py:4180} INFO - Setting next_dagrun for example_branch_labels to 2024-11-25 00:00:00+00:00, run_after=2024-11-26 00:00:00+00:00
[2024-11-26T15:19:44.545-0600] {processor.py:208} INFO - Processing /Library/Frameworks/Python.framework/Versions/3.8/lib/python3.8/site-packages/airflow/example_dags/example_branch_labels.py took 0.051 seconds
[2024-11-26T15:21:56.441-0600] {processor.py:186} INFO - Started process (PID=23002) to work on /Library/Frameworks/Python.framework/Versions/3.8/lib/python3.8/site-packages/airflow/example_dags/example_branch_labels.py
[2024-11-26T15:21:56.441-0600] {processor.py:914} INFO - Processing file /Library/Frameworks/Python.framework/Versions/3.8/lib/python3.8/site-packages/airflow/example_dags/example_branch_labels.py for tasks to queue
[2024-11-26T15:21:56.442-0600] {logging_mixin.py:190} INFO - [2024-11-26T15:21:56.442-0600] {dagbag.py:588} INFO - Filling up the DagBag from /Library/Frameworks/Python.framework/Versions/3.8/lib/python3.8/site-packages/airflow/example_dags/example_branch_labels.py
[2024-11-26T15:21:56.445-0600] {processor.py:925} INFO - DAG(s) 'example_branch_labels' retrieved from /Library/Frameworks/Python.framework/Versions/3.8/lib/python3.8/site-packages/airflow/example_dags/example_branch_labels.py
[2024-11-26T15:21:56.481-0600] {logging_mixin.py:190} INFO - [2024-11-26T15:21:56.480-0600] {dag.py:3239} INFO - Sync 1 DAGs
[2024-11-26T15:21:56.487-0600] {logging_mixin.py:190} INFO - [2024-11-26T15:21:56.487-0600] {dag.py:4180} INFO - Setting next_dagrun for example_branch_labels to 2024-11-25 00:00:00+00:00, run_after=2024-11-26 00:00:00+00:00
[2024-11-26T15:21:56.492-0600] {processor.py:208} INFO - Processing /Library/Frameworks/Python.framework/Versions/3.8/lib/python3.8/site-packages/airflow/example_dags/example_branch_labels.py took 0.052 seconds
[2024-11-26T15:34:23.061-0600] {processor.py:186} INFO - Started process (PID=23567) to work on /Library/Frameworks/Python.framework/Versions/3.8/lib/python3.8/site-packages/airflow/example_dags/example_branch_labels.py
[2024-11-26T15:34:23.062-0600] {processor.py:914} INFO - Processing file /Library/Frameworks/Python.framework/Versions/3.8/lib/python3.8/site-packages/airflow/example_dags/example_branch_labels.py for tasks to queue
[2024-11-26T15:34:23.062-0600] {logging_mixin.py:190} INFO - [2024-11-26T15:34:23.062-0600] {dagbag.py:588} INFO - Filling up the DagBag from /Library/Frameworks/Python.framework/Versions/3.8/lib/python3.8/site-packages/airflow/example_dags/example_branch_labels.py
[2024-11-26T15:34:23.065-0600] {processor.py:925} INFO - DAG(s) 'example_branch_labels' retrieved from /Library/Frameworks/Python.framework/Versions/3.8/lib/python3.8/site-packages/airflow/example_dags/example_branch_labels.py
[2024-11-26T15:34:23.100-0600] {logging_mixin.py:190} INFO - [2024-11-26T15:34:23.100-0600] {dag.py:3239} INFO - Sync 1 DAGs
[2024-11-26T15:34:23.106-0600] {logging_mixin.py:190} INFO - [2024-11-26T15:34:23.106-0600] {dag.py:4180} INFO - Setting next_dagrun for example_branch_labels to 2024-11-25 00:00:00+00:00, run_after=2024-11-26 00:00:00+00:00
[2024-11-26T15:34:23.111-0600] {processor.py:208} INFO - Processing /Library/Frameworks/Python.framework/Versions/3.8/lib/python3.8/site-packages/airflow/example_dags/example_branch_labels.py took 0.051 seconds
[2024-11-26T15:36:39.082-0600] {processor.py:186} INFO - Started process (PID=23833) to work on /Library/Frameworks/Python.framework/Versions/3.8/lib/python3.8/site-packages/airflow/example_dags/example_branch_labels.py
[2024-11-26T15:36:39.083-0600] {processor.py:914} INFO - Processing file /Library/Frameworks/Python.framework/Versions/3.8/lib/python3.8/site-packages/airflow/example_dags/example_branch_labels.py for tasks to queue
[2024-11-26T15:36:39.083-0600] {logging_mixin.py:190} INFO - [2024-11-26T15:36:39.083-0600] {dagbag.py:588} INFO - Filling up the DagBag from /Library/Frameworks/Python.framework/Versions/3.8/lib/python3.8/site-packages/airflow/example_dags/example_branch_labels.py
[2024-11-26T15:36:39.086-0600] {processor.py:925} INFO - DAG(s) 'example_branch_labels' retrieved from /Library/Frameworks/Python.framework/Versions/3.8/lib/python3.8/site-packages/airflow/example_dags/example_branch_labels.py
[2024-11-26T15:36:39.121-0600] {logging_mixin.py:190} INFO - [2024-11-26T15:36:39.121-0600] {dag.py:3239} INFO - Sync 1 DAGs
[2024-11-26T15:36:39.128-0600] {logging_mixin.py:190} INFO - [2024-11-26T15:36:39.128-0600] {dag.py:4180} INFO - Setting next_dagrun for example_branch_labels to 2024-11-25 00:00:00+00:00, run_after=2024-11-26 00:00:00+00:00
[2024-11-26T15:36:39.133-0600] {processor.py:208} INFO - Processing /Library/Frameworks/Python.framework/Versions/3.8/lib/python3.8/site-packages/airflow/example_dags/example_branch_labels.py took 0.052 seconds
[2024-11-26T15:38:55.313-0600] {processor.py:186} INFO - Started process (PID=24089) to work on /Library/Frameworks/Python.framework/Versions/3.8/lib/python3.8/site-packages/airflow/example_dags/example_branch_labels.py
[2024-11-26T15:38:55.313-0600] {processor.py:914} INFO - Processing file /Library/Frameworks/Python.framework/Versions/3.8/lib/python3.8/site-packages/airflow/example_dags/example_branch_labels.py for tasks to queue
[2024-11-26T15:38:55.313-0600] {logging_mixin.py:190} INFO - [2024-11-26T15:38:55.313-0600] {dagbag.py:588} INFO - Filling up the DagBag from /Library/Frameworks/Python.framework/Versions/3.8/lib/python3.8/site-packages/airflow/example_dags/example_branch_labels.py
[2024-11-26T15:38:55.316-0600] {processor.py:925} INFO - DAG(s) 'example_branch_labels' retrieved from /Library/Frameworks/Python.framework/Versions/3.8/lib/python3.8/site-packages/airflow/example_dags/example_branch_labels.py
[2024-11-26T15:38:55.351-0600] {logging_mixin.py:190} INFO - [2024-11-26T15:38:55.350-0600] {dag.py:3239} INFO - Sync 1 DAGs
[2024-11-26T15:38:55.357-0600] {logging_mixin.py:190} INFO - [2024-11-26T15:38:55.357-0600] {dag.py:4180} INFO - Setting next_dagrun for example_branch_labels to 2024-11-25 00:00:00+00:00, run_after=2024-11-26 00:00:00+00:00
[2024-11-26T15:38:55.362-0600] {processor.py:208} INFO - Processing /Library/Frameworks/Python.framework/Versions/3.8/lib/python3.8/site-packages/airflow/example_dags/example_branch_labels.py took 0.051 seconds
[2024-11-26T15:41:11.161-0600] {processor.py:186} INFO - Started process (PID=24348) to work on /Library/Frameworks/Python.framework/Versions/3.8/lib/python3.8/site-packages/airflow/example_dags/example_branch_labels.py
[2024-11-26T15:41:11.162-0600] {processor.py:914} INFO - Processing file /Library/Frameworks/Python.framework/Versions/3.8/lib/python3.8/site-packages/airflow/example_dags/example_branch_labels.py for tasks to queue
[2024-11-26T15:41:11.163-0600] {logging_mixin.py:190} INFO - [2024-11-26T15:41:11.163-0600] {dagbag.py:588} INFO - Filling up the DagBag from /Library/Frameworks/Python.framework/Versions/3.8/lib/python3.8/site-packages/airflow/example_dags/example_branch_labels.py
[2024-11-26T15:41:11.166-0600] {processor.py:925} INFO - DAG(s) 'example_branch_labels' retrieved from /Library/Frameworks/Python.framework/Versions/3.8/lib/python3.8/site-packages/airflow/example_dags/example_branch_labels.py
[2024-11-26T15:41:11.201-0600] {logging_mixin.py:190} INFO - [2024-11-26T15:41:11.201-0600] {dag.py:3239} INFO - Sync 1 DAGs
[2024-11-26T15:41:11.207-0600] {logging_mixin.py:190} INFO - [2024-11-26T15:41:11.207-0600] {dag.py:4180} INFO - Setting next_dagrun for example_branch_labels to 2024-11-25 00:00:00+00:00, run_after=2024-11-26 00:00:00+00:00
[2024-11-26T15:41:11.212-0600] {processor.py:208} INFO - Processing /Library/Frameworks/Python.framework/Versions/3.8/lib/python3.8/site-packages/airflow/example_dags/example_branch_labels.py took 0.052 seconds
[2024-11-26T15:43:26.749-0600] {processor.py:186} INFO - Started process (PID=24598) to work on /Library/Frameworks/Python.framework/Versions/3.8/lib/python3.8/site-packages/airflow/example_dags/example_branch_labels.py
[2024-11-26T15:43:26.750-0600] {processor.py:914} INFO - Processing file /Library/Frameworks/Python.framework/Versions/3.8/lib/python3.8/site-packages/airflow/example_dags/example_branch_labels.py for tasks to queue
[2024-11-26T15:43:26.750-0600] {logging_mixin.py:190} INFO - [2024-11-26T15:43:26.750-0600] {dagbag.py:588} INFO - Filling up the DagBag from /Library/Frameworks/Python.framework/Versions/3.8/lib/python3.8/site-packages/airflow/example_dags/example_branch_labels.py
[2024-11-26T15:43:26.753-0600] {processor.py:925} INFO - DAG(s) 'example_branch_labels' retrieved from /Library/Frameworks/Python.framework/Versions/3.8/lib/python3.8/site-packages/airflow/example_dags/example_branch_labels.py
[2024-11-26T15:43:26.789-0600] {logging_mixin.py:190} INFO - [2024-11-26T15:43:26.789-0600] {dag.py:3239} INFO - Sync 1 DAGs
[2024-11-26T15:43:26.796-0600] {logging_mixin.py:190} INFO - [2024-11-26T15:43:26.796-0600] {dag.py:4180} INFO - Setting next_dagrun for example_branch_labels to 2024-11-25 00:00:00+00:00, run_after=2024-11-26 00:00:00+00:00
[2024-11-26T15:43:26.801-0600] {processor.py:208} INFO - Processing /Library/Frameworks/Python.framework/Versions/3.8/lib/python3.8/site-packages/airflow/example_dags/example_branch_labels.py took 0.053 seconds
[2024-11-26T15:45:42.604-0600] {processor.py:186} INFO - Started process (PID=24848) to work on /Library/Frameworks/Python.framework/Versions/3.8/lib/python3.8/site-packages/airflow/example_dags/example_branch_labels.py
[2024-11-26T15:45:42.605-0600] {processor.py:914} INFO - Processing file /Library/Frameworks/Python.framework/Versions/3.8/lib/python3.8/site-packages/airflow/example_dags/example_branch_labels.py for tasks to queue
[2024-11-26T15:45:42.606-0600] {logging_mixin.py:190} INFO - [2024-11-26T15:45:42.606-0600] {dagbag.py:588} INFO - Filling up the DagBag from /Library/Frameworks/Python.framework/Versions/3.8/lib/python3.8/site-packages/airflow/example_dags/example_branch_labels.py
[2024-11-26T15:45:42.609-0600] {processor.py:925} INFO - DAG(s) 'example_branch_labels' retrieved from /Library/Frameworks/Python.framework/Versions/3.8/lib/python3.8/site-packages/airflow/example_dags/example_branch_labels.py
[2024-11-26T15:45:42.645-0600] {logging_mixin.py:190} INFO - [2024-11-26T15:45:42.645-0600] {dag.py:3239} INFO - Sync 1 DAGs
[2024-11-26T15:45:42.651-0600] {logging_mixin.py:190} INFO - [2024-11-26T15:45:42.651-0600] {dag.py:4180} INFO - Setting next_dagrun for example_branch_labels to 2024-11-25 00:00:00+00:00, run_after=2024-11-26 00:00:00+00:00
[2024-11-26T15:45:42.657-0600] {processor.py:208} INFO - Processing /Library/Frameworks/Python.framework/Versions/3.8/lib/python3.8/site-packages/airflow/example_dags/example_branch_labels.py took 0.054 seconds
[2024-11-26T15:47:53.986-0600] {processor.py:186} INFO - Started process (PID=25102) to work on /Library/Frameworks/Python.framework/Versions/3.8/lib/python3.8/site-packages/airflow/example_dags/example_branch_labels.py
[2024-11-26T15:47:53.987-0600] {processor.py:914} INFO - Processing file /Library/Frameworks/Python.framework/Versions/3.8/lib/python3.8/site-packages/airflow/example_dags/example_branch_labels.py for tasks to queue
[2024-11-26T15:47:53.987-0600] {logging_mixin.py:190} INFO - [2024-11-26T15:47:53.987-0600] {dagbag.py:588} INFO - Filling up the DagBag from /Library/Frameworks/Python.framework/Versions/3.8/lib/python3.8/site-packages/airflow/example_dags/example_branch_labels.py
[2024-11-26T15:47:53.990-0600] {processor.py:925} INFO - DAG(s) 'example_branch_labels' retrieved from /Library/Frameworks/Python.framework/Versions/3.8/lib/python3.8/site-packages/airflow/example_dags/example_branch_labels.py
[2024-11-26T15:47:54.025-0600] {logging_mixin.py:190} INFO - [2024-11-26T15:47:54.025-0600] {dag.py:3239} INFO - Sync 1 DAGs
[2024-11-26T15:47:54.031-0600] {logging_mixin.py:190} INFO - [2024-11-26T15:47:54.031-0600] {dag.py:4180} INFO - Setting next_dagrun for example_branch_labels to 2024-11-25 00:00:00+00:00, run_after=2024-11-26 00:00:00+00:00
[2024-11-26T15:47:54.036-0600] {processor.py:208} INFO - Processing /Library/Frameworks/Python.framework/Versions/3.8/lib/python3.8/site-packages/airflow/example_dags/example_branch_labels.py took 0.051 seconds
[2024-11-26T15:50:08.465-0600] {processor.py:186} INFO - Started process (PID=25359) to work on /Library/Frameworks/Python.framework/Versions/3.8/lib/python3.8/site-packages/airflow/example_dags/example_branch_labels.py
[2024-11-26T15:50:08.465-0600] {processor.py:914} INFO - Processing file /Library/Frameworks/Python.framework/Versions/3.8/lib/python3.8/site-packages/airflow/example_dags/example_branch_labels.py for tasks to queue
[2024-11-26T15:50:08.466-0600] {logging_mixin.py:190} INFO - [2024-11-26T15:50:08.466-0600] {dagbag.py:588} INFO - Filling up the DagBag from /Library/Frameworks/Python.framework/Versions/3.8/lib/python3.8/site-packages/airflow/example_dags/example_branch_labels.py
[2024-11-26T15:50:08.469-0600] {processor.py:925} INFO - DAG(s) 'example_branch_labels' retrieved from /Library/Frameworks/Python.framework/Versions/3.8/lib/python3.8/site-packages/airflow/example_dags/example_branch_labels.py
[2024-11-26T15:50:08.505-0600] {logging_mixin.py:190} INFO - [2024-11-26T15:50:08.505-0600] {dag.py:3239} INFO - Sync 1 DAGs
[2024-11-26T15:50:08.512-0600] {logging_mixin.py:190} INFO - [2024-11-26T15:50:08.512-0600] {dag.py:4180} INFO - Setting next_dagrun for example_branch_labels to 2024-11-25 00:00:00+00:00, run_after=2024-11-26 00:00:00+00:00
[2024-11-26T15:50:08.517-0600] {processor.py:208} INFO - Processing /Library/Frameworks/Python.framework/Versions/3.8/lib/python3.8/site-packages/airflow/example_dags/example_branch_labels.py took 0.054 seconds
[2024-11-26T15:52:21.042-0600] {processor.py:186} INFO - Started process (PID=25619) to work on /Library/Frameworks/Python.framework/Versions/3.8/lib/python3.8/site-packages/airflow/example_dags/example_branch_labels.py
[2024-11-26T15:52:21.043-0600] {processor.py:914} INFO - Processing file /Library/Frameworks/Python.framework/Versions/3.8/lib/python3.8/site-packages/airflow/example_dags/example_branch_labels.py for tasks to queue
[2024-11-26T15:52:21.044-0600] {logging_mixin.py:190} INFO - [2024-11-26T15:52:21.043-0600] {dagbag.py:588} INFO - Filling up the DagBag from /Library/Frameworks/Python.framework/Versions/3.8/lib/python3.8/site-packages/airflow/example_dags/example_branch_labels.py
[2024-11-26T15:52:21.047-0600] {processor.py:925} INFO - DAG(s) 'example_branch_labels' retrieved from /Library/Frameworks/Python.framework/Versions/3.8/lib/python3.8/site-packages/airflow/example_dags/example_branch_labels.py
[2024-11-26T15:52:21.082-0600] {logging_mixin.py:190} INFO - [2024-11-26T15:52:21.082-0600] {dag.py:3239} INFO - Sync 1 DAGs
[2024-11-26T15:52:21.089-0600] {logging_mixin.py:190} INFO - [2024-11-26T15:52:21.089-0600] {dag.py:4180} INFO - Setting next_dagrun for example_branch_labels to 2024-11-25 00:00:00+00:00, run_after=2024-11-26 00:00:00+00:00
[2024-11-26T15:52:21.095-0600] {processor.py:208} INFO - Processing /Library/Frameworks/Python.framework/Versions/3.8/lib/python3.8/site-packages/airflow/example_dags/example_branch_labels.py took 0.054 seconds
[2024-11-26T15:54:47.981-0600] {processor.py:186} INFO - Started process (PID=25887) to work on /Library/Frameworks/Python.framework/Versions/3.8/lib/python3.8/site-packages/airflow/example_dags/example_branch_labels.py
[2024-11-26T15:54:47.981-0600] {processor.py:914} INFO - Processing file /Library/Frameworks/Python.framework/Versions/3.8/lib/python3.8/site-packages/airflow/example_dags/example_branch_labels.py for tasks to queue
[2024-11-26T15:54:47.982-0600] {logging_mixin.py:190} INFO - [2024-11-26T15:54:47.981-0600] {dagbag.py:588} INFO - Filling up the DagBag from /Library/Frameworks/Python.framework/Versions/3.8/lib/python3.8/site-packages/airflow/example_dags/example_branch_labels.py
[2024-11-26T15:54:47.985-0600] {processor.py:925} INFO - DAG(s) 'example_branch_labels' retrieved from /Library/Frameworks/Python.framework/Versions/3.8/lib/python3.8/site-packages/airflow/example_dags/example_branch_labels.py
[2024-11-26T15:54:48.020-0600] {logging_mixin.py:190} INFO - [2024-11-26T15:54:48.020-0600] {dag.py:3239} INFO - Sync 1 DAGs
[2024-11-26T15:54:48.027-0600] {logging_mixin.py:190} INFO - [2024-11-26T15:54:48.027-0600] {dag.py:4180} INFO - Setting next_dagrun for example_branch_labels to 2024-11-25 00:00:00+00:00, run_after=2024-11-26 00:00:00+00:00
[2024-11-26T15:54:48.033-0600] {processor.py:208} INFO - Processing /Library/Frameworks/Python.framework/Versions/3.8/lib/python3.8/site-packages/airflow/example_dags/example_branch_labels.py took 0.053 seconds
[2024-11-26T15:57:06.322-0600] {processor.py:186} INFO - Started process (PID=26193) to work on /Library/Frameworks/Python.framework/Versions/3.8/lib/python3.8/site-packages/airflow/example_dags/example_branch_labels.py
[2024-11-26T15:57:06.324-0600] {processor.py:914} INFO - Processing file /Library/Frameworks/Python.framework/Versions/3.8/lib/python3.8/site-packages/airflow/example_dags/example_branch_labels.py for tasks to queue
[2024-11-26T15:57:06.324-0600] {logging_mixin.py:190} INFO - [2024-11-26T15:57:06.324-0600] {dagbag.py:588} INFO - Filling up the DagBag from /Library/Frameworks/Python.framework/Versions/3.8/lib/python3.8/site-packages/airflow/example_dags/example_branch_labels.py
[2024-11-26T15:57:06.327-0600] {processor.py:925} INFO - DAG(s) 'example_branch_labels' retrieved from /Library/Frameworks/Python.framework/Versions/3.8/lib/python3.8/site-packages/airflow/example_dags/example_branch_labels.py
[2024-11-26T15:57:06.362-0600] {logging_mixin.py:190} INFO - [2024-11-26T15:57:06.362-0600] {dag.py:3239} INFO - Sync 1 DAGs
[2024-11-26T15:57:06.369-0600] {logging_mixin.py:190} INFO - [2024-11-26T15:57:06.369-0600] {dag.py:4180} INFO - Setting next_dagrun for example_branch_labels to 2024-11-25 00:00:00+00:00, run_after=2024-11-26 00:00:00+00:00
[2024-11-26T15:57:06.374-0600] {processor.py:208} INFO - Processing /Library/Frameworks/Python.framework/Versions/3.8/lib/python3.8/site-packages/airflow/example_dags/example_branch_labels.py took 0.053 seconds
[2024-11-26T15:59:19.776-0600] {processor.py:186} INFO - Started process (PID=26460) to work on /Library/Frameworks/Python.framework/Versions/3.8/lib/python3.8/site-packages/airflow/example_dags/example_branch_labels.py
[2024-11-26T15:59:19.777-0600] {processor.py:914} INFO - Processing file /Library/Frameworks/Python.framework/Versions/3.8/lib/python3.8/site-packages/airflow/example_dags/example_branch_labels.py for tasks to queue
[2024-11-26T15:59:19.777-0600] {logging_mixin.py:190} INFO - [2024-11-26T15:59:19.777-0600] {dagbag.py:588} INFO - Filling up the DagBag from /Library/Frameworks/Python.framework/Versions/3.8/lib/python3.8/site-packages/airflow/example_dags/example_branch_labels.py
[2024-11-26T15:59:19.780-0600] {processor.py:925} INFO - DAG(s) 'example_branch_labels' retrieved from /Library/Frameworks/Python.framework/Versions/3.8/lib/python3.8/site-packages/airflow/example_dags/example_branch_labels.py
[2024-11-26T15:59:19.814-0600] {logging_mixin.py:190} INFO - [2024-11-26T15:59:19.814-0600] {dag.py:3239} INFO - Sync 1 DAGs
[2024-11-26T15:59:19.821-0600] {logging_mixin.py:190} INFO - [2024-11-26T15:59:19.821-0600] {dag.py:4180} INFO - Setting next_dagrun for example_branch_labels to 2024-11-25 00:00:00+00:00, run_after=2024-11-26 00:00:00+00:00
[2024-11-26T15:59:19.826-0600] {processor.py:208} INFO - Processing /Library/Frameworks/Python.framework/Versions/3.8/lib/python3.8/site-packages/airflow/example_dags/example_branch_labels.py took 0.051 seconds
[2024-11-26T16:01:36.303-0600] {processor.py:186} INFO - Started process (PID=26735) to work on /Library/Frameworks/Python.framework/Versions/3.8/lib/python3.8/site-packages/airflow/example_dags/example_branch_labels.py
[2024-11-26T16:01:36.304-0600] {processor.py:914} INFO - Processing file /Library/Frameworks/Python.framework/Versions/3.8/lib/python3.8/site-packages/airflow/example_dags/example_branch_labels.py for tasks to queue
[2024-11-26T16:01:36.304-0600] {logging_mixin.py:190} INFO - [2024-11-26T16:01:36.304-0600] {dagbag.py:588} INFO - Filling up the DagBag from /Library/Frameworks/Python.framework/Versions/3.8/lib/python3.8/site-packages/airflow/example_dags/example_branch_labels.py
[2024-11-26T16:01:36.308-0600] {processor.py:925} INFO - DAG(s) 'example_branch_labels' retrieved from /Library/Frameworks/Python.framework/Versions/3.8/lib/python3.8/site-packages/airflow/example_dags/example_branch_labels.py
[2024-11-26T16:01:36.343-0600] {logging_mixin.py:190} INFO - [2024-11-26T16:01:36.343-0600] {dag.py:3239} INFO - Sync 1 DAGs
[2024-11-26T16:01:36.350-0600] {logging_mixin.py:190} INFO - [2024-11-26T16:01:36.350-0600] {dag.py:4180} INFO - Setting next_dagrun for example_branch_labels to 2024-11-25 00:00:00+00:00, run_after=2024-11-26 00:00:00+00:00
[2024-11-26T16:01:36.355-0600] {processor.py:208} INFO - Processing /Library/Frameworks/Python.framework/Versions/3.8/lib/python3.8/site-packages/airflow/example_dags/example_branch_labels.py took 0.053 seconds
[2024-11-26T16:03:48.495-0600] {processor.py:186} INFO - Started process (PID=26981) to work on /Library/Frameworks/Python.framework/Versions/3.8/lib/python3.8/site-packages/airflow/example_dags/example_branch_labels.py
[2024-11-26T16:03:48.497-0600] {processor.py:914} INFO - Processing file /Library/Frameworks/Python.framework/Versions/3.8/lib/python3.8/site-packages/airflow/example_dags/example_branch_labels.py for tasks to queue
[2024-11-26T16:03:48.497-0600] {logging_mixin.py:190} INFO - [2024-11-26T16:03:48.497-0600] {dagbag.py:588} INFO - Filling up the DagBag from /Library/Frameworks/Python.framework/Versions/3.8/lib/python3.8/site-packages/airflow/example_dags/example_branch_labels.py
[2024-11-26T16:03:48.500-0600] {processor.py:925} INFO - DAG(s) 'example_branch_labels' retrieved from /Library/Frameworks/Python.framework/Versions/3.8/lib/python3.8/site-packages/airflow/example_dags/example_branch_labels.py
[2024-11-26T16:03:48.535-0600] {logging_mixin.py:190} INFO - [2024-11-26T16:03:48.535-0600] {dag.py:3239} INFO - Sync 1 DAGs
[2024-11-26T16:03:48.541-0600] {logging_mixin.py:190} INFO - [2024-11-26T16:03:48.541-0600] {dag.py:4180} INFO - Setting next_dagrun for example_branch_labels to 2024-11-25 00:00:00+00:00, run_after=2024-11-26 00:00:00+00:00
[2024-11-26T16:03:48.546-0600] {processor.py:208} INFO - Processing /Library/Frameworks/Python.framework/Versions/3.8/lib/python3.8/site-packages/airflow/example_dags/example_branch_labels.py took 0.052 seconds
[2024-11-26T16:06:07.495-0600] {processor.py:186} INFO - Started process (PID=27230) to work on /Library/Frameworks/Python.framework/Versions/3.8/lib/python3.8/site-packages/airflow/example_dags/example_branch_labels.py
[2024-11-26T16:06:07.496-0600] {processor.py:914} INFO - Processing file /Library/Frameworks/Python.framework/Versions/3.8/lib/python3.8/site-packages/airflow/example_dags/example_branch_labels.py for tasks to queue
[2024-11-26T16:06:07.496-0600] {logging_mixin.py:190} INFO - [2024-11-26T16:06:07.496-0600] {dagbag.py:588} INFO - Filling up the DagBag from /Library/Frameworks/Python.framework/Versions/3.8/lib/python3.8/site-packages/airflow/example_dags/example_branch_labels.py
[2024-11-26T16:06:07.499-0600] {processor.py:925} INFO - DAG(s) 'example_branch_labels' retrieved from /Library/Frameworks/Python.framework/Versions/3.8/lib/python3.8/site-packages/airflow/example_dags/example_branch_labels.py
[2024-11-26T16:06:07.534-0600] {logging_mixin.py:190} INFO - [2024-11-26T16:06:07.533-0600] {dag.py:3239} INFO - Sync 1 DAGs
[2024-11-26T16:06:07.540-0600] {logging_mixin.py:190} INFO - [2024-11-26T16:06:07.540-0600] {dag.py:4180} INFO - Setting next_dagrun for example_branch_labels to 2024-11-25 00:00:00+00:00, run_after=2024-11-26 00:00:00+00:00
[2024-11-26T16:06:07.545-0600] {processor.py:208} INFO - Processing /Library/Frameworks/Python.framework/Versions/3.8/lib/python3.8/site-packages/airflow/example_dags/example_branch_labels.py took 0.051 seconds
[2024-11-26T17:45:34.096-0600] {processor.py:186} INFO - Started process (PID=27523) to work on /Library/Frameworks/Python.framework/Versions/3.8/lib/python3.8/site-packages/airflow/example_dags/example_branch_labels.py
[2024-11-26T17:45:34.097-0600] {processor.py:914} INFO - Processing file /Library/Frameworks/Python.framework/Versions/3.8/lib/python3.8/site-packages/airflow/example_dags/example_branch_labels.py for tasks to queue
[2024-11-26T17:45:34.098-0600] {logging_mixin.py:190} INFO - [2024-11-26T17:45:34.097-0600] {dagbag.py:588} INFO - Filling up the DagBag from /Library/Frameworks/Python.framework/Versions/3.8/lib/python3.8/site-packages/airflow/example_dags/example_branch_labels.py
[2024-11-26T17:45:34.101-0600] {processor.py:925} INFO - DAG(s) 'example_branch_labels' retrieved from /Library/Frameworks/Python.framework/Versions/3.8/lib/python3.8/site-packages/airflow/example_dags/example_branch_labels.py
[2024-11-26T17:45:34.133-0600] {logging_mixin.py:190} INFO - [2024-11-26T17:45:34.133-0600] {dag.py:3239} INFO - Sync 1 DAGs
[2024-11-26T17:45:34.139-0600] {logging_mixin.py:190} INFO - [2024-11-26T17:45:34.139-0600] {dag.py:4180} INFO - Setting next_dagrun for example_branch_labels to 2024-11-25 00:00:00+00:00, run_after=2024-11-26 00:00:00+00:00
[2024-11-26T17:45:34.143-0600] {processor.py:208} INFO - Processing /Library/Frameworks/Python.framework/Versions/3.8/lib/python3.8/site-packages/airflow/example_dags/example_branch_labels.py took 0.049 seconds
