[2024-11-26T14:18:49.165-0600] {processor.py:186} INFO - Started process (PID=17963) to work on /Users/beprathap/PycharmProjects/YouTube-airflow/airflow-venv/lib/python3.8/site-packages/airflow/example_dags/example_branch_operator.py
[2024-11-26T14:18:49.166-0600] {processor.py:914} INFO - Processing file /Users/beprathap/PycharmProjects/YouTube-airflow/airflow-venv/lib/python3.8/site-packages/airflow/example_dags/example_branch_operator.py for tasks to queue
[2024-11-26T14:18:49.166-0600] {logging_mixin.py:190} INFO - [2024-11-26T14:18:49.166-0600] {dagbag.py:588} INFO - Filling up the DagBag from /Users/beprathap/PycharmProjects/YouTube-airflow/airflow-venv/lib/python3.8/site-packages/airflow/example_dags/example_branch_operator.py
[2024-11-26T14:18:49.172-0600] {processor.py:927} WARNING - No viable dags retrieved from /Users/beprathap/PycharmProjects/YouTube-airflow/airflow-venv/lib/python3.8/site-packages/airflow/example_dags/example_branch_operator.py
[2024-11-26T14:18:49.202-0600] {processor.py:208} INFO - Processing /Users/beprathap/PycharmProjects/YouTube-airflow/airflow-venv/lib/python3.8/site-packages/airflow/example_dags/example_branch_operator.py took 0.038 seconds
[2024-11-26T14:21:04.400-0600] {processor.py:186} INFO - Started process (PID=18212) to work on /Users/beprathap/PycharmProjects/YouTube-airflow/airflow-venv/lib/python3.8/site-packages/airflow/example_dags/example_branch_operator.py
[2024-11-26T14:21:04.400-0600] {processor.py:914} INFO - Processing file /Users/beprathap/PycharmProjects/YouTube-airflow/airflow-venv/lib/python3.8/site-packages/airflow/example_dags/example_branch_operator.py for tasks to queue
[2024-11-26T14:21:04.400-0600] {logging_mixin.py:190} INFO - [2024-11-26T14:21:04.400-0600] {dagbag.py:588} INFO - Filling up the DagBag from /Users/beprathap/PycharmProjects/YouTube-airflow/airflow-venv/lib/python3.8/site-packages/airflow/example_dags/example_branch_operator.py
[2024-11-26T14:21:04.406-0600] {processor.py:927} WARNING - No viable dags retrieved from /Users/beprathap/PycharmProjects/YouTube-airflow/airflow-venv/lib/python3.8/site-packages/airflow/example_dags/example_branch_operator.py
[2024-11-26T14:21:04.435-0600] {processor.py:208} INFO - Processing /Users/beprathap/PycharmProjects/YouTube-airflow/airflow-venv/lib/python3.8/site-packages/airflow/example_dags/example_branch_operator.py took 0.037 seconds
[2024-11-26T14:23:18.703-0600] {processor.py:186} INFO - Started process (PID=18497) to work on /Users/beprathap/PycharmProjects/YouTube-airflow/airflow-venv/lib/python3.8/site-packages/airflow/example_dags/example_branch_operator.py
[2024-11-26T14:23:18.704-0600] {processor.py:914} INFO - Processing file /Users/beprathap/PycharmProjects/YouTube-airflow/airflow-venv/lib/python3.8/site-packages/airflow/example_dags/example_branch_operator.py for tasks to queue
[2024-11-26T14:23:18.704-0600] {logging_mixin.py:190} INFO - [2024-11-26T14:23:18.704-0600] {dagbag.py:588} INFO - Filling up the DagBag from /Users/beprathap/PycharmProjects/YouTube-airflow/airflow-venv/lib/python3.8/site-packages/airflow/example_dags/example_branch_operator.py
[2024-11-26T14:23:18.711-0600] {processor.py:927} WARNING - No viable dags retrieved from /Users/beprathap/PycharmProjects/YouTube-airflow/airflow-venv/lib/python3.8/site-packages/airflow/example_dags/example_branch_operator.py
[2024-11-26T14:23:18.741-0600] {processor.py:208} INFO - Processing /Users/beprathap/PycharmProjects/YouTube-airflow/airflow-venv/lib/python3.8/site-packages/airflow/example_dags/example_branch_operator.py took 0.040 seconds
[2024-11-26T14:25:24.960-0600] {processor.py:186} INFO - Started process (PID=18745) to work on /Users/beprathap/PycharmProjects/YouTube-airflow/airflow-venv/lib/python3.8/site-packages/airflow/example_dags/example_branch_operator.py
[2024-11-26T14:25:24.961-0600] {processor.py:914} INFO - Processing file /Users/beprathap/PycharmProjects/YouTube-airflow/airflow-venv/lib/python3.8/site-packages/airflow/example_dags/example_branch_operator.py for tasks to queue
[2024-11-26T14:25:24.961-0600] {logging_mixin.py:190} INFO - [2024-11-26T14:25:24.961-0600] {dagbag.py:588} INFO - Filling up the DagBag from /Users/beprathap/PycharmProjects/YouTube-airflow/airflow-venv/lib/python3.8/site-packages/airflow/example_dags/example_branch_operator.py
[2024-11-26T14:25:24.968-0600] {processor.py:927} WARNING - No viable dags retrieved from /Users/beprathap/PycharmProjects/YouTube-airflow/airflow-venv/lib/python3.8/site-packages/airflow/example_dags/example_branch_operator.py
[2024-11-26T14:25:24.998-0600] {processor.py:208} INFO - Processing /Users/beprathap/PycharmProjects/YouTube-airflow/airflow-venv/lib/python3.8/site-packages/airflow/example_dags/example_branch_operator.py took 0.040 seconds
[2024-11-26T14:27:32.233-0600] {processor.py:186} INFO - Started process (PID=18980) to work on /Users/beprathap/PycharmProjects/YouTube-airflow/airflow-venv/lib/python3.8/site-packages/airflow/example_dags/example_branch_operator.py
[2024-11-26T14:27:32.233-0600] {processor.py:914} INFO - Processing file /Users/beprathap/PycharmProjects/YouTube-airflow/airflow-venv/lib/python3.8/site-packages/airflow/example_dags/example_branch_operator.py for tasks to queue
[2024-11-26T14:27:32.233-0600] {logging_mixin.py:190} INFO - [2024-11-26T14:27:32.233-0600] {dagbag.py:588} INFO - Filling up the DagBag from /Users/beprathap/PycharmProjects/YouTube-airflow/airflow-venv/lib/python3.8/site-packages/airflow/example_dags/example_branch_operator.py
[2024-11-26T14:27:32.239-0600] {processor.py:927} WARNING - No viable dags retrieved from /Users/beprathap/PycharmProjects/YouTube-airflow/airflow-venv/lib/python3.8/site-packages/airflow/example_dags/example_branch_operator.py
[2024-11-26T14:27:32.269-0600] {processor.py:208} INFO - Processing /Users/beprathap/PycharmProjects/YouTube-airflow/airflow-venv/lib/python3.8/site-packages/airflow/example_dags/example_branch_operator.py took 0.037 seconds
[2024-11-26T14:29:40.830-0600] {processor.py:186} INFO - Started process (PID=19220) to work on /Users/beprathap/PycharmProjects/YouTube-airflow/airflow-venv/lib/python3.8/site-packages/airflow/example_dags/example_branch_operator.py
[2024-11-26T14:29:40.830-0600] {processor.py:914} INFO - Processing file /Users/beprathap/PycharmProjects/YouTube-airflow/airflow-venv/lib/python3.8/site-packages/airflow/example_dags/example_branch_operator.py for tasks to queue
[2024-11-26T14:29:40.831-0600] {logging_mixin.py:190} INFO - [2024-11-26T14:29:40.831-0600] {dagbag.py:588} INFO - Filling up the DagBag from /Users/beprathap/PycharmProjects/YouTube-airflow/airflow-venv/lib/python3.8/site-packages/airflow/example_dags/example_branch_operator.py
[2024-11-26T14:29:40.837-0600] {processor.py:927} WARNING - No viable dags retrieved from /Users/beprathap/PycharmProjects/YouTube-airflow/airflow-venv/lib/python3.8/site-packages/airflow/example_dags/example_branch_operator.py
[2024-11-26T14:29:40.867-0600] {processor.py:208} INFO - Processing /Users/beprathap/PycharmProjects/YouTube-airflow/airflow-venv/lib/python3.8/site-packages/airflow/example_dags/example_branch_operator.py took 0.038 seconds
[2024-11-26T14:37:11.412-0600] {processor.py:186} INFO - Started process (PID=19639) to work on /Users/beprathap/PycharmProjects/YouTube-airflow/airflow-venv/lib/python3.8/site-packages/airflow/example_dags/example_branch_operator.py
[2024-11-26T14:37:11.413-0600] {processor.py:914} INFO - Processing file /Users/beprathap/PycharmProjects/YouTube-airflow/airflow-venv/lib/python3.8/site-packages/airflow/example_dags/example_branch_operator.py for tasks to queue
[2024-11-26T14:37:11.414-0600] {logging_mixin.py:190} INFO - [2024-11-26T14:37:11.414-0600] {dagbag.py:588} INFO - Filling up the DagBag from /Users/beprathap/PycharmProjects/YouTube-airflow/airflow-venv/lib/python3.8/site-packages/airflow/example_dags/example_branch_operator.py
[2024-11-26T14:37:11.420-0600] {processor.py:927} WARNING - No viable dags retrieved from /Users/beprathap/PycharmProjects/YouTube-airflow/airflow-venv/lib/python3.8/site-packages/airflow/example_dags/example_branch_operator.py
[2024-11-26T14:37:11.449-0600] {processor.py:208} INFO - Processing /Users/beprathap/PycharmProjects/YouTube-airflow/airflow-venv/lib/python3.8/site-packages/airflow/example_dags/example_branch_operator.py took 0.038 seconds
[2024-11-26T14:39:29.854-0600] {processor.py:186} INFO - Started process (PID=19892) to work on /Users/beprathap/PycharmProjects/YouTube-airflow/airflow-venv/lib/python3.8/site-packages/airflow/example_dags/example_branch_operator.py
[2024-11-26T14:39:29.854-0600] {processor.py:914} INFO - Processing file /Users/beprathap/PycharmProjects/YouTube-airflow/airflow-venv/lib/python3.8/site-packages/airflow/example_dags/example_branch_operator.py for tasks to queue
[2024-11-26T14:39:29.855-0600] {logging_mixin.py:190} INFO - [2024-11-26T14:39:29.854-0600] {dagbag.py:588} INFO - Filling up the DagBag from /Users/beprathap/PycharmProjects/YouTube-airflow/airflow-venv/lib/python3.8/site-packages/airflow/example_dags/example_branch_operator.py
[2024-11-26T14:39:29.861-0600] {processor.py:927} WARNING - No viable dags retrieved from /Users/beprathap/PycharmProjects/YouTube-airflow/airflow-venv/lib/python3.8/site-packages/airflow/example_dags/example_branch_operator.py
[2024-11-26T14:39:29.891-0600] {processor.py:208} INFO - Processing /Users/beprathap/PycharmProjects/YouTube-airflow/airflow-venv/lib/python3.8/site-packages/airflow/example_dags/example_branch_operator.py took 0.038 seconds
[2024-11-26T14:41:42.517-0600] {processor.py:186} INFO - Started process (PID=20144) to work on /Users/beprathap/PycharmProjects/YouTube-airflow/airflow-venv/lib/python3.8/site-packages/airflow/example_dags/example_branch_operator.py
[2024-11-26T14:41:42.517-0600] {processor.py:914} INFO - Processing file /Users/beprathap/PycharmProjects/YouTube-airflow/airflow-venv/lib/python3.8/site-packages/airflow/example_dags/example_branch_operator.py for tasks to queue
[2024-11-26T14:41:42.517-0600] {logging_mixin.py:190} INFO - [2024-11-26T14:41:42.517-0600] {dagbag.py:588} INFO - Filling up the DagBag from /Users/beprathap/PycharmProjects/YouTube-airflow/airflow-venv/lib/python3.8/site-packages/airflow/example_dags/example_branch_operator.py
[2024-11-26T14:41:42.524-0600] {processor.py:927} WARNING - No viable dags retrieved from /Users/beprathap/PycharmProjects/YouTube-airflow/airflow-venv/lib/python3.8/site-packages/airflow/example_dags/example_branch_operator.py
[2024-11-26T14:41:42.553-0600] {processor.py:208} INFO - Processing /Users/beprathap/PycharmProjects/YouTube-airflow/airflow-venv/lib/python3.8/site-packages/airflow/example_dags/example_branch_operator.py took 0.037 seconds
[2024-11-26T14:43:53.891-0600] {processor.py:186} INFO - Started process (PID=20389) to work on /Users/beprathap/PycharmProjects/YouTube-airflow/airflow-venv/lib/python3.8/site-packages/airflow/example_dags/example_branch_operator.py
[2024-11-26T14:43:53.892-0600] {processor.py:914} INFO - Processing file /Users/beprathap/PycharmProjects/YouTube-airflow/airflow-venv/lib/python3.8/site-packages/airflow/example_dags/example_branch_operator.py for tasks to queue
[2024-11-26T14:43:53.892-0600] {logging_mixin.py:190} INFO - [2024-11-26T14:43:53.892-0600] {dagbag.py:588} INFO - Filling up the DagBag from /Users/beprathap/PycharmProjects/YouTube-airflow/airflow-venv/lib/python3.8/site-packages/airflow/example_dags/example_branch_operator.py
[2024-11-26T14:43:53.900-0600] {processor.py:927} WARNING - No viable dags retrieved from /Users/beprathap/PycharmProjects/YouTube-airflow/airflow-venv/lib/python3.8/site-packages/airflow/example_dags/example_branch_operator.py
[2024-11-26T14:43:53.932-0600] {processor.py:208} INFO - Processing /Users/beprathap/PycharmProjects/YouTube-airflow/airflow-venv/lib/python3.8/site-packages/airflow/example_dags/example_branch_operator.py took 0.043 seconds
[2024-11-26T14:46:07.072-0600] {processor.py:186} INFO - Started process (PID=20655) to work on /Users/beprathap/PycharmProjects/YouTube-airflow/airflow-venv/lib/python3.8/site-packages/airflow/example_dags/example_branch_operator.py
[2024-11-26T14:46:07.073-0600] {processor.py:914} INFO - Processing file /Users/beprathap/PycharmProjects/YouTube-airflow/airflow-venv/lib/python3.8/site-packages/airflow/example_dags/example_branch_operator.py for tasks to queue
[2024-11-26T14:46:07.073-0600] {logging_mixin.py:190} INFO - [2024-11-26T14:46:07.073-0600] {dagbag.py:588} INFO - Filling up the DagBag from /Users/beprathap/PycharmProjects/YouTube-airflow/airflow-venv/lib/python3.8/site-packages/airflow/example_dags/example_branch_operator.py
[2024-11-26T14:46:07.080-0600] {processor.py:927} WARNING - No viable dags retrieved from /Users/beprathap/PycharmProjects/YouTube-airflow/airflow-venv/lib/python3.8/site-packages/airflow/example_dags/example_branch_operator.py
[2024-11-26T14:46:07.111-0600] {processor.py:208} INFO - Processing /Users/beprathap/PycharmProjects/YouTube-airflow/airflow-venv/lib/python3.8/site-packages/airflow/example_dags/example_branch_operator.py took 0.040 seconds
[2024-11-26T14:48:20.912-0600] {processor.py:186} INFO - Started process (PID=20916) to work on /Users/beprathap/PycharmProjects/YouTube-airflow/airflow-venv/lib/python3.8/site-packages/airflow/example_dags/example_branch_operator.py
[2024-11-26T14:48:20.912-0600] {processor.py:914} INFO - Processing file /Users/beprathap/PycharmProjects/YouTube-airflow/airflow-venv/lib/python3.8/site-packages/airflow/example_dags/example_branch_operator.py for tasks to queue
[2024-11-26T14:48:20.913-0600] {logging_mixin.py:190} INFO - [2024-11-26T14:48:20.913-0600] {dagbag.py:588} INFO - Filling up the DagBag from /Users/beprathap/PycharmProjects/YouTube-airflow/airflow-venv/lib/python3.8/site-packages/airflow/example_dags/example_branch_operator.py
[2024-11-26T14:48:20.919-0600] {processor.py:927} WARNING - No viable dags retrieved from /Users/beprathap/PycharmProjects/YouTube-airflow/airflow-venv/lib/python3.8/site-packages/airflow/example_dags/example_branch_operator.py
[2024-11-26T14:48:20.949-0600] {processor.py:208} INFO - Processing /Users/beprathap/PycharmProjects/YouTube-airflow/airflow-venv/lib/python3.8/site-packages/airflow/example_dags/example_branch_operator.py took 0.039 seconds
[2024-11-26T15:02:29.264-0600] {processor.py:186} INFO - Started process (PID=21472) to work on /Library/Frameworks/Python.framework/Versions/3.8/lib/python3.8/site-packages/airflow/example_dags/example_branch_operator.py
[2024-11-26T15:02:29.265-0600] {processor.py:914} INFO - Processing file /Library/Frameworks/Python.framework/Versions/3.8/lib/python3.8/site-packages/airflow/example_dags/example_branch_operator.py for tasks to queue
[2024-11-26T15:02:29.265-0600] {logging_mixin.py:190} INFO - [2024-11-26T15:02:29.265-0600] {dagbag.py:588} INFO - Filling up the DagBag from /Library/Frameworks/Python.framework/Versions/3.8/lib/python3.8/site-packages/airflow/example_dags/example_branch_operator.py
[2024-11-26T15:02:29.271-0600] {processor.py:927} WARNING - No viable dags retrieved from /Library/Frameworks/Python.framework/Versions/3.8/lib/python3.8/site-packages/airflow/example_dags/example_branch_operator.py
[2024-11-26T15:02:29.301-0600] {processor.py:208} INFO - Processing /Library/Frameworks/Python.framework/Versions/3.8/lib/python3.8/site-packages/airflow/example_dags/example_branch_operator.py took 0.038 seconds
[2024-11-26T15:04:51.011-0600] {processor.py:186} INFO - Started process (PID=21724) to work on /Library/Frameworks/Python.framework/Versions/3.8/lib/python3.8/site-packages/airflow/example_dags/example_branch_operator.py
[2024-11-26T15:04:51.011-0600] {processor.py:914} INFO - Processing file /Library/Frameworks/Python.framework/Versions/3.8/lib/python3.8/site-packages/airflow/example_dags/example_branch_operator.py for tasks to queue
[2024-11-26T15:04:51.011-0600] {logging_mixin.py:190} INFO - [2024-11-26T15:04:51.011-0600] {dagbag.py:588} INFO - Filling up the DagBag from /Library/Frameworks/Python.framework/Versions/3.8/lib/python3.8/site-packages/airflow/example_dags/example_branch_operator.py
[2024-11-26T15:04:51.018-0600] {processor.py:927} WARNING - No viable dags retrieved from /Library/Frameworks/Python.framework/Versions/3.8/lib/python3.8/site-packages/airflow/example_dags/example_branch_operator.py
[2024-11-26T15:04:51.047-0600] {processor.py:208} INFO - Processing /Library/Frameworks/Python.framework/Versions/3.8/lib/python3.8/site-packages/airflow/example_dags/example_branch_operator.py took 0.038 seconds
[2024-11-26T15:07:10.855-0600] {processor.py:186} INFO - Started process (PID=21981) to work on /Library/Frameworks/Python.framework/Versions/3.8/lib/python3.8/site-packages/airflow/example_dags/example_branch_operator.py
[2024-11-26T15:07:10.855-0600] {processor.py:914} INFO - Processing file /Library/Frameworks/Python.framework/Versions/3.8/lib/python3.8/site-packages/airflow/example_dags/example_branch_operator.py for tasks to queue
[2024-11-26T15:07:10.856-0600] {logging_mixin.py:190} INFO - [2024-11-26T15:07:10.856-0600] {dagbag.py:588} INFO - Filling up the DagBag from /Library/Frameworks/Python.framework/Versions/3.8/lib/python3.8/site-packages/airflow/example_dags/example_branch_operator.py
[2024-11-26T15:07:10.862-0600] {processor.py:927} WARNING - No viable dags retrieved from /Library/Frameworks/Python.framework/Versions/3.8/lib/python3.8/site-packages/airflow/example_dags/example_branch_operator.py
[2024-11-26T15:07:10.892-0600] {processor.py:208} INFO - Processing /Library/Frameworks/Python.framework/Versions/3.8/lib/python3.8/site-packages/airflow/example_dags/example_branch_operator.py took 0.038 seconds
[2024-11-26T15:17:27.000-0600] {processor.py:186} INFO - Started process (PID=22473) to work on /Library/Frameworks/Python.framework/Versions/3.8/lib/python3.8/site-packages/airflow/example_dags/example_branch_operator.py
[2024-11-26T15:17:27.002-0600] {processor.py:914} INFO - Processing file /Library/Frameworks/Python.framework/Versions/3.8/lib/python3.8/site-packages/airflow/example_dags/example_branch_operator.py for tasks to queue
[2024-11-26T15:17:27.002-0600] {logging_mixin.py:190} INFO - [2024-11-26T15:17:27.002-0600] {dagbag.py:588} INFO - Filling up the DagBag from /Library/Frameworks/Python.framework/Versions/3.8/lib/python3.8/site-packages/airflow/example_dags/example_branch_operator.py
[2024-11-26T15:17:27.009-0600] {processor.py:927} WARNING - No viable dags retrieved from /Library/Frameworks/Python.framework/Versions/3.8/lib/python3.8/site-packages/airflow/example_dags/example_branch_operator.py
[2024-11-26T15:17:27.038-0600] {processor.py:208} INFO - Processing /Library/Frameworks/Python.framework/Versions/3.8/lib/python3.8/site-packages/airflow/example_dags/example_branch_operator.py took 0.039 seconds
[2024-11-26T15:19:42.709-0600] {processor.py:186} INFO - Started process (PID=22735) to work on /Library/Frameworks/Python.framework/Versions/3.8/lib/python3.8/site-packages/airflow/example_dags/example_branch_operator.py
[2024-11-26T15:19:42.709-0600] {processor.py:914} INFO - Processing file /Library/Frameworks/Python.framework/Versions/3.8/lib/python3.8/site-packages/airflow/example_dags/example_branch_operator.py for tasks to queue
[2024-11-26T15:19:42.710-0600] {logging_mixin.py:190} INFO - [2024-11-26T15:19:42.710-0600] {dagbag.py:588} INFO - Filling up the DagBag from /Library/Frameworks/Python.framework/Versions/3.8/lib/python3.8/site-packages/airflow/example_dags/example_branch_operator.py
[2024-11-26T15:19:42.716-0600] {processor.py:927} WARNING - No viable dags retrieved from /Library/Frameworks/Python.framework/Versions/3.8/lib/python3.8/site-packages/airflow/example_dags/example_branch_operator.py
[2024-11-26T15:19:42.747-0600] {processor.py:208} INFO - Processing /Library/Frameworks/Python.framework/Versions/3.8/lib/python3.8/site-packages/airflow/example_dags/example_branch_operator.py took 0.039 seconds
[2024-11-26T15:21:55.328-0600] {processor.py:186} INFO - Started process (PID=22998) to work on /Library/Frameworks/Python.framework/Versions/3.8/lib/python3.8/site-packages/airflow/example_dags/example_branch_operator.py
[2024-11-26T15:21:55.329-0600] {processor.py:914} INFO - Processing file /Library/Frameworks/Python.framework/Versions/3.8/lib/python3.8/site-packages/airflow/example_dags/example_branch_operator.py for tasks to queue
[2024-11-26T15:21:55.329-0600] {logging_mixin.py:190} INFO - [2024-11-26T15:21:55.329-0600] {dagbag.py:588} INFO - Filling up the DagBag from /Library/Frameworks/Python.framework/Versions/3.8/lib/python3.8/site-packages/airflow/example_dags/example_branch_operator.py
[2024-11-26T15:21:55.337-0600] {processor.py:927} WARNING - No viable dags retrieved from /Library/Frameworks/Python.framework/Versions/3.8/lib/python3.8/site-packages/airflow/example_dags/example_branch_operator.py
[2024-11-26T15:21:55.371-0600] {processor.py:208} INFO - Processing /Library/Frameworks/Python.framework/Versions/3.8/lib/python3.8/site-packages/airflow/example_dags/example_branch_operator.py took 0.044 seconds
[2024-11-26T15:34:21.295-0600] {processor.py:186} INFO - Started process (PID=23564) to work on /Library/Frameworks/Python.framework/Versions/3.8/lib/python3.8/site-packages/airflow/example_dags/example_branch_operator.py
[2024-11-26T15:34:21.297-0600] {processor.py:914} INFO - Processing file /Library/Frameworks/Python.framework/Versions/3.8/lib/python3.8/site-packages/airflow/example_dags/example_branch_operator.py for tasks to queue
[2024-11-26T15:34:21.297-0600] {logging_mixin.py:190} INFO - [2024-11-26T15:34:21.297-0600] {dagbag.py:588} INFO - Filling up the DagBag from /Library/Frameworks/Python.framework/Versions/3.8/lib/python3.8/site-packages/airflow/example_dags/example_branch_operator.py
[2024-11-26T15:34:21.303-0600] {processor.py:927} WARNING - No viable dags retrieved from /Library/Frameworks/Python.framework/Versions/3.8/lib/python3.8/site-packages/airflow/example_dags/example_branch_operator.py
[2024-11-26T15:34:21.333-0600] {processor.py:208} INFO - Processing /Library/Frameworks/Python.framework/Versions/3.8/lib/python3.8/site-packages/airflow/example_dags/example_branch_operator.py took 0.039 seconds
[2024-11-26T15:36:37.275-0600] {processor.py:186} INFO - Started process (PID=23830) to work on /Library/Frameworks/Python.framework/Versions/3.8/lib/python3.8/site-packages/airflow/example_dags/example_branch_operator.py
[2024-11-26T15:36:37.276-0600] {processor.py:914} INFO - Processing file /Library/Frameworks/Python.framework/Versions/3.8/lib/python3.8/site-packages/airflow/example_dags/example_branch_operator.py for tasks to queue
[2024-11-26T15:36:37.277-0600] {logging_mixin.py:190} INFO - [2024-11-26T15:36:37.277-0600] {dagbag.py:588} INFO - Filling up the DagBag from /Library/Frameworks/Python.framework/Versions/3.8/lib/python3.8/site-packages/airflow/example_dags/example_branch_operator.py
[2024-11-26T15:36:37.283-0600] {processor.py:927} WARNING - No viable dags retrieved from /Library/Frameworks/Python.framework/Versions/3.8/lib/python3.8/site-packages/airflow/example_dags/example_branch_operator.py
[2024-11-26T15:36:37.313-0600] {processor.py:208} INFO - Processing /Library/Frameworks/Python.framework/Versions/3.8/lib/python3.8/site-packages/airflow/example_dags/example_branch_operator.py took 0.039 seconds
[2024-11-26T15:38:53.535-0600] {processor.py:186} INFO - Started process (PID=24086) to work on /Library/Frameworks/Python.framework/Versions/3.8/lib/python3.8/site-packages/airflow/example_dags/example_branch_operator.py
[2024-11-26T15:38:53.536-0600] {processor.py:914} INFO - Processing file /Library/Frameworks/Python.framework/Versions/3.8/lib/python3.8/site-packages/airflow/example_dags/example_branch_operator.py for tasks to queue
[2024-11-26T15:38:53.536-0600] {logging_mixin.py:190} INFO - [2024-11-26T15:38:53.536-0600] {dagbag.py:588} INFO - Filling up the DagBag from /Library/Frameworks/Python.framework/Versions/3.8/lib/python3.8/site-packages/airflow/example_dags/example_branch_operator.py
[2024-11-26T15:38:53.543-0600] {processor.py:927} WARNING - No viable dags retrieved from /Library/Frameworks/Python.framework/Versions/3.8/lib/python3.8/site-packages/airflow/example_dags/example_branch_operator.py
[2024-11-26T15:38:53.574-0600] {processor.py:208} INFO - Processing /Library/Frameworks/Python.framework/Versions/3.8/lib/python3.8/site-packages/airflow/example_dags/example_branch_operator.py took 0.040 seconds
[2024-11-26T15:41:09.379-0600] {processor.py:186} INFO - Started process (PID=24345) to work on /Library/Frameworks/Python.framework/Versions/3.8/lib/python3.8/site-packages/airflow/example_dags/example_branch_operator.py
[2024-11-26T15:41:09.380-0600] {processor.py:914} INFO - Processing file /Library/Frameworks/Python.framework/Versions/3.8/lib/python3.8/site-packages/airflow/example_dags/example_branch_operator.py for tasks to queue
[2024-11-26T15:41:09.380-0600] {logging_mixin.py:190} INFO - [2024-11-26T15:41:09.380-0600] {dagbag.py:588} INFO - Filling up the DagBag from /Library/Frameworks/Python.framework/Versions/3.8/lib/python3.8/site-packages/airflow/example_dags/example_branch_operator.py
[2024-11-26T15:41:09.387-0600] {processor.py:927} WARNING - No viable dags retrieved from /Library/Frameworks/Python.framework/Versions/3.8/lib/python3.8/site-packages/airflow/example_dags/example_branch_operator.py
[2024-11-26T15:41:09.417-0600] {processor.py:208} INFO - Processing /Library/Frameworks/Python.framework/Versions/3.8/lib/python3.8/site-packages/airflow/example_dags/example_branch_operator.py took 0.039 seconds
[2024-11-26T15:43:24.963-0600] {processor.py:186} INFO - Started process (PID=24594) to work on /Library/Frameworks/Python.framework/Versions/3.8/lib/python3.8/site-packages/airflow/example_dags/example_branch_operator.py
[2024-11-26T15:43:24.963-0600] {processor.py:914} INFO - Processing file /Library/Frameworks/Python.framework/Versions/3.8/lib/python3.8/site-packages/airflow/example_dags/example_branch_operator.py for tasks to queue
[2024-11-26T15:43:24.963-0600] {logging_mixin.py:190} INFO - [2024-11-26T15:43:24.963-0600] {dagbag.py:588} INFO - Filling up the DagBag from /Library/Frameworks/Python.framework/Versions/3.8/lib/python3.8/site-packages/airflow/example_dags/example_branch_operator.py
[2024-11-26T15:43:24.970-0600] {processor.py:927} WARNING - No viable dags retrieved from /Library/Frameworks/Python.framework/Versions/3.8/lib/python3.8/site-packages/airflow/example_dags/example_branch_operator.py
[2024-11-26T15:43:25.002-0600] {processor.py:208} INFO - Processing /Library/Frameworks/Python.framework/Versions/3.8/lib/python3.8/site-packages/airflow/example_dags/example_branch_operator.py took 0.040 seconds
[2024-11-26T15:45:40.934-0600] {processor.py:186} INFO - Started process (PID=24845) to work on /Library/Frameworks/Python.framework/Versions/3.8/lib/python3.8/site-packages/airflow/example_dags/example_branch_operator.py
[2024-11-26T15:45:40.935-0600] {processor.py:914} INFO - Processing file /Library/Frameworks/Python.framework/Versions/3.8/lib/python3.8/site-packages/airflow/example_dags/example_branch_operator.py for tasks to queue
[2024-11-26T15:45:40.935-0600] {logging_mixin.py:190} INFO - [2024-11-26T15:45:40.935-0600] {dagbag.py:588} INFO - Filling up the DagBag from /Library/Frameworks/Python.framework/Versions/3.8/lib/python3.8/site-packages/airflow/example_dags/example_branch_operator.py
[2024-11-26T15:45:40.942-0600] {processor.py:927} WARNING - No viable dags retrieved from /Library/Frameworks/Python.framework/Versions/3.8/lib/python3.8/site-packages/airflow/example_dags/example_branch_operator.py
[2024-11-26T15:45:40.973-0600] {processor.py:208} INFO - Processing /Library/Frameworks/Python.framework/Versions/3.8/lib/python3.8/site-packages/airflow/example_dags/example_branch_operator.py took 0.040 seconds
[2024-11-26T15:47:52.198-0600] {processor.py:186} INFO - Started process (PID=25099) to work on /Library/Frameworks/Python.framework/Versions/3.8/lib/python3.8/site-packages/airflow/example_dags/example_branch_operator.py
[2024-11-26T15:47:52.199-0600] {processor.py:914} INFO - Processing file /Library/Frameworks/Python.framework/Versions/3.8/lib/python3.8/site-packages/airflow/example_dags/example_branch_operator.py for tasks to queue
[2024-11-26T15:47:52.199-0600] {logging_mixin.py:190} INFO - [2024-11-26T15:47:52.199-0600] {dagbag.py:588} INFO - Filling up the DagBag from /Library/Frameworks/Python.framework/Versions/3.8/lib/python3.8/site-packages/airflow/example_dags/example_branch_operator.py
[2024-11-26T15:47:52.205-0600] {processor.py:927} WARNING - No viable dags retrieved from /Library/Frameworks/Python.framework/Versions/3.8/lib/python3.8/site-packages/airflow/example_dags/example_branch_operator.py
[2024-11-26T15:47:52.236-0600] {processor.py:208} INFO - Processing /Library/Frameworks/Python.framework/Versions/3.8/lib/python3.8/site-packages/airflow/example_dags/example_branch_operator.py took 0.039 seconds
[2024-11-26T15:50:06.671-0600] {processor.py:186} INFO - Started process (PID=25355) to work on /Library/Frameworks/Python.framework/Versions/3.8/lib/python3.8/site-packages/airflow/example_dags/example_branch_operator.py
[2024-11-26T15:50:06.671-0600] {processor.py:914} INFO - Processing file /Library/Frameworks/Python.framework/Versions/3.8/lib/python3.8/site-packages/airflow/example_dags/example_branch_operator.py for tasks to queue
[2024-11-26T15:50:06.672-0600] {logging_mixin.py:190} INFO - [2024-11-26T15:50:06.672-0600] {dagbag.py:588} INFO - Filling up the DagBag from /Library/Frameworks/Python.framework/Versions/3.8/lib/python3.8/site-packages/airflow/example_dags/example_branch_operator.py
[2024-11-26T15:50:06.679-0600] {processor.py:927} WARNING - No viable dags retrieved from /Library/Frameworks/Python.framework/Versions/3.8/lib/python3.8/site-packages/airflow/example_dags/example_branch_operator.py
[2024-11-26T15:50:06.711-0600] {processor.py:208} INFO - Processing /Library/Frameworks/Python.framework/Versions/3.8/lib/python3.8/site-packages/airflow/example_dags/example_branch_operator.py took 0.041 seconds
[2024-11-26T15:52:19.277-0600] {processor.py:186} INFO - Started process (PID=25615) to work on /Library/Frameworks/Python.framework/Versions/3.8/lib/python3.8/site-packages/airflow/example_dags/example_branch_operator.py
[2024-11-26T15:52:19.278-0600] {processor.py:914} INFO - Processing file /Library/Frameworks/Python.framework/Versions/3.8/lib/python3.8/site-packages/airflow/example_dags/example_branch_operator.py for tasks to queue
[2024-11-26T15:52:19.278-0600] {logging_mixin.py:190} INFO - [2024-11-26T15:52:19.278-0600] {dagbag.py:588} INFO - Filling up the DagBag from /Library/Frameworks/Python.framework/Versions/3.8/lib/python3.8/site-packages/airflow/example_dags/example_branch_operator.py
[2024-11-26T15:52:19.285-0600] {processor.py:927} WARNING - No viable dags retrieved from /Library/Frameworks/Python.framework/Versions/3.8/lib/python3.8/site-packages/airflow/example_dags/example_branch_operator.py
[2024-11-26T15:52:19.316-0600] {processor.py:208} INFO - Processing /Library/Frameworks/Python.framework/Versions/3.8/lib/python3.8/site-packages/airflow/example_dags/example_branch_operator.py took 0.040 seconds
[2024-11-26T15:54:46.170-0600] {processor.py:186} INFO - Started process (PID=25884) to work on /Library/Frameworks/Python.framework/Versions/3.8/lib/python3.8/site-packages/airflow/example_dags/example_branch_operator.py
[2024-11-26T15:54:46.171-0600] {processor.py:914} INFO - Processing file /Library/Frameworks/Python.framework/Versions/3.8/lib/python3.8/site-packages/airflow/example_dags/example_branch_operator.py for tasks to queue
[2024-11-26T15:54:46.172-0600] {logging_mixin.py:190} INFO - [2024-11-26T15:54:46.171-0600] {dagbag.py:588} INFO - Filling up the DagBag from /Library/Frameworks/Python.framework/Versions/3.8/lib/python3.8/site-packages/airflow/example_dags/example_branch_operator.py
[2024-11-26T15:54:46.178-0600] {processor.py:927} WARNING - No viable dags retrieved from /Library/Frameworks/Python.framework/Versions/3.8/lib/python3.8/site-packages/airflow/example_dags/example_branch_operator.py
[2024-11-26T15:54:46.209-0600] {processor.py:208} INFO - Processing /Library/Frameworks/Python.framework/Versions/3.8/lib/python3.8/site-packages/airflow/example_dags/example_branch_operator.py took 0.041 seconds
[2024-11-26T15:57:04.505-0600] {processor.py:186} INFO - Started process (PID=26190) to work on /Library/Frameworks/Python.framework/Versions/3.8/lib/python3.8/site-packages/airflow/example_dags/example_branch_operator.py
[2024-11-26T15:57:04.506-0600] {processor.py:914} INFO - Processing file /Library/Frameworks/Python.framework/Versions/3.8/lib/python3.8/site-packages/airflow/example_dags/example_branch_operator.py for tasks to queue
[2024-11-26T15:57:04.507-0600] {logging_mixin.py:190} INFO - [2024-11-26T15:57:04.507-0600] {dagbag.py:588} INFO - Filling up the DagBag from /Library/Frameworks/Python.framework/Versions/3.8/lib/python3.8/site-packages/airflow/example_dags/example_branch_operator.py
[2024-11-26T15:57:04.513-0600] {processor.py:927} WARNING - No viable dags retrieved from /Library/Frameworks/Python.framework/Versions/3.8/lib/python3.8/site-packages/airflow/example_dags/example_branch_operator.py
[2024-11-26T15:57:04.544-0600] {processor.py:208} INFO - Processing /Library/Frameworks/Python.framework/Versions/3.8/lib/python3.8/site-packages/airflow/example_dags/example_branch_operator.py took 0.040 seconds
[2024-11-26T15:59:18.110-0600] {processor.py:186} INFO - Started process (PID=26457) to work on /Library/Frameworks/Python.framework/Versions/3.8/lib/python3.8/site-packages/airflow/example_dags/example_branch_operator.py
[2024-11-26T15:59:18.110-0600] {processor.py:914} INFO - Processing file /Library/Frameworks/Python.framework/Versions/3.8/lib/python3.8/site-packages/airflow/example_dags/example_branch_operator.py for tasks to queue
[2024-11-26T15:59:18.111-0600] {logging_mixin.py:190} INFO - [2024-11-26T15:59:18.111-0600] {dagbag.py:588} INFO - Filling up the DagBag from /Library/Frameworks/Python.framework/Versions/3.8/lib/python3.8/site-packages/airflow/example_dags/example_branch_operator.py
[2024-11-26T15:59:18.117-0600] {processor.py:927} WARNING - No viable dags retrieved from /Library/Frameworks/Python.framework/Versions/3.8/lib/python3.8/site-packages/airflow/example_dags/example_branch_operator.py
[2024-11-26T15:59:18.148-0600] {processor.py:208} INFO - Processing /Library/Frameworks/Python.framework/Versions/3.8/lib/python3.8/site-packages/airflow/example_dags/example_branch_operator.py took 0.039 seconds
[2024-11-26T16:01:34.744-0600] {processor.py:186} INFO - Started process (PID=26732) to work on /Library/Frameworks/Python.framework/Versions/3.8/lib/python3.8/site-packages/airflow/example_dags/example_branch_operator.py
[2024-11-26T16:01:34.745-0600] {processor.py:914} INFO - Processing file /Library/Frameworks/Python.framework/Versions/3.8/lib/python3.8/site-packages/airflow/example_dags/example_branch_operator.py for tasks to queue
[2024-11-26T16:01:34.745-0600] {logging_mixin.py:190} INFO - [2024-11-26T16:01:34.745-0600] {dagbag.py:588} INFO - Filling up the DagBag from /Library/Frameworks/Python.framework/Versions/3.8/lib/python3.8/site-packages/airflow/example_dags/example_branch_operator.py
[2024-11-26T16:01:34.752-0600] {processor.py:927} WARNING - No viable dags retrieved from /Library/Frameworks/Python.framework/Versions/3.8/lib/python3.8/site-packages/airflow/example_dags/example_branch_operator.py
[2024-11-26T16:01:34.782-0600] {processor.py:208} INFO - Processing /Library/Frameworks/Python.framework/Versions/3.8/lib/python3.8/site-packages/airflow/example_dags/example_branch_operator.py took 0.039 seconds
[2024-11-26T16:03:46.689-0600] {processor.py:186} INFO - Started process (PID=26978) to work on /Library/Frameworks/Python.framework/Versions/3.8/lib/python3.8/site-packages/airflow/example_dags/example_branch_operator.py
[2024-11-26T16:03:46.690-0600] {processor.py:914} INFO - Processing file /Library/Frameworks/Python.framework/Versions/3.8/lib/python3.8/site-packages/airflow/example_dags/example_branch_operator.py for tasks to queue
[2024-11-26T16:03:46.691-0600] {logging_mixin.py:190} INFO - [2024-11-26T16:03:46.690-0600] {dagbag.py:588} INFO - Filling up the DagBag from /Library/Frameworks/Python.framework/Versions/3.8/lib/python3.8/site-packages/airflow/example_dags/example_branch_operator.py
[2024-11-26T16:03:46.697-0600] {processor.py:927} WARNING - No viable dags retrieved from /Library/Frameworks/Python.framework/Versions/3.8/lib/python3.8/site-packages/airflow/example_dags/example_branch_operator.py
[2024-11-26T16:03:46.727-0600] {processor.py:208} INFO - Processing /Library/Frameworks/Python.framework/Versions/3.8/lib/python3.8/site-packages/airflow/example_dags/example_branch_operator.py took 0.039 seconds
[2024-11-26T16:06:06.483-0600] {processor.py:186} INFO - Started process (PID=27227) to work on /Library/Frameworks/Python.framework/Versions/3.8/lib/python3.8/site-packages/airflow/example_dags/example_branch_operator.py
[2024-11-26T16:06:06.483-0600] {processor.py:914} INFO - Processing file /Library/Frameworks/Python.framework/Versions/3.8/lib/python3.8/site-packages/airflow/example_dags/example_branch_operator.py for tasks to queue
[2024-11-26T16:06:06.483-0600] {logging_mixin.py:190} INFO - [2024-11-26T16:06:06.483-0600] {dagbag.py:588} INFO - Filling up the DagBag from /Library/Frameworks/Python.framework/Versions/3.8/lib/python3.8/site-packages/airflow/example_dags/example_branch_operator.py
[2024-11-26T16:06:06.489-0600] {processor.py:927} WARNING - No viable dags retrieved from /Library/Frameworks/Python.framework/Versions/3.8/lib/python3.8/site-packages/airflow/example_dags/example_branch_operator.py
[2024-11-26T16:06:06.520-0600] {processor.py:208} INFO - Processing /Library/Frameworks/Python.framework/Versions/3.8/lib/python3.8/site-packages/airflow/example_dags/example_branch_operator.py took 0.038 seconds
[2024-11-26T17:45:32.283-0600] {processor.py:186} INFO - Started process (PID=27520) to work on /Library/Frameworks/Python.framework/Versions/3.8/lib/python3.8/site-packages/airflow/example_dags/example_branch_operator.py
[2024-11-26T17:45:32.283-0600] {processor.py:914} INFO - Processing file /Library/Frameworks/Python.framework/Versions/3.8/lib/python3.8/site-packages/airflow/example_dags/example_branch_operator.py for tasks to queue
[2024-11-26T17:45:32.284-0600] {logging_mixin.py:190} INFO - [2024-11-26T17:45:32.284-0600] {dagbag.py:588} INFO - Filling up the DagBag from /Library/Frameworks/Python.framework/Versions/3.8/lib/python3.8/site-packages/airflow/example_dags/example_branch_operator.py
[2024-11-26T17:45:32.290-0600] {processor.py:927} WARNING - No viable dags retrieved from /Library/Frameworks/Python.framework/Versions/3.8/lib/python3.8/site-packages/airflow/example_dags/example_branch_operator.py
[2024-11-26T17:45:32.318-0600] {processor.py:208} INFO - Processing /Library/Frameworks/Python.framework/Versions/3.8/lib/python3.8/site-packages/airflow/example_dags/example_branch_operator.py took 0.037 seconds
