[2024-11-26T14:18:17.734-0600] {processor.py:186} INFO - Started process (PID=17909) to work on /Users/beprathap/PycharmProjects/YouTube-airflow/airflow-venv/lib/python3.8/site-packages/airflow/example_dags/example_outlet_event_extra.py
[2024-11-26T14:18:17.734-0600] {processor.py:914} INFO - Processing file /Users/beprathap/PycharmProjects/YouTube-airflow/airflow-venv/lib/python3.8/site-packages/airflow/example_dags/example_outlet_event_extra.py for tasks to queue
[2024-11-26T14:18:17.734-0600] {logging_mixin.py:190} INFO - [2024-11-26T14:18:17.734-0600] {dagbag.py:588} INFO - Filling up the DagBag from /Users/beprathap/PycharmProjects/YouTube-airflow/airflow-venv/lib/python3.8/site-packages/airflow/example_dags/example_outlet_event_extra.py
[2024-11-26T14:18:17.759-0600] {processor.py:925} INFO - DAG(s) 'dataset_with_extra_by_context', 'dataset_with_extra_from_classic_operator', 'dataset_with_extra_by_yield' retrieved from /Users/beprathap/PycharmProjects/YouTube-airflow/airflow-venv/lib/python3.8/site-packages/airflow/example_dags/example_outlet_event_extra.py
[2024-11-26T14:18:17.820-0600] {logging_mixin.py:190} INFO - [2024-11-26T14:18:17.820-0600] {override.py:1901} INFO - Created Permission View: can delete on DAG:dataset_with_extra_by_context
[2024-11-26T14:18:17.822-0600] {logging_mixin.py:190} INFO - [2024-11-26T14:18:17.822-0600] {override.py:1901} INFO - Created Permission View: can read on DAG:dataset_with_extra_by_context
[2024-11-26T14:18:17.824-0600] {logging_mixin.py:190} INFO - [2024-11-26T14:18:17.824-0600] {override.py:1901} INFO - Created Permission View: can edit on DAG:dataset_with_extra_by_context
[2024-11-26T14:18:17.826-0600] {logging_mixin.py:190} INFO - [2024-11-26T14:18:17.826-0600] {override.py:1901} INFO - Created Permission View: menu access on DAG Run:dataset_with_extra_by_context
[2024-11-26T14:18:17.827-0600] {logging_mixin.py:190} INFO - [2024-11-26T14:18:17.827-0600] {override.py:1901} INFO - Created Permission View: can delete on DAG Run:dataset_with_extra_by_context
[2024-11-26T14:18:17.829-0600] {logging_mixin.py:190} INFO - [2024-11-26T14:18:17.828-0600] {override.py:1901} INFO - Created Permission View: can read on DAG Run:dataset_with_extra_by_context
[2024-11-26T14:18:17.830-0600] {logging_mixin.py:190} INFO - [2024-11-26T14:18:17.830-0600] {override.py:1901} INFO - Created Permission View: can create on DAG Run:dataset_with_extra_by_context
[2024-11-26T14:18:17.833-0600] {logging_mixin.py:190} INFO - [2024-11-26T14:18:17.833-0600] {override.py:1901} INFO - Created Permission View: can delete on DAG:dataset_with_extra_from_classic_operator
[2024-11-26T14:18:17.835-0600] {logging_mixin.py:190} INFO - [2024-11-26T14:18:17.835-0600] {override.py:1901} INFO - Created Permission View: can read on DAG:dataset_with_extra_from_classic_operator
[2024-11-26T14:18:17.836-0600] {logging_mixin.py:190} INFO - [2024-11-26T14:18:17.836-0600] {override.py:1901} INFO - Created Permission View: can edit on DAG:dataset_with_extra_from_classic_operator
[2024-11-26T14:18:17.838-0600] {logging_mixin.py:190} INFO - [2024-11-26T14:18:17.838-0600] {override.py:1901} INFO - Created Permission View: menu access on DAG Run:dataset_with_extra_from_classic_operator
[2024-11-26T14:18:17.839-0600] {logging_mixin.py:190} INFO - [2024-11-26T14:18:17.839-0600] {override.py:1901} INFO - Created Permission View: can delete on DAG Run:dataset_with_extra_from_classic_operator
[2024-11-26T14:18:17.840-0600] {logging_mixin.py:190} INFO - [2024-11-26T14:18:17.840-0600] {override.py:1901} INFO - Created Permission View: can read on DAG Run:dataset_with_extra_from_classic_operator
[2024-11-26T14:18:17.842-0600] {logging_mixin.py:190} INFO - [2024-11-26T14:18:17.842-0600] {override.py:1901} INFO - Created Permission View: can create on DAG Run:dataset_with_extra_from_classic_operator
[2024-11-26T14:18:17.845-0600] {logging_mixin.py:190} INFO - [2024-11-26T14:18:17.845-0600] {override.py:1901} INFO - Created Permission View: can delete on DAG:dataset_with_extra_by_yield
[2024-11-26T14:18:17.846-0600] {logging_mixin.py:190} INFO - [2024-11-26T14:18:17.846-0600] {override.py:1901} INFO - Created Permission View: can read on DAG:dataset_with_extra_by_yield
[2024-11-26T14:18:17.848-0600] {logging_mixin.py:190} INFO - [2024-11-26T14:18:17.847-0600] {override.py:1901} INFO - Created Permission View: can edit on DAG:dataset_with_extra_by_yield
[2024-11-26T14:18:17.849-0600] {logging_mixin.py:190} INFO - [2024-11-26T14:18:17.849-0600] {override.py:1901} INFO - Created Permission View: menu access on DAG Run:dataset_with_extra_by_yield
[2024-11-26T14:18:17.851-0600] {logging_mixin.py:190} INFO - [2024-11-26T14:18:17.851-0600] {override.py:1901} INFO - Created Permission View: can delete on DAG Run:dataset_with_extra_by_yield
[2024-11-26T14:18:17.852-0600] {logging_mixin.py:190} INFO - [2024-11-26T14:18:17.852-0600] {override.py:1901} INFO - Created Permission View: can read on DAG Run:dataset_with_extra_by_yield
[2024-11-26T14:18:17.853-0600] {logging_mixin.py:190} INFO - [2024-11-26T14:18:17.853-0600] {override.py:1901} INFO - Created Permission View: can create on DAG Run:dataset_with_extra_by_yield
[2024-11-26T14:18:17.853-0600] {logging_mixin.py:190} INFO - [2024-11-26T14:18:17.853-0600] {dag.py:3239} INFO - Sync 3 DAGs
[2024-11-26T14:18:17.857-0600] {logging_mixin.py:190} INFO - [2024-11-26T14:18:17.857-0600] {dag.py:3262} INFO - Creating ORM DAG for dataset_with_extra_by_context
[2024-11-26T14:18:17.857-0600] {logging_mixin.py:190} INFO - [2024-11-26T14:18:17.857-0600] {dag.py:3262} INFO - Creating ORM DAG for dataset_with_extra_by_yield
[2024-11-26T14:18:17.858-0600] {logging_mixin.py:190} INFO - [2024-11-26T14:18:17.857-0600] {dag.py:3262} INFO - Creating ORM DAG for dataset_with_extra_from_classic_operator
[2024-11-26T14:18:17.860-0600] {logging_mixin.py:190} INFO - [2024-11-26T14:18:17.860-0600] {dag.py:4180} INFO - Setting next_dagrun for dataset_with_extra_by_context to 2024-11-25 00:00:00+00:00, run_after=2024-11-26 00:00:00+00:00
[2024-11-26T14:18:17.861-0600] {logging_mixin.py:190} INFO - [2024-11-26T14:18:17.861-0600] {dag.py:4180} INFO - Setting next_dagrun for dataset_with_extra_by_yield to 2024-11-25 00:00:00+00:00, run_after=2024-11-26 00:00:00+00:00
[2024-11-26T14:18:17.861-0600] {logging_mixin.py:190} INFO - [2024-11-26T14:18:17.861-0600] {dag.py:4180} INFO - Setting next_dagrun for dataset_with_extra_from_classic_operator to 2024-11-25 00:00:00+00:00, run_after=2024-11-26 00:00:00+00:00
[2024-11-26T14:18:17.866-0600] {logging_mixin.py:190} INFO - [2024-11-26T14:18:17.866-0600] {workday.py:41} WARNING - Could not import pandas. Holidays will not be considered.
[2024-11-26T14:18:17.870-0600] {processor.py:208} INFO - Processing /Users/beprathap/PycharmProjects/YouTube-airflow/airflow-venv/lib/python3.8/site-packages/airflow/example_dags/example_outlet_event_extra.py took 0.137 seconds
[2024-11-26T14:19:55.427-0600] {processor.py:186} INFO - Started process (PID=18088) to work on /Users/beprathap/PycharmProjects/YouTube-airflow/airflow-venv/lib/python3.8/site-packages/airflow/example_dags/example_outlet_event_extra.py
[2024-11-26T14:19:55.427-0600] {processor.py:914} INFO - Processing file /Users/beprathap/PycharmProjects/YouTube-airflow/airflow-venv/lib/python3.8/site-packages/airflow/example_dags/example_outlet_event_extra.py for tasks to queue
[2024-11-26T14:19:55.428-0600] {logging_mixin.py:190} INFO - [2024-11-26T14:19:55.428-0600] {dagbag.py:588} INFO - Filling up the DagBag from /Users/beprathap/PycharmProjects/YouTube-airflow/airflow-venv/lib/python3.8/site-packages/airflow/example_dags/example_outlet_event_extra.py
[2024-11-26T14:19:55.450-0600] {processor.py:925} INFO - DAG(s) 'dataset_with_extra_by_yield', 'dataset_with_extra_by_context', 'dataset_with_extra_from_classic_operator' retrieved from /Users/beprathap/PycharmProjects/YouTube-airflow/airflow-venv/lib/python3.8/site-packages/airflow/example_dags/example_outlet_event_extra.py
[2024-11-26T14:19:55.484-0600] {logging_mixin.py:190} INFO - [2024-11-26T14:19:55.484-0600] {dag.py:3239} INFO - Sync 3 DAGs
[2024-11-26T14:19:55.491-0600] {logging_mixin.py:190} INFO - [2024-11-26T14:19:55.491-0600] {dag.py:4180} INFO - Setting next_dagrun for dataset_with_extra_by_context to 2024-11-25 00:00:00+00:00, run_after=2024-11-26 00:00:00+00:00
[2024-11-26T14:19:55.492-0600] {logging_mixin.py:190} INFO - [2024-11-26T14:19:55.492-0600] {dag.py:4180} INFO - Setting next_dagrun for dataset_with_extra_by_yield to 2024-11-25 00:00:00+00:00, run_after=2024-11-26 00:00:00+00:00
[2024-11-26T14:19:55.493-0600] {logging_mixin.py:190} INFO - [2024-11-26T14:19:55.493-0600] {dag.py:4180} INFO - Setting next_dagrun for dataset_with_extra_from_classic_operator to 2024-11-25 00:00:00+00:00, run_after=2024-11-26 00:00:00+00:00
[2024-11-26T14:19:55.498-0600] {processor.py:208} INFO - Processing /Users/beprathap/PycharmProjects/YouTube-airflow/airflow-venv/lib/python3.8/site-packages/airflow/example_dags/example_outlet_event_extra.py took 0.073 seconds
[2024-11-26T14:22:10.078-0600] {processor.py:186} INFO - Started process (PID=18348) to work on /Users/beprathap/PycharmProjects/YouTube-airflow/airflow-venv/lib/python3.8/site-packages/airflow/example_dags/example_outlet_event_extra.py
[2024-11-26T14:22:10.078-0600] {processor.py:914} INFO - Processing file /Users/beprathap/PycharmProjects/YouTube-airflow/airflow-venv/lib/python3.8/site-packages/airflow/example_dags/example_outlet_event_extra.py for tasks to queue
[2024-11-26T14:22:10.078-0600] {logging_mixin.py:190} INFO - [2024-11-26T14:22:10.078-0600] {dagbag.py:588} INFO - Filling up the DagBag from /Users/beprathap/PycharmProjects/YouTube-airflow/airflow-venv/lib/python3.8/site-packages/airflow/example_dags/example_outlet_event_extra.py
[2024-11-26T14:22:10.105-0600] {processor.py:925} INFO - DAG(s) 'dataset_with_extra_by_context', 'dataset_with_extra_by_yield', 'dataset_with_extra_from_classic_operator' retrieved from /Users/beprathap/PycharmProjects/YouTube-airflow/airflow-venv/lib/python3.8/site-packages/airflow/example_dags/example_outlet_event_extra.py
[2024-11-26T14:22:10.140-0600] {logging_mixin.py:190} INFO - [2024-11-26T14:22:10.139-0600] {dag.py:3239} INFO - Sync 3 DAGs
[2024-11-26T14:22:10.146-0600] {logging_mixin.py:190} INFO - [2024-11-26T14:22:10.146-0600] {dag.py:4180} INFO - Setting next_dagrun for dataset_with_extra_by_context to 2024-11-25 00:00:00+00:00, run_after=2024-11-26 00:00:00+00:00
[2024-11-26T14:22:10.147-0600] {logging_mixin.py:190} INFO - [2024-11-26T14:22:10.147-0600] {dag.py:4180} INFO - Setting next_dagrun for dataset_with_extra_by_yield to 2024-11-25 00:00:00+00:00, run_after=2024-11-26 00:00:00+00:00
[2024-11-26T14:22:10.148-0600] {logging_mixin.py:190} INFO - [2024-11-26T14:22:10.148-0600] {dag.py:4180} INFO - Setting next_dagrun for dataset_with_extra_from_classic_operator to 2024-11-25 00:00:00+00:00, run_after=2024-11-26 00:00:00+00:00
[2024-11-26T14:22:10.154-0600] {processor.py:208} INFO - Processing /Users/beprathap/PycharmProjects/YouTube-airflow/airflow-venv/lib/python3.8/site-packages/airflow/example_dags/example_outlet_event_extra.py took 0.077 seconds
[2024-11-26T14:24:20.255-0600] {processor.py:186} INFO - Started process (PID=18613) to work on /Users/beprathap/PycharmProjects/YouTube-airflow/airflow-venv/lib/python3.8/site-packages/airflow/example_dags/example_outlet_event_extra.py
[2024-11-26T14:24:20.256-0600] {processor.py:914} INFO - Processing file /Users/beprathap/PycharmProjects/YouTube-airflow/airflow-venv/lib/python3.8/site-packages/airflow/example_dags/example_outlet_event_extra.py for tasks to queue
[2024-11-26T14:24:20.256-0600] {logging_mixin.py:190} INFO - [2024-11-26T14:24:20.256-0600] {dagbag.py:588} INFO - Filling up the DagBag from /Users/beprathap/PycharmProjects/YouTube-airflow/airflow-venv/lib/python3.8/site-packages/airflow/example_dags/example_outlet_event_extra.py
[2024-11-26T14:24:20.280-0600] {processor.py:925} INFO - DAG(s) 'dataset_with_extra_by_yield', 'dataset_with_extra_from_classic_operator', 'dataset_with_extra_by_context' retrieved from /Users/beprathap/PycharmProjects/YouTube-airflow/airflow-venv/lib/python3.8/site-packages/airflow/example_dags/example_outlet_event_extra.py
[2024-11-26T14:24:20.316-0600] {logging_mixin.py:190} INFO - [2024-11-26T14:24:20.316-0600] {dag.py:3239} INFO - Sync 3 DAGs
[2024-11-26T14:24:20.322-0600] {logging_mixin.py:190} INFO - [2024-11-26T14:24:20.322-0600] {dag.py:4180} INFO - Setting next_dagrun for dataset_with_extra_by_context to 2024-11-25 00:00:00+00:00, run_after=2024-11-26 00:00:00+00:00
[2024-11-26T14:24:20.324-0600] {logging_mixin.py:190} INFO - [2024-11-26T14:24:20.323-0600] {dag.py:4180} INFO - Setting next_dagrun for dataset_with_extra_by_yield to 2024-11-25 00:00:00+00:00, run_after=2024-11-26 00:00:00+00:00
[2024-11-26T14:24:20.324-0600] {logging_mixin.py:190} INFO - [2024-11-26T14:24:20.324-0600] {dag.py:4180} INFO - Setting next_dagrun for dataset_with_extra_from_classic_operator to 2024-11-25 00:00:00+00:00, run_after=2024-11-26 00:00:00+00:00
[2024-11-26T14:24:20.330-0600] {processor.py:208} INFO - Processing /Users/beprathap/PycharmProjects/YouTube-airflow/airflow-venv/lib/python3.8/site-packages/airflow/example_dags/example_outlet_event_extra.py took 0.077 seconds
[2024-11-26T14:26:27.587-0600] {processor.py:186} INFO - Started process (PID=18862) to work on /Users/beprathap/PycharmProjects/YouTube-airflow/airflow-venv/lib/python3.8/site-packages/airflow/example_dags/example_outlet_event_extra.py
[2024-11-26T14:26:27.588-0600] {processor.py:914} INFO - Processing file /Users/beprathap/PycharmProjects/YouTube-airflow/airflow-venv/lib/python3.8/site-packages/airflow/example_dags/example_outlet_event_extra.py for tasks to queue
[2024-11-26T14:26:27.588-0600] {logging_mixin.py:190} INFO - [2024-11-26T14:26:27.588-0600] {dagbag.py:588} INFO - Filling up the DagBag from /Users/beprathap/PycharmProjects/YouTube-airflow/airflow-venv/lib/python3.8/site-packages/airflow/example_dags/example_outlet_event_extra.py
[2024-11-26T14:26:27.612-0600] {processor.py:925} INFO - DAG(s) 'dataset_with_extra_by_yield', 'dataset_with_extra_from_classic_operator', 'dataset_with_extra_by_context' retrieved from /Users/beprathap/PycharmProjects/YouTube-airflow/airflow-venv/lib/python3.8/site-packages/airflow/example_dags/example_outlet_event_extra.py
[2024-11-26T14:26:27.648-0600] {logging_mixin.py:190} INFO - [2024-11-26T14:26:27.647-0600] {dag.py:3239} INFO - Sync 3 DAGs
[2024-11-26T14:26:27.654-0600] {logging_mixin.py:190} INFO - [2024-11-26T14:26:27.654-0600] {dag.py:4180} INFO - Setting next_dagrun for dataset_with_extra_by_context to 2024-11-25 00:00:00+00:00, run_after=2024-11-26 00:00:00+00:00
[2024-11-26T14:26:27.656-0600] {logging_mixin.py:190} INFO - [2024-11-26T14:26:27.656-0600] {dag.py:4180} INFO - Setting next_dagrun for dataset_with_extra_by_yield to 2024-11-25 00:00:00+00:00, run_after=2024-11-26 00:00:00+00:00
[2024-11-26T14:26:27.656-0600] {logging_mixin.py:190} INFO - [2024-11-26T14:26:27.656-0600] {dag.py:4180} INFO - Setting next_dagrun for dataset_with_extra_from_classic_operator to 2024-11-25 00:00:00+00:00, run_after=2024-11-26 00:00:00+00:00
[2024-11-26T14:26:27.662-0600] {processor.py:208} INFO - Processing /Users/beprathap/PycharmProjects/YouTube-airflow/airflow-venv/lib/python3.8/site-packages/airflow/example_dags/example_outlet_event_extra.py took 0.076 seconds
[2024-11-26T14:28:34.918-0600] {processor.py:186} INFO - Started process (PID=19091) to work on /Users/beprathap/PycharmProjects/YouTube-airflow/airflow-venv/lib/python3.8/site-packages/airflow/example_dags/example_outlet_event_extra.py
[2024-11-26T14:28:34.918-0600] {processor.py:914} INFO - Processing file /Users/beprathap/PycharmProjects/YouTube-airflow/airflow-venv/lib/python3.8/site-packages/airflow/example_dags/example_outlet_event_extra.py for tasks to queue
[2024-11-26T14:28:34.918-0600] {logging_mixin.py:190} INFO - [2024-11-26T14:28:34.918-0600] {dagbag.py:588} INFO - Filling up the DagBag from /Users/beprathap/PycharmProjects/YouTube-airflow/airflow-venv/lib/python3.8/site-packages/airflow/example_dags/example_outlet_event_extra.py
[2024-11-26T14:28:34.941-0600] {processor.py:925} INFO - DAG(s) 'dataset_with_extra_by_context', 'dataset_with_extra_by_yield', 'dataset_with_extra_from_classic_operator' retrieved from /Users/beprathap/PycharmProjects/YouTube-airflow/airflow-venv/lib/python3.8/site-packages/airflow/example_dags/example_outlet_event_extra.py
[2024-11-26T14:28:34.976-0600] {logging_mixin.py:190} INFO - [2024-11-26T14:28:34.976-0600] {dag.py:3239} INFO - Sync 3 DAGs
[2024-11-26T14:28:34.983-0600] {logging_mixin.py:190} INFO - [2024-11-26T14:28:34.983-0600] {dag.py:4180} INFO - Setting next_dagrun for dataset_with_extra_by_context to 2024-11-25 00:00:00+00:00, run_after=2024-11-26 00:00:00+00:00
[2024-11-26T14:28:34.984-0600] {logging_mixin.py:190} INFO - [2024-11-26T14:28:34.984-0600] {dag.py:4180} INFO - Setting next_dagrun for dataset_with_extra_by_yield to 2024-11-25 00:00:00+00:00, run_after=2024-11-26 00:00:00+00:00
[2024-11-26T14:28:34.985-0600] {logging_mixin.py:190} INFO - [2024-11-26T14:28:34.985-0600] {dag.py:4180} INFO - Setting next_dagrun for dataset_with_extra_from_classic_operator to 2024-11-25 00:00:00+00:00, run_after=2024-11-26 00:00:00+00:00
[2024-11-26T14:28:34.991-0600] {processor.py:208} INFO - Processing /Users/beprathap/PycharmProjects/YouTube-airflow/airflow-venv/lib/python3.8/site-packages/airflow/example_dags/example_outlet_event_extra.py took 0.074 seconds
[2024-11-26T14:36:40.294-0600] {processor.py:186} INFO - Started process (PID=19585) to work on /Users/beprathap/PycharmProjects/YouTube-airflow/airflow-venv/lib/python3.8/site-packages/airflow/example_dags/example_outlet_event_extra.py
[2024-11-26T14:36:40.295-0600] {processor.py:914} INFO - Processing file /Users/beprathap/PycharmProjects/YouTube-airflow/airflow-venv/lib/python3.8/site-packages/airflow/example_dags/example_outlet_event_extra.py for tasks to queue
[2024-11-26T14:36:40.295-0600] {logging_mixin.py:190} INFO - [2024-11-26T14:36:40.295-0600] {dagbag.py:588} INFO - Filling up the DagBag from /Users/beprathap/PycharmProjects/YouTube-airflow/airflow-venv/lib/python3.8/site-packages/airflow/example_dags/example_outlet_event_extra.py
[2024-11-26T14:36:40.320-0600] {processor.py:925} INFO - DAG(s) 'dataset_with_extra_by_yield', 'dataset_with_extra_by_context', 'dataset_with_extra_from_classic_operator' retrieved from /Users/beprathap/PycharmProjects/YouTube-airflow/airflow-venv/lib/python3.8/site-packages/airflow/example_dags/example_outlet_event_extra.py
[2024-11-26T14:36:40.362-0600] {logging_mixin.py:190} INFO - [2024-11-26T14:36:40.362-0600] {dag.py:3239} INFO - Sync 3 DAGs
[2024-11-26T14:36:40.370-0600] {logging_mixin.py:190} INFO - [2024-11-26T14:36:40.370-0600] {dag.py:4180} INFO - Setting next_dagrun for dataset_with_extra_by_context to 2024-11-25 00:00:00+00:00, run_after=2024-11-26 00:00:00+00:00
[2024-11-26T14:36:40.371-0600] {logging_mixin.py:190} INFO - [2024-11-26T14:36:40.371-0600] {dag.py:4180} INFO - Setting next_dagrun for dataset_with_extra_by_yield to 2024-11-25 00:00:00+00:00, run_after=2024-11-26 00:00:00+00:00
[2024-11-26T14:36:40.372-0600] {logging_mixin.py:190} INFO - [2024-11-26T14:36:40.372-0600] {dag.py:4180} INFO - Setting next_dagrun for dataset_with_extra_from_classic_operator to 2024-11-25 00:00:00+00:00, run_after=2024-11-26 00:00:00+00:00
[2024-11-26T14:36:40.379-0600] {processor.py:208} INFO - Processing /Users/beprathap/PycharmProjects/YouTube-airflow/airflow-venv/lib/python3.8/site-packages/airflow/example_dags/example_outlet_event_extra.py took 0.087 seconds
[2024-11-26T14:38:19.549-0600] {processor.py:186} INFO - Started process (PID=19756) to work on /Users/beprathap/PycharmProjects/YouTube-airflow/airflow-venv/lib/python3.8/site-packages/airflow/example_dags/example_outlet_event_extra.py
[2024-11-26T14:38:19.549-0600] {processor.py:914} INFO - Processing file /Users/beprathap/PycharmProjects/YouTube-airflow/airflow-venv/lib/python3.8/site-packages/airflow/example_dags/example_outlet_event_extra.py for tasks to queue
[2024-11-26T14:38:19.550-0600] {logging_mixin.py:190} INFO - [2024-11-26T14:38:19.550-0600] {dagbag.py:588} INFO - Filling up the DagBag from /Users/beprathap/PycharmProjects/YouTube-airflow/airflow-venv/lib/python3.8/site-packages/airflow/example_dags/example_outlet_event_extra.py
[2024-11-26T14:38:19.573-0600] {processor.py:925} INFO - DAG(s) 'dataset_with_extra_by_yield', 'dataset_with_extra_by_context', 'dataset_with_extra_from_classic_operator' retrieved from /Users/beprathap/PycharmProjects/YouTube-airflow/airflow-venv/lib/python3.8/site-packages/airflow/example_dags/example_outlet_event_extra.py
[2024-11-26T14:38:19.608-0600] {logging_mixin.py:190} INFO - [2024-11-26T14:38:19.608-0600] {dag.py:3239} INFO - Sync 3 DAGs
[2024-11-26T14:38:19.615-0600] {logging_mixin.py:190} INFO - [2024-11-26T14:38:19.615-0600] {dag.py:4180} INFO - Setting next_dagrun for dataset_with_extra_by_context to 2024-11-25 00:00:00+00:00, run_after=2024-11-26 00:00:00+00:00
[2024-11-26T14:38:19.616-0600] {logging_mixin.py:190} INFO - [2024-11-26T14:38:19.616-0600] {dag.py:4180} INFO - Setting next_dagrun for dataset_with_extra_by_yield to 2024-11-25 00:00:00+00:00, run_after=2024-11-26 00:00:00+00:00
[2024-11-26T14:38:19.617-0600] {logging_mixin.py:190} INFO - [2024-11-26T14:38:19.617-0600] {dag.py:4180} INFO - Setting next_dagrun for dataset_with_extra_from_classic_operator to 2024-11-25 00:00:00+00:00, run_after=2024-11-26 00:00:00+00:00
[2024-11-26T14:38:19.623-0600] {processor.py:208} INFO - Processing /Users/beprathap/PycharmProjects/YouTube-airflow/airflow-venv/lib/python3.8/site-packages/airflow/example_dags/example_outlet_event_extra.py took 0.075 seconds
[2024-11-26T14:40:37.869-0600] {processor.py:186} INFO - Started process (PID=20023) to work on /Users/beprathap/PycharmProjects/YouTube-airflow/airflow-venv/lib/python3.8/site-packages/airflow/example_dags/example_outlet_event_extra.py
[2024-11-26T14:40:37.870-0600] {processor.py:914} INFO - Processing file /Users/beprathap/PycharmProjects/YouTube-airflow/airflow-venv/lib/python3.8/site-packages/airflow/example_dags/example_outlet_event_extra.py for tasks to queue
[2024-11-26T14:40:37.870-0600] {logging_mixin.py:190} INFO - [2024-11-26T14:40:37.870-0600] {dagbag.py:588} INFO - Filling up the DagBag from /Users/beprathap/PycharmProjects/YouTube-airflow/airflow-venv/lib/python3.8/site-packages/airflow/example_dags/example_outlet_event_extra.py
[2024-11-26T14:40:37.896-0600] {processor.py:925} INFO - DAG(s) 'dataset_with_extra_from_classic_operator', 'dataset_with_extra_by_context', 'dataset_with_extra_by_yield' retrieved from /Users/beprathap/PycharmProjects/YouTube-airflow/airflow-venv/lib/python3.8/site-packages/airflow/example_dags/example_outlet_event_extra.py
[2024-11-26T14:40:37.933-0600] {logging_mixin.py:190} INFO - [2024-11-26T14:40:37.933-0600] {dag.py:3239} INFO - Sync 3 DAGs
[2024-11-26T14:40:37.940-0600] {logging_mixin.py:190} INFO - [2024-11-26T14:40:37.940-0600] {dag.py:4180} INFO - Setting next_dagrun for dataset_with_extra_by_context to 2024-11-25 00:00:00+00:00, run_after=2024-11-26 00:00:00+00:00
[2024-11-26T14:40:37.942-0600] {logging_mixin.py:190} INFO - [2024-11-26T14:40:37.942-0600] {dag.py:4180} INFO - Setting next_dagrun for dataset_with_extra_by_yield to 2024-11-25 00:00:00+00:00, run_after=2024-11-26 00:00:00+00:00
[2024-11-26T14:40:37.942-0600] {logging_mixin.py:190} INFO - [2024-11-26T14:40:37.942-0600] {dag.py:4180} INFO - Setting next_dagrun for dataset_with_extra_from_classic_operator to 2024-11-25 00:00:00+00:00, run_after=2024-11-26 00:00:00+00:00
[2024-11-26T14:40:37.949-0600] {processor.py:208} INFO - Processing /Users/beprathap/PycharmProjects/YouTube-airflow/airflow-venv/lib/python3.8/site-packages/airflow/example_dags/example_outlet_event_extra.py took 0.081 seconds
[2024-11-26T14:42:46.940-0600] {processor.py:186} INFO - Started process (PID=20259) to work on /Users/beprathap/PycharmProjects/YouTube-airflow/airflow-venv/lib/python3.8/site-packages/airflow/example_dags/example_outlet_event_extra.py
[2024-11-26T14:42:46.940-0600] {processor.py:914} INFO - Processing file /Users/beprathap/PycharmProjects/YouTube-airflow/airflow-venv/lib/python3.8/site-packages/airflow/example_dags/example_outlet_event_extra.py for tasks to queue
[2024-11-26T14:42:46.941-0600] {logging_mixin.py:190} INFO - [2024-11-26T14:42:46.941-0600] {dagbag.py:588} INFO - Filling up the DagBag from /Users/beprathap/PycharmProjects/YouTube-airflow/airflow-venv/lib/python3.8/site-packages/airflow/example_dags/example_outlet_event_extra.py
[2024-11-26T14:42:46.964-0600] {processor.py:925} INFO - DAG(s) 'dataset_with_extra_by_context', 'dataset_with_extra_from_classic_operator', 'dataset_with_extra_by_yield' retrieved from /Users/beprathap/PycharmProjects/YouTube-airflow/airflow-venv/lib/python3.8/site-packages/airflow/example_dags/example_outlet_event_extra.py
[2024-11-26T14:42:47.000-0600] {logging_mixin.py:190} INFO - [2024-11-26T14:42:47.000-0600] {dag.py:3239} INFO - Sync 3 DAGs
[2024-11-26T14:42:47.007-0600] {logging_mixin.py:190} INFO - [2024-11-26T14:42:47.007-0600] {dag.py:4180} INFO - Setting next_dagrun for dataset_with_extra_by_context to 2024-11-25 00:00:00+00:00, run_after=2024-11-26 00:00:00+00:00
[2024-11-26T14:42:47.008-0600] {logging_mixin.py:190} INFO - [2024-11-26T14:42:47.008-0600] {dag.py:4180} INFO - Setting next_dagrun for dataset_with_extra_by_yield to 2024-11-25 00:00:00+00:00, run_after=2024-11-26 00:00:00+00:00
[2024-11-26T14:42:47.009-0600] {logging_mixin.py:190} INFO - [2024-11-26T14:42:47.009-0600] {dag.py:4180} INFO - Setting next_dagrun for dataset_with_extra_from_classic_operator to 2024-11-25 00:00:00+00:00, run_after=2024-11-26 00:00:00+00:00
[2024-11-26T14:42:47.015-0600] {processor.py:208} INFO - Processing /Users/beprathap/PycharmProjects/YouTube-airflow/airflow-venv/lib/python3.8/site-packages/airflow/example_dags/example_outlet_event_extra.py took 0.076 seconds
[2024-11-26T14:45:00.273-0600] {processor.py:186} INFO - Started process (PID=20522) to work on /Users/beprathap/PycharmProjects/YouTube-airflow/airflow-venv/lib/python3.8/site-packages/airflow/example_dags/example_outlet_event_extra.py
[2024-11-26T14:45:00.273-0600] {processor.py:914} INFO - Processing file /Users/beprathap/PycharmProjects/YouTube-airflow/airflow-venv/lib/python3.8/site-packages/airflow/example_dags/example_outlet_event_extra.py for tasks to queue
[2024-11-26T14:45:00.274-0600] {logging_mixin.py:190} INFO - [2024-11-26T14:45:00.274-0600] {dagbag.py:588} INFO - Filling up the DagBag from /Users/beprathap/PycharmProjects/YouTube-airflow/airflow-venv/lib/python3.8/site-packages/airflow/example_dags/example_outlet_event_extra.py
[2024-11-26T14:45:00.298-0600] {processor.py:925} INFO - DAG(s) 'dataset_with_extra_from_classic_operator', 'dataset_with_extra_by_yield', 'dataset_with_extra_by_context' retrieved from /Users/beprathap/PycharmProjects/YouTube-airflow/airflow-venv/lib/python3.8/site-packages/airflow/example_dags/example_outlet_event_extra.py
[2024-11-26T14:45:00.336-0600] {logging_mixin.py:190} INFO - [2024-11-26T14:45:00.336-0600] {dag.py:3239} INFO - Sync 3 DAGs
[2024-11-26T14:45:00.343-0600] {logging_mixin.py:190} INFO - [2024-11-26T14:45:00.343-0600] {dag.py:4180} INFO - Setting next_dagrun for dataset_with_extra_by_context to 2024-11-25 00:00:00+00:00, run_after=2024-11-26 00:00:00+00:00
[2024-11-26T14:45:00.344-0600] {logging_mixin.py:190} INFO - [2024-11-26T14:45:00.344-0600] {dag.py:4180} INFO - Setting next_dagrun for dataset_with_extra_by_yield to 2024-11-25 00:00:00+00:00, run_after=2024-11-26 00:00:00+00:00
[2024-11-26T14:45:00.345-0600] {logging_mixin.py:190} INFO - [2024-11-26T14:45:00.345-0600] {dag.py:4180} INFO - Setting next_dagrun for dataset_with_extra_from_classic_operator to 2024-11-25 00:00:00+00:00, run_after=2024-11-26 00:00:00+00:00
[2024-11-26T14:45:00.351-0600] {processor.py:208} INFO - Processing /Users/beprathap/PycharmProjects/YouTube-airflow/airflow-venv/lib/python3.8/site-packages/airflow/example_dags/example_outlet_event_extra.py took 0.080 seconds
[2024-11-26T14:47:09.256-0600] {processor.py:186} INFO - Started process (PID=20772) to work on /Users/beprathap/PycharmProjects/YouTube-airflow/airflow-venv/lib/python3.8/site-packages/airflow/example_dags/example_outlet_event_extra.py
[2024-11-26T14:47:09.256-0600] {processor.py:914} INFO - Processing file /Users/beprathap/PycharmProjects/YouTube-airflow/airflow-venv/lib/python3.8/site-packages/airflow/example_dags/example_outlet_event_extra.py for tasks to queue
[2024-11-26T14:47:09.256-0600] {logging_mixin.py:190} INFO - [2024-11-26T14:47:09.256-0600] {dagbag.py:588} INFO - Filling up the DagBag from /Users/beprathap/PycharmProjects/YouTube-airflow/airflow-venv/lib/python3.8/site-packages/airflow/example_dags/example_outlet_event_extra.py
[2024-11-26T14:47:09.279-0600] {processor.py:925} INFO - DAG(s) 'dataset_with_extra_by_yield', 'dataset_with_extra_by_context', 'dataset_with_extra_from_classic_operator' retrieved from /Users/beprathap/PycharmProjects/YouTube-airflow/airflow-venv/lib/python3.8/site-packages/airflow/example_dags/example_outlet_event_extra.py
[2024-11-26T14:47:09.315-0600] {logging_mixin.py:190} INFO - [2024-11-26T14:47:09.315-0600] {dag.py:3239} INFO - Sync 3 DAGs
[2024-11-26T14:47:09.321-0600] {logging_mixin.py:190} INFO - [2024-11-26T14:47:09.321-0600] {dag.py:4180} INFO - Setting next_dagrun for dataset_with_extra_by_context to 2024-11-25 00:00:00+00:00, run_after=2024-11-26 00:00:00+00:00
[2024-11-26T14:47:09.323-0600] {logging_mixin.py:190} INFO - [2024-11-26T14:47:09.323-0600] {dag.py:4180} INFO - Setting next_dagrun for dataset_with_extra_by_yield to 2024-11-25 00:00:00+00:00, run_after=2024-11-26 00:00:00+00:00
[2024-11-26T14:47:09.323-0600] {logging_mixin.py:190} INFO - [2024-11-26T14:47:09.323-0600] {dag.py:4180} INFO - Setting next_dagrun for dataset_with_extra_from_classic_operator to 2024-11-25 00:00:00+00:00, run_after=2024-11-26 00:00:00+00:00
[2024-11-26T14:47:09.329-0600] {processor.py:208} INFO - Processing /Users/beprathap/PycharmProjects/YouTube-airflow/airflow-venv/lib/python3.8/site-packages/airflow/example_dags/example_outlet_event_extra.py took 0.075 seconds
[2024-11-26T15:01:57.096-0600] {processor.py:186} INFO - Started process (PID=21403) to work on /Library/Frameworks/Python.framework/Versions/3.8/lib/python3.8/site-packages/airflow/example_dags/example_outlet_event_extra.py
[2024-11-26T15:01:57.097-0600] {processor.py:914} INFO - Processing file /Library/Frameworks/Python.framework/Versions/3.8/lib/python3.8/site-packages/airflow/example_dags/example_outlet_event_extra.py for tasks to queue
[2024-11-26T15:01:57.097-0600] {logging_mixin.py:190} INFO - [2024-11-26T15:01:57.097-0600] {dagbag.py:588} INFO - Filling up the DagBag from /Library/Frameworks/Python.framework/Versions/3.8/lib/python3.8/site-packages/airflow/example_dags/example_outlet_event_extra.py
[2024-11-26T15:01:57.121-0600] {processor.py:925} INFO - DAG(s) 'dataset_with_extra_by_context', 'dataset_with_extra_by_yield', 'dataset_with_extra_from_classic_operator' retrieved from /Library/Frameworks/Python.framework/Versions/3.8/lib/python3.8/site-packages/airflow/example_dags/example_outlet_event_extra.py
[2024-11-26T15:01:57.193-0600] {logging_mixin.py:190} INFO - [2024-11-26T15:01:57.193-0600] {dag.py:3239} INFO - Sync 3 DAGs
[2024-11-26T15:01:57.199-0600] {logging_mixin.py:190} INFO - [2024-11-26T15:01:57.199-0600] {dag.py:4180} INFO - Setting next_dagrun for dataset_with_extra_by_context to 2024-11-25 00:00:00+00:00, run_after=2024-11-26 00:00:00+00:00
[2024-11-26T15:01:57.200-0600] {logging_mixin.py:190} INFO - [2024-11-26T15:01:57.200-0600] {dag.py:4180} INFO - Setting next_dagrun for dataset_with_extra_by_yield to 2024-11-25 00:00:00+00:00, run_after=2024-11-26 00:00:00+00:00
[2024-11-26T15:01:57.201-0600] {logging_mixin.py:190} INFO - [2024-11-26T15:01:57.201-0600] {dag.py:4180} INFO - Setting next_dagrun for dataset_with_extra_from_classic_operator to 2024-11-25 00:00:00+00:00, run_after=2024-11-26 00:00:00+00:00
[2024-11-26T15:01:57.208-0600] {processor.py:208} INFO - Processing /Library/Frameworks/Python.framework/Versions/3.8/lib/python3.8/site-packages/airflow/example_dags/example_outlet_event_extra.py took 0.112 seconds
[2024-11-26T15:03:39.319-0600] {processor.py:186} INFO - Started process (PID=21594) to work on /Library/Frameworks/Python.framework/Versions/3.8/lib/python3.8/site-packages/airflow/example_dags/example_outlet_event_extra.py
[2024-11-26T15:03:39.320-0600] {processor.py:914} INFO - Processing file /Library/Frameworks/Python.framework/Versions/3.8/lib/python3.8/site-packages/airflow/example_dags/example_outlet_event_extra.py for tasks to queue
[2024-11-26T15:03:39.320-0600] {logging_mixin.py:190} INFO - [2024-11-26T15:03:39.320-0600] {dagbag.py:588} INFO - Filling up the DagBag from /Library/Frameworks/Python.framework/Versions/3.8/lib/python3.8/site-packages/airflow/example_dags/example_outlet_event_extra.py
[2024-11-26T15:03:39.345-0600] {processor.py:925} INFO - DAG(s) 'dataset_with_extra_by_context', 'dataset_with_extra_from_classic_operator', 'dataset_with_extra_by_yield' retrieved from /Library/Frameworks/Python.framework/Versions/3.8/lib/python3.8/site-packages/airflow/example_dags/example_outlet_event_extra.py
[2024-11-26T15:03:39.381-0600] {logging_mixin.py:190} INFO - [2024-11-26T15:03:39.381-0600] {dag.py:3239} INFO - Sync 3 DAGs
[2024-11-26T15:03:39.387-0600] {logging_mixin.py:190} INFO - [2024-11-26T15:03:39.387-0600] {dag.py:4180} INFO - Setting next_dagrun for dataset_with_extra_by_context to 2024-11-25 00:00:00+00:00, run_after=2024-11-26 00:00:00+00:00
[2024-11-26T15:03:39.389-0600] {logging_mixin.py:190} INFO - [2024-11-26T15:03:39.389-0600] {dag.py:4180} INFO - Setting next_dagrun for dataset_with_extra_by_yield to 2024-11-25 00:00:00+00:00, run_after=2024-11-26 00:00:00+00:00
[2024-11-26T15:03:39.390-0600] {logging_mixin.py:190} INFO - [2024-11-26T15:03:39.389-0600] {dag.py:4180} INFO - Setting next_dagrun for dataset_with_extra_from_classic_operator to 2024-11-25 00:00:00+00:00, run_after=2024-11-26 00:00:00+00:00
[2024-11-26T15:03:39.395-0600] {processor.py:208} INFO - Processing /Library/Frameworks/Python.framework/Versions/3.8/lib/python3.8/site-packages/airflow/example_dags/example_outlet_event_extra.py took 0.077 seconds
[2024-11-26T15:05:57.759-0600] {processor.py:186} INFO - Started process (PID=21841) to work on /Library/Frameworks/Python.framework/Versions/3.8/lib/python3.8/site-packages/airflow/example_dags/example_outlet_event_extra.py
[2024-11-26T15:05:57.759-0600] {processor.py:914} INFO - Processing file /Library/Frameworks/Python.framework/Versions/3.8/lib/python3.8/site-packages/airflow/example_dags/example_outlet_event_extra.py for tasks to queue
[2024-11-26T15:05:57.760-0600] {logging_mixin.py:190} INFO - [2024-11-26T15:05:57.760-0600] {dagbag.py:588} INFO - Filling up the DagBag from /Library/Frameworks/Python.framework/Versions/3.8/lib/python3.8/site-packages/airflow/example_dags/example_outlet_event_extra.py
[2024-11-26T15:05:57.782-0600] {processor.py:925} INFO - DAG(s) 'dataset_with_extra_by_context', 'dataset_with_extra_from_classic_operator', 'dataset_with_extra_by_yield' retrieved from /Library/Frameworks/Python.framework/Versions/3.8/lib/python3.8/site-packages/airflow/example_dags/example_outlet_event_extra.py
[2024-11-26T15:05:57.818-0600] {logging_mixin.py:190} INFO - [2024-11-26T15:05:57.818-0600] {dag.py:3239} INFO - Sync 3 DAGs
[2024-11-26T15:05:57.824-0600] {logging_mixin.py:190} INFO - [2024-11-26T15:05:57.824-0600] {dag.py:4180} INFO - Setting next_dagrun for dataset_with_extra_by_context to 2024-11-25 00:00:00+00:00, run_after=2024-11-26 00:00:00+00:00
[2024-11-26T15:05:57.826-0600] {logging_mixin.py:190} INFO - [2024-11-26T15:05:57.826-0600] {dag.py:4180} INFO - Setting next_dagrun for dataset_with_extra_by_yield to 2024-11-25 00:00:00+00:00, run_after=2024-11-26 00:00:00+00:00
[2024-11-26T15:05:57.826-0600] {logging_mixin.py:190} INFO - [2024-11-26T15:05:57.826-0600] {dag.py:4180} INFO - Setting next_dagrun for dataset_with_extra_from_classic_operator to 2024-11-25 00:00:00+00:00, run_after=2024-11-26 00:00:00+00:00
[2024-11-26T15:05:57.832-0600] {processor.py:208} INFO - Processing /Library/Frameworks/Python.framework/Versions/3.8/lib/python3.8/site-packages/airflow/example_dags/example_outlet_event_extra.py took 0.074 seconds
[2024-11-26T15:08:20.922-0600] {processor.py:186} INFO - Started process (PID=22144) to work on /Library/Frameworks/Python.framework/Versions/3.8/lib/python3.8/site-packages/airflow/example_dags/example_outlet_event_extra.py
[2024-11-26T15:08:20.923-0600] {processor.py:914} INFO - Processing file /Library/Frameworks/Python.framework/Versions/3.8/lib/python3.8/site-packages/airflow/example_dags/example_outlet_event_extra.py for tasks to queue
[2024-11-26T15:08:20.923-0600] {logging_mixin.py:190} INFO - [2024-11-26T15:08:20.923-0600] {dagbag.py:588} INFO - Filling up the DagBag from /Library/Frameworks/Python.framework/Versions/3.8/lib/python3.8/site-packages/airflow/example_dags/example_outlet_event_extra.py
[2024-11-26T15:08:20.953-0600] {processor.py:925} INFO - DAG(s) 'dataset_with_extra_by_context', 'dataset_with_extra_from_classic_operator', 'dataset_with_extra_by_yield' retrieved from /Library/Frameworks/Python.framework/Versions/3.8/lib/python3.8/site-packages/airflow/example_dags/example_outlet_event_extra.py
[2024-11-26T15:08:20.988-0600] {logging_mixin.py:190} INFO - [2024-11-26T15:08:20.988-0600] {dag.py:3239} INFO - Sync 3 DAGs
[2024-11-26T15:08:20.995-0600] {logging_mixin.py:190} INFO - [2024-11-26T15:08:20.995-0600] {dag.py:4180} INFO - Setting next_dagrun for dataset_with_extra_by_context to 2024-11-25 00:00:00+00:00, run_after=2024-11-26 00:00:00+00:00
[2024-11-26T15:08:20.996-0600] {logging_mixin.py:190} INFO - [2024-11-26T15:08:20.996-0600] {dag.py:4180} INFO - Setting next_dagrun for dataset_with_extra_by_yield to 2024-11-25 00:00:00+00:00, run_after=2024-11-26 00:00:00+00:00
[2024-11-26T15:08:20.997-0600] {logging_mixin.py:190} INFO - [2024-11-26T15:08:20.997-0600] {dag.py:4180} INFO - Setting next_dagrun for dataset_with_extra_from_classic_operator to 2024-11-25 00:00:00+00:00, run_after=2024-11-26 00:00:00+00:00
[2024-11-26T15:08:21.003-0600] {processor.py:208} INFO - Processing /Library/Frameworks/Python.framework/Versions/3.8/lib/python3.8/site-packages/airflow/example_dags/example_outlet_event_extra.py took 0.082 seconds
[2024-11-26T15:16:57.517-0600] {processor.py:186} INFO - Started process (PID=22416) to work on /Library/Frameworks/Python.framework/Versions/3.8/lib/python3.8/site-packages/airflow/example_dags/example_outlet_event_extra.py
[2024-11-26T15:16:57.518-0600] {processor.py:914} INFO - Processing file /Library/Frameworks/Python.framework/Versions/3.8/lib/python3.8/site-packages/airflow/example_dags/example_outlet_event_extra.py for tasks to queue
[2024-11-26T15:16:57.519-0600] {logging_mixin.py:190} INFO - [2024-11-26T15:16:57.519-0600] {dagbag.py:588} INFO - Filling up the DagBag from /Library/Frameworks/Python.framework/Versions/3.8/lib/python3.8/site-packages/airflow/example_dags/example_outlet_event_extra.py
[2024-11-26T15:16:57.549-0600] {processor.py:925} INFO - DAG(s) 'dataset_with_extra_by_context', 'dataset_with_extra_from_classic_operator', 'dataset_with_extra_by_yield' retrieved from /Library/Frameworks/Python.framework/Versions/3.8/lib/python3.8/site-packages/airflow/example_dags/example_outlet_event_extra.py
[2024-11-26T15:16:57.583-0600] {logging_mixin.py:190} INFO - [2024-11-26T15:16:57.583-0600] {dag.py:3239} INFO - Sync 3 DAGs
[2024-11-26T15:16:57.590-0600] {logging_mixin.py:190} INFO - [2024-11-26T15:16:57.590-0600] {dag.py:4180} INFO - Setting next_dagrun for dataset_with_extra_by_context to 2024-11-25 00:00:00+00:00, run_after=2024-11-26 00:00:00+00:00
[2024-11-26T15:16:57.591-0600] {logging_mixin.py:190} INFO - [2024-11-26T15:16:57.591-0600] {dag.py:4180} INFO - Setting next_dagrun for dataset_with_extra_by_yield to 2024-11-25 00:00:00+00:00, run_after=2024-11-26 00:00:00+00:00
[2024-11-26T15:16:57.592-0600] {logging_mixin.py:190} INFO - [2024-11-26T15:16:57.592-0600] {dag.py:4180} INFO - Setting next_dagrun for dataset_with_extra_from_classic_operator to 2024-11-25 00:00:00+00:00, run_after=2024-11-26 00:00:00+00:00
[2024-11-26T15:16:57.597-0600] {processor.py:208} INFO - Processing /Library/Frameworks/Python.framework/Versions/3.8/lib/python3.8/site-packages/airflow/example_dags/example_outlet_event_extra.py took 0.081 seconds
[2024-11-26T15:18:32.154-0600] {processor.py:186} INFO - Started process (PID=22598) to work on /Library/Frameworks/Python.framework/Versions/3.8/lib/python3.8/site-packages/airflow/example_dags/example_outlet_event_extra.py
[2024-11-26T15:18:32.155-0600] {processor.py:914} INFO - Processing file /Library/Frameworks/Python.framework/Versions/3.8/lib/python3.8/site-packages/airflow/example_dags/example_outlet_event_extra.py for tasks to queue
[2024-11-26T15:18:32.155-0600] {logging_mixin.py:190} INFO - [2024-11-26T15:18:32.155-0600] {dagbag.py:588} INFO - Filling up the DagBag from /Library/Frameworks/Python.framework/Versions/3.8/lib/python3.8/site-packages/airflow/example_dags/example_outlet_event_extra.py
[2024-11-26T15:18:32.178-0600] {processor.py:925} INFO - DAG(s) 'dataset_with_extra_from_classic_operator', 'dataset_with_extra_by_context', 'dataset_with_extra_by_yield' retrieved from /Library/Frameworks/Python.framework/Versions/3.8/lib/python3.8/site-packages/airflow/example_dags/example_outlet_event_extra.py
[2024-11-26T15:18:32.214-0600] {logging_mixin.py:190} INFO - [2024-11-26T15:18:32.214-0600] {dag.py:3239} INFO - Sync 3 DAGs
[2024-11-26T15:18:32.221-0600] {logging_mixin.py:190} INFO - [2024-11-26T15:18:32.221-0600] {dag.py:4180} INFO - Setting next_dagrun for dataset_with_extra_by_context to 2024-11-25 00:00:00+00:00, run_after=2024-11-26 00:00:00+00:00
[2024-11-26T15:18:32.222-0600] {logging_mixin.py:190} INFO - [2024-11-26T15:18:32.222-0600] {dag.py:4180} INFO - Setting next_dagrun for dataset_with_extra_by_yield to 2024-11-25 00:00:00+00:00, run_after=2024-11-26 00:00:00+00:00
[2024-11-26T15:18:32.223-0600] {logging_mixin.py:190} INFO - [2024-11-26T15:18:32.223-0600] {dag.py:4180} INFO - Setting next_dagrun for dataset_with_extra_from_classic_operator to 2024-11-25 00:00:00+00:00, run_after=2024-11-26 00:00:00+00:00
[2024-11-26T15:18:32.229-0600] {processor.py:208} INFO - Processing /Library/Frameworks/Python.framework/Versions/3.8/lib/python3.8/site-packages/airflow/example_dags/example_outlet_event_extra.py took 0.076 seconds
[2024-11-26T15:20:49.012-0600] {processor.py:186} INFO - Started process (PID=22860) to work on /Library/Frameworks/Python.framework/Versions/3.8/lib/python3.8/site-packages/airflow/example_dags/example_outlet_event_extra.py
[2024-11-26T15:20:49.012-0600] {processor.py:914} INFO - Processing file /Library/Frameworks/Python.framework/Versions/3.8/lib/python3.8/site-packages/airflow/example_dags/example_outlet_event_extra.py for tasks to queue
[2024-11-26T15:20:49.013-0600] {logging_mixin.py:190} INFO - [2024-11-26T15:20:49.012-0600] {dagbag.py:588} INFO - Filling up the DagBag from /Library/Frameworks/Python.framework/Versions/3.8/lib/python3.8/site-packages/airflow/example_dags/example_outlet_event_extra.py
[2024-11-26T15:20:49.040-0600] {processor.py:925} INFO - DAG(s) 'dataset_with_extra_from_classic_operator', 'dataset_with_extra_by_context', 'dataset_with_extra_by_yield' retrieved from /Library/Frameworks/Python.framework/Versions/3.8/lib/python3.8/site-packages/airflow/example_dags/example_outlet_event_extra.py
[2024-11-26T15:20:49.077-0600] {logging_mixin.py:190} INFO - [2024-11-26T15:20:49.077-0600] {dag.py:3239} INFO - Sync 3 DAGs
[2024-11-26T15:20:49.085-0600] {logging_mixin.py:190} INFO - [2024-11-26T15:20:49.085-0600] {dag.py:4180} INFO - Setting next_dagrun for dataset_with_extra_by_context to 2024-11-25 00:00:00+00:00, run_after=2024-11-26 00:00:00+00:00
[2024-11-26T15:20:49.086-0600] {logging_mixin.py:190} INFO - [2024-11-26T15:20:49.086-0600] {dag.py:4180} INFO - Setting next_dagrun for dataset_with_extra_by_yield to 2024-11-25 00:00:00+00:00, run_after=2024-11-26 00:00:00+00:00
[2024-11-26T15:20:49.087-0600] {logging_mixin.py:190} INFO - [2024-11-26T15:20:49.087-0600] {dag.py:4180} INFO - Setting next_dagrun for dataset_with_extra_from_classic_operator to 2024-11-25 00:00:00+00:00, run_after=2024-11-26 00:00:00+00:00
[2024-11-26T15:20:49.093-0600] {processor.py:208} INFO - Processing /Library/Frameworks/Python.framework/Versions/3.8/lib/python3.8/site-packages/airflow/example_dags/example_outlet_event_extra.py took 0.083 seconds
[2024-11-26T15:23:01.760-0600] {processor.py:186} INFO - Started process (PID=23136) to work on /Library/Frameworks/Python.framework/Versions/3.8/lib/python3.8/site-packages/airflow/example_dags/example_outlet_event_extra.py
[2024-11-26T15:23:01.760-0600] {processor.py:914} INFO - Processing file /Library/Frameworks/Python.framework/Versions/3.8/lib/python3.8/site-packages/airflow/example_dags/example_outlet_event_extra.py for tasks to queue
[2024-11-26T15:23:01.760-0600] {logging_mixin.py:190} INFO - [2024-11-26T15:23:01.760-0600] {dagbag.py:588} INFO - Filling up the DagBag from /Library/Frameworks/Python.framework/Versions/3.8/lib/python3.8/site-packages/airflow/example_dags/example_outlet_event_extra.py
[2024-11-26T15:23:01.784-0600] {processor.py:925} INFO - DAG(s) 'dataset_with_extra_by_context', 'dataset_with_extra_from_classic_operator', 'dataset_with_extra_by_yield' retrieved from /Library/Frameworks/Python.framework/Versions/3.8/lib/python3.8/site-packages/airflow/example_dags/example_outlet_event_extra.py
[2024-11-26T15:23:01.820-0600] {logging_mixin.py:190} INFO - [2024-11-26T15:23:01.820-0600] {dag.py:3239} INFO - Sync 3 DAGs
[2024-11-26T15:23:01.826-0600] {logging_mixin.py:190} INFO - [2024-11-26T15:23:01.826-0600] {dag.py:4180} INFO - Setting next_dagrun for dataset_with_extra_by_context to 2024-11-25 00:00:00+00:00, run_after=2024-11-26 00:00:00+00:00
[2024-11-26T15:23:01.828-0600] {logging_mixin.py:190} INFO - [2024-11-26T15:23:01.828-0600] {dag.py:4180} INFO - Setting next_dagrun for dataset_with_extra_by_yield to 2024-11-25 00:00:00+00:00, run_after=2024-11-26 00:00:00+00:00
[2024-11-26T15:23:01.828-0600] {logging_mixin.py:190} INFO - [2024-11-26T15:23:01.828-0600] {dag.py:4180} INFO - Setting next_dagrun for dataset_with_extra_from_classic_operator to 2024-11-25 00:00:00+00:00, run_after=2024-11-26 00:00:00+00:00
[2024-11-26T15:23:01.834-0600] {processor.py:208} INFO - Processing /Library/Frameworks/Python.framework/Versions/3.8/lib/python3.8/site-packages/airflow/example_dags/example_outlet_event_extra.py took 0.076 seconds
[2024-11-26T15:33:50.264-0600] {processor.py:186} INFO - Started process (PID=23508) to work on /Library/Frameworks/Python.framework/Versions/3.8/lib/python3.8/site-packages/airflow/example_dags/example_outlet_event_extra.py
[2024-11-26T15:33:50.264-0600] {processor.py:914} INFO - Processing file /Library/Frameworks/Python.framework/Versions/3.8/lib/python3.8/site-packages/airflow/example_dags/example_outlet_event_extra.py for tasks to queue
[2024-11-26T15:33:50.265-0600] {logging_mixin.py:190} INFO - [2024-11-26T15:33:50.265-0600] {dagbag.py:588} INFO - Filling up the DagBag from /Library/Frameworks/Python.framework/Versions/3.8/lib/python3.8/site-packages/airflow/example_dags/example_outlet_event_extra.py
[2024-11-26T15:33:50.291-0600] {processor.py:925} INFO - DAG(s) 'dataset_with_extra_from_classic_operator', 'dataset_with_extra_by_yield', 'dataset_with_extra_by_context' retrieved from /Library/Frameworks/Python.framework/Versions/3.8/lib/python3.8/site-packages/airflow/example_dags/example_outlet_event_extra.py
[2024-11-26T15:33:50.328-0600] {logging_mixin.py:190} INFO - [2024-11-26T15:33:50.328-0600] {dag.py:3239} INFO - Sync 3 DAGs
[2024-11-26T15:33:50.335-0600] {logging_mixin.py:190} INFO - [2024-11-26T15:33:50.335-0600] {dag.py:4180} INFO - Setting next_dagrun for dataset_with_extra_by_context to 2024-11-25 00:00:00+00:00, run_after=2024-11-26 00:00:00+00:00
[2024-11-26T15:33:50.336-0600] {logging_mixin.py:190} INFO - [2024-11-26T15:33:50.336-0600] {dag.py:4180} INFO - Setting next_dagrun for dataset_with_extra_by_yield to 2024-11-25 00:00:00+00:00, run_after=2024-11-26 00:00:00+00:00
[2024-11-26T15:33:50.337-0600] {logging_mixin.py:190} INFO - [2024-11-26T15:33:50.337-0600] {dag.py:4180} INFO - Setting next_dagrun for dataset_with_extra_from_classic_operator to 2024-11-25 00:00:00+00:00, run_after=2024-11-26 00:00:00+00:00
[2024-11-26T15:33:50.343-0600] {processor.py:208} INFO - Processing /Library/Frameworks/Python.framework/Versions/3.8/lib/python3.8/site-packages/airflow/example_dags/example_outlet_event_extra.py took 0.080 seconds
[2024-11-26T15:35:28.401-0600] {processor.py:186} INFO - Started process (PID=23699) to work on /Library/Frameworks/Python.framework/Versions/3.8/lib/python3.8/site-packages/airflow/example_dags/example_outlet_event_extra.py
[2024-11-26T15:35:28.401-0600] {processor.py:914} INFO - Processing file /Library/Frameworks/Python.framework/Versions/3.8/lib/python3.8/site-packages/airflow/example_dags/example_outlet_event_extra.py for tasks to queue
[2024-11-26T15:35:28.402-0600] {logging_mixin.py:190} INFO - [2024-11-26T15:35:28.401-0600] {dagbag.py:588} INFO - Filling up the DagBag from /Library/Frameworks/Python.framework/Versions/3.8/lib/python3.8/site-packages/airflow/example_dags/example_outlet_event_extra.py
[2024-11-26T15:35:28.426-0600] {processor.py:925} INFO - DAG(s) 'dataset_with_extra_by_context', 'dataset_with_extra_by_yield', 'dataset_with_extra_from_classic_operator' retrieved from /Library/Frameworks/Python.framework/Versions/3.8/lib/python3.8/site-packages/airflow/example_dags/example_outlet_event_extra.py
[2024-11-26T15:35:28.462-0600] {logging_mixin.py:190} INFO - [2024-11-26T15:35:28.462-0600] {dag.py:3239} INFO - Sync 3 DAGs
[2024-11-26T15:35:28.468-0600] {logging_mixin.py:190} INFO - [2024-11-26T15:35:28.468-0600] {dag.py:4180} INFO - Setting next_dagrun for dataset_with_extra_by_context to 2024-11-25 00:00:00+00:00, run_after=2024-11-26 00:00:00+00:00
[2024-11-26T15:35:28.470-0600] {logging_mixin.py:190} INFO - [2024-11-26T15:35:28.470-0600] {dag.py:4180} INFO - Setting next_dagrun for dataset_with_extra_by_yield to 2024-11-25 00:00:00+00:00, run_after=2024-11-26 00:00:00+00:00
[2024-11-26T15:35:28.471-0600] {logging_mixin.py:190} INFO - [2024-11-26T15:35:28.471-0600] {dag.py:4180} INFO - Setting next_dagrun for dataset_with_extra_from_classic_operator to 2024-11-25 00:00:00+00:00, run_after=2024-11-26 00:00:00+00:00
[2024-11-26T15:35:28.477-0600] {processor.py:208} INFO - Processing /Library/Frameworks/Python.framework/Versions/3.8/lib/python3.8/site-packages/airflow/example_dags/example_outlet_event_extra.py took 0.077 seconds
[2024-11-26T15:37:44.317-0600] {processor.py:186} INFO - Started process (PID=23959) to work on /Library/Frameworks/Python.framework/Versions/3.8/lib/python3.8/site-packages/airflow/example_dags/example_outlet_event_extra.py
[2024-11-26T15:37:44.318-0600] {processor.py:914} INFO - Processing file /Library/Frameworks/Python.framework/Versions/3.8/lib/python3.8/site-packages/airflow/example_dags/example_outlet_event_extra.py for tasks to queue
[2024-11-26T15:37:44.318-0600] {logging_mixin.py:190} INFO - [2024-11-26T15:37:44.318-0600] {dagbag.py:588} INFO - Filling up the DagBag from /Library/Frameworks/Python.framework/Versions/3.8/lib/python3.8/site-packages/airflow/example_dags/example_outlet_event_extra.py
[2024-11-26T15:37:44.342-0600] {processor.py:925} INFO - DAG(s) 'dataset_with_extra_from_classic_operator', 'dataset_with_extra_by_yield', 'dataset_with_extra_by_context' retrieved from /Library/Frameworks/Python.framework/Versions/3.8/lib/python3.8/site-packages/airflow/example_dags/example_outlet_event_extra.py
[2024-11-26T15:37:44.378-0600] {logging_mixin.py:190} INFO - [2024-11-26T15:37:44.378-0600] {dag.py:3239} INFO - Sync 3 DAGs
[2024-11-26T15:37:44.385-0600] {logging_mixin.py:190} INFO - [2024-11-26T15:37:44.385-0600] {dag.py:4180} INFO - Setting next_dagrun for dataset_with_extra_by_context to 2024-11-25 00:00:00+00:00, run_after=2024-11-26 00:00:00+00:00
[2024-11-26T15:37:44.386-0600] {logging_mixin.py:190} INFO - [2024-11-26T15:37:44.386-0600] {dag.py:4180} INFO - Setting next_dagrun for dataset_with_extra_by_yield to 2024-11-25 00:00:00+00:00, run_after=2024-11-26 00:00:00+00:00
[2024-11-26T15:37:44.387-0600] {logging_mixin.py:190} INFO - [2024-11-26T15:37:44.387-0600] {dag.py:4180} INFO - Setting next_dagrun for dataset_with_extra_from_classic_operator to 2024-11-25 00:00:00+00:00, run_after=2024-11-26 00:00:00+00:00
[2024-11-26T15:37:44.393-0600] {processor.py:208} INFO - Processing /Library/Frameworks/Python.framework/Versions/3.8/lib/python3.8/site-packages/airflow/example_dags/example_outlet_event_extra.py took 0.077 seconds
[2024-11-26T15:39:57.181-0600] {processor.py:186} INFO - Started process (PID=24209) to work on /Library/Frameworks/Python.framework/Versions/3.8/lib/python3.8/site-packages/airflow/example_dags/example_outlet_event_extra.py
[2024-11-26T15:39:57.182-0600] {processor.py:914} INFO - Processing file /Library/Frameworks/Python.framework/Versions/3.8/lib/python3.8/site-packages/airflow/example_dags/example_outlet_event_extra.py for tasks to queue
[2024-11-26T15:39:57.182-0600] {logging_mixin.py:190} INFO - [2024-11-26T15:39:57.182-0600] {dagbag.py:588} INFO - Filling up the DagBag from /Library/Frameworks/Python.framework/Versions/3.8/lib/python3.8/site-packages/airflow/example_dags/example_outlet_event_extra.py
[2024-11-26T15:39:57.225-0600] {processor.py:925} INFO - DAG(s) 'dataset_with_extra_from_classic_operator', 'dataset_with_extra_by_yield', 'dataset_with_extra_by_context' retrieved from /Library/Frameworks/Python.framework/Versions/3.8/lib/python3.8/site-packages/airflow/example_dags/example_outlet_event_extra.py
[2024-11-26T15:39:57.265-0600] {logging_mixin.py:190} INFO - [2024-11-26T15:39:57.265-0600] {dag.py:3239} INFO - Sync 3 DAGs
[2024-11-26T15:39:57.273-0600] {logging_mixin.py:190} INFO - [2024-11-26T15:39:57.273-0600] {dag.py:4180} INFO - Setting next_dagrun for dataset_with_extra_by_context to 2024-11-25 00:00:00+00:00, run_after=2024-11-26 00:00:00+00:00
[2024-11-26T15:39:57.275-0600] {logging_mixin.py:190} INFO - [2024-11-26T15:39:57.275-0600] {dag.py:4180} INFO - Setting next_dagrun for dataset_with_extra_by_yield to 2024-11-25 00:00:00+00:00, run_after=2024-11-26 00:00:00+00:00
[2024-11-26T15:39:57.275-0600] {logging_mixin.py:190} INFO - [2024-11-26T15:39:57.275-0600] {dag.py:4180} INFO - Setting next_dagrun for dataset_with_extra_from_classic_operator to 2024-11-25 00:00:00+00:00, run_after=2024-11-26 00:00:00+00:00
[2024-11-26T15:39:57.283-0600] {processor.py:208} INFO - Processing /Library/Frameworks/Python.framework/Versions/3.8/lib/python3.8/site-packages/airflow/example_dags/example_outlet_event_extra.py took 0.103 seconds
[2024-11-26T15:42:15.084-0600] {processor.py:186} INFO - Started process (PID=24464) to work on /Library/Frameworks/Python.framework/Versions/3.8/lib/python3.8/site-packages/airflow/example_dags/example_outlet_event_extra.py
[2024-11-26T15:42:15.084-0600] {processor.py:914} INFO - Processing file /Library/Frameworks/Python.framework/Versions/3.8/lib/python3.8/site-packages/airflow/example_dags/example_outlet_event_extra.py for tasks to queue
[2024-11-26T15:42:15.085-0600] {logging_mixin.py:190} INFO - [2024-11-26T15:42:15.085-0600] {dagbag.py:588} INFO - Filling up the DagBag from /Library/Frameworks/Python.framework/Versions/3.8/lib/python3.8/site-packages/airflow/example_dags/example_outlet_event_extra.py
[2024-11-26T15:42:15.109-0600] {processor.py:925} INFO - DAG(s) 'dataset_with_extra_by_yield', 'dataset_with_extra_by_context', 'dataset_with_extra_from_classic_operator' retrieved from /Library/Frameworks/Python.framework/Versions/3.8/lib/python3.8/site-packages/airflow/example_dags/example_outlet_event_extra.py
[2024-11-26T15:42:15.146-0600] {logging_mixin.py:190} INFO - [2024-11-26T15:42:15.146-0600] {dag.py:3239} INFO - Sync 3 DAGs
[2024-11-26T15:42:15.153-0600] {logging_mixin.py:190} INFO - [2024-11-26T15:42:15.153-0600] {dag.py:4180} INFO - Setting next_dagrun for dataset_with_extra_by_context to 2024-11-25 00:00:00+00:00, run_after=2024-11-26 00:00:00+00:00
[2024-11-26T15:42:15.155-0600] {logging_mixin.py:190} INFO - [2024-11-26T15:42:15.155-0600] {dag.py:4180} INFO - Setting next_dagrun for dataset_with_extra_by_yield to 2024-11-25 00:00:00+00:00, run_after=2024-11-26 00:00:00+00:00
[2024-11-26T15:42:15.156-0600] {logging_mixin.py:190} INFO - [2024-11-26T15:42:15.156-0600] {dag.py:4180} INFO - Setting next_dagrun for dataset_with_extra_from_classic_operator to 2024-11-25 00:00:00+00:00, run_after=2024-11-26 00:00:00+00:00
[2024-11-26T15:42:15.162-0600] {processor.py:208} INFO - Processing /Library/Frameworks/Python.framework/Versions/3.8/lib/python3.8/site-packages/airflow/example_dags/example_outlet_event_extra.py took 0.079 seconds
[2024-11-26T15:44:30.858-0600] {processor.py:186} INFO - Started process (PID=24718) to work on /Library/Frameworks/Python.framework/Versions/3.8/lib/python3.8/site-packages/airflow/example_dags/example_outlet_event_extra.py
[2024-11-26T15:44:30.858-0600] {processor.py:914} INFO - Processing file /Library/Frameworks/Python.framework/Versions/3.8/lib/python3.8/site-packages/airflow/example_dags/example_outlet_event_extra.py for tasks to queue
[2024-11-26T15:44:30.859-0600] {logging_mixin.py:190} INFO - [2024-11-26T15:44:30.858-0600] {dagbag.py:588} INFO - Filling up the DagBag from /Library/Frameworks/Python.framework/Versions/3.8/lib/python3.8/site-packages/airflow/example_dags/example_outlet_event_extra.py
[2024-11-26T15:44:30.884-0600] {processor.py:925} INFO - DAG(s) 'dataset_with_extra_by_context', 'dataset_with_extra_by_yield', 'dataset_with_extra_from_classic_operator' retrieved from /Library/Frameworks/Python.framework/Versions/3.8/lib/python3.8/site-packages/airflow/example_dags/example_outlet_event_extra.py
[2024-11-26T15:44:30.921-0600] {logging_mixin.py:190} INFO - [2024-11-26T15:44:30.921-0600] {dag.py:3239} INFO - Sync 3 DAGs
[2024-11-26T15:44:30.928-0600] {logging_mixin.py:190} INFO - [2024-11-26T15:44:30.928-0600] {dag.py:4180} INFO - Setting next_dagrun for dataset_with_extra_by_context to 2024-11-25 00:00:00+00:00, run_after=2024-11-26 00:00:00+00:00
[2024-11-26T15:44:30.929-0600] {logging_mixin.py:190} INFO - [2024-11-26T15:44:30.929-0600] {dag.py:4180} INFO - Setting next_dagrun for dataset_with_extra_by_yield to 2024-11-25 00:00:00+00:00, run_after=2024-11-26 00:00:00+00:00
[2024-11-26T15:44:30.930-0600] {logging_mixin.py:190} INFO - [2024-11-26T15:44:30.930-0600] {dag.py:4180} INFO - Setting next_dagrun for dataset_with_extra_from_classic_operator to 2024-11-25 00:00:00+00:00, run_after=2024-11-26 00:00:00+00:00
[2024-11-26T15:44:30.936-0600] {processor.py:208} INFO - Processing /Library/Frameworks/Python.framework/Versions/3.8/lib/python3.8/site-packages/airflow/example_dags/example_outlet_event_extra.py took 0.079 seconds
[2024-11-26T15:46:46.831-0600] {processor.py:186} INFO - Started process (PID=24967) to work on /Library/Frameworks/Python.framework/Versions/3.8/lib/python3.8/site-packages/airflow/example_dags/example_outlet_event_extra.py
[2024-11-26T15:46:46.832-0600] {processor.py:914} INFO - Processing file /Library/Frameworks/Python.framework/Versions/3.8/lib/python3.8/site-packages/airflow/example_dags/example_outlet_event_extra.py for tasks to queue
[2024-11-26T15:46:46.832-0600] {logging_mixin.py:190} INFO - [2024-11-26T15:46:46.832-0600] {dagbag.py:588} INFO - Filling up the DagBag from /Library/Frameworks/Python.framework/Versions/3.8/lib/python3.8/site-packages/airflow/example_dags/example_outlet_event_extra.py
[2024-11-26T15:46:46.857-0600] {processor.py:925} INFO - DAG(s) 'dataset_with_extra_from_classic_operator', 'dataset_with_extra_by_context', 'dataset_with_extra_by_yield' retrieved from /Library/Frameworks/Python.framework/Versions/3.8/lib/python3.8/site-packages/airflow/example_dags/example_outlet_event_extra.py
[2024-11-26T15:46:46.894-0600] {logging_mixin.py:190} INFO - [2024-11-26T15:46:46.894-0600] {dag.py:3239} INFO - Sync 3 DAGs
[2024-11-26T15:46:46.901-0600] {logging_mixin.py:190} INFO - [2024-11-26T15:46:46.901-0600] {dag.py:4180} INFO - Setting next_dagrun for dataset_with_extra_by_context to 2024-11-25 00:00:00+00:00, run_after=2024-11-26 00:00:00+00:00
[2024-11-26T15:46:46.902-0600] {logging_mixin.py:190} INFO - [2024-11-26T15:46:46.902-0600] {dag.py:4180} INFO - Setting next_dagrun for dataset_with_extra_by_yield to 2024-11-25 00:00:00+00:00, run_after=2024-11-26 00:00:00+00:00
[2024-11-26T15:46:46.903-0600] {logging_mixin.py:190} INFO - [2024-11-26T15:46:46.903-0600] {dag.py:4180} INFO - Setting next_dagrun for dataset_with_extra_from_classic_operator to 2024-11-25 00:00:00+00:00, run_after=2024-11-26 00:00:00+00:00
[2024-11-26T15:46:46.909-0600] {processor.py:208} INFO - Processing /Library/Frameworks/Python.framework/Versions/3.8/lib/python3.8/site-packages/airflow/example_dags/example_outlet_event_extra.py took 0.079 seconds
[2024-11-26T15:48:58.911-0600] {processor.py:186} INFO - Started process (PID=25224) to work on /Library/Frameworks/Python.framework/Versions/3.8/lib/python3.8/site-packages/airflow/example_dags/example_outlet_event_extra.py
[2024-11-26T15:48:58.912-0600] {processor.py:914} INFO - Processing file /Library/Frameworks/Python.framework/Versions/3.8/lib/python3.8/site-packages/airflow/example_dags/example_outlet_event_extra.py for tasks to queue
[2024-11-26T15:48:58.912-0600] {logging_mixin.py:190} INFO - [2024-11-26T15:48:58.912-0600] {dagbag.py:588} INFO - Filling up the DagBag from /Library/Frameworks/Python.framework/Versions/3.8/lib/python3.8/site-packages/airflow/example_dags/example_outlet_event_extra.py
[2024-11-26T15:48:58.942-0600] {processor.py:925} INFO - DAG(s) 'dataset_with_extra_from_classic_operator', 'dataset_with_extra_by_context', 'dataset_with_extra_by_yield' retrieved from /Library/Frameworks/Python.framework/Versions/3.8/lib/python3.8/site-packages/airflow/example_dags/example_outlet_event_extra.py
[2024-11-26T15:48:58.979-0600] {logging_mixin.py:190} INFO - [2024-11-26T15:48:58.979-0600] {dag.py:3239} INFO - Sync 3 DAGs
[2024-11-26T15:48:58.986-0600] {logging_mixin.py:190} INFO - [2024-11-26T15:48:58.986-0600] {dag.py:4180} INFO - Setting next_dagrun for dataset_with_extra_by_context to 2024-11-25 00:00:00+00:00, run_after=2024-11-26 00:00:00+00:00
[2024-11-26T15:48:58.987-0600] {logging_mixin.py:190} INFO - [2024-11-26T15:48:58.987-0600] {dag.py:4180} INFO - Setting next_dagrun for dataset_with_extra_by_yield to 2024-11-25 00:00:00+00:00, run_after=2024-11-26 00:00:00+00:00
[2024-11-26T15:48:58.988-0600] {logging_mixin.py:190} INFO - [2024-11-26T15:48:58.988-0600] {dag.py:4180} INFO - Setting next_dagrun for dataset_with_extra_from_classic_operator to 2024-11-25 00:00:00+00:00, run_after=2024-11-26 00:00:00+00:00
[2024-11-26T15:48:58.994-0600] {processor.py:208} INFO - Processing /Library/Frameworks/Python.framework/Versions/3.8/lib/python3.8/site-packages/airflow/example_dags/example_outlet_event_extra.py took 0.085 seconds
[2024-11-26T15:51:09.806-0600] {processor.py:186} INFO - Started process (PID=25490) to work on /Library/Frameworks/Python.framework/Versions/3.8/lib/python3.8/site-packages/airflow/example_dags/example_outlet_event_extra.py
[2024-11-26T15:51:09.807-0600] {processor.py:914} INFO - Processing file /Library/Frameworks/Python.framework/Versions/3.8/lib/python3.8/site-packages/airflow/example_dags/example_outlet_event_extra.py for tasks to queue
[2024-11-26T15:51:09.807-0600] {logging_mixin.py:190} INFO - [2024-11-26T15:51:09.807-0600] {dagbag.py:588} INFO - Filling up the DagBag from /Library/Frameworks/Python.framework/Versions/3.8/lib/python3.8/site-packages/airflow/example_dags/example_outlet_event_extra.py
[2024-11-26T15:51:09.837-0600] {processor.py:925} INFO - DAG(s) 'dataset_with_extra_from_classic_operator', 'dataset_with_extra_by_yield', 'dataset_with_extra_by_context' retrieved from /Library/Frameworks/Python.framework/Versions/3.8/lib/python3.8/site-packages/airflow/example_dags/example_outlet_event_extra.py
[2024-11-26T15:51:09.873-0600] {logging_mixin.py:190} INFO - [2024-11-26T15:51:09.873-0600] {dag.py:3239} INFO - Sync 3 DAGs
[2024-11-26T15:51:09.879-0600] {logging_mixin.py:190} INFO - [2024-11-26T15:51:09.879-0600] {dag.py:4180} INFO - Setting next_dagrun for dataset_with_extra_by_context to 2024-11-25 00:00:00+00:00, run_after=2024-11-26 00:00:00+00:00
[2024-11-26T15:51:09.881-0600] {logging_mixin.py:190} INFO - [2024-11-26T15:51:09.881-0600] {dag.py:4180} INFO - Setting next_dagrun for dataset_with_extra_by_yield to 2024-11-25 00:00:00+00:00, run_after=2024-11-26 00:00:00+00:00
[2024-11-26T15:51:09.882-0600] {logging_mixin.py:190} INFO - [2024-11-26T15:51:09.882-0600] {dag.py:4180} INFO - Setting next_dagrun for dataset_with_extra_from_classic_operator to 2024-11-25 00:00:00+00:00, run_after=2024-11-26 00:00:00+00:00
[2024-11-26T15:51:09.887-0600] {processor.py:208} INFO - Processing /Library/Frameworks/Python.framework/Versions/3.8/lib/python3.8/site-packages/airflow/example_dags/example_outlet_event_extra.py took 0.082 seconds
[2024-11-26T15:53:27.524-0600] {processor.py:186} INFO - Started process (PID=25737) to work on /Library/Frameworks/Python.framework/Versions/3.8/lib/python3.8/site-packages/airflow/example_dags/example_outlet_event_extra.py
[2024-11-26T15:53:27.525-0600] {processor.py:914} INFO - Processing file /Library/Frameworks/Python.framework/Versions/3.8/lib/python3.8/site-packages/airflow/example_dags/example_outlet_event_extra.py for tasks to queue
[2024-11-26T15:53:27.525-0600] {logging_mixin.py:190} INFO - [2024-11-26T15:53:27.525-0600] {dagbag.py:588} INFO - Filling up the DagBag from /Library/Frameworks/Python.framework/Versions/3.8/lib/python3.8/site-packages/airflow/example_dags/example_outlet_event_extra.py
[2024-11-26T15:53:27.550-0600] {processor.py:925} INFO - DAG(s) 'dataset_with_extra_from_classic_operator', 'dataset_with_extra_by_yield', 'dataset_with_extra_by_context' retrieved from /Library/Frameworks/Python.framework/Versions/3.8/lib/python3.8/site-packages/airflow/example_dags/example_outlet_event_extra.py
[2024-11-26T15:53:27.585-0600] {logging_mixin.py:190} INFO - [2024-11-26T15:53:27.585-0600] {dag.py:3239} INFO - Sync 3 DAGs
[2024-11-26T15:53:27.592-0600] {logging_mixin.py:190} INFO - [2024-11-26T15:53:27.592-0600] {dag.py:4180} INFO - Setting next_dagrun for dataset_with_extra_by_context to 2024-11-25 00:00:00+00:00, run_after=2024-11-26 00:00:00+00:00
[2024-11-26T15:53:27.593-0600] {logging_mixin.py:190} INFO - [2024-11-26T15:53:27.593-0600] {dag.py:4180} INFO - Setting next_dagrun for dataset_with_extra_by_yield to 2024-11-25 00:00:00+00:00, run_after=2024-11-26 00:00:00+00:00
[2024-11-26T15:53:27.594-0600] {logging_mixin.py:190} INFO - [2024-11-26T15:53:27.594-0600] {dag.py:4180} INFO - Setting next_dagrun for dataset_with_extra_from_classic_operator to 2024-11-25 00:00:00+00:00, run_after=2024-11-26 00:00:00+00:00
[2024-11-26T15:53:27.600-0600] {processor.py:208} INFO - Processing /Library/Frameworks/Python.framework/Versions/3.8/lib/python3.8/site-packages/airflow/example_dags/example_outlet_event_extra.py took 0.077 seconds
[2024-11-26T15:55:50.852-0600] {processor.py:186} INFO - Started process (PID=26028) to work on /Library/Frameworks/Python.framework/Versions/3.8/lib/python3.8/site-packages/airflow/example_dags/example_outlet_event_extra.py
[2024-11-26T15:55:50.852-0600] {processor.py:914} INFO - Processing file /Library/Frameworks/Python.framework/Versions/3.8/lib/python3.8/site-packages/airflow/example_dags/example_outlet_event_extra.py for tasks to queue
[2024-11-26T15:55:50.853-0600] {logging_mixin.py:190} INFO - [2024-11-26T15:55:50.853-0600] {dagbag.py:588} INFO - Filling up the DagBag from /Library/Frameworks/Python.framework/Versions/3.8/lib/python3.8/site-packages/airflow/example_dags/example_outlet_event_extra.py
[2024-11-26T15:55:50.883-0600] {processor.py:925} INFO - DAG(s) 'dataset_with_extra_by_yield', 'dataset_with_extra_from_classic_operator', 'dataset_with_extra_by_context' retrieved from /Library/Frameworks/Python.framework/Versions/3.8/lib/python3.8/site-packages/airflow/example_dags/example_outlet_event_extra.py
[2024-11-26T15:55:50.921-0600] {logging_mixin.py:190} INFO - [2024-11-26T15:55:50.921-0600] {dag.py:3239} INFO - Sync 3 DAGs
[2024-11-26T15:55:50.928-0600] {logging_mixin.py:190} INFO - [2024-11-26T15:55:50.928-0600] {dag.py:4180} INFO - Setting next_dagrun for dataset_with_extra_by_context to 2024-11-25 00:00:00+00:00, run_after=2024-11-26 00:00:00+00:00
[2024-11-26T15:55:50.930-0600] {logging_mixin.py:190} INFO - [2024-11-26T15:55:50.930-0600] {dag.py:4180} INFO - Setting next_dagrun for dataset_with_extra_by_yield to 2024-11-25 00:00:00+00:00, run_after=2024-11-26 00:00:00+00:00
[2024-11-26T15:55:50.930-0600] {logging_mixin.py:190} INFO - [2024-11-26T15:55:50.930-0600] {dag.py:4180} INFO - Setting next_dagrun for dataset_with_extra_from_classic_operator to 2024-11-25 00:00:00+00:00, run_after=2024-11-26 00:00:00+00:00
[2024-11-26T15:55:50.937-0600] {processor.py:208} INFO - Processing /Library/Frameworks/Python.framework/Versions/3.8/lib/python3.8/site-packages/airflow/example_dags/example_outlet_event_extra.py took 0.086 seconds
[2024-11-26T15:58:08.935-0600] {processor.py:186} INFO - Started process (PID=26307) to work on /Library/Frameworks/Python.framework/Versions/3.8/lib/python3.8/site-packages/airflow/example_dags/example_outlet_event_extra.py
[2024-11-26T15:58:08.936-0600] {processor.py:914} INFO - Processing file /Library/Frameworks/Python.framework/Versions/3.8/lib/python3.8/site-packages/airflow/example_dags/example_outlet_event_extra.py for tasks to queue
[2024-11-26T15:58:08.937-0600] {logging_mixin.py:190} INFO - [2024-11-26T15:58:08.937-0600] {dagbag.py:588} INFO - Filling up the DagBag from /Library/Frameworks/Python.framework/Versions/3.8/lib/python3.8/site-packages/airflow/example_dags/example_outlet_event_extra.py
[2024-11-26T15:58:08.961-0600] {processor.py:925} INFO - DAG(s) 'dataset_with_extra_by_yield', 'dataset_with_extra_by_context', 'dataset_with_extra_from_classic_operator' retrieved from /Library/Frameworks/Python.framework/Versions/3.8/lib/python3.8/site-packages/airflow/example_dags/example_outlet_event_extra.py
[2024-11-26T15:58:08.997-0600] {logging_mixin.py:190} INFO - [2024-11-26T15:58:08.997-0600] {dag.py:3239} INFO - Sync 3 DAGs
[2024-11-26T15:58:09.004-0600] {logging_mixin.py:190} INFO - [2024-11-26T15:58:09.004-0600] {dag.py:4180} INFO - Setting next_dagrun for dataset_with_extra_by_context to 2024-11-25 00:00:00+00:00, run_after=2024-11-26 00:00:00+00:00
[2024-11-26T15:58:09.005-0600] {logging_mixin.py:190} INFO - [2024-11-26T15:58:09.005-0600] {dag.py:4180} INFO - Setting next_dagrun for dataset_with_extra_by_yield to 2024-11-25 00:00:00+00:00, run_after=2024-11-26 00:00:00+00:00
[2024-11-26T15:58:09.006-0600] {logging_mixin.py:190} INFO - [2024-11-26T15:58:09.006-0600] {dag.py:4180} INFO - Setting next_dagrun for dataset_with_extra_from_classic_operator to 2024-11-25 00:00:00+00:00, run_after=2024-11-26 00:00:00+00:00
[2024-11-26T15:58:09.012-0600] {processor.py:208} INFO - Processing /Library/Frameworks/Python.framework/Versions/3.8/lib/python3.8/site-packages/airflow/example_dags/example_outlet_event_extra.py took 0.078 seconds
[2024-11-26T16:00:24.627-0600] {processor.py:186} INFO - Started process (PID=26591) to work on /Library/Frameworks/Python.framework/Versions/3.8/lib/python3.8/site-packages/airflow/example_dags/example_outlet_event_extra.py
[2024-11-26T16:00:24.628-0600] {processor.py:914} INFO - Processing file /Library/Frameworks/Python.framework/Versions/3.8/lib/python3.8/site-packages/airflow/example_dags/example_outlet_event_extra.py for tasks to queue
[2024-11-26T16:00:24.628-0600] {logging_mixin.py:190} INFO - [2024-11-26T16:00:24.628-0600] {dagbag.py:588} INFO - Filling up the DagBag from /Library/Frameworks/Python.framework/Versions/3.8/lib/python3.8/site-packages/airflow/example_dags/example_outlet_event_extra.py
[2024-11-26T16:00:24.658-0600] {processor.py:925} INFO - DAG(s) 'dataset_with_extra_by_yield', 'dataset_with_extra_by_context', 'dataset_with_extra_from_classic_operator' retrieved from /Library/Frameworks/Python.framework/Versions/3.8/lib/python3.8/site-packages/airflow/example_dags/example_outlet_event_extra.py
[2024-11-26T16:00:24.693-0600] {logging_mixin.py:190} INFO - [2024-11-26T16:00:24.693-0600] {dag.py:3239} INFO - Sync 3 DAGs
[2024-11-26T16:00:24.700-0600] {logging_mixin.py:190} INFO - [2024-11-26T16:00:24.700-0600] {dag.py:4180} INFO - Setting next_dagrun for dataset_with_extra_by_context to 2024-11-25 00:00:00+00:00, run_after=2024-11-26 00:00:00+00:00
[2024-11-26T16:00:24.701-0600] {logging_mixin.py:190} INFO - [2024-11-26T16:00:24.701-0600] {dag.py:4180} INFO - Setting next_dagrun for dataset_with_extra_by_yield to 2024-11-25 00:00:00+00:00, run_after=2024-11-26 00:00:00+00:00
[2024-11-26T16:00:24.702-0600] {logging_mixin.py:190} INFO - [2024-11-26T16:00:24.702-0600] {dag.py:4180} INFO - Setting next_dagrun for dataset_with_extra_from_classic_operator to 2024-11-25 00:00:00+00:00, run_after=2024-11-26 00:00:00+00:00
[2024-11-26T16:00:24.707-0600] {processor.py:208} INFO - Processing /Library/Frameworks/Python.framework/Versions/3.8/lib/python3.8/site-packages/airflow/example_dags/example_outlet_event_extra.py took 0.082 seconds
[2024-11-26T16:02:38.813-0600] {processor.py:186} INFO - Started process (PID=26847) to work on /Library/Frameworks/Python.framework/Versions/3.8/lib/python3.8/site-packages/airflow/example_dags/example_outlet_event_extra.py
[2024-11-26T16:02:38.814-0600] {processor.py:914} INFO - Processing file /Library/Frameworks/Python.framework/Versions/3.8/lib/python3.8/site-packages/airflow/example_dags/example_outlet_event_extra.py for tasks to queue
[2024-11-26T16:02:38.814-0600] {logging_mixin.py:190} INFO - [2024-11-26T16:02:38.814-0600] {dagbag.py:588} INFO - Filling up the DagBag from /Library/Frameworks/Python.framework/Versions/3.8/lib/python3.8/site-packages/airflow/example_dags/example_outlet_event_extra.py
[2024-11-26T16:02:38.847-0600] {processor.py:925} INFO - DAG(s) 'dataset_with_extra_by_yield', 'dataset_with_extra_by_context', 'dataset_with_extra_from_classic_operator' retrieved from /Library/Frameworks/Python.framework/Versions/3.8/lib/python3.8/site-packages/airflow/example_dags/example_outlet_event_extra.py
[2024-11-26T16:02:38.882-0600] {logging_mixin.py:190} INFO - [2024-11-26T16:02:38.882-0600] {dag.py:3239} INFO - Sync 3 DAGs
[2024-11-26T16:02:38.889-0600] {logging_mixin.py:190} INFO - [2024-11-26T16:02:38.889-0600] {dag.py:4180} INFO - Setting next_dagrun for dataset_with_extra_by_context to 2024-11-25 00:00:00+00:00, run_after=2024-11-26 00:00:00+00:00
[2024-11-26T16:02:38.890-0600] {logging_mixin.py:190} INFO - [2024-11-26T16:02:38.890-0600] {dag.py:4180} INFO - Setting next_dagrun for dataset_with_extra_by_yield to 2024-11-25 00:00:00+00:00, run_after=2024-11-26 00:00:00+00:00
[2024-11-26T16:02:38.891-0600] {logging_mixin.py:190} INFO - [2024-11-26T16:02:38.891-0600] {dag.py:4180} INFO - Setting next_dagrun for dataset_with_extra_from_classic_operator to 2024-11-25 00:00:00+00:00, run_after=2024-11-26 00:00:00+00:00
[2024-11-26T16:02:38.897-0600] {processor.py:208} INFO - Processing /Library/Frameworks/Python.framework/Versions/3.8/lib/python3.8/site-packages/airflow/example_dags/example_outlet_event_extra.py took 0.085 seconds
[2024-11-26T16:04:55.209-0600] {processor.py:186} INFO - Started process (PID=27098) to work on /Library/Frameworks/Python.framework/Versions/3.8/lib/python3.8/site-packages/airflow/example_dags/example_outlet_event_extra.py
[2024-11-26T16:04:55.209-0600] {processor.py:914} INFO - Processing file /Library/Frameworks/Python.framework/Versions/3.8/lib/python3.8/site-packages/airflow/example_dags/example_outlet_event_extra.py for tasks to queue
[2024-11-26T16:04:55.209-0600] {logging_mixin.py:190} INFO - [2024-11-26T16:04:55.209-0600] {dagbag.py:588} INFO - Filling up the DagBag from /Library/Frameworks/Python.framework/Versions/3.8/lib/python3.8/site-packages/airflow/example_dags/example_outlet_event_extra.py
[2024-11-26T16:04:55.233-0600] {processor.py:925} INFO - DAG(s) 'dataset_with_extra_from_classic_operator', 'dataset_with_extra_by_context', 'dataset_with_extra_by_yield' retrieved from /Library/Frameworks/Python.framework/Versions/3.8/lib/python3.8/site-packages/airflow/example_dags/example_outlet_event_extra.py
[2024-11-26T16:04:55.269-0600] {logging_mixin.py:190} INFO - [2024-11-26T16:04:55.269-0600] {dag.py:3239} INFO - Sync 3 DAGs
[2024-11-26T16:04:55.275-0600] {logging_mixin.py:190} INFO - [2024-11-26T16:04:55.275-0600] {dag.py:4180} INFO - Setting next_dagrun for dataset_with_extra_by_context to 2024-11-25 00:00:00+00:00, run_after=2024-11-26 00:00:00+00:00
[2024-11-26T16:04:55.277-0600] {logging_mixin.py:190} INFO - [2024-11-26T16:04:55.277-0600] {dag.py:4180} INFO - Setting next_dagrun for dataset_with_extra_by_yield to 2024-11-25 00:00:00+00:00, run_after=2024-11-26 00:00:00+00:00
[2024-11-26T16:04:55.277-0600] {logging_mixin.py:190} INFO - [2024-11-26T16:04:55.277-0600] {dag.py:4180} INFO - Setting next_dagrun for dataset_with_extra_from_classic_operator to 2024-11-25 00:00:00+00:00, run_after=2024-11-26 00:00:00+00:00
[2024-11-26T16:04:55.283-0600] {processor.py:208} INFO - Processing /Library/Frameworks/Python.framework/Versions/3.8/lib/python3.8/site-packages/airflow/example_dags/example_outlet_event_extra.py took 0.076 seconds
[2024-11-26T17:17:32.399-0600] {processor.py:186} INFO - Started process (PID=27354) to work on /Library/Frameworks/Python.framework/Versions/3.8/lib/python3.8/site-packages/airflow/example_dags/example_outlet_event_extra.py
[2024-11-26T17:17:32.400-0600] {processor.py:914} INFO - Processing file /Library/Frameworks/Python.framework/Versions/3.8/lib/python3.8/site-packages/airflow/example_dags/example_outlet_event_extra.py for tasks to queue
[2024-11-26T17:17:32.400-0600] {logging_mixin.py:190} INFO - [2024-11-26T17:17:32.400-0600] {dagbag.py:588} INFO - Filling up the DagBag from /Library/Frameworks/Python.framework/Versions/3.8/lib/python3.8/site-packages/airflow/example_dags/example_outlet_event_extra.py
[2024-11-26T17:17:32.424-0600] {processor.py:925} INFO - DAG(s) 'dataset_with_extra_from_classic_operator', 'dataset_with_extra_by_yield', 'dataset_with_extra_by_context' retrieved from /Library/Frameworks/Python.framework/Versions/3.8/lib/python3.8/site-packages/airflow/example_dags/example_outlet_event_extra.py
[2024-11-26T17:17:32.457-0600] {logging_mixin.py:190} INFO - [2024-11-26T17:17:32.457-0600] {dag.py:3239} INFO - Sync 3 DAGs
[2024-11-26T17:17:32.463-0600] {logging_mixin.py:190} INFO - [2024-11-26T17:17:32.463-0600] {dag.py:4180} INFO - Setting next_dagrun for dataset_with_extra_by_context to 2024-11-25 00:00:00+00:00, run_after=2024-11-26 00:00:00+00:00
[2024-11-26T17:17:32.464-0600] {logging_mixin.py:190} INFO - [2024-11-26T17:17:32.464-0600] {dag.py:4180} INFO - Setting next_dagrun for dataset_with_extra_by_yield to 2024-11-25 00:00:00+00:00, run_after=2024-11-26 00:00:00+00:00
[2024-11-26T17:17:32.465-0600] {logging_mixin.py:190} INFO - [2024-11-26T17:17:32.465-0600] {dag.py:4180} INFO - Setting next_dagrun for dataset_with_extra_from_classic_operator to 2024-11-25 00:00:00+00:00, run_after=2024-11-26 00:00:00+00:00
[2024-11-26T17:17:32.470-0600] {processor.py:208} INFO - Processing /Library/Frameworks/Python.framework/Versions/3.8/lib/python3.8/site-packages/airflow/example_dags/example_outlet_event_extra.py took 0.072 seconds
