[2024-11-26T14:18:54.264-0600] {processor.py:186} INFO - Started process (PID=17972) to work on /Users/beprathap/PycharmProjects/YouTube-airflow/airflow-venv/lib/python3.8/site-packages/airflow/example_dags/example_branch_datetime_operator.py
[2024-11-26T14:18:54.264-0600] {processor.py:914} INFO - Processing file /Users/beprathap/PycharmProjects/YouTube-airflow/airflow-venv/lib/python3.8/site-packages/airflow/example_dags/example_branch_datetime_operator.py for tasks to queue
[2024-11-26T14:18:54.265-0600] {logging_mixin.py:190} INFO - [2024-11-26T14:18:54.265-0600] {dagbag.py:588} INFO - Filling up the DagBag from /Users/beprathap/PycharmProjects/YouTube-airflow/airflow-venv/lib/python3.8/site-packages/airflow/example_dags/example_branch_datetime_operator.py
[2024-11-26T14:18:54.269-0600] {processor.py:925} INFO - DAG(s) 'example_branch_datetime_operator_3', 'example_branch_datetime_operator', 'example_branch_datetime_operator_2' retrieved from /Users/beprathap/PycharmProjects/YouTube-airflow/airflow-venv/lib/python3.8/site-packages/airflow/example_dags/example_branch_datetime_operator.py
[2024-11-26T14:18:54.328-0600] {logging_mixin.py:190} INFO - [2024-11-26T14:18:54.328-0600] {override.py:1901} INFO - Created Permission View: can edit on DAG:example_branch_datetime_operator_3
[2024-11-26T14:18:54.331-0600] {logging_mixin.py:190} INFO - [2024-11-26T14:18:54.331-0600] {override.py:1901} INFO - Created Permission View: can delete on DAG:example_branch_datetime_operator_3
[2024-11-26T14:18:54.332-0600] {logging_mixin.py:190} INFO - [2024-11-26T14:18:54.332-0600] {override.py:1901} INFO - Created Permission View: can read on DAG:example_branch_datetime_operator_3
[2024-11-26T14:18:54.334-0600] {logging_mixin.py:190} INFO - [2024-11-26T14:18:54.334-0600] {override.py:1901} INFO - Created Permission View: can delete on DAG Run:example_branch_datetime_operator_3
[2024-11-26T14:18:54.336-0600] {logging_mixin.py:190} INFO - [2024-11-26T14:18:54.336-0600] {override.py:1901} INFO - Created Permission View: menu access on DAG Run:example_branch_datetime_operator_3
[2024-11-26T14:18:54.337-0600] {logging_mixin.py:190} INFO - [2024-11-26T14:18:54.337-0600] {override.py:1901} INFO - Created Permission View: can create on DAG Run:example_branch_datetime_operator_3
[2024-11-26T14:18:54.338-0600] {logging_mixin.py:190} INFO - [2024-11-26T14:18:54.338-0600] {override.py:1901} INFO - Created Permission View: can read on DAG Run:example_branch_datetime_operator_3
[2024-11-26T14:18:54.342-0600] {logging_mixin.py:190} INFO - [2024-11-26T14:18:54.342-0600] {override.py:1901} INFO - Created Permission View: can edit on DAG:example_branch_datetime_operator
[2024-11-26T14:18:54.343-0600] {logging_mixin.py:190} INFO - [2024-11-26T14:18:54.343-0600] {override.py:1901} INFO - Created Permission View: can delete on DAG:example_branch_datetime_operator
[2024-11-26T14:18:54.345-0600] {logging_mixin.py:190} INFO - [2024-11-26T14:18:54.345-0600] {override.py:1901} INFO - Created Permission View: can read on DAG:example_branch_datetime_operator
[2024-11-26T14:18:54.346-0600] {logging_mixin.py:190} INFO - [2024-11-26T14:18:54.346-0600] {override.py:1901} INFO - Created Permission View: can delete on DAG Run:example_branch_datetime_operator
[2024-11-26T14:18:54.348-0600] {logging_mixin.py:190} INFO - [2024-11-26T14:18:54.348-0600] {override.py:1901} INFO - Created Permission View: menu access on DAG Run:example_branch_datetime_operator
[2024-11-26T14:18:54.349-0600] {logging_mixin.py:190} INFO - [2024-11-26T14:18:54.349-0600] {override.py:1901} INFO - Created Permission View: can create on DAG Run:example_branch_datetime_operator
[2024-11-26T14:18:54.350-0600] {logging_mixin.py:190} INFO - [2024-11-26T14:18:54.350-0600] {override.py:1901} INFO - Created Permission View: can read on DAG Run:example_branch_datetime_operator
[2024-11-26T14:18:54.354-0600] {logging_mixin.py:190} INFO - [2024-11-26T14:18:54.354-0600] {override.py:1901} INFO - Created Permission View: can edit on DAG:example_branch_datetime_operator_2
[2024-11-26T14:18:54.355-0600] {logging_mixin.py:190} INFO - [2024-11-26T14:18:54.355-0600] {override.py:1901} INFO - Created Permission View: can delete on DAG:example_branch_datetime_operator_2
[2024-11-26T14:18:54.356-0600] {logging_mixin.py:190} INFO - [2024-11-26T14:18:54.356-0600] {override.py:1901} INFO - Created Permission View: can read on DAG:example_branch_datetime_operator_2
[2024-11-26T14:18:54.358-0600] {logging_mixin.py:190} INFO - [2024-11-26T14:18:54.358-0600] {override.py:1901} INFO - Created Permission View: can delete on DAG Run:example_branch_datetime_operator_2
[2024-11-26T14:18:54.360-0600] {logging_mixin.py:190} INFO - [2024-11-26T14:18:54.359-0600] {override.py:1901} INFO - Created Permission View: menu access on DAG Run:example_branch_datetime_operator_2
[2024-11-26T14:18:54.361-0600] {logging_mixin.py:190} INFO - [2024-11-26T14:18:54.361-0600] {override.py:1901} INFO - Created Permission View: can create on DAG Run:example_branch_datetime_operator_2
[2024-11-26T14:18:54.362-0600] {logging_mixin.py:190} INFO - [2024-11-26T14:18:54.362-0600] {override.py:1901} INFO - Created Permission View: can read on DAG Run:example_branch_datetime_operator_2
[2024-11-26T14:18:54.362-0600] {logging_mixin.py:190} INFO - [2024-11-26T14:18:54.362-0600] {dag.py:3239} INFO - Sync 3 DAGs
[2024-11-26T14:18:54.366-0600] {logging_mixin.py:190} INFO - [2024-11-26T14:18:54.366-0600] {dag.py:3262} INFO - Creating ORM DAG for example_branch_datetime_operator
[2024-11-26T14:18:54.366-0600] {logging_mixin.py:190} INFO - [2024-11-26T14:18:54.366-0600] {dag.py:3262} INFO - Creating ORM DAG for example_branch_datetime_operator_3
[2024-11-26T14:18:54.366-0600] {logging_mixin.py:190} INFO - [2024-11-26T14:18:54.366-0600] {dag.py:3262} INFO - Creating ORM DAG for example_branch_datetime_operator_2
[2024-11-26T14:18:54.369-0600] {logging_mixin.py:190} INFO - [2024-11-26T14:18:54.369-0600] {dag.py:4180} INFO - Setting next_dagrun for example_branch_datetime_operator to 2024-11-25 00:00:00+00:00, run_after=2024-11-26 00:00:00+00:00
[2024-11-26T14:18:54.370-0600] {logging_mixin.py:190} INFO - [2024-11-26T14:18:54.370-0600] {dag.py:4180} INFO - Setting next_dagrun for example_branch_datetime_operator_2 to 2024-11-25 00:00:00+00:00, run_after=2024-11-26 00:00:00+00:00
[2024-11-26T14:18:54.371-0600] {logging_mixin.py:190} INFO - [2024-11-26T14:18:54.370-0600] {dag.py:4180} INFO - Setting next_dagrun for example_branch_datetime_operator_3 to 2024-11-25 00:00:00+00:00, run_after=2024-11-26 00:00:00+00:00
[2024-11-26T14:18:54.377-0600] {processor.py:208} INFO - Processing /Users/beprathap/PycharmProjects/YouTube-airflow/airflow-venv/lib/python3.8/site-packages/airflow/example_dags/example_branch_datetime_operator.py took 0.114 seconds
[2024-11-26T14:21:09.701-0600] {processor.py:186} INFO - Started process (PID=18231) to work on /Users/beprathap/PycharmProjects/YouTube-airflow/airflow-venv/lib/python3.8/site-packages/airflow/example_dags/example_branch_datetime_operator.py
[2024-11-26T14:21:09.701-0600] {processor.py:914} INFO - Processing file /Users/beprathap/PycharmProjects/YouTube-airflow/airflow-venv/lib/python3.8/site-packages/airflow/example_dags/example_branch_datetime_operator.py for tasks to queue
[2024-11-26T14:21:09.702-0600] {logging_mixin.py:190} INFO - [2024-11-26T14:21:09.702-0600] {dagbag.py:588} INFO - Filling up the DagBag from /Users/beprathap/PycharmProjects/YouTube-airflow/airflow-venv/lib/python3.8/site-packages/airflow/example_dags/example_branch_datetime_operator.py
[2024-11-26T14:21:09.706-0600] {processor.py:925} INFO - DAG(s) 'example_branch_datetime_operator', 'example_branch_datetime_operator_3', 'example_branch_datetime_operator_2' retrieved from /Users/beprathap/PycharmProjects/YouTube-airflow/airflow-venv/lib/python3.8/site-packages/airflow/example_dags/example_branch_datetime_operator.py
[2024-11-26T14:21:09.741-0600] {logging_mixin.py:190} INFO - [2024-11-26T14:21:09.741-0600] {dag.py:3239} INFO - Sync 3 DAGs
[2024-11-26T14:21:09.748-0600] {logging_mixin.py:190} INFO - [2024-11-26T14:21:09.748-0600] {dag.py:4180} INFO - Setting next_dagrun for example_branch_datetime_operator to 2024-11-25 00:00:00+00:00, run_after=2024-11-26 00:00:00+00:00
[2024-11-26T14:21:09.749-0600] {logging_mixin.py:190} INFO - [2024-11-26T14:21:09.749-0600] {dag.py:4180} INFO - Setting next_dagrun for example_branch_datetime_operator_2 to 2024-11-25 00:00:00+00:00, run_after=2024-11-26 00:00:00+00:00
[2024-11-26T14:21:09.750-0600] {logging_mixin.py:190} INFO - [2024-11-26T14:21:09.750-0600] {dag.py:4180} INFO - Setting next_dagrun for example_branch_datetime_operator_3 to 2024-11-25 00:00:00+00:00, run_after=2024-11-26 00:00:00+00:00
[2024-11-26T14:21:09.754-0600] {processor.py:208} INFO - Processing /Users/beprathap/PycharmProjects/YouTube-airflow/airflow-venv/lib/python3.8/site-packages/airflow/example_dags/example_branch_datetime_operator.py took 0.054 seconds
[2024-11-26T14:23:21.427-0600] {processor.py:186} INFO - Started process (PID=18506) to work on /Users/beprathap/PycharmProjects/YouTube-airflow/airflow-venv/lib/python3.8/site-packages/airflow/example_dags/example_branch_datetime_operator.py
[2024-11-26T14:23:21.428-0600] {processor.py:914} INFO - Processing file /Users/beprathap/PycharmProjects/YouTube-airflow/airflow-venv/lib/python3.8/site-packages/airflow/example_dags/example_branch_datetime_operator.py for tasks to queue
[2024-11-26T14:23:21.428-0600] {logging_mixin.py:190} INFO - [2024-11-26T14:23:21.428-0600] {dagbag.py:588} INFO - Filling up the DagBag from /Users/beprathap/PycharmProjects/YouTube-airflow/airflow-venv/lib/python3.8/site-packages/airflow/example_dags/example_branch_datetime_operator.py
[2024-11-26T14:23:21.432-0600] {processor.py:925} INFO - DAG(s) 'example_branch_datetime_operator_3', 'example_branch_datetime_operator', 'example_branch_datetime_operator_2' retrieved from /Users/beprathap/PycharmProjects/YouTube-airflow/airflow-venv/lib/python3.8/site-packages/airflow/example_dags/example_branch_datetime_operator.py
[2024-11-26T14:23:21.470-0600] {logging_mixin.py:190} INFO - [2024-11-26T14:23:21.470-0600] {dag.py:3239} INFO - Sync 3 DAGs
[2024-11-26T14:23:21.477-0600] {logging_mixin.py:190} INFO - [2024-11-26T14:23:21.476-0600] {dag.py:4180} INFO - Setting next_dagrun for example_branch_datetime_operator to 2024-11-25 00:00:00+00:00, run_after=2024-11-26 00:00:00+00:00
[2024-11-26T14:23:21.478-0600] {logging_mixin.py:190} INFO - [2024-11-26T14:23:21.478-0600] {dag.py:4180} INFO - Setting next_dagrun for example_branch_datetime_operator_2 to 2024-11-25 00:00:00+00:00, run_after=2024-11-26 00:00:00+00:00
[2024-11-26T14:23:21.479-0600] {logging_mixin.py:190} INFO - [2024-11-26T14:23:21.479-0600] {dag.py:4180} INFO - Setting next_dagrun for example_branch_datetime_operator_3 to 2024-11-25 00:00:00+00:00, run_after=2024-11-26 00:00:00+00:00
[2024-11-26T14:23:21.483-0600] {processor.py:208} INFO - Processing /Users/beprathap/PycharmProjects/YouTube-airflow/airflow-venv/lib/python3.8/site-packages/airflow/example_dags/example_branch_datetime_operator.py took 0.058 seconds
[2024-11-26T14:25:30.366-0600] {processor.py:186} INFO - Started process (PID=18754) to work on /Users/beprathap/PycharmProjects/YouTube-airflow/airflow-venv/lib/python3.8/site-packages/airflow/example_dags/example_branch_datetime_operator.py
[2024-11-26T14:25:30.368-0600] {processor.py:914} INFO - Processing file /Users/beprathap/PycharmProjects/YouTube-airflow/airflow-venv/lib/python3.8/site-packages/airflow/example_dags/example_branch_datetime_operator.py for tasks to queue
[2024-11-26T14:25:30.368-0600] {logging_mixin.py:190} INFO - [2024-11-26T14:25:30.368-0600] {dagbag.py:588} INFO - Filling up the DagBag from /Users/beprathap/PycharmProjects/YouTube-airflow/airflow-venv/lib/python3.8/site-packages/airflow/example_dags/example_branch_datetime_operator.py
[2024-11-26T14:25:30.372-0600] {processor.py:925} INFO - DAG(s) 'example_branch_datetime_operator', 'example_branch_datetime_operator_2', 'example_branch_datetime_operator_3' retrieved from /Users/beprathap/PycharmProjects/YouTube-airflow/airflow-venv/lib/python3.8/site-packages/airflow/example_dags/example_branch_datetime_operator.py
[2024-11-26T14:25:30.409-0600] {logging_mixin.py:190} INFO - [2024-11-26T14:25:30.409-0600] {dag.py:3239} INFO - Sync 3 DAGs
[2024-11-26T14:25:30.416-0600] {logging_mixin.py:190} INFO - [2024-11-26T14:25:30.416-0600] {dag.py:4180} INFO - Setting next_dagrun for example_branch_datetime_operator to 2024-11-25 00:00:00+00:00, run_after=2024-11-26 00:00:00+00:00
[2024-11-26T14:25:30.418-0600] {logging_mixin.py:190} INFO - [2024-11-26T14:25:30.418-0600] {dag.py:4180} INFO - Setting next_dagrun for example_branch_datetime_operator_2 to 2024-11-25 00:00:00+00:00, run_after=2024-11-26 00:00:00+00:00
[2024-11-26T14:25:30.418-0600] {logging_mixin.py:190} INFO - [2024-11-26T14:25:30.418-0600] {dag.py:4180} INFO - Setting next_dagrun for example_branch_datetime_operator_3 to 2024-11-25 00:00:00+00:00, run_after=2024-11-26 00:00:00+00:00
[2024-11-26T14:25:30.423-0600] {processor.py:208} INFO - Processing /Users/beprathap/PycharmProjects/YouTube-airflow/airflow-venv/lib/python3.8/site-packages/airflow/example_dags/example_branch_datetime_operator.py took 0.058 seconds
[2024-11-26T14:27:36.698-0600] {processor.py:186} INFO - Started process (PID=18989) to work on /Users/beprathap/PycharmProjects/YouTube-airflow/airflow-venv/lib/python3.8/site-packages/airflow/example_dags/example_branch_datetime_operator.py
[2024-11-26T14:27:36.698-0600] {processor.py:914} INFO - Processing file /Users/beprathap/PycharmProjects/YouTube-airflow/airflow-venv/lib/python3.8/site-packages/airflow/example_dags/example_branch_datetime_operator.py for tasks to queue
[2024-11-26T14:27:36.698-0600] {logging_mixin.py:190} INFO - [2024-11-26T14:27:36.698-0600] {dagbag.py:588} INFO - Filling up the DagBag from /Users/beprathap/PycharmProjects/YouTube-airflow/airflow-venv/lib/python3.8/site-packages/airflow/example_dags/example_branch_datetime_operator.py
[2024-11-26T14:27:36.703-0600] {processor.py:925} INFO - DAG(s) 'example_branch_datetime_operator', 'example_branch_datetime_operator_2', 'example_branch_datetime_operator_3' retrieved from /Users/beprathap/PycharmProjects/YouTube-airflow/airflow-venv/lib/python3.8/site-packages/airflow/example_dags/example_branch_datetime_operator.py
[2024-11-26T14:27:36.739-0600] {logging_mixin.py:190} INFO - [2024-11-26T14:27:36.739-0600] {dag.py:3239} INFO - Sync 3 DAGs
[2024-11-26T14:27:36.746-0600] {logging_mixin.py:190} INFO - [2024-11-26T14:27:36.746-0600] {dag.py:4180} INFO - Setting next_dagrun for example_branch_datetime_operator to 2024-11-25 00:00:00+00:00, run_after=2024-11-26 00:00:00+00:00
[2024-11-26T14:27:36.747-0600] {logging_mixin.py:190} INFO - [2024-11-26T14:27:36.747-0600] {dag.py:4180} INFO - Setting next_dagrun for example_branch_datetime_operator_2 to 2024-11-25 00:00:00+00:00, run_after=2024-11-26 00:00:00+00:00
[2024-11-26T14:27:36.748-0600] {logging_mixin.py:190} INFO - [2024-11-26T14:27:36.748-0600] {dag.py:4180} INFO - Setting next_dagrun for example_branch_datetime_operator_3 to 2024-11-25 00:00:00+00:00, run_after=2024-11-26 00:00:00+00:00
[2024-11-26T14:27:36.753-0600] {processor.py:208} INFO - Processing /Users/beprathap/PycharmProjects/YouTube-airflow/airflow-venv/lib/python3.8/site-packages/airflow/example_dags/example_branch_datetime_operator.py took 0.056 seconds
[2024-11-26T14:29:46.215-0600] {processor.py:186} INFO - Started process (PID=19229) to work on /Users/beprathap/PycharmProjects/YouTube-airflow/airflow-venv/lib/python3.8/site-packages/airflow/example_dags/example_branch_datetime_operator.py
[2024-11-26T14:29:46.215-0600] {processor.py:914} INFO - Processing file /Users/beprathap/PycharmProjects/YouTube-airflow/airflow-venv/lib/python3.8/site-packages/airflow/example_dags/example_branch_datetime_operator.py for tasks to queue
[2024-11-26T14:29:46.215-0600] {logging_mixin.py:190} INFO - [2024-11-26T14:29:46.215-0600] {dagbag.py:588} INFO - Filling up the DagBag from /Users/beprathap/PycharmProjects/YouTube-airflow/airflow-venv/lib/python3.8/site-packages/airflow/example_dags/example_branch_datetime_operator.py
[2024-11-26T14:29:46.219-0600] {processor.py:925} INFO - DAG(s) 'example_branch_datetime_operator_3', 'example_branch_datetime_operator', 'example_branch_datetime_operator_2' retrieved from /Users/beprathap/PycharmProjects/YouTube-airflow/airflow-venv/lib/python3.8/site-packages/airflow/example_dags/example_branch_datetime_operator.py
[2024-11-26T14:29:46.255-0600] {logging_mixin.py:190} INFO - [2024-11-26T14:29:46.255-0600] {dag.py:3239} INFO - Sync 3 DAGs
[2024-11-26T14:29:46.261-0600] {logging_mixin.py:190} INFO - [2024-11-26T14:29:46.261-0600] {dag.py:4180} INFO - Setting next_dagrun for example_branch_datetime_operator to 2024-11-25 00:00:00+00:00, run_after=2024-11-26 00:00:00+00:00
[2024-11-26T14:29:46.262-0600] {logging_mixin.py:190} INFO - [2024-11-26T14:29:46.262-0600] {dag.py:4180} INFO - Setting next_dagrun for example_branch_datetime_operator_2 to 2024-11-25 00:00:00+00:00, run_after=2024-11-26 00:00:00+00:00
[2024-11-26T14:29:46.263-0600] {logging_mixin.py:190} INFO - [2024-11-26T14:29:46.263-0600] {dag.py:4180} INFO - Setting next_dagrun for example_branch_datetime_operator_3 to 2024-11-25 00:00:00+00:00, run_after=2024-11-26 00:00:00+00:00
[2024-11-26T14:29:46.268-0600] {processor.py:208} INFO - Processing /Users/beprathap/PycharmProjects/YouTube-airflow/airflow-venv/lib/python3.8/site-packages/airflow/example_dags/example_branch_datetime_operator.py took 0.055 seconds
[2024-11-26T14:37:16.388-0600] {processor.py:186} INFO - Started process (PID=19648) to work on /Users/beprathap/PycharmProjects/YouTube-airflow/airflow-venv/lib/python3.8/site-packages/airflow/example_dags/example_branch_datetime_operator.py
[2024-11-26T14:37:16.389-0600] {processor.py:914} INFO - Processing file /Users/beprathap/PycharmProjects/YouTube-airflow/airflow-venv/lib/python3.8/site-packages/airflow/example_dags/example_branch_datetime_operator.py for tasks to queue
[2024-11-26T14:37:16.390-0600] {logging_mixin.py:190} INFO - [2024-11-26T14:37:16.390-0600] {dagbag.py:588} INFO - Filling up the DagBag from /Users/beprathap/PycharmProjects/YouTube-airflow/airflow-venv/lib/python3.8/site-packages/airflow/example_dags/example_branch_datetime_operator.py
[2024-11-26T14:37:16.394-0600] {processor.py:925} INFO - DAG(s) 'example_branch_datetime_operator', 'example_branch_datetime_operator_2', 'example_branch_datetime_operator_3' retrieved from /Users/beprathap/PycharmProjects/YouTube-airflow/airflow-venv/lib/python3.8/site-packages/airflow/example_dags/example_branch_datetime_operator.py
[2024-11-26T14:37:16.431-0600] {logging_mixin.py:190} INFO - [2024-11-26T14:37:16.431-0600] {dag.py:3239} INFO - Sync 3 DAGs
[2024-11-26T14:37:16.438-0600] {logging_mixin.py:190} INFO - [2024-11-26T14:37:16.438-0600] {dag.py:4180} INFO - Setting next_dagrun for example_branch_datetime_operator to 2024-11-25 00:00:00+00:00, run_after=2024-11-26 00:00:00+00:00
[2024-11-26T14:37:16.439-0600] {logging_mixin.py:190} INFO - [2024-11-26T14:37:16.439-0600] {dag.py:4180} INFO - Setting next_dagrun for example_branch_datetime_operator_2 to 2024-11-25 00:00:00+00:00, run_after=2024-11-26 00:00:00+00:00
[2024-11-26T14:37:16.440-0600] {logging_mixin.py:190} INFO - [2024-11-26T14:37:16.440-0600] {dag.py:4180} INFO - Setting next_dagrun for example_branch_datetime_operator_3 to 2024-11-25 00:00:00+00:00, run_after=2024-11-26 00:00:00+00:00
[2024-11-26T14:37:16.445-0600] {processor.py:208} INFO - Processing /Users/beprathap/PycharmProjects/YouTube-airflow/airflow-venv/lib/python3.8/site-packages/airflow/example_dags/example_branch_datetime_operator.py took 0.058 seconds
[2024-11-26T14:39:35.210-0600] {processor.py:186} INFO - Started process (PID=19902) to work on /Users/beprathap/PycharmProjects/YouTube-airflow/airflow-venv/lib/python3.8/site-packages/airflow/example_dags/example_branch_datetime_operator.py
[2024-11-26T14:39:35.211-0600] {processor.py:914} INFO - Processing file /Users/beprathap/PycharmProjects/YouTube-airflow/airflow-venv/lib/python3.8/site-packages/airflow/example_dags/example_branch_datetime_operator.py for tasks to queue
[2024-11-26T14:39:35.211-0600] {logging_mixin.py:190} INFO - [2024-11-26T14:39:35.211-0600] {dagbag.py:588} INFO - Filling up the DagBag from /Users/beprathap/PycharmProjects/YouTube-airflow/airflow-venv/lib/python3.8/site-packages/airflow/example_dags/example_branch_datetime_operator.py
[2024-11-26T14:39:35.216-0600] {processor.py:925} INFO - DAG(s) 'example_branch_datetime_operator_3', 'example_branch_datetime_operator_2', 'example_branch_datetime_operator' retrieved from /Users/beprathap/PycharmProjects/YouTube-airflow/airflow-venv/lib/python3.8/site-packages/airflow/example_dags/example_branch_datetime_operator.py
[2024-11-26T14:39:35.255-0600] {logging_mixin.py:190} INFO - [2024-11-26T14:39:35.255-0600] {dag.py:3239} INFO - Sync 3 DAGs
[2024-11-26T14:39:35.262-0600] {logging_mixin.py:190} INFO - [2024-11-26T14:39:35.262-0600] {dag.py:4180} INFO - Setting next_dagrun for example_branch_datetime_operator to 2024-11-25 00:00:00+00:00, run_after=2024-11-26 00:00:00+00:00
[2024-11-26T14:39:35.263-0600] {logging_mixin.py:190} INFO - [2024-11-26T14:39:35.263-0600] {dag.py:4180} INFO - Setting next_dagrun for example_branch_datetime_operator_2 to 2024-11-25 00:00:00+00:00, run_after=2024-11-26 00:00:00+00:00
[2024-11-26T14:39:35.264-0600] {logging_mixin.py:190} INFO - [2024-11-26T14:39:35.264-0600] {dag.py:4180} INFO - Setting next_dagrun for example_branch_datetime_operator_3 to 2024-11-25 00:00:00+00:00, run_after=2024-11-26 00:00:00+00:00
[2024-11-26T14:39:35.269-0600] {processor.py:208} INFO - Processing /Users/beprathap/PycharmProjects/YouTube-airflow/airflow-venv/lib/python3.8/site-packages/airflow/example_dags/example_branch_datetime_operator.py took 0.060 seconds
[2024-11-26T14:41:46.852-0600] {processor.py:186} INFO - Started process (PID=20153) to work on /Users/beprathap/PycharmProjects/YouTube-airflow/airflow-venv/lib/python3.8/site-packages/airflow/example_dags/example_branch_datetime_operator.py
[2024-11-26T14:41:46.852-0600] {processor.py:914} INFO - Processing file /Users/beprathap/PycharmProjects/YouTube-airflow/airflow-venv/lib/python3.8/site-packages/airflow/example_dags/example_branch_datetime_operator.py for tasks to queue
[2024-11-26T14:41:46.853-0600] {logging_mixin.py:190} INFO - [2024-11-26T14:41:46.852-0600] {dagbag.py:588} INFO - Filling up the DagBag from /Users/beprathap/PycharmProjects/YouTube-airflow/airflow-venv/lib/python3.8/site-packages/airflow/example_dags/example_branch_datetime_operator.py
[2024-11-26T14:41:46.857-0600] {processor.py:925} INFO - DAG(s) 'example_branch_datetime_operator_2', 'example_branch_datetime_operator', 'example_branch_datetime_operator_3' retrieved from /Users/beprathap/PycharmProjects/YouTube-airflow/airflow-venv/lib/python3.8/site-packages/airflow/example_dags/example_branch_datetime_operator.py
[2024-11-26T14:41:46.893-0600] {logging_mixin.py:190} INFO - [2024-11-26T14:41:46.893-0600] {dag.py:3239} INFO - Sync 3 DAGs
[2024-11-26T14:41:46.900-0600] {logging_mixin.py:190} INFO - [2024-11-26T14:41:46.900-0600] {dag.py:4180} INFO - Setting next_dagrun for example_branch_datetime_operator to 2024-11-25 00:00:00+00:00, run_after=2024-11-26 00:00:00+00:00
[2024-11-26T14:41:46.901-0600] {logging_mixin.py:190} INFO - [2024-11-26T14:41:46.901-0600] {dag.py:4180} INFO - Setting next_dagrun for example_branch_datetime_operator_2 to 2024-11-25 00:00:00+00:00, run_after=2024-11-26 00:00:00+00:00
[2024-11-26T14:41:46.902-0600] {logging_mixin.py:190} INFO - [2024-11-26T14:41:46.902-0600] {dag.py:4180} INFO - Setting next_dagrun for example_branch_datetime_operator_3 to 2024-11-25 00:00:00+00:00, run_after=2024-11-26 00:00:00+00:00
[2024-11-26T14:41:46.906-0600] {processor.py:208} INFO - Processing /Users/beprathap/PycharmProjects/YouTube-airflow/airflow-venv/lib/python3.8/site-packages/airflow/example_dags/example_branch_datetime_operator.py took 0.056 seconds
[2024-11-26T14:43:59.086-0600] {processor.py:186} INFO - Started process (PID=20399) to work on /Users/beprathap/PycharmProjects/YouTube-airflow/airflow-venv/lib/python3.8/site-packages/airflow/example_dags/example_branch_datetime_operator.py
[2024-11-26T14:43:59.087-0600] {processor.py:914} INFO - Processing file /Users/beprathap/PycharmProjects/YouTube-airflow/airflow-venv/lib/python3.8/site-packages/airflow/example_dags/example_branch_datetime_operator.py for tasks to queue
[2024-11-26T14:43:59.087-0600] {logging_mixin.py:190} INFO - [2024-11-26T14:43:59.087-0600] {dagbag.py:588} INFO - Filling up the DagBag from /Users/beprathap/PycharmProjects/YouTube-airflow/airflow-venv/lib/python3.8/site-packages/airflow/example_dags/example_branch_datetime_operator.py
[2024-11-26T14:43:59.091-0600] {processor.py:925} INFO - DAG(s) 'example_branch_datetime_operator', 'example_branch_datetime_operator_2', 'example_branch_datetime_operator_3' retrieved from /Users/beprathap/PycharmProjects/YouTube-airflow/airflow-venv/lib/python3.8/site-packages/airflow/example_dags/example_branch_datetime_operator.py
[2024-11-26T14:43:59.127-0600] {logging_mixin.py:190} INFO - [2024-11-26T14:43:59.127-0600] {dag.py:3239} INFO - Sync 3 DAGs
[2024-11-26T14:43:59.134-0600] {logging_mixin.py:190} INFO - [2024-11-26T14:43:59.134-0600] {dag.py:4180} INFO - Setting next_dagrun for example_branch_datetime_operator to 2024-11-25 00:00:00+00:00, run_after=2024-11-26 00:00:00+00:00
[2024-11-26T14:43:59.135-0600] {logging_mixin.py:190} INFO - [2024-11-26T14:43:59.135-0600] {dag.py:4180} INFO - Setting next_dagrun for example_branch_datetime_operator_2 to 2024-11-25 00:00:00+00:00, run_after=2024-11-26 00:00:00+00:00
[2024-11-26T14:43:59.136-0600] {logging_mixin.py:190} INFO - [2024-11-26T14:43:59.136-0600] {dag.py:4180} INFO - Setting next_dagrun for example_branch_datetime_operator_3 to 2024-11-25 00:00:00+00:00, run_after=2024-11-26 00:00:00+00:00
[2024-11-26T14:43:59.141-0600] {processor.py:208} INFO - Processing /Users/beprathap/PycharmProjects/YouTube-airflow/airflow-venv/lib/python3.8/site-packages/airflow/example_dags/example_branch_datetime_operator.py took 0.056 seconds
[2024-11-26T14:46:12.010-0600] {processor.py:186} INFO - Started process (PID=20664) to work on /Users/beprathap/PycharmProjects/YouTube-airflow/airflow-venv/lib/python3.8/site-packages/airflow/example_dags/example_branch_datetime_operator.py
[2024-11-26T14:46:12.011-0600] {processor.py:914} INFO - Processing file /Users/beprathap/PycharmProjects/YouTube-airflow/airflow-venv/lib/python3.8/site-packages/airflow/example_dags/example_branch_datetime_operator.py for tasks to queue
[2024-11-26T14:46:12.011-0600] {logging_mixin.py:190} INFO - [2024-11-26T14:46:12.011-0600] {dagbag.py:588} INFO - Filling up the DagBag from /Users/beprathap/PycharmProjects/YouTube-airflow/airflow-venv/lib/python3.8/site-packages/airflow/example_dags/example_branch_datetime_operator.py
[2024-11-26T14:46:12.015-0600] {processor.py:925} INFO - DAG(s) 'example_branch_datetime_operator_2', 'example_branch_datetime_operator_3', 'example_branch_datetime_operator' retrieved from /Users/beprathap/PycharmProjects/YouTube-airflow/airflow-venv/lib/python3.8/site-packages/airflow/example_dags/example_branch_datetime_operator.py
[2024-11-26T14:46:12.053-0600] {logging_mixin.py:190} INFO - [2024-11-26T14:46:12.053-0600] {dag.py:3239} INFO - Sync 3 DAGs
[2024-11-26T14:46:12.059-0600] {logging_mixin.py:190} INFO - [2024-11-26T14:46:12.059-0600] {dag.py:4180} INFO - Setting next_dagrun for example_branch_datetime_operator to 2024-11-25 00:00:00+00:00, run_after=2024-11-26 00:00:00+00:00
[2024-11-26T14:46:12.061-0600] {logging_mixin.py:190} INFO - [2024-11-26T14:46:12.061-0600] {dag.py:4180} INFO - Setting next_dagrun for example_branch_datetime_operator_2 to 2024-11-25 00:00:00+00:00, run_after=2024-11-26 00:00:00+00:00
[2024-11-26T14:46:12.061-0600] {logging_mixin.py:190} INFO - [2024-11-26T14:46:12.061-0600] {dag.py:4180} INFO - Setting next_dagrun for example_branch_datetime_operator_3 to 2024-11-25 00:00:00+00:00, run_after=2024-11-26 00:00:00+00:00
[2024-11-26T14:46:12.066-0600] {processor.py:208} INFO - Processing /Users/beprathap/PycharmProjects/YouTube-airflow/airflow-venv/lib/python3.8/site-packages/airflow/example_dags/example_branch_datetime_operator.py took 0.057 seconds
[2024-11-26T14:48:26.244-0600] {processor.py:186} INFO - Started process (PID=20925) to work on /Users/beprathap/PycharmProjects/YouTube-airflow/airflow-venv/lib/python3.8/site-packages/airflow/example_dags/example_branch_datetime_operator.py
[2024-11-26T14:48:26.244-0600] {processor.py:914} INFO - Processing file /Users/beprathap/PycharmProjects/YouTube-airflow/airflow-venv/lib/python3.8/site-packages/airflow/example_dags/example_branch_datetime_operator.py for tasks to queue
[2024-11-26T14:48:26.245-0600] {logging_mixin.py:190} INFO - [2024-11-26T14:48:26.245-0600] {dagbag.py:588} INFO - Filling up the DagBag from /Users/beprathap/PycharmProjects/YouTube-airflow/airflow-venv/lib/python3.8/site-packages/airflow/example_dags/example_branch_datetime_operator.py
[2024-11-26T14:48:26.249-0600] {processor.py:925} INFO - DAG(s) 'example_branch_datetime_operator_3', 'example_branch_datetime_operator_2', 'example_branch_datetime_operator' retrieved from /Users/beprathap/PycharmProjects/YouTube-airflow/airflow-venv/lib/python3.8/site-packages/airflow/example_dags/example_branch_datetime_operator.py
[2024-11-26T14:48:26.286-0600] {logging_mixin.py:190} INFO - [2024-11-26T14:48:26.285-0600] {dag.py:3239} INFO - Sync 3 DAGs
[2024-11-26T14:48:26.292-0600] {logging_mixin.py:190} INFO - [2024-11-26T14:48:26.292-0600] {dag.py:4180} INFO - Setting next_dagrun for example_branch_datetime_operator to 2024-11-25 00:00:00+00:00, run_after=2024-11-26 00:00:00+00:00
[2024-11-26T14:48:26.294-0600] {logging_mixin.py:190} INFO - [2024-11-26T14:48:26.293-0600] {dag.py:4180} INFO - Setting next_dagrun for example_branch_datetime_operator_2 to 2024-11-25 00:00:00+00:00, run_after=2024-11-26 00:00:00+00:00
[2024-11-26T14:48:26.294-0600] {logging_mixin.py:190} INFO - [2024-11-26T14:48:26.294-0600] {dag.py:4180} INFO - Setting next_dagrun for example_branch_datetime_operator_3 to 2024-11-25 00:00:00+00:00, run_after=2024-11-26 00:00:00+00:00
[2024-11-26T14:48:26.299-0600] {processor.py:208} INFO - Processing /Users/beprathap/PycharmProjects/YouTube-airflow/airflow-venv/lib/python3.8/site-packages/airflow/example_dags/example_branch_datetime_operator.py took 0.056 seconds
[2024-11-26T15:02:33.273-0600] {processor.py:186} INFO - Started process (PID=21481) to work on /Library/Frameworks/Python.framework/Versions/3.8/lib/python3.8/site-packages/airflow/example_dags/example_branch_datetime_operator.py
[2024-11-26T15:02:33.274-0600] {processor.py:914} INFO - Processing file /Library/Frameworks/Python.framework/Versions/3.8/lib/python3.8/site-packages/airflow/example_dags/example_branch_datetime_operator.py for tasks to queue
[2024-11-26T15:02:33.274-0600] {logging_mixin.py:190} INFO - [2024-11-26T15:02:33.274-0600] {dagbag.py:588} INFO - Filling up the DagBag from /Library/Frameworks/Python.framework/Versions/3.8/lib/python3.8/site-packages/airflow/example_dags/example_branch_datetime_operator.py
[2024-11-26T15:02:33.278-0600] {processor.py:925} INFO - DAG(s) 'example_branch_datetime_operator_2', 'example_branch_datetime_operator_3', 'example_branch_datetime_operator' retrieved from /Library/Frameworks/Python.framework/Versions/3.8/lib/python3.8/site-packages/airflow/example_dags/example_branch_datetime_operator.py
[2024-11-26T15:02:33.351-0600] {logging_mixin.py:190} INFO - [2024-11-26T15:02:33.350-0600] {dag.py:3239} INFO - Sync 3 DAGs
[2024-11-26T15:02:33.357-0600] {logging_mixin.py:190} INFO - [2024-11-26T15:02:33.357-0600] {dag.py:4180} INFO - Setting next_dagrun for example_branch_datetime_operator to 2024-11-25 00:00:00+00:00, run_after=2024-11-26 00:00:00+00:00
[2024-11-26T15:02:33.358-0600] {logging_mixin.py:190} INFO - [2024-11-26T15:02:33.358-0600] {dag.py:4180} INFO - Setting next_dagrun for example_branch_datetime_operator_2 to 2024-11-25 00:00:00+00:00, run_after=2024-11-26 00:00:00+00:00
[2024-11-26T15:02:33.359-0600] {logging_mixin.py:190} INFO - [2024-11-26T15:02:33.359-0600] {dag.py:4180} INFO - Setting next_dagrun for example_branch_datetime_operator_3 to 2024-11-25 00:00:00+00:00, run_after=2024-11-26 00:00:00+00:00
[2024-11-26T15:02:33.364-0600] {processor.py:208} INFO - Processing /Library/Frameworks/Python.framework/Versions/3.8/lib/python3.8/site-packages/airflow/example_dags/example_branch_datetime_operator.py took 0.093 seconds
[2024-11-26T15:04:55.385-0600] {processor.py:186} INFO - Started process (PID=21733) to work on /Library/Frameworks/Python.framework/Versions/3.8/lib/python3.8/site-packages/airflow/example_dags/example_branch_datetime_operator.py
[2024-11-26T15:04:55.385-0600] {processor.py:914} INFO - Processing file /Library/Frameworks/Python.framework/Versions/3.8/lib/python3.8/site-packages/airflow/example_dags/example_branch_datetime_operator.py for tasks to queue
[2024-11-26T15:04:55.385-0600] {logging_mixin.py:190} INFO - [2024-11-26T15:04:55.385-0600] {dagbag.py:588} INFO - Filling up the DagBag from /Library/Frameworks/Python.framework/Versions/3.8/lib/python3.8/site-packages/airflow/example_dags/example_branch_datetime_operator.py
[2024-11-26T15:04:55.389-0600] {processor.py:925} INFO - DAG(s) 'example_branch_datetime_operator', 'example_branch_datetime_operator_3', 'example_branch_datetime_operator_2' retrieved from /Library/Frameworks/Python.framework/Versions/3.8/lib/python3.8/site-packages/airflow/example_dags/example_branch_datetime_operator.py
[2024-11-26T15:04:55.426-0600] {logging_mixin.py:190} INFO - [2024-11-26T15:04:55.426-0600] {dag.py:3239} INFO - Sync 3 DAGs
[2024-11-26T15:04:55.432-0600] {logging_mixin.py:190} INFO - [2024-11-26T15:04:55.432-0600] {dag.py:4180} INFO - Setting next_dagrun for example_branch_datetime_operator to 2024-11-25 00:00:00+00:00, run_after=2024-11-26 00:00:00+00:00
[2024-11-26T15:04:55.434-0600] {logging_mixin.py:190} INFO - [2024-11-26T15:04:55.434-0600] {dag.py:4180} INFO - Setting next_dagrun for example_branch_datetime_operator_2 to 2024-11-25 00:00:00+00:00, run_after=2024-11-26 00:00:00+00:00
[2024-11-26T15:04:55.434-0600] {logging_mixin.py:190} INFO - [2024-11-26T15:04:55.434-0600] {dag.py:4180} INFO - Setting next_dagrun for example_branch_datetime_operator_3 to 2024-11-25 00:00:00+00:00, run_after=2024-11-26 00:00:00+00:00
[2024-11-26T15:04:55.439-0600] {processor.py:208} INFO - Processing /Library/Frameworks/Python.framework/Versions/3.8/lib/python3.8/site-packages/airflow/example_dags/example_branch_datetime_operator.py took 0.055 seconds
[2024-11-26T15:07:16.226-0600] {processor.py:186} INFO - Started process (PID=22005) to work on /Library/Frameworks/Python.framework/Versions/3.8/lib/python3.8/site-packages/airflow/example_dags/example_branch_datetime_operator.py
[2024-11-26T15:07:16.226-0600] {processor.py:914} INFO - Processing file /Library/Frameworks/Python.framework/Versions/3.8/lib/python3.8/site-packages/airflow/example_dags/example_branch_datetime_operator.py for tasks to queue
[2024-11-26T15:07:16.226-0600] {logging_mixin.py:190} INFO - [2024-11-26T15:07:16.226-0600] {dagbag.py:588} INFO - Filling up the DagBag from /Library/Frameworks/Python.framework/Versions/3.8/lib/python3.8/site-packages/airflow/example_dags/example_branch_datetime_operator.py
[2024-11-26T15:07:16.230-0600] {processor.py:925} INFO - DAG(s) 'example_branch_datetime_operator', 'example_branch_datetime_operator_3', 'example_branch_datetime_operator_2' retrieved from /Library/Frameworks/Python.framework/Versions/3.8/lib/python3.8/site-packages/airflow/example_dags/example_branch_datetime_operator.py
[2024-11-26T15:07:16.267-0600] {logging_mixin.py:190} INFO - [2024-11-26T15:07:16.267-0600] {dag.py:3239} INFO - Sync 3 DAGs
[2024-11-26T15:07:16.274-0600] {logging_mixin.py:190} INFO - [2024-11-26T15:07:16.274-0600] {dag.py:4180} INFO - Setting next_dagrun for example_branch_datetime_operator to 2024-11-25 00:00:00+00:00, run_after=2024-11-26 00:00:00+00:00
[2024-11-26T15:07:16.275-0600] {logging_mixin.py:190} INFO - [2024-11-26T15:07:16.275-0600] {dag.py:4180} INFO - Setting next_dagrun for example_branch_datetime_operator_2 to 2024-11-25 00:00:00+00:00, run_after=2024-11-26 00:00:00+00:00
[2024-11-26T15:07:16.276-0600] {logging_mixin.py:190} INFO - [2024-11-26T15:07:16.276-0600] {dag.py:4180} INFO - Setting next_dagrun for example_branch_datetime_operator_3 to 2024-11-25 00:00:00+00:00, run_after=2024-11-26 00:00:00+00:00
[2024-11-26T15:07:16.280-0600] {processor.py:208} INFO - Processing /Library/Frameworks/Python.framework/Versions/3.8/lib/python3.8/site-packages/airflow/example_dags/example_branch_datetime_operator.py took 0.056 seconds
[2024-11-26T15:17:32.023-0600] {processor.py:186} INFO - Started process (PID=22482) to work on /Library/Frameworks/Python.framework/Versions/3.8/lib/python3.8/site-packages/airflow/example_dags/example_branch_datetime_operator.py
[2024-11-26T15:17:32.024-0600] {processor.py:914} INFO - Processing file /Library/Frameworks/Python.framework/Versions/3.8/lib/python3.8/site-packages/airflow/example_dags/example_branch_datetime_operator.py for tasks to queue
[2024-11-26T15:17:32.024-0600] {logging_mixin.py:190} INFO - [2024-11-26T15:17:32.024-0600] {dagbag.py:588} INFO - Filling up the DagBag from /Library/Frameworks/Python.framework/Versions/3.8/lib/python3.8/site-packages/airflow/example_dags/example_branch_datetime_operator.py
[2024-11-26T15:17:32.029-0600] {processor.py:925} INFO - DAG(s) 'example_branch_datetime_operator_3', 'example_branch_datetime_operator_2', 'example_branch_datetime_operator' retrieved from /Library/Frameworks/Python.framework/Versions/3.8/lib/python3.8/site-packages/airflow/example_dags/example_branch_datetime_operator.py
[2024-11-26T15:17:32.065-0600] {logging_mixin.py:190} INFO - [2024-11-26T15:17:32.065-0600] {dag.py:3239} INFO - Sync 3 DAGs
[2024-11-26T15:17:32.071-0600] {logging_mixin.py:190} INFO - [2024-11-26T15:17:32.071-0600] {dag.py:4180} INFO - Setting next_dagrun for example_branch_datetime_operator to 2024-11-25 00:00:00+00:00, run_after=2024-11-26 00:00:00+00:00
[2024-11-26T15:17:32.073-0600] {logging_mixin.py:190} INFO - [2024-11-26T15:17:32.073-0600] {dag.py:4180} INFO - Setting next_dagrun for example_branch_datetime_operator_2 to 2024-11-25 00:00:00+00:00, run_after=2024-11-26 00:00:00+00:00
[2024-11-26T15:17:32.074-0600] {logging_mixin.py:190} INFO - [2024-11-26T15:17:32.073-0600] {dag.py:4180} INFO - Setting next_dagrun for example_branch_datetime_operator_3 to 2024-11-25 00:00:00+00:00, run_after=2024-11-26 00:00:00+00:00
[2024-11-26T15:17:32.078-0600] {processor.py:208} INFO - Processing /Library/Frameworks/Python.framework/Versions/3.8/lib/python3.8/site-packages/airflow/example_dags/example_branch_datetime_operator.py took 0.057 seconds
[2024-11-26T15:19:48.053-0600] {processor.py:186} INFO - Started process (PID=22744) to work on /Library/Frameworks/Python.framework/Versions/3.8/lib/python3.8/site-packages/airflow/example_dags/example_branch_datetime_operator.py
[2024-11-26T15:19:48.053-0600] {processor.py:914} INFO - Processing file /Library/Frameworks/Python.framework/Versions/3.8/lib/python3.8/site-packages/airflow/example_dags/example_branch_datetime_operator.py for tasks to queue
[2024-11-26T15:19:48.054-0600] {logging_mixin.py:190} INFO - [2024-11-26T15:19:48.054-0600] {dagbag.py:588} INFO - Filling up the DagBag from /Library/Frameworks/Python.framework/Versions/3.8/lib/python3.8/site-packages/airflow/example_dags/example_branch_datetime_operator.py
[2024-11-26T15:19:48.058-0600] {processor.py:925} INFO - DAG(s) 'example_branch_datetime_operator', 'example_branch_datetime_operator_3', 'example_branch_datetime_operator_2' retrieved from /Library/Frameworks/Python.framework/Versions/3.8/lib/python3.8/site-packages/airflow/example_dags/example_branch_datetime_operator.py
[2024-11-26T15:19:48.093-0600] {logging_mixin.py:190} INFO - [2024-11-26T15:19:48.093-0600] {dag.py:3239} INFO - Sync 3 DAGs
[2024-11-26T15:19:48.100-0600] {logging_mixin.py:190} INFO - [2024-11-26T15:19:48.100-0600] {dag.py:4180} INFO - Setting next_dagrun for example_branch_datetime_operator to 2024-11-25 00:00:00+00:00, run_after=2024-11-26 00:00:00+00:00
[2024-11-26T15:19:48.101-0600] {logging_mixin.py:190} INFO - [2024-11-26T15:19:48.101-0600] {dag.py:4180} INFO - Setting next_dagrun for example_branch_datetime_operator_2 to 2024-11-25 00:00:00+00:00, run_after=2024-11-26 00:00:00+00:00
[2024-11-26T15:19:48.102-0600] {logging_mixin.py:190} INFO - [2024-11-26T15:19:48.102-0600] {dag.py:4180} INFO - Setting next_dagrun for example_branch_datetime_operator_3 to 2024-11-25 00:00:00+00:00, run_after=2024-11-26 00:00:00+00:00
[2024-11-26T15:19:48.106-0600] {processor.py:208} INFO - Processing /Library/Frameworks/Python.framework/Versions/3.8/lib/python3.8/site-packages/airflow/example_dags/example_branch_datetime_operator.py took 0.055 seconds
[2024-11-26T15:21:59.247-0600] {processor.py:186} INFO - Started process (PID=23009) to work on /Library/Frameworks/Python.framework/Versions/3.8/lib/python3.8/site-packages/airflow/example_dags/example_branch_datetime_operator.py
[2024-11-26T15:21:59.248-0600] {processor.py:914} INFO - Processing file /Library/Frameworks/Python.framework/Versions/3.8/lib/python3.8/site-packages/airflow/example_dags/example_branch_datetime_operator.py for tasks to queue
[2024-11-26T15:21:59.248-0600] {logging_mixin.py:190} INFO - [2024-11-26T15:21:59.248-0600] {dagbag.py:588} INFO - Filling up the DagBag from /Library/Frameworks/Python.framework/Versions/3.8/lib/python3.8/site-packages/airflow/example_dags/example_branch_datetime_operator.py
[2024-11-26T15:21:59.252-0600] {processor.py:925} INFO - DAG(s) 'example_branch_datetime_operator_2', 'example_branch_datetime_operator_3', 'example_branch_datetime_operator' retrieved from /Library/Frameworks/Python.framework/Versions/3.8/lib/python3.8/site-packages/airflow/example_dags/example_branch_datetime_operator.py
[2024-11-26T15:21:59.290-0600] {logging_mixin.py:190} INFO - [2024-11-26T15:21:59.290-0600] {dag.py:3239} INFO - Sync 3 DAGs
[2024-11-26T15:21:59.296-0600] {logging_mixin.py:190} INFO - [2024-11-26T15:21:59.296-0600] {dag.py:4180} INFO - Setting next_dagrun for example_branch_datetime_operator to 2024-11-25 00:00:00+00:00, run_after=2024-11-26 00:00:00+00:00
[2024-11-26T15:21:59.298-0600] {logging_mixin.py:190} INFO - [2024-11-26T15:21:59.298-0600] {dag.py:4180} INFO - Setting next_dagrun for example_branch_datetime_operator_2 to 2024-11-25 00:00:00+00:00, run_after=2024-11-26 00:00:00+00:00
[2024-11-26T15:21:59.298-0600] {logging_mixin.py:190} INFO - [2024-11-26T15:21:59.298-0600] {dag.py:4180} INFO - Setting next_dagrun for example_branch_datetime_operator_3 to 2024-11-25 00:00:00+00:00, run_after=2024-11-26 00:00:00+00:00
[2024-11-26T15:21:59.303-0600] {processor.py:208} INFO - Processing /Library/Frameworks/Python.framework/Versions/3.8/lib/python3.8/site-packages/airflow/example_dags/example_branch_datetime_operator.py took 0.057 seconds
[2024-11-26T15:34:26.270-0600] {processor.py:186} INFO - Started process (PID=23575) to work on /Library/Frameworks/Python.framework/Versions/3.8/lib/python3.8/site-packages/airflow/example_dags/example_branch_datetime_operator.py
[2024-11-26T15:34:26.271-0600] {processor.py:914} INFO - Processing file /Library/Frameworks/Python.framework/Versions/3.8/lib/python3.8/site-packages/airflow/example_dags/example_branch_datetime_operator.py for tasks to queue
[2024-11-26T15:34:26.272-0600] {logging_mixin.py:190} INFO - [2024-11-26T15:34:26.272-0600] {dagbag.py:588} INFO - Filling up the DagBag from /Library/Frameworks/Python.framework/Versions/3.8/lib/python3.8/site-packages/airflow/example_dags/example_branch_datetime_operator.py
[2024-11-26T15:34:26.276-0600] {processor.py:925} INFO - DAG(s) 'example_branch_datetime_operator_3', 'example_branch_datetime_operator', 'example_branch_datetime_operator_2' retrieved from /Library/Frameworks/Python.framework/Versions/3.8/lib/python3.8/site-packages/airflow/example_dags/example_branch_datetime_operator.py
[2024-11-26T15:34:26.312-0600] {logging_mixin.py:190} INFO - [2024-11-26T15:34:26.312-0600] {dag.py:3239} INFO - Sync 3 DAGs
[2024-11-26T15:34:26.318-0600] {logging_mixin.py:190} INFO - [2024-11-26T15:34:26.318-0600] {dag.py:4180} INFO - Setting next_dagrun for example_branch_datetime_operator to 2024-11-25 00:00:00+00:00, run_after=2024-11-26 00:00:00+00:00
[2024-11-26T15:34:26.319-0600] {logging_mixin.py:190} INFO - [2024-11-26T15:34:26.319-0600] {dag.py:4180} INFO - Setting next_dagrun for example_branch_datetime_operator_2 to 2024-11-25 00:00:00+00:00, run_after=2024-11-26 00:00:00+00:00
[2024-11-26T15:34:26.320-0600] {logging_mixin.py:190} INFO - [2024-11-26T15:34:26.320-0600] {dag.py:4180} INFO - Setting next_dagrun for example_branch_datetime_operator_3 to 2024-11-25 00:00:00+00:00, run_after=2024-11-26 00:00:00+00:00
[2024-11-26T15:34:26.325-0600] {processor.py:208} INFO - Processing /Library/Frameworks/Python.framework/Versions/3.8/lib/python3.8/site-packages/airflow/example_dags/example_branch_datetime_operator.py took 0.056 seconds
[2024-11-26T15:36:42.733-0600] {processor.py:186} INFO - Started process (PID=23839) to work on /Library/Frameworks/Python.framework/Versions/3.8/lib/python3.8/site-packages/airflow/example_dags/example_branch_datetime_operator.py
[2024-11-26T15:36:42.734-0600] {processor.py:914} INFO - Processing file /Library/Frameworks/Python.framework/Versions/3.8/lib/python3.8/site-packages/airflow/example_dags/example_branch_datetime_operator.py for tasks to queue
[2024-11-26T15:36:42.734-0600] {logging_mixin.py:190} INFO - [2024-11-26T15:36:42.734-0600] {dagbag.py:588} INFO - Filling up the DagBag from /Library/Frameworks/Python.framework/Versions/3.8/lib/python3.8/site-packages/airflow/example_dags/example_branch_datetime_operator.py
[2024-11-26T15:36:42.739-0600] {processor.py:925} INFO - DAG(s) 'example_branch_datetime_operator', 'example_branch_datetime_operator_3', 'example_branch_datetime_operator_2' retrieved from /Library/Frameworks/Python.framework/Versions/3.8/lib/python3.8/site-packages/airflow/example_dags/example_branch_datetime_operator.py
[2024-11-26T15:36:42.775-0600] {logging_mixin.py:190} INFO - [2024-11-26T15:36:42.775-0600] {dag.py:3239} INFO - Sync 3 DAGs
[2024-11-26T15:36:42.781-0600] {logging_mixin.py:190} INFO - [2024-11-26T15:36:42.781-0600] {dag.py:4180} INFO - Setting next_dagrun for example_branch_datetime_operator to 2024-11-25 00:00:00+00:00, run_after=2024-11-26 00:00:00+00:00
[2024-11-26T15:36:42.783-0600] {logging_mixin.py:190} INFO - [2024-11-26T15:36:42.783-0600] {dag.py:4180} INFO - Setting next_dagrun for example_branch_datetime_operator_2 to 2024-11-25 00:00:00+00:00, run_after=2024-11-26 00:00:00+00:00
[2024-11-26T15:36:42.783-0600] {logging_mixin.py:190} INFO - [2024-11-26T15:36:42.783-0600] {dag.py:4180} INFO - Setting next_dagrun for example_branch_datetime_operator_3 to 2024-11-25 00:00:00+00:00, run_after=2024-11-26 00:00:00+00:00
[2024-11-26T15:36:42.788-0600] {processor.py:208} INFO - Processing /Library/Frameworks/Python.framework/Versions/3.8/lib/python3.8/site-packages/airflow/example_dags/example_branch_datetime_operator.py took 0.056 seconds
[2024-11-26T15:38:58.166-0600] {processor.py:186} INFO - Started process (PID=24095) to work on /Library/Frameworks/Python.framework/Versions/3.8/lib/python3.8/site-packages/airflow/example_dags/example_branch_datetime_operator.py
[2024-11-26T15:38:58.166-0600] {processor.py:914} INFO - Processing file /Library/Frameworks/Python.framework/Versions/3.8/lib/python3.8/site-packages/airflow/example_dags/example_branch_datetime_operator.py for tasks to queue
[2024-11-26T15:38:58.167-0600] {logging_mixin.py:190} INFO - [2024-11-26T15:38:58.167-0600] {dagbag.py:588} INFO - Filling up the DagBag from /Library/Frameworks/Python.framework/Versions/3.8/lib/python3.8/site-packages/airflow/example_dags/example_branch_datetime_operator.py
[2024-11-26T15:38:58.172-0600] {processor.py:925} INFO - DAG(s) 'example_branch_datetime_operator_3', 'example_branch_datetime_operator_2', 'example_branch_datetime_operator' retrieved from /Library/Frameworks/Python.framework/Versions/3.8/lib/python3.8/site-packages/airflow/example_dags/example_branch_datetime_operator.py
[2024-11-26T15:38:58.208-0600] {logging_mixin.py:190} INFO - [2024-11-26T15:38:58.208-0600] {dag.py:3239} INFO - Sync 3 DAGs
[2024-11-26T15:38:58.215-0600] {logging_mixin.py:190} INFO - [2024-11-26T15:38:58.215-0600] {dag.py:4180} INFO - Setting next_dagrun for example_branch_datetime_operator to 2024-11-25 00:00:00+00:00, run_after=2024-11-26 00:00:00+00:00
[2024-11-26T15:38:58.216-0600] {logging_mixin.py:190} INFO - [2024-11-26T15:38:58.216-0600] {dag.py:4180} INFO - Setting next_dagrun for example_branch_datetime_operator_2 to 2024-11-25 00:00:00+00:00, run_after=2024-11-26 00:00:00+00:00
[2024-11-26T15:38:58.217-0600] {logging_mixin.py:190} INFO - [2024-11-26T15:38:58.217-0600] {dag.py:4180} INFO - Setting next_dagrun for example_branch_datetime_operator_3 to 2024-11-25 00:00:00+00:00, run_after=2024-11-26 00:00:00+00:00
[2024-11-26T15:38:58.221-0600] {processor.py:208} INFO - Processing /Library/Frameworks/Python.framework/Versions/3.8/lib/python3.8/site-packages/airflow/example_dags/example_branch_datetime_operator.py took 0.057 seconds
[2024-11-26T15:41:14.312-0600] {processor.py:186} INFO - Started process (PID=24354) to work on /Library/Frameworks/Python.framework/Versions/3.8/lib/python3.8/site-packages/airflow/example_dags/example_branch_datetime_operator.py
[2024-11-26T15:41:14.313-0600] {processor.py:914} INFO - Processing file /Library/Frameworks/Python.framework/Versions/3.8/lib/python3.8/site-packages/airflow/example_dags/example_branch_datetime_operator.py for tasks to queue
[2024-11-26T15:41:14.313-0600] {logging_mixin.py:190} INFO - [2024-11-26T15:41:14.313-0600] {dagbag.py:588} INFO - Filling up the DagBag from /Library/Frameworks/Python.framework/Versions/3.8/lib/python3.8/site-packages/airflow/example_dags/example_branch_datetime_operator.py
[2024-11-26T15:41:14.318-0600] {processor.py:925} INFO - DAG(s) 'example_branch_datetime_operator_2', 'example_branch_datetime_operator_3', 'example_branch_datetime_operator' retrieved from /Library/Frameworks/Python.framework/Versions/3.8/lib/python3.8/site-packages/airflow/example_dags/example_branch_datetime_operator.py
[2024-11-26T15:41:14.355-0600] {logging_mixin.py:190} INFO - [2024-11-26T15:41:14.354-0600] {dag.py:3239} INFO - Sync 3 DAGs
[2024-11-26T15:41:14.361-0600] {logging_mixin.py:190} INFO - [2024-11-26T15:41:14.361-0600] {dag.py:4180} INFO - Setting next_dagrun for example_branch_datetime_operator to 2024-11-25 00:00:00+00:00, run_after=2024-11-26 00:00:00+00:00
[2024-11-26T15:41:14.362-0600] {logging_mixin.py:190} INFO - [2024-11-26T15:41:14.362-0600] {dag.py:4180} INFO - Setting next_dagrun for example_branch_datetime_operator_2 to 2024-11-25 00:00:00+00:00, run_after=2024-11-26 00:00:00+00:00
[2024-11-26T15:41:14.363-0600] {logging_mixin.py:190} INFO - [2024-11-26T15:41:14.363-0600] {dag.py:4180} INFO - Setting next_dagrun for example_branch_datetime_operator_3 to 2024-11-25 00:00:00+00:00, run_after=2024-11-26 00:00:00+00:00
[2024-11-26T15:41:14.368-0600] {processor.py:208} INFO - Processing /Library/Frameworks/Python.framework/Versions/3.8/lib/python3.8/site-packages/airflow/example_dags/example_branch_datetime_operator.py took 0.057 seconds
[2024-11-26T15:43:30.336-0600] {processor.py:186} INFO - Started process (PID=24604) to work on /Library/Frameworks/Python.framework/Versions/3.8/lib/python3.8/site-packages/airflow/example_dags/example_branch_datetime_operator.py
[2024-11-26T15:43:30.336-0600] {processor.py:914} INFO - Processing file /Library/Frameworks/Python.framework/Versions/3.8/lib/python3.8/site-packages/airflow/example_dags/example_branch_datetime_operator.py for tasks to queue
[2024-11-26T15:43:30.337-0600] {logging_mixin.py:190} INFO - [2024-11-26T15:43:30.337-0600] {dagbag.py:588} INFO - Filling up the DagBag from /Library/Frameworks/Python.framework/Versions/3.8/lib/python3.8/site-packages/airflow/example_dags/example_branch_datetime_operator.py
[2024-11-26T15:43:30.341-0600] {processor.py:925} INFO - DAG(s) 'example_branch_datetime_operator', 'example_branch_datetime_operator_2', 'example_branch_datetime_operator_3' retrieved from /Library/Frameworks/Python.framework/Versions/3.8/lib/python3.8/site-packages/airflow/example_dags/example_branch_datetime_operator.py
[2024-11-26T15:43:30.377-0600] {logging_mixin.py:190} INFO - [2024-11-26T15:43:30.377-0600] {dag.py:3239} INFO - Sync 3 DAGs
[2024-11-26T15:43:30.384-0600] {logging_mixin.py:190} INFO - [2024-11-26T15:43:30.384-0600] {dag.py:4180} INFO - Setting next_dagrun for example_branch_datetime_operator to 2024-11-25 00:00:00+00:00, run_after=2024-11-26 00:00:00+00:00
[2024-11-26T15:43:30.385-0600] {logging_mixin.py:190} INFO - [2024-11-26T15:43:30.385-0600] {dag.py:4180} INFO - Setting next_dagrun for example_branch_datetime_operator_2 to 2024-11-25 00:00:00+00:00, run_after=2024-11-26 00:00:00+00:00
[2024-11-26T15:43:30.386-0600] {logging_mixin.py:190} INFO - [2024-11-26T15:43:30.386-0600] {dag.py:4180} INFO - Setting next_dagrun for example_branch_datetime_operator_3 to 2024-11-25 00:00:00+00:00, run_after=2024-11-26 00:00:00+00:00
[2024-11-26T15:43:30.391-0600] {processor.py:208} INFO - Processing /Library/Frameworks/Python.framework/Versions/3.8/lib/python3.8/site-packages/airflow/example_dags/example_branch_datetime_operator.py took 0.056 seconds
[2024-11-26T15:45:46.238-0600] {processor.py:186} INFO - Started process (PID=24855) to work on /Library/Frameworks/Python.framework/Versions/3.8/lib/python3.8/site-packages/airflow/example_dags/example_branch_datetime_operator.py
[2024-11-26T15:45:46.239-0600] {processor.py:914} INFO - Processing file /Library/Frameworks/Python.framework/Versions/3.8/lib/python3.8/site-packages/airflow/example_dags/example_branch_datetime_operator.py for tasks to queue
[2024-11-26T15:45:46.239-0600] {logging_mixin.py:190} INFO - [2024-11-26T15:45:46.239-0600] {dagbag.py:588} INFO - Filling up the DagBag from /Library/Frameworks/Python.framework/Versions/3.8/lib/python3.8/site-packages/airflow/example_dags/example_branch_datetime_operator.py
[2024-11-26T15:45:46.244-0600] {processor.py:925} INFO - DAG(s) 'example_branch_datetime_operator_2', 'example_branch_datetime_operator', 'example_branch_datetime_operator_3' retrieved from /Library/Frameworks/Python.framework/Versions/3.8/lib/python3.8/site-packages/airflow/example_dags/example_branch_datetime_operator.py
[2024-11-26T15:45:46.281-0600] {logging_mixin.py:190} INFO - [2024-11-26T15:45:46.280-0600] {dag.py:3239} INFO - Sync 3 DAGs
[2024-11-26T15:45:46.287-0600] {logging_mixin.py:190} INFO - [2024-11-26T15:45:46.287-0600] {dag.py:4180} INFO - Setting next_dagrun for example_branch_datetime_operator to 2024-11-25 00:00:00+00:00, run_after=2024-11-26 00:00:00+00:00
[2024-11-26T15:45:46.289-0600] {logging_mixin.py:190} INFO - [2024-11-26T15:45:46.289-0600] {dag.py:4180} INFO - Setting next_dagrun for example_branch_datetime_operator_2 to 2024-11-25 00:00:00+00:00, run_after=2024-11-26 00:00:00+00:00
[2024-11-26T15:45:46.289-0600] {logging_mixin.py:190} INFO - [2024-11-26T15:45:46.289-0600] {dag.py:4180} INFO - Setting next_dagrun for example_branch_datetime_operator_3 to 2024-11-25 00:00:00+00:00, run_after=2024-11-26 00:00:00+00:00
[2024-11-26T15:45:46.294-0600] {processor.py:208} INFO - Processing /Library/Frameworks/Python.framework/Versions/3.8/lib/python3.8/site-packages/airflow/example_dags/example_branch_datetime_operator.py took 0.057 seconds
[2024-11-26T15:47:57.542-0600] {processor.py:186} INFO - Started process (PID=25110) to work on /Library/Frameworks/Python.framework/Versions/3.8/lib/python3.8/site-packages/airflow/example_dags/example_branch_datetime_operator.py
[2024-11-26T15:47:57.542-0600] {processor.py:914} INFO - Processing file /Library/Frameworks/Python.framework/Versions/3.8/lib/python3.8/site-packages/airflow/example_dags/example_branch_datetime_operator.py for tasks to queue
[2024-11-26T15:47:57.542-0600] {logging_mixin.py:190} INFO - [2024-11-26T15:47:57.542-0600] {dagbag.py:588} INFO - Filling up the DagBag from /Library/Frameworks/Python.framework/Versions/3.8/lib/python3.8/site-packages/airflow/example_dags/example_branch_datetime_operator.py
[2024-11-26T15:47:57.546-0600] {processor.py:925} INFO - DAG(s) 'example_branch_datetime_operator_2', 'example_branch_datetime_operator_3', 'example_branch_datetime_operator' retrieved from /Library/Frameworks/Python.framework/Versions/3.8/lib/python3.8/site-packages/airflow/example_dags/example_branch_datetime_operator.py
[2024-11-26T15:47:57.583-0600] {logging_mixin.py:190} INFO - [2024-11-26T15:47:57.583-0600] {dag.py:3239} INFO - Sync 3 DAGs
[2024-11-26T15:47:57.590-0600] {logging_mixin.py:190} INFO - [2024-11-26T15:47:57.590-0600] {dag.py:4180} INFO - Setting next_dagrun for example_branch_datetime_operator to 2024-11-25 00:00:00+00:00, run_after=2024-11-26 00:00:00+00:00
[2024-11-26T15:47:57.591-0600] {logging_mixin.py:190} INFO - [2024-11-26T15:47:57.591-0600] {dag.py:4180} INFO - Setting next_dagrun for example_branch_datetime_operator_2 to 2024-11-25 00:00:00+00:00, run_after=2024-11-26 00:00:00+00:00
[2024-11-26T15:47:57.592-0600] {logging_mixin.py:190} INFO - [2024-11-26T15:47:57.592-0600] {dag.py:4180} INFO - Setting next_dagrun for example_branch_datetime_operator_3 to 2024-11-25 00:00:00+00:00, run_after=2024-11-26 00:00:00+00:00
[2024-11-26T15:47:57.597-0600] {processor.py:208} INFO - Processing /Library/Frameworks/Python.framework/Versions/3.8/lib/python3.8/site-packages/airflow/example_dags/example_branch_datetime_operator.py took 0.056 seconds
[2024-11-26T15:50:12.073-0600] {processor.py:186} INFO - Started process (PID=25367) to work on /Library/Frameworks/Python.framework/Versions/3.8/lib/python3.8/site-packages/airflow/example_dags/example_branch_datetime_operator.py
[2024-11-26T15:50:12.073-0600] {processor.py:914} INFO - Processing file /Library/Frameworks/Python.framework/Versions/3.8/lib/python3.8/site-packages/airflow/example_dags/example_branch_datetime_operator.py for tasks to queue
[2024-11-26T15:50:12.074-0600] {logging_mixin.py:190} INFO - [2024-11-26T15:50:12.074-0600] {dagbag.py:588} INFO - Filling up the DagBag from /Library/Frameworks/Python.framework/Versions/3.8/lib/python3.8/site-packages/airflow/example_dags/example_branch_datetime_operator.py
[2024-11-26T15:50:12.078-0600] {processor.py:925} INFO - DAG(s) 'example_branch_datetime_operator_3', 'example_branch_datetime_operator', 'example_branch_datetime_operator_2' retrieved from /Library/Frameworks/Python.framework/Versions/3.8/lib/python3.8/site-packages/airflow/example_dags/example_branch_datetime_operator.py
[2024-11-26T15:50:12.115-0600] {logging_mixin.py:190} INFO - [2024-11-26T15:50:12.115-0600] {dag.py:3239} INFO - Sync 3 DAGs
[2024-11-26T15:50:12.122-0600] {logging_mixin.py:190} INFO - [2024-11-26T15:50:12.122-0600] {dag.py:4180} INFO - Setting next_dagrun for example_branch_datetime_operator to 2024-11-25 00:00:00+00:00, run_after=2024-11-26 00:00:00+00:00
[2024-11-26T15:50:12.123-0600] {logging_mixin.py:190} INFO - [2024-11-26T15:50:12.123-0600] {dag.py:4180} INFO - Setting next_dagrun for example_branch_datetime_operator_2 to 2024-11-25 00:00:00+00:00, run_after=2024-11-26 00:00:00+00:00
[2024-11-26T15:50:12.124-0600] {logging_mixin.py:190} INFO - [2024-11-26T15:50:12.124-0600] {dag.py:4180} INFO - Setting next_dagrun for example_branch_datetime_operator_3 to 2024-11-25 00:00:00+00:00, run_after=2024-11-26 00:00:00+00:00
[2024-11-26T15:50:12.129-0600] {processor.py:208} INFO - Processing /Library/Frameworks/Python.framework/Versions/3.8/lib/python3.8/site-packages/airflow/example_dags/example_branch_datetime_operator.py took 0.057 seconds
[2024-11-26T15:52:24.698-0600] {processor.py:186} INFO - Started process (PID=25626) to work on /Library/Frameworks/Python.framework/Versions/3.8/lib/python3.8/site-packages/airflow/example_dags/example_branch_datetime_operator.py
[2024-11-26T15:52:24.699-0600] {processor.py:914} INFO - Processing file /Library/Frameworks/Python.framework/Versions/3.8/lib/python3.8/site-packages/airflow/example_dags/example_branch_datetime_operator.py for tasks to queue
[2024-11-26T15:52:24.700-0600] {logging_mixin.py:190} INFO - [2024-11-26T15:52:24.700-0600] {dagbag.py:588} INFO - Filling up the DagBag from /Library/Frameworks/Python.framework/Versions/3.8/lib/python3.8/site-packages/airflow/example_dags/example_branch_datetime_operator.py
[2024-11-26T15:52:24.704-0600] {processor.py:925} INFO - DAG(s) 'example_branch_datetime_operator_3', 'example_branch_datetime_operator_2', 'example_branch_datetime_operator' retrieved from /Library/Frameworks/Python.framework/Versions/3.8/lib/python3.8/site-packages/airflow/example_dags/example_branch_datetime_operator.py
[2024-11-26T15:52:24.741-0600] {logging_mixin.py:190} INFO - [2024-11-26T15:52:24.741-0600] {dag.py:3239} INFO - Sync 3 DAGs
[2024-11-26T15:52:24.748-0600] {logging_mixin.py:190} INFO - [2024-11-26T15:52:24.748-0600] {dag.py:4180} INFO - Setting next_dagrun for example_branch_datetime_operator to 2024-11-25 00:00:00+00:00, run_after=2024-11-26 00:00:00+00:00
[2024-11-26T15:52:24.750-0600] {logging_mixin.py:190} INFO - [2024-11-26T15:52:24.750-0600] {dag.py:4180} INFO - Setting next_dagrun for example_branch_datetime_operator_2 to 2024-11-25 00:00:00+00:00, run_after=2024-11-26 00:00:00+00:00
[2024-11-26T15:52:24.750-0600] {logging_mixin.py:190} INFO - [2024-11-26T15:52:24.750-0600] {dag.py:4180} INFO - Setting next_dagrun for example_branch_datetime_operator_3 to 2024-11-25 00:00:00+00:00, run_after=2024-11-26 00:00:00+00:00
[2024-11-26T15:52:24.755-0600] {processor.py:208} INFO - Processing /Library/Frameworks/Python.framework/Versions/3.8/lib/python3.8/site-packages/airflow/example_dags/example_branch_datetime_operator.py took 0.058 seconds
[2024-11-26T15:54:51.188-0600] {processor.py:186} INFO - Started process (PID=25893) to work on /Library/Frameworks/Python.framework/Versions/3.8/lib/python3.8/site-packages/airflow/example_dags/example_branch_datetime_operator.py
[2024-11-26T15:54:51.190-0600] {processor.py:914} INFO - Processing file /Library/Frameworks/Python.framework/Versions/3.8/lib/python3.8/site-packages/airflow/example_dags/example_branch_datetime_operator.py for tasks to queue
[2024-11-26T15:54:51.190-0600] {logging_mixin.py:190} INFO - [2024-11-26T15:54:51.190-0600] {dagbag.py:588} INFO - Filling up the DagBag from /Library/Frameworks/Python.framework/Versions/3.8/lib/python3.8/site-packages/airflow/example_dags/example_branch_datetime_operator.py
[2024-11-26T15:54:51.195-0600] {processor.py:925} INFO - DAG(s) 'example_branch_datetime_operator_3', 'example_branch_datetime_operator_2', 'example_branch_datetime_operator' retrieved from /Library/Frameworks/Python.framework/Versions/3.8/lib/python3.8/site-packages/airflow/example_dags/example_branch_datetime_operator.py
[2024-11-26T15:54:51.232-0600] {logging_mixin.py:190} INFO - [2024-11-26T15:54:51.232-0600] {dag.py:3239} INFO - Sync 3 DAGs
[2024-11-26T15:54:51.238-0600] {logging_mixin.py:190} INFO - [2024-11-26T15:54:51.238-0600] {dag.py:4180} INFO - Setting next_dagrun for example_branch_datetime_operator to 2024-11-25 00:00:00+00:00, run_after=2024-11-26 00:00:00+00:00
[2024-11-26T15:54:51.240-0600] {logging_mixin.py:190} INFO - [2024-11-26T15:54:51.240-0600] {dag.py:4180} INFO - Setting next_dagrun for example_branch_datetime_operator_2 to 2024-11-25 00:00:00+00:00, run_after=2024-11-26 00:00:00+00:00
[2024-11-26T15:54:51.241-0600] {logging_mixin.py:190} INFO - [2024-11-26T15:54:51.240-0600] {dag.py:4180} INFO - Setting next_dagrun for example_branch_datetime_operator_3 to 2024-11-25 00:00:00+00:00, run_after=2024-11-26 00:00:00+00:00
[2024-11-26T15:54:51.245-0600] {processor.py:208} INFO - Processing /Library/Frameworks/Python.framework/Versions/3.8/lib/python3.8/site-packages/airflow/example_dags/example_branch_datetime_operator.py took 0.058 seconds
[2024-11-26T15:57:10.010-0600] {processor.py:186} INFO - Started process (PID=26199) to work on /Library/Frameworks/Python.framework/Versions/3.8/lib/python3.8/site-packages/airflow/example_dags/example_branch_datetime_operator.py
[2024-11-26T15:57:10.011-0600] {processor.py:914} INFO - Processing file /Library/Frameworks/Python.framework/Versions/3.8/lib/python3.8/site-packages/airflow/example_dags/example_branch_datetime_operator.py for tasks to queue
[2024-11-26T15:57:10.011-0600] {logging_mixin.py:190} INFO - [2024-11-26T15:57:10.011-0600] {dagbag.py:588} INFO - Filling up the DagBag from /Library/Frameworks/Python.framework/Versions/3.8/lib/python3.8/site-packages/airflow/example_dags/example_branch_datetime_operator.py
[2024-11-26T15:57:10.016-0600] {processor.py:925} INFO - DAG(s) 'example_branch_datetime_operator', 'example_branch_datetime_operator_2', 'example_branch_datetime_operator_3' retrieved from /Library/Frameworks/Python.framework/Versions/3.8/lib/python3.8/site-packages/airflow/example_dags/example_branch_datetime_operator.py
[2024-11-26T15:57:10.053-0600] {logging_mixin.py:190} INFO - [2024-11-26T15:57:10.053-0600] {dag.py:3239} INFO - Sync 3 DAGs
[2024-11-26T15:57:10.059-0600] {logging_mixin.py:190} INFO - [2024-11-26T15:57:10.059-0600] {dag.py:4180} INFO - Setting next_dagrun for example_branch_datetime_operator to 2024-11-25 00:00:00+00:00, run_after=2024-11-26 00:00:00+00:00
[2024-11-26T15:57:10.061-0600] {logging_mixin.py:190} INFO - [2024-11-26T15:57:10.061-0600] {dag.py:4180} INFO - Setting next_dagrun for example_branch_datetime_operator_2 to 2024-11-25 00:00:00+00:00, run_after=2024-11-26 00:00:00+00:00
[2024-11-26T15:57:10.061-0600] {logging_mixin.py:190} INFO - [2024-11-26T15:57:10.061-0600] {dag.py:4180} INFO - Setting next_dagrun for example_branch_datetime_operator_3 to 2024-11-25 00:00:00+00:00, run_after=2024-11-26 00:00:00+00:00
[2024-11-26T15:57:10.066-0600] {processor.py:208} INFO - Processing /Library/Frameworks/Python.framework/Versions/3.8/lib/python3.8/site-packages/airflow/example_dags/example_branch_datetime_operator.py took 0.058 seconds
[2024-11-26T15:59:23.404-0600] {processor.py:186} INFO - Started process (PID=26466) to work on /Library/Frameworks/Python.framework/Versions/3.8/lib/python3.8/site-packages/airflow/example_dags/example_branch_datetime_operator.py
[2024-11-26T15:59:23.404-0600] {processor.py:914} INFO - Processing file /Library/Frameworks/Python.framework/Versions/3.8/lib/python3.8/site-packages/airflow/example_dags/example_branch_datetime_operator.py for tasks to queue
[2024-11-26T15:59:23.405-0600] {logging_mixin.py:190} INFO - [2024-11-26T15:59:23.405-0600] {dagbag.py:588} INFO - Filling up the DagBag from /Library/Frameworks/Python.framework/Versions/3.8/lib/python3.8/site-packages/airflow/example_dags/example_branch_datetime_operator.py
[2024-11-26T15:59:23.409-0600] {processor.py:925} INFO - DAG(s) 'example_branch_datetime_operator_2', 'example_branch_datetime_operator_3', 'example_branch_datetime_operator' retrieved from /Library/Frameworks/Python.framework/Versions/3.8/lib/python3.8/site-packages/airflow/example_dags/example_branch_datetime_operator.py
[2024-11-26T15:59:23.445-0600] {logging_mixin.py:190} INFO - [2024-11-26T15:59:23.445-0600] {dag.py:3239} INFO - Sync 3 DAGs
[2024-11-26T15:59:23.451-0600] {logging_mixin.py:190} INFO - [2024-11-26T15:59:23.451-0600] {dag.py:4180} INFO - Setting next_dagrun for example_branch_datetime_operator to 2024-11-25 00:00:00+00:00, run_after=2024-11-26 00:00:00+00:00
[2024-11-26T15:59:23.453-0600] {logging_mixin.py:190} INFO - [2024-11-26T15:59:23.453-0600] {dag.py:4180} INFO - Setting next_dagrun for example_branch_datetime_operator_2 to 2024-11-25 00:00:00+00:00, run_after=2024-11-26 00:00:00+00:00
[2024-11-26T15:59:23.453-0600] {logging_mixin.py:190} INFO - [2024-11-26T15:59:23.453-0600] {dag.py:4180} INFO - Setting next_dagrun for example_branch_datetime_operator_3 to 2024-11-25 00:00:00+00:00, run_after=2024-11-26 00:00:00+00:00
[2024-11-26T15:59:23.458-0600] {processor.py:208} INFO - Processing /Library/Frameworks/Python.framework/Versions/3.8/lib/python3.8/site-packages/airflow/example_dags/example_branch_datetime_operator.py took 0.056 seconds
[2024-11-26T16:01:38.982-0600] {processor.py:186} INFO - Started process (PID=26741) to work on /Library/Frameworks/Python.framework/Versions/3.8/lib/python3.8/site-packages/airflow/example_dags/example_branch_datetime_operator.py
[2024-11-26T16:01:38.983-0600] {processor.py:914} INFO - Processing file /Library/Frameworks/Python.framework/Versions/3.8/lib/python3.8/site-packages/airflow/example_dags/example_branch_datetime_operator.py for tasks to queue
[2024-11-26T16:01:38.984-0600] {logging_mixin.py:190} INFO - [2024-11-26T16:01:38.984-0600] {dagbag.py:588} INFO - Filling up the DagBag from /Library/Frameworks/Python.framework/Versions/3.8/lib/python3.8/site-packages/airflow/example_dags/example_branch_datetime_operator.py
[2024-11-26T16:01:38.988-0600] {processor.py:925} INFO - DAG(s) 'example_branch_datetime_operator', 'example_branch_datetime_operator_3', 'example_branch_datetime_operator_2' retrieved from /Library/Frameworks/Python.framework/Versions/3.8/lib/python3.8/site-packages/airflow/example_dags/example_branch_datetime_operator.py
[2024-11-26T16:01:39.025-0600] {logging_mixin.py:190} INFO - [2024-11-26T16:01:39.025-0600] {dag.py:3239} INFO - Sync 3 DAGs
[2024-11-26T16:01:39.031-0600] {logging_mixin.py:190} INFO - [2024-11-26T16:01:39.031-0600] {dag.py:4180} INFO - Setting next_dagrun for example_branch_datetime_operator to 2024-11-25 00:00:00+00:00, run_after=2024-11-26 00:00:00+00:00
[2024-11-26T16:01:39.033-0600] {logging_mixin.py:190} INFO - [2024-11-26T16:01:39.032-0600] {dag.py:4180} INFO - Setting next_dagrun for example_branch_datetime_operator_2 to 2024-11-25 00:00:00+00:00, run_after=2024-11-26 00:00:00+00:00
[2024-11-26T16:01:39.033-0600] {logging_mixin.py:190} INFO - [2024-11-26T16:01:39.033-0600] {dag.py:4180} INFO - Setting next_dagrun for example_branch_datetime_operator_3 to 2024-11-25 00:00:00+00:00, run_after=2024-11-26 00:00:00+00:00
[2024-11-26T16:01:39.038-0600] {processor.py:208} INFO - Processing /Library/Frameworks/Python.framework/Versions/3.8/lib/python3.8/site-packages/airflow/example_dags/example_branch_datetime_operator.py took 0.057 seconds
[2024-11-26T16:03:52.178-0600] {processor.py:186} INFO - Started process (PID=26987) to work on /Library/Frameworks/Python.framework/Versions/3.8/lib/python3.8/site-packages/airflow/example_dags/example_branch_datetime_operator.py
[2024-11-26T16:03:52.180-0600] {processor.py:914} INFO - Processing file /Library/Frameworks/Python.framework/Versions/3.8/lib/python3.8/site-packages/airflow/example_dags/example_branch_datetime_operator.py for tasks to queue
[2024-11-26T16:03:52.180-0600] {logging_mixin.py:190} INFO - [2024-11-26T16:03:52.180-0600] {dagbag.py:588} INFO - Filling up the DagBag from /Library/Frameworks/Python.framework/Versions/3.8/lib/python3.8/site-packages/airflow/example_dags/example_branch_datetime_operator.py
[2024-11-26T16:03:52.185-0600] {processor.py:925} INFO - DAG(s) 'example_branch_datetime_operator', 'example_branch_datetime_operator_2', 'example_branch_datetime_operator_3' retrieved from /Library/Frameworks/Python.framework/Versions/3.8/lib/python3.8/site-packages/airflow/example_dags/example_branch_datetime_operator.py
[2024-11-26T16:03:52.222-0600] {logging_mixin.py:190} INFO - [2024-11-26T16:03:52.222-0600] {dag.py:3239} INFO - Sync 3 DAGs
[2024-11-26T16:03:52.228-0600] {logging_mixin.py:190} INFO - [2024-11-26T16:03:52.228-0600] {dag.py:4180} INFO - Setting next_dagrun for example_branch_datetime_operator to 2024-11-25 00:00:00+00:00, run_after=2024-11-26 00:00:00+00:00
[2024-11-26T16:03:52.230-0600] {logging_mixin.py:190} INFO - [2024-11-26T16:03:52.230-0600] {dag.py:4180} INFO - Setting next_dagrun for example_branch_datetime_operator_2 to 2024-11-25 00:00:00+00:00, run_after=2024-11-26 00:00:00+00:00
[2024-11-26T16:03:52.231-0600] {logging_mixin.py:190} INFO - [2024-11-26T16:03:52.230-0600] {dag.py:4180} INFO - Setting next_dagrun for example_branch_datetime_operator_3 to 2024-11-25 00:00:00+00:00, run_after=2024-11-26 00:00:00+00:00
[2024-11-26T16:03:52.235-0600] {processor.py:208} INFO - Processing /Library/Frameworks/Python.framework/Versions/3.8/lib/python3.8/site-packages/airflow/example_dags/example_branch_datetime_operator.py took 0.058 seconds
[2024-11-26T16:06:11.113-0600] {processor.py:186} INFO - Started process (PID=27236) to work on /Library/Frameworks/Python.framework/Versions/3.8/lib/python3.8/site-packages/airflow/example_dags/example_branch_datetime_operator.py
[2024-11-26T16:06:11.114-0600] {processor.py:914} INFO - Processing file /Library/Frameworks/Python.framework/Versions/3.8/lib/python3.8/site-packages/airflow/example_dags/example_branch_datetime_operator.py for tasks to queue
[2024-11-26T16:06:11.114-0600] {logging_mixin.py:190} INFO - [2024-11-26T16:06:11.114-0600] {dagbag.py:588} INFO - Filling up the DagBag from /Library/Frameworks/Python.framework/Versions/3.8/lib/python3.8/site-packages/airflow/example_dags/example_branch_datetime_operator.py
[2024-11-26T16:06:11.118-0600] {processor.py:925} INFO - DAG(s) 'example_branch_datetime_operator_3', 'example_branch_datetime_operator_2', 'example_branch_datetime_operator' retrieved from /Library/Frameworks/Python.framework/Versions/3.8/lib/python3.8/site-packages/airflow/example_dags/example_branch_datetime_operator.py
[2024-11-26T16:06:11.155-0600] {logging_mixin.py:190} INFO - [2024-11-26T16:06:11.155-0600] {dag.py:3239} INFO - Sync 3 DAGs
[2024-11-26T16:06:11.162-0600] {logging_mixin.py:190} INFO - [2024-11-26T16:06:11.162-0600] {dag.py:4180} INFO - Setting next_dagrun for example_branch_datetime_operator to 2024-11-25 00:00:00+00:00, run_after=2024-11-26 00:00:00+00:00
[2024-11-26T16:06:11.163-0600] {logging_mixin.py:190} INFO - [2024-11-26T16:06:11.163-0600] {dag.py:4180} INFO - Setting next_dagrun for example_branch_datetime_operator_2 to 2024-11-25 00:00:00+00:00, run_after=2024-11-26 00:00:00+00:00
[2024-11-26T16:06:11.164-0600] {logging_mixin.py:190} INFO - [2024-11-26T16:06:11.164-0600] {dag.py:4180} INFO - Setting next_dagrun for example_branch_datetime_operator_3 to 2024-11-25 00:00:00+00:00, run_after=2024-11-26 00:00:00+00:00
[2024-11-26T16:06:11.169-0600] {processor.py:208} INFO - Processing /Library/Frameworks/Python.framework/Versions/3.8/lib/python3.8/site-packages/airflow/example_dags/example_branch_datetime_operator.py took 0.057 seconds
