[2024-11-26T14:18:27.267-0600] {processor.py:186} INFO - Started process (PID=17927) to work on /Users/beprathap/PycharmProjects/YouTube-airflow/airflow-venv/lib/python3.8/site-packages/airflow/example_dags/example_inlet_event_extra.py
[2024-11-26T14:18:27.267-0600] {processor.py:914} INFO - Processing file /Users/beprathap/PycharmProjects/YouTube-airflow/airflow-venv/lib/python3.8/site-packages/airflow/example_dags/example_inlet_event_extra.py for tasks to queue
[2024-11-26T14:18:27.267-0600] {logging_mixin.py:190} INFO - [2024-11-26T14:18:27.267-0600] {dagbag.py:588} INFO - Filling up the DagBag from /Users/beprathap/PycharmProjects/YouTube-airflow/airflow-venv/lib/python3.8/site-packages/airflow/example_dags/example_inlet_event_extra.py
[2024-11-26T14:18:27.288-0600] {processor.py:925} INFO - DAG(s) 'read_dataset_event', 'read_dataset_event_from_classic' retrieved from /Users/beprathap/PycharmProjects/YouTube-airflow/airflow-venv/lib/python3.8/site-packages/airflow/example_dags/example_inlet_event_extra.py
[2024-11-26T14:18:27.347-0600] {logging_mixin.py:190} INFO - [2024-11-26T14:18:27.347-0600] {override.py:1901} INFO - Created Permission View: can read on DAG:read_dataset_event
[2024-11-26T14:18:27.349-0600] {logging_mixin.py:190} INFO - [2024-11-26T14:18:27.349-0600] {override.py:1901} INFO - Created Permission View: can delete on DAG:read_dataset_event
[2024-11-26T14:18:27.351-0600] {logging_mixin.py:190} INFO - [2024-11-26T14:18:27.350-0600] {override.py:1901} INFO - Created Permission View: can edit on DAG:read_dataset_event
[2024-11-26T14:18:27.353-0600] {logging_mixin.py:190} INFO - [2024-11-26T14:18:27.352-0600] {override.py:1901} INFO - Created Permission View: can read on DAG Run:read_dataset_event
[2024-11-26T14:18:27.354-0600] {logging_mixin.py:190} INFO - [2024-11-26T14:18:27.354-0600] {override.py:1901} INFO - Created Permission View: menu access on DAG Run:read_dataset_event
[2024-11-26T14:18:27.355-0600] {logging_mixin.py:190} INFO - [2024-11-26T14:18:27.355-0600] {override.py:1901} INFO - Created Permission View: can delete on DAG Run:read_dataset_event
[2024-11-26T14:18:27.357-0600] {logging_mixin.py:190} INFO - [2024-11-26T14:18:27.357-0600] {override.py:1901} INFO - Created Permission View: can create on DAG Run:read_dataset_event
[2024-11-26T14:18:27.360-0600] {logging_mixin.py:190} INFO - [2024-11-26T14:18:27.360-0600] {override.py:1901} INFO - Created Permission View: can read on DAG:read_dataset_event_from_classic
[2024-11-26T14:18:27.361-0600] {logging_mixin.py:190} INFO - [2024-11-26T14:18:27.361-0600] {override.py:1901} INFO - Created Permission View: can delete on DAG:read_dataset_event_from_classic
[2024-11-26T14:18:27.363-0600] {logging_mixin.py:190} INFO - [2024-11-26T14:18:27.363-0600] {override.py:1901} INFO - Created Permission View: can edit on DAG:read_dataset_event_from_classic
[2024-11-26T14:18:27.364-0600] {logging_mixin.py:190} INFO - [2024-11-26T14:18:27.364-0600] {override.py:1901} INFO - Created Permission View: can read on DAG Run:read_dataset_event_from_classic
[2024-11-26T14:18:27.366-0600] {logging_mixin.py:190} INFO - [2024-11-26T14:18:27.366-0600] {override.py:1901} INFO - Created Permission View: menu access on DAG Run:read_dataset_event_from_classic
[2024-11-26T14:18:27.367-0600] {logging_mixin.py:190} INFO - [2024-11-26T14:18:27.367-0600] {override.py:1901} INFO - Created Permission View: can delete on DAG Run:read_dataset_event_from_classic
[2024-11-26T14:18:27.368-0600] {logging_mixin.py:190} INFO - [2024-11-26T14:18:27.368-0600] {override.py:1901} INFO - Created Permission View: can create on DAG Run:read_dataset_event_from_classic
[2024-11-26T14:18:27.368-0600] {logging_mixin.py:190} INFO - [2024-11-26T14:18:27.368-0600] {dag.py:3239} INFO - Sync 2 DAGs
[2024-11-26T14:18:27.372-0600] {logging_mixin.py:190} INFO - [2024-11-26T14:18:27.372-0600] {dag.py:3262} INFO - Creating ORM DAG for read_dataset_event
[2024-11-26T14:18:27.372-0600] {logging_mixin.py:190} INFO - [2024-11-26T14:18:27.372-0600] {dag.py:3262} INFO - Creating ORM DAG for read_dataset_event_from_classic
[2024-11-26T14:18:27.375-0600] {logging_mixin.py:190} INFO - [2024-11-26T14:18:27.375-0600] {dag.py:4180} INFO - Setting next_dagrun for read_dataset_event to 2024-11-25 00:00:00+00:00, run_after=2024-11-26 00:00:00+00:00
[2024-11-26T14:18:27.375-0600] {logging_mixin.py:190} INFO - [2024-11-26T14:18:27.375-0600] {dag.py:4180} INFO - Setting next_dagrun for read_dataset_event_from_classic to 2024-11-25 00:00:00+00:00, run_after=2024-11-26 00:00:00+00:00
[2024-11-26T14:18:27.380-0600] {processor.py:208} INFO - Processing /Users/beprathap/PycharmProjects/YouTube-airflow/airflow-venv/lib/python3.8/site-packages/airflow/example_dags/example_inlet_event_extra.py took 0.114 seconds
[2024-11-26T14:20:06.220-0600] {processor.py:186} INFO - Started process (PID=18107) to work on /Users/beprathap/PycharmProjects/YouTube-airflow/airflow-venv/lib/python3.8/site-packages/airflow/example_dags/example_inlet_event_extra.py
[2024-11-26T14:20:06.221-0600] {processor.py:914} INFO - Processing file /Users/beprathap/PycharmProjects/YouTube-airflow/airflow-venv/lib/python3.8/site-packages/airflow/example_dags/example_inlet_event_extra.py for tasks to queue
[2024-11-26T14:20:06.221-0600] {logging_mixin.py:190} INFO - [2024-11-26T14:20:06.221-0600] {dagbag.py:588} INFO - Filling up the DagBag from /Users/beprathap/PycharmProjects/YouTube-airflow/airflow-venv/lib/python3.8/site-packages/airflow/example_dags/example_inlet_event_extra.py
[2024-11-26T14:20:06.247-0600] {processor.py:925} INFO - DAG(s) 'read_dataset_event_from_classic', 'read_dataset_event' retrieved from /Users/beprathap/PycharmProjects/YouTube-airflow/airflow-venv/lib/python3.8/site-packages/airflow/example_dags/example_inlet_event_extra.py
[2024-11-26T14:20:06.285-0600] {logging_mixin.py:190} INFO - [2024-11-26T14:20:06.285-0600] {dag.py:3239} INFO - Sync 2 DAGs
[2024-11-26T14:20:06.292-0600] {logging_mixin.py:190} INFO - [2024-11-26T14:20:06.292-0600] {dag.py:4180} INFO - Setting next_dagrun for read_dataset_event to 2024-11-25 00:00:00+00:00, run_after=2024-11-26 00:00:00+00:00
[2024-11-26T14:20:06.293-0600] {logging_mixin.py:190} INFO - [2024-11-26T14:20:06.293-0600] {dag.py:4180} INFO - Setting next_dagrun for read_dataset_event_from_classic to 2024-11-25 00:00:00+00:00, run_after=2024-11-26 00:00:00+00:00
[2024-11-26T14:20:06.298-0600] {processor.py:208} INFO - Processing /Users/beprathap/PycharmProjects/YouTube-airflow/airflow-venv/lib/python3.8/site-packages/airflow/example_dags/example_inlet_event_extra.py took 0.079 seconds
[2024-11-26T14:22:19.791-0600] {processor.py:186} INFO - Started process (PID=18366) to work on /Users/beprathap/PycharmProjects/YouTube-airflow/airflow-venv/lib/python3.8/site-packages/airflow/example_dags/example_inlet_event_extra.py
[2024-11-26T14:22:19.791-0600] {processor.py:914} INFO - Processing file /Users/beprathap/PycharmProjects/YouTube-airflow/airflow-venv/lib/python3.8/site-packages/airflow/example_dags/example_inlet_event_extra.py for tasks to queue
[2024-11-26T14:22:19.792-0600] {logging_mixin.py:190} INFO - [2024-11-26T14:22:19.792-0600] {dagbag.py:588} INFO - Filling up the DagBag from /Users/beprathap/PycharmProjects/YouTube-airflow/airflow-venv/lib/python3.8/site-packages/airflow/example_dags/example_inlet_event_extra.py
[2024-11-26T14:22:19.813-0600] {processor.py:925} INFO - DAG(s) 'read_dataset_event', 'read_dataset_event_from_classic' retrieved from /Users/beprathap/PycharmProjects/YouTube-airflow/airflow-venv/lib/python3.8/site-packages/airflow/example_dags/example_inlet_event_extra.py
[2024-11-26T14:22:19.847-0600] {logging_mixin.py:190} INFO - [2024-11-26T14:22:19.847-0600] {dag.py:3239} INFO - Sync 2 DAGs
[2024-11-26T14:22:19.853-0600] {logging_mixin.py:190} INFO - [2024-11-26T14:22:19.853-0600] {dag.py:4180} INFO - Setting next_dagrun for read_dataset_event to 2024-11-25 00:00:00+00:00, run_after=2024-11-26 00:00:00+00:00
[2024-11-26T14:22:19.855-0600] {logging_mixin.py:190} INFO - [2024-11-26T14:22:19.855-0600] {dag.py:4180} INFO - Setting next_dagrun for read_dataset_event_from_classic to 2024-11-25 00:00:00+00:00, run_after=2024-11-26 00:00:00+00:00
[2024-11-26T14:22:19.859-0600] {processor.py:208} INFO - Processing /Users/beprathap/PycharmProjects/YouTube-airflow/airflow-venv/lib/python3.8/site-packages/airflow/example_dags/example_inlet_event_extra.py took 0.070 seconds
[2024-11-26T14:24:29.615-0600] {processor.py:186} INFO - Started process (PID=18635) to work on /Users/beprathap/PycharmProjects/YouTube-airflow/airflow-venv/lib/python3.8/site-packages/airflow/example_dags/example_inlet_event_extra.py
[2024-11-26T14:24:29.616-0600] {processor.py:914} INFO - Processing file /Users/beprathap/PycharmProjects/YouTube-airflow/airflow-venv/lib/python3.8/site-packages/airflow/example_dags/example_inlet_event_extra.py for tasks to queue
[2024-11-26T14:24:29.617-0600] {logging_mixin.py:190} INFO - [2024-11-26T14:24:29.617-0600] {dagbag.py:588} INFO - Filling up the DagBag from /Users/beprathap/PycharmProjects/YouTube-airflow/airflow-venv/lib/python3.8/site-packages/airflow/example_dags/example_inlet_event_extra.py
[2024-11-26T14:24:29.639-0600] {processor.py:925} INFO - DAG(s) 'read_dataset_event', 'read_dataset_event_from_classic' retrieved from /Users/beprathap/PycharmProjects/YouTube-airflow/airflow-venv/lib/python3.8/site-packages/airflow/example_dags/example_inlet_event_extra.py
[2024-11-26T14:24:29.673-0600] {logging_mixin.py:190} INFO - [2024-11-26T14:24:29.673-0600] {dag.py:3239} INFO - Sync 2 DAGs
[2024-11-26T14:24:29.680-0600] {logging_mixin.py:190} INFO - [2024-11-26T14:24:29.680-0600] {dag.py:4180} INFO - Setting next_dagrun for read_dataset_event to 2024-11-25 00:00:00+00:00, run_after=2024-11-26 00:00:00+00:00
[2024-11-26T14:24:29.681-0600] {logging_mixin.py:190} INFO - [2024-11-26T14:24:29.681-0600] {dag.py:4180} INFO - Setting next_dagrun for read_dataset_event_from_classic to 2024-11-25 00:00:00+00:00, run_after=2024-11-26 00:00:00+00:00
[2024-11-26T14:24:29.686-0600] {processor.py:208} INFO - Processing /Users/beprathap/PycharmProjects/YouTube-airflow/airflow-venv/lib/python3.8/site-packages/airflow/example_dags/example_inlet_event_extra.py took 0.072 seconds
[2024-11-26T14:26:36.945-0600] {processor.py:186} INFO - Started process (PID=18880) to work on /Users/beprathap/PycharmProjects/YouTube-airflow/airflow-venv/lib/python3.8/site-packages/airflow/example_dags/example_inlet_event_extra.py
[2024-11-26T14:26:36.946-0600] {processor.py:914} INFO - Processing file /Users/beprathap/PycharmProjects/YouTube-airflow/airflow-venv/lib/python3.8/site-packages/airflow/example_dags/example_inlet_event_extra.py for tasks to queue
[2024-11-26T14:26:36.947-0600] {logging_mixin.py:190} INFO - [2024-11-26T14:26:36.947-0600] {dagbag.py:588} INFO - Filling up the DagBag from /Users/beprathap/PycharmProjects/YouTube-airflow/airflow-venv/lib/python3.8/site-packages/airflow/example_dags/example_inlet_event_extra.py
[2024-11-26T14:26:36.970-0600] {processor.py:925} INFO - DAG(s) 'read_dataset_event', 'read_dataset_event_from_classic' retrieved from /Users/beprathap/PycharmProjects/YouTube-airflow/airflow-venv/lib/python3.8/site-packages/airflow/example_dags/example_inlet_event_extra.py
[2024-11-26T14:26:37.005-0600] {logging_mixin.py:190} INFO - [2024-11-26T14:26:37.004-0600] {dag.py:3239} INFO - Sync 2 DAGs
[2024-11-26T14:26:37.011-0600] {logging_mixin.py:190} INFO - [2024-11-26T14:26:37.011-0600] {dag.py:4180} INFO - Setting next_dagrun for read_dataset_event to 2024-11-25 00:00:00+00:00, run_after=2024-11-26 00:00:00+00:00
[2024-11-26T14:26:37.012-0600] {logging_mixin.py:190} INFO - [2024-11-26T14:26:37.012-0600] {dag.py:4180} INFO - Setting next_dagrun for read_dataset_event_from_classic to 2024-11-25 00:00:00+00:00, run_after=2024-11-26 00:00:00+00:00
[2024-11-26T14:26:37.017-0600] {processor.py:208} INFO - Processing /Users/beprathap/PycharmProjects/YouTube-airflow/airflow-venv/lib/python3.8/site-packages/airflow/example_dags/example_inlet_event_extra.py took 0.074 seconds
[2024-11-26T14:28:45.758-0600] {processor.py:186} INFO - Started process (PID=19109) to work on /Users/beprathap/PycharmProjects/YouTube-airflow/airflow-venv/lib/python3.8/site-packages/airflow/example_dags/example_inlet_event_extra.py
[2024-11-26T14:28:45.758-0600] {processor.py:914} INFO - Processing file /Users/beprathap/PycharmProjects/YouTube-airflow/airflow-venv/lib/python3.8/site-packages/airflow/example_dags/example_inlet_event_extra.py for tasks to queue
[2024-11-26T14:28:45.759-0600] {logging_mixin.py:190} INFO - [2024-11-26T14:28:45.759-0600] {dagbag.py:588} INFO - Filling up the DagBag from /Users/beprathap/PycharmProjects/YouTube-airflow/airflow-venv/lib/python3.8/site-packages/airflow/example_dags/example_inlet_event_extra.py
[2024-11-26T14:28:45.779-0600] {processor.py:925} INFO - DAG(s) 'read_dataset_event', 'read_dataset_event_from_classic' retrieved from /Users/beprathap/PycharmProjects/YouTube-airflow/airflow-venv/lib/python3.8/site-packages/airflow/example_dags/example_inlet_event_extra.py
[2024-11-26T14:28:45.813-0600] {logging_mixin.py:190} INFO - [2024-11-26T14:28:45.813-0600] {dag.py:3239} INFO - Sync 2 DAGs
[2024-11-26T14:28:45.820-0600] {logging_mixin.py:190} INFO - [2024-11-26T14:28:45.820-0600] {dag.py:4180} INFO - Setting next_dagrun for read_dataset_event to 2024-11-25 00:00:00+00:00, run_after=2024-11-26 00:00:00+00:00
[2024-11-26T14:28:45.821-0600] {logging_mixin.py:190} INFO - [2024-11-26T14:28:45.821-0600] {dag.py:4180} INFO - Setting next_dagrun for read_dataset_event_from_classic to 2024-11-25 00:00:00+00:00, run_after=2024-11-26 00:00:00+00:00
[2024-11-26T14:28:45.825-0600] {processor.py:208} INFO - Processing /Users/beprathap/PycharmProjects/YouTube-airflow/airflow-venv/lib/python3.8/site-packages/airflow/example_dags/example_inlet_event_extra.py took 0.069 seconds
[2024-11-26T14:36:49.723-0600] {processor.py:186} INFO - Started process (PID=19603) to work on /Users/beprathap/PycharmProjects/YouTube-airflow/airflow-venv/lib/python3.8/site-packages/airflow/example_dags/example_inlet_event_extra.py
[2024-11-26T14:36:49.725-0600] {processor.py:914} INFO - Processing file /Users/beprathap/PycharmProjects/YouTube-airflow/airflow-venv/lib/python3.8/site-packages/airflow/example_dags/example_inlet_event_extra.py for tasks to queue
[2024-11-26T14:36:49.725-0600] {logging_mixin.py:190} INFO - [2024-11-26T14:36:49.725-0600] {dagbag.py:588} INFO - Filling up the DagBag from /Users/beprathap/PycharmProjects/YouTube-airflow/airflow-venv/lib/python3.8/site-packages/airflow/example_dags/example_inlet_event_extra.py
[2024-11-26T14:36:49.748-0600] {processor.py:925} INFO - DAG(s) 'read_dataset_event', 'read_dataset_event_from_classic' retrieved from /Users/beprathap/PycharmProjects/YouTube-airflow/airflow-venv/lib/python3.8/site-packages/airflow/example_dags/example_inlet_event_extra.py
[2024-11-26T14:36:49.783-0600] {logging_mixin.py:190} INFO - [2024-11-26T14:36:49.783-0600] {dag.py:3239} INFO - Sync 2 DAGs
[2024-11-26T14:36:49.790-0600] {logging_mixin.py:190} INFO - [2024-11-26T14:36:49.790-0600] {dag.py:4180} INFO - Setting next_dagrun for read_dataset_event to 2024-11-25 00:00:00+00:00, run_after=2024-11-26 00:00:00+00:00
[2024-11-26T14:36:49.792-0600] {logging_mixin.py:190} INFO - [2024-11-26T14:36:49.791-0600] {dag.py:4180} INFO - Setting next_dagrun for read_dataset_event_from_classic to 2024-11-25 00:00:00+00:00, run_after=2024-11-26 00:00:00+00:00
[2024-11-26T14:36:49.796-0600] {processor.py:208} INFO - Processing /Users/beprathap/PycharmProjects/YouTube-airflow/airflow-venv/lib/python3.8/site-packages/airflow/example_dags/example_inlet_event_extra.py took 0.074 seconds
[2024-11-26T14:38:30.317-0600] {processor.py:186} INFO - Started process (PID=19774) to work on /Users/beprathap/PycharmProjects/YouTube-airflow/airflow-venv/lib/python3.8/site-packages/airflow/example_dags/example_inlet_event_extra.py
[2024-11-26T14:38:30.317-0600] {processor.py:914} INFO - Processing file /Users/beprathap/PycharmProjects/YouTube-airflow/airflow-venv/lib/python3.8/site-packages/airflow/example_dags/example_inlet_event_extra.py for tasks to queue
[2024-11-26T14:38:30.318-0600] {logging_mixin.py:190} INFO - [2024-11-26T14:38:30.318-0600] {dagbag.py:588} INFO - Filling up the DagBag from /Users/beprathap/PycharmProjects/YouTube-airflow/airflow-venv/lib/python3.8/site-packages/airflow/example_dags/example_inlet_event_extra.py
[2024-11-26T14:38:30.341-0600] {processor.py:925} INFO - DAG(s) 'read_dataset_event', 'read_dataset_event_from_classic' retrieved from /Users/beprathap/PycharmProjects/YouTube-airflow/airflow-venv/lib/python3.8/site-packages/airflow/example_dags/example_inlet_event_extra.py
[2024-11-26T14:38:30.380-0600] {logging_mixin.py:190} INFO - [2024-11-26T14:38:30.380-0600] {dag.py:3239} INFO - Sync 2 DAGs
[2024-11-26T14:38:30.387-0600] {logging_mixin.py:190} INFO - [2024-11-26T14:38:30.387-0600] {dag.py:4180} INFO - Setting next_dagrun for read_dataset_event to 2024-11-25 00:00:00+00:00, run_after=2024-11-26 00:00:00+00:00
[2024-11-26T14:38:30.389-0600] {logging_mixin.py:190} INFO - [2024-11-26T14:38:30.389-0600] {dag.py:4180} INFO - Setting next_dagrun for read_dataset_event_from_classic to 2024-11-25 00:00:00+00:00, run_after=2024-11-26 00:00:00+00:00
[2024-11-26T14:38:30.395-0600] {processor.py:208} INFO - Processing /Users/beprathap/PycharmProjects/YouTube-airflow/airflow-venv/lib/python3.8/site-packages/airflow/example_dags/example_inlet_event_extra.py took 0.079 seconds
[2024-11-26T14:40:47.354-0600] {processor.py:186} INFO - Started process (PID=20041) to work on /Users/beprathap/PycharmProjects/YouTube-airflow/airflow-venv/lib/python3.8/site-packages/airflow/example_dags/example_inlet_event_extra.py
[2024-11-26T14:40:47.354-0600] {processor.py:914} INFO - Processing file /Users/beprathap/PycharmProjects/YouTube-airflow/airflow-venv/lib/python3.8/site-packages/airflow/example_dags/example_inlet_event_extra.py for tasks to queue
[2024-11-26T14:40:47.354-0600] {logging_mixin.py:190} INFO - [2024-11-26T14:40:47.354-0600] {dagbag.py:588} INFO - Filling up the DagBag from /Users/beprathap/PycharmProjects/YouTube-airflow/airflow-venv/lib/python3.8/site-packages/airflow/example_dags/example_inlet_event_extra.py
[2024-11-26T14:40:47.377-0600] {processor.py:925} INFO - DAG(s) 'read_dataset_event_from_classic', 'read_dataset_event' retrieved from /Users/beprathap/PycharmProjects/YouTube-airflow/airflow-venv/lib/python3.8/site-packages/airflow/example_dags/example_inlet_event_extra.py
[2024-11-26T14:40:47.412-0600] {logging_mixin.py:190} INFO - [2024-11-26T14:40:47.412-0600] {dag.py:3239} INFO - Sync 2 DAGs
[2024-11-26T14:40:47.419-0600] {logging_mixin.py:190} INFO - [2024-11-26T14:40:47.419-0600] {dag.py:4180} INFO - Setting next_dagrun for read_dataset_event to 2024-11-25 00:00:00+00:00, run_after=2024-11-26 00:00:00+00:00
[2024-11-26T14:40:47.420-0600] {logging_mixin.py:190} INFO - [2024-11-26T14:40:47.420-0600] {dag.py:4180} INFO - Setting next_dagrun for read_dataset_event_from_classic to 2024-11-25 00:00:00+00:00, run_after=2024-11-26 00:00:00+00:00
[2024-11-26T14:40:47.425-0600] {processor.py:208} INFO - Processing /Users/beprathap/PycharmProjects/YouTube-airflow/airflow-venv/lib/python3.8/site-packages/airflow/example_dags/example_inlet_event_extra.py took 0.073 seconds
[2024-11-26T14:42:57.820-0600] {processor.py:186} INFO - Started process (PID=20277) to work on /Users/beprathap/PycharmProjects/YouTube-airflow/airflow-venv/lib/python3.8/site-packages/airflow/example_dags/example_inlet_event_extra.py
[2024-11-26T14:42:57.821-0600] {processor.py:914} INFO - Processing file /Users/beprathap/PycharmProjects/YouTube-airflow/airflow-venv/lib/python3.8/site-packages/airflow/example_dags/example_inlet_event_extra.py for tasks to queue
[2024-11-26T14:42:57.821-0600] {logging_mixin.py:190} INFO - [2024-11-26T14:42:57.821-0600] {dagbag.py:588} INFO - Filling up the DagBag from /Users/beprathap/PycharmProjects/YouTube-airflow/airflow-venv/lib/python3.8/site-packages/airflow/example_dags/example_inlet_event_extra.py
[2024-11-26T14:42:57.844-0600] {processor.py:925} INFO - DAG(s) 'read_dataset_event', 'read_dataset_event_from_classic' retrieved from /Users/beprathap/PycharmProjects/YouTube-airflow/airflow-venv/lib/python3.8/site-packages/airflow/example_dags/example_inlet_event_extra.py
[2024-11-26T14:42:57.881-0600] {logging_mixin.py:190} INFO - [2024-11-26T14:42:57.881-0600] {dag.py:3239} INFO - Sync 2 DAGs
[2024-11-26T14:42:57.889-0600] {logging_mixin.py:190} INFO - [2024-11-26T14:42:57.889-0600] {dag.py:4180} INFO - Setting next_dagrun for read_dataset_event to 2024-11-25 00:00:00+00:00, run_after=2024-11-26 00:00:00+00:00
[2024-11-26T14:42:57.891-0600] {logging_mixin.py:190} INFO - [2024-11-26T14:42:57.891-0600] {dag.py:4180} INFO - Setting next_dagrun for read_dataset_event_from_classic to 2024-11-25 00:00:00+00:00, run_after=2024-11-26 00:00:00+00:00
[2024-11-26T14:42:57.897-0600] {processor.py:208} INFO - Processing /Users/beprathap/PycharmProjects/YouTube-airflow/airflow-venv/lib/python3.8/site-packages/airflow/example_dags/example_inlet_event_extra.py took 0.078 seconds
[2024-11-26T14:45:09.810-0600] {processor.py:186} INFO - Started process (PID=20541) to work on /Users/beprathap/PycharmProjects/YouTube-airflow/airflow-venv/lib/python3.8/site-packages/airflow/example_dags/example_inlet_event_extra.py
[2024-11-26T14:45:09.810-0600] {processor.py:914} INFO - Processing file /Users/beprathap/PycharmProjects/YouTube-airflow/airflow-venv/lib/python3.8/site-packages/airflow/example_dags/example_inlet_event_extra.py for tasks to queue
[2024-11-26T14:45:09.810-0600] {logging_mixin.py:190} INFO - [2024-11-26T14:45:09.810-0600] {dagbag.py:588} INFO - Filling up the DagBag from /Users/beprathap/PycharmProjects/YouTube-airflow/airflow-venv/lib/python3.8/site-packages/airflow/example_dags/example_inlet_event_extra.py
[2024-11-26T14:45:09.833-0600] {processor.py:925} INFO - DAG(s) 'read_dataset_event', 'read_dataset_event_from_classic' retrieved from /Users/beprathap/PycharmProjects/YouTube-airflow/airflow-venv/lib/python3.8/site-packages/airflow/example_dags/example_inlet_event_extra.py
[2024-11-26T14:45:09.868-0600] {logging_mixin.py:190} INFO - [2024-11-26T14:45:09.868-0600] {dag.py:3239} INFO - Sync 2 DAGs
[2024-11-26T14:45:09.875-0600] {logging_mixin.py:190} INFO - [2024-11-26T14:45:09.875-0600] {dag.py:4180} INFO - Setting next_dagrun for read_dataset_event to 2024-11-25 00:00:00+00:00, run_after=2024-11-26 00:00:00+00:00
[2024-11-26T14:45:09.876-0600] {logging_mixin.py:190} INFO - [2024-11-26T14:45:09.876-0600] {dag.py:4180} INFO - Setting next_dagrun for read_dataset_event_from_classic to 2024-11-25 00:00:00+00:00, run_after=2024-11-26 00:00:00+00:00
[2024-11-26T14:45:09.881-0600] {processor.py:208} INFO - Processing /Users/beprathap/PycharmProjects/YouTube-airflow/airflow-venv/lib/python3.8/site-packages/airflow/example_dags/example_inlet_event_extra.py took 0.073 seconds
[2024-11-26T14:47:20.099-0600] {processor.py:186} INFO - Started process (PID=20790) to work on /Users/beprathap/PycharmProjects/YouTube-airflow/airflow-venv/lib/python3.8/site-packages/airflow/example_dags/example_inlet_event_extra.py
[2024-11-26T14:47:20.099-0600] {processor.py:914} INFO - Processing file /Users/beprathap/PycharmProjects/YouTube-airflow/airflow-venv/lib/python3.8/site-packages/airflow/example_dags/example_inlet_event_extra.py for tasks to queue
[2024-11-26T14:47:20.099-0600] {logging_mixin.py:190} INFO - [2024-11-26T14:47:20.099-0600] {dagbag.py:588} INFO - Filling up the DagBag from /Users/beprathap/PycharmProjects/YouTube-airflow/airflow-venv/lib/python3.8/site-packages/airflow/example_dags/example_inlet_event_extra.py
[2024-11-26T14:47:20.122-0600] {processor.py:925} INFO - DAG(s) 'read_dataset_event', 'read_dataset_event_from_classic' retrieved from /Users/beprathap/PycharmProjects/YouTube-airflow/airflow-venv/lib/python3.8/site-packages/airflow/example_dags/example_inlet_event_extra.py
[2024-11-26T14:47:20.156-0600] {logging_mixin.py:190} INFO - [2024-11-26T14:47:20.156-0600] {dag.py:3239} INFO - Sync 2 DAGs
[2024-11-26T14:47:20.162-0600] {logging_mixin.py:190} INFO - [2024-11-26T14:47:20.162-0600] {dag.py:4180} INFO - Setting next_dagrun for read_dataset_event to 2024-11-25 00:00:00+00:00, run_after=2024-11-26 00:00:00+00:00
[2024-11-26T14:47:20.164-0600] {logging_mixin.py:190} INFO - [2024-11-26T14:47:20.164-0600] {dag.py:4180} INFO - Setting next_dagrun for read_dataset_event_from_classic to 2024-11-25 00:00:00+00:00, run_after=2024-11-26 00:00:00+00:00
[2024-11-26T14:47:20.168-0600] {processor.py:208} INFO - Processing /Users/beprathap/PycharmProjects/YouTube-airflow/airflow-venv/lib/python3.8/site-packages/airflow/example_dags/example_inlet_event_extra.py took 0.071 seconds
[2024-11-26T15:02:07.755-0600] {processor.py:186} INFO - Started process (PID=21426) to work on /Library/Frameworks/Python.framework/Versions/3.8/lib/python3.8/site-packages/airflow/example_dags/example_inlet_event_extra.py
[2024-11-26T15:02:07.756-0600] {processor.py:914} INFO - Processing file /Library/Frameworks/Python.framework/Versions/3.8/lib/python3.8/site-packages/airflow/example_dags/example_inlet_event_extra.py for tasks to queue
[2024-11-26T15:02:07.757-0600] {logging_mixin.py:190} INFO - [2024-11-26T15:02:07.757-0600] {dagbag.py:588} INFO - Filling up the DagBag from /Library/Frameworks/Python.framework/Versions/3.8/lib/python3.8/site-packages/airflow/example_dags/example_inlet_event_extra.py
[2024-11-26T15:02:07.779-0600] {processor.py:925} INFO - DAG(s) 'read_dataset_event_from_classic', 'read_dataset_event' retrieved from /Library/Frameworks/Python.framework/Versions/3.8/lib/python3.8/site-packages/airflow/example_dags/example_inlet_event_extra.py
[2024-11-26T15:02:07.845-0600] {logging_mixin.py:190} INFO - [2024-11-26T15:02:07.845-0600] {dag.py:3239} INFO - Sync 2 DAGs
[2024-11-26T15:02:07.851-0600] {logging_mixin.py:190} INFO - [2024-11-26T15:02:07.851-0600] {dag.py:4180} INFO - Setting next_dagrun for read_dataset_event to 2024-11-25 00:00:00+00:00, run_after=2024-11-26 00:00:00+00:00
[2024-11-26T15:02:07.852-0600] {logging_mixin.py:190} INFO - [2024-11-26T15:02:07.852-0600] {dag.py:4180} INFO - Setting next_dagrun for read_dataset_event_from_classic to 2024-11-25 00:00:00+00:00, run_after=2024-11-26 00:00:00+00:00
[2024-11-26T15:02:07.858-0600] {processor.py:208} INFO - Processing /Library/Frameworks/Python.framework/Versions/3.8/lib/python3.8/site-packages/airflow/example_dags/example_inlet_event_extra.py took 0.104 seconds
[2024-11-26T15:03:49.615-0600] {processor.py:186} INFO - Started process (PID=21612) to work on /Library/Frameworks/Python.framework/Versions/3.8/lib/python3.8/site-packages/airflow/example_dags/example_inlet_event_extra.py
[2024-11-26T15:03:49.615-0600] {processor.py:914} INFO - Processing file /Library/Frameworks/Python.framework/Versions/3.8/lib/python3.8/site-packages/airflow/example_dags/example_inlet_event_extra.py for tasks to queue
[2024-11-26T15:03:49.615-0600] {logging_mixin.py:190} INFO - [2024-11-26T15:03:49.615-0600] {dagbag.py:588} INFO - Filling up the DagBag from /Library/Frameworks/Python.framework/Versions/3.8/lib/python3.8/site-packages/airflow/example_dags/example_inlet_event_extra.py
[2024-11-26T15:03:49.638-0600] {processor.py:925} INFO - DAG(s) 'read_dataset_event', 'read_dataset_event_from_classic' retrieved from /Library/Frameworks/Python.framework/Versions/3.8/lib/python3.8/site-packages/airflow/example_dags/example_inlet_event_extra.py
[2024-11-26T15:03:49.673-0600] {logging_mixin.py:190} INFO - [2024-11-26T15:03:49.673-0600] {dag.py:3239} INFO - Sync 2 DAGs
[2024-11-26T15:03:49.680-0600] {logging_mixin.py:190} INFO - [2024-11-26T15:03:49.680-0600] {dag.py:4180} INFO - Setting next_dagrun for read_dataset_event to 2024-11-25 00:00:00+00:00, run_after=2024-11-26 00:00:00+00:00
[2024-11-26T15:03:49.681-0600] {logging_mixin.py:190} INFO - [2024-11-26T15:03:49.681-0600] {dag.py:4180} INFO - Setting next_dagrun for read_dataset_event_from_classic to 2024-11-25 00:00:00+00:00, run_after=2024-11-26 00:00:00+00:00
[2024-11-26T15:03:49.686-0600] {processor.py:208} INFO - Processing /Library/Frameworks/Python.framework/Versions/3.8/lib/python3.8/site-packages/airflow/example_dags/example_inlet_event_extra.py took 0.073 seconds
[2024-11-26T15:06:08.115-0600] {processor.py:186} INFO - Started process (PID=21859) to work on /Library/Frameworks/Python.framework/Versions/3.8/lib/python3.8/site-packages/airflow/example_dags/example_inlet_event_extra.py
[2024-11-26T15:06:08.115-0600] {processor.py:914} INFO - Processing file /Library/Frameworks/Python.framework/Versions/3.8/lib/python3.8/site-packages/airflow/example_dags/example_inlet_event_extra.py for tasks to queue
[2024-11-26T15:06:08.116-0600] {logging_mixin.py:190} INFO - [2024-11-26T15:06:08.115-0600] {dagbag.py:588} INFO - Filling up the DagBag from /Library/Frameworks/Python.framework/Versions/3.8/lib/python3.8/site-packages/airflow/example_dags/example_inlet_event_extra.py
[2024-11-26T15:06:08.138-0600] {processor.py:925} INFO - DAG(s) 'read_dataset_event', 'read_dataset_event_from_classic' retrieved from /Library/Frameworks/Python.framework/Versions/3.8/lib/python3.8/site-packages/airflow/example_dags/example_inlet_event_extra.py
[2024-11-26T15:06:08.173-0600] {logging_mixin.py:190} INFO - [2024-11-26T15:06:08.173-0600] {dag.py:3239} INFO - Sync 2 DAGs
[2024-11-26T15:06:08.180-0600] {logging_mixin.py:190} INFO - [2024-11-26T15:06:08.180-0600] {dag.py:4180} INFO - Setting next_dagrun for read_dataset_event to 2024-11-25 00:00:00+00:00, run_after=2024-11-26 00:00:00+00:00
[2024-11-26T15:06:08.181-0600] {logging_mixin.py:190} INFO - [2024-11-26T15:06:08.181-0600] {dag.py:4180} INFO - Setting next_dagrun for read_dataset_event_from_classic to 2024-11-25 00:00:00+00:00, run_after=2024-11-26 00:00:00+00:00
[2024-11-26T15:06:08.186-0600] {processor.py:208} INFO - Processing /Library/Frameworks/Python.framework/Versions/3.8/lib/python3.8/site-packages/airflow/example_dags/example_inlet_event_extra.py took 0.072 seconds
[2024-11-26T15:08:31.399-0600] {processor.py:186} INFO - Started process (PID=22162) to work on /Library/Frameworks/Python.framework/Versions/3.8/lib/python3.8/site-packages/airflow/example_dags/example_inlet_event_extra.py
[2024-11-26T15:08:31.399-0600] {processor.py:914} INFO - Processing file /Library/Frameworks/Python.framework/Versions/3.8/lib/python3.8/site-packages/airflow/example_dags/example_inlet_event_extra.py for tasks to queue
[2024-11-26T15:08:31.400-0600] {logging_mixin.py:190} INFO - [2024-11-26T15:08:31.399-0600] {dagbag.py:588} INFO - Filling up the DagBag from /Library/Frameworks/Python.framework/Versions/3.8/lib/python3.8/site-packages/airflow/example_dags/example_inlet_event_extra.py
[2024-11-26T15:08:31.424-0600] {processor.py:925} INFO - DAG(s) 'read_dataset_event', 'read_dataset_event_from_classic' retrieved from /Library/Frameworks/Python.framework/Versions/3.8/lib/python3.8/site-packages/airflow/example_dags/example_inlet_event_extra.py
[2024-11-26T15:08:31.460-0600] {logging_mixin.py:190} INFO - [2024-11-26T15:08:31.460-0600] {dag.py:3239} INFO - Sync 2 DAGs
[2024-11-26T15:08:31.467-0600] {logging_mixin.py:190} INFO - [2024-11-26T15:08:31.467-0600] {dag.py:4180} INFO - Setting next_dagrun for read_dataset_event to 2024-11-25 00:00:00+00:00, run_after=2024-11-26 00:00:00+00:00
[2024-11-26T15:08:31.468-0600] {logging_mixin.py:190} INFO - [2024-11-26T15:08:31.468-0600] {dag.py:4180} INFO - Setting next_dagrun for read_dataset_event_from_classic to 2024-11-25 00:00:00+00:00, run_after=2024-11-26 00:00:00+00:00
[2024-11-26T15:08:31.473-0600] {processor.py:208} INFO - Processing /Library/Frameworks/Python.framework/Versions/3.8/lib/python3.8/site-packages/airflow/example_dags/example_inlet_event_extra.py took 0.076 seconds
[2024-11-26T15:17:06.785-0600] {processor.py:186} INFO - Started process (PID=22434) to work on /Library/Frameworks/Python.framework/Versions/3.8/lib/python3.8/site-packages/airflow/example_dags/example_inlet_event_extra.py
[2024-11-26T15:17:06.786-0600] {processor.py:914} INFO - Processing file /Library/Frameworks/Python.framework/Versions/3.8/lib/python3.8/site-packages/airflow/example_dags/example_inlet_event_extra.py for tasks to queue
[2024-11-26T15:17:06.787-0600] {logging_mixin.py:190} INFO - [2024-11-26T15:17:06.786-0600] {dagbag.py:588} INFO - Filling up the DagBag from /Library/Frameworks/Python.framework/Versions/3.8/lib/python3.8/site-packages/airflow/example_dags/example_inlet_event_extra.py
[2024-11-26T15:17:06.808-0600] {processor.py:925} INFO - DAG(s) 'read_dataset_event_from_classic', 'read_dataset_event' retrieved from /Library/Frameworks/Python.framework/Versions/3.8/lib/python3.8/site-packages/airflow/example_dags/example_inlet_event_extra.py
[2024-11-26T15:17:06.842-0600] {logging_mixin.py:190} INFO - [2024-11-26T15:17:06.842-0600] {dag.py:3239} INFO - Sync 2 DAGs
[2024-11-26T15:17:06.849-0600] {logging_mixin.py:190} INFO - [2024-11-26T15:17:06.849-0600] {dag.py:4180} INFO - Setting next_dagrun for read_dataset_event to 2024-11-25 00:00:00+00:00, run_after=2024-11-26 00:00:00+00:00
[2024-11-26T15:17:06.850-0600] {logging_mixin.py:190} INFO - [2024-11-26T15:17:06.850-0600] {dag.py:4180} INFO - Setting next_dagrun for read_dataset_event_from_classic to 2024-11-25 00:00:00+00:00, run_after=2024-11-26 00:00:00+00:00
[2024-11-26T15:17:06.855-0600] {processor.py:208} INFO - Processing /Library/Frameworks/Python.framework/Versions/3.8/lib/python3.8/site-packages/airflow/example_dags/example_inlet_event_extra.py took 0.071 seconds
[2024-11-26T15:19:21.406-0600] {processor.py:186} INFO - Started process (PID=22697) to work on /Library/Frameworks/Python.framework/Versions/3.8/lib/python3.8/site-packages/airflow/example_dags/example_inlet_event_extra.py
[2024-11-26T15:19:21.406-0600] {processor.py:914} INFO - Processing file /Library/Frameworks/Python.framework/Versions/3.8/lib/python3.8/site-packages/airflow/example_dags/example_inlet_event_extra.py for tasks to queue
[2024-11-26T15:19:21.407-0600] {logging_mixin.py:190} INFO - [2024-11-26T15:19:21.407-0600] {dagbag.py:588} INFO - Filling up the DagBag from /Library/Frameworks/Python.framework/Versions/3.8/lib/python3.8/site-packages/airflow/example_dags/example_inlet_event_extra.py
[2024-11-26T15:19:21.430-0600] {processor.py:925} INFO - DAG(s) 'read_dataset_event', 'read_dataset_event_from_classic' retrieved from /Library/Frameworks/Python.framework/Versions/3.8/lib/python3.8/site-packages/airflow/example_dags/example_inlet_event_extra.py
[2024-11-26T15:19:21.465-0600] {logging_mixin.py:190} INFO - [2024-11-26T15:19:21.465-0600] {dag.py:3239} INFO - Sync 2 DAGs
[2024-11-26T15:19:21.472-0600] {logging_mixin.py:190} INFO - [2024-11-26T15:19:21.472-0600] {dag.py:4180} INFO - Setting next_dagrun for read_dataset_event to 2024-11-25 00:00:00+00:00, run_after=2024-11-26 00:00:00+00:00
[2024-11-26T15:19:21.473-0600] {logging_mixin.py:190} INFO - [2024-11-26T15:19:21.473-0600] {dag.py:4180} INFO - Setting next_dagrun for read_dataset_event_from_classic to 2024-11-25 00:00:00+00:00, run_after=2024-11-26 00:00:00+00:00
[2024-11-26T15:19:21.478-0600] {processor.py:208} INFO - Processing /Library/Frameworks/Python.framework/Versions/3.8/lib/python3.8/site-packages/airflow/example_dags/example_inlet_event_extra.py took 0.073 seconds
[2024-11-26T15:20:58.430-0600] {processor.py:186} INFO - Started process (PID=22880) to work on /Library/Frameworks/Python.framework/Versions/3.8/lib/python3.8/site-packages/airflow/example_dags/example_inlet_event_extra.py
[2024-11-26T15:20:58.431-0600] {processor.py:914} INFO - Processing file /Library/Frameworks/Python.framework/Versions/3.8/lib/python3.8/site-packages/airflow/example_dags/example_inlet_event_extra.py for tasks to queue
[2024-11-26T15:20:58.431-0600] {logging_mixin.py:190} INFO - [2024-11-26T15:20:58.431-0600] {dagbag.py:588} INFO - Filling up the DagBag from /Library/Frameworks/Python.framework/Versions/3.8/lib/python3.8/site-packages/airflow/example_dags/example_inlet_event_extra.py
[2024-11-26T15:20:58.454-0600] {processor.py:925} INFO - DAG(s) 'read_dataset_event', 'read_dataset_event_from_classic' retrieved from /Library/Frameworks/Python.framework/Versions/3.8/lib/python3.8/site-packages/airflow/example_dags/example_inlet_event_extra.py
[2024-11-26T15:20:58.488-0600] {logging_mixin.py:190} INFO - [2024-11-26T15:20:58.488-0600] {dag.py:3239} INFO - Sync 2 DAGs
[2024-11-26T15:20:58.495-0600] {logging_mixin.py:190} INFO - [2024-11-26T15:20:58.495-0600] {dag.py:4180} INFO - Setting next_dagrun for read_dataset_event to 2024-11-25 00:00:00+00:00, run_after=2024-11-26 00:00:00+00:00
[2024-11-26T15:20:58.496-0600] {logging_mixin.py:190} INFO - [2024-11-26T15:20:58.496-0600] {dag.py:4180} INFO - Setting next_dagrun for read_dataset_event_from_classic to 2024-11-25 00:00:00+00:00, run_after=2024-11-26 00:00:00+00:00
[2024-11-26T15:20:58.501-0600] {processor.py:208} INFO - Processing /Library/Frameworks/Python.framework/Versions/3.8/lib/python3.8/site-packages/airflow/example_dags/example_inlet_event_extra.py took 0.072 seconds
[2024-11-26T15:23:11.155-0600] {processor.py:186} INFO - Started process (PID=23155) to work on /Library/Frameworks/Python.framework/Versions/3.8/lib/python3.8/site-packages/airflow/example_dags/example_inlet_event_extra.py
[2024-11-26T15:23:11.155-0600] {processor.py:914} INFO - Processing file /Library/Frameworks/Python.framework/Versions/3.8/lib/python3.8/site-packages/airflow/example_dags/example_inlet_event_extra.py for tasks to queue
[2024-11-26T15:23:11.155-0600] {logging_mixin.py:190} INFO - [2024-11-26T15:23:11.155-0600] {dagbag.py:588} INFO - Filling up the DagBag from /Library/Frameworks/Python.framework/Versions/3.8/lib/python3.8/site-packages/airflow/example_dags/example_inlet_event_extra.py
[2024-11-26T15:23:11.177-0600] {processor.py:925} INFO - DAG(s) 'read_dataset_event', 'read_dataset_event_from_classic' retrieved from /Library/Frameworks/Python.framework/Versions/3.8/lib/python3.8/site-packages/airflow/example_dags/example_inlet_event_extra.py
[2024-11-26T15:23:11.212-0600] {logging_mixin.py:190} INFO - [2024-11-26T15:23:11.212-0600] {dag.py:3239} INFO - Sync 2 DAGs
[2024-11-26T15:23:11.218-0600] {logging_mixin.py:190} INFO - [2024-11-26T15:23:11.218-0600] {dag.py:4180} INFO - Setting next_dagrun for read_dataset_event to 2024-11-25 00:00:00+00:00, run_after=2024-11-26 00:00:00+00:00
[2024-11-26T15:23:11.220-0600] {logging_mixin.py:190} INFO - [2024-11-26T15:23:11.219-0600] {dag.py:4180} INFO - Setting next_dagrun for read_dataset_event_from_classic to 2024-11-25 00:00:00+00:00, run_after=2024-11-26 00:00:00+00:00
[2024-11-26T15:23:11.224-0600] {processor.py:208} INFO - Processing /Library/Frameworks/Python.framework/Versions/3.8/lib/python3.8/site-packages/airflow/example_dags/example_inlet_event_extra.py took 0.071 seconds
[2024-11-26T15:33:59.680-0600] {processor.py:186} INFO - Started process (PID=23526) to work on /Library/Frameworks/Python.framework/Versions/3.8/lib/python3.8/site-packages/airflow/example_dags/example_inlet_event_extra.py
[2024-11-26T15:33:59.681-0600] {processor.py:914} INFO - Processing file /Library/Frameworks/Python.framework/Versions/3.8/lib/python3.8/site-packages/airflow/example_dags/example_inlet_event_extra.py for tasks to queue
[2024-11-26T15:33:59.681-0600] {logging_mixin.py:190} INFO - [2024-11-26T15:33:59.681-0600] {dagbag.py:588} INFO - Filling up the DagBag from /Library/Frameworks/Python.framework/Versions/3.8/lib/python3.8/site-packages/airflow/example_dags/example_inlet_event_extra.py
[2024-11-26T15:33:59.705-0600] {processor.py:925} INFO - DAG(s) 'read_dataset_event', 'read_dataset_event_from_classic' retrieved from /Library/Frameworks/Python.framework/Versions/3.8/lib/python3.8/site-packages/airflow/example_dags/example_inlet_event_extra.py
[2024-11-26T15:33:59.740-0600] {logging_mixin.py:190} INFO - [2024-11-26T15:33:59.740-0600] {dag.py:3239} INFO - Sync 2 DAGs
[2024-11-26T15:33:59.746-0600] {logging_mixin.py:190} INFO - [2024-11-26T15:33:59.746-0600] {dag.py:4180} INFO - Setting next_dagrun for read_dataset_event to 2024-11-25 00:00:00+00:00, run_after=2024-11-26 00:00:00+00:00
[2024-11-26T15:33:59.748-0600] {logging_mixin.py:190} INFO - [2024-11-26T15:33:59.747-0600] {dag.py:4180} INFO - Setting next_dagrun for read_dataset_event_from_classic to 2024-11-25 00:00:00+00:00, run_after=2024-11-26 00:00:00+00:00
[2024-11-26T15:33:59.752-0600] {processor.py:208} INFO - Processing /Library/Frameworks/Python.framework/Versions/3.8/lib/python3.8/site-packages/airflow/example_dags/example_inlet_event_extra.py took 0.073 seconds
[2024-11-26T15:35:38.373-0600] {processor.py:186} INFO - Started process (PID=23717) to work on /Library/Frameworks/Python.framework/Versions/3.8/lib/python3.8/site-packages/airflow/example_dags/example_inlet_event_extra.py
[2024-11-26T15:35:38.373-0600] {processor.py:914} INFO - Processing file /Library/Frameworks/Python.framework/Versions/3.8/lib/python3.8/site-packages/airflow/example_dags/example_inlet_event_extra.py for tasks to queue
[2024-11-26T15:35:38.374-0600] {logging_mixin.py:190} INFO - [2024-11-26T15:35:38.374-0600] {dagbag.py:588} INFO - Filling up the DagBag from /Library/Frameworks/Python.framework/Versions/3.8/lib/python3.8/site-packages/airflow/example_dags/example_inlet_event_extra.py
[2024-11-26T15:35:38.396-0600] {processor.py:925} INFO - DAG(s) 'read_dataset_event', 'read_dataset_event_from_classic' retrieved from /Library/Frameworks/Python.framework/Versions/3.8/lib/python3.8/site-packages/airflow/example_dags/example_inlet_event_extra.py
[2024-11-26T15:35:38.431-0600] {logging_mixin.py:190} INFO - [2024-11-26T15:35:38.431-0600] {dag.py:3239} INFO - Sync 2 DAGs
[2024-11-26T15:35:38.438-0600] {logging_mixin.py:190} INFO - [2024-11-26T15:35:38.438-0600] {dag.py:4180} INFO - Setting next_dagrun for read_dataset_event to 2024-11-25 00:00:00+00:00, run_after=2024-11-26 00:00:00+00:00
[2024-11-26T15:35:38.440-0600] {logging_mixin.py:190} INFO - [2024-11-26T15:35:38.439-0600] {dag.py:4180} INFO - Setting next_dagrun for read_dataset_event_from_classic to 2024-11-25 00:00:00+00:00, run_after=2024-11-26 00:00:00+00:00
[2024-11-26T15:35:38.444-0600] {processor.py:208} INFO - Processing /Library/Frameworks/Python.framework/Versions/3.8/lib/python3.8/site-packages/airflow/example_dags/example_inlet_event_extra.py took 0.073 seconds
[2024-11-26T15:37:54.519-0600] {processor.py:186} INFO - Started process (PID=23978) to work on /Library/Frameworks/Python.framework/Versions/3.8/lib/python3.8/site-packages/airflow/example_dags/example_inlet_event_extra.py
[2024-11-26T15:37:54.520-0600] {processor.py:914} INFO - Processing file /Library/Frameworks/Python.framework/Versions/3.8/lib/python3.8/site-packages/airflow/example_dags/example_inlet_event_extra.py for tasks to queue
[2024-11-26T15:37:54.520-0600] {logging_mixin.py:190} INFO - [2024-11-26T15:37:54.520-0600] {dagbag.py:588} INFO - Filling up the DagBag from /Library/Frameworks/Python.framework/Versions/3.8/lib/python3.8/site-packages/airflow/example_dags/example_inlet_event_extra.py
[2024-11-26T15:37:54.542-0600] {processor.py:925} INFO - DAG(s) 'read_dataset_event', 'read_dataset_event_from_classic' retrieved from /Library/Frameworks/Python.framework/Versions/3.8/lib/python3.8/site-packages/airflow/example_dags/example_inlet_event_extra.py
[2024-11-26T15:37:54.576-0600] {logging_mixin.py:190} INFO - [2024-11-26T15:37:54.576-0600] {dag.py:3239} INFO - Sync 2 DAGs
[2024-11-26T15:37:54.583-0600] {logging_mixin.py:190} INFO - [2024-11-26T15:37:54.583-0600] {dag.py:4180} INFO - Setting next_dagrun for read_dataset_event to 2024-11-25 00:00:00+00:00, run_after=2024-11-26 00:00:00+00:00
[2024-11-26T15:37:54.584-0600] {logging_mixin.py:190} INFO - [2024-11-26T15:37:54.584-0600] {dag.py:4180} INFO - Setting next_dagrun for read_dataset_event_from_classic to 2024-11-25 00:00:00+00:00, run_after=2024-11-26 00:00:00+00:00
[2024-11-26T15:37:54.589-0600] {processor.py:208} INFO - Processing /Library/Frameworks/Python.framework/Versions/3.8/lib/python3.8/site-packages/airflow/example_dags/example_inlet_event_extra.py took 0.071 seconds
[2024-11-26T15:40:06.737-0600] {processor.py:186} INFO - Started process (PID=24229) to work on /Library/Frameworks/Python.framework/Versions/3.8/lib/python3.8/site-packages/airflow/example_dags/example_inlet_event_extra.py
[2024-11-26T15:40:06.738-0600] {processor.py:914} INFO - Processing file /Library/Frameworks/Python.framework/Versions/3.8/lib/python3.8/site-packages/airflow/example_dags/example_inlet_event_extra.py for tasks to queue
[2024-11-26T15:40:06.738-0600] {logging_mixin.py:190} INFO - [2024-11-26T15:40:06.738-0600] {dagbag.py:588} INFO - Filling up the DagBag from /Library/Frameworks/Python.framework/Versions/3.8/lib/python3.8/site-packages/airflow/example_dags/example_inlet_event_extra.py
[2024-11-26T15:40:06.762-0600] {processor.py:925} INFO - DAG(s) 'read_dataset_event', 'read_dataset_event_from_classic' retrieved from /Library/Frameworks/Python.framework/Versions/3.8/lib/python3.8/site-packages/airflow/example_dags/example_inlet_event_extra.py
[2024-11-26T15:40:06.798-0600] {logging_mixin.py:190} INFO - [2024-11-26T15:40:06.798-0600] {dag.py:3239} INFO - Sync 2 DAGs
[2024-11-26T15:40:06.805-0600] {logging_mixin.py:190} INFO - [2024-11-26T15:40:06.805-0600] {dag.py:4180} INFO - Setting next_dagrun for read_dataset_event to 2024-11-25 00:00:00+00:00, run_after=2024-11-26 00:00:00+00:00
[2024-11-26T15:40:06.806-0600] {logging_mixin.py:190} INFO - [2024-11-26T15:40:06.806-0600] {dag.py:4180} INFO - Setting next_dagrun for read_dataset_event_from_classic to 2024-11-25 00:00:00+00:00, run_after=2024-11-26 00:00:00+00:00
[2024-11-26T15:40:06.811-0600] {processor.py:208} INFO - Processing /Library/Frameworks/Python.framework/Versions/3.8/lib/python3.8/site-packages/airflow/example_dags/example_inlet_event_extra.py took 0.076 seconds
[2024-11-26T15:42:25.914-0600] {processor.py:186} INFO - Started process (PID=24483) to work on /Library/Frameworks/Python.framework/Versions/3.8/lib/python3.8/site-packages/airflow/example_dags/example_inlet_event_extra.py
[2024-11-26T15:42:25.915-0600] {processor.py:914} INFO - Processing file /Library/Frameworks/Python.framework/Versions/3.8/lib/python3.8/site-packages/airflow/example_dags/example_inlet_event_extra.py for tasks to queue
[2024-11-26T15:42:25.915-0600] {logging_mixin.py:190} INFO - [2024-11-26T15:42:25.915-0600] {dagbag.py:588} INFO - Filling up the DagBag from /Library/Frameworks/Python.framework/Versions/3.8/lib/python3.8/site-packages/airflow/example_dags/example_inlet_event_extra.py
[2024-11-26T15:42:25.937-0600] {processor.py:925} INFO - DAG(s) 'read_dataset_event_from_classic', 'read_dataset_event' retrieved from /Library/Frameworks/Python.framework/Versions/3.8/lib/python3.8/site-packages/airflow/example_dags/example_inlet_event_extra.py
[2024-11-26T15:42:25.973-0600] {logging_mixin.py:190} INFO - [2024-11-26T15:42:25.973-0600] {dag.py:3239} INFO - Sync 2 DAGs
[2024-11-26T15:42:25.980-0600] {logging_mixin.py:190} INFO - [2024-11-26T15:42:25.980-0600] {dag.py:4180} INFO - Setting next_dagrun for read_dataset_event to 2024-11-25 00:00:00+00:00, run_after=2024-11-26 00:00:00+00:00
[2024-11-26T15:42:25.981-0600] {logging_mixin.py:190} INFO - [2024-11-26T15:42:25.981-0600] {dag.py:4180} INFO - Setting next_dagrun for read_dataset_event_from_classic to 2024-11-25 00:00:00+00:00, run_after=2024-11-26 00:00:00+00:00
[2024-11-26T15:42:25.986-0600] {processor.py:208} INFO - Processing /Library/Frameworks/Python.framework/Versions/3.8/lib/python3.8/site-packages/airflow/example_dags/example_inlet_event_extra.py took 0.073 seconds
[2024-11-26T15:44:41.519-0600] {processor.py:186} INFO - Started process (PID=24740) to work on /Library/Frameworks/Python.framework/Versions/3.8/lib/python3.8/site-packages/airflow/example_dags/example_inlet_event_extra.py
[2024-11-26T15:44:41.519-0600] {processor.py:914} INFO - Processing file /Library/Frameworks/Python.framework/Versions/3.8/lib/python3.8/site-packages/airflow/example_dags/example_inlet_event_extra.py for tasks to queue
[2024-11-26T15:44:41.520-0600] {logging_mixin.py:190} INFO - [2024-11-26T15:44:41.520-0600] {dagbag.py:588} INFO - Filling up the DagBag from /Library/Frameworks/Python.framework/Versions/3.8/lib/python3.8/site-packages/airflow/example_dags/example_inlet_event_extra.py
[2024-11-26T15:44:41.542-0600] {processor.py:925} INFO - DAG(s) 'read_dataset_event_from_classic', 'read_dataset_event' retrieved from /Library/Frameworks/Python.framework/Versions/3.8/lib/python3.8/site-packages/airflow/example_dags/example_inlet_event_extra.py
[2024-11-26T15:44:41.578-0600] {logging_mixin.py:190} INFO - [2024-11-26T15:44:41.578-0600] {dag.py:3239} INFO - Sync 2 DAGs
[2024-11-26T15:44:41.585-0600] {logging_mixin.py:190} INFO - [2024-11-26T15:44:41.585-0600] {dag.py:4180} INFO - Setting next_dagrun for read_dataset_event to 2024-11-25 00:00:00+00:00, run_after=2024-11-26 00:00:00+00:00
[2024-11-26T15:44:41.586-0600] {logging_mixin.py:190} INFO - [2024-11-26T15:44:41.586-0600] {dag.py:4180} INFO - Setting next_dagrun for read_dataset_event_from_classic to 2024-11-25 00:00:00+00:00, run_after=2024-11-26 00:00:00+00:00
[2024-11-26T15:44:41.591-0600] {processor.py:208} INFO - Processing /Library/Frameworks/Python.framework/Versions/3.8/lib/python3.8/site-packages/airflow/example_dags/example_inlet_event_extra.py took 0.073 seconds
[2024-11-26T15:46:56.506-0600] {processor.py:186} INFO - Started process (PID=24986) to work on /Library/Frameworks/Python.framework/Versions/3.8/lib/python3.8/site-packages/airflow/example_dags/example_inlet_event_extra.py
[2024-11-26T15:46:56.507-0600] {processor.py:914} INFO - Processing file /Library/Frameworks/Python.framework/Versions/3.8/lib/python3.8/site-packages/airflow/example_dags/example_inlet_event_extra.py for tasks to queue
[2024-11-26T15:46:56.507-0600] {logging_mixin.py:190} INFO - [2024-11-26T15:46:56.507-0600] {dagbag.py:588} INFO - Filling up the DagBag from /Library/Frameworks/Python.framework/Versions/3.8/lib/python3.8/site-packages/airflow/example_dags/example_inlet_event_extra.py
[2024-11-26T15:46:56.529-0600] {processor.py:925} INFO - DAG(s) 'read_dataset_event', 'read_dataset_event_from_classic' retrieved from /Library/Frameworks/Python.framework/Versions/3.8/lib/python3.8/site-packages/airflow/example_dags/example_inlet_event_extra.py
[2024-11-26T15:46:56.564-0600] {logging_mixin.py:190} INFO - [2024-11-26T15:46:56.564-0600] {dag.py:3239} INFO - Sync 2 DAGs
[2024-11-26T15:46:56.570-0600] {logging_mixin.py:190} INFO - [2024-11-26T15:46:56.570-0600] {dag.py:4180} INFO - Setting next_dagrun for read_dataset_event to 2024-11-25 00:00:00+00:00, run_after=2024-11-26 00:00:00+00:00
[2024-11-26T15:46:56.572-0600] {logging_mixin.py:190} INFO - [2024-11-26T15:46:56.572-0600] {dag.py:4180} INFO - Setting next_dagrun for read_dataset_event_from_classic to 2024-11-25 00:00:00+00:00, run_after=2024-11-26 00:00:00+00:00
[2024-11-26T15:46:56.576-0600] {processor.py:208} INFO - Processing /Library/Frameworks/Python.framework/Versions/3.8/lib/python3.8/site-packages/airflow/example_dags/example_inlet_event_extra.py took 0.072 seconds
[2024-11-26T15:49:07.490-0600] {processor.py:186} INFO - Started process (PID=25242) to work on /Library/Frameworks/Python.framework/Versions/3.8/lib/python3.8/site-packages/airflow/example_dags/example_inlet_event_extra.py
[2024-11-26T15:49:07.491-0600] {processor.py:914} INFO - Processing file /Library/Frameworks/Python.framework/Versions/3.8/lib/python3.8/site-packages/airflow/example_dags/example_inlet_event_extra.py for tasks to queue
[2024-11-26T15:49:07.491-0600] {logging_mixin.py:190} INFO - [2024-11-26T15:49:07.491-0600] {dagbag.py:588} INFO - Filling up the DagBag from /Library/Frameworks/Python.framework/Versions/3.8/lib/python3.8/site-packages/airflow/example_dags/example_inlet_event_extra.py
[2024-11-26T15:49:07.520-0600] {processor.py:925} INFO - DAG(s) 'read_dataset_event', 'read_dataset_event_from_classic' retrieved from /Library/Frameworks/Python.framework/Versions/3.8/lib/python3.8/site-packages/airflow/example_dags/example_inlet_event_extra.py
[2024-11-26T15:49:07.555-0600] {logging_mixin.py:190} INFO - [2024-11-26T15:49:07.555-0600] {dag.py:3239} INFO - Sync 2 DAGs
[2024-11-26T15:49:07.562-0600] {logging_mixin.py:190} INFO - [2024-11-26T15:49:07.561-0600] {dag.py:4180} INFO - Setting next_dagrun for read_dataset_event to 2024-11-25 00:00:00+00:00, run_after=2024-11-26 00:00:00+00:00
[2024-11-26T15:49:07.563-0600] {logging_mixin.py:190} INFO - [2024-11-26T15:49:07.563-0600] {dag.py:4180} INFO - Setting next_dagrun for read_dataset_event_from_classic to 2024-11-25 00:00:00+00:00, run_after=2024-11-26 00:00:00+00:00
[2024-11-26T15:49:07.567-0600] {processor.py:208} INFO - Processing /Library/Frameworks/Python.framework/Versions/3.8/lib/python3.8/site-packages/airflow/example_dags/example_inlet_event_extra.py took 0.079 seconds
[2024-11-26T15:51:19.897-0600] {processor.py:186} INFO - Started process (PID=25508) to work on /Library/Frameworks/Python.framework/Versions/3.8/lib/python3.8/site-packages/airflow/example_dags/example_inlet_event_extra.py
[2024-11-26T15:51:19.897-0600] {processor.py:914} INFO - Processing file /Library/Frameworks/Python.framework/Versions/3.8/lib/python3.8/site-packages/airflow/example_dags/example_inlet_event_extra.py for tasks to queue
[2024-11-26T15:51:19.897-0600] {logging_mixin.py:190} INFO - [2024-11-26T15:51:19.897-0600] {dagbag.py:588} INFO - Filling up the DagBag from /Library/Frameworks/Python.framework/Versions/3.8/lib/python3.8/site-packages/airflow/example_dags/example_inlet_event_extra.py
[2024-11-26T15:51:19.923-0600] {processor.py:925} INFO - DAG(s) 'read_dataset_event', 'read_dataset_event_from_classic' retrieved from /Library/Frameworks/Python.framework/Versions/3.8/lib/python3.8/site-packages/airflow/example_dags/example_inlet_event_extra.py
[2024-11-26T15:51:19.958-0600] {logging_mixin.py:190} INFO - [2024-11-26T15:51:19.958-0600] {dag.py:3239} INFO - Sync 2 DAGs
[2024-11-26T15:51:19.965-0600] {logging_mixin.py:190} INFO - [2024-11-26T15:51:19.965-0600] {dag.py:4180} INFO - Setting next_dagrun for read_dataset_event to 2024-11-25 00:00:00+00:00, run_after=2024-11-26 00:00:00+00:00
[2024-11-26T15:51:19.967-0600] {logging_mixin.py:190} INFO - [2024-11-26T15:51:19.966-0600] {dag.py:4180} INFO - Setting next_dagrun for read_dataset_event_from_classic to 2024-11-25 00:00:00+00:00, run_after=2024-11-26 00:00:00+00:00
[2024-11-26T15:51:19.971-0600] {processor.py:208} INFO - Processing /Library/Frameworks/Python.framework/Versions/3.8/lib/python3.8/site-packages/airflow/example_dags/example_inlet_event_extra.py took 0.076 seconds
[2024-11-26T15:53:38.547-0600] {processor.py:186} INFO - Started process (PID=25755) to work on /Library/Frameworks/Python.framework/Versions/3.8/lib/python3.8/site-packages/airflow/example_dags/example_inlet_event_extra.py
[2024-11-26T15:53:38.548-0600] {processor.py:914} INFO - Processing file /Library/Frameworks/Python.framework/Versions/3.8/lib/python3.8/site-packages/airflow/example_dags/example_inlet_event_extra.py for tasks to queue
[2024-11-26T15:53:38.548-0600] {logging_mixin.py:190} INFO - [2024-11-26T15:53:38.548-0600] {dagbag.py:588} INFO - Filling up the DagBag from /Library/Frameworks/Python.framework/Versions/3.8/lib/python3.8/site-packages/airflow/example_dags/example_inlet_event_extra.py
[2024-11-26T15:53:38.574-0600] {processor.py:925} INFO - DAG(s) 'read_dataset_event_from_classic', 'read_dataset_event' retrieved from /Library/Frameworks/Python.framework/Versions/3.8/lib/python3.8/site-packages/airflow/example_dags/example_inlet_event_extra.py
[2024-11-26T15:53:38.613-0600] {logging_mixin.py:190} INFO - [2024-11-26T15:53:38.613-0600] {dag.py:3239} INFO - Sync 2 DAGs
[2024-11-26T15:53:38.621-0600] {logging_mixin.py:190} INFO - [2024-11-26T15:53:38.621-0600] {dag.py:4180} INFO - Setting next_dagrun for read_dataset_event to 2024-11-25 00:00:00+00:00, run_after=2024-11-26 00:00:00+00:00
[2024-11-26T15:53:38.622-0600] {logging_mixin.py:190} INFO - [2024-11-26T15:53:38.622-0600] {dag.py:4180} INFO - Setting next_dagrun for read_dataset_event_from_classic to 2024-11-25 00:00:00+00:00, run_after=2024-11-26 00:00:00+00:00
[2024-11-26T15:53:38.628-0600] {processor.py:208} INFO - Processing /Library/Frameworks/Python.framework/Versions/3.8/lib/python3.8/site-packages/airflow/example_dags/example_inlet_event_extra.py took 0.083 seconds
[2024-11-26T15:56:00.291-0600] {processor.py:186} INFO - Started process (PID=26056) to work on /Library/Frameworks/Python.framework/Versions/3.8/lib/python3.8/site-packages/airflow/example_dags/example_inlet_event_extra.py
[2024-11-26T15:56:00.292-0600] {processor.py:914} INFO - Processing file /Library/Frameworks/Python.framework/Versions/3.8/lib/python3.8/site-packages/airflow/example_dags/example_inlet_event_extra.py for tasks to queue
[2024-11-26T15:56:00.292-0600] {logging_mixin.py:190} INFO - [2024-11-26T15:56:00.292-0600] {dagbag.py:588} INFO - Filling up the DagBag from /Library/Frameworks/Python.framework/Versions/3.8/lib/python3.8/site-packages/airflow/example_dags/example_inlet_event_extra.py
[2024-11-26T15:56:00.315-0600] {processor.py:925} INFO - DAG(s) 'read_dataset_event_from_classic', 'read_dataset_event' retrieved from /Library/Frameworks/Python.framework/Versions/3.8/lib/python3.8/site-packages/airflow/example_dags/example_inlet_event_extra.py
[2024-11-26T15:56:00.350-0600] {logging_mixin.py:190} INFO - [2024-11-26T15:56:00.350-0600] {dag.py:3239} INFO - Sync 2 DAGs
[2024-11-26T15:56:00.356-0600] {logging_mixin.py:190} INFO - [2024-11-26T15:56:00.356-0600] {dag.py:4180} INFO - Setting next_dagrun for read_dataset_event to 2024-11-25 00:00:00+00:00, run_after=2024-11-26 00:00:00+00:00
[2024-11-26T15:56:00.357-0600] {logging_mixin.py:190} INFO - [2024-11-26T15:56:00.357-0600] {dag.py:4180} INFO - Setting next_dagrun for read_dataset_event_from_classic to 2024-11-25 00:00:00+00:00, run_after=2024-11-26 00:00:00+00:00
[2024-11-26T15:56:00.362-0600] {processor.py:208} INFO - Processing /Library/Frameworks/Python.framework/Versions/3.8/lib/python3.8/site-packages/airflow/example_dags/example_inlet_event_extra.py took 0.073 seconds
[2024-11-26T15:58:18.858-0600] {processor.py:186} INFO - Started process (PID=26325) to work on /Library/Frameworks/Python.framework/Versions/3.8/lib/python3.8/site-packages/airflow/example_dags/example_inlet_event_extra.py
[2024-11-26T15:58:18.859-0600] {processor.py:914} INFO - Processing file /Library/Frameworks/Python.framework/Versions/3.8/lib/python3.8/site-packages/airflow/example_dags/example_inlet_event_extra.py for tasks to queue
[2024-11-26T15:58:18.859-0600] {logging_mixin.py:190} INFO - [2024-11-26T15:58:18.859-0600] {dagbag.py:588} INFO - Filling up the DagBag from /Library/Frameworks/Python.framework/Versions/3.8/lib/python3.8/site-packages/airflow/example_dags/example_inlet_event_extra.py
[2024-11-26T15:58:18.881-0600] {processor.py:925} INFO - DAG(s) 'read_dataset_event', 'read_dataset_event_from_classic' retrieved from /Library/Frameworks/Python.framework/Versions/3.8/lib/python3.8/site-packages/airflow/example_dags/example_inlet_event_extra.py
[2024-11-26T15:58:18.916-0600] {logging_mixin.py:190} INFO - [2024-11-26T15:58:18.916-0600] {dag.py:3239} INFO - Sync 2 DAGs
[2024-11-26T15:58:18.923-0600] {logging_mixin.py:190} INFO - [2024-11-26T15:58:18.923-0600] {dag.py:4180} INFO - Setting next_dagrun for read_dataset_event to 2024-11-25 00:00:00+00:00, run_after=2024-11-26 00:00:00+00:00
[2024-11-26T15:58:18.924-0600] {logging_mixin.py:190} INFO - [2024-11-26T15:58:18.924-0600] {dag.py:4180} INFO - Setting next_dagrun for read_dataset_event_from_classic to 2024-11-25 00:00:00+00:00, run_after=2024-11-26 00:00:00+00:00
[2024-11-26T15:58:18.929-0600] {processor.py:208} INFO - Processing /Library/Frameworks/Python.framework/Versions/3.8/lib/python3.8/site-packages/airflow/example_dags/example_inlet_event_extra.py took 0.072 seconds
[2024-11-26T16:00:35.011-0600] {processor.py:186} INFO - Started process (PID=26609) to work on /Library/Frameworks/Python.framework/Versions/3.8/lib/python3.8/site-packages/airflow/example_dags/example_inlet_event_extra.py
[2024-11-26T16:00:35.012-0600] {processor.py:914} INFO - Processing file /Library/Frameworks/Python.framework/Versions/3.8/lib/python3.8/site-packages/airflow/example_dags/example_inlet_event_extra.py for tasks to queue
[2024-11-26T16:00:35.013-0600] {logging_mixin.py:190} INFO - [2024-11-26T16:00:35.013-0600] {dagbag.py:588} INFO - Filling up the DagBag from /Library/Frameworks/Python.framework/Versions/3.8/lib/python3.8/site-packages/airflow/example_dags/example_inlet_event_extra.py
[2024-11-26T16:00:35.035-0600] {processor.py:925} INFO - DAG(s) 'read_dataset_event_from_classic', 'read_dataset_event' retrieved from /Library/Frameworks/Python.framework/Versions/3.8/lib/python3.8/site-packages/airflow/example_dags/example_inlet_event_extra.py
[2024-11-26T16:00:35.070-0600] {logging_mixin.py:190} INFO - [2024-11-26T16:00:35.069-0600] {dag.py:3239} INFO - Sync 2 DAGs
[2024-11-26T16:00:35.076-0600] {logging_mixin.py:190} INFO - [2024-11-26T16:00:35.076-0600] {dag.py:4180} INFO - Setting next_dagrun for read_dataset_event to 2024-11-25 00:00:00+00:00, run_after=2024-11-26 00:00:00+00:00
[2024-11-26T16:00:35.078-0600] {logging_mixin.py:190} INFO - [2024-11-26T16:00:35.078-0600] {dag.py:4180} INFO - Setting next_dagrun for read_dataset_event_from_classic to 2024-11-25 00:00:00+00:00, run_after=2024-11-26 00:00:00+00:00
[2024-11-26T16:00:35.082-0600] {processor.py:208} INFO - Processing /Library/Frameworks/Python.framework/Versions/3.8/lib/python3.8/site-packages/airflow/example_dags/example_inlet_event_extra.py took 0.072 seconds
[2024-11-26T16:02:48.759-0600] {processor.py:186} INFO - Started process (PID=26865) to work on /Library/Frameworks/Python.framework/Versions/3.8/lib/python3.8/site-packages/airflow/example_dags/example_inlet_event_extra.py
[2024-11-26T16:02:48.759-0600] {processor.py:914} INFO - Processing file /Library/Frameworks/Python.framework/Versions/3.8/lib/python3.8/site-packages/airflow/example_dags/example_inlet_event_extra.py for tasks to queue
[2024-11-26T16:02:48.760-0600] {logging_mixin.py:190} INFO - [2024-11-26T16:02:48.760-0600] {dagbag.py:588} INFO - Filling up the DagBag from /Library/Frameworks/Python.framework/Versions/3.8/lib/python3.8/site-packages/airflow/example_dags/example_inlet_event_extra.py
[2024-11-26T16:02:48.782-0600] {processor.py:925} INFO - DAG(s) 'read_dataset_event', 'read_dataset_event_from_classic' retrieved from /Library/Frameworks/Python.framework/Versions/3.8/lib/python3.8/site-packages/airflow/example_dags/example_inlet_event_extra.py
[2024-11-26T16:02:48.817-0600] {logging_mixin.py:190} INFO - [2024-11-26T16:02:48.817-0600] {dag.py:3239} INFO - Sync 2 DAGs
[2024-11-26T16:02:48.823-0600] {logging_mixin.py:190} INFO - [2024-11-26T16:02:48.823-0600] {dag.py:4180} INFO - Setting next_dagrun for read_dataset_event to 2024-11-25 00:00:00+00:00, run_after=2024-11-26 00:00:00+00:00
[2024-11-26T16:02:48.825-0600] {logging_mixin.py:190} INFO - [2024-11-26T16:02:48.824-0600] {dag.py:4180} INFO - Setting next_dagrun for read_dataset_event_from_classic to 2024-11-25 00:00:00+00:00, run_after=2024-11-26 00:00:00+00:00
[2024-11-26T16:02:48.829-0600] {processor.py:208} INFO - Processing /Library/Frameworks/Python.framework/Versions/3.8/lib/python3.8/site-packages/airflow/example_dags/example_inlet_event_extra.py took 0.072 seconds
[2024-11-26T16:05:04.645-0600] {processor.py:186} INFO - Started process (PID=27116) to work on /Library/Frameworks/Python.framework/Versions/3.8/lib/python3.8/site-packages/airflow/example_dags/example_inlet_event_extra.py
[2024-11-26T16:05:04.646-0600] {processor.py:914} INFO - Processing file /Library/Frameworks/Python.framework/Versions/3.8/lib/python3.8/site-packages/airflow/example_dags/example_inlet_event_extra.py for tasks to queue
[2024-11-26T16:05:04.646-0600] {logging_mixin.py:190} INFO - [2024-11-26T16:05:04.646-0600] {dagbag.py:588} INFO - Filling up the DagBag from /Library/Frameworks/Python.framework/Versions/3.8/lib/python3.8/site-packages/airflow/example_dags/example_inlet_event_extra.py
[2024-11-26T16:05:04.668-0600] {processor.py:925} INFO - DAG(s) 'read_dataset_event_from_classic', 'read_dataset_event' retrieved from /Library/Frameworks/Python.framework/Versions/3.8/lib/python3.8/site-packages/airflow/example_dags/example_inlet_event_extra.py
[2024-11-26T16:05:04.702-0600] {logging_mixin.py:190} INFO - [2024-11-26T16:05:04.702-0600] {dag.py:3239} INFO - Sync 2 DAGs
[2024-11-26T16:05:04.708-0600] {logging_mixin.py:190} INFO - [2024-11-26T16:05:04.708-0600] {dag.py:4180} INFO - Setting next_dagrun for read_dataset_event to 2024-11-25 00:00:00+00:00, run_after=2024-11-26 00:00:00+00:00
[2024-11-26T16:05:04.710-0600] {logging_mixin.py:190} INFO - [2024-11-26T16:05:04.710-0600] {dag.py:4180} INFO - Setting next_dagrun for read_dataset_event_from_classic to 2024-11-25 00:00:00+00:00, run_after=2024-11-26 00:00:00+00:00
[2024-11-26T16:05:04.714-0600] {processor.py:208} INFO - Processing /Library/Frameworks/Python.framework/Versions/3.8/lib/python3.8/site-packages/airflow/example_dags/example_inlet_event_extra.py took 0.070 seconds
[2024-11-26T17:17:43.591-0600] {processor.py:186} INFO - Started process (PID=27374) to work on /Library/Frameworks/Python.framework/Versions/3.8/lib/python3.8/site-packages/airflow/example_dags/example_inlet_event_extra.py
[2024-11-26T17:17:43.592-0600] {processor.py:914} INFO - Processing file /Library/Frameworks/Python.framework/Versions/3.8/lib/python3.8/site-packages/airflow/example_dags/example_inlet_event_extra.py for tasks to queue
[2024-11-26T17:17:43.592-0600] {logging_mixin.py:190} INFO - [2024-11-26T17:17:43.592-0600] {dagbag.py:588} INFO - Filling up the DagBag from /Library/Frameworks/Python.framework/Versions/3.8/lib/python3.8/site-packages/airflow/example_dags/example_inlet_event_extra.py
[2024-11-26T17:17:43.618-0600] {processor.py:925} INFO - DAG(s) 'read_dataset_event_from_classic', 'read_dataset_event' retrieved from /Library/Frameworks/Python.framework/Versions/3.8/lib/python3.8/site-packages/airflow/example_dags/example_inlet_event_extra.py
[2024-11-26T17:17:43.650-0600] {logging_mixin.py:190} INFO - [2024-11-26T17:17:43.650-0600] {dag.py:3239} INFO - Sync 2 DAGs
[2024-11-26T17:17:43.657-0600] {logging_mixin.py:190} INFO - [2024-11-26T17:17:43.657-0600] {dag.py:4180} INFO - Setting next_dagrun for read_dataset_event to 2024-11-25 00:00:00+00:00, run_after=2024-11-26 00:00:00+00:00
[2024-11-26T17:17:43.658-0600] {logging_mixin.py:190} INFO - [2024-11-26T17:17:43.658-0600] {dag.py:4180} INFO - Setting next_dagrun for read_dataset_event_from_classic to 2024-11-25 00:00:00+00:00, run_after=2024-11-26 00:00:00+00:00
[2024-11-26T17:17:43.662-0600] {processor.py:208} INFO - Processing /Library/Frameworks/Python.framework/Versions/3.8/lib/python3.8/site-packages/airflow/example_dags/example_inlet_event_extra.py took 0.072 seconds
