[2024-11-26T14:17:50.258-0600] {processor.py:186} INFO - Started process (PID=17860) to work on /Users/beprathap/PycharmProjects/YouTube-airflow/airflow-venv/lib/python3.8/site-packages/airflow/example_dags/example_task_group.py
[2024-11-26T14:17:50.258-0600] {processor.py:914} INFO - Processing file /Users/beprathap/PycharmProjects/YouTube-airflow/airflow-venv/lib/python3.8/site-packages/airflow/example_dags/example_task_group.py for tasks to queue
[2024-11-26T14:17:50.258-0600] {logging_mixin.py:190} INFO - [2024-11-26T14:17:50.258-0600] {dagbag.py:588} INFO - Filling up the DagBag from /Users/beprathap/PycharmProjects/YouTube-airflow/airflow-venv/lib/python3.8/site-packages/airflow/example_dags/example_task_group.py
[2024-11-26T14:17:50.261-0600] {processor.py:925} INFO - DAG(s) 'example_task_group' retrieved from /Users/beprathap/PycharmProjects/YouTube-airflow/airflow-venv/lib/python3.8/site-packages/airflow/example_dags/example_task_group.py
[2024-11-26T14:17:50.322-0600] {logging_mixin.py:190} INFO - [2024-11-26T14:17:50.322-0600] {override.py:1901} INFO - Created Permission View: can delete on DAG:example_task_group
[2024-11-26T14:17:50.324-0600] {logging_mixin.py:190} INFO - [2024-11-26T14:17:50.324-0600] {override.py:1901} INFO - Created Permission View: can read on DAG:example_task_group
[2024-11-26T14:17:50.326-0600] {logging_mixin.py:190} INFO - [2024-11-26T14:17:50.326-0600] {override.py:1901} INFO - Created Permission View: can edit on DAG:example_task_group
[2024-11-26T14:17:50.328-0600] {logging_mixin.py:190} INFO - [2024-11-26T14:17:50.327-0600] {override.py:1901} INFO - Created Permission View: can delete on DAG Run:example_task_group
[2024-11-26T14:17:50.329-0600] {logging_mixin.py:190} INFO - [2024-11-26T14:17:50.329-0600] {override.py:1901} INFO - Created Permission View: menu access on DAG Run:example_task_group
[2024-11-26T14:17:50.331-0600] {logging_mixin.py:190} INFO - [2024-11-26T14:17:50.331-0600] {override.py:1901} INFO - Created Permission View: can read on DAG Run:example_task_group
[2024-11-26T14:17:50.332-0600] {logging_mixin.py:190} INFO - [2024-11-26T14:17:50.332-0600] {override.py:1901} INFO - Created Permission View: can create on DAG Run:example_task_group
[2024-11-26T14:17:50.332-0600] {logging_mixin.py:190} INFO - [2024-11-26T14:17:50.332-0600] {dag.py:3239} INFO - Sync 1 DAGs
[2024-11-26T14:17:50.336-0600] {logging_mixin.py:190} INFO - [2024-11-26T14:17:50.336-0600] {dag.py:3262} INFO - Creating ORM DAG for example_task_group
[2024-11-26T14:17:50.336-0600] {logging_mixin.py:190} INFO - [2024-11-26T14:17:50.336-0600] {dag.py:4180} INFO - Setting next_dagrun for example_task_group to None, run_after=None
[2024-11-26T14:17:50.341-0600] {processor.py:208} INFO - Processing /Users/beprathap/PycharmProjects/YouTube-airflow/airflow-venv/lib/python3.8/site-packages/airflow/example_dags/example_task_group.py took 0.084 seconds
[2024-11-26T14:19:28.808-0600] {processor.py:186} INFO - Started process (PID=18040) to work on /Users/beprathap/PycharmProjects/YouTube-airflow/airflow-venv/lib/python3.8/site-packages/airflow/example_dags/example_task_group.py
[2024-11-26T14:19:28.808-0600] {processor.py:914} INFO - Processing file /Users/beprathap/PycharmProjects/YouTube-airflow/airflow-venv/lib/python3.8/site-packages/airflow/example_dags/example_task_group.py for tasks to queue
[2024-11-26T14:19:28.809-0600] {logging_mixin.py:190} INFO - [2024-11-26T14:19:28.809-0600] {dagbag.py:588} INFO - Filling up the DagBag from /Users/beprathap/PycharmProjects/YouTube-airflow/airflow-venv/lib/python3.8/site-packages/airflow/example_dags/example_task_group.py
[2024-11-26T14:19:28.812-0600] {processor.py:925} INFO - DAG(s) 'example_task_group' retrieved from /Users/beprathap/PycharmProjects/YouTube-airflow/airflow-venv/lib/python3.8/site-packages/airflow/example_dags/example_task_group.py
[2024-11-26T14:19:28.845-0600] {logging_mixin.py:190} INFO - [2024-11-26T14:19:28.845-0600] {dag.py:3239} INFO - Sync 1 DAGs
[2024-11-26T14:19:28.849-0600] {logging_mixin.py:190} INFO - [2024-11-26T14:19:28.849-0600] {dag.py:4180} INFO - Setting next_dagrun for example_task_group to None, run_after=None
[2024-11-26T14:19:28.854-0600] {processor.py:208} INFO - Processing /Users/beprathap/PycharmProjects/YouTube-airflow/airflow-venv/lib/python3.8/site-packages/airflow/example_dags/example_task_group.py took 0.048 seconds
[2024-11-26T14:20:36.781-0600] {processor.py:186} INFO - Started process (PID=18164) to work on /Users/beprathap/PycharmProjects/YouTube-airflow/airflow-venv/lib/python3.8/site-packages/airflow/example_dags/example_task_group.py
[2024-11-26T14:20:36.781-0600] {processor.py:914} INFO - Processing file /Users/beprathap/PycharmProjects/YouTube-airflow/airflow-venv/lib/python3.8/site-packages/airflow/example_dags/example_task_group.py for tasks to queue
[2024-11-26T14:20:36.781-0600] {logging_mixin.py:190} INFO - [2024-11-26T14:20:36.781-0600] {dagbag.py:588} INFO - Filling up the DagBag from /Users/beprathap/PycharmProjects/YouTube-airflow/airflow-venv/lib/python3.8/site-packages/airflow/example_dags/example_task_group.py
[2024-11-26T14:20:36.784-0600] {processor.py:925} INFO - DAG(s) 'example_task_group' retrieved from /Users/beprathap/PycharmProjects/YouTube-airflow/airflow-venv/lib/python3.8/site-packages/airflow/example_dags/example_task_group.py
[2024-11-26T14:20:36.818-0600] {logging_mixin.py:190} INFO - [2024-11-26T14:20:36.817-0600] {dag.py:3239} INFO - Sync 1 DAGs
[2024-11-26T14:20:36.821-0600] {logging_mixin.py:190} INFO - [2024-11-26T14:20:36.821-0600] {dag.py:4180} INFO - Setting next_dagrun for example_task_group to None, run_after=None
[2024-11-26T14:20:36.826-0600] {processor.py:208} INFO - Processing /Users/beprathap/PycharmProjects/YouTube-airflow/airflow-venv/lib/python3.8/site-packages/airflow/example_dags/example_task_group.py took 0.047 seconds
[2024-11-26T14:21:45.320-0600] {processor.py:186} INFO - Started process (PID=18298) to work on /Users/beprathap/PycharmProjects/YouTube-airflow/airflow-venv/lib/python3.8/site-packages/airflow/example_dags/example_task_group.py
[2024-11-26T14:21:45.320-0600] {processor.py:914} INFO - Processing file /Users/beprathap/PycharmProjects/YouTube-airflow/airflow-venv/lib/python3.8/site-packages/airflow/example_dags/example_task_group.py for tasks to queue
[2024-11-26T14:21:45.320-0600] {logging_mixin.py:190} INFO - [2024-11-26T14:21:45.320-0600] {dagbag.py:588} INFO - Filling up the DagBag from /Users/beprathap/PycharmProjects/YouTube-airflow/airflow-venv/lib/python3.8/site-packages/airflow/example_dags/example_task_group.py
[2024-11-26T14:21:45.323-0600] {processor.py:925} INFO - DAG(s) 'example_task_group' retrieved from /Users/beprathap/PycharmProjects/YouTube-airflow/airflow-venv/lib/python3.8/site-packages/airflow/example_dags/example_task_group.py
[2024-11-26T14:21:45.357-0600] {logging_mixin.py:190} INFO - [2024-11-26T14:21:45.357-0600] {dag.py:3239} INFO - Sync 1 DAGs
[2024-11-26T14:21:45.361-0600] {logging_mixin.py:190} INFO - [2024-11-26T14:21:45.361-0600] {dag.py:4180} INFO - Setting next_dagrun for example_task_group to None, run_after=None
[2024-11-26T14:21:45.367-0600] {processor.py:208} INFO - Processing /Users/beprathap/PycharmProjects/YouTube-airflow/airflow-venv/lib/python3.8/site-packages/airflow/example_dags/example_task_group.py took 0.048 seconds
[2024-11-26T14:22:52.035-0600] {processor.py:186} INFO - Started process (PID=18433) to work on /Users/beprathap/PycharmProjects/YouTube-airflow/airflow-venv/lib/python3.8/site-packages/airflow/example_dags/example_task_group.py
[2024-11-26T14:22:52.035-0600] {processor.py:914} INFO - Processing file /Users/beprathap/PycharmProjects/YouTube-airflow/airflow-venv/lib/python3.8/site-packages/airflow/example_dags/example_task_group.py for tasks to queue
[2024-11-26T14:22:52.035-0600] {logging_mixin.py:190} INFO - [2024-11-26T14:22:52.035-0600] {dagbag.py:588} INFO - Filling up the DagBag from /Users/beprathap/PycharmProjects/YouTube-airflow/airflow-venv/lib/python3.8/site-packages/airflow/example_dags/example_task_group.py
[2024-11-26T14:22:52.038-0600] {processor.py:925} INFO - DAG(s) 'example_task_group' retrieved from /Users/beprathap/PycharmProjects/YouTube-airflow/airflow-venv/lib/python3.8/site-packages/airflow/example_dags/example_task_group.py
[2024-11-26T14:22:52.072-0600] {logging_mixin.py:190} INFO - [2024-11-26T14:22:52.072-0600] {dag.py:3239} INFO - Sync 1 DAGs
[2024-11-26T14:22:52.076-0600] {logging_mixin.py:190} INFO - [2024-11-26T14:22:52.076-0600] {dag.py:4180} INFO - Setting next_dagrun for example_task_group to None, run_after=None
[2024-11-26T14:22:52.081-0600] {processor.py:208} INFO - Processing /Users/beprathap/PycharmProjects/YouTube-airflow/airflow-venv/lib/python3.8/site-packages/airflow/example_dags/example_task_group.py took 0.048 seconds
[2024-11-26T14:23:56.450-0600] {processor.py:186} INFO - Started process (PID=18569) to work on /Users/beprathap/PycharmProjects/YouTube-airflow/airflow-venv/lib/python3.8/site-packages/airflow/example_dags/example_task_group.py
[2024-11-26T14:23:56.452-0600] {processor.py:914} INFO - Processing file /Users/beprathap/PycharmProjects/YouTube-airflow/airflow-venv/lib/python3.8/site-packages/airflow/example_dags/example_task_group.py for tasks to queue
[2024-11-26T14:23:56.452-0600] {logging_mixin.py:190} INFO - [2024-11-26T14:23:56.452-0600] {dagbag.py:588} INFO - Filling up the DagBag from /Users/beprathap/PycharmProjects/YouTube-airflow/airflow-venv/lib/python3.8/site-packages/airflow/example_dags/example_task_group.py
[2024-11-26T14:23:56.455-0600] {processor.py:925} INFO - DAG(s) 'example_task_group' retrieved from /Users/beprathap/PycharmProjects/YouTube-airflow/airflow-venv/lib/python3.8/site-packages/airflow/example_dags/example_task_group.py
[2024-11-26T14:23:56.489-0600] {logging_mixin.py:190} INFO - [2024-11-26T14:23:56.489-0600] {dag.py:3239} INFO - Sync 1 DAGs
[2024-11-26T14:23:56.493-0600] {logging_mixin.py:190} INFO - [2024-11-26T14:23:56.493-0600] {dag.py:4180} INFO - Setting next_dagrun for example_task_group to None, run_after=None
[2024-11-26T14:23:56.498-0600] {processor.py:208} INFO - Processing /Users/beprathap/PycharmProjects/YouTube-airflow/airflow-venv/lib/python3.8/site-packages/airflow/example_dags/example_task_group.py took 0.050 seconds
[2024-11-26T14:25:02.112-0600] {processor.py:186} INFO - Started process (PID=18700) to work on /Users/beprathap/PycharmProjects/YouTube-airflow/airflow-venv/lib/python3.8/site-packages/airflow/example_dags/example_task_group.py
[2024-11-26T14:25:02.114-0600] {processor.py:914} INFO - Processing file /Users/beprathap/PycharmProjects/YouTube-airflow/airflow-venv/lib/python3.8/site-packages/airflow/example_dags/example_task_group.py for tasks to queue
[2024-11-26T14:25:02.115-0600] {logging_mixin.py:190} INFO - [2024-11-26T14:25:02.114-0600] {dagbag.py:588} INFO - Filling up the DagBag from /Users/beprathap/PycharmProjects/YouTube-airflow/airflow-venv/lib/python3.8/site-packages/airflow/example_dags/example_task_group.py
[2024-11-26T14:25:02.117-0600] {processor.py:925} INFO - DAG(s) 'example_task_group' retrieved from /Users/beprathap/PycharmProjects/YouTube-airflow/airflow-venv/lib/python3.8/site-packages/airflow/example_dags/example_task_group.py
[2024-11-26T14:25:02.152-0600] {logging_mixin.py:190} INFO - [2024-11-26T14:25:02.152-0600] {dag.py:3239} INFO - Sync 1 DAGs
[2024-11-26T14:25:02.156-0600] {logging_mixin.py:190} INFO - [2024-11-26T14:25:02.156-0600] {dag.py:4180} INFO - Setting next_dagrun for example_task_group to None, run_after=None
[2024-11-26T14:25:02.161-0600] {processor.py:208} INFO - Processing /Users/beprathap/PycharmProjects/YouTube-airflow/airflow-venv/lib/python3.8/site-packages/airflow/example_dags/example_task_group.py took 0.050 seconds
[2024-11-26T14:26:07.390-0600] {processor.py:186} INFO - Started process (PID=18823) to work on /Users/beprathap/PycharmProjects/YouTube-airflow/airflow-venv/lib/python3.8/site-packages/airflow/example_dags/example_task_group.py
[2024-11-26T14:26:07.390-0600] {processor.py:914} INFO - Processing file /Users/beprathap/PycharmProjects/YouTube-airflow/airflow-venv/lib/python3.8/site-packages/airflow/example_dags/example_task_group.py for tasks to queue
[2024-11-26T14:26:07.390-0600] {logging_mixin.py:190} INFO - [2024-11-26T14:26:07.390-0600] {dagbag.py:588} INFO - Filling up the DagBag from /Users/beprathap/PycharmProjects/YouTube-airflow/airflow-venv/lib/python3.8/site-packages/airflow/example_dags/example_task_group.py
[2024-11-26T14:26:07.393-0600] {processor.py:925} INFO - DAG(s) 'example_task_group' retrieved from /Users/beprathap/PycharmProjects/YouTube-airflow/airflow-venv/lib/python3.8/site-packages/airflow/example_dags/example_task_group.py
[2024-11-26T14:26:07.428-0600] {logging_mixin.py:190} INFO - [2024-11-26T14:26:07.428-0600] {dag.py:3239} INFO - Sync 1 DAGs
[2024-11-26T14:26:07.432-0600] {logging_mixin.py:190} INFO - [2024-11-26T14:26:07.432-0600] {dag.py:4180} INFO - Setting next_dagrun for example_task_group to None, run_after=None
[2024-11-26T14:26:07.437-0600] {processor.py:208} INFO - Processing /Users/beprathap/PycharmProjects/YouTube-airflow/airflow-venv/lib/python3.8/site-packages/airflow/example_dags/example_task_group.py took 0.049 seconds
[2024-11-26T14:27:09.634-0600] {processor.py:186} INFO - Started process (PID=18938) to work on /Users/beprathap/PycharmProjects/YouTube-airflow/airflow-venv/lib/python3.8/site-packages/airflow/example_dags/example_task_group.py
[2024-11-26T14:27:09.634-0600] {processor.py:914} INFO - Processing file /Users/beprathap/PycharmProjects/YouTube-airflow/airflow-venv/lib/python3.8/site-packages/airflow/example_dags/example_task_group.py for tasks to queue
[2024-11-26T14:27:09.634-0600] {logging_mixin.py:190} INFO - [2024-11-26T14:27:09.634-0600] {dagbag.py:588} INFO - Filling up the DagBag from /Users/beprathap/PycharmProjects/YouTube-airflow/airflow-venv/lib/python3.8/site-packages/airflow/example_dags/example_task_group.py
[2024-11-26T14:27:09.637-0600] {processor.py:925} INFO - DAG(s) 'example_task_group' retrieved from /Users/beprathap/PycharmProjects/YouTube-airflow/airflow-venv/lib/python3.8/site-packages/airflow/example_dags/example_task_group.py
[2024-11-26T14:27:09.671-0600] {logging_mixin.py:190} INFO - [2024-11-26T14:27:09.671-0600] {dag.py:3239} INFO - Sync 1 DAGs
[2024-11-26T14:27:09.675-0600] {logging_mixin.py:190} INFO - [2024-11-26T14:27:09.675-0600] {dag.py:4180} INFO - Setting next_dagrun for example_task_group to None, run_after=None
[2024-11-26T14:27:09.680-0600] {processor.py:208} INFO - Processing /Users/beprathap/PycharmProjects/YouTube-airflow/airflow-venv/lib/python3.8/site-packages/airflow/example_dags/example_task_group.py took 0.048 seconds
[2024-11-26T14:28:14.174-0600] {processor.py:186} INFO - Started process (PID=19052) to work on /Users/beprathap/PycharmProjects/YouTube-airflow/airflow-venv/lib/python3.8/site-packages/airflow/example_dags/example_task_group.py
[2024-11-26T14:28:14.174-0600] {processor.py:914} INFO - Processing file /Users/beprathap/PycharmProjects/YouTube-airflow/airflow-venv/lib/python3.8/site-packages/airflow/example_dags/example_task_group.py for tasks to queue
[2024-11-26T14:28:14.174-0600] {logging_mixin.py:190} INFO - [2024-11-26T14:28:14.174-0600] {dagbag.py:588} INFO - Filling up the DagBag from /Users/beprathap/PycharmProjects/YouTube-airflow/airflow-venv/lib/python3.8/site-packages/airflow/example_dags/example_task_group.py
[2024-11-26T14:28:14.177-0600] {processor.py:925} INFO - DAG(s) 'example_task_group' retrieved from /Users/beprathap/PycharmProjects/YouTube-airflow/airflow-venv/lib/python3.8/site-packages/airflow/example_dags/example_task_group.py
[2024-11-26T14:28:14.212-0600] {logging_mixin.py:190} INFO - [2024-11-26T14:28:14.212-0600] {dag.py:3239} INFO - Sync 1 DAGs
[2024-11-26T14:28:14.216-0600] {logging_mixin.py:190} INFO - [2024-11-26T14:28:14.216-0600] {dag.py:4180} INFO - Setting next_dagrun for example_task_group to None, run_after=None
[2024-11-26T14:28:14.221-0600] {processor.py:208} INFO - Processing /Users/beprathap/PycharmProjects/YouTube-airflow/airflow-venv/lib/python3.8/site-packages/airflow/example_dags/example_task_group.py took 0.049 seconds
[2024-11-26T14:29:15.268-0600] {processor.py:186} INFO - Started process (PID=19174) to work on /Users/beprathap/PycharmProjects/YouTube-airflow/airflow-venv/lib/python3.8/site-packages/airflow/example_dags/example_task_group.py
[2024-11-26T14:29:15.268-0600] {processor.py:914} INFO - Processing file /Users/beprathap/PycharmProjects/YouTube-airflow/airflow-venv/lib/python3.8/site-packages/airflow/example_dags/example_task_group.py for tasks to queue
[2024-11-26T14:29:15.268-0600] {logging_mixin.py:190} INFO - [2024-11-26T14:29:15.268-0600] {dagbag.py:588} INFO - Filling up the DagBag from /Users/beprathap/PycharmProjects/YouTube-airflow/airflow-venv/lib/python3.8/site-packages/airflow/example_dags/example_task_group.py
[2024-11-26T14:29:15.271-0600] {processor.py:925} INFO - DAG(s) 'example_task_group' retrieved from /Users/beprathap/PycharmProjects/YouTube-airflow/airflow-venv/lib/python3.8/site-packages/airflow/example_dags/example_task_group.py
[2024-11-26T14:29:15.307-0600] {logging_mixin.py:190} INFO - [2024-11-26T14:29:15.307-0600] {dag.py:3239} INFO - Sync 1 DAGs
[2024-11-26T14:29:15.310-0600] {logging_mixin.py:190} INFO - [2024-11-26T14:29:15.310-0600] {dag.py:4180} INFO - Setting next_dagrun for example_task_group to None, run_after=None
[2024-11-26T14:29:15.316-0600] {processor.py:208} INFO - Processing /Users/beprathap/PycharmProjects/YouTube-airflow/airflow-venv/lib/python3.8/site-packages/airflow/example_dags/example_task_group.py took 0.049 seconds
[2024-11-26T14:30:21.043-0600] {processor.py:186} INFO - Started process (PID=19302) to work on /Users/beprathap/PycharmProjects/YouTube-airflow/airflow-venv/lib/python3.8/site-packages/airflow/example_dags/example_task_group.py
[2024-11-26T14:30:21.043-0600] {processor.py:914} INFO - Processing file /Users/beprathap/PycharmProjects/YouTube-airflow/airflow-venv/lib/python3.8/site-packages/airflow/example_dags/example_task_group.py for tasks to queue
[2024-11-26T14:30:21.044-0600] {logging_mixin.py:190} INFO - [2024-11-26T14:30:21.044-0600] {dagbag.py:588} INFO - Filling up the DagBag from /Users/beprathap/PycharmProjects/YouTube-airflow/airflow-venv/lib/python3.8/site-packages/airflow/example_dags/example_task_group.py
[2024-11-26T14:30:21.047-0600] {processor.py:925} INFO - DAG(s) 'example_task_group' retrieved from /Users/beprathap/PycharmProjects/YouTube-airflow/airflow-venv/lib/python3.8/site-packages/airflow/example_dags/example_task_group.py
[2024-11-26T14:30:21.081-0600] {logging_mixin.py:190} INFO - [2024-11-26T14:30:21.081-0600] {dag.py:3239} INFO - Sync 1 DAGs
[2024-11-26T14:30:21.085-0600] {logging_mixin.py:190} INFO - [2024-11-26T14:30:21.085-0600] {dag.py:4180} INFO - Setting next_dagrun for example_task_group to None, run_after=None
[2024-11-26T14:30:21.090-0600] {processor.py:208} INFO - Processing /Users/beprathap/PycharmProjects/YouTube-airflow/airflow-venv/lib/python3.8/site-packages/airflow/example_dags/example_task_group.py took 0.048 seconds
[2024-11-26T14:36:13.325-0600] {processor.py:186} INFO - Started process (PID=19538) to work on /Users/beprathap/PycharmProjects/YouTube-airflow/airflow-venv/lib/python3.8/site-packages/airflow/example_dags/example_task_group.py
[2024-11-26T14:36:13.326-0600] {processor.py:914} INFO - Processing file /Users/beprathap/PycharmProjects/YouTube-airflow/airflow-venv/lib/python3.8/site-packages/airflow/example_dags/example_task_group.py for tasks to queue
[2024-11-26T14:36:13.326-0600] {logging_mixin.py:190} INFO - [2024-11-26T14:36:13.326-0600] {dagbag.py:588} INFO - Filling up the DagBag from /Users/beprathap/PycharmProjects/YouTube-airflow/airflow-venv/lib/python3.8/site-packages/airflow/example_dags/example_task_group.py
[2024-11-26T14:36:13.329-0600] {processor.py:925} INFO - DAG(s) 'example_task_group' retrieved from /Users/beprathap/PycharmProjects/YouTube-airflow/airflow-venv/lib/python3.8/site-packages/airflow/example_dags/example_task_group.py
[2024-11-26T14:36:13.363-0600] {logging_mixin.py:190} INFO - [2024-11-26T14:36:13.363-0600] {dag.py:3239} INFO - Sync 1 DAGs
[2024-11-26T14:36:13.366-0600] {logging_mixin.py:190} INFO - [2024-11-26T14:36:13.366-0600] {dag.py:4180} INFO - Setting next_dagrun for example_task_group to None, run_after=None
[2024-11-26T14:36:13.372-0600] {processor.py:208} INFO - Processing /Users/beprathap/PycharmProjects/YouTube-airflow/airflow-venv/lib/python3.8/site-packages/airflow/example_dags/example_task_group.py took 0.048 seconds
[2024-11-26T14:37:53.342-0600] {processor.py:186} INFO - Started process (PID=19711) to work on /Users/beprathap/PycharmProjects/YouTube-airflow/airflow-venv/lib/python3.8/site-packages/airflow/example_dags/example_task_group.py
[2024-11-26T14:37:53.342-0600] {processor.py:914} INFO - Processing file /Users/beprathap/PycharmProjects/YouTube-airflow/airflow-venv/lib/python3.8/site-packages/airflow/example_dags/example_task_group.py for tasks to queue
[2024-11-26T14:37:53.343-0600] {logging_mixin.py:190} INFO - [2024-11-26T14:37:53.343-0600] {dagbag.py:588} INFO - Filling up the DagBag from /Users/beprathap/PycharmProjects/YouTube-airflow/airflow-venv/lib/python3.8/site-packages/airflow/example_dags/example_task_group.py
[2024-11-26T14:37:53.346-0600] {processor.py:925} INFO - DAG(s) 'example_task_group' retrieved from /Users/beprathap/PycharmProjects/YouTube-airflow/airflow-venv/lib/python3.8/site-packages/airflow/example_dags/example_task_group.py
[2024-11-26T14:37:53.379-0600] {logging_mixin.py:190} INFO - [2024-11-26T14:37:53.379-0600] {dag.py:3239} INFO - Sync 1 DAGs
[2024-11-26T14:37:53.383-0600] {logging_mixin.py:190} INFO - [2024-11-26T14:37:53.383-0600] {dag.py:4180} INFO - Setting next_dagrun for example_task_group to None, run_after=None
[2024-11-26T14:37:53.388-0600] {processor.py:208} INFO - Processing /Users/beprathap/PycharmProjects/YouTube-airflow/airflow-venv/lib/python3.8/site-packages/airflow/example_dags/example_task_group.py took 0.047 seconds
[2024-11-26T14:39:01.343-0600] {processor.py:186} INFO - Started process (PID=19842) to work on /Users/beprathap/PycharmProjects/YouTube-airflow/airflow-venv/lib/python3.8/site-packages/airflow/example_dags/example_task_group.py
[2024-11-26T14:39:01.343-0600] {processor.py:914} INFO - Processing file /Users/beprathap/PycharmProjects/YouTube-airflow/airflow-venv/lib/python3.8/site-packages/airflow/example_dags/example_task_group.py for tasks to queue
[2024-11-26T14:39:01.344-0600] {logging_mixin.py:190} INFO - [2024-11-26T14:39:01.344-0600] {dagbag.py:588} INFO - Filling up the DagBag from /Users/beprathap/PycharmProjects/YouTube-airflow/airflow-venv/lib/python3.8/site-packages/airflow/example_dags/example_task_group.py
[2024-11-26T14:39:01.347-0600] {processor.py:925} INFO - DAG(s) 'example_task_group' retrieved from /Users/beprathap/PycharmProjects/YouTube-airflow/airflow-venv/lib/python3.8/site-packages/airflow/example_dags/example_task_group.py
[2024-11-26T14:39:01.381-0600] {logging_mixin.py:190} INFO - [2024-11-26T14:39:01.381-0600] {dag.py:3239} INFO - Sync 1 DAGs
[2024-11-26T14:39:01.385-0600] {logging_mixin.py:190} INFO - [2024-11-26T14:39:01.385-0600] {dag.py:4180} INFO - Setting next_dagrun for example_task_group to None, run_after=None
[2024-11-26T14:39:01.390-0600] {processor.py:208} INFO - Processing /Users/beprathap/PycharmProjects/YouTube-airflow/airflow-venv/lib/python3.8/site-packages/airflow/example_dags/example_task_group.py took 0.048 seconds
[2024-11-26T14:40:11.980-0600] {processor.py:186} INFO - Started process (PID=19978) to work on /Users/beprathap/PycharmProjects/YouTube-airflow/airflow-venv/lib/python3.8/site-packages/airflow/example_dags/example_task_group.py
[2024-11-26T14:40:11.980-0600] {processor.py:914} INFO - Processing file /Users/beprathap/PycharmProjects/YouTube-airflow/airflow-venv/lib/python3.8/site-packages/airflow/example_dags/example_task_group.py for tasks to queue
[2024-11-26T14:40:11.980-0600] {logging_mixin.py:190} INFO - [2024-11-26T14:40:11.980-0600] {dagbag.py:588} INFO - Filling up the DagBag from /Users/beprathap/PycharmProjects/YouTube-airflow/airflow-venv/lib/python3.8/site-packages/airflow/example_dags/example_task_group.py
[2024-11-26T14:40:11.983-0600] {processor.py:925} INFO - DAG(s) 'example_task_group' retrieved from /Users/beprathap/PycharmProjects/YouTube-airflow/airflow-venv/lib/python3.8/site-packages/airflow/example_dags/example_task_group.py
[2024-11-26T14:40:12.018-0600] {logging_mixin.py:190} INFO - [2024-11-26T14:40:12.018-0600] {dag.py:3239} INFO - Sync 1 DAGs
[2024-11-26T14:40:12.022-0600] {logging_mixin.py:190} INFO - [2024-11-26T14:40:12.022-0600] {dag.py:4180} INFO - Setting next_dagrun for example_task_group to None, run_after=None
[2024-11-26T14:40:12.028-0600] {processor.py:208} INFO - Processing /Users/beprathap/PycharmProjects/YouTube-airflow/airflow-venv/lib/python3.8/site-packages/airflow/example_dags/example_task_group.py took 0.049 seconds
[2024-11-26T14:41:17.998-0600] {processor.py:186} INFO - Started process (PID=20099) to work on /Users/beprathap/PycharmProjects/YouTube-airflow/airflow-venv/lib/python3.8/site-packages/airflow/example_dags/example_task_group.py
[2024-11-26T14:41:17.998-0600] {processor.py:914} INFO - Processing file /Users/beprathap/PycharmProjects/YouTube-airflow/airflow-venv/lib/python3.8/site-packages/airflow/example_dags/example_task_group.py for tasks to queue
[2024-11-26T14:41:17.998-0600] {logging_mixin.py:190} INFO - [2024-11-26T14:41:17.998-0600] {dagbag.py:588} INFO - Filling up the DagBag from /Users/beprathap/PycharmProjects/YouTube-airflow/airflow-venv/lib/python3.8/site-packages/airflow/example_dags/example_task_group.py
[2024-11-26T14:41:18.001-0600] {processor.py:925} INFO - DAG(s) 'example_task_group' retrieved from /Users/beprathap/PycharmProjects/YouTube-airflow/airflow-venv/lib/python3.8/site-packages/airflow/example_dags/example_task_group.py
[2024-11-26T14:41:18.035-0600] {logging_mixin.py:190} INFO - [2024-11-26T14:41:18.035-0600] {dag.py:3239} INFO - Sync 1 DAGs
[2024-11-26T14:41:18.039-0600] {logging_mixin.py:190} INFO - [2024-11-26T14:41:18.039-0600] {dag.py:4180} INFO - Setting next_dagrun for example_task_group to None, run_after=None
[2024-11-26T14:41:18.044-0600] {processor.py:208} INFO - Processing /Users/beprathap/PycharmProjects/YouTube-airflow/airflow-venv/lib/python3.8/site-packages/airflow/example_dags/example_task_group.py took 0.048 seconds
[2024-11-26T14:42:22.498-0600] {processor.py:186} INFO - Started process (PID=20216) to work on /Users/beprathap/PycharmProjects/YouTube-airflow/airflow-venv/lib/python3.8/site-packages/airflow/example_dags/example_task_group.py
[2024-11-26T14:42:22.498-0600] {processor.py:914} INFO - Processing file /Users/beprathap/PycharmProjects/YouTube-airflow/airflow-venv/lib/python3.8/site-packages/airflow/example_dags/example_task_group.py for tasks to queue
[2024-11-26T14:42:22.498-0600] {logging_mixin.py:190} INFO - [2024-11-26T14:42:22.498-0600] {dagbag.py:588} INFO - Filling up the DagBag from /Users/beprathap/PycharmProjects/YouTube-airflow/airflow-venv/lib/python3.8/site-packages/airflow/example_dags/example_task_group.py
[2024-11-26T14:42:22.501-0600] {processor.py:925} INFO - DAG(s) 'example_task_group' retrieved from /Users/beprathap/PycharmProjects/YouTube-airflow/airflow-venv/lib/python3.8/site-packages/airflow/example_dags/example_task_group.py
[2024-11-26T14:42:22.535-0600] {logging_mixin.py:190} INFO - [2024-11-26T14:42:22.535-0600] {dag.py:3239} INFO - Sync 1 DAGs
[2024-11-26T14:42:22.539-0600] {logging_mixin.py:190} INFO - [2024-11-26T14:42:22.539-0600] {dag.py:4180} INFO - Setting next_dagrun for example_task_group to None, run_after=None
[2024-11-26T14:42:22.544-0600] {processor.py:208} INFO - Processing /Users/beprathap/PycharmProjects/YouTube-airflow/airflow-venv/lib/python3.8/site-packages/airflow/example_dags/example_task_group.py took 0.047 seconds
[2024-11-26T14:43:26.635-0600] {processor.py:186} INFO - Started process (PID=20334) to work on /Users/beprathap/PycharmProjects/YouTube-airflow/airflow-venv/lib/python3.8/site-packages/airflow/example_dags/example_task_group.py
[2024-11-26T14:43:26.636-0600] {processor.py:914} INFO - Processing file /Users/beprathap/PycharmProjects/YouTube-airflow/airflow-venv/lib/python3.8/site-packages/airflow/example_dags/example_task_group.py for tasks to queue
[2024-11-26T14:43:26.636-0600] {logging_mixin.py:190} INFO - [2024-11-26T14:43:26.636-0600] {dagbag.py:588} INFO - Filling up the DagBag from /Users/beprathap/PycharmProjects/YouTube-airflow/airflow-venv/lib/python3.8/site-packages/airflow/example_dags/example_task_group.py
[2024-11-26T14:43:26.639-0600] {processor.py:925} INFO - DAG(s) 'example_task_group' retrieved from /Users/beprathap/PycharmProjects/YouTube-airflow/airflow-venv/lib/python3.8/site-packages/airflow/example_dags/example_task_group.py
[2024-11-26T14:43:26.674-0600] {logging_mixin.py:190} INFO - [2024-11-26T14:43:26.674-0600] {dag.py:3239} INFO - Sync 1 DAGs
[2024-11-26T14:43:26.678-0600] {logging_mixin.py:190} INFO - [2024-11-26T14:43:26.678-0600] {dag.py:4180} INFO - Setting next_dagrun for example_task_group to None, run_after=None
[2024-11-26T14:43:26.683-0600] {processor.py:208} INFO - Processing /Users/beprathap/PycharmProjects/YouTube-airflow/airflow-venv/lib/python3.8/site-packages/airflow/example_dags/example_task_group.py took 0.049 seconds
[2024-11-26T14:44:35.812-0600] {processor.py:186} INFO - Started process (PID=20474) to work on /Users/beprathap/PycharmProjects/YouTube-airflow/airflow-venv/lib/python3.8/site-packages/airflow/example_dags/example_task_group.py
[2024-11-26T14:44:35.812-0600] {processor.py:914} INFO - Processing file /Users/beprathap/PycharmProjects/YouTube-airflow/airflow-venv/lib/python3.8/site-packages/airflow/example_dags/example_task_group.py for tasks to queue
[2024-11-26T14:44:35.813-0600] {logging_mixin.py:190} INFO - [2024-11-26T14:44:35.813-0600] {dagbag.py:588} INFO - Filling up the DagBag from /Users/beprathap/PycharmProjects/YouTube-airflow/airflow-venv/lib/python3.8/site-packages/airflow/example_dags/example_task_group.py
[2024-11-26T14:44:35.816-0600] {processor.py:925} INFO - DAG(s) 'example_task_group' retrieved from /Users/beprathap/PycharmProjects/YouTube-airflow/airflow-venv/lib/python3.8/site-packages/airflow/example_dags/example_task_group.py
[2024-11-26T14:44:35.850-0600] {logging_mixin.py:190} INFO - [2024-11-26T14:44:35.850-0600] {dag.py:3239} INFO - Sync 1 DAGs
[2024-11-26T14:44:35.854-0600] {logging_mixin.py:190} INFO - [2024-11-26T14:44:35.854-0600] {dag.py:4180} INFO - Setting next_dagrun for example_task_group to None, run_after=None
[2024-11-26T14:44:35.860-0600] {processor.py:208} INFO - Processing /Users/beprathap/PycharmProjects/YouTube-airflow/airflow-venv/lib/python3.8/site-packages/airflow/example_dags/example_task_group.py took 0.049 seconds
[2024-11-26T14:45:38.557-0600] {processor.py:186} INFO - Started process (PID=20601) to work on /Users/beprathap/PycharmProjects/YouTube-airflow/airflow-venv/lib/python3.8/site-packages/airflow/example_dags/example_task_group.py
[2024-11-26T14:45:38.557-0600] {processor.py:914} INFO - Processing file /Users/beprathap/PycharmProjects/YouTube-airflow/airflow-venv/lib/python3.8/site-packages/airflow/example_dags/example_task_group.py for tasks to queue
[2024-11-26T14:45:38.557-0600] {logging_mixin.py:190} INFO - [2024-11-26T14:45:38.557-0600] {dagbag.py:588} INFO - Filling up the DagBag from /Users/beprathap/PycharmProjects/YouTube-airflow/airflow-venv/lib/python3.8/site-packages/airflow/example_dags/example_task_group.py
[2024-11-26T14:45:38.560-0600] {processor.py:925} INFO - DAG(s) 'example_task_group' retrieved from /Users/beprathap/PycharmProjects/YouTube-airflow/airflow-venv/lib/python3.8/site-packages/airflow/example_dags/example_task_group.py
[2024-11-26T14:45:38.597-0600] {logging_mixin.py:190} INFO - [2024-11-26T14:45:38.596-0600] {dag.py:3239} INFO - Sync 1 DAGs
[2024-11-26T14:45:38.601-0600] {logging_mixin.py:190} INFO - [2024-11-26T14:45:38.601-0600] {dag.py:4180} INFO - Setting next_dagrun for example_task_group to None, run_after=None
[2024-11-26T14:45:38.606-0600] {processor.py:208} INFO - Processing /Users/beprathap/PycharmProjects/YouTube-airflow/airflow-venv/lib/python3.8/site-packages/airflow/example_dags/example_task_group.py took 0.051 seconds
[2024-11-26T14:46:46.204-0600] {processor.py:186} INFO - Started process (PID=20730) to work on /Users/beprathap/PycharmProjects/YouTube-airflow/airflow-venv/lib/python3.8/site-packages/airflow/example_dags/example_task_group.py
[2024-11-26T14:46:46.205-0600] {processor.py:914} INFO - Processing file /Users/beprathap/PycharmProjects/YouTube-airflow/airflow-venv/lib/python3.8/site-packages/airflow/example_dags/example_task_group.py for tasks to queue
[2024-11-26T14:46:46.205-0600] {logging_mixin.py:190} INFO - [2024-11-26T14:46:46.205-0600] {dagbag.py:588} INFO - Filling up the DagBag from /Users/beprathap/PycharmProjects/YouTube-airflow/airflow-venv/lib/python3.8/site-packages/airflow/example_dags/example_task_group.py
[2024-11-26T14:46:46.208-0600] {processor.py:925} INFO - DAG(s) 'example_task_group' retrieved from /Users/beprathap/PycharmProjects/YouTube-airflow/airflow-venv/lib/python3.8/site-packages/airflow/example_dags/example_task_group.py
[2024-11-26T14:46:46.242-0600] {logging_mixin.py:190} INFO - [2024-11-26T14:46:46.242-0600] {dag.py:3239} INFO - Sync 1 DAGs
[2024-11-26T14:46:46.246-0600] {logging_mixin.py:190} INFO - [2024-11-26T14:46:46.246-0600] {dag.py:4180} INFO - Setting next_dagrun for example_task_group to None, run_after=None
[2024-11-26T14:46:46.252-0600] {processor.py:208} INFO - Processing /Users/beprathap/PycharmProjects/YouTube-airflow/airflow-venv/lib/python3.8/site-packages/airflow/example_dags/example_task_group.py took 0.049 seconds
[2024-11-26T14:47:53.826-0600] {processor.py:186} INFO - Started process (PID=20865) to work on /Users/beprathap/PycharmProjects/YouTube-airflow/airflow-venv/lib/python3.8/site-packages/airflow/example_dags/example_task_group.py
[2024-11-26T14:47:53.826-0600] {processor.py:914} INFO - Processing file /Users/beprathap/PycharmProjects/YouTube-airflow/airflow-venv/lib/python3.8/site-packages/airflow/example_dags/example_task_group.py for tasks to queue
[2024-11-26T14:47:53.827-0600] {logging_mixin.py:190} INFO - [2024-11-26T14:47:53.827-0600] {dagbag.py:588} INFO - Filling up the DagBag from /Users/beprathap/PycharmProjects/YouTube-airflow/airflow-venv/lib/python3.8/site-packages/airflow/example_dags/example_task_group.py
[2024-11-26T14:47:53.829-0600] {processor.py:925} INFO - DAG(s) 'example_task_group' retrieved from /Users/beprathap/PycharmProjects/YouTube-airflow/airflow-venv/lib/python3.8/site-packages/airflow/example_dags/example_task_group.py
[2024-11-26T14:47:53.866-0600] {logging_mixin.py:190} INFO - [2024-11-26T14:47:53.866-0600] {dag.py:3239} INFO - Sync 1 DAGs
[2024-11-26T14:47:53.870-0600] {logging_mixin.py:190} INFO - [2024-11-26T14:47:53.870-0600] {dag.py:4180} INFO - Setting next_dagrun for example_task_group to None, run_after=None
[2024-11-26T14:47:53.876-0600] {processor.py:208} INFO - Processing /Users/beprathap/PycharmProjects/YouTube-airflow/airflow-venv/lib/python3.8/site-packages/airflow/example_dags/example_task_group.py took 0.051 seconds
[2024-11-26T14:49:03.871-0600] {processor.py:186} INFO - Started process (PID=20991) to work on /Users/beprathap/PycharmProjects/YouTube-airflow/airflow-venv/lib/python3.8/site-packages/airflow/example_dags/example_task_group.py
[2024-11-26T14:49:03.871-0600] {processor.py:914} INFO - Processing file /Users/beprathap/PycharmProjects/YouTube-airflow/airflow-venv/lib/python3.8/site-packages/airflow/example_dags/example_task_group.py for tasks to queue
[2024-11-26T14:49:03.871-0600] {logging_mixin.py:190} INFO - [2024-11-26T14:49:03.871-0600] {dagbag.py:588} INFO - Filling up the DagBag from /Users/beprathap/PycharmProjects/YouTube-airflow/airflow-venv/lib/python3.8/site-packages/airflow/example_dags/example_task_group.py
[2024-11-26T14:49:03.874-0600] {processor.py:925} INFO - DAG(s) 'example_task_group' retrieved from /Users/beprathap/PycharmProjects/YouTube-airflow/airflow-venv/lib/python3.8/site-packages/airflow/example_dags/example_task_group.py
[2024-11-26T14:49:03.910-0600] {logging_mixin.py:190} INFO - [2024-11-26T14:49:03.910-0600] {dag.py:3239} INFO - Sync 1 DAGs
[2024-11-26T14:49:03.914-0600] {logging_mixin.py:190} INFO - [2024-11-26T14:49:03.914-0600] {dag.py:4180} INFO - Setting next_dagrun for example_task_group to None, run_after=None
[2024-11-26T14:49:03.920-0600] {processor.py:208} INFO - Processing /Users/beprathap/PycharmProjects/YouTube-airflow/airflow-venv/lib/python3.8/site-packages/airflow/example_dags/example_task_group.py took 0.050 seconds
[2024-11-26T15:01:29.560-0600] {processor.py:186} INFO - Started process (PID=21352) to work on /Library/Frameworks/Python.framework/Versions/3.8/lib/python3.8/site-packages/airflow/example_dags/example_task_group.py
[2024-11-26T15:01:29.561-0600] {processor.py:914} INFO - Processing file /Library/Frameworks/Python.framework/Versions/3.8/lib/python3.8/site-packages/airflow/example_dags/example_task_group.py for tasks to queue
[2024-11-26T15:01:29.562-0600] {logging_mixin.py:190} INFO - [2024-11-26T15:01:29.562-0600] {dagbag.py:588} INFO - Filling up the DagBag from /Library/Frameworks/Python.framework/Versions/3.8/lib/python3.8/site-packages/airflow/example_dags/example_task_group.py
[2024-11-26T15:01:29.565-0600] {processor.py:925} INFO - DAG(s) 'example_task_group' retrieved from /Library/Frameworks/Python.framework/Versions/3.8/lib/python3.8/site-packages/airflow/example_dags/example_task_group.py
[2024-11-26T15:01:29.630-0600] {logging_mixin.py:190} INFO - [2024-11-26T15:01:29.629-0600] {dag.py:3239} INFO - Sync 1 DAGs
[2024-11-26T15:01:29.633-0600] {logging_mixin.py:190} INFO - [2024-11-26T15:01:29.633-0600] {dag.py:4180} INFO - Setting next_dagrun for example_task_group to None, run_after=None
[2024-11-26T15:01:29.639-0600] {processor.py:208} INFO - Processing /Library/Frameworks/Python.framework/Versions/3.8/lib/python3.8/site-packages/airflow/example_dags/example_task_group.py took 0.080 seconds
[2024-11-26T15:03:12.467-0600] {processor.py:186} INFO - Started process (PID=21549) to work on /Library/Frameworks/Python.framework/Versions/3.8/lib/python3.8/site-packages/airflow/example_dags/example_task_group.py
[2024-11-26T15:03:12.468-0600] {processor.py:914} INFO - Processing file /Library/Frameworks/Python.framework/Versions/3.8/lib/python3.8/site-packages/airflow/example_dags/example_task_group.py for tasks to queue
[2024-11-26T15:03:12.468-0600] {logging_mixin.py:190} INFO - [2024-11-26T15:03:12.468-0600] {dagbag.py:588} INFO - Filling up the DagBag from /Library/Frameworks/Python.framework/Versions/3.8/lib/python3.8/site-packages/airflow/example_dags/example_task_group.py
[2024-11-26T15:03:12.471-0600] {processor.py:925} INFO - DAG(s) 'example_task_group' retrieved from /Library/Frameworks/Python.framework/Versions/3.8/lib/python3.8/site-packages/airflow/example_dags/example_task_group.py
[2024-11-26T15:03:12.507-0600] {logging_mixin.py:190} INFO - [2024-11-26T15:03:12.507-0600] {dag.py:3239} INFO - Sync 1 DAGs
[2024-11-26T15:03:12.511-0600] {logging_mixin.py:190} INFO - [2024-11-26T15:03:12.511-0600] {dag.py:4180} INFO - Setting next_dagrun for example_task_group to None, run_after=None
[2024-11-26T15:03:12.516-0600] {processor.py:208} INFO - Processing /Library/Frameworks/Python.framework/Versions/3.8/lib/python3.8/site-packages/airflow/example_dags/example_task_group.py took 0.050 seconds
[2024-11-26T15:04:22.959-0600] {processor.py:186} INFO - Started process (PID=21673) to work on /Library/Frameworks/Python.framework/Versions/3.8/lib/python3.8/site-packages/airflow/example_dags/example_task_group.py
[2024-11-26T15:04:22.960-0600] {processor.py:914} INFO - Processing file /Library/Frameworks/Python.framework/Versions/3.8/lib/python3.8/site-packages/airflow/example_dags/example_task_group.py for tasks to queue
[2024-11-26T15:04:22.960-0600] {logging_mixin.py:190} INFO - [2024-11-26T15:04:22.960-0600] {dagbag.py:588} INFO - Filling up the DagBag from /Library/Frameworks/Python.framework/Versions/3.8/lib/python3.8/site-packages/airflow/example_dags/example_task_group.py
[2024-11-26T15:04:22.963-0600] {processor.py:925} INFO - DAG(s) 'example_task_group' retrieved from /Library/Frameworks/Python.framework/Versions/3.8/lib/python3.8/site-packages/airflow/example_dags/example_task_group.py
[2024-11-26T15:04:22.998-0600] {logging_mixin.py:190} INFO - [2024-11-26T15:04:22.998-0600] {dag.py:3239} INFO - Sync 1 DAGs
[2024-11-26T15:04:23.002-0600] {logging_mixin.py:190} INFO - [2024-11-26T15:04:23.002-0600] {dag.py:4180} INFO - Setting next_dagrun for example_task_group to None, run_after=None
[2024-11-26T15:04:23.007-0600] {processor.py:208} INFO - Processing /Library/Frameworks/Python.framework/Versions/3.8/lib/python3.8/site-packages/airflow/example_dags/example_task_group.py took 0.049 seconds
[2024-11-26T15:05:33.087-0600] {processor.py:186} INFO - Started process (PID=21799) to work on /Library/Frameworks/Python.framework/Versions/3.8/lib/python3.8/site-packages/airflow/example_dags/example_task_group.py
[2024-11-26T15:05:33.087-0600] {processor.py:914} INFO - Processing file /Library/Frameworks/Python.framework/Versions/3.8/lib/python3.8/site-packages/airflow/example_dags/example_task_group.py for tasks to queue
[2024-11-26T15:05:33.087-0600] {logging_mixin.py:190} INFO - [2024-11-26T15:05:33.087-0600] {dagbag.py:588} INFO - Filling up the DagBag from /Library/Frameworks/Python.framework/Versions/3.8/lib/python3.8/site-packages/airflow/example_dags/example_task_group.py
[2024-11-26T15:05:33.090-0600] {processor.py:925} INFO - DAG(s) 'example_task_group' retrieved from /Library/Frameworks/Python.framework/Versions/3.8/lib/python3.8/site-packages/airflow/example_dags/example_task_group.py
[2024-11-26T15:05:33.126-0600] {logging_mixin.py:190} INFO - [2024-11-26T15:05:33.126-0600] {dag.py:3239} INFO - Sync 1 DAGs
[2024-11-26T15:05:33.130-0600] {logging_mixin.py:190} INFO - [2024-11-26T15:05:33.130-0600] {dag.py:4180} INFO - Setting next_dagrun for example_task_group to None, run_after=None
[2024-11-26T15:05:33.135-0600] {processor.py:208} INFO - Processing /Library/Frameworks/Python.framework/Versions/3.8/lib/python3.8/site-packages/airflow/example_dags/example_task_group.py took 0.050 seconds
[2024-11-26T15:06:43.074-0600] {processor.py:186} INFO - Started process (PID=21921) to work on /Library/Frameworks/Python.framework/Versions/3.8/lib/python3.8/site-packages/airflow/example_dags/example_task_group.py
[2024-11-26T15:06:43.074-0600] {processor.py:914} INFO - Processing file /Library/Frameworks/Python.framework/Versions/3.8/lib/python3.8/site-packages/airflow/example_dags/example_task_group.py for tasks to queue
[2024-11-26T15:06:43.074-0600] {logging_mixin.py:190} INFO - [2024-11-26T15:06:43.074-0600] {dagbag.py:588} INFO - Filling up the DagBag from /Library/Frameworks/Python.framework/Versions/3.8/lib/python3.8/site-packages/airflow/example_dags/example_task_group.py
[2024-11-26T15:06:43.077-0600] {processor.py:925} INFO - DAG(s) 'example_task_group' retrieved from /Library/Frameworks/Python.framework/Versions/3.8/lib/python3.8/site-packages/airflow/example_dags/example_task_group.py
[2024-11-26T15:06:43.113-0600] {logging_mixin.py:190} INFO - [2024-11-26T15:06:43.113-0600] {dag.py:3239} INFO - Sync 1 DAGs
[2024-11-26T15:06:43.117-0600] {logging_mixin.py:190} INFO - [2024-11-26T15:06:43.117-0600] {dag.py:4180} INFO - Setting next_dagrun for example_task_group to None, run_after=None
[2024-11-26T15:06:43.123-0600] {processor.py:208} INFO - Processing /Library/Frameworks/Python.framework/Versions/3.8/lib/python3.8/site-packages/airflow/example_dags/example_task_group.py took 0.050 seconds
[2024-11-26T15:07:55.106-0600] {processor.py:186} INFO - Started process (PID=22099) to work on /Library/Frameworks/Python.framework/Versions/3.8/lib/python3.8/site-packages/airflow/example_dags/example_task_group.py
[2024-11-26T15:07:55.107-0600] {processor.py:914} INFO - Processing file /Library/Frameworks/Python.framework/Versions/3.8/lib/python3.8/site-packages/airflow/example_dags/example_task_group.py for tasks to queue
[2024-11-26T15:07:55.108-0600] {logging_mixin.py:190} INFO - [2024-11-26T15:07:55.108-0600] {dagbag.py:588} INFO - Filling up the DagBag from /Library/Frameworks/Python.framework/Versions/3.8/lib/python3.8/site-packages/airflow/example_dags/example_task_group.py
[2024-11-26T15:07:55.111-0600] {processor.py:925} INFO - DAG(s) 'example_task_group' retrieved from /Library/Frameworks/Python.framework/Versions/3.8/lib/python3.8/site-packages/airflow/example_dags/example_task_group.py
[2024-11-26T15:07:55.147-0600] {logging_mixin.py:190} INFO - [2024-11-26T15:07:55.147-0600] {dag.py:3239} INFO - Sync 1 DAGs
[2024-11-26T15:07:55.151-0600] {logging_mixin.py:190} INFO - [2024-11-26T15:07:55.151-0600] {dag.py:4180} INFO - Setting next_dagrun for example_task_group to None, run_after=None
[2024-11-26T15:07:55.156-0600] {processor.py:208} INFO - Processing /Library/Frameworks/Python.framework/Versions/3.8/lib/python3.8/site-packages/airflow/example_dags/example_task_group.py took 0.051 seconds
[2024-11-26T15:16:30.771-0600] {processor.py:186} INFO - Started process (PID=22355) to work on /Library/Frameworks/Python.framework/Versions/3.8/lib/python3.8/site-packages/airflow/example_dags/example_task_group.py
[2024-11-26T15:16:30.772-0600] {processor.py:914} INFO - Processing file /Library/Frameworks/Python.framework/Versions/3.8/lib/python3.8/site-packages/airflow/example_dags/example_task_group.py for tasks to queue
[2024-11-26T15:16:30.772-0600] {logging_mixin.py:190} INFO - [2024-11-26T15:16:30.772-0600] {dagbag.py:588} INFO - Filling up the DagBag from /Library/Frameworks/Python.framework/Versions/3.8/lib/python3.8/site-packages/airflow/example_dags/example_task_group.py
[2024-11-26T15:16:30.776-0600] {processor.py:925} INFO - DAG(s) 'example_task_group' retrieved from /Library/Frameworks/Python.framework/Versions/3.8/lib/python3.8/site-packages/airflow/example_dags/example_task_group.py
[2024-11-26T15:16:30.812-0600] {logging_mixin.py:190} INFO - [2024-11-26T15:16:30.812-0600] {dag.py:3239} INFO - Sync 1 DAGs
[2024-11-26T15:16:30.816-0600] {logging_mixin.py:190} INFO - [2024-11-26T15:16:30.816-0600] {dag.py:4180} INFO - Setting next_dagrun for example_task_group to None, run_after=None
[2024-11-26T15:16:30.821-0600] {processor.py:208} INFO - Processing /Library/Frameworks/Python.framework/Versions/3.8/lib/python3.8/site-packages/airflow/example_dags/example_task_group.py took 0.051 seconds
[2024-11-26T15:18:07.003-0600] {processor.py:186} INFO - Started process (PID=22551) to work on /Library/Frameworks/Python.framework/Versions/3.8/lib/python3.8/site-packages/airflow/example_dags/example_task_group.py
[2024-11-26T15:18:07.003-0600] {processor.py:914} INFO - Processing file /Library/Frameworks/Python.framework/Versions/3.8/lib/python3.8/site-packages/airflow/example_dags/example_task_group.py for tasks to queue
[2024-11-26T15:18:07.004-0600] {logging_mixin.py:190} INFO - [2024-11-26T15:18:07.004-0600] {dagbag.py:588} INFO - Filling up the DagBag from /Library/Frameworks/Python.framework/Versions/3.8/lib/python3.8/site-packages/airflow/example_dags/example_task_group.py
[2024-11-26T15:18:07.007-0600] {processor.py:925} INFO - DAG(s) 'example_task_group' retrieved from /Library/Frameworks/Python.framework/Versions/3.8/lib/python3.8/site-packages/airflow/example_dags/example_task_group.py
[2024-11-26T15:18:07.041-0600] {logging_mixin.py:190} INFO - [2024-11-26T15:18:07.041-0600] {dag.py:3239} INFO - Sync 1 DAGs
[2024-11-26T15:18:07.045-0600] {logging_mixin.py:190} INFO - [2024-11-26T15:18:07.045-0600] {dag.py:4180} INFO - Setting next_dagrun for example_task_group to None, run_after=None
[2024-11-26T15:18:07.050-0600] {processor.py:208} INFO - Processing /Library/Frameworks/Python.framework/Versions/3.8/lib/python3.8/site-packages/airflow/example_dags/example_task_group.py took 0.049 seconds
[2024-11-26T15:19:16.368-0600] {processor.py:186} INFO - Started process (PID=22688) to work on /Library/Frameworks/Python.framework/Versions/3.8/lib/python3.8/site-packages/airflow/example_dags/example_task_group.py
[2024-11-26T15:19:16.369-0600] {processor.py:914} INFO - Processing file /Library/Frameworks/Python.framework/Versions/3.8/lib/python3.8/site-packages/airflow/example_dags/example_task_group.py for tasks to queue
[2024-11-26T15:19:16.369-0600] {logging_mixin.py:190} INFO - [2024-11-26T15:19:16.369-0600] {dagbag.py:588} INFO - Filling up the DagBag from /Library/Frameworks/Python.framework/Versions/3.8/lib/python3.8/site-packages/airflow/example_dags/example_task_group.py
[2024-11-26T15:19:16.372-0600] {processor.py:925} INFO - DAG(s) 'example_task_group' retrieved from /Library/Frameworks/Python.framework/Versions/3.8/lib/python3.8/site-packages/airflow/example_dags/example_task_group.py
[2024-11-26T15:19:16.407-0600] {logging_mixin.py:190} INFO - [2024-11-26T15:19:16.407-0600] {dag.py:3239} INFO - Sync 1 DAGs
[2024-11-26T15:19:16.410-0600] {logging_mixin.py:190} INFO - [2024-11-26T15:19:16.410-0600] {dag.py:4180} INFO - Setting next_dagrun for example_task_group to None, run_after=None
[2024-11-26T15:19:16.416-0600] {processor.py:208} INFO - Processing /Library/Frameworks/Python.framework/Versions/3.8/lib/python3.8/site-packages/airflow/example_dags/example_task_group.py took 0.048 seconds
[2024-11-26T15:20:24.163-0600] {processor.py:186} INFO - Started process (PID=22814) to work on /Library/Frameworks/Python.framework/Versions/3.8/lib/python3.8/site-packages/airflow/example_dags/example_task_group.py
[2024-11-26T15:20:24.163-0600] {processor.py:914} INFO - Processing file /Library/Frameworks/Python.framework/Versions/3.8/lib/python3.8/site-packages/airflow/example_dags/example_task_group.py for tasks to queue
[2024-11-26T15:20:24.164-0600] {logging_mixin.py:190} INFO - [2024-11-26T15:20:24.164-0600] {dagbag.py:588} INFO - Filling up the DagBag from /Library/Frameworks/Python.framework/Versions/3.8/lib/python3.8/site-packages/airflow/example_dags/example_task_group.py
[2024-11-26T15:20:24.167-0600] {processor.py:925} INFO - DAG(s) 'example_task_group' retrieved from /Library/Frameworks/Python.framework/Versions/3.8/lib/python3.8/site-packages/airflow/example_dags/example_task_group.py
[2024-11-26T15:20:24.208-0600] {logging_mixin.py:190} INFO - [2024-11-26T15:20:24.208-0600] {dag.py:3239} INFO - Sync 1 DAGs
[2024-11-26T15:20:24.213-0600] {logging_mixin.py:190} INFO - [2024-11-26T15:20:24.212-0600] {dag.py:4180} INFO - Setting next_dagrun for example_task_group to None, run_after=None
[2024-11-26T15:20:24.219-0600] {processor.py:208} INFO - Processing /Library/Frameworks/Python.framework/Versions/3.8/lib/python3.8/site-packages/airflow/example_dags/example_task_group.py took 0.057 seconds
[2024-11-26T15:21:30.272-0600] {processor.py:186} INFO - Started process (PID=22948) to work on /Library/Frameworks/Python.framework/Versions/3.8/lib/python3.8/site-packages/airflow/example_dags/example_task_group.py
[2024-11-26T15:21:30.272-0600] {processor.py:914} INFO - Processing file /Library/Frameworks/Python.framework/Versions/3.8/lib/python3.8/site-packages/airflow/example_dags/example_task_group.py for tasks to queue
[2024-11-26T15:21:30.272-0600] {logging_mixin.py:190} INFO - [2024-11-26T15:21:30.272-0600] {dagbag.py:588} INFO - Filling up the DagBag from /Library/Frameworks/Python.framework/Versions/3.8/lib/python3.8/site-packages/airflow/example_dags/example_task_group.py
[2024-11-26T15:21:30.275-0600] {processor.py:925} INFO - DAG(s) 'example_task_group' retrieved from /Library/Frameworks/Python.framework/Versions/3.8/lib/python3.8/site-packages/airflow/example_dags/example_task_group.py
[2024-11-26T15:21:30.310-0600] {logging_mixin.py:190} INFO - [2024-11-26T15:21:30.310-0600] {dag.py:3239} INFO - Sync 1 DAGs
[2024-11-26T15:21:30.314-0600] {logging_mixin.py:190} INFO - [2024-11-26T15:21:30.314-0600] {dag.py:4180} INFO - Setting next_dagrun for example_task_group to None, run_after=None
[2024-11-26T15:21:30.320-0600] {processor.py:208} INFO - Processing /Library/Frameworks/Python.framework/Versions/3.8/lib/python3.8/site-packages/airflow/example_dags/example_task_group.py took 0.049 seconds
[2024-11-26T15:22:37.467-0600] {processor.py:186} INFO - Started process (PID=23080) to work on /Library/Frameworks/Python.framework/Versions/3.8/lib/python3.8/site-packages/airflow/example_dags/example_task_group.py
[2024-11-26T15:22:37.468-0600] {processor.py:914} INFO - Processing file /Library/Frameworks/Python.framework/Versions/3.8/lib/python3.8/site-packages/airflow/example_dags/example_task_group.py for tasks to queue
[2024-11-26T15:22:37.468-0600] {logging_mixin.py:190} INFO - [2024-11-26T15:22:37.468-0600] {dagbag.py:588} INFO - Filling up the DagBag from /Library/Frameworks/Python.framework/Versions/3.8/lib/python3.8/site-packages/airflow/example_dags/example_task_group.py
[2024-11-26T15:22:37.471-0600] {processor.py:925} INFO - DAG(s) 'example_task_group' retrieved from /Library/Frameworks/Python.framework/Versions/3.8/lib/python3.8/site-packages/airflow/example_dags/example_task_group.py
[2024-11-26T15:22:37.507-0600] {logging_mixin.py:190} INFO - [2024-11-26T15:22:37.507-0600] {dag.py:3239} INFO - Sync 1 DAGs
[2024-11-26T15:22:37.511-0600] {logging_mixin.py:190} INFO - [2024-11-26T15:22:37.511-0600] {dag.py:4180} INFO - Setting next_dagrun for example_task_group to None, run_after=None
[2024-11-26T15:22:37.516-0600] {processor.py:208} INFO - Processing /Library/Frameworks/Python.framework/Versions/3.8/lib/python3.8/site-packages/airflow/example_dags/example_task_group.py took 0.050 seconds
[2024-11-26T15:23:46.365-0600] {processor.py:186} INFO - Started process (PID=23220) to work on /Library/Frameworks/Python.framework/Versions/3.8/lib/python3.8/site-packages/airflow/example_dags/example_task_group.py
[2024-11-26T15:23:46.365-0600] {processor.py:914} INFO - Processing file /Library/Frameworks/Python.framework/Versions/3.8/lib/python3.8/site-packages/airflow/example_dags/example_task_group.py for tasks to queue
[2024-11-26T15:23:46.365-0600] {logging_mixin.py:190} INFO - [2024-11-26T15:23:46.365-0600] {dagbag.py:588} INFO - Filling up the DagBag from /Library/Frameworks/Python.framework/Versions/3.8/lib/python3.8/site-packages/airflow/example_dags/example_task_group.py
[2024-11-26T15:23:46.368-0600] {processor.py:925} INFO - DAG(s) 'example_task_group' retrieved from /Library/Frameworks/Python.framework/Versions/3.8/lib/python3.8/site-packages/airflow/example_dags/example_task_group.py
[2024-11-26T15:23:46.404-0600] {logging_mixin.py:190} INFO - [2024-11-26T15:23:46.403-0600] {dag.py:3239} INFO - Sync 1 DAGs
[2024-11-26T15:23:46.407-0600] {logging_mixin.py:190} INFO - [2024-11-26T15:23:46.407-0600] {dag.py:4180} INFO - Setting next_dagrun for example_task_group to None, run_after=None
[2024-11-26T15:23:46.413-0600] {processor.py:208} INFO - Processing /Library/Frameworks/Python.framework/Versions/3.8/lib/python3.8/site-packages/airflow/example_dags/example_task_group.py took 0.049 seconds
[2024-11-26T15:33:24.397-0600] {processor.py:186} INFO - Started process (PID=23461) to work on /Library/Frameworks/Python.framework/Versions/3.8/lib/python3.8/site-packages/airflow/example_dags/example_task_group.py
[2024-11-26T15:33:24.398-0600] {processor.py:914} INFO - Processing file /Library/Frameworks/Python.framework/Versions/3.8/lib/python3.8/site-packages/airflow/example_dags/example_task_group.py for tasks to queue
[2024-11-26T15:33:24.399-0600] {logging_mixin.py:190} INFO - [2024-11-26T15:33:24.398-0600] {dagbag.py:588} INFO - Filling up the DagBag from /Library/Frameworks/Python.framework/Versions/3.8/lib/python3.8/site-packages/airflow/example_dags/example_task_group.py
[2024-11-26T15:33:24.401-0600] {processor.py:925} INFO - DAG(s) 'example_task_group' retrieved from /Library/Frameworks/Python.framework/Versions/3.8/lib/python3.8/site-packages/airflow/example_dags/example_task_group.py
[2024-11-26T15:33:24.436-0600] {logging_mixin.py:190} INFO - [2024-11-26T15:33:24.436-0600] {dag.py:3239} INFO - Sync 1 DAGs
[2024-11-26T15:33:24.440-0600] {logging_mixin.py:190} INFO - [2024-11-26T15:33:24.440-0600] {dag.py:4180} INFO - Setting next_dagrun for example_task_group to None, run_after=None
[2024-11-26T15:33:24.445-0600] {processor.py:208} INFO - Processing /Library/Frameworks/Python.framework/Versions/3.8/lib/python3.8/site-packages/airflow/example_dags/example_task_group.py took 0.049 seconds
[2024-11-26T15:35:04.170-0600] {processor.py:186} INFO - Started process (PID=23652) to work on /Library/Frameworks/Python.framework/Versions/3.8/lib/python3.8/site-packages/airflow/example_dags/example_task_group.py
[2024-11-26T15:35:04.171-0600] {processor.py:914} INFO - Processing file /Library/Frameworks/Python.framework/Versions/3.8/lib/python3.8/site-packages/airflow/example_dags/example_task_group.py for tasks to queue
[2024-11-26T15:35:04.171-0600] {logging_mixin.py:190} INFO - [2024-11-26T15:35:04.171-0600] {dagbag.py:588} INFO - Filling up the DagBag from /Library/Frameworks/Python.framework/Versions/3.8/lib/python3.8/site-packages/airflow/example_dags/example_task_group.py
[2024-11-26T15:35:04.174-0600] {processor.py:925} INFO - DAG(s) 'example_task_group' retrieved from /Library/Frameworks/Python.framework/Versions/3.8/lib/python3.8/site-packages/airflow/example_dags/example_task_group.py
[2024-11-26T15:35:04.209-0600] {logging_mixin.py:190} INFO - [2024-11-26T15:35:04.209-0600] {dag.py:3239} INFO - Sync 1 DAGs
[2024-11-26T15:35:04.212-0600] {logging_mixin.py:190} INFO - [2024-11-26T15:35:04.212-0600] {dag.py:4180} INFO - Setting next_dagrun for example_task_group to None, run_after=None
[2024-11-26T15:35:04.218-0600] {processor.py:208} INFO - Processing /Library/Frameworks/Python.framework/Versions/3.8/lib/python3.8/site-packages/airflow/example_dags/example_task_group.py took 0.049 seconds
[2024-11-26T15:36:13.354-0600] {processor.py:186} INFO - Started process (PID=23781) to work on /Library/Frameworks/Python.framework/Versions/3.8/lib/python3.8/site-packages/airflow/example_dags/example_task_group.py
[2024-11-26T15:36:13.355-0600] {processor.py:914} INFO - Processing file /Library/Frameworks/Python.framework/Versions/3.8/lib/python3.8/site-packages/airflow/example_dags/example_task_group.py for tasks to queue
[2024-11-26T15:36:13.355-0600] {logging_mixin.py:190} INFO - [2024-11-26T15:36:13.355-0600] {dagbag.py:588} INFO - Filling up the DagBag from /Library/Frameworks/Python.framework/Versions/3.8/lib/python3.8/site-packages/airflow/example_dags/example_task_group.py
[2024-11-26T15:36:13.358-0600] {processor.py:925} INFO - DAG(s) 'example_task_group' retrieved from /Library/Frameworks/Python.framework/Versions/3.8/lib/python3.8/site-packages/airflow/example_dags/example_task_group.py
[2024-11-26T15:36:13.393-0600] {logging_mixin.py:190} INFO - [2024-11-26T15:36:13.393-0600] {dag.py:3239} INFO - Sync 1 DAGs
[2024-11-26T15:36:13.397-0600] {logging_mixin.py:190} INFO - [2024-11-26T15:36:13.397-0600] {dag.py:4180} INFO - Setting next_dagrun for example_task_group to None, run_after=None
[2024-11-26T15:36:13.402-0600] {processor.py:208} INFO - Processing /Library/Frameworks/Python.framework/Versions/3.8/lib/python3.8/site-packages/airflow/example_dags/example_task_group.py took 0.049 seconds
[2024-11-26T15:37:19.527-0600] {processor.py:186} INFO - Started process (PID=23907) to work on /Library/Frameworks/Python.framework/Versions/3.8/lib/python3.8/site-packages/airflow/example_dags/example_task_group.py
[2024-11-26T15:37:19.527-0600] {processor.py:914} INFO - Processing file /Library/Frameworks/Python.framework/Versions/3.8/lib/python3.8/site-packages/airflow/example_dags/example_task_group.py for tasks to queue
[2024-11-26T15:37:19.528-0600] {logging_mixin.py:190} INFO - [2024-11-26T15:37:19.528-0600] {dagbag.py:588} INFO - Filling up the DagBag from /Library/Frameworks/Python.framework/Versions/3.8/lib/python3.8/site-packages/airflow/example_dags/example_task_group.py
[2024-11-26T15:37:19.531-0600] {processor.py:925} INFO - DAG(s) 'example_task_group' retrieved from /Library/Frameworks/Python.framework/Versions/3.8/lib/python3.8/site-packages/airflow/example_dags/example_task_group.py
[2024-11-26T15:37:19.566-0600] {logging_mixin.py:190} INFO - [2024-11-26T15:37:19.566-0600] {dag.py:3239} INFO - Sync 1 DAGs
[2024-11-26T15:37:19.570-0600] {logging_mixin.py:190} INFO - [2024-11-26T15:37:19.570-0600] {dag.py:4180} INFO - Setting next_dagrun for example_task_group to None, run_after=None
[2024-11-26T15:37:19.575-0600] {processor.py:208} INFO - Processing /Library/Frameworks/Python.framework/Versions/3.8/lib/python3.8/site-packages/airflow/example_dags/example_task_group.py took 0.049 seconds
[2024-11-26T15:38:29.904-0600] {processor.py:186} INFO - Started process (PID=24039) to work on /Library/Frameworks/Python.framework/Versions/3.8/lib/python3.8/site-packages/airflow/example_dags/example_task_group.py
[2024-11-26T15:38:29.905-0600] {processor.py:914} INFO - Processing file /Library/Frameworks/Python.framework/Versions/3.8/lib/python3.8/site-packages/airflow/example_dags/example_task_group.py for tasks to queue
[2024-11-26T15:38:29.905-0600] {logging_mixin.py:190} INFO - [2024-11-26T15:38:29.905-0600] {dagbag.py:588} INFO - Filling up the DagBag from /Library/Frameworks/Python.framework/Versions/3.8/lib/python3.8/site-packages/airflow/example_dags/example_task_group.py
[2024-11-26T15:38:29.908-0600] {processor.py:925} INFO - DAG(s) 'example_task_group' retrieved from /Library/Frameworks/Python.framework/Versions/3.8/lib/python3.8/site-packages/airflow/example_dags/example_task_group.py
[2024-11-26T15:38:29.945-0600] {logging_mixin.py:190} INFO - [2024-11-26T15:38:29.945-0600] {dag.py:3239} INFO - Sync 1 DAGs
[2024-11-26T15:38:29.949-0600] {logging_mixin.py:190} INFO - [2024-11-26T15:38:29.949-0600] {dag.py:4180} INFO - Setting next_dagrun for example_task_group to None, run_after=None
[2024-11-26T15:38:29.954-0600] {processor.py:208} INFO - Processing /Library/Frameworks/Python.framework/Versions/3.8/lib/python3.8/site-packages/airflow/example_dags/example_task_group.py took 0.052 seconds
[2024-11-26T15:39:35.903-0600] {processor.py:186} INFO - Started process (PID=24169) to work on /Library/Frameworks/Python.framework/Versions/3.8/lib/python3.8/site-packages/airflow/example_dags/example_task_group.py
[2024-11-26T15:39:35.903-0600] {processor.py:914} INFO - Processing file /Library/Frameworks/Python.framework/Versions/3.8/lib/python3.8/site-packages/airflow/example_dags/example_task_group.py for tasks to queue
[2024-11-26T15:39:35.903-0600] {logging_mixin.py:190} INFO - [2024-11-26T15:39:35.903-0600] {dagbag.py:588} INFO - Filling up the DagBag from /Library/Frameworks/Python.framework/Versions/3.8/lib/python3.8/site-packages/airflow/example_dags/example_task_group.py
[2024-11-26T15:39:35.907-0600] {processor.py:925} INFO - DAG(s) 'example_task_group' retrieved from /Library/Frameworks/Python.framework/Versions/3.8/lib/python3.8/site-packages/airflow/example_dags/example_task_group.py
[2024-11-26T15:39:35.942-0600] {logging_mixin.py:190} INFO - [2024-11-26T15:39:35.942-0600] {dag.py:3239} INFO - Sync 1 DAGs
[2024-11-26T15:39:35.946-0600] {logging_mixin.py:190} INFO - [2024-11-26T15:39:35.946-0600] {dag.py:4180} INFO - Setting next_dagrun for example_task_group to None, run_after=None
[2024-11-26T15:39:35.951-0600] {processor.py:208} INFO - Processing /Library/Frameworks/Python.framework/Versions/3.8/lib/python3.8/site-packages/airflow/example_dags/example_task_group.py took 0.050 seconds
[2024-11-26T15:40:42.674-0600] {processor.py:186} INFO - Started process (PID=24298) to work on /Library/Frameworks/Python.framework/Versions/3.8/lib/python3.8/site-packages/airflow/example_dags/example_task_group.py
[2024-11-26T15:40:42.675-0600] {processor.py:914} INFO - Processing file /Library/Frameworks/Python.framework/Versions/3.8/lib/python3.8/site-packages/airflow/example_dags/example_task_group.py for tasks to queue
[2024-11-26T15:40:42.675-0600] {logging_mixin.py:190} INFO - [2024-11-26T15:40:42.675-0600] {dagbag.py:588} INFO - Filling up the DagBag from /Library/Frameworks/Python.framework/Versions/3.8/lib/python3.8/site-packages/airflow/example_dags/example_task_group.py
[2024-11-26T15:40:42.679-0600] {processor.py:925} INFO - DAG(s) 'example_task_group' retrieved from /Library/Frameworks/Python.framework/Versions/3.8/lib/python3.8/site-packages/airflow/example_dags/example_task_group.py
[2024-11-26T15:40:42.715-0600] {logging_mixin.py:190} INFO - [2024-11-26T15:40:42.715-0600] {dag.py:3239} INFO - Sync 1 DAGs
[2024-11-26T15:40:42.720-0600] {logging_mixin.py:190} INFO - [2024-11-26T15:40:42.719-0600] {dag.py:4180} INFO - Setting next_dagrun for example_task_group to None, run_after=None
[2024-11-26T15:40:42.725-0600] {processor.py:208} INFO - Processing /Library/Frameworks/Python.framework/Versions/3.8/lib/python3.8/site-packages/airflow/example_dags/example_task_group.py took 0.052 seconds
[2024-11-26T15:41:50.633-0600] {processor.py:186} INFO - Started process (PID=24421) to work on /Library/Frameworks/Python.framework/Versions/3.8/lib/python3.8/site-packages/airflow/example_dags/example_task_group.py
[2024-11-26T15:41:50.633-0600] {processor.py:914} INFO - Processing file /Library/Frameworks/Python.framework/Versions/3.8/lib/python3.8/site-packages/airflow/example_dags/example_task_group.py for tasks to queue
[2024-11-26T15:41:50.633-0600] {logging_mixin.py:190} INFO - [2024-11-26T15:41:50.633-0600] {dagbag.py:588} INFO - Filling up the DagBag from /Library/Frameworks/Python.framework/Versions/3.8/lib/python3.8/site-packages/airflow/example_dags/example_task_group.py
[2024-11-26T15:41:50.636-0600] {processor.py:925} INFO - DAG(s) 'example_task_group' retrieved from /Library/Frameworks/Python.framework/Versions/3.8/lib/python3.8/site-packages/airflow/example_dags/example_task_group.py
[2024-11-26T15:41:50.671-0600] {logging_mixin.py:190} INFO - [2024-11-26T15:41:50.671-0600] {dag.py:3239} INFO - Sync 1 DAGs
[2024-11-26T15:41:50.675-0600] {logging_mixin.py:190} INFO - [2024-11-26T15:41:50.675-0600] {dag.py:4180} INFO - Setting next_dagrun for example_task_group to None, run_after=None
[2024-11-26T15:41:50.680-0600] {processor.py:208} INFO - Processing /Library/Frameworks/Python.framework/Versions/3.8/lib/python3.8/site-packages/airflow/example_dags/example_task_group.py took 0.049 seconds
[2024-11-26T15:42:57.511-0600] {processor.py:186} INFO - Started process (PID=24544) to work on /Library/Frameworks/Python.framework/Versions/3.8/lib/python3.8/site-packages/airflow/example_dags/example_task_group.py
[2024-11-26T15:42:57.511-0600] {processor.py:914} INFO - Processing file /Library/Frameworks/Python.framework/Versions/3.8/lib/python3.8/site-packages/airflow/example_dags/example_task_group.py for tasks to queue
[2024-11-26T15:42:57.511-0600] {logging_mixin.py:190} INFO - [2024-11-26T15:42:57.511-0600] {dagbag.py:588} INFO - Filling up the DagBag from /Library/Frameworks/Python.framework/Versions/3.8/lib/python3.8/site-packages/airflow/example_dags/example_task_group.py
[2024-11-26T15:42:57.514-0600] {processor.py:925} INFO - DAG(s) 'example_task_group' retrieved from /Library/Frameworks/Python.framework/Versions/3.8/lib/python3.8/site-packages/airflow/example_dags/example_task_group.py
[2024-11-26T15:42:57.549-0600] {logging_mixin.py:190} INFO - [2024-11-26T15:42:57.549-0600] {dag.py:3239} INFO - Sync 1 DAGs
[2024-11-26T15:42:57.553-0600] {logging_mixin.py:190} INFO - [2024-11-26T15:42:57.553-0600] {dag.py:4180} INFO - Setting next_dagrun for example_task_group to None, run_after=None
[2024-11-26T15:42:57.559-0600] {processor.py:208} INFO - Processing /Library/Frameworks/Python.framework/Versions/3.8/lib/python3.8/site-packages/airflow/example_dags/example_task_group.py took 0.049 seconds
[2024-11-26T15:44:06.103-0600] {processor.py:186} INFO - Started process (PID=24673) to work on /Library/Frameworks/Python.framework/Versions/3.8/lib/python3.8/site-packages/airflow/example_dags/example_task_group.py
[2024-11-26T15:44:06.103-0600] {processor.py:914} INFO - Processing file /Library/Frameworks/Python.framework/Versions/3.8/lib/python3.8/site-packages/airflow/example_dags/example_task_group.py for tasks to queue
[2024-11-26T15:44:06.104-0600] {logging_mixin.py:190} INFO - [2024-11-26T15:44:06.104-0600] {dagbag.py:588} INFO - Filling up the DagBag from /Library/Frameworks/Python.framework/Versions/3.8/lib/python3.8/site-packages/airflow/example_dags/example_task_group.py
[2024-11-26T15:44:06.107-0600] {processor.py:925} INFO - DAG(s) 'example_task_group' retrieved from /Library/Frameworks/Python.framework/Versions/3.8/lib/python3.8/site-packages/airflow/example_dags/example_task_group.py
[2024-11-26T15:44:06.142-0600] {logging_mixin.py:190} INFO - [2024-11-26T15:44:06.142-0600] {dag.py:3239} INFO - Sync 1 DAGs
[2024-11-26T15:44:06.146-0600] {logging_mixin.py:190} INFO - [2024-11-26T15:44:06.146-0600] {dag.py:4180} INFO - Setting next_dagrun for example_task_group to None, run_after=None
[2024-11-26T15:44:06.151-0600] {processor.py:208} INFO - Processing /Library/Frameworks/Python.framework/Versions/3.8/lib/python3.8/site-packages/airflow/example_dags/example_task_group.py took 0.049 seconds
[2024-11-26T15:45:15.610-0600] {processor.py:186} INFO - Started process (PID=24800) to work on /Library/Frameworks/Python.framework/Versions/3.8/lib/python3.8/site-packages/airflow/example_dags/example_task_group.py
[2024-11-26T15:45:15.611-0600] {processor.py:914} INFO - Processing file /Library/Frameworks/Python.framework/Versions/3.8/lib/python3.8/site-packages/airflow/example_dags/example_task_group.py for tasks to queue
[2024-11-26T15:45:15.611-0600] {logging_mixin.py:190} INFO - [2024-11-26T15:45:15.611-0600] {dagbag.py:588} INFO - Filling up the DagBag from /Library/Frameworks/Python.framework/Versions/3.8/lib/python3.8/site-packages/airflow/example_dags/example_task_group.py
[2024-11-26T15:45:15.614-0600] {processor.py:925} INFO - DAG(s) 'example_task_group' retrieved from /Library/Frameworks/Python.framework/Versions/3.8/lib/python3.8/site-packages/airflow/example_dags/example_task_group.py
[2024-11-26T15:45:15.650-0600] {logging_mixin.py:190} INFO - [2024-11-26T15:45:15.650-0600] {dag.py:3239} INFO - Sync 1 DAGs
[2024-11-26T15:45:15.654-0600] {logging_mixin.py:190} INFO - [2024-11-26T15:45:15.654-0600] {dag.py:4180} INFO - Setting next_dagrun for example_task_group to None, run_after=None
[2024-11-26T15:45:15.660-0600] {processor.py:208} INFO - Processing /Library/Frameworks/Python.framework/Versions/3.8/lib/python3.8/site-packages/airflow/example_dags/example_task_group.py took 0.052 seconds
[2024-11-26T15:46:25.209-0600] {processor.py:186} INFO - Started process (PID=24924) to work on /Library/Frameworks/Python.framework/Versions/3.8/lib/python3.8/site-packages/airflow/example_dags/example_task_group.py
[2024-11-26T15:46:25.209-0600] {processor.py:914} INFO - Processing file /Library/Frameworks/Python.framework/Versions/3.8/lib/python3.8/site-packages/airflow/example_dags/example_task_group.py for tasks to queue
[2024-11-26T15:46:25.210-0600] {logging_mixin.py:190} INFO - [2024-11-26T15:46:25.210-0600] {dagbag.py:588} INFO - Filling up the DagBag from /Library/Frameworks/Python.framework/Versions/3.8/lib/python3.8/site-packages/airflow/example_dags/example_task_group.py
[2024-11-26T15:46:25.213-0600] {processor.py:925} INFO - DAG(s) 'example_task_group' retrieved from /Library/Frameworks/Python.framework/Versions/3.8/lib/python3.8/site-packages/airflow/example_dags/example_task_group.py
[2024-11-26T15:46:25.250-0600] {logging_mixin.py:190} INFO - [2024-11-26T15:46:25.250-0600] {dag.py:3239} INFO - Sync 1 DAGs
[2024-11-26T15:46:25.254-0600] {logging_mixin.py:190} INFO - [2024-11-26T15:46:25.254-0600] {dag.py:4180} INFO - Setting next_dagrun for example_task_group to None, run_after=None
[2024-11-26T15:46:25.260-0600] {processor.py:208} INFO - Processing /Library/Frameworks/Python.framework/Versions/3.8/lib/python3.8/site-packages/airflow/example_dags/example_task_group.py took 0.052 seconds
[2024-11-26T15:47:29.215-0600] {processor.py:186} INFO - Started process (PID=25055) to work on /Library/Frameworks/Python.framework/Versions/3.8/lib/python3.8/site-packages/airflow/example_dags/example_task_group.py
[2024-11-26T15:47:29.215-0600] {processor.py:914} INFO - Processing file /Library/Frameworks/Python.framework/Versions/3.8/lib/python3.8/site-packages/airflow/example_dags/example_task_group.py for tasks to queue
[2024-11-26T15:47:29.216-0600] {logging_mixin.py:190} INFO - [2024-11-26T15:47:29.216-0600] {dagbag.py:588} INFO - Filling up the DagBag from /Library/Frameworks/Python.framework/Versions/3.8/lib/python3.8/site-packages/airflow/example_dags/example_task_group.py
[2024-11-26T15:47:29.219-0600] {processor.py:925} INFO - DAG(s) 'example_task_group' retrieved from /Library/Frameworks/Python.framework/Versions/3.8/lib/python3.8/site-packages/airflow/example_dags/example_task_group.py
[2024-11-26T15:47:29.254-0600] {logging_mixin.py:190} INFO - [2024-11-26T15:47:29.254-0600] {dag.py:3239} INFO - Sync 1 DAGs
[2024-11-26T15:47:29.258-0600] {logging_mixin.py:190} INFO - [2024-11-26T15:47:29.258-0600] {dag.py:4180} INFO - Setting next_dagrun for example_task_group to None, run_after=None
[2024-11-26T15:47:29.263-0600] {processor.py:208} INFO - Processing /Library/Frameworks/Python.framework/Versions/3.8/lib/python3.8/site-packages/airflow/example_dags/example_task_group.py took 0.049 seconds
[2024-11-26T15:48:35.100-0600] {processor.py:186} INFO - Started process (PID=25179) to work on /Library/Frameworks/Python.framework/Versions/3.8/lib/python3.8/site-packages/airflow/example_dags/example_task_group.py
[2024-11-26T15:48:35.101-0600] {processor.py:914} INFO - Processing file /Library/Frameworks/Python.framework/Versions/3.8/lib/python3.8/site-packages/airflow/example_dags/example_task_group.py for tasks to queue
[2024-11-26T15:48:35.101-0600] {logging_mixin.py:190} INFO - [2024-11-26T15:48:35.101-0600] {dagbag.py:588} INFO - Filling up the DagBag from /Library/Frameworks/Python.framework/Versions/3.8/lib/python3.8/site-packages/airflow/example_dags/example_task_group.py
[2024-11-26T15:48:35.104-0600] {processor.py:925} INFO - DAG(s) 'example_task_group' retrieved from /Library/Frameworks/Python.framework/Versions/3.8/lib/python3.8/site-packages/airflow/example_dags/example_task_group.py
[2024-11-26T15:48:35.140-0600] {logging_mixin.py:190} INFO - [2024-11-26T15:48:35.140-0600] {dag.py:3239} INFO - Sync 1 DAGs
[2024-11-26T15:48:35.144-0600] {logging_mixin.py:190} INFO - [2024-11-26T15:48:35.144-0600] {dag.py:4180} INFO - Setting next_dagrun for example_task_group to None, run_after=None
[2024-11-26T15:48:35.150-0600] {processor.py:208} INFO - Processing /Library/Frameworks/Python.framework/Versions/3.8/lib/python3.8/site-packages/airflow/example_dags/example_task_group.py took 0.051 seconds
[2024-11-26T15:49:41.437-0600] {processor.py:186} INFO - Started process (PID=25313) to work on /Library/Frameworks/Python.framework/Versions/3.8/lib/python3.8/site-packages/airflow/example_dags/example_task_group.py
[2024-11-26T15:49:41.438-0600] {processor.py:914} INFO - Processing file /Library/Frameworks/Python.framework/Versions/3.8/lib/python3.8/site-packages/airflow/example_dags/example_task_group.py for tasks to queue
[2024-11-26T15:49:41.438-0600] {logging_mixin.py:190} INFO - [2024-11-26T15:49:41.438-0600] {dagbag.py:588} INFO - Filling up the DagBag from /Library/Frameworks/Python.framework/Versions/3.8/lib/python3.8/site-packages/airflow/example_dags/example_task_group.py
[2024-11-26T15:49:41.441-0600] {processor.py:925} INFO - DAG(s) 'example_task_group' retrieved from /Library/Frameworks/Python.framework/Versions/3.8/lib/python3.8/site-packages/airflow/example_dags/example_task_group.py
[2024-11-26T15:49:41.477-0600] {logging_mixin.py:190} INFO - [2024-11-26T15:49:41.477-0600] {dag.py:3239} INFO - Sync 1 DAGs
[2024-11-26T15:49:41.481-0600] {logging_mixin.py:190} INFO - [2024-11-26T15:49:41.481-0600] {dag.py:4180} INFO - Setting next_dagrun for example_task_group to None, run_after=None
[2024-11-26T15:49:41.486-0600] {processor.py:208} INFO - Processing /Library/Frameworks/Python.framework/Versions/3.8/lib/python3.8/site-packages/airflow/example_dags/example_task_group.py took 0.050 seconds
[2024-11-26T15:50:47.605-0600] {processor.py:186} INFO - Started process (PID=25438) to work on /Library/Frameworks/Python.framework/Versions/3.8/lib/python3.8/site-packages/airflow/example_dags/example_task_group.py
[2024-11-26T15:50:47.605-0600] {processor.py:914} INFO - Processing file /Library/Frameworks/Python.framework/Versions/3.8/lib/python3.8/site-packages/airflow/example_dags/example_task_group.py for tasks to queue
[2024-11-26T15:50:47.605-0600] {logging_mixin.py:190} INFO - [2024-11-26T15:50:47.605-0600] {dagbag.py:588} INFO - Filling up the DagBag from /Library/Frameworks/Python.framework/Versions/3.8/lib/python3.8/site-packages/airflow/example_dags/example_task_group.py
[2024-11-26T15:50:47.609-0600] {processor.py:925} INFO - DAG(s) 'example_task_group' retrieved from /Library/Frameworks/Python.framework/Versions/3.8/lib/python3.8/site-packages/airflow/example_dags/example_task_group.py
[2024-11-26T15:50:47.644-0600] {logging_mixin.py:190} INFO - [2024-11-26T15:50:47.644-0600] {dag.py:3239} INFO - Sync 1 DAGs
[2024-11-26T15:50:47.649-0600] {logging_mixin.py:190} INFO - [2024-11-26T15:50:47.649-0600] {dag.py:4180} INFO - Setting next_dagrun for example_task_group to None, run_after=None
[2024-11-26T15:50:47.654-0600] {processor.py:208} INFO - Processing /Library/Frameworks/Python.framework/Versions/3.8/lib/python3.8/site-packages/airflow/example_dags/example_task_group.py took 0.051 seconds
[2024-11-26T15:51:58.539-0600] {processor.py:186} INFO - Started process (PID=25574) to work on /Library/Frameworks/Python.framework/Versions/3.8/lib/python3.8/site-packages/airflow/example_dags/example_task_group.py
[2024-11-26T15:51:58.540-0600] {processor.py:914} INFO - Processing file /Library/Frameworks/Python.framework/Versions/3.8/lib/python3.8/site-packages/airflow/example_dags/example_task_group.py for tasks to queue
[2024-11-26T15:51:58.540-0600] {logging_mixin.py:190} INFO - [2024-11-26T15:51:58.540-0600] {dagbag.py:588} INFO - Filling up the DagBag from /Library/Frameworks/Python.framework/Versions/3.8/lib/python3.8/site-packages/airflow/example_dags/example_task_group.py
[2024-11-26T15:51:58.543-0600] {processor.py:925} INFO - DAG(s) 'example_task_group' retrieved from /Library/Frameworks/Python.framework/Versions/3.8/lib/python3.8/site-packages/airflow/example_dags/example_task_group.py
[2024-11-26T15:51:58.579-0600] {logging_mixin.py:190} INFO - [2024-11-26T15:51:58.579-0600] {dag.py:3239} INFO - Sync 1 DAGs
[2024-11-26T15:51:58.583-0600] {logging_mixin.py:190} INFO - [2024-11-26T15:51:58.583-0600] {dag.py:4180} INFO - Setting next_dagrun for example_task_group to None, run_after=None
[2024-11-26T15:51:58.588-0600] {processor.py:208} INFO - Processing /Library/Frameworks/Python.framework/Versions/3.8/lib/python3.8/site-packages/airflow/example_dags/example_task_group.py took 0.051 seconds
[2024-11-26T15:53:04.493-0600] {processor.py:186} INFO - Started process (PID=25698) to work on /Library/Frameworks/Python.framework/Versions/3.8/lib/python3.8/site-packages/airflow/example_dags/example_task_group.py
[2024-11-26T15:53:04.493-0600] {processor.py:914} INFO - Processing file /Library/Frameworks/Python.framework/Versions/3.8/lib/python3.8/site-packages/airflow/example_dags/example_task_group.py for tasks to queue
[2024-11-26T15:53:04.494-0600] {logging_mixin.py:190} INFO - [2024-11-26T15:53:04.494-0600] {dagbag.py:588} INFO - Filling up the DagBag from /Library/Frameworks/Python.framework/Versions/3.8/lib/python3.8/site-packages/airflow/example_dags/example_task_group.py
[2024-11-26T15:53:04.497-0600] {processor.py:925} INFO - DAG(s) 'example_task_group' retrieved from /Library/Frameworks/Python.framework/Versions/3.8/lib/python3.8/site-packages/airflow/example_dags/example_task_group.py
[2024-11-26T15:53:04.532-0600] {logging_mixin.py:190} INFO - [2024-11-26T15:53:04.532-0600] {dag.py:3239} INFO - Sync 1 DAGs
[2024-11-26T15:53:04.536-0600] {logging_mixin.py:190} INFO - [2024-11-26T15:53:04.536-0600] {dag.py:4180} INFO - Setting next_dagrun for example_task_group to None, run_after=None
[2024-11-26T15:53:04.542-0600] {processor.py:208} INFO - Processing /Library/Frameworks/Python.framework/Versions/3.8/lib/python3.8/site-packages/airflow/example_dags/example_task_group.py took 0.050 seconds
[2024-11-26T15:54:16.843-0600] {processor.py:186} INFO - Started process (PID=25821) to work on /Library/Frameworks/Python.framework/Versions/3.8/lib/python3.8/site-packages/airflow/example_dags/example_task_group.py
[2024-11-26T15:54:16.844-0600] {processor.py:914} INFO - Processing file /Library/Frameworks/Python.framework/Versions/3.8/lib/python3.8/site-packages/airflow/example_dags/example_task_group.py for tasks to queue
[2024-11-26T15:54:16.845-0600] {logging_mixin.py:190} INFO - [2024-11-26T15:54:16.844-0600] {dagbag.py:588} INFO - Filling up the DagBag from /Library/Frameworks/Python.framework/Versions/3.8/lib/python3.8/site-packages/airflow/example_dags/example_task_group.py
[2024-11-26T15:54:16.848-0600] {processor.py:925} INFO - DAG(s) 'example_task_group' retrieved from /Library/Frameworks/Python.framework/Versions/3.8/lib/python3.8/site-packages/airflow/example_dags/example_task_group.py
[2024-11-26T15:54:16.884-0600] {logging_mixin.py:190} INFO - [2024-11-26T15:54:16.884-0600] {dag.py:3239} INFO - Sync 1 DAGs
[2024-11-26T15:54:16.888-0600] {logging_mixin.py:190} INFO - [2024-11-26T15:54:16.888-0600] {dag.py:4180} INFO - Setting next_dagrun for example_task_group to None, run_after=None
[2024-11-26T15:54:16.893-0600] {processor.py:208} INFO - Processing /Library/Frameworks/Python.framework/Versions/3.8/lib/python3.8/site-packages/airflow/example_dags/example_task_group.py took 0.052 seconds
[2024-11-26T15:55:25.416-0600] {processor.py:186} INFO - Started process (PID=25961) to work on /Library/Frameworks/Python.framework/Versions/3.8/lib/python3.8/site-packages/airflow/example_dags/example_task_group.py
[2024-11-26T15:55:25.417-0600] {processor.py:914} INFO - Processing file /Library/Frameworks/Python.framework/Versions/3.8/lib/python3.8/site-packages/airflow/example_dags/example_task_group.py for tasks to queue
[2024-11-26T15:55:25.418-0600] {logging_mixin.py:190} INFO - [2024-11-26T15:55:25.418-0600] {dagbag.py:588} INFO - Filling up the DagBag from /Library/Frameworks/Python.framework/Versions/3.8/lib/python3.8/site-packages/airflow/example_dags/example_task_group.py
[2024-11-26T15:55:25.421-0600] {processor.py:925} INFO - DAG(s) 'example_task_group' retrieved from /Library/Frameworks/Python.framework/Versions/3.8/lib/python3.8/site-packages/airflow/example_dags/example_task_group.py
[2024-11-26T15:55:25.456-0600] {logging_mixin.py:190} INFO - [2024-11-26T15:55:25.456-0600] {dag.py:3239} INFO - Sync 1 DAGs
[2024-11-26T15:55:25.460-0600] {logging_mixin.py:190} INFO - [2024-11-26T15:55:25.460-0600] {dag.py:4180} INFO - Setting next_dagrun for example_task_group to None, run_after=None
[2024-11-26T15:55:25.465-0600] {processor.py:208} INFO - Processing /Library/Frameworks/Python.framework/Versions/3.8/lib/python3.8/site-packages/airflow/example_dags/example_task_group.py took 0.050 seconds
[2024-11-26T15:56:36.269-0600] {processor.py:186} INFO - Started process (PID=26142) to work on /Library/Frameworks/Python.framework/Versions/3.8/lib/python3.8/site-packages/airflow/example_dags/example_task_group.py
[2024-11-26T15:56:36.270-0600] {processor.py:914} INFO - Processing file /Library/Frameworks/Python.framework/Versions/3.8/lib/python3.8/site-packages/airflow/example_dags/example_task_group.py for tasks to queue
[2024-11-26T15:56:36.271-0600] {logging_mixin.py:190} INFO - [2024-11-26T15:56:36.271-0600] {dagbag.py:588} INFO - Filling up the DagBag from /Library/Frameworks/Python.framework/Versions/3.8/lib/python3.8/site-packages/airflow/example_dags/example_task_group.py
[2024-11-26T15:56:36.274-0600] {processor.py:925} INFO - DAG(s) 'example_task_group' retrieved from /Library/Frameworks/Python.framework/Versions/3.8/lib/python3.8/site-packages/airflow/example_dags/example_task_group.py
[2024-11-26T15:56:36.312-0600] {logging_mixin.py:190} INFO - [2024-11-26T15:56:36.312-0600] {dag.py:3239} INFO - Sync 1 DAGs
[2024-11-26T15:56:36.317-0600] {logging_mixin.py:190} INFO - [2024-11-26T15:56:36.317-0600] {dag.py:4180} INFO - Setting next_dagrun for example_task_group to None, run_after=None
[2024-11-26T15:56:36.323-0600] {processor.py:208} INFO - Processing /Library/Frameworks/Python.framework/Versions/3.8/lib/python3.8/site-packages/airflow/example_dags/example_task_group.py took 0.055 seconds
[2024-11-26T15:57:46.494-0600] {processor.py:186} INFO - Started process (PID=26265) to work on /Library/Frameworks/Python.framework/Versions/3.8/lib/python3.8/site-packages/airflow/example_dags/example_task_group.py
[2024-11-26T15:57:46.494-0600] {processor.py:914} INFO - Processing file /Library/Frameworks/Python.framework/Versions/3.8/lib/python3.8/site-packages/airflow/example_dags/example_task_group.py for tasks to queue
[2024-11-26T15:57:46.494-0600] {logging_mixin.py:190} INFO - [2024-11-26T15:57:46.494-0600] {dagbag.py:588} INFO - Filling up the DagBag from /Library/Frameworks/Python.framework/Versions/3.8/lib/python3.8/site-packages/airflow/example_dags/example_task_group.py
[2024-11-26T15:57:46.498-0600] {processor.py:925} INFO - DAG(s) 'example_task_group' retrieved from /Library/Frameworks/Python.framework/Versions/3.8/lib/python3.8/site-packages/airflow/example_dags/example_task_group.py
[2024-11-26T15:57:46.533-0600] {logging_mixin.py:190} INFO - [2024-11-26T15:57:46.533-0600] {dag.py:3239} INFO - Sync 1 DAGs
[2024-11-26T15:57:46.537-0600] {logging_mixin.py:190} INFO - [2024-11-26T15:57:46.537-0600] {dag.py:4180} INFO - Setting next_dagrun for example_task_group to None, run_after=None
[2024-11-26T15:57:46.542-0600] {processor.py:208} INFO - Processing /Library/Frameworks/Python.framework/Versions/3.8/lib/python3.8/site-packages/airflow/example_dags/example_task_group.py took 0.050 seconds
[2024-11-26T15:58:54.586-0600] {processor.py:186} INFO - Started process (PID=26409) to work on /Library/Frameworks/Python.framework/Versions/3.8/lib/python3.8/site-packages/airflow/example_dags/example_task_group.py
[2024-11-26T15:58:54.586-0600] {processor.py:914} INFO - Processing file /Library/Frameworks/Python.framework/Versions/3.8/lib/python3.8/site-packages/airflow/example_dags/example_task_group.py for tasks to queue
[2024-11-26T15:58:54.587-0600] {logging_mixin.py:190} INFO - [2024-11-26T15:58:54.587-0600] {dagbag.py:588} INFO - Filling up the DagBag from /Library/Frameworks/Python.framework/Versions/3.8/lib/python3.8/site-packages/airflow/example_dags/example_task_group.py
[2024-11-26T15:58:54.589-0600] {processor.py:925} INFO - DAG(s) 'example_task_group' retrieved from /Library/Frameworks/Python.framework/Versions/3.8/lib/python3.8/site-packages/airflow/example_dags/example_task_group.py
[2024-11-26T15:58:54.625-0600] {logging_mixin.py:190} INFO - [2024-11-26T15:58:54.625-0600] {dag.py:3239} INFO - Sync 1 DAGs
[2024-11-26T15:58:54.629-0600] {logging_mixin.py:190} INFO - [2024-11-26T15:58:54.629-0600] {dag.py:4180} INFO - Setting next_dagrun for example_task_group to None, run_after=None
[2024-11-26T15:58:54.634-0600] {processor.py:208} INFO - Processing /Library/Frameworks/Python.framework/Versions/3.8/lib/python3.8/site-packages/airflow/example_dags/example_task_group.py took 0.049 seconds
[2024-11-26T16:00:01.907-0600] {processor.py:186} INFO - Started process (PID=26549) to work on /Library/Frameworks/Python.framework/Versions/3.8/lib/python3.8/site-packages/airflow/example_dags/example_task_group.py
[2024-11-26T16:00:01.908-0600] {processor.py:914} INFO - Processing file /Library/Frameworks/Python.framework/Versions/3.8/lib/python3.8/site-packages/airflow/example_dags/example_task_group.py for tasks to queue
[2024-11-26T16:00:01.908-0600] {logging_mixin.py:190} INFO - [2024-11-26T16:00:01.908-0600] {dagbag.py:588} INFO - Filling up the DagBag from /Library/Frameworks/Python.framework/Versions/3.8/lib/python3.8/site-packages/airflow/example_dags/example_task_group.py
[2024-11-26T16:00:01.911-0600] {processor.py:925} INFO - DAG(s) 'example_task_group' retrieved from /Library/Frameworks/Python.framework/Versions/3.8/lib/python3.8/site-packages/airflow/example_dags/example_task_group.py
[2024-11-26T16:00:01.946-0600] {logging_mixin.py:190} INFO - [2024-11-26T16:00:01.946-0600] {dag.py:3239} INFO - Sync 1 DAGs
[2024-11-26T16:00:01.950-0600] {logging_mixin.py:190} INFO - [2024-11-26T16:00:01.950-0600] {dag.py:4180} INFO - Setting next_dagrun for example_task_group to None, run_after=None
[2024-11-26T16:00:01.956-0600] {processor.py:208} INFO - Processing /Library/Frameworks/Python.framework/Versions/3.8/lib/python3.8/site-packages/airflow/example_dags/example_task_group.py took 0.050 seconds
[2024-11-26T16:01:10.037-0600] {processor.py:186} INFO - Started process (PID=26672) to work on /Library/Frameworks/Python.framework/Versions/3.8/lib/python3.8/site-packages/airflow/example_dags/example_task_group.py
[2024-11-26T16:01:10.037-0600] {processor.py:914} INFO - Processing file /Library/Frameworks/Python.framework/Versions/3.8/lib/python3.8/site-packages/airflow/example_dags/example_task_group.py for tasks to queue
[2024-11-26T16:01:10.037-0600] {logging_mixin.py:190} INFO - [2024-11-26T16:01:10.037-0600] {dagbag.py:588} INFO - Filling up the DagBag from /Library/Frameworks/Python.framework/Versions/3.8/lib/python3.8/site-packages/airflow/example_dags/example_task_group.py
[2024-11-26T16:01:10.040-0600] {processor.py:925} INFO - DAG(s) 'example_task_group' retrieved from /Library/Frameworks/Python.framework/Versions/3.8/lib/python3.8/site-packages/airflow/example_dags/example_task_group.py
[2024-11-26T16:01:10.075-0600] {logging_mixin.py:190} INFO - [2024-11-26T16:01:10.075-0600] {dag.py:3239} INFO - Sync 1 DAGs
[2024-11-26T16:01:10.079-0600] {logging_mixin.py:190} INFO - [2024-11-26T16:01:10.079-0600] {dag.py:4180} INFO - Setting next_dagrun for example_task_group to None, run_after=None
[2024-11-26T16:01:10.085-0600] {processor.py:208} INFO - Processing /Library/Frameworks/Python.framework/Versions/3.8/lib/python3.8/site-packages/airflow/example_dags/example_task_group.py took 0.049 seconds
[2024-11-26T16:02:17.455-0600] {processor.py:186} INFO - Started process (PID=26811) to work on /Library/Frameworks/Python.framework/Versions/3.8/lib/python3.8/site-packages/airflow/example_dags/example_task_group.py
[2024-11-26T16:02:17.455-0600] {processor.py:914} INFO - Processing file /Library/Frameworks/Python.framework/Versions/3.8/lib/python3.8/site-packages/airflow/example_dags/example_task_group.py for tasks to queue
[2024-11-26T16:02:17.456-0600] {logging_mixin.py:190} INFO - [2024-11-26T16:02:17.456-0600] {dagbag.py:588} INFO - Filling up the DagBag from /Library/Frameworks/Python.framework/Versions/3.8/lib/python3.8/site-packages/airflow/example_dags/example_task_group.py
[2024-11-26T16:02:17.459-0600] {processor.py:925} INFO - DAG(s) 'example_task_group' retrieved from /Library/Frameworks/Python.framework/Versions/3.8/lib/python3.8/site-packages/airflow/example_dags/example_task_group.py
[2024-11-26T16:02:17.495-0600] {logging_mixin.py:190} INFO - [2024-11-26T16:02:17.495-0600] {dag.py:3239} INFO - Sync 1 DAGs
[2024-11-26T16:02:17.499-0600] {logging_mixin.py:190} INFO - [2024-11-26T16:02:17.499-0600] {dag.py:4180} INFO - Setting next_dagrun for example_task_group to None, run_after=None
[2024-11-26T16:02:17.504-0600] {processor.py:208} INFO - Processing /Library/Frameworks/Python.framework/Versions/3.8/lib/python3.8/site-packages/airflow/example_dags/example_task_group.py took 0.051 seconds
[2024-11-26T16:03:22.490-0600] {processor.py:186} INFO - Started process (PID=26933) to work on /Library/Frameworks/Python.framework/Versions/3.8/lib/python3.8/site-packages/airflow/example_dags/example_task_group.py
[2024-11-26T16:03:22.491-0600] {processor.py:914} INFO - Processing file /Library/Frameworks/Python.framework/Versions/3.8/lib/python3.8/site-packages/airflow/example_dags/example_task_group.py for tasks to queue
[2024-11-26T16:03:22.491-0600] {logging_mixin.py:190} INFO - [2024-11-26T16:03:22.491-0600] {dagbag.py:588} INFO - Filling up the DagBag from /Library/Frameworks/Python.framework/Versions/3.8/lib/python3.8/site-packages/airflow/example_dags/example_task_group.py
[2024-11-26T16:03:22.494-0600] {processor.py:925} INFO - DAG(s) 'example_task_group' retrieved from /Library/Frameworks/Python.framework/Versions/3.8/lib/python3.8/site-packages/airflow/example_dags/example_task_group.py
[2024-11-26T16:03:22.529-0600] {logging_mixin.py:190} INFO - [2024-11-26T16:03:22.529-0600] {dag.py:3239} INFO - Sync 1 DAGs
[2024-11-26T16:03:22.533-0600] {logging_mixin.py:190} INFO - [2024-11-26T16:03:22.533-0600] {dag.py:4180} INFO - Setting next_dagrun for example_task_group to None, run_after=None
[2024-11-26T16:03:22.538-0600] {processor.py:208} INFO - Processing /Library/Frameworks/Python.framework/Versions/3.8/lib/python3.8/site-packages/airflow/example_dags/example_task_group.py took 0.049 seconds
[2024-11-26T16:04:30.304-0600] {processor.py:186} INFO - Started process (PID=27054) to work on /Library/Frameworks/Python.framework/Versions/3.8/lib/python3.8/site-packages/airflow/example_dags/example_task_group.py
[2024-11-26T16:04:30.304-0600] {processor.py:914} INFO - Processing file /Library/Frameworks/Python.framework/Versions/3.8/lib/python3.8/site-packages/airflow/example_dags/example_task_group.py for tasks to queue
[2024-11-26T16:04:30.304-0600] {logging_mixin.py:190} INFO - [2024-11-26T16:04:30.304-0600] {dagbag.py:588} INFO - Filling up the DagBag from /Library/Frameworks/Python.framework/Versions/3.8/lib/python3.8/site-packages/airflow/example_dags/example_task_group.py
[2024-11-26T16:04:30.307-0600] {processor.py:925} INFO - DAG(s) 'example_task_group' retrieved from /Library/Frameworks/Python.framework/Versions/3.8/lib/python3.8/site-packages/airflow/example_dags/example_task_group.py
[2024-11-26T16:04:30.343-0600] {logging_mixin.py:190} INFO - [2024-11-26T16:04:30.343-0600] {dag.py:3239} INFO - Sync 1 DAGs
[2024-11-26T16:04:30.347-0600] {logging_mixin.py:190} INFO - [2024-11-26T16:04:30.346-0600] {dag.py:4180} INFO - Setting next_dagrun for example_task_group to None, run_after=None
[2024-11-26T16:04:30.352-0600] {processor.py:208} INFO - Processing /Library/Frameworks/Python.framework/Versions/3.8/lib/python3.8/site-packages/airflow/example_dags/example_task_group.py took 0.049 seconds
[2024-11-26T16:05:38.434-0600] {processor.py:186} INFO - Started process (PID=27179) to work on /Library/Frameworks/Python.framework/Versions/3.8/lib/python3.8/site-packages/airflow/example_dags/example_task_group.py
[2024-11-26T16:05:38.434-0600] {processor.py:914} INFO - Processing file /Library/Frameworks/Python.framework/Versions/3.8/lib/python3.8/site-packages/airflow/example_dags/example_task_group.py for tasks to queue
[2024-11-26T16:05:38.435-0600] {logging_mixin.py:190} INFO - [2024-11-26T16:05:38.434-0600] {dagbag.py:588} INFO - Filling up the DagBag from /Library/Frameworks/Python.framework/Versions/3.8/lib/python3.8/site-packages/airflow/example_dags/example_task_group.py
[2024-11-26T16:05:38.437-0600] {processor.py:925} INFO - DAG(s) 'example_task_group' retrieved from /Library/Frameworks/Python.framework/Versions/3.8/lib/python3.8/site-packages/airflow/example_dags/example_task_group.py
[2024-11-26T16:05:38.472-0600] {logging_mixin.py:190} INFO - [2024-11-26T16:05:38.472-0600] {dag.py:3239} INFO - Sync 1 DAGs
[2024-11-26T16:05:38.476-0600] {logging_mixin.py:190} INFO - [2024-11-26T16:05:38.476-0600] {dag.py:4180} INFO - Setting next_dagrun for example_task_group to None, run_after=None
[2024-11-26T16:05:38.481-0600] {processor.py:208} INFO - Processing /Library/Frameworks/Python.framework/Versions/3.8/lib/python3.8/site-packages/airflow/example_dags/example_task_group.py took 0.049 seconds
[2024-11-26T16:28:08.691-0600] {processor.py:186} INFO - Started process (PID=27307) to work on /Library/Frameworks/Python.framework/Versions/3.8/lib/python3.8/site-packages/airflow/example_dags/example_task_group.py
[2024-11-26T16:28:08.692-0600] {processor.py:914} INFO - Processing file /Library/Frameworks/Python.framework/Versions/3.8/lib/python3.8/site-packages/airflow/example_dags/example_task_group.py for tasks to queue
[2024-11-26T16:28:08.692-0600] {logging_mixin.py:190} INFO - [2024-11-26T16:28:08.692-0600] {dagbag.py:588} INFO - Filling up the DagBag from /Library/Frameworks/Python.framework/Versions/3.8/lib/python3.8/site-packages/airflow/example_dags/example_task_group.py
[2024-11-26T16:28:08.695-0600] {processor.py:925} INFO - DAG(s) 'example_task_group' retrieved from /Library/Frameworks/Python.framework/Versions/3.8/lib/python3.8/site-packages/airflow/example_dags/example_task_group.py
[2024-11-26T16:28:08.729-0600] {logging_mixin.py:190} INFO - [2024-11-26T16:28:08.729-0600] {dag.py:3239} INFO - Sync 1 DAGs
[2024-11-26T16:28:08.733-0600] {logging_mixin.py:190} INFO - [2024-11-26T16:28:08.733-0600] {dag.py:4180} INFO - Setting next_dagrun for example_task_group to None, run_after=None
[2024-11-26T16:28:08.738-0600] {processor.py:208} INFO - Processing /Library/Frameworks/Python.framework/Versions/3.8/lib/python3.8/site-packages/airflow/example_dags/example_task_group.py took 0.048 seconds
[2024-11-26T17:19:09.607-0600] {processor.py:186} INFO - Started process (PID=27438) to work on /Library/Frameworks/Python.framework/Versions/3.8/lib/python3.8/site-packages/airflow/example_dags/example_task_group.py
[2024-11-26T17:19:09.608-0600] {processor.py:914} INFO - Processing file /Library/Frameworks/Python.framework/Versions/3.8/lib/python3.8/site-packages/airflow/example_dags/example_task_group.py for tasks to queue
[2024-11-26T17:19:09.608-0600] {logging_mixin.py:190} INFO - [2024-11-26T17:19:09.608-0600] {dagbag.py:588} INFO - Filling up the DagBag from /Library/Frameworks/Python.framework/Versions/3.8/lib/python3.8/site-packages/airflow/example_dags/example_task_group.py
[2024-11-26T17:19:09.611-0600] {processor.py:925} INFO - DAG(s) 'example_task_group' retrieved from /Library/Frameworks/Python.framework/Versions/3.8/lib/python3.8/site-packages/airflow/example_dags/example_task_group.py
[2024-11-26T17:19:09.644-0600] {logging_mixin.py:190} INFO - [2024-11-26T17:19:09.644-0600] {dag.py:3239} INFO - Sync 1 DAGs
[2024-11-26T17:19:09.647-0600] {logging_mixin.py:190} INFO - [2024-11-26T17:19:09.647-0600] {dag.py:4180} INFO - Setting next_dagrun for example_task_group to None, run_after=None
[2024-11-26T17:19:09.652-0600] {processor.py:208} INFO - Processing /Library/Frameworks/Python.framework/Versions/3.8/lib/python3.8/site-packages/airflow/example_dags/example_task_group.py took 0.046 seconds
