[2024-11-26T14:18:10.244-0600] {processor.py:186} INFO - Started process (PID=17893) to work on /Users/beprathap/PycharmProjects/YouTube-airflow/airflow-venv/lib/python3.8/site-packages/airflow/example_dags/example_python_decorator.py
[2024-11-26T14:18:10.245-0600] {processor.py:914} INFO - Processing file /Users/beprathap/PycharmProjects/YouTube-airflow/airflow-venv/lib/python3.8/site-packages/airflow/example_dags/example_python_decorator.py for tasks to queue
[2024-11-26T14:18:10.245-0600] {logging_mixin.py:190} INFO - [2024-11-26T14:18:10.245-0600] {dagbag.py:588} INFO - Filling up the DagBag from /Users/beprathap/PycharmProjects/YouTube-airflow/airflow-venv/lib/python3.8/site-packages/airflow/example_dags/example_python_decorator.py
[2024-11-26T14:18:10.256-0600] {logging_mixin.py:190} INFO - [2024-11-26T14:18:10.256-0600] {example_python_decorator.py:80} WARNING - The virtalenv_python example task requires virtualenv, please install it.
[2024-11-26T14:18:10.257-0600] {processor.py:925} INFO - DAG(s) 'example_python_decorator' retrieved from /Users/beprathap/PycharmProjects/YouTube-airflow/airflow-venv/lib/python3.8/site-packages/airflow/example_dags/example_python_decorator.py
[2024-11-26T14:18:10.316-0600] {logging_mixin.py:190} INFO - [2024-11-26T14:18:10.316-0600] {override.py:1901} INFO - Created Permission View: can delete on DAG:example_python_decorator
[2024-11-26T14:18:10.319-0600] {logging_mixin.py:190} INFO - [2024-11-26T14:18:10.319-0600] {override.py:1901} INFO - Created Permission View: can read on DAG:example_python_decorator
[2024-11-26T14:18:10.320-0600] {logging_mixin.py:190} INFO - [2024-11-26T14:18:10.320-0600] {override.py:1901} INFO - Created Permission View: can edit on DAG:example_python_decorator
[2024-11-26T14:18:10.322-0600] {logging_mixin.py:190} INFO - [2024-11-26T14:18:10.322-0600] {override.py:1901} INFO - Created Permission View: can create on DAG Run:example_python_decorator
[2024-11-26T14:18:10.324-0600] {logging_mixin.py:190} INFO - [2024-11-26T14:18:10.324-0600] {override.py:1901} INFO - Created Permission View: menu access on DAG Run:example_python_decorator
[2024-11-26T14:18:10.325-0600] {logging_mixin.py:190} INFO - [2024-11-26T14:18:10.325-0600] {override.py:1901} INFO - Created Permission View: can read on DAG Run:example_python_decorator
[2024-11-26T14:18:10.326-0600] {logging_mixin.py:190} INFO - [2024-11-26T14:18:10.326-0600] {override.py:1901} INFO - Created Permission View: can delete on DAG Run:example_python_decorator
[2024-11-26T14:18:10.326-0600] {logging_mixin.py:190} INFO - [2024-11-26T14:18:10.326-0600] {dag.py:3239} INFO - Sync 1 DAGs
[2024-11-26T14:18:10.330-0600] {logging_mixin.py:190} INFO - [2024-11-26T14:18:10.330-0600] {dag.py:3262} INFO - Creating ORM DAG for example_python_decorator
[2024-11-26T14:18:10.330-0600] {logging_mixin.py:190} INFO - [2024-11-26T14:18:10.330-0600] {dag.py:4180} INFO - Setting next_dagrun for example_python_decorator to None, run_after=None
[2024-11-26T14:18:10.335-0600] {processor.py:208} INFO - Processing /Users/beprathap/PycharmProjects/YouTube-airflow/airflow-venv/lib/python3.8/site-packages/airflow/example_dags/example_python_decorator.py took 0.091 seconds
[2024-11-26T14:19:48.568-0600] {processor.py:186} INFO - Started process (PID=18076) to work on /Users/beprathap/PycharmProjects/YouTube-airflow/airflow-venv/lib/python3.8/site-packages/airflow/example_dags/example_python_decorator.py
[2024-11-26T14:19:48.569-0600] {processor.py:914} INFO - Processing file /Users/beprathap/PycharmProjects/YouTube-airflow/airflow-venv/lib/python3.8/site-packages/airflow/example_dags/example_python_decorator.py for tasks to queue
[2024-11-26T14:19:48.569-0600] {logging_mixin.py:190} INFO - [2024-11-26T14:19:48.569-0600] {dagbag.py:588} INFO - Filling up the DagBag from /Users/beprathap/PycharmProjects/YouTube-airflow/airflow-venv/lib/python3.8/site-packages/airflow/example_dags/example_python_decorator.py
[2024-11-26T14:19:48.580-0600] {logging_mixin.py:190} INFO - [2024-11-26T14:19:48.580-0600] {example_python_decorator.py:80} WARNING - The virtalenv_python example task requires virtualenv, please install it.
[2024-11-26T14:19:48.581-0600] {processor.py:925} INFO - DAG(s) 'example_python_decorator' retrieved from /Users/beprathap/PycharmProjects/YouTube-airflow/airflow-venv/lib/python3.8/site-packages/airflow/example_dags/example_python_decorator.py
[2024-11-26T14:19:48.613-0600] {logging_mixin.py:190} INFO - [2024-11-26T14:19:48.613-0600] {dag.py:3239} INFO - Sync 1 DAGs
[2024-11-26T14:19:48.617-0600] {logging_mixin.py:190} INFO - [2024-11-26T14:19:48.616-0600] {dag.py:4180} INFO - Setting next_dagrun for example_python_decorator to None, run_after=None
[2024-11-26T14:19:48.622-0600] {processor.py:208} INFO - Processing /Users/beprathap/PycharmProjects/YouTube-airflow/airflow-venv/lib/python3.8/site-packages/airflow/example_dags/example_python_decorator.py took 0.055 seconds
[2024-11-26T14:22:02.859-0600] {processor.py:186} INFO - Started process (PID=18336) to work on /Users/beprathap/PycharmProjects/YouTube-airflow/airflow-venv/lib/python3.8/site-packages/airflow/example_dags/example_python_decorator.py
[2024-11-26T14:22:02.859-0600] {processor.py:914} INFO - Processing file /Users/beprathap/PycharmProjects/YouTube-airflow/airflow-venv/lib/python3.8/site-packages/airflow/example_dags/example_python_decorator.py for tasks to queue
[2024-11-26T14:22:02.859-0600] {logging_mixin.py:190} INFO - [2024-11-26T14:22:02.859-0600] {dagbag.py:588} INFO - Filling up the DagBag from /Users/beprathap/PycharmProjects/YouTube-airflow/airflow-venv/lib/python3.8/site-packages/airflow/example_dags/example_python_decorator.py
[2024-11-26T14:22:02.871-0600] {logging_mixin.py:190} INFO - [2024-11-26T14:22:02.871-0600] {example_python_decorator.py:80} WARNING - The virtalenv_python example task requires virtualenv, please install it.
[2024-11-26T14:22:02.872-0600] {processor.py:925} INFO - DAG(s) 'example_python_decorator' retrieved from /Users/beprathap/PycharmProjects/YouTube-airflow/airflow-venv/lib/python3.8/site-packages/airflow/example_dags/example_python_decorator.py
[2024-11-26T14:22:02.907-0600] {logging_mixin.py:190} INFO - [2024-11-26T14:22:02.907-0600] {dag.py:3239} INFO - Sync 1 DAGs
[2024-11-26T14:22:02.910-0600] {logging_mixin.py:190} INFO - [2024-11-26T14:22:02.910-0600] {dag.py:4180} INFO - Setting next_dagrun for example_python_decorator to None, run_after=None
[2024-11-26T14:22:02.915-0600] {processor.py:208} INFO - Processing /Users/beprathap/PycharmProjects/YouTube-airflow/airflow-venv/lib/python3.8/site-packages/airflow/example_dags/example_python_decorator.py took 0.058 seconds
[2024-11-26T14:24:13.055-0600] {processor.py:186} INFO - Started process (PID=18601) to work on /Users/beprathap/PycharmProjects/YouTube-airflow/airflow-venv/lib/python3.8/site-packages/airflow/example_dags/example_python_decorator.py
[2024-11-26T14:24:13.057-0600] {processor.py:914} INFO - Processing file /Users/beprathap/PycharmProjects/YouTube-airflow/airflow-venv/lib/python3.8/site-packages/airflow/example_dags/example_python_decorator.py for tasks to queue
[2024-11-26T14:24:13.057-0600] {logging_mixin.py:190} INFO - [2024-11-26T14:24:13.057-0600] {dagbag.py:588} INFO - Filling up the DagBag from /Users/beprathap/PycharmProjects/YouTube-airflow/airflow-venv/lib/python3.8/site-packages/airflow/example_dags/example_python_decorator.py
[2024-11-26T14:24:13.068-0600] {logging_mixin.py:190} INFO - [2024-11-26T14:24:13.068-0600] {example_python_decorator.py:80} WARNING - The virtalenv_python example task requires virtualenv, please install it.
[2024-11-26T14:24:13.069-0600] {processor.py:925} INFO - DAG(s) 'example_python_decorator' retrieved from /Users/beprathap/PycharmProjects/YouTube-airflow/airflow-venv/lib/python3.8/site-packages/airflow/example_dags/example_python_decorator.py
[2024-11-26T14:24:13.103-0600] {logging_mixin.py:190} INFO - [2024-11-26T14:24:13.103-0600] {dag.py:3239} INFO - Sync 1 DAGs
[2024-11-26T14:24:13.106-0600] {logging_mixin.py:190} INFO - [2024-11-26T14:24:13.106-0600] {dag.py:4180} INFO - Setting next_dagrun for example_python_decorator to None, run_after=None
[2024-11-26T14:24:13.111-0600] {processor.py:208} INFO - Processing /Users/beprathap/PycharmProjects/YouTube-airflow/airflow-venv/lib/python3.8/site-packages/airflow/example_dags/example_python_decorator.py took 0.057 seconds
[2024-11-26T14:26:21.793-0600] {processor.py:186} INFO - Started process (PID=18850) to work on /Users/beprathap/PycharmProjects/YouTube-airflow/airflow-venv/lib/python3.8/site-packages/airflow/example_dags/example_python_decorator.py
[2024-11-26T14:26:21.795-0600] {processor.py:914} INFO - Processing file /Users/beprathap/PycharmProjects/YouTube-airflow/airflow-venv/lib/python3.8/site-packages/airflow/example_dags/example_python_decorator.py for tasks to queue
[2024-11-26T14:26:21.795-0600] {logging_mixin.py:190} INFO - [2024-11-26T14:26:21.795-0600] {dagbag.py:588} INFO - Filling up the DagBag from /Users/beprathap/PycharmProjects/YouTube-airflow/airflow-venv/lib/python3.8/site-packages/airflow/example_dags/example_python_decorator.py
[2024-11-26T14:26:21.806-0600] {logging_mixin.py:190} INFO - [2024-11-26T14:26:21.806-0600] {example_python_decorator.py:80} WARNING - The virtalenv_python example task requires virtualenv, please install it.
[2024-11-26T14:26:21.807-0600] {processor.py:925} INFO - DAG(s) 'example_python_decorator' retrieved from /Users/beprathap/PycharmProjects/YouTube-airflow/airflow-venv/lib/python3.8/site-packages/airflow/example_dags/example_python_decorator.py
[2024-11-26T14:26:21.840-0600] {logging_mixin.py:190} INFO - [2024-11-26T14:26:21.840-0600] {dag.py:3239} INFO - Sync 1 DAGs
[2024-11-26T14:26:21.844-0600] {logging_mixin.py:190} INFO - [2024-11-26T14:26:21.844-0600] {dag.py:4180} INFO - Setting next_dagrun for example_python_decorator to None, run_after=None
[2024-11-26T14:26:21.849-0600] {processor.py:208} INFO - Processing /Users/beprathap/PycharmProjects/YouTube-airflow/airflow-venv/lib/python3.8/site-packages/airflow/example_dags/example_python_decorator.py took 0.057 seconds
[2024-11-26T14:28:27.468-0600] {processor.py:186} INFO - Started process (PID=19079) to work on /Users/beprathap/PycharmProjects/YouTube-airflow/airflow-venv/lib/python3.8/site-packages/airflow/example_dags/example_python_decorator.py
[2024-11-26T14:28:27.468-0600] {processor.py:914} INFO - Processing file /Users/beprathap/PycharmProjects/YouTube-airflow/airflow-venv/lib/python3.8/site-packages/airflow/example_dags/example_python_decorator.py for tasks to queue
[2024-11-26T14:28:27.468-0600] {logging_mixin.py:190} INFO - [2024-11-26T14:28:27.468-0600] {dagbag.py:588} INFO - Filling up the DagBag from /Users/beprathap/PycharmProjects/YouTube-airflow/airflow-venv/lib/python3.8/site-packages/airflow/example_dags/example_python_decorator.py
[2024-11-26T14:28:27.480-0600] {logging_mixin.py:190} INFO - [2024-11-26T14:28:27.479-0600] {example_python_decorator.py:80} WARNING - The virtalenv_python example task requires virtualenv, please install it.
[2024-11-26T14:28:27.480-0600] {processor.py:925} INFO - DAG(s) 'example_python_decorator' retrieved from /Users/beprathap/PycharmProjects/YouTube-airflow/airflow-venv/lib/python3.8/site-packages/airflow/example_dags/example_python_decorator.py
[2024-11-26T14:28:27.514-0600] {logging_mixin.py:190} INFO - [2024-11-26T14:28:27.514-0600] {dag.py:3239} INFO - Sync 1 DAGs
[2024-11-26T14:28:27.518-0600] {logging_mixin.py:190} INFO - [2024-11-26T14:28:27.518-0600] {dag.py:4180} INFO - Setting next_dagrun for example_python_decorator to None, run_after=None
[2024-11-26T14:28:27.523-0600] {processor.py:208} INFO - Processing /Users/beprathap/PycharmProjects/YouTube-airflow/airflow-venv/lib/python3.8/site-packages/airflow/example_dags/example_python_decorator.py took 0.057 seconds
[2024-11-26T14:36:32.921-0600] {processor.py:186} INFO - Started process (PID=19571) to work on /Users/beprathap/PycharmProjects/YouTube-airflow/airflow-venv/lib/python3.8/site-packages/airflow/example_dags/example_python_decorator.py
[2024-11-26T14:36:32.922-0600] {processor.py:914} INFO - Processing file /Users/beprathap/PycharmProjects/YouTube-airflow/airflow-venv/lib/python3.8/site-packages/airflow/example_dags/example_python_decorator.py for tasks to queue
[2024-11-26T14:36:32.923-0600] {logging_mixin.py:190} INFO - [2024-11-26T14:36:32.922-0600] {dagbag.py:588} INFO - Filling up the DagBag from /Users/beprathap/PycharmProjects/YouTube-airflow/airflow-venv/lib/python3.8/site-packages/airflow/example_dags/example_python_decorator.py
[2024-11-26T14:36:32.934-0600] {logging_mixin.py:190} INFO - [2024-11-26T14:36:32.934-0600] {example_python_decorator.py:80} WARNING - The virtalenv_python example task requires virtualenv, please install it.
[2024-11-26T14:36:32.935-0600] {processor.py:925} INFO - DAG(s) 'example_python_decorator' retrieved from /Users/beprathap/PycharmProjects/YouTube-airflow/airflow-venv/lib/python3.8/site-packages/airflow/example_dags/example_python_decorator.py
[2024-11-26T14:36:32.969-0600] {logging_mixin.py:190} INFO - [2024-11-26T14:36:32.969-0600] {dag.py:3239} INFO - Sync 1 DAGs
[2024-11-26T14:36:32.973-0600] {logging_mixin.py:190} INFO - [2024-11-26T14:36:32.973-0600] {dag.py:4180} INFO - Setting next_dagrun for example_python_decorator to None, run_after=None
[2024-11-26T14:36:32.978-0600] {processor.py:208} INFO - Processing /Users/beprathap/PycharmProjects/YouTube-airflow/airflow-venv/lib/python3.8/site-packages/airflow/example_dags/example_python_decorator.py took 0.058 seconds
[2024-11-26T14:38:12.757-0600] {processor.py:186} INFO - Started process (PID=19744) to work on /Users/beprathap/PycharmProjects/YouTube-airflow/airflow-venv/lib/python3.8/site-packages/airflow/example_dags/example_python_decorator.py
[2024-11-26T14:38:12.758-0600] {processor.py:914} INFO - Processing file /Users/beprathap/PycharmProjects/YouTube-airflow/airflow-venv/lib/python3.8/site-packages/airflow/example_dags/example_python_decorator.py for tasks to queue
[2024-11-26T14:38:12.758-0600] {logging_mixin.py:190} INFO - [2024-11-26T14:38:12.758-0600] {dagbag.py:588} INFO - Filling up the DagBag from /Users/beprathap/PycharmProjects/YouTube-airflow/airflow-venv/lib/python3.8/site-packages/airflow/example_dags/example_python_decorator.py
[2024-11-26T14:38:12.769-0600] {logging_mixin.py:190} INFO - [2024-11-26T14:38:12.769-0600] {example_python_decorator.py:80} WARNING - The virtalenv_python example task requires virtualenv, please install it.
[2024-11-26T14:38:12.770-0600] {processor.py:925} INFO - DAG(s) 'example_python_decorator' retrieved from /Users/beprathap/PycharmProjects/YouTube-airflow/airflow-venv/lib/python3.8/site-packages/airflow/example_dags/example_python_decorator.py
[2024-11-26T14:38:12.803-0600] {logging_mixin.py:190} INFO - [2024-11-26T14:38:12.803-0600] {dag.py:3239} INFO - Sync 1 DAGs
[2024-11-26T14:38:12.807-0600] {logging_mixin.py:190} INFO - [2024-11-26T14:38:12.807-0600] {dag.py:4180} INFO - Setting next_dagrun for example_python_decorator to None, run_after=None
[2024-11-26T14:38:12.812-0600] {processor.py:208} INFO - Processing /Users/beprathap/PycharmProjects/YouTube-airflow/airflow-venv/lib/python3.8/site-packages/airflow/example_dags/example_python_decorator.py took 0.056 seconds
[2024-11-26T14:40:30.488-0600] {processor.py:186} INFO - Started process (PID=20011) to work on /Users/beprathap/PycharmProjects/YouTube-airflow/airflow-venv/lib/python3.8/site-packages/airflow/example_dags/example_python_decorator.py
[2024-11-26T14:40:30.489-0600] {processor.py:914} INFO - Processing file /Users/beprathap/PycharmProjects/YouTube-airflow/airflow-venv/lib/python3.8/site-packages/airflow/example_dags/example_python_decorator.py for tasks to queue
[2024-11-26T14:40:30.489-0600] {logging_mixin.py:190} INFO - [2024-11-26T14:40:30.489-0600] {dagbag.py:588} INFO - Filling up the DagBag from /Users/beprathap/PycharmProjects/YouTube-airflow/airflow-venv/lib/python3.8/site-packages/airflow/example_dags/example_python_decorator.py
[2024-11-26T14:40:30.500-0600] {logging_mixin.py:190} INFO - [2024-11-26T14:40:30.500-0600] {example_python_decorator.py:80} WARNING - The virtalenv_python example task requires virtualenv, please install it.
[2024-11-26T14:40:30.501-0600] {processor.py:925} INFO - DAG(s) 'example_python_decorator' retrieved from /Users/beprathap/PycharmProjects/YouTube-airflow/airflow-venv/lib/python3.8/site-packages/airflow/example_dags/example_python_decorator.py
[2024-11-26T14:40:30.535-0600] {logging_mixin.py:190} INFO - [2024-11-26T14:40:30.535-0600] {dag.py:3239} INFO - Sync 1 DAGs
[2024-11-26T14:40:30.539-0600] {logging_mixin.py:190} INFO - [2024-11-26T14:40:30.539-0600] {dag.py:4180} INFO - Setting next_dagrun for example_python_decorator to None, run_after=None
[2024-11-26T14:40:30.549-0600] {processor.py:208} INFO - Processing /Users/beprathap/PycharmProjects/YouTube-airflow/airflow-venv/lib/python3.8/site-packages/airflow/example_dags/example_python_decorator.py took 0.062 seconds
[2024-11-26T14:42:40.068-0600] {processor.py:186} INFO - Started process (PID=20246) to work on /Users/beprathap/PycharmProjects/YouTube-airflow/airflow-venv/lib/python3.8/site-packages/airflow/example_dags/example_python_decorator.py
[2024-11-26T14:42:40.068-0600] {processor.py:914} INFO - Processing file /Users/beprathap/PycharmProjects/YouTube-airflow/airflow-venv/lib/python3.8/site-packages/airflow/example_dags/example_python_decorator.py for tasks to queue
[2024-11-26T14:42:40.069-0600] {logging_mixin.py:190} INFO - [2024-11-26T14:42:40.069-0600] {dagbag.py:588} INFO - Filling up the DagBag from /Users/beprathap/PycharmProjects/YouTube-airflow/airflow-venv/lib/python3.8/site-packages/airflow/example_dags/example_python_decorator.py
[2024-11-26T14:42:40.080-0600] {logging_mixin.py:190} INFO - [2024-11-26T14:42:40.080-0600] {example_python_decorator.py:80} WARNING - The virtalenv_python example task requires virtualenv, please install it.
[2024-11-26T14:42:40.080-0600] {processor.py:925} INFO - DAG(s) 'example_python_decorator' retrieved from /Users/beprathap/PycharmProjects/YouTube-airflow/airflow-venv/lib/python3.8/site-packages/airflow/example_dags/example_python_decorator.py
[2024-11-26T14:42:40.114-0600] {logging_mixin.py:190} INFO - [2024-11-26T14:42:40.114-0600] {dag.py:3239} INFO - Sync 1 DAGs
[2024-11-26T14:42:40.118-0600] {logging_mixin.py:190} INFO - [2024-11-26T14:42:40.117-0600] {dag.py:4180} INFO - Setting next_dagrun for example_python_decorator to None, run_after=None
[2024-11-26T14:42:40.123-0600] {processor.py:208} INFO - Processing /Users/beprathap/PycharmProjects/YouTube-airflow/airflow-venv/lib/python3.8/site-packages/airflow/example_dags/example_python_decorator.py took 0.056 seconds
[2024-11-26T14:44:52.950-0600] {processor.py:186} INFO - Started process (PID=20509) to work on /Users/beprathap/PycharmProjects/YouTube-airflow/airflow-venv/lib/python3.8/site-packages/airflow/example_dags/example_python_decorator.py
[2024-11-26T14:44:52.951-0600] {processor.py:914} INFO - Processing file /Users/beprathap/PycharmProjects/YouTube-airflow/airflow-venv/lib/python3.8/site-packages/airflow/example_dags/example_python_decorator.py for tasks to queue
[2024-11-26T14:44:52.951-0600] {logging_mixin.py:190} INFO - [2024-11-26T14:44:52.951-0600] {dagbag.py:588} INFO - Filling up the DagBag from /Users/beprathap/PycharmProjects/YouTube-airflow/airflow-venv/lib/python3.8/site-packages/airflow/example_dags/example_python_decorator.py
[2024-11-26T14:44:52.962-0600] {logging_mixin.py:190} INFO - [2024-11-26T14:44:52.962-0600] {example_python_decorator.py:80} WARNING - The virtalenv_python example task requires virtualenv, please install it.
[2024-11-26T14:44:52.963-0600] {processor.py:925} INFO - DAG(s) 'example_python_decorator' retrieved from /Users/beprathap/PycharmProjects/YouTube-airflow/airflow-venv/lib/python3.8/site-packages/airflow/example_dags/example_python_decorator.py
[2024-11-26T14:44:52.999-0600] {logging_mixin.py:190} INFO - [2024-11-26T14:44:52.999-0600] {dag.py:3239} INFO - Sync 1 DAGs
[2024-11-26T14:44:53.003-0600] {logging_mixin.py:190} INFO - [2024-11-26T14:44:53.003-0600] {dag.py:4180} INFO - Setting next_dagrun for example_python_decorator to None, run_after=None
[2024-11-26T14:44:53.008-0600] {processor.py:208} INFO - Processing /Users/beprathap/PycharmProjects/YouTube-airflow/airflow-venv/lib/python3.8/site-packages/airflow/example_dags/example_python_decorator.py took 0.059 seconds
[2024-11-26T14:47:01.918-0600] {processor.py:186} INFO - Started process (PID=20760) to work on /Users/beprathap/PycharmProjects/YouTube-airflow/airflow-venv/lib/python3.8/site-packages/airflow/example_dags/example_python_decorator.py
[2024-11-26T14:47:01.918-0600] {processor.py:914} INFO - Processing file /Users/beprathap/PycharmProjects/YouTube-airflow/airflow-venv/lib/python3.8/site-packages/airflow/example_dags/example_python_decorator.py for tasks to queue
[2024-11-26T14:47:01.918-0600] {logging_mixin.py:190} INFO - [2024-11-26T14:47:01.918-0600] {dagbag.py:588} INFO - Filling up the DagBag from /Users/beprathap/PycharmProjects/YouTube-airflow/airflow-venv/lib/python3.8/site-packages/airflow/example_dags/example_python_decorator.py
[2024-11-26T14:47:01.929-0600] {logging_mixin.py:190} INFO - [2024-11-26T14:47:01.929-0600] {example_python_decorator.py:80} WARNING - The virtalenv_python example task requires virtualenv, please install it.
[2024-11-26T14:47:01.930-0600] {processor.py:925} INFO - DAG(s) 'example_python_decorator' retrieved from /Users/beprathap/PycharmProjects/YouTube-airflow/airflow-venv/lib/python3.8/site-packages/airflow/example_dags/example_python_decorator.py
[2024-11-26T14:47:01.964-0600] {logging_mixin.py:190} INFO - [2024-11-26T14:47:01.964-0600] {dag.py:3239} INFO - Sync 1 DAGs
[2024-11-26T14:47:01.968-0600] {logging_mixin.py:190} INFO - [2024-11-26T14:47:01.968-0600] {dag.py:4180} INFO - Setting next_dagrun for example_python_decorator to None, run_after=None
[2024-11-26T14:47:01.973-0600] {processor.py:208} INFO - Processing /Users/beprathap/PycharmProjects/YouTube-airflow/airflow-venv/lib/python3.8/site-packages/airflow/example_dags/example_python_decorator.py took 0.057 seconds
[2024-11-26T14:49:22.442-0600] {processor.py:186} INFO - Started process (PID=21027) to work on /Users/beprathap/PycharmProjects/YouTube-airflow/airflow-venv/lib/python3.8/site-packages/airflow/example_dags/example_python_decorator.py
[2024-11-26T14:49:22.442-0600] {processor.py:914} INFO - Processing file /Users/beprathap/PycharmProjects/YouTube-airflow/airflow-venv/lib/python3.8/site-packages/airflow/example_dags/example_python_decorator.py for tasks to queue
[2024-11-26T14:49:22.442-0600] {logging_mixin.py:190} INFO - [2024-11-26T14:49:22.442-0600] {dagbag.py:588} INFO - Filling up the DagBag from /Users/beprathap/PycharmProjects/YouTube-airflow/airflow-venv/lib/python3.8/site-packages/airflow/example_dags/example_python_decorator.py
[2024-11-26T14:49:22.454-0600] {logging_mixin.py:190} INFO - [2024-11-26T14:49:22.454-0600] {example_python_decorator.py:80} WARNING - The virtalenv_python example task requires virtualenv, please install it.
[2024-11-26T14:49:22.454-0600] {processor.py:925} INFO - DAG(s) 'example_python_decorator' retrieved from /Users/beprathap/PycharmProjects/YouTube-airflow/airflow-venv/lib/python3.8/site-packages/airflow/example_dags/example_python_decorator.py
[2024-11-26T14:49:22.489-0600] {logging_mixin.py:190} INFO - [2024-11-26T14:49:22.489-0600] {dag.py:3239} INFO - Sync 1 DAGs
[2024-11-26T14:49:22.492-0600] {logging_mixin.py:190} INFO - [2024-11-26T14:49:22.492-0600] {dag.py:4180} INFO - Setting next_dagrun for example_python_decorator to None, run_after=None
[2024-11-26T14:49:22.498-0600] {processor.py:208} INFO - Processing /Users/beprathap/PycharmProjects/YouTube-airflow/airflow-venv/lib/python3.8/site-packages/airflow/example_dags/example_python_decorator.py took 0.058 seconds
[2024-11-26T15:01:49.703-0600] {processor.py:186} INFO - Started process (PID=21386) to work on /Library/Frameworks/Python.framework/Versions/3.8/lib/python3.8/site-packages/airflow/example_dags/example_python_decorator.py
[2024-11-26T15:01:49.704-0600] {processor.py:914} INFO - Processing file /Library/Frameworks/Python.framework/Versions/3.8/lib/python3.8/site-packages/airflow/example_dags/example_python_decorator.py for tasks to queue
[2024-11-26T15:01:49.705-0600] {logging_mixin.py:190} INFO - [2024-11-26T15:01:49.705-0600] {dagbag.py:588} INFO - Filling up the DagBag from /Library/Frameworks/Python.framework/Versions/3.8/lib/python3.8/site-packages/airflow/example_dags/example_python_decorator.py
[2024-11-26T15:01:49.716-0600] {logging_mixin.py:190} INFO - [2024-11-26T15:01:49.716-0600] {example_python_decorator.py:80} WARNING - The virtalenv_python example task requires virtualenv, please install it.
[2024-11-26T15:01:49.717-0600] {processor.py:925} INFO - DAG(s) 'example_python_decorator' retrieved from /Library/Frameworks/Python.framework/Versions/3.8/lib/python3.8/site-packages/airflow/example_dags/example_python_decorator.py
[2024-11-26T15:01:49.780-0600] {logging_mixin.py:190} INFO - [2024-11-26T15:01:49.780-0600] {dag.py:3239} INFO - Sync 1 DAGs
[2024-11-26T15:01:49.784-0600] {logging_mixin.py:190} INFO - [2024-11-26T15:01:49.784-0600] {dag.py:4180} INFO - Setting next_dagrun for example_python_decorator to None, run_after=None
[2024-11-26T15:01:49.790-0600] {processor.py:208} INFO - Processing /Library/Frameworks/Python.framework/Versions/3.8/lib/python3.8/site-packages/airflow/example_dags/example_python_decorator.py took 0.088 seconds
[2024-11-26T15:03:31.988-0600] {processor.py:186} INFO - Started process (PID=21582) to work on /Library/Frameworks/Python.framework/Versions/3.8/lib/python3.8/site-packages/airflow/example_dags/example_python_decorator.py
[2024-11-26T15:03:31.988-0600] {processor.py:914} INFO - Processing file /Library/Frameworks/Python.framework/Versions/3.8/lib/python3.8/site-packages/airflow/example_dags/example_python_decorator.py for tasks to queue
[2024-11-26T15:03:31.989-0600] {logging_mixin.py:190} INFO - [2024-11-26T15:03:31.989-0600] {dagbag.py:588} INFO - Filling up the DagBag from /Library/Frameworks/Python.framework/Versions/3.8/lib/python3.8/site-packages/airflow/example_dags/example_python_decorator.py
[2024-11-26T15:03:32.000-0600] {logging_mixin.py:190} INFO - [2024-11-26T15:03:32.000-0600] {example_python_decorator.py:80} WARNING - The virtalenv_python example task requires virtualenv, please install it.
[2024-11-26T15:03:32.001-0600] {processor.py:925} INFO - DAG(s) 'example_python_decorator' retrieved from /Library/Frameworks/Python.framework/Versions/3.8/lib/python3.8/site-packages/airflow/example_dags/example_python_decorator.py
[2024-11-26T15:03:32.035-0600] {logging_mixin.py:190} INFO - [2024-11-26T15:03:32.035-0600] {dag.py:3239} INFO - Sync 1 DAGs
[2024-11-26T15:03:32.039-0600] {logging_mixin.py:190} INFO - [2024-11-26T15:03:32.039-0600] {dag.py:4180} INFO - Setting next_dagrun for example_python_decorator to None, run_after=None
[2024-11-26T15:03:32.044-0600] {processor.py:208} INFO - Processing /Library/Frameworks/Python.framework/Versions/3.8/lib/python3.8/site-packages/airflow/example_dags/example_python_decorator.py took 0.057 seconds
[2024-11-26T15:05:50.450-0600] {processor.py:186} INFO - Started process (PID=21829) to work on /Library/Frameworks/Python.framework/Versions/3.8/lib/python3.8/site-packages/airflow/example_dags/example_python_decorator.py
[2024-11-26T15:05:50.451-0600] {processor.py:914} INFO - Processing file /Library/Frameworks/Python.framework/Versions/3.8/lib/python3.8/site-packages/airflow/example_dags/example_python_decorator.py for tasks to queue
[2024-11-26T15:05:50.451-0600] {logging_mixin.py:190} INFO - [2024-11-26T15:05:50.451-0600] {dagbag.py:588} INFO - Filling up the DagBag from /Library/Frameworks/Python.framework/Versions/3.8/lib/python3.8/site-packages/airflow/example_dags/example_python_decorator.py
[2024-11-26T15:05:50.462-0600] {logging_mixin.py:190} INFO - [2024-11-26T15:05:50.462-0600] {example_python_decorator.py:80} WARNING - The virtalenv_python example task requires virtualenv, please install it.
[2024-11-26T15:05:50.463-0600] {processor.py:925} INFO - DAG(s) 'example_python_decorator' retrieved from /Library/Frameworks/Python.framework/Versions/3.8/lib/python3.8/site-packages/airflow/example_dags/example_python_decorator.py
[2024-11-26T15:05:50.497-0600] {logging_mixin.py:190} INFO - [2024-11-26T15:05:50.497-0600] {dag.py:3239} INFO - Sync 1 DAGs
[2024-11-26T15:05:50.501-0600] {logging_mixin.py:190} INFO - [2024-11-26T15:05:50.501-0600] {dag.py:4180} INFO - Setting next_dagrun for example_python_decorator to None, run_after=None
[2024-11-26T15:05:50.506-0600] {processor.py:208} INFO - Processing /Library/Frameworks/Python.framework/Versions/3.8/lib/python3.8/site-packages/airflow/example_dags/example_python_decorator.py took 0.057 seconds
[2024-11-26T15:08:13.767-0600] {processor.py:186} INFO - Started process (PID=22132) to work on /Library/Frameworks/Python.framework/Versions/3.8/lib/python3.8/site-packages/airflow/example_dags/example_python_decorator.py
[2024-11-26T15:08:13.768-0600] {processor.py:914} INFO - Processing file /Library/Frameworks/Python.framework/Versions/3.8/lib/python3.8/site-packages/airflow/example_dags/example_python_decorator.py for tasks to queue
[2024-11-26T15:08:13.769-0600] {logging_mixin.py:190} INFO - [2024-11-26T15:08:13.768-0600] {dagbag.py:588} INFO - Filling up the DagBag from /Library/Frameworks/Python.framework/Versions/3.8/lib/python3.8/site-packages/airflow/example_dags/example_python_decorator.py
[2024-11-26T15:08:13.781-0600] {logging_mixin.py:190} INFO - [2024-11-26T15:08:13.781-0600] {example_python_decorator.py:80} WARNING - The virtalenv_python example task requires virtualenv, please install it.
[2024-11-26T15:08:13.782-0600] {processor.py:925} INFO - DAG(s) 'example_python_decorator' retrieved from /Library/Frameworks/Python.framework/Versions/3.8/lib/python3.8/site-packages/airflow/example_dags/example_python_decorator.py
[2024-11-26T15:08:13.819-0600] {logging_mixin.py:190} INFO - [2024-11-26T15:08:13.819-0600] {dag.py:3239} INFO - Sync 1 DAGs
[2024-11-26T15:08:13.823-0600] {logging_mixin.py:190} INFO - [2024-11-26T15:08:13.823-0600] {dag.py:4180} INFO - Setting next_dagrun for example_python_decorator to None, run_after=None
[2024-11-26T15:08:13.829-0600] {processor.py:208} INFO - Processing /Library/Frameworks/Python.framework/Versions/3.8/lib/python3.8/site-packages/airflow/example_dags/example_python_decorator.py took 0.063 seconds
[2024-11-26T15:16:50.318-0600] {processor.py:186} INFO - Started process (PID=22402) to work on /Library/Frameworks/Python.framework/Versions/3.8/lib/python3.8/site-packages/airflow/example_dags/example_python_decorator.py
[2024-11-26T15:16:50.319-0600] {processor.py:914} INFO - Processing file /Library/Frameworks/Python.framework/Versions/3.8/lib/python3.8/site-packages/airflow/example_dags/example_python_decorator.py for tasks to queue
[2024-11-26T15:16:50.319-0600] {logging_mixin.py:190} INFO - [2024-11-26T15:16:50.319-0600] {dagbag.py:588} INFO - Filling up the DagBag from /Library/Frameworks/Python.framework/Versions/3.8/lib/python3.8/site-packages/airflow/example_dags/example_python_decorator.py
[2024-11-26T15:16:50.331-0600] {logging_mixin.py:190} INFO - [2024-11-26T15:16:50.331-0600] {example_python_decorator.py:80} WARNING - The virtalenv_python example task requires virtualenv, please install it.
[2024-11-26T15:16:50.332-0600] {processor.py:925} INFO - DAG(s) 'example_python_decorator' retrieved from /Library/Frameworks/Python.framework/Versions/3.8/lib/python3.8/site-packages/airflow/example_dags/example_python_decorator.py
[2024-11-26T15:16:50.366-0600] {logging_mixin.py:190} INFO - [2024-11-26T15:16:50.366-0600] {dag.py:3239} INFO - Sync 1 DAGs
[2024-11-26T15:16:50.369-0600] {logging_mixin.py:190} INFO - [2024-11-26T15:16:50.369-0600] {dag.py:4180} INFO - Setting next_dagrun for example_python_decorator to None, run_after=None
[2024-11-26T15:16:50.374-0600] {processor.py:208} INFO - Processing /Library/Frameworks/Python.framework/Versions/3.8/lib/python3.8/site-packages/airflow/example_dags/example_python_decorator.py took 0.057 seconds
[2024-11-26T15:18:25.306-0600] {processor.py:186} INFO - Started process (PID=22586) to work on /Library/Frameworks/Python.framework/Versions/3.8/lib/python3.8/site-packages/airflow/example_dags/example_python_decorator.py
[2024-11-26T15:18:25.306-0600] {processor.py:914} INFO - Processing file /Library/Frameworks/Python.framework/Versions/3.8/lib/python3.8/site-packages/airflow/example_dags/example_python_decorator.py for tasks to queue
[2024-11-26T15:18:25.306-0600] {logging_mixin.py:190} INFO - [2024-11-26T15:18:25.306-0600] {dagbag.py:588} INFO - Filling up the DagBag from /Library/Frameworks/Python.framework/Versions/3.8/lib/python3.8/site-packages/airflow/example_dags/example_python_decorator.py
[2024-11-26T15:18:25.318-0600] {logging_mixin.py:190} INFO - [2024-11-26T15:18:25.318-0600] {example_python_decorator.py:80} WARNING - The virtalenv_python example task requires virtualenv, please install it.
[2024-11-26T15:18:25.318-0600] {processor.py:925} INFO - DAG(s) 'example_python_decorator' retrieved from /Library/Frameworks/Python.framework/Versions/3.8/lib/python3.8/site-packages/airflow/example_dags/example_python_decorator.py
[2024-11-26T15:18:25.352-0600] {logging_mixin.py:190} INFO - [2024-11-26T15:18:25.352-0600] {dag.py:3239} INFO - Sync 1 DAGs
[2024-11-26T15:18:25.356-0600] {logging_mixin.py:190} INFO - [2024-11-26T15:18:25.356-0600] {dag.py:4180} INFO - Setting next_dagrun for example_python_decorator to None, run_after=None
[2024-11-26T15:18:25.361-0600] {processor.py:208} INFO - Processing /Library/Frameworks/Python.framework/Versions/3.8/lib/python3.8/site-packages/airflow/example_dags/example_python_decorator.py took 0.057 seconds
[2024-11-26T15:20:42.288-0600] {processor.py:186} INFO - Started process (PID=22848) to work on /Library/Frameworks/Python.framework/Versions/3.8/lib/python3.8/site-packages/airflow/example_dags/example_python_decorator.py
[2024-11-26T15:20:42.289-0600] {processor.py:914} INFO - Processing file /Library/Frameworks/Python.framework/Versions/3.8/lib/python3.8/site-packages/airflow/example_dags/example_python_decorator.py for tasks to queue
[2024-11-26T15:20:42.289-0600] {logging_mixin.py:190} INFO - [2024-11-26T15:20:42.289-0600] {dagbag.py:588} INFO - Filling up the DagBag from /Library/Frameworks/Python.framework/Versions/3.8/lib/python3.8/site-packages/airflow/example_dags/example_python_decorator.py
[2024-11-26T15:20:42.300-0600] {logging_mixin.py:190} INFO - [2024-11-26T15:20:42.300-0600] {example_python_decorator.py:80} WARNING - The virtalenv_python example task requires virtualenv, please install it.
[2024-11-26T15:20:42.301-0600] {processor.py:925} INFO - DAG(s) 'example_python_decorator' retrieved from /Library/Frameworks/Python.framework/Versions/3.8/lib/python3.8/site-packages/airflow/example_dags/example_python_decorator.py
[2024-11-26T15:20:42.336-0600] {logging_mixin.py:190} INFO - [2024-11-26T15:20:42.336-0600] {dag.py:3239} INFO - Sync 1 DAGs
[2024-11-26T15:20:42.339-0600] {logging_mixin.py:190} INFO - [2024-11-26T15:20:42.339-0600] {dag.py:4180} INFO - Setting next_dagrun for example_python_decorator to None, run_after=None
[2024-11-26T15:20:42.345-0600] {processor.py:208} INFO - Processing /Library/Frameworks/Python.framework/Versions/3.8/lib/python3.8/site-packages/airflow/example_dags/example_python_decorator.py took 0.057 seconds
[2024-11-26T15:22:55.976-0600] {processor.py:186} INFO - Started process (PID=23118) to work on /Library/Frameworks/Python.framework/Versions/3.8/lib/python3.8/site-packages/airflow/example_dags/example_python_decorator.py
[2024-11-26T15:22:55.977-0600] {processor.py:914} INFO - Processing file /Library/Frameworks/Python.framework/Versions/3.8/lib/python3.8/site-packages/airflow/example_dags/example_python_decorator.py for tasks to queue
[2024-11-26T15:22:55.977-0600] {logging_mixin.py:190} INFO - [2024-11-26T15:22:55.977-0600] {dagbag.py:588} INFO - Filling up the DagBag from /Library/Frameworks/Python.framework/Versions/3.8/lib/python3.8/site-packages/airflow/example_dags/example_python_decorator.py
[2024-11-26T15:22:55.988-0600] {logging_mixin.py:190} INFO - [2024-11-26T15:22:55.988-0600] {example_python_decorator.py:80} WARNING - The virtalenv_python example task requires virtualenv, please install it.
[2024-11-26T15:22:55.989-0600] {processor.py:925} INFO - DAG(s) 'example_python_decorator' retrieved from /Library/Frameworks/Python.framework/Versions/3.8/lib/python3.8/site-packages/airflow/example_dags/example_python_decorator.py
[2024-11-26T15:22:56.023-0600] {logging_mixin.py:190} INFO - [2024-11-26T15:22:56.023-0600] {dag.py:3239} INFO - Sync 1 DAGs
[2024-11-26T15:22:56.027-0600] {logging_mixin.py:190} INFO - [2024-11-26T15:22:56.027-0600] {dag.py:4180} INFO - Setting next_dagrun for example_python_decorator to None, run_after=None
[2024-11-26T15:22:56.032-0600] {processor.py:208} INFO - Processing /Library/Frameworks/Python.framework/Versions/3.8/lib/python3.8/site-packages/airflow/example_dags/example_python_decorator.py took 0.057 seconds
[2024-11-26T15:33:42.886-0600] {processor.py:186} INFO - Started process (PID=23496) to work on /Library/Frameworks/Python.framework/Versions/3.8/lib/python3.8/site-packages/airflow/example_dags/example_python_decorator.py
[2024-11-26T15:33:42.886-0600] {processor.py:914} INFO - Processing file /Library/Frameworks/Python.framework/Versions/3.8/lib/python3.8/site-packages/airflow/example_dags/example_python_decorator.py for tasks to queue
[2024-11-26T15:33:42.887-0600] {logging_mixin.py:190} INFO - [2024-11-26T15:33:42.887-0600] {dagbag.py:588} INFO - Filling up the DagBag from /Library/Frameworks/Python.framework/Versions/3.8/lib/python3.8/site-packages/airflow/example_dags/example_python_decorator.py
[2024-11-26T15:33:42.898-0600] {logging_mixin.py:190} INFO - [2024-11-26T15:33:42.898-0600] {example_python_decorator.py:80} WARNING - The virtalenv_python example task requires virtualenv, please install it.
[2024-11-26T15:33:42.899-0600] {processor.py:925} INFO - DAG(s) 'example_python_decorator' retrieved from /Library/Frameworks/Python.framework/Versions/3.8/lib/python3.8/site-packages/airflow/example_dags/example_python_decorator.py
[2024-11-26T15:33:42.932-0600] {logging_mixin.py:190} INFO - [2024-11-26T15:33:42.932-0600] {dag.py:3239} INFO - Sync 1 DAGs
[2024-11-26T15:33:42.936-0600] {logging_mixin.py:190} INFO - [2024-11-26T15:33:42.936-0600] {dag.py:4180} INFO - Setting next_dagrun for example_python_decorator to None, run_after=None
[2024-11-26T15:33:42.941-0600] {processor.py:208} INFO - Processing /Library/Frameworks/Python.framework/Versions/3.8/lib/python3.8/site-packages/airflow/example_dags/example_python_decorator.py took 0.057 seconds
[2024-11-26T15:35:22.625-0600] {processor.py:186} INFO - Started process (PID=23687) to work on /Library/Frameworks/Python.framework/Versions/3.8/lib/python3.8/site-packages/airflow/example_dags/example_python_decorator.py
[2024-11-26T15:35:22.625-0600] {processor.py:914} INFO - Processing file /Library/Frameworks/Python.framework/Versions/3.8/lib/python3.8/site-packages/airflow/example_dags/example_python_decorator.py for tasks to queue
[2024-11-26T15:35:22.625-0600] {logging_mixin.py:190} INFO - [2024-11-26T15:35:22.625-0600] {dagbag.py:588} INFO - Filling up the DagBag from /Library/Frameworks/Python.framework/Versions/3.8/lib/python3.8/site-packages/airflow/example_dags/example_python_decorator.py
[2024-11-26T15:35:22.636-0600] {logging_mixin.py:190} INFO - [2024-11-26T15:35:22.636-0600] {example_python_decorator.py:80} WARNING - The virtalenv_python example task requires virtualenv, please install it.
[2024-11-26T15:35:22.637-0600] {processor.py:925} INFO - DAG(s) 'example_python_decorator' retrieved from /Library/Frameworks/Python.framework/Versions/3.8/lib/python3.8/site-packages/airflow/example_dags/example_python_decorator.py
[2024-11-26T15:35:22.671-0600] {logging_mixin.py:190} INFO - [2024-11-26T15:35:22.671-0600] {dag.py:3239} INFO - Sync 1 DAGs
[2024-11-26T15:35:22.674-0600] {logging_mixin.py:190} INFO - [2024-11-26T15:35:22.674-0600] {dag.py:4180} INFO - Setting next_dagrun for example_python_decorator to None, run_after=None
[2024-11-26T15:35:22.679-0600] {processor.py:208} INFO - Processing /Library/Frameworks/Python.framework/Versions/3.8/lib/python3.8/site-packages/airflow/example_dags/example_python_decorator.py took 0.056 seconds
[2024-11-26T15:37:37.922-0600] {processor.py:186} INFO - Started process (PID=23947) to work on /Library/Frameworks/Python.framework/Versions/3.8/lib/python3.8/site-packages/airflow/example_dags/example_python_decorator.py
[2024-11-26T15:37:37.923-0600] {processor.py:914} INFO - Processing file /Library/Frameworks/Python.framework/Versions/3.8/lib/python3.8/site-packages/airflow/example_dags/example_python_decorator.py for tasks to queue
[2024-11-26T15:37:37.923-0600] {logging_mixin.py:190} INFO - [2024-11-26T15:37:37.923-0600] {dagbag.py:588} INFO - Filling up the DagBag from /Library/Frameworks/Python.framework/Versions/3.8/lib/python3.8/site-packages/airflow/example_dags/example_python_decorator.py
[2024-11-26T15:37:37.936-0600] {logging_mixin.py:190} INFO - [2024-11-26T15:37:37.936-0600] {example_python_decorator.py:80} WARNING - The virtalenv_python example task requires virtualenv, please install it.
[2024-11-26T15:37:37.937-0600] {processor.py:925} INFO - DAG(s) 'example_python_decorator' retrieved from /Library/Frameworks/Python.framework/Versions/3.8/lib/python3.8/site-packages/airflow/example_dags/example_python_decorator.py
[2024-11-26T15:37:37.971-0600] {logging_mixin.py:190} INFO - [2024-11-26T15:37:37.971-0600] {dag.py:3239} INFO - Sync 1 DAGs
[2024-11-26T15:37:37.974-0600] {logging_mixin.py:190} INFO - [2024-11-26T15:37:37.974-0600] {dag.py:4180} INFO - Setting next_dagrun for example_python_decorator to None, run_after=None
[2024-11-26T15:37:37.980-0600] {processor.py:208} INFO - Processing /Library/Frameworks/Python.framework/Versions/3.8/lib/python3.8/site-packages/airflow/example_dags/example_python_decorator.py took 0.058 seconds
[2024-11-26T15:39:51.268-0600] {processor.py:186} INFO - Started process (PID=24197) to work on /Library/Frameworks/Python.framework/Versions/3.8/lib/python3.8/site-packages/airflow/example_dags/example_python_decorator.py
[2024-11-26T15:39:51.269-0600] {processor.py:914} INFO - Processing file /Library/Frameworks/Python.framework/Versions/3.8/lib/python3.8/site-packages/airflow/example_dags/example_python_decorator.py for tasks to queue
[2024-11-26T15:39:51.269-0600] {logging_mixin.py:190} INFO - [2024-11-26T15:39:51.269-0600] {dagbag.py:588} INFO - Filling up the DagBag from /Library/Frameworks/Python.framework/Versions/3.8/lib/python3.8/site-packages/airflow/example_dags/example_python_decorator.py
[2024-11-26T15:39:51.283-0600] {logging_mixin.py:190} INFO - [2024-11-26T15:39:51.283-0600] {example_python_decorator.py:80} WARNING - The virtalenv_python example task requires virtualenv, please install it.
[2024-11-26T15:39:51.284-0600] {processor.py:925} INFO - DAG(s) 'example_python_decorator' retrieved from /Library/Frameworks/Python.framework/Versions/3.8/lib/python3.8/site-packages/airflow/example_dags/example_python_decorator.py
[2024-11-26T15:39:51.323-0600] {logging_mixin.py:190} INFO - [2024-11-26T15:39:51.323-0600] {dag.py:3239} INFO - Sync 1 DAGs
[2024-11-26T15:39:51.327-0600] {logging_mixin.py:190} INFO - [2024-11-26T15:39:51.327-0600] {dag.py:4180} INFO - Setting next_dagrun for example_python_decorator to None, run_after=None
[2024-11-26T15:39:51.334-0600] {processor.py:208} INFO - Processing /Library/Frameworks/Python.framework/Versions/3.8/lib/python3.8/site-packages/airflow/example_dags/example_python_decorator.py took 0.067 seconds
[2024-11-26T15:42:08.237-0600] {processor.py:186} INFO - Started process (PID=24451) to work on /Library/Frameworks/Python.framework/Versions/3.8/lib/python3.8/site-packages/airflow/example_dags/example_python_decorator.py
[2024-11-26T15:42:08.238-0600] {processor.py:914} INFO - Processing file /Library/Frameworks/Python.framework/Versions/3.8/lib/python3.8/site-packages/airflow/example_dags/example_python_decorator.py for tasks to queue
[2024-11-26T15:42:08.238-0600] {logging_mixin.py:190} INFO - [2024-11-26T15:42:08.238-0600] {dagbag.py:588} INFO - Filling up the DagBag from /Library/Frameworks/Python.framework/Versions/3.8/lib/python3.8/site-packages/airflow/example_dags/example_python_decorator.py
[2024-11-26T15:42:08.250-0600] {logging_mixin.py:190} INFO - [2024-11-26T15:42:08.250-0600] {example_python_decorator.py:80} WARNING - The virtalenv_python example task requires virtualenv, please install it.
[2024-11-26T15:42:08.251-0600] {processor.py:925} INFO - DAG(s) 'example_python_decorator' retrieved from /Library/Frameworks/Python.framework/Versions/3.8/lib/python3.8/site-packages/airflow/example_dags/example_python_decorator.py
[2024-11-26T15:42:08.286-0600] {logging_mixin.py:190} INFO - [2024-11-26T15:42:08.286-0600] {dag.py:3239} INFO - Sync 1 DAGs
[2024-11-26T15:42:08.290-0600] {logging_mixin.py:190} INFO - [2024-11-26T15:42:08.289-0600] {dag.py:4180} INFO - Setting next_dagrun for example_python_decorator to None, run_after=None
[2024-11-26T15:42:08.295-0600] {processor.py:208} INFO - Processing /Library/Frameworks/Python.framework/Versions/3.8/lib/python3.8/site-packages/airflow/example_dags/example_python_decorator.py took 0.059 seconds
[2024-11-26T15:44:24.519-0600] {processor.py:186} INFO - Started process (PID=24706) to work on /Library/Frameworks/Python.framework/Versions/3.8/lib/python3.8/site-packages/airflow/example_dags/example_python_decorator.py
[2024-11-26T15:44:24.519-0600] {processor.py:914} INFO - Processing file /Library/Frameworks/Python.framework/Versions/3.8/lib/python3.8/site-packages/airflow/example_dags/example_python_decorator.py for tasks to queue
[2024-11-26T15:44:24.520-0600] {logging_mixin.py:190} INFO - [2024-11-26T15:44:24.520-0600] {dagbag.py:588} INFO - Filling up the DagBag from /Library/Frameworks/Python.framework/Versions/3.8/lib/python3.8/site-packages/airflow/example_dags/example_python_decorator.py
[2024-11-26T15:44:24.531-0600] {logging_mixin.py:190} INFO - [2024-11-26T15:44:24.531-0600] {example_python_decorator.py:80} WARNING - The virtalenv_python example task requires virtualenv, please install it.
[2024-11-26T15:44:24.532-0600] {processor.py:925} INFO - DAG(s) 'example_python_decorator' retrieved from /Library/Frameworks/Python.framework/Versions/3.8/lib/python3.8/site-packages/airflow/example_dags/example_python_decorator.py
[2024-11-26T15:44:24.567-0600] {logging_mixin.py:190} INFO - [2024-11-26T15:44:24.567-0600] {dag.py:3239} INFO - Sync 1 DAGs
[2024-11-26T15:44:24.570-0600] {logging_mixin.py:190} INFO - [2024-11-26T15:44:24.570-0600] {dag.py:4180} INFO - Setting next_dagrun for example_python_decorator to None, run_after=None
[2024-11-26T15:44:24.576-0600] {processor.py:208} INFO - Processing /Library/Frameworks/Python.framework/Versions/3.8/lib/python3.8/site-packages/airflow/example_dags/example_python_decorator.py took 0.058 seconds
[2024-11-26T15:46:41.434-0600] {processor.py:186} INFO - Started process (PID=24955) to work on /Library/Frameworks/Python.framework/Versions/3.8/lib/python3.8/site-packages/airflow/example_dags/example_python_decorator.py
[2024-11-26T15:46:41.435-0600] {processor.py:914} INFO - Processing file /Library/Frameworks/Python.framework/Versions/3.8/lib/python3.8/site-packages/airflow/example_dags/example_python_decorator.py for tasks to queue
[2024-11-26T15:46:41.435-0600] {logging_mixin.py:190} INFO - [2024-11-26T15:46:41.435-0600] {dagbag.py:588} INFO - Filling up the DagBag from /Library/Frameworks/Python.framework/Versions/3.8/lib/python3.8/site-packages/airflow/example_dags/example_python_decorator.py
[2024-11-26T15:46:41.447-0600] {logging_mixin.py:190} INFO - [2024-11-26T15:46:41.447-0600] {example_python_decorator.py:80} WARNING - The virtalenv_python example task requires virtualenv, please install it.
[2024-11-26T15:46:41.448-0600] {processor.py:925} INFO - DAG(s) 'example_python_decorator' retrieved from /Library/Frameworks/Python.framework/Versions/3.8/lib/python3.8/site-packages/airflow/example_dags/example_python_decorator.py
[2024-11-26T15:46:41.482-0600] {logging_mixin.py:190} INFO - [2024-11-26T15:46:41.482-0600] {dag.py:3239} INFO - Sync 1 DAGs
[2024-11-26T15:46:41.486-0600] {logging_mixin.py:190} INFO - [2024-11-26T15:46:41.486-0600] {dag.py:4180} INFO - Setting next_dagrun for example_python_decorator to None, run_after=None
[2024-11-26T15:46:41.491-0600] {processor.py:208} INFO - Processing /Library/Frameworks/Python.framework/Versions/3.8/lib/python3.8/site-packages/airflow/example_dags/example_python_decorator.py took 0.058 seconds
[2024-11-26T15:48:51.697-0600] {processor.py:186} INFO - Started process (PID=25210) to work on /Library/Frameworks/Python.framework/Versions/3.8/lib/python3.8/site-packages/airflow/example_dags/example_python_decorator.py
[2024-11-26T15:48:51.698-0600] {processor.py:914} INFO - Processing file /Library/Frameworks/Python.framework/Versions/3.8/lib/python3.8/site-packages/airflow/example_dags/example_python_decorator.py for tasks to queue
[2024-11-26T15:48:51.699-0600] {logging_mixin.py:190} INFO - [2024-11-26T15:48:51.699-0600] {dagbag.py:588} INFO - Filling up the DagBag from /Library/Frameworks/Python.framework/Versions/3.8/lib/python3.8/site-packages/airflow/example_dags/example_python_decorator.py
[2024-11-26T15:48:51.711-0600] {logging_mixin.py:190} INFO - [2024-11-26T15:48:51.711-0600] {example_python_decorator.py:80} WARNING - The virtalenv_python example task requires virtualenv, please install it.
[2024-11-26T15:48:51.711-0600] {processor.py:925} INFO - DAG(s) 'example_python_decorator' retrieved from /Library/Frameworks/Python.framework/Versions/3.8/lib/python3.8/site-packages/airflow/example_dags/example_python_decorator.py
[2024-11-26T15:48:51.746-0600] {logging_mixin.py:190} INFO - [2024-11-26T15:48:51.746-0600] {dag.py:3239} INFO - Sync 1 DAGs
[2024-11-26T15:48:51.749-0600] {logging_mixin.py:190} INFO - [2024-11-26T15:48:51.749-0600] {dag.py:4180} INFO - Setting next_dagrun for example_python_decorator to None, run_after=None
[2024-11-26T15:48:51.754-0600] {processor.py:208} INFO - Processing /Library/Frameworks/Python.framework/Versions/3.8/lib/python3.8/site-packages/airflow/example_dags/example_python_decorator.py took 0.058 seconds
[2024-11-26T15:51:04.122-0600] {processor.py:186} INFO - Started process (PID=25477) to work on /Library/Frameworks/Python.framework/Versions/3.8/lib/python3.8/site-packages/airflow/example_dags/example_python_decorator.py
[2024-11-26T15:51:04.122-0600] {processor.py:914} INFO - Processing file /Library/Frameworks/Python.framework/Versions/3.8/lib/python3.8/site-packages/airflow/example_dags/example_python_decorator.py for tasks to queue
[2024-11-26T15:51:04.123-0600] {logging_mixin.py:190} INFO - [2024-11-26T15:51:04.123-0600] {dagbag.py:588} INFO - Filling up the DagBag from /Library/Frameworks/Python.framework/Versions/3.8/lib/python3.8/site-packages/airflow/example_dags/example_python_decorator.py
[2024-11-26T15:51:04.135-0600] {logging_mixin.py:190} INFO - [2024-11-26T15:51:04.135-0600] {example_python_decorator.py:80} WARNING - The virtalenv_python example task requires virtualenv, please install it.
[2024-11-26T15:51:04.136-0600] {processor.py:925} INFO - DAG(s) 'example_python_decorator' retrieved from /Library/Frameworks/Python.framework/Versions/3.8/lib/python3.8/site-packages/airflow/example_dags/example_python_decorator.py
[2024-11-26T15:51:04.171-0600] {logging_mixin.py:190} INFO - [2024-11-26T15:51:04.170-0600] {dag.py:3239} INFO - Sync 1 DAGs
[2024-11-26T15:51:04.174-0600] {logging_mixin.py:190} INFO - [2024-11-26T15:51:04.174-0600] {dag.py:4180} INFO - Setting next_dagrun for example_python_decorator to None, run_after=None
[2024-11-26T15:51:04.179-0600] {processor.py:208} INFO - Processing /Library/Frameworks/Python.framework/Versions/3.8/lib/python3.8/site-packages/airflow/example_dags/example_python_decorator.py took 0.059 seconds
[2024-11-26T15:53:20.384-0600] {processor.py:186} INFO - Started process (PID=25725) to work on /Library/Frameworks/Python.framework/Versions/3.8/lib/python3.8/site-packages/airflow/example_dags/example_python_decorator.py
[2024-11-26T15:53:20.385-0600] {processor.py:914} INFO - Processing file /Library/Frameworks/Python.framework/Versions/3.8/lib/python3.8/site-packages/airflow/example_dags/example_python_decorator.py for tasks to queue
[2024-11-26T15:53:20.385-0600] {logging_mixin.py:190} INFO - [2024-11-26T15:53:20.385-0600] {dagbag.py:588} INFO - Filling up the DagBag from /Library/Frameworks/Python.framework/Versions/3.8/lib/python3.8/site-packages/airflow/example_dags/example_python_decorator.py
[2024-11-26T15:53:20.397-0600] {logging_mixin.py:190} INFO - [2024-11-26T15:53:20.397-0600] {example_python_decorator.py:80} WARNING - The virtalenv_python example task requires virtualenv, please install it.
[2024-11-26T15:53:20.397-0600] {processor.py:925} INFO - DAG(s) 'example_python_decorator' retrieved from /Library/Frameworks/Python.framework/Versions/3.8/lib/python3.8/site-packages/airflow/example_dags/example_python_decorator.py
[2024-11-26T15:53:20.432-0600] {logging_mixin.py:190} INFO - [2024-11-26T15:53:20.432-0600] {dag.py:3239} INFO - Sync 1 DAGs
[2024-11-26T15:53:20.436-0600] {logging_mixin.py:190} INFO - [2024-11-26T15:53:20.436-0600] {dag.py:4180} INFO - Setting next_dagrun for example_python_decorator to None, run_after=None
[2024-11-26T15:53:20.442-0600] {processor.py:208} INFO - Processing /Library/Frameworks/Python.framework/Versions/3.8/lib/python3.8/site-packages/airflow/example_dags/example_python_decorator.py took 0.059 seconds
[2024-11-26T15:55:43.426-0600] {processor.py:186} INFO - Started process (PID=25995) to work on /Library/Frameworks/Python.framework/Versions/3.8/lib/python3.8/site-packages/airflow/example_dags/example_python_decorator.py
[2024-11-26T15:55:43.427-0600] {processor.py:914} INFO - Processing file /Library/Frameworks/Python.framework/Versions/3.8/lib/python3.8/site-packages/airflow/example_dags/example_python_decorator.py for tasks to queue
[2024-11-26T15:55:43.427-0600] {logging_mixin.py:190} INFO - [2024-11-26T15:55:43.427-0600] {dagbag.py:588} INFO - Filling up the DagBag from /Library/Frameworks/Python.framework/Versions/3.8/lib/python3.8/site-packages/airflow/example_dags/example_python_decorator.py
[2024-11-26T15:55:43.439-0600] {logging_mixin.py:190} INFO - [2024-11-26T15:55:43.439-0600] {example_python_decorator.py:80} WARNING - The virtalenv_python example task requires virtualenv, please install it.
[2024-11-26T15:55:43.440-0600] {processor.py:925} INFO - DAG(s) 'example_python_decorator' retrieved from /Library/Frameworks/Python.framework/Versions/3.8/lib/python3.8/site-packages/airflow/example_dags/example_python_decorator.py
[2024-11-26T15:55:43.474-0600] {logging_mixin.py:190} INFO - [2024-11-26T15:55:43.474-0600] {dag.py:3239} INFO - Sync 1 DAGs
[2024-11-26T15:55:43.478-0600] {logging_mixin.py:190} INFO - [2024-11-26T15:55:43.478-0600] {dag.py:4180} INFO - Setting next_dagrun for example_python_decorator to None, run_after=None
[2024-11-26T15:55:43.483-0600] {processor.py:208} INFO - Processing /Library/Frameworks/Python.framework/Versions/3.8/lib/python3.8/site-packages/airflow/example_dags/example_python_decorator.py took 0.058 seconds
[2024-11-26T15:58:03.308-0600] {processor.py:186} INFO - Started process (PID=26295) to work on /Library/Frameworks/Python.framework/Versions/3.8/lib/python3.8/site-packages/airflow/example_dags/example_python_decorator.py
[2024-11-26T15:58:03.308-0600] {processor.py:914} INFO - Processing file /Library/Frameworks/Python.framework/Versions/3.8/lib/python3.8/site-packages/airflow/example_dags/example_python_decorator.py for tasks to queue
[2024-11-26T15:58:03.308-0600] {logging_mixin.py:190} INFO - [2024-11-26T15:58:03.308-0600] {dagbag.py:588} INFO - Filling up the DagBag from /Library/Frameworks/Python.framework/Versions/3.8/lib/python3.8/site-packages/airflow/example_dags/example_python_decorator.py
[2024-11-26T15:58:03.320-0600] {logging_mixin.py:190} INFO - [2024-11-26T15:58:03.320-0600] {example_python_decorator.py:80} WARNING - The virtalenv_python example task requires virtualenv, please install it.
[2024-11-26T15:58:03.321-0600] {processor.py:925} INFO - DAG(s) 'example_python_decorator' retrieved from /Library/Frameworks/Python.framework/Versions/3.8/lib/python3.8/site-packages/airflow/example_dags/example_python_decorator.py
[2024-11-26T15:58:03.356-0600] {logging_mixin.py:190} INFO - [2024-11-26T15:58:03.356-0600] {dag.py:3239} INFO - Sync 1 DAGs
[2024-11-26T15:58:03.359-0600] {logging_mixin.py:190} INFO - [2024-11-26T15:58:03.359-0600] {dag.py:4180} INFO - Setting next_dagrun for example_python_decorator to None, run_after=None
[2024-11-26T15:58:03.365-0600] {processor.py:208} INFO - Processing /Library/Frameworks/Python.framework/Versions/3.8/lib/python3.8/site-packages/airflow/example_dags/example_python_decorator.py took 0.059 seconds
[2024-11-26T16:00:17.438-0600] {processor.py:186} INFO - Started process (PID=26579) to work on /Library/Frameworks/Python.framework/Versions/3.8/lib/python3.8/site-packages/airflow/example_dags/example_python_decorator.py
[2024-11-26T16:00:17.439-0600] {processor.py:914} INFO - Processing file /Library/Frameworks/Python.framework/Versions/3.8/lib/python3.8/site-packages/airflow/example_dags/example_python_decorator.py for tasks to queue
[2024-11-26T16:00:17.440-0600] {logging_mixin.py:190} INFO - [2024-11-26T16:00:17.440-0600] {dagbag.py:588} INFO - Filling up the DagBag from /Library/Frameworks/Python.framework/Versions/3.8/lib/python3.8/site-packages/airflow/example_dags/example_python_decorator.py
[2024-11-26T16:00:17.452-0600] {logging_mixin.py:190} INFO - [2024-11-26T16:00:17.452-0600] {example_python_decorator.py:80} WARNING - The virtalenv_python example task requires virtualenv, please install it.
[2024-11-26T16:00:17.452-0600] {processor.py:925} INFO - DAG(s) 'example_python_decorator' retrieved from /Library/Frameworks/Python.framework/Versions/3.8/lib/python3.8/site-packages/airflow/example_dags/example_python_decorator.py
[2024-11-26T16:00:17.487-0600] {logging_mixin.py:190} INFO - [2024-11-26T16:00:17.487-0600] {dag.py:3239} INFO - Sync 1 DAGs
[2024-11-26T16:00:17.490-0600] {logging_mixin.py:190} INFO - [2024-11-26T16:00:17.490-0600] {dag.py:4180} INFO - Setting next_dagrun for example_python_decorator to None, run_after=None
[2024-11-26T16:00:17.495-0600] {processor.py:208} INFO - Processing /Library/Frameworks/Python.framework/Versions/3.8/lib/python3.8/site-packages/airflow/example_dags/example_python_decorator.py took 0.058 seconds
[2024-11-26T16:02:31.954-0600] {processor.py:186} INFO - Started process (PID=26835) to work on /Library/Frameworks/Python.framework/Versions/3.8/lib/python3.8/site-packages/airflow/example_dags/example_python_decorator.py
[2024-11-26T16:02:31.954-0600] {processor.py:914} INFO - Processing file /Library/Frameworks/Python.framework/Versions/3.8/lib/python3.8/site-packages/airflow/example_dags/example_python_decorator.py for tasks to queue
[2024-11-26T16:02:31.955-0600] {logging_mixin.py:190} INFO - [2024-11-26T16:02:31.954-0600] {dagbag.py:588} INFO - Filling up the DagBag from /Library/Frameworks/Python.framework/Versions/3.8/lib/python3.8/site-packages/airflow/example_dags/example_python_decorator.py
[2024-11-26T16:02:31.966-0600] {logging_mixin.py:190} INFO - [2024-11-26T16:02:31.966-0600] {example_python_decorator.py:80} WARNING - The virtalenv_python example task requires virtualenv, please install it.
[2024-11-26T16:02:31.967-0600] {processor.py:925} INFO - DAG(s) 'example_python_decorator' retrieved from /Library/Frameworks/Python.framework/Versions/3.8/lib/python3.8/site-packages/airflow/example_dags/example_python_decorator.py
[2024-11-26T16:02:32.001-0600] {logging_mixin.py:190} INFO - [2024-11-26T16:02:32.001-0600] {dag.py:3239} INFO - Sync 1 DAGs
[2024-11-26T16:02:32.005-0600] {logging_mixin.py:190} INFO - [2024-11-26T16:02:32.005-0600] {dag.py:4180} INFO - Setting next_dagrun for example_python_decorator to None, run_after=None
[2024-11-26T16:02:32.010-0600] {processor.py:208} INFO - Processing /Library/Frameworks/Python.framework/Versions/3.8/lib/python3.8/site-packages/airflow/example_dags/example_python_decorator.py took 0.057 seconds
[2024-11-26T16:04:47.941-0600] {processor.py:186} INFO - Started process (PID=27086) to work on /Library/Frameworks/Python.framework/Versions/3.8/lib/python3.8/site-packages/airflow/example_dags/example_python_decorator.py
[2024-11-26T16:04:47.943-0600] {processor.py:914} INFO - Processing file /Library/Frameworks/Python.framework/Versions/3.8/lib/python3.8/site-packages/airflow/example_dags/example_python_decorator.py for tasks to queue
[2024-11-26T16:04:47.943-0600] {logging_mixin.py:190} INFO - [2024-11-26T16:04:47.943-0600] {dagbag.py:588} INFO - Filling up the DagBag from /Library/Frameworks/Python.framework/Versions/3.8/lib/python3.8/site-packages/airflow/example_dags/example_python_decorator.py
[2024-11-26T16:04:47.954-0600] {logging_mixin.py:190} INFO - [2024-11-26T16:04:47.954-0600] {example_python_decorator.py:80} WARNING - The virtalenv_python example task requires virtualenv, please install it.
[2024-11-26T16:04:47.955-0600] {processor.py:925} INFO - DAG(s) 'example_python_decorator' retrieved from /Library/Frameworks/Python.framework/Versions/3.8/lib/python3.8/site-packages/airflow/example_dags/example_python_decorator.py
[2024-11-26T16:04:47.989-0600] {logging_mixin.py:190} INFO - [2024-11-26T16:04:47.989-0600] {dag.py:3239} INFO - Sync 1 DAGs
[2024-11-26T16:04:47.993-0600] {logging_mixin.py:190} INFO - [2024-11-26T16:04:47.993-0600] {dag.py:4180} INFO - Setting next_dagrun for example_python_decorator to None, run_after=None
[2024-11-26T16:04:47.998-0600] {processor.py:208} INFO - Processing /Library/Frameworks/Python.framework/Versions/3.8/lib/python3.8/site-packages/airflow/example_dags/example_python_decorator.py took 0.058 seconds
[2024-11-26T16:59:43.999-0600] {processor.py:186} INFO - Started process (PID=27340) to work on /Library/Frameworks/Python.framework/Versions/3.8/lib/python3.8/site-packages/airflow/example_dags/example_python_decorator.py
[2024-11-26T16:59:44.000-0600] {processor.py:914} INFO - Processing file /Library/Frameworks/Python.framework/Versions/3.8/lib/python3.8/site-packages/airflow/example_dags/example_python_decorator.py for tasks to queue
[2024-11-26T16:59:44.000-0600] {logging_mixin.py:190} INFO - [2024-11-26T16:59:44.000-0600] {dagbag.py:588} INFO - Filling up the DagBag from /Library/Frameworks/Python.framework/Versions/3.8/lib/python3.8/site-packages/airflow/example_dags/example_python_decorator.py
[2024-11-26T16:59:44.011-0600] {logging_mixin.py:190} INFO - [2024-11-26T16:59:44.011-0600] {example_python_decorator.py:80} WARNING - The virtalenv_python example task requires virtualenv, please install it.
[2024-11-26T16:59:44.012-0600] {processor.py:925} INFO - DAG(s) 'example_python_decorator' retrieved from /Library/Frameworks/Python.framework/Versions/3.8/lib/python3.8/site-packages/airflow/example_dags/example_python_decorator.py
[2024-11-26T16:59:44.045-0600] {logging_mixin.py:190} INFO - [2024-11-26T16:59:44.045-0600] {dag.py:3239} INFO - Sync 1 DAGs
[2024-11-26T16:59:44.048-0600] {logging_mixin.py:190} INFO - [2024-11-26T16:59:44.048-0600] {dag.py:4180} INFO - Setting next_dagrun for example_python_decorator to None, run_after=None
[2024-11-26T16:59:44.053-0600] {processor.py:208} INFO - Processing /Library/Frameworks/Python.framework/Versions/3.8/lib/python3.8/site-packages/airflow/example_dags/example_python_decorator.py took 0.055 seconds
[2024-11-26T17:21:19.416-0600] {processor.py:186} INFO - Started process (PID=27471) to work on /Library/Frameworks/Python.framework/Versions/3.8/lib/python3.8/site-packages/airflow/example_dags/example_python_decorator.py
[2024-11-26T17:21:19.417-0600] {processor.py:914} INFO - Processing file /Library/Frameworks/Python.framework/Versions/3.8/lib/python3.8/site-packages/airflow/example_dags/example_python_decorator.py for tasks to queue
[2024-11-26T17:21:19.417-0600] {logging_mixin.py:190} INFO - [2024-11-26T17:21:19.417-0600] {dagbag.py:588} INFO - Filling up the DagBag from /Library/Frameworks/Python.framework/Versions/3.8/lib/python3.8/site-packages/airflow/example_dags/example_python_decorator.py
[2024-11-26T17:21:19.428-0600] {logging_mixin.py:190} INFO - [2024-11-26T17:21:19.428-0600] {example_python_decorator.py:80} WARNING - The virtalenv_python example task requires virtualenv, please install it.
[2024-11-26T17:21:19.429-0600] {processor.py:925} INFO - DAG(s) 'example_python_decorator' retrieved from /Library/Frameworks/Python.framework/Versions/3.8/lib/python3.8/site-packages/airflow/example_dags/example_python_decorator.py
[2024-11-26T17:21:19.461-0600] {logging_mixin.py:190} INFO - [2024-11-26T17:21:19.461-0600] {dag.py:3239} INFO - Sync 1 DAGs
[2024-11-26T17:21:19.465-0600] {logging_mixin.py:190} INFO - [2024-11-26T17:21:19.465-0600] {dag.py:4180} INFO - Setting next_dagrun for example_python_decorator to None, run_after=None
[2024-11-26T17:21:19.470-0600] {processor.py:208} INFO - Processing /Library/Frameworks/Python.framework/Versions/3.8/lib/python3.8/site-packages/airflow/example_dags/example_python_decorator.py took 0.055 seconds
