[2024-11-26T14:18:41.837-0600] {processor.py:186} INFO - Started process (PID=17951) to work on /Users/beprathap/PycharmProjects/YouTube-airflow/airflow-venv/lib/python3.8/site-packages/airflow/example_dags/example_dag_decorator.py
[2024-11-26T14:18:41.837-0600] {processor.py:914} INFO - Processing file /Users/beprathap/PycharmProjects/YouTube-airflow/airflow-venv/lib/python3.8/site-packages/airflow/example_dags/example_dag_decorator.py for tasks to queue
[2024-11-26T14:18:41.837-0600] {logging_mixin.py:190} INFO - [2024-11-26T14:18:41.837-0600] {dagbag.py:588} INFO - Filling up the DagBag from /Users/beprathap/PycharmProjects/YouTube-airflow/airflow-venv/lib/python3.8/site-packages/airflow/example_dags/example_dag_decorator.py
[2024-11-26T14:18:41.873-0600] {processor.py:925} INFO - DAG(s) 'example_dag_decorator' retrieved from /Users/beprathap/PycharmProjects/YouTube-airflow/airflow-venv/lib/python3.8/site-packages/airflow/example_dags/example_dag_decorator.py
[2024-11-26T14:18:41.932-0600] {logging_mixin.py:190} INFO - [2024-11-26T14:18:41.932-0600] {override.py:1901} INFO - Created Permission View: can edit on DAG:example_dag_decorator
[2024-11-26T14:18:41.934-0600] {logging_mixin.py:190} INFO - [2024-11-26T14:18:41.934-0600] {override.py:1901} INFO - Created Permission View: can read on DAG:example_dag_decorator
[2024-11-26T14:18:41.936-0600] {logging_mixin.py:190} INFO - [2024-11-26T14:18:41.936-0600] {override.py:1901} INFO - Created Permission View: can delete on DAG:example_dag_decorator
[2024-11-26T14:18:41.938-0600] {logging_mixin.py:190} INFO - [2024-11-26T14:18:41.938-0600] {override.py:1901} INFO - Created Permission View: menu access on DAG Run:example_dag_decorator
[2024-11-26T14:18:41.939-0600] {logging_mixin.py:190} INFO - [2024-11-26T14:18:41.939-0600] {override.py:1901} INFO - Created Permission View: can create on DAG Run:example_dag_decorator
[2024-11-26T14:18:41.940-0600] {logging_mixin.py:190} INFO - [2024-11-26T14:18:41.940-0600] {override.py:1901} INFO - Created Permission View: can read on DAG Run:example_dag_decorator
[2024-11-26T14:18:41.942-0600] {logging_mixin.py:190} INFO - [2024-11-26T14:18:41.942-0600] {override.py:1901} INFO - Created Permission View: can delete on DAG Run:example_dag_decorator
[2024-11-26T14:18:41.942-0600] {logging_mixin.py:190} INFO - [2024-11-26T14:18:41.942-0600] {dag.py:3239} INFO - Sync 1 DAGs
[2024-11-26T14:18:41.946-0600] {logging_mixin.py:190} INFO - [2024-11-26T14:18:41.946-0600] {dag.py:3262} INFO - Creating ORM DAG for example_dag_decorator
[2024-11-26T14:18:41.946-0600] {logging_mixin.py:190} INFO - [2024-11-26T14:18:41.946-0600] {dag.py:4180} INFO - Setting next_dagrun for example_dag_decorator to None, run_after=None
[2024-11-26T14:18:41.951-0600] {processor.py:208} INFO - Processing /Users/beprathap/PycharmProjects/YouTube-airflow/airflow-venv/lib/python3.8/site-packages/airflow/example_dags/example_dag_decorator.py took 0.115 seconds
[2024-11-26T14:20:57.923-0600] {processor.py:186} INFO - Started process (PID=18200) to work on /Users/beprathap/PycharmProjects/YouTube-airflow/airflow-venv/lib/python3.8/site-packages/airflow/example_dags/example_dag_decorator.py
[2024-11-26T14:20:57.924-0600] {processor.py:914} INFO - Processing file /Users/beprathap/PycharmProjects/YouTube-airflow/airflow-venv/lib/python3.8/site-packages/airflow/example_dags/example_dag_decorator.py for tasks to queue
[2024-11-26T14:20:57.924-0600] {logging_mixin.py:190} INFO - [2024-11-26T14:20:57.924-0600] {dagbag.py:588} INFO - Filling up the DagBag from /Users/beprathap/PycharmProjects/YouTube-airflow/airflow-venv/lib/python3.8/site-packages/airflow/example_dags/example_dag_decorator.py
[2024-11-26T14:20:57.963-0600] {processor.py:925} INFO - DAG(s) 'example_dag_decorator' retrieved from /Users/beprathap/PycharmProjects/YouTube-airflow/airflow-venv/lib/python3.8/site-packages/airflow/example_dags/example_dag_decorator.py
[2024-11-26T14:20:58.025-0600] {logging_mixin.py:190} INFO - [2024-11-26T14:20:58.025-0600] {dag.py:3239} INFO - Sync 1 DAGs
[2024-11-26T14:20:58.029-0600] {logging_mixin.py:190} INFO - [2024-11-26T14:20:58.029-0600] {dag.py:4180} INFO - Setting next_dagrun for example_dag_decorator to None, run_after=None
[2024-11-26T14:20:58.034-0600] {processor.py:208} INFO - Processing /Users/beprathap/PycharmProjects/YouTube-airflow/airflow-venv/lib/python3.8/site-packages/airflow/example_dags/example_dag_decorator.py took 0.112 seconds
[2024-11-26T14:23:11.622-0600] {processor.py:186} INFO - Started process (PID=18472) to work on /Users/beprathap/PycharmProjects/YouTube-airflow/airflow-venv/lib/python3.8/site-packages/airflow/example_dags/example_dag_decorator.py
[2024-11-26T14:23:11.622-0600] {processor.py:914} INFO - Processing file /Users/beprathap/PycharmProjects/YouTube-airflow/airflow-venv/lib/python3.8/site-packages/airflow/example_dags/example_dag_decorator.py for tasks to queue
[2024-11-26T14:23:11.622-0600] {logging_mixin.py:190} INFO - [2024-11-26T14:23:11.622-0600] {dagbag.py:588} INFO - Filling up the DagBag from /Users/beprathap/PycharmProjects/YouTube-airflow/airflow-venv/lib/python3.8/site-packages/airflow/example_dags/example_dag_decorator.py
[2024-11-26T14:23:11.660-0600] {processor.py:925} INFO - DAG(s) 'example_dag_decorator' retrieved from /Users/beprathap/PycharmProjects/YouTube-airflow/airflow-venv/lib/python3.8/site-packages/airflow/example_dags/example_dag_decorator.py
[2024-11-26T14:23:11.724-0600] {logging_mixin.py:190} INFO - [2024-11-26T14:23:11.724-0600] {dag.py:3239} INFO - Sync 1 DAGs
[2024-11-26T14:23:11.728-0600] {logging_mixin.py:190} INFO - [2024-11-26T14:23:11.728-0600] {dag.py:4180} INFO - Setting next_dagrun for example_dag_decorator to None, run_after=None
[2024-11-26T14:23:11.734-0600] {processor.py:208} INFO - Processing /Users/beprathap/PycharmProjects/YouTube-airflow/airflow-venv/lib/python3.8/site-packages/airflow/example_dags/example_dag_decorator.py took 0.114 seconds
[2024-11-26T14:25:19.051-0600] {processor.py:186} INFO - Started process (PID=18733) to work on /Users/beprathap/PycharmProjects/YouTube-airflow/airflow-venv/lib/python3.8/site-packages/airflow/example_dags/example_dag_decorator.py
[2024-11-26T14:25:19.054-0600] {processor.py:914} INFO - Processing file /Users/beprathap/PycharmProjects/YouTube-airflow/airflow-venv/lib/python3.8/site-packages/airflow/example_dags/example_dag_decorator.py for tasks to queue
[2024-11-26T14:25:19.054-0600] {logging_mixin.py:190} INFO - [2024-11-26T14:25:19.054-0600] {dagbag.py:588} INFO - Filling up the DagBag from /Users/beprathap/PycharmProjects/YouTube-airflow/airflow-venv/lib/python3.8/site-packages/airflow/example_dags/example_dag_decorator.py
[2024-11-26T14:25:19.093-0600] {processor.py:925} INFO - DAG(s) 'example_dag_decorator' retrieved from /Users/beprathap/PycharmProjects/YouTube-airflow/airflow-venv/lib/python3.8/site-packages/airflow/example_dags/example_dag_decorator.py
[2024-11-26T14:25:19.155-0600] {logging_mixin.py:190} INFO - [2024-11-26T14:25:19.155-0600] {dag.py:3239} INFO - Sync 1 DAGs
[2024-11-26T14:25:19.159-0600] {logging_mixin.py:190} INFO - [2024-11-26T14:25:19.159-0600] {dag.py:4180} INFO - Setting next_dagrun for example_dag_decorator to None, run_after=None
[2024-11-26T14:25:19.164-0600] {processor.py:208} INFO - Processing /Users/beprathap/PycharmProjects/YouTube-airflow/airflow-venv/lib/python3.8/site-packages/airflow/example_dags/example_dag_decorator.py took 0.114 seconds
[2024-11-26T14:27:25.526-0600] {processor.py:186} INFO - Started process (PID=18968) to work on /Users/beprathap/PycharmProjects/YouTube-airflow/airflow-venv/lib/python3.8/site-packages/airflow/example_dags/example_dag_decorator.py
[2024-11-26T14:27:25.526-0600] {processor.py:914} INFO - Processing file /Users/beprathap/PycharmProjects/YouTube-airflow/airflow-venv/lib/python3.8/site-packages/airflow/example_dags/example_dag_decorator.py for tasks to queue
[2024-11-26T14:27:25.527-0600] {logging_mixin.py:190} INFO - [2024-11-26T14:27:25.527-0600] {dagbag.py:588} INFO - Filling up the DagBag from /Users/beprathap/PycharmProjects/YouTube-airflow/airflow-venv/lib/python3.8/site-packages/airflow/example_dags/example_dag_decorator.py
[2024-11-26T14:27:25.563-0600] {processor.py:925} INFO - DAG(s) 'example_dag_decorator' retrieved from /Users/beprathap/PycharmProjects/YouTube-airflow/airflow-venv/lib/python3.8/site-packages/airflow/example_dags/example_dag_decorator.py
[2024-11-26T14:27:25.626-0600] {logging_mixin.py:190} INFO - [2024-11-26T14:27:25.626-0600] {dag.py:3239} INFO - Sync 1 DAGs
[2024-11-26T14:27:25.629-0600] {logging_mixin.py:190} INFO - [2024-11-26T14:27:25.629-0600] {dag.py:4180} INFO - Setting next_dagrun for example_dag_decorator to None, run_after=None
[2024-11-26T14:27:25.635-0600] {processor.py:208} INFO - Processing /Users/beprathap/PycharmProjects/YouTube-airflow/airflow-venv/lib/python3.8/site-packages/airflow/example_dags/example_dag_decorator.py took 0.110 seconds
[2024-11-26T14:29:33.591-0600] {processor.py:186} INFO - Started process (PID=19208) to work on /Users/beprathap/PycharmProjects/YouTube-airflow/airflow-venv/lib/python3.8/site-packages/airflow/example_dags/example_dag_decorator.py
[2024-11-26T14:29:33.591-0600] {processor.py:914} INFO - Processing file /Users/beprathap/PycharmProjects/YouTube-airflow/airflow-venv/lib/python3.8/site-packages/airflow/example_dags/example_dag_decorator.py for tasks to queue
[2024-11-26T14:29:33.592-0600] {logging_mixin.py:190} INFO - [2024-11-26T14:29:33.592-0600] {dagbag.py:588} INFO - Filling up the DagBag from /Users/beprathap/PycharmProjects/YouTube-airflow/airflow-venv/lib/python3.8/site-packages/airflow/example_dags/example_dag_decorator.py
[2024-11-26T14:29:33.629-0600] {processor.py:925} INFO - DAG(s) 'example_dag_decorator' retrieved from /Users/beprathap/PycharmProjects/YouTube-airflow/airflow-venv/lib/python3.8/site-packages/airflow/example_dags/example_dag_decorator.py
[2024-11-26T14:29:33.692-0600] {logging_mixin.py:190} INFO - [2024-11-26T14:29:33.692-0600] {dag.py:3239} INFO - Sync 1 DAGs
[2024-11-26T14:29:33.696-0600] {logging_mixin.py:190} INFO - [2024-11-26T14:29:33.696-0600] {dag.py:4180} INFO - Setting next_dagrun for example_dag_decorator to None, run_after=None
[2024-11-26T14:29:33.701-0600] {processor.py:208} INFO - Processing /Users/beprathap/PycharmProjects/YouTube-airflow/airflow-venv/lib/python3.8/site-packages/airflow/example_dags/example_dag_decorator.py took 0.112 seconds
[2024-11-26T14:37:04.158-0600] {processor.py:186} INFO - Started process (PID=19627) to work on /Users/beprathap/PycharmProjects/YouTube-airflow/airflow-venv/lib/python3.8/site-packages/airflow/example_dags/example_dag_decorator.py
[2024-11-26T14:37:04.159-0600] {processor.py:914} INFO - Processing file /Users/beprathap/PycharmProjects/YouTube-airflow/airflow-venv/lib/python3.8/site-packages/airflow/example_dags/example_dag_decorator.py for tasks to queue
[2024-11-26T14:37:04.160-0600] {logging_mixin.py:190} INFO - [2024-11-26T14:37:04.160-0600] {dagbag.py:588} INFO - Filling up the DagBag from /Users/beprathap/PycharmProjects/YouTube-airflow/airflow-venv/lib/python3.8/site-packages/airflow/example_dags/example_dag_decorator.py
[2024-11-26T14:37:04.198-0600] {processor.py:925} INFO - DAG(s) 'example_dag_decorator' retrieved from /Users/beprathap/PycharmProjects/YouTube-airflow/airflow-venv/lib/python3.8/site-packages/airflow/example_dags/example_dag_decorator.py
[2024-11-26T14:37:04.259-0600] {logging_mixin.py:190} INFO - [2024-11-26T14:37:04.259-0600] {dag.py:3239} INFO - Sync 1 DAGs
[2024-11-26T14:37:04.263-0600] {logging_mixin.py:190} INFO - [2024-11-26T14:37:04.263-0600] {dag.py:4180} INFO - Setting next_dagrun for example_dag_decorator to None, run_after=None
[2024-11-26T14:37:04.268-0600] {processor.py:208} INFO - Processing /Users/beprathap/PycharmProjects/YouTube-airflow/airflow-venv/lib/python3.8/site-packages/airflow/example_dags/example_dag_decorator.py took 0.111 seconds
[2024-11-26T14:39:22.608-0600] {processor.py:186} INFO - Started process (PID=19880) to work on /Users/beprathap/PycharmProjects/YouTube-airflow/airflow-venv/lib/python3.8/site-packages/airflow/example_dags/example_dag_decorator.py
[2024-11-26T14:39:22.609-0600] {processor.py:914} INFO - Processing file /Users/beprathap/PycharmProjects/YouTube-airflow/airflow-venv/lib/python3.8/site-packages/airflow/example_dags/example_dag_decorator.py for tasks to queue
[2024-11-26T14:39:22.609-0600] {logging_mixin.py:190} INFO - [2024-11-26T14:39:22.609-0600] {dagbag.py:588} INFO - Filling up the DagBag from /Users/beprathap/PycharmProjects/YouTube-airflow/airflow-venv/lib/python3.8/site-packages/airflow/example_dags/example_dag_decorator.py
[2024-11-26T14:39:22.646-0600] {processor.py:925} INFO - DAG(s) 'example_dag_decorator' retrieved from /Users/beprathap/PycharmProjects/YouTube-airflow/airflow-venv/lib/python3.8/site-packages/airflow/example_dags/example_dag_decorator.py
[2024-11-26T14:39:22.709-0600] {logging_mixin.py:190} INFO - [2024-11-26T14:39:22.709-0600] {dag.py:3239} INFO - Sync 1 DAGs
[2024-11-26T14:39:22.714-0600] {logging_mixin.py:190} INFO - [2024-11-26T14:39:22.714-0600] {dag.py:4180} INFO - Setting next_dagrun for example_dag_decorator to None, run_after=None
[2024-11-26T14:39:22.720-0600] {processor.py:208} INFO - Processing /Users/beprathap/PycharmProjects/YouTube-airflow/airflow-venv/lib/python3.8/site-packages/airflow/example_dags/example_dag_decorator.py took 0.113 seconds
[2024-11-26T14:41:35.633-0600] {processor.py:186} INFO - Started process (PID=20132) to work on /Users/beprathap/PycharmProjects/YouTube-airflow/airflow-venv/lib/python3.8/site-packages/airflow/example_dags/example_dag_decorator.py
[2024-11-26T14:41:35.634-0600] {processor.py:914} INFO - Processing file /Users/beprathap/PycharmProjects/YouTube-airflow/airflow-venv/lib/python3.8/site-packages/airflow/example_dags/example_dag_decorator.py for tasks to queue
[2024-11-26T14:41:35.634-0600] {logging_mixin.py:190} INFO - [2024-11-26T14:41:35.634-0600] {dagbag.py:588} INFO - Filling up the DagBag from /Users/beprathap/PycharmProjects/YouTube-airflow/airflow-venv/lib/python3.8/site-packages/airflow/example_dags/example_dag_decorator.py
[2024-11-26T14:41:35.672-0600] {processor.py:925} INFO - DAG(s) 'example_dag_decorator' retrieved from /Users/beprathap/PycharmProjects/YouTube-airflow/airflow-venv/lib/python3.8/site-packages/airflow/example_dags/example_dag_decorator.py
[2024-11-26T14:41:35.733-0600] {logging_mixin.py:190} INFO - [2024-11-26T14:41:35.733-0600] {dag.py:3239} INFO - Sync 1 DAGs
[2024-11-26T14:41:35.737-0600] {logging_mixin.py:190} INFO - [2024-11-26T14:41:35.737-0600] {dag.py:4180} INFO - Setting next_dagrun for example_dag_decorator to None, run_after=None
[2024-11-26T14:41:35.742-0600] {processor.py:208} INFO - Processing /Users/beprathap/PycharmProjects/YouTube-airflow/airflow-venv/lib/python3.8/site-packages/airflow/example_dags/example_dag_decorator.py took 0.110 seconds
[2024-11-26T14:43:46.381-0600] {processor.py:186} INFO - Started process (PID=20376) to work on /Users/beprathap/PycharmProjects/YouTube-airflow/airflow-venv/lib/python3.8/site-packages/airflow/example_dags/example_dag_decorator.py
[2024-11-26T14:43:46.382-0600] {processor.py:914} INFO - Processing file /Users/beprathap/PycharmProjects/YouTube-airflow/airflow-venv/lib/python3.8/site-packages/airflow/example_dags/example_dag_decorator.py for tasks to queue
[2024-11-26T14:43:46.382-0600] {logging_mixin.py:190} INFO - [2024-11-26T14:43:46.382-0600] {dagbag.py:588} INFO - Filling up the DagBag from /Users/beprathap/PycharmProjects/YouTube-airflow/airflow-venv/lib/python3.8/site-packages/airflow/example_dags/example_dag_decorator.py
[2024-11-26T14:43:46.423-0600] {processor.py:925} INFO - DAG(s) 'example_dag_decorator' retrieved from /Users/beprathap/PycharmProjects/YouTube-airflow/airflow-venv/lib/python3.8/site-packages/airflow/example_dags/example_dag_decorator.py
[2024-11-26T14:43:46.491-0600] {logging_mixin.py:190} INFO - [2024-11-26T14:43:46.490-0600] {dag.py:3239} INFO - Sync 1 DAGs
[2024-11-26T14:43:46.495-0600] {logging_mixin.py:190} INFO - [2024-11-26T14:43:46.494-0600] {dag.py:4180} INFO - Setting next_dagrun for example_dag_decorator to None, run_after=None
[2024-11-26T14:43:46.500-0600] {processor.py:208} INFO - Processing /Users/beprathap/PycharmProjects/YouTube-airflow/airflow-venv/lib/python3.8/site-packages/airflow/example_dags/example_dag_decorator.py took 0.120 seconds
[2024-11-26T14:45:59.910-0600] {processor.py:186} INFO - Started process (PID=20641) to work on /Users/beprathap/PycharmProjects/YouTube-airflow/airflow-venv/lib/python3.8/site-packages/airflow/example_dags/example_dag_decorator.py
[2024-11-26T14:45:59.911-0600] {processor.py:914} INFO - Processing file /Users/beprathap/PycharmProjects/YouTube-airflow/airflow-venv/lib/python3.8/site-packages/airflow/example_dags/example_dag_decorator.py for tasks to queue
[2024-11-26T14:45:59.911-0600] {logging_mixin.py:190} INFO - [2024-11-26T14:45:59.911-0600] {dagbag.py:588} INFO - Filling up the DagBag from /Users/beprathap/PycharmProjects/YouTube-airflow/airflow-venv/lib/python3.8/site-packages/airflow/example_dags/example_dag_decorator.py
[2024-11-26T14:45:59.949-0600] {processor.py:925} INFO - DAG(s) 'example_dag_decorator' retrieved from /Users/beprathap/PycharmProjects/YouTube-airflow/airflow-venv/lib/python3.8/site-packages/airflow/example_dags/example_dag_decorator.py
[2024-11-26T14:46:00.014-0600] {logging_mixin.py:190} INFO - [2024-11-26T14:46:00.014-0600] {dag.py:3239} INFO - Sync 1 DAGs
[2024-11-26T14:46:00.018-0600] {logging_mixin.py:190} INFO - [2024-11-26T14:46:00.018-0600] {dag.py:4180} INFO - Setting next_dagrun for example_dag_decorator to None, run_after=None
[2024-11-26T14:46:00.023-0600] {processor.py:208} INFO - Processing /Users/beprathap/PycharmProjects/YouTube-airflow/airflow-venv/lib/python3.8/site-packages/airflow/example_dags/example_dag_decorator.py took 0.114 seconds
[2024-11-26T14:48:13.602-0600] {processor.py:186} INFO - Started process (PID=20903) to work on /Users/beprathap/PycharmProjects/YouTube-airflow/airflow-venv/lib/python3.8/site-packages/airflow/example_dags/example_dag_decorator.py
[2024-11-26T14:48:13.603-0600] {processor.py:914} INFO - Processing file /Users/beprathap/PycharmProjects/YouTube-airflow/airflow-venv/lib/python3.8/site-packages/airflow/example_dags/example_dag_decorator.py for tasks to queue
[2024-11-26T14:48:13.603-0600] {logging_mixin.py:190} INFO - [2024-11-26T14:48:13.603-0600] {dagbag.py:588} INFO - Filling up the DagBag from /Users/beprathap/PycharmProjects/YouTube-airflow/airflow-venv/lib/python3.8/site-packages/airflow/example_dags/example_dag_decorator.py
[2024-11-26T14:48:13.652-0600] {processor.py:925} INFO - DAG(s) 'example_dag_decorator' retrieved from /Users/beprathap/PycharmProjects/YouTube-airflow/airflow-venv/lib/python3.8/site-packages/airflow/example_dags/example_dag_decorator.py
[2024-11-26T14:48:13.719-0600] {logging_mixin.py:190} INFO - [2024-11-26T14:48:13.719-0600] {dag.py:3239} INFO - Sync 1 DAGs
[2024-11-26T14:48:13.723-0600] {logging_mixin.py:190} INFO - [2024-11-26T14:48:13.723-0600] {dag.py:4180} INFO - Setting next_dagrun for example_dag_decorator to None, run_after=None
[2024-11-26T14:48:13.729-0600] {processor.py:208} INFO - Processing /Users/beprathap/PycharmProjects/YouTube-airflow/airflow-venv/lib/python3.8/site-packages/airflow/example_dags/example_dag_decorator.py took 0.128 seconds
[2024-11-26T15:02:21.885-0600] {processor.py:186} INFO - Started process (PID=21460) to work on /Library/Frameworks/Python.framework/Versions/3.8/lib/python3.8/site-packages/airflow/example_dags/example_dag_decorator.py
[2024-11-26T15:02:21.886-0600] {processor.py:914} INFO - Processing file /Library/Frameworks/Python.framework/Versions/3.8/lib/python3.8/site-packages/airflow/example_dags/example_dag_decorator.py for tasks to queue
[2024-11-26T15:02:21.886-0600] {logging_mixin.py:190} INFO - [2024-11-26T15:02:21.886-0600] {dagbag.py:588} INFO - Filling up the DagBag from /Library/Frameworks/Python.framework/Versions/3.8/lib/python3.8/site-packages/airflow/example_dags/example_dag_decorator.py
[2024-11-26T15:02:21.937-0600] {processor.py:925} INFO - DAG(s) 'example_dag_decorator' retrieved from /Library/Frameworks/Python.framework/Versions/3.8/lib/python3.8/site-packages/airflow/example_dags/example_dag_decorator.py
[2024-11-26T15:02:21.999-0600] {logging_mixin.py:190} INFO - [2024-11-26T15:02:21.999-0600] {dag.py:3239} INFO - Sync 1 DAGs
[2024-11-26T15:02:22.002-0600] {logging_mixin.py:190} INFO - [2024-11-26T15:02:22.002-0600] {dag.py:4180} INFO - Setting next_dagrun for example_dag_decorator to None, run_after=None
[2024-11-26T15:02:22.008-0600] {processor.py:208} INFO - Processing /Library/Frameworks/Python.framework/Versions/3.8/lib/python3.8/site-packages/airflow/example_dags/example_dag_decorator.py took 0.125 seconds
[2024-11-26T15:04:44.368-0600] {processor.py:186} INFO - Started process (PID=21711) to work on /Library/Frameworks/Python.framework/Versions/3.8/lib/python3.8/site-packages/airflow/example_dags/example_dag_decorator.py
[2024-11-26T15:04:44.368-0600] {processor.py:914} INFO - Processing file /Library/Frameworks/Python.framework/Versions/3.8/lib/python3.8/site-packages/airflow/example_dags/example_dag_decorator.py for tasks to queue
[2024-11-26T15:04:44.369-0600] {logging_mixin.py:190} INFO - [2024-11-26T15:04:44.369-0600] {dagbag.py:588} INFO - Filling up the DagBag from /Library/Frameworks/Python.framework/Versions/3.8/lib/python3.8/site-packages/airflow/example_dags/example_dag_decorator.py
[2024-11-26T15:04:44.406-0600] {processor.py:925} INFO - DAG(s) 'example_dag_decorator' retrieved from /Library/Frameworks/Python.framework/Versions/3.8/lib/python3.8/site-packages/airflow/example_dags/example_dag_decorator.py
[2024-11-26T15:04:44.468-0600] {logging_mixin.py:190} INFO - [2024-11-26T15:04:44.468-0600] {dag.py:3239} INFO - Sync 1 DAGs
[2024-11-26T15:04:44.472-0600] {logging_mixin.py:190} INFO - [2024-11-26T15:04:44.472-0600] {dag.py:4180} INFO - Setting next_dagrun for example_dag_decorator to None, run_after=None
[2024-11-26T15:04:44.477-0600] {processor.py:208} INFO - Processing /Library/Frameworks/Python.framework/Versions/3.8/lib/python3.8/site-packages/airflow/example_dags/example_dag_decorator.py took 0.110 seconds
[2024-11-26T15:07:03.525-0600] {processor.py:186} INFO - Started process (PID=21966) to work on /Library/Frameworks/Python.framework/Versions/3.8/lib/python3.8/site-packages/airflow/example_dags/example_dag_decorator.py
[2024-11-26T15:07:03.526-0600] {processor.py:914} INFO - Processing file /Library/Frameworks/Python.framework/Versions/3.8/lib/python3.8/site-packages/airflow/example_dags/example_dag_decorator.py for tasks to queue
[2024-11-26T15:07:03.526-0600] {logging_mixin.py:190} INFO - [2024-11-26T15:07:03.526-0600] {dagbag.py:588} INFO - Filling up the DagBag from /Library/Frameworks/Python.framework/Versions/3.8/lib/python3.8/site-packages/airflow/example_dags/example_dag_decorator.py
[2024-11-26T15:07:03.564-0600] {processor.py:925} INFO - DAG(s) 'example_dag_decorator' retrieved from /Library/Frameworks/Python.framework/Versions/3.8/lib/python3.8/site-packages/airflow/example_dags/example_dag_decorator.py
[2024-11-26T15:07:03.628-0600] {logging_mixin.py:190} INFO - [2024-11-26T15:07:03.628-0600] {dag.py:3239} INFO - Sync 1 DAGs
[2024-11-26T15:07:03.632-0600] {logging_mixin.py:190} INFO - [2024-11-26T15:07:03.631-0600] {dag.py:4180} INFO - Setting next_dagrun for example_dag_decorator to None, run_after=None
[2024-11-26T15:07:03.637-0600] {processor.py:208} INFO - Processing /Library/Frameworks/Python.framework/Versions/3.8/lib/python3.8/site-packages/airflow/example_dags/example_dag_decorator.py took 0.113 seconds
[2024-11-26T15:17:19.788-0600] {processor.py:186} INFO - Started process (PID=22460) to work on /Library/Frameworks/Python.framework/Versions/3.8/lib/python3.8/site-packages/airflow/example_dags/example_dag_decorator.py
[2024-11-26T15:17:19.789-0600] {processor.py:914} INFO - Processing file /Library/Frameworks/Python.framework/Versions/3.8/lib/python3.8/site-packages/airflow/example_dags/example_dag_decorator.py for tasks to queue
[2024-11-26T15:17:19.789-0600] {logging_mixin.py:190} INFO - [2024-11-26T15:17:19.789-0600] {dagbag.py:588} INFO - Filling up the DagBag from /Library/Frameworks/Python.framework/Versions/3.8/lib/python3.8/site-packages/airflow/example_dags/example_dag_decorator.py
[2024-11-26T15:17:19.842-0600] {processor.py:925} INFO - DAG(s) 'example_dag_decorator' retrieved from /Library/Frameworks/Python.framework/Versions/3.8/lib/python3.8/site-packages/airflow/example_dags/example_dag_decorator.py
[2024-11-26T15:17:19.912-0600] {logging_mixin.py:190} INFO - [2024-11-26T15:17:19.912-0600] {dag.py:3239} INFO - Sync 1 DAGs
[2024-11-26T15:17:19.916-0600] {logging_mixin.py:190} INFO - [2024-11-26T15:17:19.916-0600] {dag.py:4180} INFO - Setting next_dagrun for example_dag_decorator to None, run_after=None
[2024-11-26T15:17:19.921-0600] {processor.py:208} INFO - Processing /Library/Frameworks/Python.framework/Versions/3.8/lib/python3.8/site-packages/airflow/example_dags/example_dag_decorator.py took 0.135 seconds
[2024-11-26T15:19:35.428-0600] {processor.py:186} INFO - Started process (PID=22721) to work on /Library/Frameworks/Python.framework/Versions/3.8/lib/python3.8/site-packages/airflow/example_dags/example_dag_decorator.py
[2024-11-26T15:19:35.428-0600] {processor.py:914} INFO - Processing file /Library/Frameworks/Python.framework/Versions/3.8/lib/python3.8/site-packages/airflow/example_dags/example_dag_decorator.py for tasks to queue
[2024-11-26T15:19:35.429-0600] {logging_mixin.py:190} INFO - [2024-11-26T15:19:35.428-0600] {dagbag.py:588} INFO - Filling up the DagBag from /Library/Frameworks/Python.framework/Versions/3.8/lib/python3.8/site-packages/airflow/example_dags/example_dag_decorator.py
[2024-11-26T15:19:35.466-0600] {processor.py:925} INFO - DAG(s) 'example_dag_decorator' retrieved from /Library/Frameworks/Python.framework/Versions/3.8/lib/python3.8/site-packages/airflow/example_dags/example_dag_decorator.py
[2024-11-26T15:19:35.528-0600] {logging_mixin.py:190} INFO - [2024-11-26T15:19:35.528-0600] {dag.py:3239} INFO - Sync 1 DAGs
[2024-11-26T15:19:35.532-0600] {logging_mixin.py:190} INFO - [2024-11-26T15:19:35.532-0600] {dag.py:4180} INFO - Setting next_dagrun for example_dag_decorator to None, run_after=None
[2024-11-26T15:19:35.538-0600] {processor.py:208} INFO - Processing /Library/Frameworks/Python.framework/Versions/3.8/lib/python3.8/site-packages/airflow/example_dags/example_dag_decorator.py took 0.112 seconds
[2024-11-26T15:21:47.943-0600] {processor.py:186} INFO - Started process (PID=22980) to work on /Library/Frameworks/Python.framework/Versions/3.8/lib/python3.8/site-packages/airflow/example_dags/example_dag_decorator.py
[2024-11-26T15:21:47.944-0600] {processor.py:914} INFO - Processing file /Library/Frameworks/Python.framework/Versions/3.8/lib/python3.8/site-packages/airflow/example_dags/example_dag_decorator.py for tasks to queue
[2024-11-26T15:21:47.944-0600] {logging_mixin.py:190} INFO - [2024-11-26T15:21:47.944-0600] {dagbag.py:588} INFO - Filling up the DagBag from /Library/Frameworks/Python.framework/Versions/3.8/lib/python3.8/site-packages/airflow/example_dags/example_dag_decorator.py
[2024-11-26T15:21:47.985-0600] {processor.py:925} INFO - DAG(s) 'example_dag_decorator' retrieved from /Library/Frameworks/Python.framework/Versions/3.8/lib/python3.8/site-packages/airflow/example_dags/example_dag_decorator.py
[2024-11-26T15:21:48.050-0600] {logging_mixin.py:190} INFO - [2024-11-26T15:21:48.049-0600] {dag.py:3239} INFO - Sync 1 DAGs
[2024-11-26T15:21:48.053-0600] {logging_mixin.py:190} INFO - [2024-11-26T15:21:48.053-0600] {dag.py:4180} INFO - Setting next_dagrun for example_dag_decorator to None, run_after=None
[2024-11-26T15:21:48.059-0600] {processor.py:208} INFO - Processing /Library/Frameworks/Python.framework/Versions/3.8/lib/python3.8/site-packages/airflow/example_dags/example_dag_decorator.py took 0.117 seconds
[2024-11-26T15:24:03.078-0600] {processor.py:186} INFO - Started process (PID=23253) to work on /Library/Frameworks/Python.framework/Versions/3.8/lib/python3.8/site-packages/airflow/example_dags/example_dag_decorator.py
[2024-11-26T15:24:03.078-0600] {processor.py:914} INFO - Processing file /Library/Frameworks/Python.framework/Versions/3.8/lib/python3.8/site-packages/airflow/example_dags/example_dag_decorator.py for tasks to queue
[2024-11-26T15:24:03.078-0600] {logging_mixin.py:190} INFO - [2024-11-26T15:24:03.078-0600] {dagbag.py:588} INFO - Filling up the DagBag from /Library/Frameworks/Python.framework/Versions/3.8/lib/python3.8/site-packages/airflow/example_dags/example_dag_decorator.py
[2024-11-26T15:24:03.119-0600] {processor.py:925} INFO - DAG(s) 'example_dag_decorator' retrieved from /Library/Frameworks/Python.framework/Versions/3.8/lib/python3.8/site-packages/airflow/example_dags/example_dag_decorator.py
[2024-11-26T15:24:03.185-0600] {logging_mixin.py:190} INFO - [2024-11-26T15:24:03.185-0600] {dag.py:3239} INFO - Sync 1 DAGs
[2024-11-26T15:24:03.189-0600] {logging_mixin.py:190} INFO - [2024-11-26T15:24:03.189-0600] {dag.py:4180} INFO - Setting next_dagrun for example_dag_decorator to None, run_after=None
[2024-11-26T15:24:03.195-0600] {processor.py:208} INFO - Processing /Library/Frameworks/Python.framework/Versions/3.8/lib/python3.8/site-packages/airflow/example_dags/example_dag_decorator.py took 0.119 seconds
[2024-11-26T15:34:14.092-0600] {processor.py:186} INFO - Started process (PID=23552) to work on /Library/Frameworks/Python.framework/Versions/3.8/lib/python3.8/site-packages/airflow/example_dags/example_dag_decorator.py
[2024-11-26T15:34:14.093-0600] {processor.py:914} INFO - Processing file /Library/Frameworks/Python.framework/Versions/3.8/lib/python3.8/site-packages/airflow/example_dags/example_dag_decorator.py for tasks to queue
[2024-11-26T15:34:14.093-0600] {logging_mixin.py:190} INFO - [2024-11-26T15:34:14.093-0600] {dagbag.py:588} INFO - Filling up the DagBag from /Library/Frameworks/Python.framework/Versions/3.8/lib/python3.8/site-packages/airflow/example_dags/example_dag_decorator.py
[2024-11-26T15:34:14.131-0600] {processor.py:925} INFO - DAG(s) 'example_dag_decorator' retrieved from /Library/Frameworks/Python.framework/Versions/3.8/lib/python3.8/site-packages/airflow/example_dags/example_dag_decorator.py
[2024-11-26T15:34:14.195-0600] {logging_mixin.py:190} INFO - [2024-11-26T15:34:14.195-0600] {dag.py:3239} INFO - Sync 1 DAGs
[2024-11-26T15:34:14.199-0600] {logging_mixin.py:190} INFO - [2024-11-26T15:34:14.199-0600] {dag.py:4180} INFO - Setting next_dagrun for example_dag_decorator to None, run_after=None
[2024-11-26T15:34:14.205-0600] {processor.py:208} INFO - Processing /Library/Frameworks/Python.framework/Versions/3.8/lib/python3.8/site-packages/airflow/example_dags/example_dag_decorator.py took 0.114 seconds
[2024-11-26T15:36:30.496-0600] {processor.py:186} INFO - Started process (PID=23818) to work on /Library/Frameworks/Python.framework/Versions/3.8/lib/python3.8/site-packages/airflow/example_dags/example_dag_decorator.py
[2024-11-26T15:36:30.497-0600] {processor.py:914} INFO - Processing file /Library/Frameworks/Python.framework/Versions/3.8/lib/python3.8/site-packages/airflow/example_dags/example_dag_decorator.py for tasks to queue
[2024-11-26T15:36:30.497-0600] {logging_mixin.py:190} INFO - [2024-11-26T15:36:30.497-0600] {dagbag.py:588} INFO - Filling up the DagBag from /Library/Frameworks/Python.framework/Versions/3.8/lib/python3.8/site-packages/airflow/example_dags/example_dag_decorator.py
[2024-11-26T15:36:30.551-0600] {processor.py:925} INFO - DAG(s) 'example_dag_decorator' retrieved from /Library/Frameworks/Python.framework/Versions/3.8/lib/python3.8/site-packages/airflow/example_dags/example_dag_decorator.py
[2024-11-26T15:36:30.623-0600] {logging_mixin.py:190} INFO - [2024-11-26T15:36:30.623-0600] {dag.py:3239} INFO - Sync 1 DAGs
[2024-11-26T15:36:30.627-0600] {logging_mixin.py:190} INFO - [2024-11-26T15:36:30.627-0600] {dag.py:4180} INFO - Setting next_dagrun for example_dag_decorator to None, run_after=None
[2024-11-26T15:36:30.632-0600] {processor.py:208} INFO - Processing /Library/Frameworks/Python.framework/Versions/3.8/lib/python3.8/site-packages/airflow/example_dags/example_dag_decorator.py took 0.137 seconds
[2024-11-26T15:38:47.367-0600] {processor.py:186} INFO - Started process (PID=24073) to work on /Library/Frameworks/Python.framework/Versions/3.8/lib/python3.8/site-packages/airflow/example_dags/example_dag_decorator.py
[2024-11-26T15:38:47.367-0600] {processor.py:914} INFO - Processing file /Library/Frameworks/Python.framework/Versions/3.8/lib/python3.8/site-packages/airflow/example_dags/example_dag_decorator.py for tasks to queue
[2024-11-26T15:38:47.368-0600] {logging_mixin.py:190} INFO - [2024-11-26T15:38:47.368-0600] {dagbag.py:588} INFO - Filling up the DagBag from /Library/Frameworks/Python.framework/Versions/3.8/lib/python3.8/site-packages/airflow/example_dags/example_dag_decorator.py
[2024-11-26T15:38:47.423-0600] {processor.py:925} INFO - DAG(s) 'example_dag_decorator' retrieved from /Library/Frameworks/Python.framework/Versions/3.8/lib/python3.8/site-packages/airflow/example_dags/example_dag_decorator.py
[2024-11-26T15:38:47.486-0600] {logging_mixin.py:190} INFO - [2024-11-26T15:38:47.486-0600] {dag.py:3239} INFO - Sync 1 DAGs
[2024-11-26T15:38:47.490-0600] {logging_mixin.py:190} INFO - [2024-11-26T15:38:47.490-0600] {dag.py:4180} INFO - Setting next_dagrun for example_dag_decorator to None, run_after=None
[2024-11-26T15:38:47.495-0600] {processor.py:208} INFO - Processing /Library/Frameworks/Python.framework/Versions/3.8/lib/python3.8/site-packages/airflow/example_dags/example_dag_decorator.py took 0.129 seconds
[2024-11-26T15:41:02.141-0600] {processor.py:186} INFO - Started process (PID=24333) to work on /Library/Frameworks/Python.framework/Versions/3.8/lib/python3.8/site-packages/airflow/example_dags/example_dag_decorator.py
[2024-11-26T15:41:02.142-0600] {processor.py:914} INFO - Processing file /Library/Frameworks/Python.framework/Versions/3.8/lib/python3.8/site-packages/airflow/example_dags/example_dag_decorator.py for tasks to queue
[2024-11-26T15:41:02.142-0600] {logging_mixin.py:190} INFO - [2024-11-26T15:41:02.142-0600] {dagbag.py:588} INFO - Filling up the DagBag from /Library/Frameworks/Python.framework/Versions/3.8/lib/python3.8/site-packages/airflow/example_dags/example_dag_decorator.py
[2024-11-26T15:41:02.198-0600] {processor.py:925} INFO - DAG(s) 'example_dag_decorator' retrieved from /Library/Frameworks/Python.framework/Versions/3.8/lib/python3.8/site-packages/airflow/example_dags/example_dag_decorator.py
[2024-11-26T15:41:02.271-0600] {logging_mixin.py:190} INFO - [2024-11-26T15:41:02.271-0600] {dag.py:3239} INFO - Sync 1 DAGs
[2024-11-26T15:41:02.275-0600] {logging_mixin.py:190} INFO - [2024-11-26T15:41:02.275-0600] {dag.py:4180} INFO - Setting next_dagrun for example_dag_decorator to None, run_after=None
[2024-11-26T15:41:02.280-0600] {processor.py:208} INFO - Processing /Library/Frameworks/Python.framework/Versions/3.8/lib/python3.8/site-packages/airflow/example_dags/example_dag_decorator.py took 0.140 seconds
[2024-11-26T15:43:17.826-0600] {processor.py:186} INFO - Started process (PID=24582) to work on /Library/Frameworks/Python.framework/Versions/3.8/lib/python3.8/site-packages/airflow/example_dags/example_dag_decorator.py
[2024-11-26T15:43:17.827-0600] {processor.py:914} INFO - Processing file /Library/Frameworks/Python.framework/Versions/3.8/lib/python3.8/site-packages/airflow/example_dags/example_dag_decorator.py for tasks to queue
[2024-11-26T15:43:17.827-0600] {logging_mixin.py:190} INFO - [2024-11-26T15:43:17.827-0600] {dagbag.py:588} INFO - Filling up the DagBag from /Library/Frameworks/Python.framework/Versions/3.8/lib/python3.8/site-packages/airflow/example_dags/example_dag_decorator.py
[2024-11-26T15:43:17.866-0600] {processor.py:925} INFO - DAG(s) 'example_dag_decorator' retrieved from /Library/Frameworks/Python.framework/Versions/3.8/lib/python3.8/site-packages/airflow/example_dags/example_dag_decorator.py
[2024-11-26T15:43:17.929-0600] {logging_mixin.py:190} INFO - [2024-11-26T15:43:17.928-0600] {dag.py:3239} INFO - Sync 1 DAGs
[2024-11-26T15:43:17.932-0600] {logging_mixin.py:190} INFO - [2024-11-26T15:43:17.932-0600] {dag.py:4180} INFO - Setting next_dagrun for example_dag_decorator to None, run_after=None
[2024-11-26T15:43:17.938-0600] {processor.py:208} INFO - Processing /Library/Frameworks/Python.framework/Versions/3.8/lib/python3.8/site-packages/airflow/example_dags/example_dag_decorator.py took 0.113 seconds
[2024-11-26T15:45:33.625-0600] {processor.py:186} INFO - Started process (PID=24833) to work on /Library/Frameworks/Python.framework/Versions/3.8/lib/python3.8/site-packages/airflow/example_dags/example_dag_decorator.py
[2024-11-26T15:45:33.626-0600] {processor.py:914} INFO - Processing file /Library/Frameworks/Python.framework/Versions/3.8/lib/python3.8/site-packages/airflow/example_dags/example_dag_decorator.py for tasks to queue
[2024-11-26T15:45:33.626-0600] {logging_mixin.py:190} INFO - [2024-11-26T15:45:33.626-0600] {dagbag.py:588} INFO - Filling up the DagBag from /Library/Frameworks/Python.framework/Versions/3.8/lib/python3.8/site-packages/airflow/example_dags/example_dag_decorator.py
[2024-11-26T15:45:33.682-0600] {processor.py:925} INFO - DAG(s) 'example_dag_decorator' retrieved from /Library/Frameworks/Python.framework/Versions/3.8/lib/python3.8/site-packages/airflow/example_dags/example_dag_decorator.py
[2024-11-26T15:45:33.753-0600] {logging_mixin.py:190} INFO - [2024-11-26T15:45:33.753-0600] {dag.py:3239} INFO - Sync 1 DAGs
[2024-11-26T15:45:33.757-0600] {logging_mixin.py:190} INFO - [2024-11-26T15:45:33.757-0600] {dag.py:4180} INFO - Setting next_dagrun for example_dag_decorator to None, run_after=None
[2024-11-26T15:45:33.762-0600] {processor.py:208} INFO - Processing /Library/Frameworks/Python.framework/Versions/3.8/lib/python3.8/site-packages/airflow/example_dags/example_dag_decorator.py took 0.139 seconds
[2024-11-26T15:47:44.932-0600] {processor.py:186} INFO - Started process (PID=25086) to work on /Library/Frameworks/Python.framework/Versions/3.8/lib/python3.8/site-packages/airflow/example_dags/example_dag_decorator.py
[2024-11-26T15:47:44.933-0600] {processor.py:914} INFO - Processing file /Library/Frameworks/Python.framework/Versions/3.8/lib/python3.8/site-packages/airflow/example_dags/example_dag_decorator.py for tasks to queue
[2024-11-26T15:47:44.933-0600] {logging_mixin.py:190} INFO - [2024-11-26T15:47:44.933-0600] {dagbag.py:588} INFO - Filling up the DagBag from /Library/Frameworks/Python.framework/Versions/3.8/lib/python3.8/site-packages/airflow/example_dags/example_dag_decorator.py
[2024-11-26T15:47:44.971-0600] {processor.py:925} INFO - DAG(s) 'example_dag_decorator' retrieved from /Library/Frameworks/Python.framework/Versions/3.8/lib/python3.8/site-packages/airflow/example_dags/example_dag_decorator.py
[2024-11-26T15:47:45.035-0600] {logging_mixin.py:190} INFO - [2024-11-26T15:47:45.035-0600] {dag.py:3239} INFO - Sync 1 DAGs
[2024-11-26T15:47:45.039-0600] {logging_mixin.py:190} INFO - [2024-11-26T15:47:45.039-0600] {dag.py:4180} INFO - Setting next_dagrun for example_dag_decorator to None, run_after=None
[2024-11-26T15:47:45.044-0600] {processor.py:208} INFO - Processing /Library/Frameworks/Python.framework/Versions/3.8/lib/python3.8/site-packages/airflow/example_dags/example_dag_decorator.py took 0.113 seconds
[2024-11-26T15:49:58.919-0600] {processor.py:186} INFO - Started process (PID=25343) to work on /Library/Frameworks/Python.framework/Versions/3.8/lib/python3.8/site-packages/airflow/example_dags/example_dag_decorator.py
[2024-11-26T15:49:58.920-0600] {processor.py:914} INFO - Processing file /Library/Frameworks/Python.framework/Versions/3.8/lib/python3.8/site-packages/airflow/example_dags/example_dag_decorator.py for tasks to queue
[2024-11-26T15:49:58.920-0600] {logging_mixin.py:190} INFO - [2024-11-26T15:49:58.920-0600] {dagbag.py:588} INFO - Filling up the DagBag from /Library/Frameworks/Python.framework/Versions/3.8/lib/python3.8/site-packages/airflow/example_dags/example_dag_decorator.py
[2024-11-26T15:49:58.985-0600] {processor.py:925} INFO - DAG(s) 'example_dag_decorator' retrieved from /Library/Frameworks/Python.framework/Versions/3.8/lib/python3.8/site-packages/airflow/example_dags/example_dag_decorator.py
[2024-11-26T15:49:59.068-0600] {logging_mixin.py:190} INFO - [2024-11-26T15:49:59.068-0600] {dag.py:3239} INFO - Sync 1 DAGs
[2024-11-26T15:49:59.072-0600] {logging_mixin.py:190} INFO - [2024-11-26T15:49:59.072-0600] {dag.py:4180} INFO - Setting next_dagrun for example_dag_decorator to None, run_after=None
[2024-11-26T15:49:59.079-0600] {processor.py:208} INFO - Processing /Library/Frameworks/Python.framework/Versions/3.8/lib/python3.8/site-packages/airflow/example_dags/example_dag_decorator.py took 0.162 seconds
[2024-11-26T15:52:12.522-0600] {processor.py:186} INFO - Started process (PID=25602) to work on /Library/Frameworks/Python.framework/Versions/3.8/lib/python3.8/site-packages/airflow/example_dags/example_dag_decorator.py
[2024-11-26T15:52:12.523-0600] {processor.py:914} INFO - Processing file /Library/Frameworks/Python.framework/Versions/3.8/lib/python3.8/site-packages/airflow/example_dags/example_dag_decorator.py for tasks to queue
[2024-11-26T15:52:12.524-0600] {logging_mixin.py:190} INFO - [2024-11-26T15:52:12.524-0600] {dagbag.py:588} INFO - Filling up the DagBag from /Library/Frameworks/Python.framework/Versions/3.8/lib/python3.8/site-packages/airflow/example_dags/example_dag_decorator.py
[2024-11-26T15:52:12.579-0600] {processor.py:925} INFO - DAG(s) 'example_dag_decorator' retrieved from /Library/Frameworks/Python.framework/Versions/3.8/lib/python3.8/site-packages/airflow/example_dags/example_dag_decorator.py
[2024-11-26T15:52:12.651-0600] {logging_mixin.py:190} INFO - [2024-11-26T15:52:12.651-0600] {dag.py:3239} INFO - Sync 1 DAGs
[2024-11-26T15:52:12.655-0600] {logging_mixin.py:190} INFO - [2024-11-26T15:52:12.655-0600] {dag.py:4180} INFO - Setting next_dagrun for example_dag_decorator to None, run_after=None
[2024-11-26T15:52:12.660-0600] {processor.py:208} INFO - Processing /Library/Frameworks/Python.framework/Versions/3.8/lib/python3.8/site-packages/airflow/example_dags/example_dag_decorator.py took 0.139 seconds
[2024-11-26T15:54:39.019-0600] {processor.py:186} INFO - Started process (PID=25866) to work on /Library/Frameworks/Python.framework/Versions/3.8/lib/python3.8/site-packages/airflow/example_dags/example_dag_decorator.py
[2024-11-26T15:54:39.021-0600] {processor.py:914} INFO - Processing file /Library/Frameworks/Python.framework/Versions/3.8/lib/python3.8/site-packages/airflow/example_dags/example_dag_decorator.py for tasks to queue
[2024-11-26T15:54:39.021-0600] {logging_mixin.py:190} INFO - [2024-11-26T15:54:39.021-0600] {dagbag.py:588} INFO - Filling up the DagBag from /Library/Frameworks/Python.framework/Versions/3.8/lib/python3.8/site-packages/airflow/example_dags/example_dag_decorator.py
[2024-11-26T15:54:39.079-0600] {processor.py:925} INFO - DAG(s) 'example_dag_decorator' retrieved from /Library/Frameworks/Python.framework/Versions/3.8/lib/python3.8/site-packages/airflow/example_dags/example_dag_decorator.py
[2024-11-26T15:54:39.151-0600] {logging_mixin.py:190} INFO - [2024-11-26T15:54:39.151-0600] {dag.py:3239} INFO - Sync 1 DAGs
[2024-11-26T15:54:39.155-0600] {logging_mixin.py:190} INFO - [2024-11-26T15:54:39.155-0600] {dag.py:4180} INFO - Setting next_dagrun for example_dag_decorator to None, run_after=None
[2024-11-26T15:54:39.160-0600] {processor.py:208} INFO - Processing /Library/Frameworks/Python.framework/Versions/3.8/lib/python3.8/site-packages/airflow/example_dags/example_dag_decorator.py took 0.143 seconds
[2024-11-26T15:56:56.438-0600] {processor.py:186} INFO - Started process (PID=26178) to work on /Library/Frameworks/Python.framework/Versions/3.8/lib/python3.8/site-packages/airflow/example_dags/example_dag_decorator.py
[2024-11-26T15:56:56.439-0600] {processor.py:914} INFO - Processing file /Library/Frameworks/Python.framework/Versions/3.8/lib/python3.8/site-packages/airflow/example_dags/example_dag_decorator.py for tasks to queue
[2024-11-26T15:56:56.439-0600] {logging_mixin.py:190} INFO - [2024-11-26T15:56:56.439-0600] {dagbag.py:588} INFO - Filling up the DagBag from /Library/Frameworks/Python.framework/Versions/3.8/lib/python3.8/site-packages/airflow/example_dags/example_dag_decorator.py
[2024-11-26T15:56:56.496-0600] {processor.py:925} INFO - DAG(s) 'example_dag_decorator' retrieved from /Library/Frameworks/Python.framework/Versions/3.8/lib/python3.8/site-packages/airflow/example_dags/example_dag_decorator.py
[2024-11-26T15:56:56.574-0600] {logging_mixin.py:190} INFO - [2024-11-26T15:56:56.574-0600] {dag.py:3239} INFO - Sync 1 DAGs
[2024-11-26T15:56:56.578-0600] {logging_mixin.py:190} INFO - [2024-11-26T15:56:56.578-0600] {dag.py:4180} INFO - Setting next_dagrun for example_dag_decorator to None, run_after=None
[2024-11-26T15:56:56.584-0600] {processor.py:208} INFO - Processing /Library/Frameworks/Python.framework/Versions/3.8/lib/python3.8/site-packages/airflow/example_dags/example_dag_decorator.py took 0.148 seconds
[2024-11-26T15:59:10.797-0600] {processor.py:186} INFO - Started process (PID=26445) to work on /Library/Frameworks/Python.framework/Versions/3.8/lib/python3.8/site-packages/airflow/example_dags/example_dag_decorator.py
[2024-11-26T15:59:10.797-0600] {processor.py:914} INFO - Processing file /Library/Frameworks/Python.framework/Versions/3.8/lib/python3.8/site-packages/airflow/example_dags/example_dag_decorator.py for tasks to queue
[2024-11-26T15:59:10.798-0600] {logging_mixin.py:190} INFO - [2024-11-26T15:59:10.798-0600] {dagbag.py:588} INFO - Filling up the DagBag from /Library/Frameworks/Python.framework/Versions/3.8/lib/python3.8/site-packages/airflow/example_dags/example_dag_decorator.py
[2024-11-26T15:59:10.836-0600] {processor.py:925} INFO - DAG(s) 'example_dag_decorator' retrieved from /Library/Frameworks/Python.framework/Versions/3.8/lib/python3.8/site-packages/airflow/example_dags/example_dag_decorator.py
[2024-11-26T15:59:10.899-0600] {logging_mixin.py:190} INFO - [2024-11-26T15:59:10.899-0600] {dag.py:3239} INFO - Sync 1 DAGs
[2024-11-26T15:59:10.903-0600] {logging_mixin.py:190} INFO - [2024-11-26T15:59:10.903-0600] {dag.py:4180} INFO - Setting next_dagrun for example_dag_decorator to None, run_after=None
[2024-11-26T15:59:10.908-0600] {processor.py:208} INFO - Processing /Library/Frameworks/Python.framework/Versions/3.8/lib/python3.8/site-packages/airflow/example_dags/example_dag_decorator.py took 0.113 seconds
[2024-11-26T16:01:28.233-0600] {processor.py:186} INFO - Started process (PID=26720) to work on /Library/Frameworks/Python.framework/Versions/3.8/lib/python3.8/site-packages/airflow/example_dags/example_dag_decorator.py
[2024-11-26T16:01:28.235-0600] {processor.py:914} INFO - Processing file /Library/Frameworks/Python.framework/Versions/3.8/lib/python3.8/site-packages/airflow/example_dags/example_dag_decorator.py for tasks to queue
[2024-11-26T16:01:28.235-0600] {logging_mixin.py:190} INFO - [2024-11-26T16:01:28.235-0600] {dagbag.py:588} INFO - Filling up the DagBag from /Library/Frameworks/Python.framework/Versions/3.8/lib/python3.8/site-packages/airflow/example_dags/example_dag_decorator.py
[2024-11-26T16:01:28.293-0600] {processor.py:925} INFO - DAG(s) 'example_dag_decorator' retrieved from /Library/Frameworks/Python.framework/Versions/3.8/lib/python3.8/site-packages/airflow/example_dags/example_dag_decorator.py
[2024-11-26T16:01:28.371-0600] {logging_mixin.py:190} INFO - [2024-11-26T16:01:28.370-0600] {dag.py:3239} INFO - Sync 1 DAGs
[2024-11-26T16:01:28.375-0600] {logging_mixin.py:190} INFO - [2024-11-26T16:01:28.375-0600] {dag.py:4180} INFO - Setting next_dagrun for example_dag_decorator to None, run_after=None
[2024-11-26T16:01:28.380-0600] {processor.py:208} INFO - Processing /Library/Frameworks/Python.framework/Versions/3.8/lib/python3.8/site-packages/airflow/example_dags/example_dag_decorator.py took 0.149 seconds
[2024-11-26T16:03:39.226-0600] {processor.py:186} INFO - Started process (PID=26966) to work on /Library/Frameworks/Python.framework/Versions/3.8/lib/python3.8/site-packages/airflow/example_dags/example_dag_decorator.py
[2024-11-26T16:03:39.227-0600] {processor.py:914} INFO - Processing file /Library/Frameworks/Python.framework/Versions/3.8/lib/python3.8/site-packages/airflow/example_dags/example_dag_decorator.py for tasks to queue
[2024-11-26T16:03:39.228-0600] {logging_mixin.py:190} INFO - [2024-11-26T16:03:39.228-0600] {dagbag.py:588} INFO - Filling up the DagBag from /Library/Frameworks/Python.framework/Versions/3.8/lib/python3.8/site-packages/airflow/example_dags/example_dag_decorator.py
[2024-11-26T16:03:39.288-0600] {processor.py:925} INFO - DAG(s) 'example_dag_decorator' retrieved from /Library/Frameworks/Python.framework/Versions/3.8/lib/python3.8/site-packages/airflow/example_dags/example_dag_decorator.py
[2024-11-26T16:03:39.363-0600] {logging_mixin.py:190} INFO - [2024-11-26T16:03:39.363-0600] {dag.py:3239} INFO - Sync 1 DAGs
[2024-11-26T16:03:39.367-0600] {logging_mixin.py:190} INFO - [2024-11-26T16:03:39.367-0600] {dag.py:4180} INFO - Setting next_dagrun for example_dag_decorator to None, run_after=None
[2024-11-26T16:03:39.373-0600] {processor.py:208} INFO - Processing /Library/Frameworks/Python.framework/Versions/3.8/lib/python3.8/site-packages/airflow/example_dags/example_dag_decorator.py took 0.148 seconds
[2024-11-26T16:05:59.815-0600] {processor.py:186} INFO - Started process (PID=27215) to work on /Library/Frameworks/Python.framework/Versions/3.8/lib/python3.8/site-packages/airflow/example_dags/example_dag_decorator.py
[2024-11-26T16:05:59.815-0600] {processor.py:914} INFO - Processing file /Library/Frameworks/Python.framework/Versions/3.8/lib/python3.8/site-packages/airflow/example_dags/example_dag_decorator.py for tasks to queue
[2024-11-26T16:05:59.815-0600] {logging_mixin.py:190} INFO - [2024-11-26T16:05:59.815-0600] {dagbag.py:588} INFO - Filling up the DagBag from /Library/Frameworks/Python.framework/Versions/3.8/lib/python3.8/site-packages/airflow/example_dags/example_dag_decorator.py
[2024-11-26T16:05:59.853-0600] {processor.py:925} INFO - DAG(s) 'example_dag_decorator' retrieved from /Library/Frameworks/Python.framework/Versions/3.8/lib/python3.8/site-packages/airflow/example_dags/example_dag_decorator.py
[2024-11-26T16:05:59.915-0600] {logging_mixin.py:190} INFO - [2024-11-26T16:05:59.915-0600] {dag.py:3239} INFO - Sync 1 DAGs
[2024-11-26T16:05:59.919-0600] {logging_mixin.py:190} INFO - [2024-11-26T16:05:59.919-0600] {dag.py:4180} INFO - Setting next_dagrun for example_dag_decorator to None, run_after=None
[2024-11-26T16:05:59.925-0600] {processor.py:208} INFO - Processing /Library/Frameworks/Python.framework/Versions/3.8/lib/python3.8/site-packages/airflow/example_dags/example_dag_decorator.py took 0.111 seconds
[2024-11-26T17:45:25.007-0600] {processor.py:186} INFO - Started process (PID=27508) to work on /Library/Frameworks/Python.framework/Versions/3.8/lib/python3.8/site-packages/airflow/example_dags/example_dag_decorator.py
[2024-11-26T17:45:25.008-0600] {processor.py:914} INFO - Processing file /Library/Frameworks/Python.framework/Versions/3.8/lib/python3.8/site-packages/airflow/example_dags/example_dag_decorator.py for tasks to queue
[2024-11-26T17:45:25.009-0600] {logging_mixin.py:190} INFO - [2024-11-26T17:45:25.009-0600] {dagbag.py:588} INFO - Filling up the DagBag from /Library/Frameworks/Python.framework/Versions/3.8/lib/python3.8/site-packages/airflow/example_dags/example_dag_decorator.py
[2024-11-26T17:45:25.066-0600] {processor.py:925} INFO - DAG(s) 'example_dag_decorator' retrieved from /Library/Frameworks/Python.framework/Versions/3.8/lib/python3.8/site-packages/airflow/example_dags/example_dag_decorator.py
[2024-11-26T17:45:25.137-0600] {logging_mixin.py:190} INFO - [2024-11-26T17:45:25.137-0600] {dag.py:3239} INFO - Sync 1 DAGs
[2024-11-26T17:45:25.140-0600] {logging_mixin.py:190} INFO - [2024-11-26T17:45:25.140-0600] {dag.py:4180} INFO - Setting next_dagrun for example_dag_decorator to None, run_after=None
[2024-11-26T17:45:25.145-0600] {processor.py:208} INFO - Processing /Library/Frameworks/Python.framework/Versions/3.8/lib/python3.8/site-packages/airflow/example_dags/example_dag_decorator.py took 0.139 seconds
