[2024-11-26T14:17:57.586-0600] {processor.py:186} INFO - Started process (PID=17872) to work on /Users/beprathap/PycharmProjects/YouTube-airflow/airflow-venv/lib/python3.8/site-packages/airflow/example_dags/example_short_circuit_operator.py
[2024-11-26T14:17:57.586-0600] {processor.py:914} INFO - Processing file /Users/beprathap/PycharmProjects/YouTube-airflow/airflow-venv/lib/python3.8/site-packages/airflow/example_dags/example_short_circuit_operator.py for tasks to queue
[2024-11-26T14:17:57.587-0600] {logging_mixin.py:190} INFO - [2024-11-26T14:17:57.587-0600] {dagbag.py:588} INFO - Filling up the DagBag from /Users/beprathap/PycharmProjects/YouTube-airflow/airflow-venv/lib/python3.8/site-packages/airflow/example_dags/example_short_circuit_operator.py
[2024-11-26T14:17:57.595-0600] {processor.py:925} INFO - DAG(s) 'example_short_circuit_operator' retrieved from /Users/beprathap/PycharmProjects/YouTube-airflow/airflow-venv/lib/python3.8/site-packages/airflow/example_dags/example_short_circuit_operator.py
[2024-11-26T14:17:57.655-0600] {logging_mixin.py:190} INFO - [2024-11-26T14:17:57.655-0600] {override.py:1901} INFO - Created Permission View: can read on DAG:example_short_circuit_operator
[2024-11-26T14:17:57.657-0600] {logging_mixin.py:190} INFO - [2024-11-26T14:17:57.657-0600] {override.py:1901} INFO - Created Permission View: can delete on DAG:example_short_circuit_operator
[2024-11-26T14:17:57.659-0600] {logging_mixin.py:190} INFO - [2024-11-26T14:17:57.659-0600] {override.py:1901} INFO - Created Permission View: can edit on DAG:example_short_circuit_operator
[2024-11-26T14:17:57.660-0600] {logging_mixin.py:190} INFO - [2024-11-26T14:17:57.660-0600] {override.py:1901} INFO - Created Permission View: can read on DAG Run:example_short_circuit_operator
[2024-11-26T14:17:57.662-0600] {logging_mixin.py:190} INFO - [2024-11-26T14:17:57.662-0600] {override.py:1901} INFO - Created Permission View: can delete on DAG Run:example_short_circuit_operator
[2024-11-26T14:17:57.663-0600] {logging_mixin.py:190} INFO - [2024-11-26T14:17:57.663-0600] {override.py:1901} INFO - Created Permission View: menu access on DAG Run:example_short_circuit_operator
[2024-11-26T14:17:57.665-0600] {logging_mixin.py:190} INFO - [2024-11-26T14:17:57.665-0600] {override.py:1901} INFO - Created Permission View: can create on DAG Run:example_short_circuit_operator
[2024-11-26T14:17:57.665-0600] {logging_mixin.py:190} INFO - [2024-11-26T14:17:57.665-0600] {dag.py:3239} INFO - Sync 1 DAGs
[2024-11-26T14:17:57.669-0600] {logging_mixin.py:190} INFO - [2024-11-26T14:17:57.669-0600] {dag.py:3262} INFO - Creating ORM DAG for example_short_circuit_operator
[2024-11-26T14:17:57.669-0600] {logging_mixin.py:190} INFO - [2024-11-26T14:17:57.669-0600] {dag.py:4180} INFO - Setting next_dagrun for example_short_circuit_operator to None, run_after=None
[2024-11-26T14:17:57.673-0600] {processor.py:208} INFO - Processing /Users/beprathap/PycharmProjects/YouTube-airflow/airflow-venv/lib/python3.8/site-packages/airflow/example_dags/example_short_circuit_operator.py took 0.089 seconds
[2024-11-26T14:19:35.969-0600] {processor.py:186} INFO - Started process (PID=18055) to work on /Users/beprathap/PycharmProjects/YouTube-airflow/airflow-venv/lib/python3.8/site-packages/airflow/example_dags/example_short_circuit_operator.py
[2024-11-26T14:19:35.970-0600] {processor.py:914} INFO - Processing file /Users/beprathap/PycharmProjects/YouTube-airflow/airflow-venv/lib/python3.8/site-packages/airflow/example_dags/example_short_circuit_operator.py for tasks to queue
[2024-11-26T14:19:35.970-0600] {logging_mixin.py:190} INFO - [2024-11-26T14:19:35.970-0600] {dagbag.py:588} INFO - Filling up the DagBag from /Users/beprathap/PycharmProjects/YouTube-airflow/airflow-venv/lib/python3.8/site-packages/airflow/example_dags/example_short_circuit_operator.py
[2024-11-26T14:19:35.978-0600] {processor.py:925} INFO - DAG(s) 'example_short_circuit_operator' retrieved from /Users/beprathap/PycharmProjects/YouTube-airflow/airflow-venv/lib/python3.8/site-packages/airflow/example_dags/example_short_circuit_operator.py
[2024-11-26T14:19:36.013-0600] {logging_mixin.py:190} INFO - [2024-11-26T14:19:36.012-0600] {dag.py:3239} INFO - Sync 1 DAGs
[2024-11-26T14:19:36.016-0600] {logging_mixin.py:190} INFO - [2024-11-26T14:19:36.016-0600] {dag.py:4180} INFO - Setting next_dagrun for example_short_circuit_operator to None, run_after=None
[2024-11-26T14:19:36.021-0600] {processor.py:208} INFO - Processing /Users/beprathap/PycharmProjects/YouTube-airflow/airflow-venv/lib/python3.8/site-packages/airflow/example_dags/example_short_circuit_operator.py took 0.053 seconds
[2024-11-26T14:20:43.961-0600] {processor.py:186} INFO - Started process (PID=18176) to work on /Users/beprathap/PycharmProjects/YouTube-airflow/airflow-venv/lib/python3.8/site-packages/airflow/example_dags/example_short_circuit_operator.py
[2024-11-26T14:20:43.962-0600] {processor.py:914} INFO - Processing file /Users/beprathap/PycharmProjects/YouTube-airflow/airflow-venv/lib/python3.8/site-packages/airflow/example_dags/example_short_circuit_operator.py for tasks to queue
[2024-11-26T14:20:43.962-0600] {logging_mixin.py:190} INFO - [2024-11-26T14:20:43.962-0600] {dagbag.py:588} INFO - Filling up the DagBag from /Users/beprathap/PycharmProjects/YouTube-airflow/airflow-venv/lib/python3.8/site-packages/airflow/example_dags/example_short_circuit_operator.py
[2024-11-26T14:20:43.970-0600] {processor.py:925} INFO - DAG(s) 'example_short_circuit_operator' retrieved from /Users/beprathap/PycharmProjects/YouTube-airflow/airflow-venv/lib/python3.8/site-packages/airflow/example_dags/example_short_circuit_operator.py
[2024-11-26T14:20:44.004-0600] {logging_mixin.py:190} INFO - [2024-11-26T14:20:44.004-0600] {dag.py:3239} INFO - Sync 1 DAGs
[2024-11-26T14:20:44.007-0600] {logging_mixin.py:190} INFO - [2024-11-26T14:20:44.007-0600] {dag.py:4180} INFO - Setting next_dagrun for example_short_circuit_operator to None, run_after=None
[2024-11-26T14:20:44.013-0600] {processor.py:208} INFO - Processing /Users/beprathap/PycharmProjects/YouTube-airflow/airflow-venv/lib/python3.8/site-packages/airflow/example_dags/example_short_circuit_operator.py took 0.052 seconds
[2024-11-26T14:22:57.362-0600] {processor.py:186} INFO - Started process (PID=18442) to work on /Users/beprathap/PycharmProjects/YouTube-airflow/airflow-venv/lib/python3.8/site-packages/airflow/example_dags/example_short_circuit_operator.py
[2024-11-26T14:22:57.362-0600] {processor.py:914} INFO - Processing file /Users/beprathap/PycharmProjects/YouTube-airflow/airflow-venv/lib/python3.8/site-packages/airflow/example_dags/example_short_circuit_operator.py for tasks to queue
[2024-11-26T14:22:57.363-0600] {logging_mixin.py:190} INFO - [2024-11-26T14:22:57.363-0600] {dagbag.py:588} INFO - Filling up the DagBag from /Users/beprathap/PycharmProjects/YouTube-airflow/airflow-venv/lib/python3.8/site-packages/airflow/example_dags/example_short_circuit_operator.py
[2024-11-26T14:22:57.371-0600] {processor.py:925} INFO - DAG(s) 'example_short_circuit_operator' retrieved from /Users/beprathap/PycharmProjects/YouTube-airflow/airflow-venv/lib/python3.8/site-packages/airflow/example_dags/example_short_circuit_operator.py
[2024-11-26T14:22:57.405-0600] {logging_mixin.py:190} INFO - [2024-11-26T14:22:57.405-0600] {dag.py:3239} INFO - Sync 1 DAGs
[2024-11-26T14:22:57.409-0600] {logging_mixin.py:190} INFO - [2024-11-26T14:22:57.409-0600] {dag.py:4180} INFO - Setting next_dagrun for example_short_circuit_operator to None, run_after=None
[2024-11-26T14:22:57.414-0600] {processor.py:208} INFO - Processing /Users/beprathap/PycharmProjects/YouTube-airflow/airflow-venv/lib/python3.8/site-packages/airflow/example_dags/example_short_circuit_operator.py took 0.053 seconds
[2024-11-26T14:25:06.107-0600] {processor.py:186} INFO - Started process (PID=18709) to work on /Users/beprathap/PycharmProjects/YouTube-airflow/airflow-venv/lib/python3.8/site-packages/airflow/example_dags/example_short_circuit_operator.py
[2024-11-26T14:25:06.108-0600] {processor.py:914} INFO - Processing file /Users/beprathap/PycharmProjects/YouTube-airflow/airflow-venv/lib/python3.8/site-packages/airflow/example_dags/example_short_circuit_operator.py for tasks to queue
[2024-11-26T14:25:06.108-0600] {logging_mixin.py:190} INFO - [2024-11-26T14:25:06.108-0600] {dagbag.py:588} INFO - Filling up the DagBag from /Users/beprathap/PycharmProjects/YouTube-airflow/airflow-venv/lib/python3.8/site-packages/airflow/example_dags/example_short_circuit_operator.py
[2024-11-26T14:25:06.117-0600] {processor.py:925} INFO - DAG(s) 'example_short_circuit_operator' retrieved from /Users/beprathap/PycharmProjects/YouTube-airflow/airflow-venv/lib/python3.8/site-packages/airflow/example_dags/example_short_circuit_operator.py
[2024-11-26T14:25:06.153-0600] {logging_mixin.py:190} INFO - [2024-11-26T14:25:06.153-0600] {dag.py:3239} INFO - Sync 1 DAGs
[2024-11-26T14:25:06.156-0600] {logging_mixin.py:190} INFO - [2024-11-26T14:25:06.156-0600] {dag.py:4180} INFO - Setting next_dagrun for example_short_circuit_operator to None, run_after=None
[2024-11-26T14:25:06.162-0600] {processor.py:208} INFO - Processing /Users/beprathap/PycharmProjects/YouTube-airflow/airflow-venv/lib/python3.8/site-packages/airflow/example_dags/example_short_circuit_operator.py took 0.056 seconds
[2024-11-26T14:27:13.271-0600] {processor.py:186} INFO - Started process (PID=18944) to work on /Users/beprathap/PycharmProjects/YouTube-airflow/airflow-venv/lib/python3.8/site-packages/airflow/example_dags/example_short_circuit_operator.py
[2024-11-26T14:27:13.271-0600] {processor.py:914} INFO - Processing file /Users/beprathap/PycharmProjects/YouTube-airflow/airflow-venv/lib/python3.8/site-packages/airflow/example_dags/example_short_circuit_operator.py for tasks to queue
[2024-11-26T14:27:13.271-0600] {logging_mixin.py:190} INFO - [2024-11-26T14:27:13.271-0600] {dagbag.py:588} INFO - Filling up the DagBag from /Users/beprathap/PycharmProjects/YouTube-airflow/airflow-venv/lib/python3.8/site-packages/airflow/example_dags/example_short_circuit_operator.py
[2024-11-26T14:27:13.280-0600] {processor.py:925} INFO - DAG(s) 'example_short_circuit_operator' retrieved from /Users/beprathap/PycharmProjects/YouTube-airflow/airflow-venv/lib/python3.8/site-packages/airflow/example_dags/example_short_circuit_operator.py
[2024-11-26T14:27:13.315-0600] {logging_mixin.py:190} INFO - [2024-11-26T14:27:13.314-0600] {dag.py:3239} INFO - Sync 1 DAGs
[2024-11-26T14:27:13.318-0600] {logging_mixin.py:190} INFO - [2024-11-26T14:27:13.318-0600] {dag.py:4180} INFO - Setting next_dagrun for example_short_circuit_operator to None, run_after=None
[2024-11-26T14:27:13.323-0600] {processor.py:208} INFO - Processing /Users/beprathap/PycharmProjects/YouTube-airflow/airflow-venv/lib/python3.8/site-packages/airflow/example_dags/example_short_circuit_operator.py took 0.054 seconds
[2024-11-26T14:29:19.914-0600] {processor.py:186} INFO - Started process (PID=19183) to work on /Users/beprathap/PycharmProjects/YouTube-airflow/airflow-venv/lib/python3.8/site-packages/airflow/example_dags/example_short_circuit_operator.py
[2024-11-26T14:29:19.914-0600] {processor.py:914} INFO - Processing file /Users/beprathap/PycharmProjects/YouTube-airflow/airflow-venv/lib/python3.8/site-packages/airflow/example_dags/example_short_circuit_operator.py for tasks to queue
[2024-11-26T14:29:19.914-0600] {logging_mixin.py:190} INFO - [2024-11-26T14:29:19.914-0600] {dagbag.py:588} INFO - Filling up the DagBag from /Users/beprathap/PycharmProjects/YouTube-airflow/airflow-venv/lib/python3.8/site-packages/airflow/example_dags/example_short_circuit_operator.py
[2024-11-26T14:29:19.923-0600] {processor.py:925} INFO - DAG(s) 'example_short_circuit_operator' retrieved from /Users/beprathap/PycharmProjects/YouTube-airflow/airflow-venv/lib/python3.8/site-packages/airflow/example_dags/example_short_circuit_operator.py
[2024-11-26T14:29:19.958-0600] {logging_mixin.py:190} INFO - [2024-11-26T14:29:19.958-0600] {dag.py:3239} INFO - Sync 1 DAGs
[2024-11-26T14:29:19.961-0600] {logging_mixin.py:190} INFO - [2024-11-26T14:29:19.961-0600] {dag.py:4180} INFO - Setting next_dagrun for example_short_circuit_operator to None, run_after=None
[2024-11-26T14:29:19.967-0600] {processor.py:208} INFO - Processing /Users/beprathap/PycharmProjects/YouTube-airflow/airflow-venv/lib/python3.8/site-packages/airflow/example_dags/example_short_circuit_operator.py took 0.054 seconds
[2024-11-26T14:30:27.183-0600] {processor.py:186} INFO - Started process (PID=19314) to work on /Users/beprathap/PycharmProjects/YouTube-airflow/airflow-venv/lib/python3.8/site-packages/airflow/example_dags/example_short_circuit_operator.py
[2024-11-26T14:30:27.183-0600] {processor.py:914} INFO - Processing file /Users/beprathap/PycharmProjects/YouTube-airflow/airflow-venv/lib/python3.8/site-packages/airflow/example_dags/example_short_circuit_operator.py for tasks to queue
[2024-11-26T14:30:27.184-0600] {logging_mixin.py:190} INFO - [2024-11-26T14:30:27.184-0600] {dagbag.py:588} INFO - Filling up the DagBag from /Users/beprathap/PycharmProjects/YouTube-airflow/airflow-venv/lib/python3.8/site-packages/airflow/example_dags/example_short_circuit_operator.py
[2024-11-26T14:30:27.192-0600] {processor.py:925} INFO - DAG(s) 'example_short_circuit_operator' retrieved from /Users/beprathap/PycharmProjects/YouTube-airflow/airflow-venv/lib/python3.8/site-packages/airflow/example_dags/example_short_circuit_operator.py
[2024-11-26T14:30:27.227-0600] {logging_mixin.py:190} INFO - [2024-11-26T14:30:27.227-0600] {dag.py:3239} INFO - Sync 1 DAGs
[2024-11-26T14:30:27.231-0600] {logging_mixin.py:190} INFO - [2024-11-26T14:30:27.230-0600] {dag.py:4180} INFO - Setting next_dagrun for example_short_circuit_operator to None, run_after=None
[2024-11-26T14:30:27.236-0600] {processor.py:208} INFO - Processing /Users/beprathap/PycharmProjects/YouTube-airflow/airflow-venv/lib/python3.8/site-packages/airflow/example_dags/example_short_circuit_operator.py took 0.054 seconds
[2024-11-26T14:36:20.637-0600] {processor.py:186} INFO - Started process (PID=19550) to work on /Users/beprathap/PycharmProjects/YouTube-airflow/airflow-venv/lib/python3.8/site-packages/airflow/example_dags/example_short_circuit_operator.py
[2024-11-26T14:36:20.638-0600] {processor.py:914} INFO - Processing file /Users/beprathap/PycharmProjects/YouTube-airflow/airflow-venv/lib/python3.8/site-packages/airflow/example_dags/example_short_circuit_operator.py for tasks to queue
[2024-11-26T14:36:20.638-0600] {logging_mixin.py:190} INFO - [2024-11-26T14:36:20.638-0600] {dagbag.py:588} INFO - Filling up the DagBag from /Users/beprathap/PycharmProjects/YouTube-airflow/airflow-venv/lib/python3.8/site-packages/airflow/example_dags/example_short_circuit_operator.py
[2024-11-26T14:36:20.646-0600] {processor.py:925} INFO - DAG(s) 'example_short_circuit_operator' retrieved from /Users/beprathap/PycharmProjects/YouTube-airflow/airflow-venv/lib/python3.8/site-packages/airflow/example_dags/example_short_circuit_operator.py
[2024-11-26T14:36:20.681-0600] {logging_mixin.py:190} INFO - [2024-11-26T14:36:20.681-0600] {dag.py:3239} INFO - Sync 1 DAGs
[2024-11-26T14:36:20.684-0600] {logging_mixin.py:190} INFO - [2024-11-26T14:36:20.684-0600] {dag.py:4180} INFO - Setting next_dagrun for example_short_circuit_operator to None, run_after=None
[2024-11-26T14:36:20.689-0600] {processor.py:208} INFO - Processing /Users/beprathap/PycharmProjects/YouTube-airflow/airflow-venv/lib/python3.8/site-packages/airflow/example_dags/example_short_circuit_operator.py took 0.054 seconds
[2024-11-26T14:38:00.526-0600] {processor.py:186} INFO - Started process (PID=19723) to work on /Users/beprathap/PycharmProjects/YouTube-airflow/airflow-venv/lib/python3.8/site-packages/airflow/example_dags/example_short_circuit_operator.py
[2024-11-26T14:38:00.526-0600] {processor.py:914} INFO - Processing file /Users/beprathap/PycharmProjects/YouTube-airflow/airflow-venv/lib/python3.8/site-packages/airflow/example_dags/example_short_circuit_operator.py for tasks to queue
[2024-11-26T14:38:00.526-0600] {logging_mixin.py:190} INFO - [2024-11-26T14:38:00.526-0600] {dagbag.py:588} INFO - Filling up the DagBag from /Users/beprathap/PycharmProjects/YouTube-airflow/airflow-venv/lib/python3.8/site-packages/airflow/example_dags/example_short_circuit_operator.py
[2024-11-26T14:38:00.534-0600] {processor.py:925} INFO - DAG(s) 'example_short_circuit_operator' retrieved from /Users/beprathap/PycharmProjects/YouTube-airflow/airflow-venv/lib/python3.8/site-packages/airflow/example_dags/example_short_circuit_operator.py
[2024-11-26T14:38:00.568-0600] {logging_mixin.py:190} INFO - [2024-11-26T14:38:00.568-0600] {dag.py:3239} INFO - Sync 1 DAGs
[2024-11-26T14:38:00.572-0600] {logging_mixin.py:190} INFO - [2024-11-26T14:38:00.572-0600] {dag.py:4180} INFO - Setting next_dagrun for example_short_circuit_operator to None, run_after=None
[2024-11-26T14:38:00.577-0600] {processor.py:208} INFO - Processing /Users/beprathap/PycharmProjects/YouTube-airflow/airflow-venv/lib/python3.8/site-packages/airflow/example_dags/example_short_circuit_operator.py took 0.052 seconds
[2024-11-26T14:39:08.559-0600] {processor.py:186} INFO - Started process (PID=19855) to work on /Users/beprathap/PycharmProjects/YouTube-airflow/airflow-venv/lib/python3.8/site-packages/airflow/example_dags/example_short_circuit_operator.py
[2024-11-26T14:39:08.560-0600] {processor.py:914} INFO - Processing file /Users/beprathap/PycharmProjects/YouTube-airflow/airflow-venv/lib/python3.8/site-packages/airflow/example_dags/example_short_circuit_operator.py for tasks to queue
[2024-11-26T14:39:08.560-0600] {logging_mixin.py:190} INFO - [2024-11-26T14:39:08.560-0600] {dagbag.py:588} INFO - Filling up the DagBag from /Users/beprathap/PycharmProjects/YouTube-airflow/airflow-venv/lib/python3.8/site-packages/airflow/example_dags/example_short_circuit_operator.py
[2024-11-26T14:39:08.568-0600] {processor.py:925} INFO - DAG(s) 'example_short_circuit_operator' retrieved from /Users/beprathap/PycharmProjects/YouTube-airflow/airflow-venv/lib/python3.8/site-packages/airflow/example_dags/example_short_circuit_operator.py
[2024-11-26T14:39:08.602-0600] {logging_mixin.py:190} INFO - [2024-11-26T14:39:08.602-0600] {dag.py:3239} INFO - Sync 1 DAGs
[2024-11-26T14:39:08.606-0600] {logging_mixin.py:190} INFO - [2024-11-26T14:39:08.606-0600] {dag.py:4180} INFO - Setting next_dagrun for example_short_circuit_operator to None, run_after=None
[2024-11-26T14:39:08.611-0600] {processor.py:208} INFO - Processing /Users/beprathap/PycharmProjects/YouTube-airflow/airflow-venv/lib/python3.8/site-packages/airflow/example_dags/example_short_circuit_operator.py took 0.053 seconds
[2024-11-26T14:40:19.216-0600] {processor.py:186} INFO - Started process (PID=19990) to work on /Users/beprathap/PycharmProjects/YouTube-airflow/airflow-venv/lib/python3.8/site-packages/airflow/example_dags/example_short_circuit_operator.py
[2024-11-26T14:40:19.217-0600] {processor.py:914} INFO - Processing file /Users/beprathap/PycharmProjects/YouTube-airflow/airflow-venv/lib/python3.8/site-packages/airflow/example_dags/example_short_circuit_operator.py for tasks to queue
[2024-11-26T14:40:19.217-0600] {logging_mixin.py:190} INFO - [2024-11-26T14:40:19.217-0600] {dagbag.py:588} INFO - Filling up the DagBag from /Users/beprathap/PycharmProjects/YouTube-airflow/airflow-venv/lib/python3.8/site-packages/airflow/example_dags/example_short_circuit_operator.py
[2024-11-26T14:40:19.225-0600] {processor.py:925} INFO - DAG(s) 'example_short_circuit_operator' retrieved from /Users/beprathap/PycharmProjects/YouTube-airflow/airflow-venv/lib/python3.8/site-packages/airflow/example_dags/example_short_circuit_operator.py
[2024-11-26T14:40:19.260-0600] {logging_mixin.py:190} INFO - [2024-11-26T14:40:19.260-0600] {dag.py:3239} INFO - Sync 1 DAGs
[2024-11-26T14:40:19.264-0600] {logging_mixin.py:190} INFO - [2024-11-26T14:40:19.263-0600] {dag.py:4180} INFO - Setting next_dagrun for example_short_circuit_operator to None, run_after=None
[2024-11-26T14:40:19.269-0600] {processor.py:208} INFO - Processing /Users/beprathap/PycharmProjects/YouTube-airflow/airflow-venv/lib/python3.8/site-packages/airflow/example_dags/example_short_circuit_operator.py took 0.053 seconds
[2024-11-26T14:42:27.878-0600] {processor.py:186} INFO - Started process (PID=20225) to work on /Users/beprathap/PycharmProjects/YouTube-airflow/airflow-venv/lib/python3.8/site-packages/airflow/example_dags/example_short_circuit_operator.py
[2024-11-26T14:42:27.878-0600] {processor.py:914} INFO - Processing file /Users/beprathap/PycharmProjects/YouTube-airflow/airflow-venv/lib/python3.8/site-packages/airflow/example_dags/example_short_circuit_operator.py for tasks to queue
[2024-11-26T14:42:27.879-0600] {logging_mixin.py:190} INFO - [2024-11-26T14:42:27.879-0600] {dagbag.py:588} INFO - Filling up the DagBag from /Users/beprathap/PycharmProjects/YouTube-airflow/airflow-venv/lib/python3.8/site-packages/airflow/example_dags/example_short_circuit_operator.py
[2024-11-26T14:42:27.887-0600] {processor.py:925} INFO - DAG(s) 'example_short_circuit_operator' retrieved from /Users/beprathap/PycharmProjects/YouTube-airflow/airflow-venv/lib/python3.8/site-packages/airflow/example_dags/example_short_circuit_operator.py
[2024-11-26T14:42:27.921-0600] {logging_mixin.py:190} INFO - [2024-11-26T14:42:27.921-0600] {dag.py:3239} INFO - Sync 1 DAGs
[2024-11-26T14:42:27.924-0600] {logging_mixin.py:190} INFO - [2024-11-26T14:42:27.924-0600] {dag.py:4180} INFO - Setting next_dagrun for example_short_circuit_operator to None, run_after=None
[2024-11-26T14:42:27.930-0600] {processor.py:208} INFO - Processing /Users/beprathap/PycharmProjects/YouTube-airflow/airflow-venv/lib/python3.8/site-packages/airflow/example_dags/example_short_circuit_operator.py took 0.053 seconds
[2024-11-26T14:43:32.496-0600] {processor.py:186} INFO - Started process (PID=20346) to work on /Users/beprathap/PycharmProjects/YouTube-airflow/airflow-venv/lib/python3.8/site-packages/airflow/example_dags/example_short_circuit_operator.py
[2024-11-26T14:43:32.497-0600] {processor.py:914} INFO - Processing file /Users/beprathap/PycharmProjects/YouTube-airflow/airflow-venv/lib/python3.8/site-packages/airflow/example_dags/example_short_circuit_operator.py for tasks to queue
[2024-11-26T14:43:32.497-0600] {logging_mixin.py:190} INFO - [2024-11-26T14:43:32.497-0600] {dagbag.py:588} INFO - Filling up the DagBag from /Users/beprathap/PycharmProjects/YouTube-airflow/airflow-venv/lib/python3.8/site-packages/airflow/example_dags/example_short_circuit_operator.py
[2024-11-26T14:43:32.505-0600] {processor.py:925} INFO - DAG(s) 'example_short_circuit_operator' retrieved from /Users/beprathap/PycharmProjects/YouTube-airflow/airflow-venv/lib/python3.8/site-packages/airflow/example_dags/example_short_circuit_operator.py
[2024-11-26T14:43:32.540-0600] {logging_mixin.py:190} INFO - [2024-11-26T14:43:32.540-0600] {dag.py:3239} INFO - Sync 1 DAGs
[2024-11-26T14:43:32.543-0600] {logging_mixin.py:190} INFO - [2024-11-26T14:43:32.543-0600] {dag.py:4180} INFO - Setting next_dagrun for example_short_circuit_operator to None, run_after=None
[2024-11-26T14:43:32.549-0600] {processor.py:208} INFO - Processing /Users/beprathap/PycharmProjects/YouTube-airflow/airflow-venv/lib/python3.8/site-packages/airflow/example_dags/example_short_circuit_operator.py took 0.054 seconds
[2024-11-26T14:44:42.072-0600] {processor.py:186} INFO - Started process (PID=20487) to work on /Users/beprathap/PycharmProjects/YouTube-airflow/airflow-venv/lib/python3.8/site-packages/airflow/example_dags/example_short_circuit_operator.py
[2024-11-26T14:44:42.073-0600] {processor.py:914} INFO - Processing file /Users/beprathap/PycharmProjects/YouTube-airflow/airflow-venv/lib/python3.8/site-packages/airflow/example_dags/example_short_circuit_operator.py for tasks to queue
[2024-11-26T14:44:42.073-0600] {logging_mixin.py:190} INFO - [2024-11-26T14:44:42.073-0600] {dagbag.py:588} INFO - Filling up the DagBag from /Users/beprathap/PycharmProjects/YouTube-airflow/airflow-venv/lib/python3.8/site-packages/airflow/example_dags/example_short_circuit_operator.py
[2024-11-26T14:44:42.082-0600] {processor.py:925} INFO - DAG(s) 'example_short_circuit_operator' retrieved from /Users/beprathap/PycharmProjects/YouTube-airflow/airflow-venv/lib/python3.8/site-packages/airflow/example_dags/example_short_circuit_operator.py
[2024-11-26T14:44:42.117-0600] {logging_mixin.py:190} INFO - [2024-11-26T14:44:42.117-0600] {dag.py:3239} INFO - Sync 1 DAGs
[2024-11-26T14:44:42.121-0600] {logging_mixin.py:190} INFO - [2024-11-26T14:44:42.121-0600] {dag.py:4180} INFO - Setting next_dagrun for example_short_circuit_operator to None, run_after=None
[2024-11-26T14:44:42.126-0600] {processor.py:208} INFO - Processing /Users/beprathap/PycharmProjects/YouTube-airflow/airflow-venv/lib/python3.8/site-packages/airflow/example_dags/example_short_circuit_operator.py took 0.055 seconds
[2024-11-26T14:46:50.678-0600] {processor.py:186} INFO - Started process (PID=20739) to work on /Users/beprathap/PycharmProjects/YouTube-airflow/airflow-venv/lib/python3.8/site-packages/airflow/example_dags/example_short_circuit_operator.py
[2024-11-26T14:46:50.678-0600] {processor.py:914} INFO - Processing file /Users/beprathap/PycharmProjects/YouTube-airflow/airflow-venv/lib/python3.8/site-packages/airflow/example_dags/example_short_circuit_operator.py for tasks to queue
[2024-11-26T14:46:50.678-0600] {logging_mixin.py:190} INFO - [2024-11-26T14:46:50.678-0600] {dagbag.py:588} INFO - Filling up the DagBag from /Users/beprathap/PycharmProjects/YouTube-airflow/airflow-venv/lib/python3.8/site-packages/airflow/example_dags/example_short_circuit_operator.py
[2024-11-26T14:46:50.686-0600] {processor.py:925} INFO - DAG(s) 'example_short_circuit_operator' retrieved from /Users/beprathap/PycharmProjects/YouTube-airflow/airflow-venv/lib/python3.8/site-packages/airflow/example_dags/example_short_circuit_operator.py
[2024-11-26T14:46:50.721-0600] {logging_mixin.py:190} INFO - [2024-11-26T14:46:50.721-0600] {dag.py:3239} INFO - Sync 1 DAGs
[2024-11-26T14:46:50.725-0600] {logging_mixin.py:190} INFO - [2024-11-26T14:46:50.725-0600] {dag.py:4180} INFO - Setting next_dagrun for example_short_circuit_operator to None, run_after=None
[2024-11-26T14:46:50.730-0600] {processor.py:208} INFO - Processing /Users/beprathap/PycharmProjects/YouTube-airflow/airflow-venv/lib/python3.8/site-packages/airflow/example_dags/example_short_circuit_operator.py took 0.054 seconds
[2024-11-26T14:48:00.108-0600] {processor.py:186} INFO - Started process (PID=20878) to work on /Users/beprathap/PycharmProjects/YouTube-airflow/airflow-venv/lib/python3.8/site-packages/airflow/example_dags/example_short_circuit_operator.py
[2024-11-26T14:48:00.109-0600] {processor.py:914} INFO - Processing file /Users/beprathap/PycharmProjects/YouTube-airflow/airflow-venv/lib/python3.8/site-packages/airflow/example_dags/example_short_circuit_operator.py for tasks to queue
[2024-11-26T14:48:00.109-0600] {logging_mixin.py:190} INFO - [2024-11-26T14:48:00.109-0600] {dagbag.py:588} INFO - Filling up the DagBag from /Users/beprathap/PycharmProjects/YouTube-airflow/airflow-venv/lib/python3.8/site-packages/airflow/example_dags/example_short_circuit_operator.py
[2024-11-26T14:48:00.117-0600] {processor.py:925} INFO - DAG(s) 'example_short_circuit_operator' retrieved from /Users/beprathap/PycharmProjects/YouTube-airflow/airflow-venv/lib/python3.8/site-packages/airflow/example_dags/example_short_circuit_operator.py
[2024-11-26T14:48:00.152-0600] {logging_mixin.py:190} INFO - [2024-11-26T14:48:00.152-0600] {dag.py:3239} INFO - Sync 1 DAGs
[2024-11-26T14:48:00.156-0600] {logging_mixin.py:190} INFO - [2024-11-26T14:48:00.156-0600] {dag.py:4180} INFO - Setting next_dagrun for example_short_circuit_operator to None, run_after=None
[2024-11-26T14:48:00.161-0600] {processor.py:208} INFO - Processing /Users/beprathap/PycharmProjects/YouTube-airflow/airflow-venv/lib/python3.8/site-packages/airflow/example_dags/example_short_circuit_operator.py took 0.054 seconds
[2024-11-26T14:49:09.661-0600] {processor.py:186} INFO - Started process (PID=21005) to work on /Users/beprathap/PycharmProjects/YouTube-airflow/airflow-venv/lib/python3.8/site-packages/airflow/example_dags/example_short_circuit_operator.py
[2024-11-26T14:49:09.662-0600] {processor.py:914} INFO - Processing file /Users/beprathap/PycharmProjects/YouTube-airflow/airflow-venv/lib/python3.8/site-packages/airflow/example_dags/example_short_circuit_operator.py for tasks to queue
[2024-11-26T14:49:09.662-0600] {logging_mixin.py:190} INFO - [2024-11-26T14:49:09.662-0600] {dagbag.py:588} INFO - Filling up the DagBag from /Users/beprathap/PycharmProjects/YouTube-airflow/airflow-venv/lib/python3.8/site-packages/airflow/example_dags/example_short_circuit_operator.py
[2024-11-26T14:49:09.671-0600] {processor.py:925} INFO - DAG(s) 'example_short_circuit_operator' retrieved from /Users/beprathap/PycharmProjects/YouTube-airflow/airflow-venv/lib/python3.8/site-packages/airflow/example_dags/example_short_circuit_operator.py
[2024-11-26T14:49:09.707-0600] {logging_mixin.py:190} INFO - [2024-11-26T14:49:09.707-0600] {dag.py:3239} INFO - Sync 1 DAGs
[2024-11-26T14:49:09.710-0600] {logging_mixin.py:190} INFO - [2024-11-26T14:49:09.710-0600] {dag.py:4180} INFO - Setting next_dagrun for example_short_circuit_operator to None, run_after=None
[2024-11-26T14:49:09.716-0600] {processor.py:208} INFO - Processing /Users/beprathap/PycharmProjects/YouTube-airflow/airflow-venv/lib/python3.8/site-packages/airflow/example_dags/example_short_circuit_operator.py took 0.056 seconds
[2024-11-26T15:01:36.940-0600] {processor.py:186} INFO - Started process (PID=21365) to work on /Library/Frameworks/Python.framework/Versions/3.8/lib/python3.8/site-packages/airflow/example_dags/example_short_circuit_operator.py
[2024-11-26T15:01:36.940-0600] {processor.py:914} INFO - Processing file /Library/Frameworks/Python.framework/Versions/3.8/lib/python3.8/site-packages/airflow/example_dags/example_short_circuit_operator.py for tasks to queue
[2024-11-26T15:01:36.941-0600] {logging_mixin.py:190} INFO - [2024-11-26T15:01:36.941-0600] {dagbag.py:588} INFO - Filling up the DagBag from /Library/Frameworks/Python.framework/Versions/3.8/lib/python3.8/site-packages/airflow/example_dags/example_short_circuit_operator.py
[2024-11-26T15:01:36.949-0600] {processor.py:925} INFO - DAG(s) 'example_short_circuit_operator' retrieved from /Library/Frameworks/Python.framework/Versions/3.8/lib/python3.8/site-packages/airflow/example_dags/example_short_circuit_operator.py
[2024-11-26T15:01:37.013-0600] {logging_mixin.py:190} INFO - [2024-11-26T15:01:37.012-0600] {dag.py:3239} INFO - Sync 1 DAGs
[2024-11-26T15:01:37.016-0600] {logging_mixin.py:190} INFO - [2024-11-26T15:01:37.016-0600] {dag.py:4180} INFO - Setting next_dagrun for example_short_circuit_operator to None, run_after=None
[2024-11-26T15:01:37.022-0600] {processor.py:208} INFO - Processing /Library/Frameworks/Python.framework/Versions/3.8/lib/python3.8/site-packages/airflow/example_dags/example_short_circuit_operator.py took 0.084 seconds
[2024-11-26T15:03:19.804-0600] {processor.py:186} INFO - Started process (PID=21561) to work on /Library/Frameworks/Python.framework/Versions/3.8/lib/python3.8/site-packages/airflow/example_dags/example_short_circuit_operator.py
[2024-11-26T15:03:19.804-0600] {processor.py:914} INFO - Processing file /Library/Frameworks/Python.framework/Versions/3.8/lib/python3.8/site-packages/airflow/example_dags/example_short_circuit_operator.py for tasks to queue
[2024-11-26T15:03:19.804-0600] {logging_mixin.py:190} INFO - [2024-11-26T15:03:19.804-0600] {dagbag.py:588} INFO - Filling up the DagBag from /Library/Frameworks/Python.framework/Versions/3.8/lib/python3.8/site-packages/airflow/example_dags/example_short_circuit_operator.py
[2024-11-26T15:03:19.812-0600] {processor.py:925} INFO - DAG(s) 'example_short_circuit_operator' retrieved from /Library/Frameworks/Python.framework/Versions/3.8/lib/python3.8/site-packages/airflow/example_dags/example_short_circuit_operator.py
[2024-11-26T15:03:19.847-0600] {logging_mixin.py:190} INFO - [2024-11-26T15:03:19.847-0600] {dag.py:3239} INFO - Sync 1 DAGs
[2024-11-26T15:03:19.850-0600] {logging_mixin.py:190} INFO - [2024-11-26T15:03:19.850-0600] {dag.py:4180} INFO - Setting next_dagrun for example_short_circuit_operator to None, run_after=None
[2024-11-26T15:03:19.855-0600] {processor.py:208} INFO - Processing /Library/Frameworks/Python.framework/Versions/3.8/lib/python3.8/site-packages/airflow/example_dags/example_short_circuit_operator.py took 0.053 seconds
[2024-11-26T15:04:30.174-0600] {processor.py:186} INFO - Started process (PID=21685) to work on /Library/Frameworks/Python.framework/Versions/3.8/lib/python3.8/site-packages/airflow/example_dags/example_short_circuit_operator.py
[2024-11-26T15:04:30.174-0600] {processor.py:914} INFO - Processing file /Library/Frameworks/Python.framework/Versions/3.8/lib/python3.8/site-packages/airflow/example_dags/example_short_circuit_operator.py for tasks to queue
[2024-11-26T15:04:30.175-0600] {logging_mixin.py:190} INFO - [2024-11-26T15:04:30.174-0600] {dagbag.py:588} INFO - Filling up the DagBag from /Library/Frameworks/Python.framework/Versions/3.8/lib/python3.8/site-packages/airflow/example_dags/example_short_circuit_operator.py
[2024-11-26T15:04:30.183-0600] {processor.py:925} INFO - DAG(s) 'example_short_circuit_operator' retrieved from /Library/Frameworks/Python.framework/Versions/3.8/lib/python3.8/site-packages/airflow/example_dags/example_short_circuit_operator.py
[2024-11-26T15:04:30.217-0600] {logging_mixin.py:190} INFO - [2024-11-26T15:04:30.217-0600] {dag.py:3239} INFO - Sync 1 DAGs
[2024-11-26T15:04:30.221-0600] {logging_mixin.py:190} INFO - [2024-11-26T15:04:30.221-0600] {dag.py:4180} INFO - Setting next_dagrun for example_short_circuit_operator to None, run_after=None
[2024-11-26T15:04:30.226-0600] {processor.py:208} INFO - Processing /Library/Frameworks/Python.framework/Versions/3.8/lib/python3.8/site-packages/airflow/example_dags/example_short_circuit_operator.py took 0.053 seconds
[2024-11-26T15:06:50.349-0600] {processor.py:186} INFO - Started process (PID=21936) to work on /Library/Frameworks/Python.framework/Versions/3.8/lib/python3.8/site-packages/airflow/example_dags/example_short_circuit_operator.py
[2024-11-26T15:06:50.349-0600] {processor.py:914} INFO - Processing file /Library/Frameworks/Python.framework/Versions/3.8/lib/python3.8/site-packages/airflow/example_dags/example_short_circuit_operator.py for tasks to queue
[2024-11-26T15:06:50.349-0600] {logging_mixin.py:190} INFO - [2024-11-26T15:06:50.349-0600] {dagbag.py:588} INFO - Filling up the DagBag from /Library/Frameworks/Python.framework/Versions/3.8/lib/python3.8/site-packages/airflow/example_dags/example_short_circuit_operator.py
[2024-11-26T15:06:50.358-0600] {processor.py:925} INFO - DAG(s) 'example_short_circuit_operator' retrieved from /Library/Frameworks/Python.framework/Versions/3.8/lib/python3.8/site-packages/airflow/example_dags/example_short_circuit_operator.py
[2024-11-26T15:06:50.396-0600] {logging_mixin.py:190} INFO - [2024-11-26T15:06:50.396-0600] {dag.py:3239} INFO - Sync 1 DAGs
[2024-11-26T15:06:50.400-0600] {logging_mixin.py:190} INFO - [2024-11-26T15:06:50.400-0600] {dag.py:4180} INFO - Setting next_dagrun for example_short_circuit_operator to None, run_after=None
[2024-11-26T15:06:50.405-0600] {processor.py:208} INFO - Processing /Library/Frameworks/Python.framework/Versions/3.8/lib/python3.8/site-packages/airflow/example_dags/example_short_circuit_operator.py took 0.057 seconds
[2024-11-26T15:08:01.665-0600] {processor.py:186} INFO - Started process (PID=22111) to work on /Library/Frameworks/Python.framework/Versions/3.8/lib/python3.8/site-packages/airflow/example_dags/example_short_circuit_operator.py
[2024-11-26T15:08:01.665-0600] {processor.py:914} INFO - Processing file /Library/Frameworks/Python.framework/Versions/3.8/lib/python3.8/site-packages/airflow/example_dags/example_short_circuit_operator.py for tasks to queue
[2024-11-26T15:08:01.666-0600] {logging_mixin.py:190} INFO - [2024-11-26T15:08:01.666-0600] {dagbag.py:588} INFO - Filling up the DagBag from /Library/Frameworks/Python.framework/Versions/3.8/lib/python3.8/site-packages/airflow/example_dags/example_short_circuit_operator.py
[2024-11-26T15:08:01.674-0600] {processor.py:925} INFO - DAG(s) 'example_short_circuit_operator' retrieved from /Library/Frameworks/Python.framework/Versions/3.8/lib/python3.8/site-packages/airflow/example_dags/example_short_circuit_operator.py
[2024-11-26T15:08:01.709-0600] {logging_mixin.py:190} INFO - [2024-11-26T15:08:01.709-0600] {dag.py:3239} INFO - Sync 1 DAGs
[2024-11-26T15:08:01.713-0600] {logging_mixin.py:190} INFO - [2024-11-26T15:08:01.713-0600] {dag.py:4180} INFO - Setting next_dagrun for example_short_circuit_operator to None, run_after=None
[2024-11-26T15:08:01.718-0600] {processor.py:208} INFO - Processing /Library/Frameworks/Python.framework/Versions/3.8/lib/python3.8/site-packages/airflow/example_dags/example_short_circuit_operator.py took 0.054 seconds
[2024-11-26T15:16:37.932-0600] {processor.py:186} INFO - Started process (PID=22369) to work on /Library/Frameworks/Python.framework/Versions/3.8/lib/python3.8/site-packages/airflow/example_dags/example_short_circuit_operator.py
[2024-11-26T15:16:37.932-0600] {processor.py:914} INFO - Processing file /Library/Frameworks/Python.framework/Versions/3.8/lib/python3.8/site-packages/airflow/example_dags/example_short_circuit_operator.py for tasks to queue
[2024-11-26T15:16:37.933-0600] {logging_mixin.py:190} INFO - [2024-11-26T15:16:37.933-0600] {dagbag.py:588} INFO - Filling up the DagBag from /Library/Frameworks/Python.framework/Versions/3.8/lib/python3.8/site-packages/airflow/example_dags/example_short_circuit_operator.py
[2024-11-26T15:16:37.942-0600] {processor.py:925} INFO - DAG(s) 'example_short_circuit_operator' retrieved from /Library/Frameworks/Python.framework/Versions/3.8/lib/python3.8/site-packages/airflow/example_dags/example_short_circuit_operator.py
[2024-11-26T15:16:37.976-0600] {logging_mixin.py:190} INFO - [2024-11-26T15:16:37.976-0600] {dag.py:3239} INFO - Sync 1 DAGs
[2024-11-26T15:16:37.979-0600] {logging_mixin.py:190} INFO - [2024-11-26T15:16:37.979-0600] {dag.py:4180} INFO - Setting next_dagrun for example_short_circuit_operator to None, run_after=None
[2024-11-26T15:16:37.984-0600] {processor.py:208} INFO - Processing /Library/Frameworks/Python.framework/Versions/3.8/lib/python3.8/site-packages/airflow/example_dags/example_short_circuit_operator.py took 0.054 seconds
[2024-11-26T15:18:13.431-0600] {processor.py:186} INFO - Started process (PID=22565) to work on /Library/Frameworks/Python.framework/Versions/3.8/lib/python3.8/site-packages/airflow/example_dags/example_short_circuit_operator.py
[2024-11-26T15:18:13.432-0600] {processor.py:914} INFO - Processing file /Library/Frameworks/Python.framework/Versions/3.8/lib/python3.8/site-packages/airflow/example_dags/example_short_circuit_operator.py for tasks to queue
[2024-11-26T15:18:13.432-0600] {logging_mixin.py:190} INFO - [2024-11-26T15:18:13.432-0600] {dagbag.py:588} INFO - Filling up the DagBag from /Library/Frameworks/Python.framework/Versions/3.8/lib/python3.8/site-packages/airflow/example_dags/example_short_circuit_operator.py
[2024-11-26T15:18:13.440-0600] {processor.py:925} INFO - DAG(s) 'example_short_circuit_operator' retrieved from /Library/Frameworks/Python.framework/Versions/3.8/lib/python3.8/site-packages/airflow/example_dags/example_short_circuit_operator.py
[2024-11-26T15:18:13.475-0600] {logging_mixin.py:190} INFO - [2024-11-26T15:18:13.475-0600] {dag.py:3239} INFO - Sync 1 DAGs
[2024-11-26T15:18:13.479-0600] {logging_mixin.py:190} INFO - [2024-11-26T15:18:13.479-0600] {dag.py:4180} INFO - Setting next_dagrun for example_short_circuit_operator to None, run_after=None
[2024-11-26T15:18:13.484-0600] {processor.py:208} INFO - Processing /Library/Frameworks/Python.framework/Versions/3.8/lib/python3.8/site-packages/airflow/example_dags/example_short_circuit_operator.py took 0.054 seconds
[2024-11-26T15:20:31.429-0600] {processor.py:186} INFO - Started process (PID=22826) to work on /Library/Frameworks/Python.framework/Versions/3.8/lib/python3.8/site-packages/airflow/example_dags/example_short_circuit_operator.py
[2024-11-26T15:20:31.430-0600] {processor.py:914} INFO - Processing file /Library/Frameworks/Python.framework/Versions/3.8/lib/python3.8/site-packages/airflow/example_dags/example_short_circuit_operator.py for tasks to queue
[2024-11-26T15:20:31.430-0600] {logging_mixin.py:190} INFO - [2024-11-26T15:20:31.430-0600] {dagbag.py:588} INFO - Filling up the DagBag from /Library/Frameworks/Python.framework/Versions/3.8/lib/python3.8/site-packages/airflow/example_dags/example_short_circuit_operator.py
[2024-11-26T15:20:31.439-0600] {processor.py:925} INFO - DAG(s) 'example_short_circuit_operator' retrieved from /Library/Frameworks/Python.framework/Versions/3.8/lib/python3.8/site-packages/airflow/example_dags/example_short_circuit_operator.py
[2024-11-26T15:20:31.478-0600] {logging_mixin.py:190} INFO - [2024-11-26T15:20:31.478-0600] {dag.py:3239} INFO - Sync 1 DAGs
[2024-11-26T15:20:31.482-0600] {logging_mixin.py:190} INFO - [2024-11-26T15:20:31.482-0600] {dag.py:4180} INFO - Setting next_dagrun for example_short_circuit_operator to None, run_after=None
[2024-11-26T15:20:31.489-0600] {processor.py:208} INFO - Processing /Library/Frameworks/Python.framework/Versions/3.8/lib/python3.8/site-packages/airflow/example_dags/example_short_circuit_operator.py took 0.061 seconds
[2024-11-26T15:22:43.257-0600] {processor.py:186} INFO - Started process (PID=23093) to work on /Library/Frameworks/Python.framework/Versions/3.8/lib/python3.8/site-packages/airflow/example_dags/example_short_circuit_operator.py
[2024-11-26T15:22:43.258-0600] {processor.py:914} INFO - Processing file /Library/Frameworks/Python.framework/Versions/3.8/lib/python3.8/site-packages/airflow/example_dags/example_short_circuit_operator.py for tasks to queue
[2024-11-26T15:22:43.258-0600] {logging_mixin.py:190} INFO - [2024-11-26T15:22:43.258-0600] {dagbag.py:588} INFO - Filling up the DagBag from /Library/Frameworks/Python.framework/Versions/3.8/lib/python3.8/site-packages/airflow/example_dags/example_short_circuit_operator.py
[2024-11-26T15:22:43.267-0600] {processor.py:925} INFO - DAG(s) 'example_short_circuit_operator' retrieved from /Library/Frameworks/Python.framework/Versions/3.8/lib/python3.8/site-packages/airflow/example_dags/example_short_circuit_operator.py
[2024-11-26T15:22:43.302-0600] {logging_mixin.py:190} INFO - [2024-11-26T15:22:43.302-0600] {dag.py:3239} INFO - Sync 1 DAGs
[2024-11-26T15:22:43.306-0600] {logging_mixin.py:190} INFO - [2024-11-26T15:22:43.306-0600] {dag.py:4180} INFO - Setting next_dagrun for example_short_circuit_operator to None, run_after=None
[2024-11-26T15:22:43.311-0600] {processor.py:208} INFO - Processing /Library/Frameworks/Python.framework/Versions/3.8/lib/python3.8/site-packages/airflow/example_dags/example_short_circuit_operator.py took 0.055 seconds
[2024-11-26T15:33:31.529-0600] {processor.py:186} INFO - Started process (PID=23475) to work on /Library/Frameworks/Python.framework/Versions/3.8/lib/python3.8/site-packages/airflow/example_dags/example_short_circuit_operator.py
[2024-11-26T15:33:31.530-0600] {processor.py:914} INFO - Processing file /Library/Frameworks/Python.framework/Versions/3.8/lib/python3.8/site-packages/airflow/example_dags/example_short_circuit_operator.py for tasks to queue
[2024-11-26T15:33:31.531-0600] {logging_mixin.py:190} INFO - [2024-11-26T15:33:31.531-0600] {dagbag.py:588} INFO - Filling up the DagBag from /Library/Frameworks/Python.framework/Versions/3.8/lib/python3.8/site-packages/airflow/example_dags/example_short_circuit_operator.py
[2024-11-26T15:33:31.539-0600] {processor.py:925} INFO - DAG(s) 'example_short_circuit_operator' retrieved from /Library/Frameworks/Python.framework/Versions/3.8/lib/python3.8/site-packages/airflow/example_dags/example_short_circuit_operator.py
[2024-11-26T15:33:31.573-0600] {logging_mixin.py:190} INFO - [2024-11-26T15:33:31.573-0600] {dag.py:3239} INFO - Sync 1 DAGs
[2024-11-26T15:33:31.576-0600] {logging_mixin.py:190} INFO - [2024-11-26T15:33:31.576-0600] {dag.py:4180} INFO - Setting next_dagrun for example_short_circuit_operator to None, run_after=None
[2024-11-26T15:33:31.582-0600] {processor.py:208} INFO - Processing /Library/Frameworks/Python.framework/Versions/3.8/lib/python3.8/site-packages/airflow/example_dags/example_short_circuit_operator.py took 0.054 seconds
[2024-11-26T15:35:10.581-0600] {processor.py:186} INFO - Started process (PID=23666) to work on /Library/Frameworks/Python.framework/Versions/3.8/lib/python3.8/site-packages/airflow/example_dags/example_short_circuit_operator.py
[2024-11-26T15:35:10.581-0600] {processor.py:914} INFO - Processing file /Library/Frameworks/Python.framework/Versions/3.8/lib/python3.8/site-packages/airflow/example_dags/example_short_circuit_operator.py for tasks to queue
[2024-11-26T15:35:10.581-0600] {logging_mixin.py:190} INFO - [2024-11-26T15:35:10.581-0600] {dagbag.py:588} INFO - Filling up the DagBag from /Library/Frameworks/Python.framework/Versions/3.8/lib/python3.8/site-packages/airflow/example_dags/example_short_circuit_operator.py
[2024-11-26T15:35:10.590-0600] {processor.py:925} INFO - DAG(s) 'example_short_circuit_operator' retrieved from /Library/Frameworks/Python.framework/Versions/3.8/lib/python3.8/site-packages/airflow/example_dags/example_short_circuit_operator.py
[2024-11-26T15:35:10.626-0600] {logging_mixin.py:190} INFO - [2024-11-26T15:35:10.626-0600] {dag.py:3239} INFO - Sync 1 DAGs
[2024-11-26T15:35:10.630-0600] {logging_mixin.py:190} INFO - [2024-11-26T15:35:10.630-0600] {dag.py:4180} INFO - Setting next_dagrun for example_short_circuit_operator to None, run_after=None
[2024-11-26T15:35:10.635-0600] {processor.py:208} INFO - Processing /Library/Frameworks/Python.framework/Versions/3.8/lib/python3.8/site-packages/airflow/example_dags/example_short_circuit_operator.py took 0.056 seconds
[2024-11-26T15:37:26.709-0600] {processor.py:186} INFO - Started process (PID=23925) to work on /Library/Frameworks/Python.framework/Versions/3.8/lib/python3.8/site-packages/airflow/example_dags/example_short_circuit_operator.py
[2024-11-26T15:37:26.710-0600] {processor.py:914} INFO - Processing file /Library/Frameworks/Python.framework/Versions/3.8/lib/python3.8/site-packages/airflow/example_dags/example_short_circuit_operator.py for tasks to queue
[2024-11-26T15:37:26.710-0600] {logging_mixin.py:190} INFO - [2024-11-26T15:37:26.710-0600] {dagbag.py:588} INFO - Filling up the DagBag from /Library/Frameworks/Python.framework/Versions/3.8/lib/python3.8/site-packages/airflow/example_dags/example_short_circuit_operator.py
[2024-11-26T15:37:26.720-0600] {processor.py:925} INFO - DAG(s) 'example_short_circuit_operator' retrieved from /Library/Frameworks/Python.framework/Versions/3.8/lib/python3.8/site-packages/airflow/example_dags/example_short_circuit_operator.py
[2024-11-26T15:37:26.758-0600] {logging_mixin.py:190} INFO - [2024-11-26T15:37:26.758-0600] {dag.py:3239} INFO - Sync 1 DAGs
[2024-11-26T15:37:26.762-0600] {logging_mixin.py:190} INFO - [2024-11-26T15:37:26.762-0600] {dag.py:4180} INFO - Setting next_dagrun for example_short_circuit_operator to None, run_after=None
[2024-11-26T15:37:26.768-0600] {processor.py:208} INFO - Processing /Library/Frameworks/Python.framework/Versions/3.8/lib/python3.8/site-packages/airflow/example_dags/example_short_circuit_operator.py took 0.059 seconds
[2024-11-26T15:39:39.017-0600] {processor.py:186} INFO - Started process (PID=24175) to work on /Library/Frameworks/Python.framework/Versions/3.8/lib/python3.8/site-packages/airflow/example_dags/example_short_circuit_operator.py
[2024-11-26T15:39:39.018-0600] {processor.py:914} INFO - Processing file /Library/Frameworks/Python.framework/Versions/3.8/lib/python3.8/site-packages/airflow/example_dags/example_short_circuit_operator.py for tasks to queue
[2024-11-26T15:39:39.018-0600] {logging_mixin.py:190} INFO - [2024-11-26T15:39:39.018-0600] {dagbag.py:588} INFO - Filling up the DagBag from /Library/Frameworks/Python.framework/Versions/3.8/lib/python3.8/site-packages/airflow/example_dags/example_short_circuit_operator.py
[2024-11-26T15:39:39.027-0600] {processor.py:925} INFO - DAG(s) 'example_short_circuit_operator' retrieved from /Library/Frameworks/Python.framework/Versions/3.8/lib/python3.8/site-packages/airflow/example_dags/example_short_circuit_operator.py
[2024-11-26T15:39:39.063-0600] {logging_mixin.py:190} INFO - [2024-11-26T15:39:39.063-0600] {dag.py:3239} INFO - Sync 1 DAGs
[2024-11-26T15:39:39.066-0600] {logging_mixin.py:190} INFO - [2024-11-26T15:39:39.066-0600] {dag.py:4180} INFO - Setting next_dagrun for example_short_circuit_operator to None, run_after=None
[2024-11-26T15:39:39.072-0600] {processor.py:208} INFO - Processing /Library/Frameworks/Python.framework/Versions/3.8/lib/python3.8/site-packages/airflow/example_dags/example_short_circuit_operator.py took 0.056 seconds
[2024-11-26T15:41:55.832-0600] {processor.py:186} INFO - Started process (PID=24430) to work on /Library/Frameworks/Python.framework/Versions/3.8/lib/python3.8/site-packages/airflow/example_dags/example_short_circuit_operator.py
[2024-11-26T15:41:55.832-0600] {processor.py:914} INFO - Processing file /Library/Frameworks/Python.framework/Versions/3.8/lib/python3.8/site-packages/airflow/example_dags/example_short_circuit_operator.py for tasks to queue
[2024-11-26T15:41:55.833-0600] {logging_mixin.py:190} INFO - [2024-11-26T15:41:55.833-0600] {dagbag.py:588} INFO - Filling up the DagBag from /Library/Frameworks/Python.framework/Versions/3.8/lib/python3.8/site-packages/airflow/example_dags/example_short_circuit_operator.py
[2024-11-26T15:41:55.843-0600] {processor.py:925} INFO - DAG(s) 'example_short_circuit_operator' retrieved from /Library/Frameworks/Python.framework/Versions/3.8/lib/python3.8/site-packages/airflow/example_dags/example_short_circuit_operator.py
[2024-11-26T15:41:55.880-0600] {logging_mixin.py:190} INFO - [2024-11-26T15:41:55.880-0600] {dag.py:3239} INFO - Sync 1 DAGs
[2024-11-26T15:41:55.883-0600] {logging_mixin.py:190} INFO - [2024-11-26T15:41:55.883-0600] {dag.py:4180} INFO - Setting next_dagrun for example_short_circuit_operator to None, run_after=None
[2024-11-26T15:41:55.889-0600] {processor.py:208} INFO - Processing /Library/Frameworks/Python.framework/Versions/3.8/lib/python3.8/site-packages/airflow/example_dags/example_short_circuit_operator.py took 0.058 seconds
[2024-11-26T15:43:03.304-0600] {processor.py:186} INFO - Started process (PID=24556) to work on /Library/Frameworks/Python.framework/Versions/3.8/lib/python3.8/site-packages/airflow/example_dags/example_short_circuit_operator.py
[2024-11-26T15:43:03.305-0600] {processor.py:914} INFO - Processing file /Library/Frameworks/Python.framework/Versions/3.8/lib/python3.8/site-packages/airflow/example_dags/example_short_circuit_operator.py for tasks to queue
[2024-11-26T15:43:03.305-0600] {logging_mixin.py:190} INFO - [2024-11-26T15:43:03.305-0600] {dagbag.py:588} INFO - Filling up the DagBag from /Library/Frameworks/Python.framework/Versions/3.8/lib/python3.8/site-packages/airflow/example_dags/example_short_circuit_operator.py
[2024-11-26T15:43:03.314-0600] {processor.py:925} INFO - DAG(s) 'example_short_circuit_operator' retrieved from /Library/Frameworks/Python.framework/Versions/3.8/lib/python3.8/site-packages/airflow/example_dags/example_short_circuit_operator.py
[2024-11-26T15:43:03.350-0600] {logging_mixin.py:190} INFO - [2024-11-26T15:43:03.350-0600] {dag.py:3239} INFO - Sync 1 DAGs
[2024-11-26T15:43:03.354-0600] {logging_mixin.py:190} INFO - [2024-11-26T15:43:03.354-0600] {dag.py:4180} INFO - Setting next_dagrun for example_short_circuit_operator to None, run_after=None
[2024-11-26T15:43:03.359-0600] {processor.py:208} INFO - Processing /Library/Frameworks/Python.framework/Versions/3.8/lib/python3.8/site-packages/airflow/example_dags/example_short_circuit_operator.py took 0.056 seconds
[2024-11-26T15:44:12.688-0600] {processor.py:186} INFO - Started process (PID=24685) to work on /Library/Frameworks/Python.framework/Versions/3.8/lib/python3.8/site-packages/airflow/example_dags/example_short_circuit_operator.py
[2024-11-26T15:44:12.689-0600] {processor.py:914} INFO - Processing file /Library/Frameworks/Python.framework/Versions/3.8/lib/python3.8/site-packages/airflow/example_dags/example_short_circuit_operator.py for tasks to queue
[2024-11-26T15:44:12.689-0600] {logging_mixin.py:190} INFO - [2024-11-26T15:44:12.689-0600] {dagbag.py:588} INFO - Filling up the DagBag from /Library/Frameworks/Python.framework/Versions/3.8/lib/python3.8/site-packages/airflow/example_dags/example_short_circuit_operator.py
[2024-11-26T15:44:12.697-0600] {processor.py:925} INFO - DAG(s) 'example_short_circuit_operator' retrieved from /Library/Frameworks/Python.framework/Versions/3.8/lib/python3.8/site-packages/airflow/example_dags/example_short_circuit_operator.py
[2024-11-26T15:44:12.734-0600] {logging_mixin.py:190} INFO - [2024-11-26T15:44:12.734-0600] {dag.py:3239} INFO - Sync 1 DAGs
[2024-11-26T15:44:12.738-0600] {logging_mixin.py:190} INFO - [2024-11-26T15:44:12.738-0600] {dag.py:4180} INFO - Setting next_dagrun for example_short_circuit_operator to None, run_after=None
[2024-11-26T15:44:12.743-0600] {processor.py:208} INFO - Processing /Library/Frameworks/Python.framework/Versions/3.8/lib/python3.8/site-packages/airflow/example_dags/example_short_circuit_operator.py took 0.056 seconds
[2024-11-26T15:46:29.174-0600] {processor.py:186} INFO - Started process (PID=24934) to work on /Library/Frameworks/Python.framework/Versions/3.8/lib/python3.8/site-packages/airflow/example_dags/example_short_circuit_operator.py
[2024-11-26T15:46:29.175-0600] {processor.py:914} INFO - Processing file /Library/Frameworks/Python.framework/Versions/3.8/lib/python3.8/site-packages/airflow/example_dags/example_short_circuit_operator.py for tasks to queue
[2024-11-26T15:46:29.175-0600] {logging_mixin.py:190} INFO - [2024-11-26T15:46:29.175-0600] {dagbag.py:588} INFO - Filling up the DagBag from /Library/Frameworks/Python.framework/Versions/3.8/lib/python3.8/site-packages/airflow/example_dags/example_short_circuit_operator.py
[2024-11-26T15:46:29.184-0600] {processor.py:925} INFO - DAG(s) 'example_short_circuit_operator' retrieved from /Library/Frameworks/Python.framework/Versions/3.8/lib/python3.8/site-packages/airflow/example_dags/example_short_circuit_operator.py
[2024-11-26T15:46:29.220-0600] {logging_mixin.py:190} INFO - [2024-11-26T15:46:29.220-0600] {dag.py:3239} INFO - Sync 1 DAGs
[2024-11-26T15:46:29.224-0600] {logging_mixin.py:190} INFO - [2024-11-26T15:46:29.224-0600] {dag.py:4180} INFO - Setting next_dagrun for example_short_circuit_operator to None, run_after=None
[2024-11-26T15:46:29.229-0600] {processor.py:208} INFO - Processing /Library/Frameworks/Python.framework/Versions/3.8/lib/python3.8/site-packages/airflow/example_dags/example_short_circuit_operator.py took 0.056 seconds
[2024-11-26T15:48:40.542-0600] {processor.py:186} INFO - Started process (PID=25189) to work on /Library/Frameworks/Python.framework/Versions/3.8/lib/python3.8/site-packages/airflow/example_dags/example_short_circuit_operator.py
[2024-11-26T15:48:40.543-0600] {processor.py:914} INFO - Processing file /Library/Frameworks/Python.framework/Versions/3.8/lib/python3.8/site-packages/airflow/example_dags/example_short_circuit_operator.py for tasks to queue
[2024-11-26T15:48:40.544-0600] {logging_mixin.py:190} INFO - [2024-11-26T15:48:40.544-0600] {dagbag.py:588} INFO - Filling up the DagBag from /Library/Frameworks/Python.framework/Versions/3.8/lib/python3.8/site-packages/airflow/example_dags/example_short_circuit_operator.py
[2024-11-26T15:48:40.552-0600] {processor.py:925} INFO - DAG(s) 'example_short_circuit_operator' retrieved from /Library/Frameworks/Python.framework/Versions/3.8/lib/python3.8/site-packages/airflow/example_dags/example_short_circuit_operator.py
[2024-11-26T15:48:40.587-0600] {logging_mixin.py:190} INFO - [2024-11-26T15:48:40.587-0600] {dag.py:3239} INFO - Sync 1 DAGs
[2024-11-26T15:48:40.591-0600] {logging_mixin.py:190} INFO - [2024-11-26T15:48:40.591-0600] {dag.py:4180} INFO - Setting next_dagrun for example_short_circuit_operator to None, run_after=None
[2024-11-26T15:48:40.596-0600] {processor.py:208} INFO - Processing /Library/Frameworks/Python.framework/Versions/3.8/lib/python3.8/site-packages/airflow/example_dags/example_short_circuit_operator.py took 0.055 seconds
[2024-11-26T15:50:53.981-0600] {processor.py:186} INFO - Started process (PID=25451) to work on /Library/Frameworks/Python.framework/Versions/3.8/lib/python3.8/site-packages/airflow/example_dags/example_short_circuit_operator.py
[2024-11-26T15:50:53.981-0600] {processor.py:914} INFO - Processing file /Library/Frameworks/Python.framework/Versions/3.8/lib/python3.8/site-packages/airflow/example_dags/example_short_circuit_operator.py for tasks to queue
[2024-11-26T15:50:53.981-0600] {logging_mixin.py:190} INFO - [2024-11-26T15:50:53.981-0600] {dagbag.py:588} INFO - Filling up the DagBag from /Library/Frameworks/Python.framework/Versions/3.8/lib/python3.8/site-packages/airflow/example_dags/example_short_circuit_operator.py
[2024-11-26T15:50:53.991-0600] {processor.py:925} INFO - DAG(s) 'example_short_circuit_operator' retrieved from /Library/Frameworks/Python.framework/Versions/3.8/lib/python3.8/site-packages/airflow/example_dags/example_short_circuit_operator.py
[2024-11-26T15:50:54.028-0600] {logging_mixin.py:190} INFO - [2024-11-26T15:50:54.028-0600] {dag.py:3239} INFO - Sync 1 DAGs
[2024-11-26T15:50:54.031-0600] {logging_mixin.py:190} INFO - [2024-11-26T15:50:54.031-0600] {dag.py:4180} INFO - Setting next_dagrun for example_short_circuit_operator to None, run_after=None
[2024-11-26T15:50:54.037-0600] {processor.py:208} INFO - Processing /Library/Frameworks/Python.framework/Versions/3.8/lib/python3.8/site-packages/airflow/example_dags/example_short_circuit_operator.py took 0.057 seconds
[2024-11-26T15:53:07.676-0600] {processor.py:186} INFO - Started process (PID=25704) to work on /Library/Frameworks/Python.framework/Versions/3.8/lib/python3.8/site-packages/airflow/example_dags/example_short_circuit_operator.py
[2024-11-26T15:53:07.676-0600] {processor.py:914} INFO - Processing file /Library/Frameworks/Python.framework/Versions/3.8/lib/python3.8/site-packages/airflow/example_dags/example_short_circuit_operator.py for tasks to queue
[2024-11-26T15:53:07.677-0600] {logging_mixin.py:190} INFO - [2024-11-26T15:53:07.677-0600] {dagbag.py:588} INFO - Filling up the DagBag from /Library/Frameworks/Python.framework/Versions/3.8/lib/python3.8/site-packages/airflow/example_dags/example_short_circuit_operator.py
[2024-11-26T15:53:07.685-0600] {processor.py:925} INFO - DAG(s) 'example_short_circuit_operator' retrieved from /Library/Frameworks/Python.framework/Versions/3.8/lib/python3.8/site-packages/airflow/example_dags/example_short_circuit_operator.py
[2024-11-26T15:53:07.720-0600] {logging_mixin.py:190} INFO - [2024-11-26T15:53:07.720-0600] {dag.py:3239} INFO - Sync 1 DAGs
[2024-11-26T15:53:07.724-0600] {logging_mixin.py:190} INFO - [2024-11-26T15:53:07.724-0600] {dag.py:4180} INFO - Setting next_dagrun for example_short_circuit_operator to None, run_after=None
[2024-11-26T15:53:07.729-0600] {processor.py:208} INFO - Processing /Library/Frameworks/Python.framework/Versions/3.8/lib/python3.8/site-packages/airflow/example_dags/example_short_circuit_operator.py took 0.055 seconds
[2024-11-26T15:54:22.694-0600] {processor.py:186} INFO - Started process (PID=25835) to work on /Library/Frameworks/Python.framework/Versions/3.8/lib/python3.8/site-packages/airflow/example_dags/example_short_circuit_operator.py
[2024-11-26T15:54:22.695-0600] {processor.py:914} INFO - Processing file /Library/Frameworks/Python.framework/Versions/3.8/lib/python3.8/site-packages/airflow/example_dags/example_short_circuit_operator.py for tasks to queue
[2024-11-26T15:54:22.695-0600] {logging_mixin.py:190} INFO - [2024-11-26T15:54:22.695-0600] {dagbag.py:588} INFO - Filling up the DagBag from /Library/Frameworks/Python.framework/Versions/3.8/lib/python3.8/site-packages/airflow/example_dags/example_short_circuit_operator.py
[2024-11-26T15:54:22.704-0600] {processor.py:925} INFO - DAG(s) 'example_short_circuit_operator' retrieved from /Library/Frameworks/Python.framework/Versions/3.8/lib/python3.8/site-packages/airflow/example_dags/example_short_circuit_operator.py
[2024-11-26T15:54:22.739-0600] {logging_mixin.py:190} INFO - [2024-11-26T15:54:22.739-0600] {dag.py:3239} INFO - Sync 1 DAGs
[2024-11-26T15:54:22.743-0600] {logging_mixin.py:190} INFO - [2024-11-26T15:54:22.743-0600] {dag.py:4180} INFO - Setting next_dagrun for example_short_circuit_operator to None, run_after=None
[2024-11-26T15:54:22.749-0600] {processor.py:208} INFO - Processing /Library/Frameworks/Python.framework/Versions/3.8/lib/python3.8/site-packages/airflow/example_dags/example_short_circuit_operator.py took 0.056 seconds
[2024-11-26T15:55:32.694-0600] {processor.py:186} INFO - Started process (PID=25974) to work on /Library/Frameworks/Python.framework/Versions/3.8/lib/python3.8/site-packages/airflow/example_dags/example_short_circuit_operator.py
[2024-11-26T15:55:32.695-0600] {processor.py:914} INFO - Processing file /Library/Frameworks/Python.framework/Versions/3.8/lib/python3.8/site-packages/airflow/example_dags/example_short_circuit_operator.py for tasks to queue
[2024-11-26T15:55:32.696-0600] {logging_mixin.py:190} INFO - [2024-11-26T15:55:32.696-0600] {dagbag.py:588} INFO - Filling up the DagBag from /Library/Frameworks/Python.framework/Versions/3.8/lib/python3.8/site-packages/airflow/example_dags/example_short_circuit_operator.py
[2024-11-26T15:55:32.705-0600] {processor.py:925} INFO - DAG(s) 'example_short_circuit_operator' retrieved from /Library/Frameworks/Python.framework/Versions/3.8/lib/python3.8/site-packages/airflow/example_dags/example_short_circuit_operator.py
[2024-11-26T15:55:32.741-0600] {logging_mixin.py:190} INFO - [2024-11-26T15:55:32.741-0600] {dag.py:3239} INFO - Sync 1 DAGs
[2024-11-26T15:55:32.745-0600] {logging_mixin.py:190} INFO - [2024-11-26T15:55:32.744-0600] {dag.py:4180} INFO - Setting next_dagrun for example_short_circuit_operator to None, run_after=None
[2024-11-26T15:55:32.750-0600] {processor.py:208} INFO - Processing /Library/Frameworks/Python.framework/Versions/3.8/lib/python3.8/site-packages/airflow/example_dags/example_short_circuit_operator.py took 0.057 seconds
[2024-11-26T15:56:42.016-0600] {processor.py:186} INFO - Started process (PID=26154) to work on /Library/Frameworks/Python.framework/Versions/3.8/lib/python3.8/site-packages/airflow/example_dags/example_short_circuit_operator.py
[2024-11-26T15:56:42.016-0600] {processor.py:914} INFO - Processing file /Library/Frameworks/Python.framework/Versions/3.8/lib/python3.8/site-packages/airflow/example_dags/example_short_circuit_operator.py for tasks to queue
[2024-11-26T15:56:42.017-0600] {logging_mixin.py:190} INFO - [2024-11-26T15:56:42.017-0600] {dagbag.py:588} INFO - Filling up the DagBag from /Library/Frameworks/Python.framework/Versions/3.8/lib/python3.8/site-packages/airflow/example_dags/example_short_circuit_operator.py
[2024-11-26T15:56:42.025-0600] {processor.py:925} INFO - DAG(s) 'example_short_circuit_operator' retrieved from /Library/Frameworks/Python.framework/Versions/3.8/lib/python3.8/site-packages/airflow/example_dags/example_short_circuit_operator.py
[2024-11-26T15:56:42.061-0600] {logging_mixin.py:190} INFO - [2024-11-26T15:56:42.061-0600] {dag.py:3239} INFO - Sync 1 DAGs
[2024-11-26T15:56:42.065-0600] {logging_mixin.py:190} INFO - [2024-11-26T15:56:42.064-0600] {dag.py:4180} INFO - Setting next_dagrun for example_short_circuit_operator to None, run_after=None
[2024-11-26T15:56:42.070-0600] {processor.py:208} INFO - Processing /Library/Frameworks/Python.framework/Versions/3.8/lib/python3.8/site-packages/airflow/example_dags/example_short_circuit_operator.py took 0.055 seconds
[2024-11-26T15:57:53.651-0600] {processor.py:186} INFO - Started process (PID=26277) to work on /Library/Frameworks/Python.framework/Versions/3.8/lib/python3.8/site-packages/airflow/example_dags/example_short_circuit_operator.py
[2024-11-26T15:57:53.652-0600] {processor.py:914} INFO - Processing file /Library/Frameworks/Python.framework/Versions/3.8/lib/python3.8/site-packages/airflow/example_dags/example_short_circuit_operator.py for tasks to queue
[2024-11-26T15:57:53.652-0600] {logging_mixin.py:190} INFO - [2024-11-26T15:57:53.652-0600] {dagbag.py:588} INFO - Filling up the DagBag from /Library/Frameworks/Python.framework/Versions/3.8/lib/python3.8/site-packages/airflow/example_dags/example_short_circuit_operator.py
[2024-11-26T15:57:53.661-0600] {processor.py:925} INFO - DAG(s) 'example_short_circuit_operator' retrieved from /Library/Frameworks/Python.framework/Versions/3.8/lib/python3.8/site-packages/airflow/example_dags/example_short_circuit_operator.py
[2024-11-26T15:57:53.696-0600] {logging_mixin.py:190} INFO - [2024-11-26T15:57:53.696-0600] {dag.py:3239} INFO - Sync 1 DAGs
[2024-11-26T15:57:53.700-0600] {logging_mixin.py:190} INFO - [2024-11-26T15:57:53.700-0600] {dag.py:4180} INFO - Setting next_dagrun for example_short_circuit_operator to None, run_after=None
[2024-11-26T15:57:53.705-0600] {processor.py:208} INFO - Processing /Library/Frameworks/Python.framework/Versions/3.8/lib/python3.8/site-packages/airflow/example_dags/example_short_circuit_operator.py took 0.055 seconds
[2024-11-26T16:00:08.054-0600] {processor.py:186} INFO - Started process (PID=26561) to work on /Library/Frameworks/Python.framework/Versions/3.8/lib/python3.8/site-packages/airflow/example_dags/example_short_circuit_operator.py
[2024-11-26T16:00:08.055-0600] {processor.py:914} INFO - Processing file /Library/Frameworks/Python.framework/Versions/3.8/lib/python3.8/site-packages/airflow/example_dags/example_short_circuit_operator.py for tasks to queue
[2024-11-26T16:00:08.056-0600] {logging_mixin.py:190} INFO - [2024-11-26T16:00:08.056-0600] {dagbag.py:588} INFO - Filling up the DagBag from /Library/Frameworks/Python.framework/Versions/3.8/lib/python3.8/site-packages/airflow/example_dags/example_short_circuit_operator.py
[2024-11-26T16:00:08.064-0600] {processor.py:925} INFO - DAG(s) 'example_short_circuit_operator' retrieved from /Library/Frameworks/Python.framework/Versions/3.8/lib/python3.8/site-packages/airflow/example_dags/example_short_circuit_operator.py
[2024-11-26T16:00:08.099-0600] {logging_mixin.py:190} INFO - [2024-11-26T16:00:08.099-0600] {dag.py:3239} INFO - Sync 1 DAGs
[2024-11-26T16:00:08.103-0600] {logging_mixin.py:190} INFO - [2024-11-26T16:00:08.102-0600] {dag.py:4180} INFO - Setting next_dagrun for example_short_circuit_operator to None, run_after=None
[2024-11-26T16:00:08.108-0600] {processor.py:208} INFO - Processing /Library/Frameworks/Python.framework/Versions/3.8/lib/python3.8/site-packages/airflow/example_dags/example_short_circuit_operator.py took 0.055 seconds
[2024-11-26T16:02:21.135-0600] {processor.py:186} INFO - Started process (PID=26817) to work on /Library/Frameworks/Python.framework/Versions/3.8/lib/python3.8/site-packages/airflow/example_dags/example_short_circuit_operator.py
[2024-11-26T16:02:21.135-0600] {processor.py:914} INFO - Processing file /Library/Frameworks/Python.framework/Versions/3.8/lib/python3.8/site-packages/airflow/example_dags/example_short_circuit_operator.py for tasks to queue
[2024-11-26T16:02:21.135-0600] {logging_mixin.py:190} INFO - [2024-11-26T16:02:21.135-0600] {dagbag.py:588} INFO - Filling up the DagBag from /Library/Frameworks/Python.framework/Versions/3.8/lib/python3.8/site-packages/airflow/example_dags/example_short_circuit_operator.py
[2024-11-26T16:02:21.144-0600] {processor.py:925} INFO - DAG(s) 'example_short_circuit_operator' retrieved from /Library/Frameworks/Python.framework/Versions/3.8/lib/python3.8/site-packages/airflow/example_dags/example_short_circuit_operator.py
[2024-11-26T16:02:21.182-0600] {logging_mixin.py:190} INFO - [2024-11-26T16:02:21.182-0600] {dag.py:3239} INFO - Sync 1 DAGs
[2024-11-26T16:02:21.186-0600] {logging_mixin.py:190} INFO - [2024-11-26T16:02:21.186-0600] {dag.py:4180} INFO - Setting next_dagrun for example_short_circuit_operator to None, run_after=None
[2024-11-26T16:02:21.191-0600] {processor.py:208} INFO - Processing /Library/Frameworks/Python.framework/Versions/3.8/lib/python3.8/site-packages/airflow/example_dags/example_short_circuit_operator.py took 0.058 seconds
[2024-11-26T16:04:37.457-0600] {processor.py:186} INFO - Started process (PID=27067) to work on /Library/Frameworks/Python.framework/Versions/3.8/lib/python3.8/site-packages/airflow/example_dags/example_short_circuit_operator.py
[2024-11-26T16:04:37.458-0600] {processor.py:914} INFO - Processing file /Library/Frameworks/Python.framework/Versions/3.8/lib/python3.8/site-packages/airflow/example_dags/example_short_circuit_operator.py for tasks to queue
[2024-11-26T16:04:37.459-0600] {logging_mixin.py:190} INFO - [2024-11-26T16:04:37.459-0600] {dagbag.py:588} INFO - Filling up the DagBag from /Library/Frameworks/Python.framework/Versions/3.8/lib/python3.8/site-packages/airflow/example_dags/example_short_circuit_operator.py
[2024-11-26T16:04:37.467-0600] {processor.py:925} INFO - DAG(s) 'example_short_circuit_operator' retrieved from /Library/Frameworks/Python.framework/Versions/3.8/lib/python3.8/site-packages/airflow/example_dags/example_short_circuit_operator.py
[2024-11-26T16:04:37.501-0600] {logging_mixin.py:190} INFO - [2024-11-26T16:04:37.501-0600] {dag.py:3239} INFO - Sync 1 DAGs
[2024-11-26T16:04:37.505-0600] {logging_mixin.py:190} INFO - [2024-11-26T16:04:37.505-0600] {dag.py:4180} INFO - Setting next_dagrun for example_short_circuit_operator to None, run_after=None
[2024-11-26T16:04:37.510-0600] {processor.py:208} INFO - Processing /Library/Frameworks/Python.framework/Versions/3.8/lib/python3.8/site-packages/airflow/example_dags/example_short_circuit_operator.py took 0.054 seconds
[2024-11-26T16:05:45.265-0600] {processor.py:186} INFO - Started process (PID=27191) to work on /Library/Frameworks/Python.framework/Versions/3.8/lib/python3.8/site-packages/airflow/example_dags/example_short_circuit_operator.py
[2024-11-26T16:05:45.266-0600] {processor.py:914} INFO - Processing file /Library/Frameworks/Python.framework/Versions/3.8/lib/python3.8/site-packages/airflow/example_dags/example_short_circuit_operator.py for tasks to queue
[2024-11-26T16:05:45.266-0600] {logging_mixin.py:190} INFO - [2024-11-26T16:05:45.266-0600] {dagbag.py:588} INFO - Filling up the DagBag from /Library/Frameworks/Python.framework/Versions/3.8/lib/python3.8/site-packages/airflow/example_dags/example_short_circuit_operator.py
[2024-11-26T16:05:45.274-0600] {processor.py:925} INFO - DAG(s) 'example_short_circuit_operator' retrieved from /Library/Frameworks/Python.framework/Versions/3.8/lib/python3.8/site-packages/airflow/example_dags/example_short_circuit_operator.py
[2024-11-26T16:05:45.309-0600] {logging_mixin.py:190} INFO - [2024-11-26T16:05:45.308-0600] {dag.py:3239} INFO - Sync 1 DAGs
[2024-11-26T16:05:45.312-0600] {logging_mixin.py:190} INFO - [2024-11-26T16:05:45.312-0600] {dag.py:4180} INFO - Setting next_dagrun for example_short_circuit_operator to None, run_after=None
[2024-11-26T16:05:45.317-0600] {processor.py:208} INFO - Processing /Library/Frameworks/Python.framework/Versions/3.8/lib/python3.8/site-packages/airflow/example_dags/example_short_circuit_operator.py took 0.053 seconds
[2024-11-26T16:42:04.574-0600] {processor.py:186} INFO - Started process (PID=27320) to work on /Library/Frameworks/Python.framework/Versions/3.8/lib/python3.8/site-packages/airflow/example_dags/example_short_circuit_operator.py
[2024-11-26T16:42:04.574-0600] {processor.py:914} INFO - Processing file /Library/Frameworks/Python.framework/Versions/3.8/lib/python3.8/site-packages/airflow/example_dags/example_short_circuit_operator.py for tasks to queue
[2024-11-26T16:42:04.575-0600] {logging_mixin.py:190} INFO - [2024-11-26T16:42:04.575-0600] {dagbag.py:588} INFO - Filling up the DagBag from /Library/Frameworks/Python.framework/Versions/3.8/lib/python3.8/site-packages/airflow/example_dags/example_short_circuit_operator.py
[2024-11-26T16:42:04.583-0600] {processor.py:925} INFO - DAG(s) 'example_short_circuit_operator' retrieved from /Library/Frameworks/Python.framework/Versions/3.8/lib/python3.8/site-packages/airflow/example_dags/example_short_circuit_operator.py
[2024-11-26T16:42:04.616-0600] {logging_mixin.py:190} INFO - [2024-11-26T16:42:04.616-0600] {dag.py:3239} INFO - Sync 1 DAGs
[2024-11-26T16:42:04.619-0600] {logging_mixin.py:190} INFO - [2024-11-26T16:42:04.619-0600] {dag.py:4180} INFO - Setting next_dagrun for example_short_circuit_operator to None, run_after=None
[2024-11-26T16:42:04.624-0600] {processor.py:208} INFO - Processing /Library/Frameworks/Python.framework/Versions/3.8/lib/python3.8/site-packages/airflow/example_dags/example_short_circuit_operator.py took 0.051 seconds
[2024-11-26T17:19:25.506-0600] {processor.py:186} INFO - Started process (PID=27450) to work on /Library/Frameworks/Python.framework/Versions/3.8/lib/python3.8/site-packages/airflow/example_dags/example_short_circuit_operator.py
[2024-11-26T17:19:25.506-0600] {processor.py:914} INFO - Processing file /Library/Frameworks/Python.framework/Versions/3.8/lib/python3.8/site-packages/airflow/example_dags/example_short_circuit_operator.py for tasks to queue
[2024-11-26T17:19:25.507-0600] {logging_mixin.py:190} INFO - [2024-11-26T17:19:25.507-0600] {dagbag.py:588} INFO - Filling up the DagBag from /Library/Frameworks/Python.framework/Versions/3.8/lib/python3.8/site-packages/airflow/example_dags/example_short_circuit_operator.py
[2024-11-26T17:19:25.515-0600] {processor.py:925} INFO - DAG(s) 'example_short_circuit_operator' retrieved from /Library/Frameworks/Python.framework/Versions/3.8/lib/python3.8/site-packages/airflow/example_dags/example_short_circuit_operator.py
[2024-11-26T17:19:25.548-0600] {logging_mixin.py:190} INFO - [2024-11-26T17:19:25.548-0600] {dag.py:3239} INFO - Sync 1 DAGs
[2024-11-26T17:19:25.551-0600] {logging_mixin.py:190} INFO - [2024-11-26T17:19:25.551-0600] {dag.py:4180} INFO - Setting next_dagrun for example_short_circuit_operator to None, run_after=None
[2024-11-26T17:19:25.557-0600] {processor.py:208} INFO - Processing /Library/Frameworks/Python.framework/Versions/3.8/lib/python3.8/site-packages/airflow/example_dags/example_short_circuit_operator.py took 0.052 seconds
