[2024-11-26T14:18:13.953-0600] {processor.py:186} INFO - Started process (PID=17899) to work on /Users/beprathap/PycharmProjects/YouTube-airflow/airflow-venv/lib/python3.8/site-packages/airflow/example_dags/example_params_ui_tutorial.py
[2024-11-26T14:18:13.953-0600] {processor.py:914} INFO - Processing file /Users/beprathap/PycharmProjects/YouTube-airflow/airflow-venv/lib/python3.8/site-packages/airflow/example_dags/example_params_ui_tutorial.py for tasks to queue
[2024-11-26T14:18:13.953-0600] {logging_mixin.py:190} INFO - [2024-11-26T14:18:13.953-0600] {dagbag.py:588} INFO - Filling up the DagBag from /Users/beprathap/PycharmProjects/YouTube-airflow/airflow-venv/lib/python3.8/site-packages/airflow/example_dags/example_params_ui_tutorial.py
[2024-11-26T14:18:13.965-0600] {processor.py:925} INFO - DAG(s) 'example_params_ui_tutorial' retrieved from /Users/beprathap/PycharmProjects/YouTube-airflow/airflow-venv/lib/python3.8/site-packages/airflow/example_dags/example_params_ui_tutorial.py
[2024-11-26T14:18:14.036-0600] {logging_mixin.py:190} INFO - [2024-11-26T14:18:14.036-0600] {override.py:1901} INFO - Created Permission View: can read on DAG:example_params_ui_tutorial
[2024-11-26T14:18:14.038-0600] {logging_mixin.py:190} INFO - [2024-11-26T14:18:14.038-0600] {override.py:1901} INFO - Created Permission View: can delete on DAG:example_params_ui_tutorial
[2024-11-26T14:18:14.040-0600] {logging_mixin.py:190} INFO - [2024-11-26T14:18:14.040-0600] {override.py:1901} INFO - Created Permission View: can edit on DAG:example_params_ui_tutorial
[2024-11-26T14:18:14.042-0600] {logging_mixin.py:190} INFO - [2024-11-26T14:18:14.042-0600] {override.py:1901} INFO - Created Permission View: can read on DAG Run:example_params_ui_tutorial
[2024-11-26T14:18:14.043-0600] {logging_mixin.py:190} INFO - [2024-11-26T14:18:14.043-0600] {override.py:1901} INFO - Created Permission View: menu access on DAG Run:example_params_ui_tutorial
[2024-11-26T14:18:14.044-0600] {logging_mixin.py:190} INFO - [2024-11-26T14:18:14.044-0600] {override.py:1901} INFO - Created Permission View: can delete on DAG Run:example_params_ui_tutorial
[2024-11-26T14:18:14.046-0600] {logging_mixin.py:190} INFO - [2024-11-26T14:18:14.046-0600] {override.py:1901} INFO - Created Permission View: can create on DAG Run:example_params_ui_tutorial
[2024-11-26T14:18:14.046-0600] {logging_mixin.py:190} INFO - [2024-11-26T14:18:14.046-0600] {dag.py:3239} INFO - Sync 1 DAGs
[2024-11-26T14:18:14.049-0600] {logging_mixin.py:190} INFO - [2024-11-26T14:18:14.049-0600] {dag.py:3262} INFO - Creating ORM DAG for example_params_ui_tutorial
[2024-11-26T14:18:14.050-0600] {logging_mixin.py:190} INFO - [2024-11-26T14:18:14.050-0600] {dag.py:4180} INFO - Setting next_dagrun for example_params_ui_tutorial to None, run_after=None
[2024-11-26T14:18:14.054-0600] {processor.py:208} INFO - Processing /Users/beprathap/PycharmProjects/YouTube-airflow/airflow-venv/lib/python3.8/site-packages/airflow/example_dags/example_params_ui_tutorial.py took 0.103 seconds
[2024-11-26T14:19:52.167-0600] {processor.py:186} INFO - Started process (PID=18082) to work on /Users/beprathap/PycharmProjects/YouTube-airflow/airflow-venv/lib/python3.8/site-packages/airflow/example_dags/example_params_ui_tutorial.py
[2024-11-26T14:19:52.167-0600] {processor.py:914} INFO - Processing file /Users/beprathap/PycharmProjects/YouTube-airflow/airflow-venv/lib/python3.8/site-packages/airflow/example_dags/example_params_ui_tutorial.py for tasks to queue
[2024-11-26T14:19:52.167-0600] {logging_mixin.py:190} INFO - [2024-11-26T14:19:52.167-0600] {dagbag.py:588} INFO - Filling up the DagBag from /Users/beprathap/PycharmProjects/YouTube-airflow/airflow-venv/lib/python3.8/site-packages/airflow/example_dags/example_params_ui_tutorial.py
[2024-11-26T14:19:52.179-0600] {processor.py:925} INFO - DAG(s) 'example_params_ui_tutorial' retrieved from /Users/beprathap/PycharmProjects/YouTube-airflow/airflow-venv/lib/python3.8/site-packages/airflow/example_dags/example_params_ui_tutorial.py
[2024-11-26T14:19:52.223-0600] {logging_mixin.py:190} INFO - [2024-11-26T14:19:52.223-0600] {dag.py:3239} INFO - Sync 1 DAGs
[2024-11-26T14:19:52.227-0600] {logging_mixin.py:190} INFO - [2024-11-26T14:19:52.227-0600] {dag.py:4180} INFO - Setting next_dagrun for example_params_ui_tutorial to None, run_after=None
[2024-11-26T14:19:52.232-0600] {processor.py:208} INFO - Processing /Users/beprathap/PycharmProjects/YouTube-airflow/airflow-venv/lib/python3.8/site-packages/airflow/example_dags/example_params_ui_tutorial.py took 0.067 seconds
[2024-11-26T14:22:06.450-0600] {processor.py:186} INFO - Started process (PID=18342) to work on /Users/beprathap/PycharmProjects/YouTube-airflow/airflow-venv/lib/python3.8/site-packages/airflow/example_dags/example_params_ui_tutorial.py
[2024-11-26T14:22:06.450-0600] {processor.py:914} INFO - Processing file /Users/beprathap/PycharmProjects/YouTube-airflow/airflow-venv/lib/python3.8/site-packages/airflow/example_dags/example_params_ui_tutorial.py for tasks to queue
[2024-11-26T14:22:06.451-0600] {logging_mixin.py:190} INFO - [2024-11-26T14:22:06.450-0600] {dagbag.py:588} INFO - Filling up the DagBag from /Users/beprathap/PycharmProjects/YouTube-airflow/airflow-venv/lib/python3.8/site-packages/airflow/example_dags/example_params_ui_tutorial.py
[2024-11-26T14:22:06.462-0600] {processor.py:925} INFO - DAG(s) 'example_params_ui_tutorial' retrieved from /Users/beprathap/PycharmProjects/YouTube-airflow/airflow-venv/lib/python3.8/site-packages/airflow/example_dags/example_params_ui_tutorial.py
[2024-11-26T14:22:06.506-0600] {logging_mixin.py:190} INFO - [2024-11-26T14:22:06.506-0600] {dag.py:3239} INFO - Sync 1 DAGs
[2024-11-26T14:22:06.509-0600] {logging_mixin.py:190} INFO - [2024-11-26T14:22:06.509-0600] {dag.py:4180} INFO - Setting next_dagrun for example_params_ui_tutorial to None, run_after=None
[2024-11-26T14:22:06.514-0600] {processor.py:208} INFO - Processing /Users/beprathap/PycharmProjects/YouTube-airflow/airflow-venv/lib/python3.8/site-packages/airflow/example_dags/example_params_ui_tutorial.py took 0.066 seconds
[2024-11-26T14:24:16.662-0600] {processor.py:186} INFO - Started process (PID=18607) to work on /Users/beprathap/PycharmProjects/YouTube-airflow/airflow-venv/lib/python3.8/site-packages/airflow/example_dags/example_params_ui_tutorial.py
[2024-11-26T14:24:16.663-0600] {processor.py:914} INFO - Processing file /Users/beprathap/PycharmProjects/YouTube-airflow/airflow-venv/lib/python3.8/site-packages/airflow/example_dags/example_params_ui_tutorial.py for tasks to queue
[2024-11-26T14:24:16.663-0600] {logging_mixin.py:190} INFO - [2024-11-26T14:24:16.663-0600] {dagbag.py:588} INFO - Filling up the DagBag from /Users/beprathap/PycharmProjects/YouTube-airflow/airflow-venv/lib/python3.8/site-packages/airflow/example_dags/example_params_ui_tutorial.py
[2024-11-26T14:24:16.675-0600] {processor.py:925} INFO - DAG(s) 'example_params_ui_tutorial' retrieved from /Users/beprathap/PycharmProjects/YouTube-airflow/airflow-venv/lib/python3.8/site-packages/airflow/example_dags/example_params_ui_tutorial.py
[2024-11-26T14:24:16.719-0600] {logging_mixin.py:190} INFO - [2024-11-26T14:24:16.719-0600] {dag.py:3239} INFO - Sync 1 DAGs
[2024-11-26T14:24:16.723-0600] {logging_mixin.py:190} INFO - [2024-11-26T14:24:16.723-0600] {dag.py:4180} INFO - Setting next_dagrun for example_params_ui_tutorial to None, run_after=None
[2024-11-26T14:24:16.728-0600] {processor.py:208} INFO - Processing /Users/beprathap/PycharmProjects/YouTube-airflow/airflow-venv/lib/python3.8/site-packages/airflow/example_dags/example_params_ui_tutorial.py took 0.068 seconds
[2024-11-26T14:26:24.663-0600] {processor.py:186} INFO - Started process (PID=18856) to work on /Users/beprathap/PycharmProjects/YouTube-airflow/airflow-venv/lib/python3.8/site-packages/airflow/example_dags/example_params_ui_tutorial.py
[2024-11-26T14:26:24.664-0600] {processor.py:914} INFO - Processing file /Users/beprathap/PycharmProjects/YouTube-airflow/airflow-venv/lib/python3.8/site-packages/airflow/example_dags/example_params_ui_tutorial.py for tasks to queue
[2024-11-26T14:26:24.664-0600] {logging_mixin.py:190} INFO - [2024-11-26T14:26:24.664-0600] {dagbag.py:588} INFO - Filling up the DagBag from /Users/beprathap/PycharmProjects/YouTube-airflow/airflow-venv/lib/python3.8/site-packages/airflow/example_dags/example_params_ui_tutorial.py
[2024-11-26T14:26:24.676-0600] {processor.py:925} INFO - DAG(s) 'example_params_ui_tutorial' retrieved from /Users/beprathap/PycharmProjects/YouTube-airflow/airflow-venv/lib/python3.8/site-packages/airflow/example_dags/example_params_ui_tutorial.py
[2024-11-26T14:26:24.720-0600] {logging_mixin.py:190} INFO - [2024-11-26T14:26:24.720-0600] {dag.py:3239} INFO - Sync 1 DAGs
[2024-11-26T14:26:24.724-0600] {logging_mixin.py:190} INFO - [2024-11-26T14:26:24.724-0600] {dag.py:4180} INFO - Setting next_dagrun for example_params_ui_tutorial to None, run_after=None
[2024-11-26T14:26:24.729-0600] {processor.py:208} INFO - Processing /Users/beprathap/PycharmProjects/YouTube-airflow/airflow-venv/lib/python3.8/site-packages/airflow/example_dags/example_params_ui_tutorial.py took 0.067 seconds
[2024-11-26T14:28:31.371-0600] {processor.py:186} INFO - Started process (PID=19085) to work on /Users/beprathap/PycharmProjects/YouTube-airflow/airflow-venv/lib/python3.8/site-packages/airflow/example_dags/example_params_ui_tutorial.py
[2024-11-26T14:28:31.372-0600] {processor.py:914} INFO - Processing file /Users/beprathap/PycharmProjects/YouTube-airflow/airflow-venv/lib/python3.8/site-packages/airflow/example_dags/example_params_ui_tutorial.py for tasks to queue
[2024-11-26T14:28:31.372-0600] {logging_mixin.py:190} INFO - [2024-11-26T14:28:31.372-0600] {dagbag.py:588} INFO - Filling up the DagBag from /Users/beprathap/PycharmProjects/YouTube-airflow/airflow-venv/lib/python3.8/site-packages/airflow/example_dags/example_params_ui_tutorial.py
[2024-11-26T14:28:31.387-0600] {processor.py:925} INFO - DAG(s) 'example_params_ui_tutorial' retrieved from /Users/beprathap/PycharmProjects/YouTube-airflow/airflow-venv/lib/python3.8/site-packages/airflow/example_dags/example_params_ui_tutorial.py
[2024-11-26T14:28:31.433-0600] {logging_mixin.py:190} INFO - [2024-11-26T14:28:31.433-0600] {dag.py:3239} INFO - Sync 1 DAGs
[2024-11-26T14:28:31.437-0600] {logging_mixin.py:190} INFO - [2024-11-26T14:28:31.437-0600] {dag.py:4180} INFO - Setting next_dagrun for example_params_ui_tutorial to None, run_after=None
[2024-11-26T14:28:31.442-0600] {processor.py:208} INFO - Processing /Users/beprathap/PycharmProjects/YouTube-airflow/airflow-venv/lib/python3.8/site-packages/airflow/example_dags/example_params_ui_tutorial.py took 0.072 seconds
[2024-11-26T14:36:36.588-0600] {processor.py:186} INFO - Started process (PID=19577) to work on /Users/beprathap/PycharmProjects/YouTube-airflow/airflow-venv/lib/python3.8/site-packages/airflow/example_dags/example_params_ui_tutorial.py
[2024-11-26T14:36:36.589-0600] {processor.py:914} INFO - Processing file /Users/beprathap/PycharmProjects/YouTube-airflow/airflow-venv/lib/python3.8/site-packages/airflow/example_dags/example_params_ui_tutorial.py for tasks to queue
[2024-11-26T14:36:36.590-0600] {logging_mixin.py:190} INFO - [2024-11-26T14:36:36.590-0600] {dagbag.py:588} INFO - Filling up the DagBag from /Users/beprathap/PycharmProjects/YouTube-airflow/airflow-venv/lib/python3.8/site-packages/airflow/example_dags/example_params_ui_tutorial.py
[2024-11-26T14:36:36.602-0600] {processor.py:925} INFO - DAG(s) 'example_params_ui_tutorial' retrieved from /Users/beprathap/PycharmProjects/YouTube-airflow/airflow-venv/lib/python3.8/site-packages/airflow/example_dags/example_params_ui_tutorial.py
[2024-11-26T14:36:36.646-0600] {logging_mixin.py:190} INFO - [2024-11-26T14:36:36.646-0600] {dag.py:3239} INFO - Sync 1 DAGs
[2024-11-26T14:36:36.650-0600] {logging_mixin.py:190} INFO - [2024-11-26T14:36:36.650-0600] {dag.py:4180} INFO - Setting next_dagrun for example_params_ui_tutorial to None, run_after=None
[2024-11-26T14:36:36.656-0600] {processor.py:208} INFO - Processing /Users/beprathap/PycharmProjects/YouTube-airflow/airflow-venv/lib/python3.8/site-packages/airflow/example_dags/example_params_ui_tutorial.py took 0.069 seconds
[2024-11-26T14:38:16.318-0600] {processor.py:186} INFO - Started process (PID=19750) to work on /Users/beprathap/PycharmProjects/YouTube-airflow/airflow-venv/lib/python3.8/site-packages/airflow/example_dags/example_params_ui_tutorial.py
[2024-11-26T14:38:16.319-0600] {processor.py:914} INFO - Processing file /Users/beprathap/PycharmProjects/YouTube-airflow/airflow-venv/lib/python3.8/site-packages/airflow/example_dags/example_params_ui_tutorial.py for tasks to queue
[2024-11-26T14:38:16.319-0600] {logging_mixin.py:190} INFO - [2024-11-26T14:38:16.319-0600] {dagbag.py:588} INFO - Filling up the DagBag from /Users/beprathap/PycharmProjects/YouTube-airflow/airflow-venv/lib/python3.8/site-packages/airflow/example_dags/example_params_ui_tutorial.py
[2024-11-26T14:38:16.331-0600] {processor.py:925} INFO - DAG(s) 'example_params_ui_tutorial' retrieved from /Users/beprathap/PycharmProjects/YouTube-airflow/airflow-venv/lib/python3.8/site-packages/airflow/example_dags/example_params_ui_tutorial.py
[2024-11-26T14:38:16.376-0600] {logging_mixin.py:190} INFO - [2024-11-26T14:38:16.376-0600] {dag.py:3239} INFO - Sync 1 DAGs
[2024-11-26T14:38:16.379-0600] {logging_mixin.py:190} INFO - [2024-11-26T14:38:16.379-0600] {dag.py:4180} INFO - Setting next_dagrun for example_params_ui_tutorial to None, run_after=None
[2024-11-26T14:38:16.385-0600] {processor.py:208} INFO - Processing /Users/beprathap/PycharmProjects/YouTube-airflow/airflow-venv/lib/python3.8/site-packages/airflow/example_dags/example_params_ui_tutorial.py took 0.068 seconds
[2024-11-26T14:40:34.143-0600] {processor.py:186} INFO - Started process (PID=20017) to work on /Users/beprathap/PycharmProjects/YouTube-airflow/airflow-venv/lib/python3.8/site-packages/airflow/example_dags/example_params_ui_tutorial.py
[2024-11-26T14:40:34.143-0600] {processor.py:914} INFO - Processing file /Users/beprathap/PycharmProjects/YouTube-airflow/airflow-venv/lib/python3.8/site-packages/airflow/example_dags/example_params_ui_tutorial.py for tasks to queue
[2024-11-26T14:40:34.144-0600] {logging_mixin.py:190} INFO - [2024-11-26T14:40:34.144-0600] {dagbag.py:588} INFO - Filling up the DagBag from /Users/beprathap/PycharmProjects/YouTube-airflow/airflow-venv/lib/python3.8/site-packages/airflow/example_dags/example_params_ui_tutorial.py
[2024-11-26T14:40:34.156-0600] {processor.py:925} INFO - DAG(s) 'example_params_ui_tutorial' retrieved from /Users/beprathap/PycharmProjects/YouTube-airflow/airflow-venv/lib/python3.8/site-packages/airflow/example_dags/example_params_ui_tutorial.py
[2024-11-26T14:40:34.202-0600] {logging_mixin.py:190} INFO - [2024-11-26T14:40:34.202-0600] {dag.py:3239} INFO - Sync 1 DAGs
[2024-11-26T14:40:34.206-0600] {logging_mixin.py:190} INFO - [2024-11-26T14:40:34.205-0600] {dag.py:4180} INFO - Setting next_dagrun for example_params_ui_tutorial to None, run_after=None
[2024-11-26T14:40:34.211-0600] {processor.py:208} INFO - Processing /Users/beprathap/PycharmProjects/YouTube-airflow/airflow-venv/lib/python3.8/site-packages/airflow/example_dags/example_params_ui_tutorial.py took 0.070 seconds
[2024-11-26T14:42:43.685-0600] {processor.py:186} INFO - Started process (PID=20253) to work on /Users/beprathap/PycharmProjects/YouTube-airflow/airflow-venv/lib/python3.8/site-packages/airflow/example_dags/example_params_ui_tutorial.py
[2024-11-26T14:42:43.686-0600] {processor.py:914} INFO - Processing file /Users/beprathap/PycharmProjects/YouTube-airflow/airflow-venv/lib/python3.8/site-packages/airflow/example_dags/example_params_ui_tutorial.py for tasks to queue
[2024-11-26T14:42:43.686-0600] {logging_mixin.py:190} INFO - [2024-11-26T14:42:43.686-0600] {dagbag.py:588} INFO - Filling up the DagBag from /Users/beprathap/PycharmProjects/YouTube-airflow/airflow-venv/lib/python3.8/site-packages/airflow/example_dags/example_params_ui_tutorial.py
[2024-11-26T14:42:43.698-0600] {processor.py:925} INFO - DAG(s) 'example_params_ui_tutorial' retrieved from /Users/beprathap/PycharmProjects/YouTube-airflow/airflow-venv/lib/python3.8/site-packages/airflow/example_dags/example_params_ui_tutorial.py
[2024-11-26T14:42:43.742-0600] {logging_mixin.py:190} INFO - [2024-11-26T14:42:43.742-0600] {dag.py:3239} INFO - Sync 1 DAGs
[2024-11-26T14:42:43.746-0600] {logging_mixin.py:190} INFO - [2024-11-26T14:42:43.746-0600] {dag.py:4180} INFO - Setting next_dagrun for example_params_ui_tutorial to None, run_after=None
[2024-11-26T14:42:43.751-0600] {processor.py:208} INFO - Processing /Users/beprathap/PycharmProjects/YouTube-airflow/airflow-venv/lib/python3.8/site-packages/airflow/example_dags/example_params_ui_tutorial.py took 0.067 seconds
[2024-11-26T14:44:56.582-0600] {processor.py:186} INFO - Started process (PID=20515) to work on /Users/beprathap/PycharmProjects/YouTube-airflow/airflow-venv/lib/python3.8/site-packages/airflow/example_dags/example_params_ui_tutorial.py
[2024-11-26T14:44:56.583-0600] {processor.py:914} INFO - Processing file /Users/beprathap/PycharmProjects/YouTube-airflow/airflow-venv/lib/python3.8/site-packages/airflow/example_dags/example_params_ui_tutorial.py for tasks to queue
[2024-11-26T14:44:56.583-0600] {logging_mixin.py:190} INFO - [2024-11-26T14:44:56.583-0600] {dagbag.py:588} INFO - Filling up the DagBag from /Users/beprathap/PycharmProjects/YouTube-airflow/airflow-venv/lib/python3.8/site-packages/airflow/example_dags/example_params_ui_tutorial.py
[2024-11-26T14:44:56.595-0600] {processor.py:925} INFO - DAG(s) 'example_params_ui_tutorial' retrieved from /Users/beprathap/PycharmProjects/YouTube-airflow/airflow-venv/lib/python3.8/site-packages/airflow/example_dags/example_params_ui_tutorial.py
[2024-11-26T14:44:56.640-0600] {logging_mixin.py:190} INFO - [2024-11-26T14:44:56.640-0600] {dag.py:3239} INFO - Sync 1 DAGs
[2024-11-26T14:44:56.644-0600] {logging_mixin.py:190} INFO - [2024-11-26T14:44:56.644-0600] {dag.py:4180} INFO - Setting next_dagrun for example_params_ui_tutorial to None, run_after=None
[2024-11-26T14:44:56.649-0600] {processor.py:208} INFO - Processing /Users/beprathap/PycharmProjects/YouTube-airflow/airflow-venv/lib/python3.8/site-packages/airflow/example_dags/example_params_ui_tutorial.py took 0.068 seconds
[2024-11-26T14:47:05.587-0600] {processor.py:186} INFO - Started process (PID=20766) to work on /Users/beprathap/PycharmProjects/YouTube-airflow/airflow-venv/lib/python3.8/site-packages/airflow/example_dags/example_params_ui_tutorial.py
[2024-11-26T14:47:05.588-0600] {processor.py:914} INFO - Processing file /Users/beprathap/PycharmProjects/YouTube-airflow/airflow-venv/lib/python3.8/site-packages/airflow/example_dags/example_params_ui_tutorial.py for tasks to queue
[2024-11-26T14:47:05.588-0600] {logging_mixin.py:190} INFO - [2024-11-26T14:47:05.588-0600] {dagbag.py:588} INFO - Filling up the DagBag from /Users/beprathap/PycharmProjects/YouTube-airflow/airflow-venv/lib/python3.8/site-packages/airflow/example_dags/example_params_ui_tutorial.py
[2024-11-26T14:47:05.600-0600] {processor.py:925} INFO - DAG(s) 'example_params_ui_tutorial' retrieved from /Users/beprathap/PycharmProjects/YouTube-airflow/airflow-venv/lib/python3.8/site-packages/airflow/example_dags/example_params_ui_tutorial.py
[2024-11-26T14:47:05.646-0600] {logging_mixin.py:190} INFO - [2024-11-26T14:47:05.645-0600] {dag.py:3239} INFO - Sync 1 DAGs
[2024-11-26T14:47:05.649-0600] {logging_mixin.py:190} INFO - [2024-11-26T14:47:05.649-0600] {dag.py:4180} INFO - Setting next_dagrun for example_params_ui_tutorial to None, run_after=None
[2024-11-26T14:47:05.655-0600] {processor.py:208} INFO - Processing /Users/beprathap/PycharmProjects/YouTube-airflow/airflow-venv/lib/python3.8/site-packages/airflow/example_dags/example_params_ui_tutorial.py took 0.069 seconds
[2024-11-26T15:01:53.390-0600] {processor.py:186} INFO - Started process (PID=21393) to work on /Library/Frameworks/Python.framework/Versions/3.8/lib/python3.8/site-packages/airflow/example_dags/example_params_ui_tutorial.py
[2024-11-26T15:01:53.392-0600] {processor.py:914} INFO - Processing file /Library/Frameworks/Python.framework/Versions/3.8/lib/python3.8/site-packages/airflow/example_dags/example_params_ui_tutorial.py for tasks to queue
[2024-11-26T15:01:53.392-0600] {logging_mixin.py:190} INFO - [2024-11-26T15:01:53.392-0600] {dagbag.py:588} INFO - Filling up the DagBag from /Library/Frameworks/Python.framework/Versions/3.8/lib/python3.8/site-packages/airflow/example_dags/example_params_ui_tutorial.py
[2024-11-26T15:01:53.404-0600] {processor.py:925} INFO - DAG(s) 'example_params_ui_tutorial' retrieved from /Library/Frameworks/Python.framework/Versions/3.8/lib/python3.8/site-packages/airflow/example_dags/example_params_ui_tutorial.py
[2024-11-26T15:01:53.478-0600] {logging_mixin.py:190} INFO - [2024-11-26T15:01:53.478-0600] {dag.py:3239} INFO - Sync 1 DAGs
[2024-11-26T15:01:53.481-0600] {logging_mixin.py:190} INFO - [2024-11-26T15:01:53.481-0600] {dag.py:4180} INFO - Setting next_dagrun for example_params_ui_tutorial to None, run_after=None
[2024-11-26T15:01:53.487-0600] {processor.py:208} INFO - Processing /Library/Frameworks/Python.framework/Versions/3.8/lib/python3.8/site-packages/airflow/example_dags/example_params_ui_tutorial.py took 0.098 seconds
[2024-11-26T15:03:35.637-0600] {processor.py:186} INFO - Started process (PID=21588) to work on /Library/Frameworks/Python.framework/Versions/3.8/lib/python3.8/site-packages/airflow/example_dags/example_params_ui_tutorial.py
[2024-11-26T15:03:35.638-0600] {processor.py:914} INFO - Processing file /Library/Frameworks/Python.framework/Versions/3.8/lib/python3.8/site-packages/airflow/example_dags/example_params_ui_tutorial.py for tasks to queue
[2024-11-26T15:03:35.638-0600] {logging_mixin.py:190} INFO - [2024-11-26T15:03:35.638-0600] {dagbag.py:588} INFO - Filling up the DagBag from /Library/Frameworks/Python.framework/Versions/3.8/lib/python3.8/site-packages/airflow/example_dags/example_params_ui_tutorial.py
[2024-11-26T15:03:35.650-0600] {processor.py:925} INFO - DAG(s) 'example_params_ui_tutorial' retrieved from /Library/Frameworks/Python.framework/Versions/3.8/lib/python3.8/site-packages/airflow/example_dags/example_params_ui_tutorial.py
[2024-11-26T15:03:35.695-0600] {logging_mixin.py:190} INFO - [2024-11-26T15:03:35.695-0600] {dag.py:3239} INFO - Sync 1 DAGs
[2024-11-26T15:03:35.699-0600] {logging_mixin.py:190} INFO - [2024-11-26T15:03:35.699-0600] {dag.py:4180} INFO - Setting next_dagrun for example_params_ui_tutorial to None, run_after=None
[2024-11-26T15:03:35.705-0600] {processor.py:208} INFO - Processing /Library/Frameworks/Python.framework/Versions/3.8/lib/python3.8/site-packages/airflow/example_dags/example_params_ui_tutorial.py took 0.069 seconds
[2024-11-26T15:05:54.118-0600] {processor.py:186} INFO - Started process (PID=21835) to work on /Library/Frameworks/Python.framework/Versions/3.8/lib/python3.8/site-packages/airflow/example_dags/example_params_ui_tutorial.py
[2024-11-26T15:05:54.118-0600] {processor.py:914} INFO - Processing file /Library/Frameworks/Python.framework/Versions/3.8/lib/python3.8/site-packages/airflow/example_dags/example_params_ui_tutorial.py for tasks to queue
[2024-11-26T15:05:54.119-0600] {logging_mixin.py:190} INFO - [2024-11-26T15:05:54.119-0600] {dagbag.py:588} INFO - Filling up the DagBag from /Library/Frameworks/Python.framework/Versions/3.8/lib/python3.8/site-packages/airflow/example_dags/example_params_ui_tutorial.py
[2024-11-26T15:05:54.130-0600] {processor.py:925} INFO - DAG(s) 'example_params_ui_tutorial' retrieved from /Library/Frameworks/Python.framework/Versions/3.8/lib/python3.8/site-packages/airflow/example_dags/example_params_ui_tutorial.py
[2024-11-26T15:05:54.175-0600] {logging_mixin.py:190} INFO - [2024-11-26T15:05:54.175-0600] {dag.py:3239} INFO - Sync 1 DAGs
[2024-11-26T15:05:54.178-0600] {logging_mixin.py:190} INFO - [2024-11-26T15:05:54.178-0600] {dag.py:4180} INFO - Setting next_dagrun for example_params_ui_tutorial to None, run_after=None
[2024-11-26T15:05:54.184-0600] {processor.py:208} INFO - Processing /Library/Frameworks/Python.framework/Versions/3.8/lib/python3.8/site-packages/airflow/example_dags/example_params_ui_tutorial.py took 0.067 seconds
[2024-11-26T15:08:17.406-0600] {processor.py:186} INFO - Started process (PID=22138) to work on /Library/Frameworks/Python.framework/Versions/3.8/lib/python3.8/site-packages/airflow/example_dags/example_params_ui_tutorial.py
[2024-11-26T15:08:17.407-0600] {processor.py:914} INFO - Processing file /Library/Frameworks/Python.framework/Versions/3.8/lib/python3.8/site-packages/airflow/example_dags/example_params_ui_tutorial.py for tasks to queue
[2024-11-26T15:08:17.407-0600] {logging_mixin.py:190} INFO - [2024-11-26T15:08:17.407-0600] {dagbag.py:588} INFO - Filling up the DagBag from /Library/Frameworks/Python.framework/Versions/3.8/lib/python3.8/site-packages/airflow/example_dags/example_params_ui_tutorial.py
[2024-11-26T15:08:17.419-0600] {processor.py:925} INFO - DAG(s) 'example_params_ui_tutorial' retrieved from /Library/Frameworks/Python.framework/Versions/3.8/lib/python3.8/site-packages/airflow/example_dags/example_params_ui_tutorial.py
[2024-11-26T15:08:17.464-0600] {logging_mixin.py:190} INFO - [2024-11-26T15:08:17.464-0600] {dag.py:3239} INFO - Sync 1 DAGs
[2024-11-26T15:08:17.468-0600] {logging_mixin.py:190} INFO - [2024-11-26T15:08:17.468-0600] {dag.py:4180} INFO - Setting next_dagrun for example_params_ui_tutorial to None, run_after=None
[2024-11-26T15:08:17.473-0600] {processor.py:208} INFO - Processing /Library/Frameworks/Python.framework/Versions/3.8/lib/python3.8/site-packages/airflow/example_dags/example_params_ui_tutorial.py took 0.069 seconds
[2024-11-26T15:16:53.898-0600] {processor.py:186} INFO - Started process (PID=22408) to work on /Library/Frameworks/Python.framework/Versions/3.8/lib/python3.8/site-packages/airflow/example_dags/example_params_ui_tutorial.py
[2024-11-26T15:16:53.899-0600] {processor.py:914} INFO - Processing file /Library/Frameworks/Python.framework/Versions/3.8/lib/python3.8/site-packages/airflow/example_dags/example_params_ui_tutorial.py for tasks to queue
[2024-11-26T15:16:53.899-0600] {logging_mixin.py:190} INFO - [2024-11-26T15:16:53.899-0600] {dagbag.py:588} INFO - Filling up the DagBag from /Library/Frameworks/Python.framework/Versions/3.8/lib/python3.8/site-packages/airflow/example_dags/example_params_ui_tutorial.py
[2024-11-26T15:16:53.911-0600] {processor.py:925} INFO - DAG(s) 'example_params_ui_tutorial' retrieved from /Library/Frameworks/Python.framework/Versions/3.8/lib/python3.8/site-packages/airflow/example_dags/example_params_ui_tutorial.py
[2024-11-26T15:16:53.955-0600] {logging_mixin.py:190} INFO - [2024-11-26T15:16:53.955-0600] {dag.py:3239} INFO - Sync 1 DAGs
[2024-11-26T15:16:53.959-0600] {logging_mixin.py:190} INFO - [2024-11-26T15:16:53.959-0600] {dag.py:4180} INFO - Setting next_dagrun for example_params_ui_tutorial to None, run_after=None
[2024-11-26T15:16:53.964-0600] {processor.py:208} INFO - Processing /Library/Frameworks/Python.framework/Versions/3.8/lib/python3.8/site-packages/airflow/example_dags/example_params_ui_tutorial.py took 0.067 seconds
[2024-11-26T15:18:28.894-0600] {processor.py:186} INFO - Started process (PID=22592) to work on /Library/Frameworks/Python.framework/Versions/3.8/lib/python3.8/site-packages/airflow/example_dags/example_params_ui_tutorial.py
[2024-11-26T15:18:28.894-0600] {processor.py:914} INFO - Processing file /Library/Frameworks/Python.framework/Versions/3.8/lib/python3.8/site-packages/airflow/example_dags/example_params_ui_tutorial.py for tasks to queue
[2024-11-26T15:18:28.894-0600] {logging_mixin.py:190} INFO - [2024-11-26T15:18:28.894-0600] {dagbag.py:588} INFO - Filling up the DagBag from /Library/Frameworks/Python.framework/Versions/3.8/lib/python3.8/site-packages/airflow/example_dags/example_params_ui_tutorial.py
[2024-11-26T15:18:28.906-0600] {processor.py:925} INFO - DAG(s) 'example_params_ui_tutorial' retrieved from /Library/Frameworks/Python.framework/Versions/3.8/lib/python3.8/site-packages/airflow/example_dags/example_params_ui_tutorial.py
[2024-11-26T15:18:28.950-0600] {logging_mixin.py:190} INFO - [2024-11-26T15:18:28.950-0600] {dag.py:3239} INFO - Sync 1 DAGs
[2024-11-26T15:18:28.953-0600] {logging_mixin.py:190} INFO - [2024-11-26T15:18:28.953-0600] {dag.py:4180} INFO - Setting next_dagrun for example_params_ui_tutorial to None, run_after=None
[2024-11-26T15:18:28.959-0600] {processor.py:208} INFO - Processing /Library/Frameworks/Python.framework/Versions/3.8/lib/python3.8/site-packages/airflow/example_dags/example_params_ui_tutorial.py took 0.066 seconds
[2024-11-26T15:20:45.934-0600] {processor.py:186} INFO - Started process (PID=22854) to work on /Library/Frameworks/Python.framework/Versions/3.8/lib/python3.8/site-packages/airflow/example_dags/example_params_ui_tutorial.py
[2024-11-26T15:20:45.934-0600] {processor.py:914} INFO - Processing file /Library/Frameworks/Python.framework/Versions/3.8/lib/python3.8/site-packages/airflow/example_dags/example_params_ui_tutorial.py for tasks to queue
[2024-11-26T15:20:45.934-0600] {logging_mixin.py:190} INFO - [2024-11-26T15:20:45.934-0600] {dagbag.py:588} INFO - Filling up the DagBag from /Library/Frameworks/Python.framework/Versions/3.8/lib/python3.8/site-packages/airflow/example_dags/example_params_ui_tutorial.py
[2024-11-26T15:20:45.946-0600] {processor.py:925} INFO - DAG(s) 'example_params_ui_tutorial' retrieved from /Library/Frameworks/Python.framework/Versions/3.8/lib/python3.8/site-packages/airflow/example_dags/example_params_ui_tutorial.py
[2024-11-26T15:20:45.990-0600] {logging_mixin.py:190} INFO - [2024-11-26T15:20:45.990-0600] {dag.py:3239} INFO - Sync 1 DAGs
[2024-11-26T15:20:45.994-0600] {logging_mixin.py:190} INFO - [2024-11-26T15:20:45.994-0600] {dag.py:4180} INFO - Setting next_dagrun for example_params_ui_tutorial to None, run_after=None
[2024-11-26T15:20:45.999-0600] {processor.py:208} INFO - Processing /Library/Frameworks/Python.framework/Versions/3.8/lib/python3.8/site-packages/airflow/example_dags/example_params_ui_tutorial.py took 0.067 seconds
[2024-11-26T15:22:59.085-0600] {processor.py:186} INFO - Started process (PID=23129) to work on /Library/Frameworks/Python.framework/Versions/3.8/lib/python3.8/site-packages/airflow/example_dags/example_params_ui_tutorial.py
[2024-11-26T15:22:59.085-0600] {processor.py:914} INFO - Processing file /Library/Frameworks/Python.framework/Versions/3.8/lib/python3.8/site-packages/airflow/example_dags/example_params_ui_tutorial.py for tasks to queue
[2024-11-26T15:22:59.086-0600] {logging_mixin.py:190} INFO - [2024-11-26T15:22:59.086-0600] {dagbag.py:588} INFO - Filling up the DagBag from /Library/Frameworks/Python.framework/Versions/3.8/lib/python3.8/site-packages/airflow/example_dags/example_params_ui_tutorial.py
[2024-11-26T15:22:59.098-0600] {processor.py:925} INFO - DAG(s) 'example_params_ui_tutorial' retrieved from /Library/Frameworks/Python.framework/Versions/3.8/lib/python3.8/site-packages/airflow/example_dags/example_params_ui_tutorial.py
[2024-11-26T15:22:59.144-0600] {logging_mixin.py:190} INFO - [2024-11-26T15:22:59.144-0600] {dag.py:3239} INFO - Sync 1 DAGs
[2024-11-26T15:22:59.147-0600] {logging_mixin.py:190} INFO - [2024-11-26T15:22:59.147-0600] {dag.py:4180} INFO - Setting next_dagrun for example_params_ui_tutorial to None, run_after=None
[2024-11-26T15:22:59.152-0600] {processor.py:208} INFO - Processing /Library/Frameworks/Python.framework/Versions/3.8/lib/python3.8/site-packages/airflow/example_dags/example_params_ui_tutorial.py took 0.069 seconds
[2024-11-26T15:33:46.572-0600] {processor.py:186} INFO - Started process (PID=23502) to work on /Library/Frameworks/Python.framework/Versions/3.8/lib/python3.8/site-packages/airflow/example_dags/example_params_ui_tutorial.py
[2024-11-26T15:33:46.573-0600] {processor.py:914} INFO - Processing file /Library/Frameworks/Python.framework/Versions/3.8/lib/python3.8/site-packages/airflow/example_dags/example_params_ui_tutorial.py for tasks to queue
[2024-11-26T15:33:46.574-0600] {logging_mixin.py:190} INFO - [2024-11-26T15:33:46.574-0600] {dagbag.py:588} INFO - Filling up the DagBag from /Library/Frameworks/Python.framework/Versions/3.8/lib/python3.8/site-packages/airflow/example_dags/example_params_ui_tutorial.py
[2024-11-26T15:33:46.586-0600] {processor.py:925} INFO - DAG(s) 'example_params_ui_tutorial' retrieved from /Library/Frameworks/Python.framework/Versions/3.8/lib/python3.8/site-packages/airflow/example_dags/example_params_ui_tutorial.py
[2024-11-26T15:33:46.630-0600] {logging_mixin.py:190} INFO - [2024-11-26T15:33:46.630-0600] {dag.py:3239} INFO - Sync 1 DAGs
[2024-11-26T15:33:46.633-0600] {logging_mixin.py:190} INFO - [2024-11-26T15:33:46.633-0600] {dag.py:4180} INFO - Setting next_dagrun for example_params_ui_tutorial to None, run_after=None
[2024-11-26T15:33:46.638-0600] {processor.py:208} INFO - Processing /Library/Frameworks/Python.framework/Versions/3.8/lib/python3.8/site-packages/airflow/example_dags/example_params_ui_tutorial.py took 0.068 seconds
[2024-11-26T15:35:26.195-0600] {processor.py:186} INFO - Started process (PID=23693) to work on /Library/Frameworks/Python.framework/Versions/3.8/lib/python3.8/site-packages/airflow/example_dags/example_params_ui_tutorial.py
[2024-11-26T15:35:26.195-0600] {processor.py:914} INFO - Processing file /Library/Frameworks/Python.framework/Versions/3.8/lib/python3.8/site-packages/airflow/example_dags/example_params_ui_tutorial.py for tasks to queue
[2024-11-26T15:35:26.196-0600] {logging_mixin.py:190} INFO - [2024-11-26T15:35:26.196-0600] {dagbag.py:588} INFO - Filling up the DagBag from /Library/Frameworks/Python.framework/Versions/3.8/lib/python3.8/site-packages/airflow/example_dags/example_params_ui_tutorial.py
[2024-11-26T15:35:26.208-0600] {processor.py:925} INFO - DAG(s) 'example_params_ui_tutorial' retrieved from /Library/Frameworks/Python.framework/Versions/3.8/lib/python3.8/site-packages/airflow/example_dags/example_params_ui_tutorial.py
[2024-11-26T15:35:26.253-0600] {logging_mixin.py:190} INFO - [2024-11-26T15:35:26.253-0600] {dag.py:3239} INFO - Sync 1 DAGs
[2024-11-26T15:35:26.256-0600] {logging_mixin.py:190} INFO - [2024-11-26T15:35:26.256-0600] {dag.py:4180} INFO - Setting next_dagrun for example_params_ui_tutorial to None, run_after=None
[2024-11-26T15:35:26.261-0600] {processor.py:208} INFO - Processing /Library/Frameworks/Python.framework/Versions/3.8/lib/python3.8/site-packages/airflow/example_dags/example_params_ui_tutorial.py took 0.068 seconds
[2024-11-26T15:37:41.538-0600] {processor.py:186} INFO - Started process (PID=23953) to work on /Library/Frameworks/Python.framework/Versions/3.8/lib/python3.8/site-packages/airflow/example_dags/example_params_ui_tutorial.py
[2024-11-26T15:37:41.538-0600] {processor.py:914} INFO - Processing file /Library/Frameworks/Python.framework/Versions/3.8/lib/python3.8/site-packages/airflow/example_dags/example_params_ui_tutorial.py for tasks to queue
[2024-11-26T15:37:41.538-0600] {logging_mixin.py:190} INFO - [2024-11-26T15:37:41.538-0600] {dagbag.py:588} INFO - Filling up the DagBag from /Library/Frameworks/Python.framework/Versions/3.8/lib/python3.8/site-packages/airflow/example_dags/example_params_ui_tutorial.py
[2024-11-26T15:37:41.551-0600] {processor.py:925} INFO - DAG(s) 'example_params_ui_tutorial' retrieved from /Library/Frameworks/Python.framework/Versions/3.8/lib/python3.8/site-packages/airflow/example_dags/example_params_ui_tutorial.py
[2024-11-26T15:37:41.597-0600] {logging_mixin.py:190} INFO - [2024-11-26T15:37:41.597-0600] {dag.py:3239} INFO - Sync 1 DAGs
[2024-11-26T15:37:41.600-0600] {logging_mixin.py:190} INFO - [2024-11-26T15:37:41.600-0600] {dag.py:4180} INFO - Setting next_dagrun for example_params_ui_tutorial to None, run_after=None
[2024-11-26T15:37:41.606-0600] {processor.py:208} INFO - Processing /Library/Frameworks/Python.framework/Versions/3.8/lib/python3.8/site-packages/airflow/example_dags/example_params_ui_tutorial.py took 0.069 seconds
[2024-11-26T15:39:54.344-0600] {processor.py:186} INFO - Started process (PID=24203) to work on /Library/Frameworks/Python.framework/Versions/3.8/lib/python3.8/site-packages/airflow/example_dags/example_params_ui_tutorial.py
[2024-11-26T15:39:54.345-0600] {processor.py:914} INFO - Processing file /Library/Frameworks/Python.framework/Versions/3.8/lib/python3.8/site-packages/airflow/example_dags/example_params_ui_tutorial.py for tasks to queue
[2024-11-26T15:39:54.345-0600] {logging_mixin.py:190} INFO - [2024-11-26T15:39:54.345-0600] {dagbag.py:588} INFO - Filling up the DagBag from /Library/Frameworks/Python.framework/Versions/3.8/lib/python3.8/site-packages/airflow/example_dags/example_params_ui_tutorial.py
[2024-11-26T15:39:54.358-0600] {processor.py:925} INFO - DAG(s) 'example_params_ui_tutorial' retrieved from /Library/Frameworks/Python.framework/Versions/3.8/lib/python3.8/site-packages/airflow/example_dags/example_params_ui_tutorial.py
[2024-11-26T15:39:54.402-0600] {logging_mixin.py:190} INFO - [2024-11-26T15:39:54.402-0600] {dag.py:3239} INFO - Sync 1 DAGs
[2024-11-26T15:39:54.406-0600] {logging_mixin.py:190} INFO - [2024-11-26T15:39:54.406-0600] {dag.py:4180} INFO - Setting next_dagrun for example_params_ui_tutorial to None, run_after=None
[2024-11-26T15:39:54.411-0600] {processor.py:208} INFO - Processing /Library/Frameworks/Python.framework/Versions/3.8/lib/python3.8/site-packages/airflow/example_dags/example_params_ui_tutorial.py took 0.068 seconds
[2024-11-26T15:42:11.871-0600] {processor.py:186} INFO - Started process (PID=24458) to work on /Library/Frameworks/Python.framework/Versions/3.8/lib/python3.8/site-packages/airflow/example_dags/example_params_ui_tutorial.py
[2024-11-26T15:42:11.872-0600] {processor.py:914} INFO - Processing file /Library/Frameworks/Python.framework/Versions/3.8/lib/python3.8/site-packages/airflow/example_dags/example_params_ui_tutorial.py for tasks to queue
[2024-11-26T15:42:11.872-0600] {logging_mixin.py:190} INFO - [2024-11-26T15:42:11.872-0600] {dagbag.py:588} INFO - Filling up the DagBag from /Library/Frameworks/Python.framework/Versions/3.8/lib/python3.8/site-packages/airflow/example_dags/example_params_ui_tutorial.py
[2024-11-26T15:42:11.885-0600] {processor.py:925} INFO - DAG(s) 'example_params_ui_tutorial' retrieved from /Library/Frameworks/Python.framework/Versions/3.8/lib/python3.8/site-packages/airflow/example_dags/example_params_ui_tutorial.py
[2024-11-26T15:42:11.930-0600] {logging_mixin.py:190} INFO - [2024-11-26T15:42:11.930-0600] {dag.py:3239} INFO - Sync 1 DAGs
[2024-11-26T15:42:11.934-0600] {logging_mixin.py:190} INFO - [2024-11-26T15:42:11.934-0600] {dag.py:4180} INFO - Setting next_dagrun for example_params_ui_tutorial to None, run_after=None
[2024-11-26T15:42:11.939-0600] {processor.py:208} INFO - Processing /Library/Frameworks/Python.framework/Versions/3.8/lib/python3.8/site-packages/airflow/example_dags/example_params_ui_tutorial.py took 0.069 seconds
[2024-11-26T15:44:27.100-0600] {processor.py:186} INFO - Started process (PID=24712) to work on /Library/Frameworks/Python.framework/Versions/3.8/lib/python3.8/site-packages/airflow/example_dags/example_params_ui_tutorial.py
[2024-11-26T15:44:27.100-0600] {processor.py:914} INFO - Processing file /Library/Frameworks/Python.framework/Versions/3.8/lib/python3.8/site-packages/airflow/example_dags/example_params_ui_tutorial.py for tasks to queue
[2024-11-26T15:44:27.101-0600] {logging_mixin.py:190} INFO - [2024-11-26T15:44:27.101-0600] {dagbag.py:588} INFO - Filling up the DagBag from /Library/Frameworks/Python.framework/Versions/3.8/lib/python3.8/site-packages/airflow/example_dags/example_params_ui_tutorial.py
[2024-11-26T15:44:27.113-0600] {processor.py:925} INFO - DAG(s) 'example_params_ui_tutorial' retrieved from /Library/Frameworks/Python.framework/Versions/3.8/lib/python3.8/site-packages/airflow/example_dags/example_params_ui_tutorial.py
[2024-11-26T15:44:27.159-0600] {logging_mixin.py:190} INFO - [2024-11-26T15:44:27.159-0600] {dag.py:3239} INFO - Sync 1 DAGs
[2024-11-26T15:44:27.162-0600] {logging_mixin.py:190} INFO - [2024-11-26T15:44:27.162-0600] {dag.py:4180} INFO - Setting next_dagrun for example_params_ui_tutorial to None, run_after=None
[2024-11-26T15:44:27.168-0600] {processor.py:208} INFO - Processing /Library/Frameworks/Python.framework/Versions/3.8/lib/python3.8/site-packages/airflow/example_dags/example_params_ui_tutorial.py took 0.069 seconds
[2024-11-26T15:46:44.135-0600] {processor.py:186} INFO - Started process (PID=24961) to work on /Library/Frameworks/Python.framework/Versions/3.8/lib/python3.8/site-packages/airflow/example_dags/example_params_ui_tutorial.py
[2024-11-26T15:46:44.135-0600] {processor.py:914} INFO - Processing file /Library/Frameworks/Python.framework/Versions/3.8/lib/python3.8/site-packages/airflow/example_dags/example_params_ui_tutorial.py for tasks to queue
[2024-11-26T15:46:44.135-0600] {logging_mixin.py:190} INFO - [2024-11-26T15:46:44.135-0600] {dagbag.py:588} INFO - Filling up the DagBag from /Library/Frameworks/Python.framework/Versions/3.8/lib/python3.8/site-packages/airflow/example_dags/example_params_ui_tutorial.py
[2024-11-26T15:46:44.148-0600] {processor.py:925} INFO - DAG(s) 'example_params_ui_tutorial' retrieved from /Library/Frameworks/Python.framework/Versions/3.8/lib/python3.8/site-packages/airflow/example_dags/example_params_ui_tutorial.py
[2024-11-26T15:46:44.192-0600] {logging_mixin.py:190} INFO - [2024-11-26T15:46:44.192-0600] {dag.py:3239} INFO - Sync 1 DAGs
[2024-11-26T15:46:44.196-0600] {logging_mixin.py:190} INFO - [2024-11-26T15:46:44.196-0600] {dag.py:4180} INFO - Setting next_dagrun for example_params_ui_tutorial to None, run_after=None
[2024-11-26T15:46:44.201-0600] {processor.py:208} INFO - Processing /Library/Frameworks/Python.framework/Versions/3.8/lib/python3.8/site-packages/airflow/example_dags/example_params_ui_tutorial.py took 0.068 seconds
[2024-11-26T15:48:55.265-0600] {processor.py:186} INFO - Started process (PID=25217) to work on /Library/Frameworks/Python.framework/Versions/3.8/lib/python3.8/site-packages/airflow/example_dags/example_params_ui_tutorial.py
[2024-11-26T15:48:55.267-0600] {processor.py:914} INFO - Processing file /Library/Frameworks/Python.framework/Versions/3.8/lib/python3.8/site-packages/airflow/example_dags/example_params_ui_tutorial.py for tasks to queue
[2024-11-26T15:48:55.267-0600] {logging_mixin.py:190} INFO - [2024-11-26T15:48:55.267-0600] {dagbag.py:588} INFO - Filling up the DagBag from /Library/Frameworks/Python.framework/Versions/3.8/lib/python3.8/site-packages/airflow/example_dags/example_params_ui_tutorial.py
[2024-11-26T15:48:55.279-0600] {processor.py:925} INFO - DAG(s) 'example_params_ui_tutorial' retrieved from /Library/Frameworks/Python.framework/Versions/3.8/lib/python3.8/site-packages/airflow/example_dags/example_params_ui_tutorial.py
[2024-11-26T15:48:55.324-0600] {logging_mixin.py:190} INFO - [2024-11-26T15:48:55.324-0600] {dag.py:3239} INFO - Sync 1 DAGs
[2024-11-26T15:48:55.328-0600] {logging_mixin.py:190} INFO - [2024-11-26T15:48:55.328-0600] {dag.py:4180} INFO - Setting next_dagrun for example_params_ui_tutorial to None, run_after=None
[2024-11-26T15:48:55.333-0600] {processor.py:208} INFO - Processing /Library/Frameworks/Python.framework/Versions/3.8/lib/python3.8/site-packages/airflow/example_dags/example_params_ui_tutorial.py took 0.068 seconds
[2024-11-26T15:51:06.824-0600] {processor.py:186} INFO - Started process (PID=25484) to work on /Library/Frameworks/Python.framework/Versions/3.8/lib/python3.8/site-packages/airflow/example_dags/example_params_ui_tutorial.py
[2024-11-26T15:51:06.825-0600] {processor.py:914} INFO - Processing file /Library/Frameworks/Python.framework/Versions/3.8/lib/python3.8/site-packages/airflow/example_dags/example_params_ui_tutorial.py for tasks to queue
[2024-11-26T15:51:06.825-0600] {logging_mixin.py:190} INFO - [2024-11-26T15:51:06.825-0600] {dagbag.py:588} INFO - Filling up the DagBag from /Library/Frameworks/Python.framework/Versions/3.8/lib/python3.8/site-packages/airflow/example_dags/example_params_ui_tutorial.py
[2024-11-26T15:51:06.837-0600] {processor.py:925} INFO - DAG(s) 'example_params_ui_tutorial' retrieved from /Library/Frameworks/Python.framework/Versions/3.8/lib/python3.8/site-packages/airflow/example_dags/example_params_ui_tutorial.py
[2024-11-26T15:51:06.882-0600] {logging_mixin.py:190} INFO - [2024-11-26T15:51:06.882-0600] {dag.py:3239} INFO - Sync 1 DAGs
[2024-11-26T15:51:06.886-0600] {logging_mixin.py:190} INFO - [2024-11-26T15:51:06.886-0600] {dag.py:4180} INFO - Setting next_dagrun for example_params_ui_tutorial to None, run_after=None
[2024-11-26T15:51:06.891-0600] {processor.py:208} INFO - Processing /Library/Frameworks/Python.framework/Versions/3.8/lib/python3.8/site-packages/airflow/example_dags/example_params_ui_tutorial.py took 0.068 seconds
[2024-11-26T15:53:24.058-0600] {processor.py:186} INFO - Started process (PID=25731) to work on /Library/Frameworks/Python.framework/Versions/3.8/lib/python3.8/site-packages/airflow/example_dags/example_params_ui_tutorial.py
[2024-11-26T15:53:24.059-0600] {processor.py:914} INFO - Processing file /Library/Frameworks/Python.framework/Versions/3.8/lib/python3.8/site-packages/airflow/example_dags/example_params_ui_tutorial.py for tasks to queue
[2024-11-26T15:53:24.059-0600] {logging_mixin.py:190} INFO - [2024-11-26T15:53:24.059-0600] {dagbag.py:588} INFO - Filling up the DagBag from /Library/Frameworks/Python.framework/Versions/3.8/lib/python3.8/site-packages/airflow/example_dags/example_params_ui_tutorial.py
[2024-11-26T15:53:24.071-0600] {processor.py:925} INFO - DAG(s) 'example_params_ui_tutorial' retrieved from /Library/Frameworks/Python.framework/Versions/3.8/lib/python3.8/site-packages/airflow/example_dags/example_params_ui_tutorial.py
[2024-11-26T15:53:24.116-0600] {logging_mixin.py:190} INFO - [2024-11-26T15:53:24.116-0600] {dag.py:3239} INFO - Sync 1 DAGs
[2024-11-26T15:53:24.120-0600] {logging_mixin.py:190} INFO - [2024-11-26T15:53:24.120-0600] {dag.py:4180} INFO - Setting next_dagrun for example_params_ui_tutorial to None, run_after=None
[2024-11-26T15:53:24.125-0600] {processor.py:208} INFO - Processing /Library/Frameworks/Python.framework/Versions/3.8/lib/python3.8/site-packages/airflow/example_dags/example_params_ui_tutorial.py took 0.068 seconds
[2024-11-26T15:55:46.999-0600] {processor.py:186} INFO - Started process (PID=26006) to work on /Library/Frameworks/Python.framework/Versions/3.8/lib/python3.8/site-packages/airflow/example_dags/example_params_ui_tutorial.py
[2024-11-26T15:55:47.000-0600] {processor.py:914} INFO - Processing file /Library/Frameworks/Python.framework/Versions/3.8/lib/python3.8/site-packages/airflow/example_dags/example_params_ui_tutorial.py for tasks to queue
[2024-11-26T15:55:47.000-0600] {logging_mixin.py:190} INFO - [2024-11-26T15:55:47.000-0600] {dagbag.py:588} INFO - Filling up the DagBag from /Library/Frameworks/Python.framework/Versions/3.8/lib/python3.8/site-packages/airflow/example_dags/example_params_ui_tutorial.py
[2024-11-26T15:55:47.013-0600] {processor.py:925} INFO - DAG(s) 'example_params_ui_tutorial' retrieved from /Library/Frameworks/Python.framework/Versions/3.8/lib/python3.8/site-packages/airflow/example_dags/example_params_ui_tutorial.py
[2024-11-26T15:55:47.059-0600] {logging_mixin.py:190} INFO - [2024-11-26T15:55:47.059-0600] {dag.py:3239} INFO - Sync 1 DAGs
[2024-11-26T15:55:47.063-0600] {logging_mixin.py:190} INFO - [2024-11-26T15:55:47.063-0600] {dag.py:4180} INFO - Setting next_dagrun for example_params_ui_tutorial to None, run_after=None
[2024-11-26T15:55:47.068-0600] {processor.py:208} INFO - Processing /Library/Frameworks/Python.framework/Versions/3.8/lib/python3.8/site-packages/airflow/example_dags/example_params_ui_tutorial.py took 0.070 seconds
[2024-11-26T15:58:06.294-0600] {processor.py:186} INFO - Started process (PID=26301) to work on /Library/Frameworks/Python.framework/Versions/3.8/lib/python3.8/site-packages/airflow/example_dags/example_params_ui_tutorial.py
[2024-11-26T15:58:06.295-0600] {processor.py:914} INFO - Processing file /Library/Frameworks/Python.framework/Versions/3.8/lib/python3.8/site-packages/airflow/example_dags/example_params_ui_tutorial.py for tasks to queue
[2024-11-26T15:58:06.295-0600] {logging_mixin.py:190} INFO - [2024-11-26T15:58:06.295-0600] {dagbag.py:588} INFO - Filling up the DagBag from /Library/Frameworks/Python.framework/Versions/3.8/lib/python3.8/site-packages/airflow/example_dags/example_params_ui_tutorial.py
[2024-11-26T15:58:06.307-0600] {processor.py:925} INFO - DAG(s) 'example_params_ui_tutorial' retrieved from /Library/Frameworks/Python.framework/Versions/3.8/lib/python3.8/site-packages/airflow/example_dags/example_params_ui_tutorial.py
[2024-11-26T15:58:06.352-0600] {logging_mixin.py:190} INFO - [2024-11-26T15:58:06.352-0600] {dag.py:3239} INFO - Sync 1 DAGs
[2024-11-26T15:58:06.356-0600] {logging_mixin.py:190} INFO - [2024-11-26T15:58:06.355-0600] {dag.py:4180} INFO - Setting next_dagrun for example_params_ui_tutorial to None, run_after=None
[2024-11-26T15:58:06.361-0600] {processor.py:208} INFO - Processing /Library/Frameworks/Python.framework/Versions/3.8/lib/python3.8/site-packages/airflow/example_dags/example_params_ui_tutorial.py took 0.068 seconds
[2024-11-26T16:00:21.024-0600] {processor.py:186} INFO - Started process (PID=26585) to work on /Library/Frameworks/Python.framework/Versions/3.8/lib/python3.8/site-packages/airflow/example_dags/example_params_ui_tutorial.py
[2024-11-26T16:00:21.025-0600] {processor.py:914} INFO - Processing file /Library/Frameworks/Python.framework/Versions/3.8/lib/python3.8/site-packages/airflow/example_dags/example_params_ui_tutorial.py for tasks to queue
[2024-11-26T16:00:21.025-0600] {logging_mixin.py:190} INFO - [2024-11-26T16:00:21.025-0600] {dagbag.py:588} INFO - Filling up the DagBag from /Library/Frameworks/Python.framework/Versions/3.8/lib/python3.8/site-packages/airflow/example_dags/example_params_ui_tutorial.py
[2024-11-26T16:00:21.038-0600] {processor.py:925} INFO - DAG(s) 'example_params_ui_tutorial' retrieved from /Library/Frameworks/Python.framework/Versions/3.8/lib/python3.8/site-packages/airflow/example_dags/example_params_ui_tutorial.py
[2024-11-26T16:00:21.083-0600] {logging_mixin.py:190} INFO - [2024-11-26T16:00:21.083-0600] {dag.py:3239} INFO - Sync 1 DAGs
[2024-11-26T16:00:21.086-0600] {logging_mixin.py:190} INFO - [2024-11-26T16:00:21.086-0600] {dag.py:4180} INFO - Setting next_dagrun for example_params_ui_tutorial to None, run_after=None
[2024-11-26T16:00:21.091-0600] {processor.py:208} INFO - Processing /Library/Frameworks/Python.framework/Versions/3.8/lib/python3.8/site-packages/airflow/example_dags/example_params_ui_tutorial.py took 0.069 seconds
[2024-11-26T16:02:35.656-0600] {processor.py:186} INFO - Started process (PID=26841) to work on /Library/Frameworks/Python.framework/Versions/3.8/lib/python3.8/site-packages/airflow/example_dags/example_params_ui_tutorial.py
[2024-11-26T16:02:35.658-0600] {processor.py:914} INFO - Processing file /Library/Frameworks/Python.framework/Versions/3.8/lib/python3.8/site-packages/airflow/example_dags/example_params_ui_tutorial.py for tasks to queue
[2024-11-26T16:02:35.659-0600] {logging_mixin.py:190} INFO - [2024-11-26T16:02:35.659-0600] {dagbag.py:588} INFO - Filling up the DagBag from /Library/Frameworks/Python.framework/Versions/3.8/lib/python3.8/site-packages/airflow/example_dags/example_params_ui_tutorial.py
[2024-11-26T16:02:35.677-0600] {processor.py:925} INFO - DAG(s) 'example_params_ui_tutorial' retrieved from /Library/Frameworks/Python.framework/Versions/3.8/lib/python3.8/site-packages/airflow/example_dags/example_params_ui_tutorial.py
[2024-11-26T16:02:35.724-0600] {logging_mixin.py:190} INFO - [2024-11-26T16:02:35.724-0600] {dag.py:3239} INFO - Sync 1 DAGs
[2024-11-26T16:02:35.728-0600] {logging_mixin.py:190} INFO - [2024-11-26T16:02:35.728-0600] {dag.py:4180} INFO - Setting next_dagrun for example_params_ui_tutorial to None, run_after=None
[2024-11-26T16:02:35.733-0600] {processor.py:208} INFO - Processing /Library/Frameworks/Python.framework/Versions/3.8/lib/python3.8/site-packages/airflow/example_dags/example_params_ui_tutorial.py took 0.079 seconds
[2024-11-26T16:04:51.542-0600] {processor.py:186} INFO - Started process (PID=27092) to work on /Library/Frameworks/Python.framework/Versions/3.8/lib/python3.8/site-packages/airflow/example_dags/example_params_ui_tutorial.py
[2024-11-26T16:04:51.543-0600] {processor.py:914} INFO - Processing file /Library/Frameworks/Python.framework/Versions/3.8/lib/python3.8/site-packages/airflow/example_dags/example_params_ui_tutorial.py for tasks to queue
[2024-11-26T16:04:51.543-0600] {logging_mixin.py:190} INFO - [2024-11-26T16:04:51.543-0600] {dagbag.py:588} INFO - Filling up the DagBag from /Library/Frameworks/Python.framework/Versions/3.8/lib/python3.8/site-packages/airflow/example_dags/example_params_ui_tutorial.py
[2024-11-26T16:04:51.555-0600] {processor.py:925} INFO - DAG(s) 'example_params_ui_tutorial' retrieved from /Library/Frameworks/Python.framework/Versions/3.8/lib/python3.8/site-packages/airflow/example_dags/example_params_ui_tutorial.py
[2024-11-26T16:04:51.600-0600] {logging_mixin.py:190} INFO - [2024-11-26T16:04:51.600-0600] {dag.py:3239} INFO - Sync 1 DAGs
[2024-11-26T16:04:51.603-0600] {logging_mixin.py:190} INFO - [2024-11-26T16:04:51.603-0600] {dag.py:4180} INFO - Setting next_dagrun for example_params_ui_tutorial to None, run_after=None
[2024-11-26T16:04:51.608-0600] {processor.py:208} INFO - Processing /Library/Frameworks/Python.framework/Versions/3.8/lib/python3.8/site-packages/airflow/example_dags/example_params_ui_tutorial.py took 0.067 seconds
[2024-11-26T17:15:28.420-0600] {processor.py:186} INFO - Started process (PID=27348) to work on /Library/Frameworks/Python.framework/Versions/3.8/lib/python3.8/site-packages/airflow/example_dags/example_params_ui_tutorial.py
[2024-11-26T17:15:28.420-0600] {processor.py:914} INFO - Processing file /Library/Frameworks/Python.framework/Versions/3.8/lib/python3.8/site-packages/airflow/example_dags/example_params_ui_tutorial.py for tasks to queue
[2024-11-26T17:15:28.420-0600] {logging_mixin.py:190} INFO - [2024-11-26T17:15:28.420-0600] {dagbag.py:588} INFO - Filling up the DagBag from /Library/Frameworks/Python.framework/Versions/3.8/lib/python3.8/site-packages/airflow/example_dags/example_params_ui_tutorial.py
[2024-11-26T17:15:28.432-0600] {processor.py:925} INFO - DAG(s) 'example_params_ui_tutorial' retrieved from /Library/Frameworks/Python.framework/Versions/3.8/lib/python3.8/site-packages/airflow/example_dags/example_params_ui_tutorial.py
[2024-11-26T17:15:28.473-0600] {logging_mixin.py:190} INFO - [2024-11-26T17:15:28.473-0600] {dag.py:3239} INFO - Sync 1 DAGs
[2024-11-26T17:15:28.477-0600] {logging_mixin.py:190} INFO - [2024-11-26T17:15:28.477-0600] {dag.py:4180} INFO - Setting next_dagrun for example_params_ui_tutorial to None, run_after=None
[2024-11-26T17:15:28.482-0600] {processor.py:208} INFO - Processing /Library/Frameworks/Python.framework/Versions/3.8/lib/python3.8/site-packages/airflow/example_dags/example_params_ui_tutorial.py took 0.063 seconds
[2024-11-26T17:21:22.985-0600] {processor.py:186} INFO - Started process (PID=27477) to work on /Library/Frameworks/Python.framework/Versions/3.8/lib/python3.8/site-packages/airflow/example_dags/example_params_ui_tutorial.py
[2024-11-26T17:21:22.986-0600] {processor.py:914} INFO - Processing file /Library/Frameworks/Python.framework/Versions/3.8/lib/python3.8/site-packages/airflow/example_dags/example_params_ui_tutorial.py for tasks to queue
[2024-11-26T17:21:22.987-0600] {logging_mixin.py:190} INFO - [2024-11-26T17:21:22.987-0600] {dagbag.py:588} INFO - Filling up the DagBag from /Library/Frameworks/Python.framework/Versions/3.8/lib/python3.8/site-packages/airflow/example_dags/example_params_ui_tutorial.py
[2024-11-26T17:21:22.998-0600] {processor.py:925} INFO - DAG(s) 'example_params_ui_tutorial' retrieved from /Library/Frameworks/Python.framework/Versions/3.8/lib/python3.8/site-packages/airflow/example_dags/example_params_ui_tutorial.py
[2024-11-26T17:21:23.040-0600] {logging_mixin.py:190} INFO - [2024-11-26T17:21:23.040-0600] {dag.py:3239} INFO - Sync 1 DAGs
[2024-11-26T17:21:23.043-0600] {logging_mixin.py:190} INFO - [2024-11-26T17:21:23.043-0600] {dag.py:4180} INFO - Setting next_dagrun for example_params_ui_tutorial to None, run_after=None
[2024-11-26T17:21:23.048-0600] {processor.py:208} INFO - Processing /Library/Frameworks/Python.framework/Versions/3.8/lib/python3.8/site-packages/airflow/example_dags/example_params_ui_tutorial.py took 0.064 seconds
