[2024-11-26T14:18:06.770-0600] {processor.py:186} INFO - Started process (PID=17887) to work on /Users/beprathap/PycharmProjects/YouTube-airflow/airflow-venv/lib/python3.8/site-packages/airflow/example_dags/example_sensor_decorator.py
[2024-11-26T14:18:06.771-0600] {processor.py:914} INFO - Processing file /Users/beprathap/PycharmProjects/YouTube-airflow/airflow-venv/lib/python3.8/site-packages/airflow/example_dags/example_sensor_decorator.py for tasks to queue
[2024-11-26T14:18:06.771-0600] {logging_mixin.py:190} INFO - [2024-11-26T14:18:06.771-0600] {dagbag.py:588} INFO - Filling up the DagBag from /Users/beprathap/PycharmProjects/YouTube-airflow/airflow-venv/lib/python3.8/site-packages/airflow/example_dags/example_sensor_decorator.py
[2024-11-26T14:18:06.782-0600] {processor.py:925} INFO - DAG(s) 'example_sensor_decorator' retrieved from /Users/beprathap/PycharmProjects/YouTube-airflow/airflow-venv/lib/python3.8/site-packages/airflow/example_dags/example_sensor_decorator.py
[2024-11-26T14:18:06.812-0600] {logging_mixin.py:190} INFO - [2024-11-26T14:18:06.812-0600] {workday.py:41} WARNING - Could not import pandas. Holidays will not be considered.
[2024-11-26T14:18:06.845-0600] {logging_mixin.py:190} INFO - [2024-11-26T14:18:06.845-0600] {override.py:1901} INFO - Created Permission View: can delete on DAG:example_sensor_decorator
[2024-11-26T14:18:06.847-0600] {logging_mixin.py:190} INFO - [2024-11-26T14:18:06.847-0600] {override.py:1901} INFO - Created Permission View: can edit on DAG:example_sensor_decorator
[2024-11-26T14:18:06.849-0600] {logging_mixin.py:190} INFO - [2024-11-26T14:18:06.849-0600] {override.py:1901} INFO - Created Permission View: can read on DAG:example_sensor_decorator
[2024-11-26T14:18:06.851-0600] {logging_mixin.py:190} INFO - [2024-11-26T14:18:06.851-0600] {override.py:1901} INFO - Created Permission View: can delete on DAG Run:example_sensor_decorator
[2024-11-26T14:18:06.852-0600] {logging_mixin.py:190} INFO - [2024-11-26T14:18:06.852-0600] {override.py:1901} INFO - Created Permission View: can create on DAG Run:example_sensor_decorator
[2024-11-26T14:18:06.854-0600] {logging_mixin.py:190} INFO - [2024-11-26T14:18:06.854-0600] {override.py:1901} INFO - Created Permission View: menu access on DAG Run:example_sensor_decorator
[2024-11-26T14:18:06.855-0600] {logging_mixin.py:190} INFO - [2024-11-26T14:18:06.855-0600] {override.py:1901} INFO - Created Permission View: can read on DAG Run:example_sensor_decorator
[2024-11-26T14:18:06.855-0600] {logging_mixin.py:190} INFO - [2024-11-26T14:18:06.855-0600] {dag.py:3239} INFO - Sync 1 DAGs
[2024-11-26T14:18:06.859-0600] {logging_mixin.py:190} INFO - [2024-11-26T14:18:06.859-0600] {dag.py:3262} INFO - Creating ORM DAG for example_sensor_decorator
[2024-11-26T14:18:06.859-0600] {logging_mixin.py:190} INFO - [2024-11-26T14:18:06.859-0600] {dag.py:4180} INFO - Setting next_dagrun for example_sensor_decorator to None, run_after=None
[2024-11-26T14:18:06.863-0600] {processor.py:208} INFO - Processing /Users/beprathap/PycharmProjects/YouTube-airflow/airflow-venv/lib/python3.8/site-packages/airflow/example_dags/example_sensor_decorator.py took 0.094 seconds
[2024-11-26T14:19:44.963-0600] {processor.py:186} INFO - Started process (PID=18070) to work on /Users/beprathap/PycharmProjects/YouTube-airflow/airflow-venv/lib/python3.8/site-packages/airflow/example_dags/example_sensor_decorator.py
[2024-11-26T14:19:44.964-0600] {processor.py:914} INFO - Processing file /Users/beprathap/PycharmProjects/YouTube-airflow/airflow-venv/lib/python3.8/site-packages/airflow/example_dags/example_sensor_decorator.py for tasks to queue
[2024-11-26T14:19:44.964-0600] {logging_mixin.py:190} INFO - [2024-11-26T14:19:44.964-0600] {dagbag.py:588} INFO - Filling up the DagBag from /Users/beprathap/PycharmProjects/YouTube-airflow/airflow-venv/lib/python3.8/site-packages/airflow/example_dags/example_sensor_decorator.py
[2024-11-26T14:19:44.976-0600] {processor.py:925} INFO - DAG(s) 'example_sensor_decorator' retrieved from /Users/beprathap/PycharmProjects/YouTube-airflow/airflow-venv/lib/python3.8/site-packages/airflow/example_dags/example_sensor_decorator.py
[2024-11-26T14:19:45.006-0600] {logging_mixin.py:190} INFO - [2024-11-26T14:19:45.006-0600] {workday.py:41} WARNING - Could not import pandas. Holidays will not be considered.
[2024-11-26T14:19:45.012-0600] {logging_mixin.py:190} INFO - [2024-11-26T14:19:45.012-0600] {dag.py:3239} INFO - Sync 1 DAGs
[2024-11-26T14:19:45.016-0600] {logging_mixin.py:190} INFO - [2024-11-26T14:19:45.015-0600] {dag.py:4180} INFO - Setting next_dagrun for example_sensor_decorator to None, run_after=None
[2024-11-26T14:19:45.021-0600] {processor.py:208} INFO - Processing /Users/beprathap/PycharmProjects/YouTube-airflow/airflow-venv/lib/python3.8/site-packages/airflow/example_dags/example_sensor_decorator.py took 0.059 seconds
[2024-11-26T14:21:59.555-0600] {processor.py:186} INFO - Started process (PID=18327) to work on /Users/beprathap/PycharmProjects/YouTube-airflow/airflow-venv/lib/python3.8/site-packages/airflow/example_dags/example_sensor_decorator.py
[2024-11-26T14:21:59.556-0600] {processor.py:914} INFO - Processing file /Users/beprathap/PycharmProjects/YouTube-airflow/airflow-venv/lib/python3.8/site-packages/airflow/example_dags/example_sensor_decorator.py for tasks to queue
[2024-11-26T14:21:59.556-0600] {logging_mixin.py:190} INFO - [2024-11-26T14:21:59.556-0600] {dagbag.py:588} INFO - Filling up the DagBag from /Users/beprathap/PycharmProjects/YouTube-airflow/airflow-venv/lib/python3.8/site-packages/airflow/example_dags/example_sensor_decorator.py
[2024-11-26T14:21:59.567-0600] {processor.py:925} INFO - DAG(s) 'example_sensor_decorator' retrieved from /Users/beprathap/PycharmProjects/YouTube-airflow/airflow-venv/lib/python3.8/site-packages/airflow/example_dags/example_sensor_decorator.py
[2024-11-26T14:21:59.597-0600] {logging_mixin.py:190} INFO - [2024-11-26T14:21:59.597-0600] {workday.py:41} WARNING - Could not import pandas. Holidays will not be considered.
[2024-11-26T14:21:59.602-0600] {logging_mixin.py:190} INFO - [2024-11-26T14:21:59.602-0600] {dag.py:3239} INFO - Sync 1 DAGs
[2024-11-26T14:21:59.606-0600] {logging_mixin.py:190} INFO - [2024-11-26T14:21:59.606-0600] {dag.py:4180} INFO - Setting next_dagrun for example_sensor_decorator to None, run_after=None
[2024-11-26T14:21:59.611-0600] {processor.py:208} INFO - Processing /Users/beprathap/PycharmProjects/YouTube-airflow/airflow-venv/lib/python3.8/site-packages/airflow/example_dags/example_sensor_decorator.py took 0.057 seconds
[2024-11-26T14:24:10.392-0600] {processor.py:186} INFO - Started process (PID=18595) to work on /Users/beprathap/PycharmProjects/YouTube-airflow/airflow-venv/lib/python3.8/site-packages/airflow/example_dags/example_sensor_decorator.py
[2024-11-26T14:24:10.393-0600] {processor.py:914} INFO - Processing file /Users/beprathap/PycharmProjects/YouTube-airflow/airflow-venv/lib/python3.8/site-packages/airflow/example_dags/example_sensor_decorator.py for tasks to queue
[2024-11-26T14:24:10.393-0600] {logging_mixin.py:190} INFO - [2024-11-26T14:24:10.393-0600] {dagbag.py:588} INFO - Filling up the DagBag from /Users/beprathap/PycharmProjects/YouTube-airflow/airflow-venv/lib/python3.8/site-packages/airflow/example_dags/example_sensor_decorator.py
[2024-11-26T14:24:10.405-0600] {processor.py:925} INFO - DAG(s) 'example_sensor_decorator' retrieved from /Users/beprathap/PycharmProjects/YouTube-airflow/airflow-venv/lib/python3.8/site-packages/airflow/example_dags/example_sensor_decorator.py
[2024-11-26T14:24:10.436-0600] {logging_mixin.py:190} INFO - [2024-11-26T14:24:10.436-0600] {workday.py:41} WARNING - Could not import pandas. Holidays will not be considered.
[2024-11-26T14:24:10.442-0600] {logging_mixin.py:190} INFO - [2024-11-26T14:24:10.442-0600] {dag.py:3239} INFO - Sync 1 DAGs
[2024-11-26T14:24:10.445-0600] {logging_mixin.py:190} INFO - [2024-11-26T14:24:10.445-0600] {dag.py:4180} INFO - Setting next_dagrun for example_sensor_decorator to None, run_after=None
[2024-11-26T14:24:10.451-0600] {processor.py:208} INFO - Processing /Users/beprathap/PycharmProjects/YouTube-airflow/airflow-venv/lib/python3.8/site-packages/airflow/example_dags/example_sensor_decorator.py took 0.061 seconds
[2024-11-26T14:26:18.186-0600] {processor.py:186} INFO - Started process (PID=18844) to work on /Users/beprathap/PycharmProjects/YouTube-airflow/airflow-venv/lib/python3.8/site-packages/airflow/example_dags/example_sensor_decorator.py
[2024-11-26T14:26:18.188-0600] {processor.py:914} INFO - Processing file /Users/beprathap/PycharmProjects/YouTube-airflow/airflow-venv/lib/python3.8/site-packages/airflow/example_dags/example_sensor_decorator.py for tasks to queue
[2024-11-26T14:26:18.188-0600] {logging_mixin.py:190} INFO - [2024-11-26T14:26:18.188-0600] {dagbag.py:588} INFO - Filling up the DagBag from /Users/beprathap/PycharmProjects/YouTube-airflow/airflow-venv/lib/python3.8/site-packages/airflow/example_dags/example_sensor_decorator.py
[2024-11-26T14:26:18.199-0600] {processor.py:925} INFO - DAG(s) 'example_sensor_decorator' retrieved from /Users/beprathap/PycharmProjects/YouTube-airflow/airflow-venv/lib/python3.8/site-packages/airflow/example_dags/example_sensor_decorator.py
[2024-11-26T14:26:18.229-0600] {logging_mixin.py:190} INFO - [2024-11-26T14:26:18.229-0600] {workday.py:41} WARNING - Could not import pandas. Holidays will not be considered.
[2024-11-26T14:26:18.235-0600] {logging_mixin.py:190} INFO - [2024-11-26T14:26:18.235-0600] {dag.py:3239} INFO - Sync 1 DAGs
[2024-11-26T14:26:18.238-0600] {logging_mixin.py:190} INFO - [2024-11-26T14:26:18.238-0600] {dag.py:4180} INFO - Setting next_dagrun for example_sensor_decorator to None, run_after=None
[2024-11-26T14:26:18.244-0600] {processor.py:208} INFO - Processing /Users/beprathap/PycharmProjects/YouTube-airflow/airflow-venv/lib/python3.8/site-packages/airflow/example_dags/example_sensor_decorator.py took 0.059 seconds
[2024-11-26T14:28:24.537-0600] {processor.py:186} INFO - Started process (PID=19073) to work on /Users/beprathap/PycharmProjects/YouTube-airflow/airflow-venv/lib/python3.8/site-packages/airflow/example_dags/example_sensor_decorator.py
[2024-11-26T14:28:24.538-0600] {processor.py:914} INFO - Processing file /Users/beprathap/PycharmProjects/YouTube-airflow/airflow-venv/lib/python3.8/site-packages/airflow/example_dags/example_sensor_decorator.py for tasks to queue
[2024-11-26T14:28:24.538-0600] {logging_mixin.py:190} INFO - [2024-11-26T14:28:24.538-0600] {dagbag.py:588} INFO - Filling up the DagBag from /Users/beprathap/PycharmProjects/YouTube-airflow/airflow-venv/lib/python3.8/site-packages/airflow/example_dags/example_sensor_decorator.py
[2024-11-26T14:28:24.552-0600] {processor.py:925} INFO - DAG(s) 'example_sensor_decorator' retrieved from /Users/beprathap/PycharmProjects/YouTube-airflow/airflow-venv/lib/python3.8/site-packages/airflow/example_dags/example_sensor_decorator.py
[2024-11-26T14:28:24.584-0600] {logging_mixin.py:190} INFO - [2024-11-26T14:28:24.584-0600] {workday.py:41} WARNING - Could not import pandas. Holidays will not be considered.
[2024-11-26T14:28:24.590-0600] {logging_mixin.py:190} INFO - [2024-11-26T14:28:24.590-0600] {dag.py:3239} INFO - Sync 1 DAGs
[2024-11-26T14:28:24.594-0600] {logging_mixin.py:190} INFO - [2024-11-26T14:28:24.593-0600] {dag.py:4180} INFO - Setting next_dagrun for example_sensor_decorator to None, run_after=None
[2024-11-26T14:28:24.599-0600] {processor.py:208} INFO - Processing /Users/beprathap/PycharmProjects/YouTube-airflow/airflow-venv/lib/python3.8/site-packages/airflow/example_dags/example_sensor_decorator.py took 0.063 seconds
[2024-11-26T14:36:29.262-0600] {processor.py:186} INFO - Started process (PID=19565) to work on /Users/beprathap/PycharmProjects/YouTube-airflow/airflow-venv/lib/python3.8/site-packages/airflow/example_dags/example_sensor_decorator.py
[2024-11-26T14:36:29.263-0600] {processor.py:914} INFO - Processing file /Users/beprathap/PycharmProjects/YouTube-airflow/airflow-venv/lib/python3.8/site-packages/airflow/example_dags/example_sensor_decorator.py for tasks to queue
[2024-11-26T14:36:29.264-0600] {logging_mixin.py:190} INFO - [2024-11-26T14:36:29.264-0600] {dagbag.py:588} INFO - Filling up the DagBag from /Users/beprathap/PycharmProjects/YouTube-airflow/airflow-venv/lib/python3.8/site-packages/airflow/example_dags/example_sensor_decorator.py
[2024-11-26T14:36:29.275-0600] {processor.py:925} INFO - DAG(s) 'example_sensor_decorator' retrieved from /Users/beprathap/PycharmProjects/YouTube-airflow/airflow-venv/lib/python3.8/site-packages/airflow/example_dags/example_sensor_decorator.py
[2024-11-26T14:36:29.306-0600] {logging_mixin.py:190} INFO - [2024-11-26T14:36:29.306-0600] {workday.py:41} WARNING - Could not import pandas. Holidays will not be considered.
[2024-11-26T14:36:29.312-0600] {logging_mixin.py:190} INFO - [2024-11-26T14:36:29.312-0600] {dag.py:3239} INFO - Sync 1 DAGs
[2024-11-26T14:36:29.316-0600] {logging_mixin.py:190} INFO - [2024-11-26T14:36:29.316-0600] {dag.py:4180} INFO - Setting next_dagrun for example_sensor_decorator to None, run_after=None
[2024-11-26T14:36:29.321-0600] {processor.py:208} INFO - Processing /Users/beprathap/PycharmProjects/YouTube-airflow/airflow-venv/lib/python3.8/site-packages/airflow/example_dags/example_sensor_decorator.py took 0.060 seconds
[2024-11-26T14:38:09.163-0600] {processor.py:186} INFO - Started process (PID=19738) to work on /Users/beprathap/PycharmProjects/YouTube-airflow/airflow-venv/lib/python3.8/site-packages/airflow/example_dags/example_sensor_decorator.py
[2024-11-26T14:38:09.163-0600] {processor.py:914} INFO - Processing file /Users/beprathap/PycharmProjects/YouTube-airflow/airflow-venv/lib/python3.8/site-packages/airflow/example_dags/example_sensor_decorator.py for tasks to queue
[2024-11-26T14:38:09.163-0600] {logging_mixin.py:190} INFO - [2024-11-26T14:38:09.163-0600] {dagbag.py:588} INFO - Filling up the DagBag from /Users/beprathap/PycharmProjects/YouTube-airflow/airflow-venv/lib/python3.8/site-packages/airflow/example_dags/example_sensor_decorator.py
[2024-11-26T14:38:09.175-0600] {processor.py:925} INFO - DAG(s) 'example_sensor_decorator' retrieved from /Users/beprathap/PycharmProjects/YouTube-airflow/airflow-venv/lib/python3.8/site-packages/airflow/example_dags/example_sensor_decorator.py
[2024-11-26T14:38:09.208-0600] {logging_mixin.py:190} INFO - [2024-11-26T14:38:09.208-0600] {workday.py:41} WARNING - Could not import pandas. Holidays will not be considered.
[2024-11-26T14:38:09.214-0600] {logging_mixin.py:190} INFO - [2024-11-26T14:38:09.214-0600] {dag.py:3239} INFO - Sync 1 DAGs
[2024-11-26T14:38:09.218-0600] {logging_mixin.py:190} INFO - [2024-11-26T14:38:09.218-0600] {dag.py:4180} INFO - Setting next_dagrun for example_sensor_decorator to None, run_after=None
[2024-11-26T14:38:09.224-0600] {processor.py:208} INFO - Processing /Users/beprathap/PycharmProjects/YouTube-airflow/airflow-venv/lib/python3.8/site-packages/airflow/example_dags/example_sensor_decorator.py took 0.063 seconds
[2024-11-26T14:40:27.752-0600] {processor.py:186} INFO - Started process (PID=20005) to work on /Users/beprathap/PycharmProjects/YouTube-airflow/airflow-venv/lib/python3.8/site-packages/airflow/example_dags/example_sensor_decorator.py
[2024-11-26T14:40:27.752-0600] {processor.py:914} INFO - Processing file /Users/beprathap/PycharmProjects/YouTube-airflow/airflow-venv/lib/python3.8/site-packages/airflow/example_dags/example_sensor_decorator.py for tasks to queue
[2024-11-26T14:40:27.753-0600] {logging_mixin.py:190} INFO - [2024-11-26T14:40:27.753-0600] {dagbag.py:588} INFO - Filling up the DagBag from /Users/beprathap/PycharmProjects/YouTube-airflow/airflow-venv/lib/python3.8/site-packages/airflow/example_dags/example_sensor_decorator.py
[2024-11-26T14:40:27.764-0600] {processor.py:925} INFO - DAG(s) 'example_sensor_decorator' retrieved from /Users/beprathap/PycharmProjects/YouTube-airflow/airflow-venv/lib/python3.8/site-packages/airflow/example_dags/example_sensor_decorator.py
[2024-11-26T14:40:27.796-0600] {logging_mixin.py:190} INFO - [2024-11-26T14:40:27.796-0600] {workday.py:41} WARNING - Could not import pandas. Holidays will not be considered.
[2024-11-26T14:40:27.802-0600] {logging_mixin.py:190} INFO - [2024-11-26T14:40:27.802-0600] {dag.py:3239} INFO - Sync 1 DAGs
[2024-11-26T14:40:27.806-0600] {logging_mixin.py:190} INFO - [2024-11-26T14:40:27.806-0600] {dag.py:4180} INFO - Setting next_dagrun for example_sensor_decorator to None, run_after=None
[2024-11-26T14:40:27.812-0600] {processor.py:208} INFO - Processing /Users/beprathap/PycharmProjects/YouTube-airflow/airflow-venv/lib/python3.8/site-packages/airflow/example_dags/example_sensor_decorator.py took 0.061 seconds
[2024-11-26T14:42:36.487-0600] {processor.py:186} INFO - Started process (PID=20240) to work on /Users/beprathap/PycharmProjects/YouTube-airflow/airflow-venv/lib/python3.8/site-packages/airflow/example_dags/example_sensor_decorator.py
[2024-11-26T14:42:36.487-0600] {processor.py:914} INFO - Processing file /Users/beprathap/PycharmProjects/YouTube-airflow/airflow-venv/lib/python3.8/site-packages/airflow/example_dags/example_sensor_decorator.py for tasks to queue
[2024-11-26T14:42:36.488-0600] {logging_mixin.py:190} INFO - [2024-11-26T14:42:36.488-0600] {dagbag.py:588} INFO - Filling up the DagBag from /Users/beprathap/PycharmProjects/YouTube-airflow/airflow-venv/lib/python3.8/site-packages/airflow/example_dags/example_sensor_decorator.py
[2024-11-26T14:42:36.498-0600] {processor.py:925} INFO - DAG(s) 'example_sensor_decorator' retrieved from /Users/beprathap/PycharmProjects/YouTube-airflow/airflow-venv/lib/python3.8/site-packages/airflow/example_dags/example_sensor_decorator.py
[2024-11-26T14:42:36.528-0600] {logging_mixin.py:190} INFO - [2024-11-26T14:42:36.528-0600] {workday.py:41} WARNING - Could not import pandas. Holidays will not be considered.
[2024-11-26T14:42:36.534-0600] {logging_mixin.py:190} INFO - [2024-11-26T14:42:36.534-0600] {dag.py:3239} INFO - Sync 1 DAGs
[2024-11-26T14:42:36.537-0600] {logging_mixin.py:190} INFO - [2024-11-26T14:42:36.537-0600] {dag.py:4180} INFO - Setting next_dagrun for example_sensor_decorator to None, run_after=None
[2024-11-26T14:42:36.543-0600] {processor.py:208} INFO - Processing /Users/beprathap/PycharmProjects/YouTube-airflow/airflow-venv/lib/python3.8/site-packages/airflow/example_dags/example_sensor_decorator.py took 0.057 seconds
[2024-11-26T14:44:50.270-0600] {processor.py:186} INFO - Started process (PID=20503) to work on /Users/beprathap/PycharmProjects/YouTube-airflow/airflow-venv/lib/python3.8/site-packages/airflow/example_dags/example_sensor_decorator.py
[2024-11-26T14:44:50.270-0600] {processor.py:914} INFO - Processing file /Users/beprathap/PycharmProjects/YouTube-airflow/airflow-venv/lib/python3.8/site-packages/airflow/example_dags/example_sensor_decorator.py for tasks to queue
[2024-11-26T14:44:50.271-0600] {logging_mixin.py:190} INFO - [2024-11-26T14:44:50.271-0600] {dagbag.py:588} INFO - Filling up the DagBag from /Users/beprathap/PycharmProjects/YouTube-airflow/airflow-venv/lib/python3.8/site-packages/airflow/example_dags/example_sensor_decorator.py
[2024-11-26T14:44:50.282-0600] {processor.py:925} INFO - DAG(s) 'example_sensor_decorator' retrieved from /Users/beprathap/PycharmProjects/YouTube-airflow/airflow-venv/lib/python3.8/site-packages/airflow/example_dags/example_sensor_decorator.py
[2024-11-26T14:44:50.313-0600] {logging_mixin.py:190} INFO - [2024-11-26T14:44:50.313-0600] {workday.py:41} WARNING - Could not import pandas. Holidays will not be considered.
[2024-11-26T14:44:50.319-0600] {logging_mixin.py:190} INFO - [2024-11-26T14:44:50.319-0600] {dag.py:3239} INFO - Sync 1 DAGs
[2024-11-26T14:44:50.323-0600] {logging_mixin.py:190} INFO - [2024-11-26T14:44:50.323-0600] {dag.py:4180} INFO - Setting next_dagrun for example_sensor_decorator to None, run_after=None
[2024-11-26T14:44:50.328-0600] {processor.py:208} INFO - Processing /Users/beprathap/PycharmProjects/YouTube-airflow/airflow-venv/lib/python3.8/site-packages/airflow/example_dags/example_sensor_decorator.py took 0.060 seconds
[2024-11-26T14:46:58.878-0600] {processor.py:186} INFO - Started process (PID=20754) to work on /Users/beprathap/PycharmProjects/YouTube-airflow/airflow-venv/lib/python3.8/site-packages/airflow/example_dags/example_sensor_decorator.py
[2024-11-26T14:46:58.878-0600] {processor.py:914} INFO - Processing file /Users/beprathap/PycharmProjects/YouTube-airflow/airflow-venv/lib/python3.8/site-packages/airflow/example_dags/example_sensor_decorator.py for tasks to queue
[2024-11-26T14:46:58.879-0600] {logging_mixin.py:190} INFO - [2024-11-26T14:46:58.879-0600] {dagbag.py:588} INFO - Filling up the DagBag from /Users/beprathap/PycharmProjects/YouTube-airflow/airflow-venv/lib/python3.8/site-packages/airflow/example_dags/example_sensor_decorator.py
[2024-11-26T14:46:58.890-0600] {processor.py:925} INFO - DAG(s) 'example_sensor_decorator' retrieved from /Users/beprathap/PycharmProjects/YouTube-airflow/airflow-venv/lib/python3.8/site-packages/airflow/example_dags/example_sensor_decorator.py
[2024-11-26T14:46:58.920-0600] {logging_mixin.py:190} INFO - [2024-11-26T14:46:58.920-0600] {workday.py:41} WARNING - Could not import pandas. Holidays will not be considered.
[2024-11-26T14:46:58.926-0600] {logging_mixin.py:190} INFO - [2024-11-26T14:46:58.926-0600] {dag.py:3239} INFO - Sync 1 DAGs
[2024-11-26T14:46:58.930-0600] {logging_mixin.py:190} INFO - [2024-11-26T14:46:58.930-0600] {dag.py:4180} INFO - Setting next_dagrun for example_sensor_decorator to None, run_after=None
[2024-11-26T14:46:58.935-0600] {processor.py:208} INFO - Processing /Users/beprathap/PycharmProjects/YouTube-airflow/airflow-venv/lib/python3.8/site-packages/airflow/example_dags/example_sensor_decorator.py took 0.058 seconds
[2024-11-26T14:49:18.800-0600] {processor.py:186} INFO - Started process (PID=21021) to work on /Users/beprathap/PycharmProjects/YouTube-airflow/airflow-venv/lib/python3.8/site-packages/airflow/example_dags/example_sensor_decorator.py
[2024-11-26T14:49:18.800-0600] {processor.py:914} INFO - Processing file /Users/beprathap/PycharmProjects/YouTube-airflow/airflow-venv/lib/python3.8/site-packages/airflow/example_dags/example_sensor_decorator.py for tasks to queue
[2024-11-26T14:49:18.800-0600] {logging_mixin.py:190} INFO - [2024-11-26T14:49:18.800-0600] {dagbag.py:588} INFO - Filling up the DagBag from /Users/beprathap/PycharmProjects/YouTube-airflow/airflow-venv/lib/python3.8/site-packages/airflow/example_dags/example_sensor_decorator.py
[2024-11-26T14:49:18.812-0600] {processor.py:925} INFO - DAG(s) 'example_sensor_decorator' retrieved from /Users/beprathap/PycharmProjects/YouTube-airflow/airflow-venv/lib/python3.8/site-packages/airflow/example_dags/example_sensor_decorator.py
[2024-11-26T14:49:18.843-0600] {logging_mixin.py:190} INFO - [2024-11-26T14:49:18.842-0600] {workday.py:41} WARNING - Could not import pandas. Holidays will not be considered.
[2024-11-26T14:49:18.848-0600] {logging_mixin.py:190} INFO - [2024-11-26T14:49:18.848-0600] {dag.py:3239} INFO - Sync 1 DAGs
[2024-11-26T14:49:18.852-0600] {logging_mixin.py:190} INFO - [2024-11-26T14:49:18.852-0600] {dag.py:4180} INFO - Setting next_dagrun for example_sensor_decorator to None, run_after=None
[2024-11-26T14:49:18.858-0600] {processor.py:208} INFO - Processing /Users/beprathap/PycharmProjects/YouTube-airflow/airflow-venv/lib/python3.8/site-packages/airflow/example_dags/example_sensor_decorator.py took 0.059 seconds
[2024-11-26T15:01:46.683-0600] {processor.py:186} INFO - Started process (PID=21380) to work on /Library/Frameworks/Python.framework/Versions/3.8/lib/python3.8/site-packages/airflow/example_dags/example_sensor_decorator.py
[2024-11-26T15:01:46.683-0600] {processor.py:914} INFO - Processing file /Library/Frameworks/Python.framework/Versions/3.8/lib/python3.8/site-packages/airflow/example_dags/example_sensor_decorator.py for tasks to queue
[2024-11-26T15:01:46.684-0600] {logging_mixin.py:190} INFO - [2024-11-26T15:01:46.684-0600] {dagbag.py:588} INFO - Filling up the DagBag from /Library/Frameworks/Python.framework/Versions/3.8/lib/python3.8/site-packages/airflow/example_dags/example_sensor_decorator.py
[2024-11-26T15:01:46.696-0600] {processor.py:925} INFO - DAG(s) 'example_sensor_decorator' retrieved from /Library/Frameworks/Python.framework/Versions/3.8/lib/python3.8/site-packages/airflow/example_dags/example_sensor_decorator.py
[2024-11-26T15:01:46.728-0600] {logging_mixin.py:190} INFO - [2024-11-26T15:01:46.728-0600] {workday.py:41} WARNING - Could not import pandas. Holidays will not be considered.
[2024-11-26T15:01:46.766-0600] {logging_mixin.py:190} INFO - [2024-11-26T15:01:46.766-0600] {dag.py:3239} INFO - Sync 1 DAGs
[2024-11-26T15:01:46.770-0600] {logging_mixin.py:190} INFO - [2024-11-26T15:01:46.770-0600] {dag.py:4180} INFO - Setting next_dagrun for example_sensor_decorator to None, run_after=None
[2024-11-26T15:01:46.776-0600] {processor.py:208} INFO - Processing /Library/Frameworks/Python.framework/Versions/3.8/lib/python3.8/site-packages/airflow/example_dags/example_sensor_decorator.py took 0.094 seconds
[2024-11-26T15:03:28.744-0600] {processor.py:186} INFO - Started process (PID=21576) to work on /Library/Frameworks/Python.framework/Versions/3.8/lib/python3.8/site-packages/airflow/example_dags/example_sensor_decorator.py
[2024-11-26T15:03:28.744-0600] {processor.py:914} INFO - Processing file /Library/Frameworks/Python.framework/Versions/3.8/lib/python3.8/site-packages/airflow/example_dags/example_sensor_decorator.py for tasks to queue
[2024-11-26T15:03:28.745-0600] {logging_mixin.py:190} INFO - [2024-11-26T15:03:28.745-0600] {dagbag.py:588} INFO - Filling up the DagBag from /Library/Frameworks/Python.framework/Versions/3.8/lib/python3.8/site-packages/airflow/example_dags/example_sensor_decorator.py
[2024-11-26T15:03:28.756-0600] {processor.py:925} INFO - DAG(s) 'example_sensor_decorator' retrieved from /Library/Frameworks/Python.framework/Versions/3.8/lib/python3.8/site-packages/airflow/example_dags/example_sensor_decorator.py
[2024-11-26T15:03:28.786-0600] {logging_mixin.py:190} INFO - [2024-11-26T15:03:28.786-0600] {workday.py:41} WARNING - Could not import pandas. Holidays will not be considered.
[2024-11-26T15:03:28.792-0600] {logging_mixin.py:190} INFO - [2024-11-26T15:03:28.792-0600] {dag.py:3239} INFO - Sync 1 DAGs
[2024-11-26T15:03:28.795-0600] {logging_mixin.py:190} INFO - [2024-11-26T15:03:28.795-0600] {dag.py:4180} INFO - Setting next_dagrun for example_sensor_decorator to None, run_after=None
[2024-11-26T15:03:28.801-0600] {processor.py:208} INFO - Processing /Library/Frameworks/Python.framework/Versions/3.8/lib/python3.8/site-packages/airflow/example_dags/example_sensor_decorator.py took 0.058 seconds
[2024-11-26T15:05:46.785-0600] {processor.py:186} INFO - Started process (PID=21823) to work on /Library/Frameworks/Python.framework/Versions/3.8/lib/python3.8/site-packages/airflow/example_dags/example_sensor_decorator.py
[2024-11-26T15:05:46.785-0600] {processor.py:914} INFO - Processing file /Library/Frameworks/Python.framework/Versions/3.8/lib/python3.8/site-packages/airflow/example_dags/example_sensor_decorator.py for tasks to queue
[2024-11-26T15:05:46.785-0600] {logging_mixin.py:190} INFO - [2024-11-26T15:05:46.785-0600] {dagbag.py:588} INFO - Filling up the DagBag from /Library/Frameworks/Python.framework/Versions/3.8/lib/python3.8/site-packages/airflow/example_dags/example_sensor_decorator.py
[2024-11-26T15:05:46.796-0600] {processor.py:925} INFO - DAG(s) 'example_sensor_decorator' retrieved from /Library/Frameworks/Python.framework/Versions/3.8/lib/python3.8/site-packages/airflow/example_dags/example_sensor_decorator.py
[2024-11-26T15:05:46.827-0600] {logging_mixin.py:190} INFO - [2024-11-26T15:05:46.827-0600] {workday.py:41} WARNING - Could not import pandas. Holidays will not be considered.
[2024-11-26T15:05:46.833-0600] {logging_mixin.py:190} INFO - [2024-11-26T15:05:46.833-0600] {dag.py:3239} INFO - Sync 1 DAGs
[2024-11-26T15:05:46.837-0600] {logging_mixin.py:190} INFO - [2024-11-26T15:05:46.836-0600] {dag.py:4180} INFO - Setting next_dagrun for example_sensor_decorator to None, run_after=None
[2024-11-26T15:05:46.842-0600] {processor.py:208} INFO - Processing /Library/Frameworks/Python.framework/Versions/3.8/lib/python3.8/site-packages/airflow/example_dags/example_sensor_decorator.py took 0.058 seconds
[2024-11-26T15:08:10.078-0600] {processor.py:186} INFO - Started process (PID=22126) to work on /Library/Frameworks/Python.framework/Versions/3.8/lib/python3.8/site-packages/airflow/example_dags/example_sensor_decorator.py
[2024-11-26T15:08:10.079-0600] {processor.py:914} INFO - Processing file /Library/Frameworks/Python.framework/Versions/3.8/lib/python3.8/site-packages/airflow/example_dags/example_sensor_decorator.py for tasks to queue
[2024-11-26T15:08:10.079-0600] {logging_mixin.py:190} INFO - [2024-11-26T15:08:10.079-0600] {dagbag.py:588} INFO - Filling up the DagBag from /Library/Frameworks/Python.framework/Versions/3.8/lib/python3.8/site-packages/airflow/example_dags/example_sensor_decorator.py
[2024-11-26T15:08:10.090-0600] {processor.py:925} INFO - DAG(s) 'example_sensor_decorator' retrieved from /Library/Frameworks/Python.framework/Versions/3.8/lib/python3.8/site-packages/airflow/example_dags/example_sensor_decorator.py
[2024-11-26T15:08:10.121-0600] {logging_mixin.py:190} INFO - [2024-11-26T15:08:10.121-0600] {workday.py:41} WARNING - Could not import pandas. Holidays will not be considered.
[2024-11-26T15:08:10.127-0600] {logging_mixin.py:190} INFO - [2024-11-26T15:08:10.127-0600] {dag.py:3239} INFO - Sync 1 DAGs
[2024-11-26T15:08:10.130-0600] {logging_mixin.py:190} INFO - [2024-11-26T15:08:10.130-0600] {dag.py:4180} INFO - Setting next_dagrun for example_sensor_decorator to None, run_after=None
[2024-11-26T15:08:10.136-0600] {processor.py:208} INFO - Processing /Library/Frameworks/Python.framework/Versions/3.8/lib/python3.8/site-packages/airflow/example_dags/example_sensor_decorator.py took 0.060 seconds
[2024-11-26T15:16:46.672-0600] {processor.py:186} INFO - Started process (PID=22385) to work on /Library/Frameworks/Python.framework/Versions/3.8/lib/python3.8/site-packages/airflow/example_dags/example_sensor_decorator.py
[2024-11-26T15:16:46.673-0600] {processor.py:914} INFO - Processing file /Library/Frameworks/Python.framework/Versions/3.8/lib/python3.8/site-packages/airflow/example_dags/example_sensor_decorator.py for tasks to queue
[2024-11-26T15:16:46.673-0600] {logging_mixin.py:190} INFO - [2024-11-26T15:16:46.673-0600] {dagbag.py:588} INFO - Filling up the DagBag from /Library/Frameworks/Python.framework/Versions/3.8/lib/python3.8/site-packages/airflow/example_dags/example_sensor_decorator.py
[2024-11-26T15:16:46.685-0600] {processor.py:925} INFO - DAG(s) 'example_sensor_decorator' retrieved from /Library/Frameworks/Python.framework/Versions/3.8/lib/python3.8/site-packages/airflow/example_dags/example_sensor_decorator.py
[2024-11-26T15:16:46.717-0600] {logging_mixin.py:190} INFO - [2024-11-26T15:16:46.717-0600] {workday.py:41} WARNING - Could not import pandas. Holidays will not be considered.
[2024-11-26T15:16:46.723-0600] {logging_mixin.py:190} INFO - [2024-11-26T15:16:46.723-0600] {dag.py:3239} INFO - Sync 1 DAGs
[2024-11-26T15:16:46.727-0600] {logging_mixin.py:190} INFO - [2024-11-26T15:16:46.727-0600] {dag.py:4180} INFO - Setting next_dagrun for example_sensor_decorator to None, run_after=None
[2024-11-26T15:16:46.732-0600] {processor.py:208} INFO - Processing /Library/Frameworks/Python.framework/Versions/3.8/lib/python3.8/site-packages/airflow/example_dags/example_sensor_decorator.py took 0.062 seconds
[2024-11-26T15:18:21.730-0600] {processor.py:186} INFO - Started process (PID=22580) to work on /Library/Frameworks/Python.framework/Versions/3.8/lib/python3.8/site-packages/airflow/example_dags/example_sensor_decorator.py
[2024-11-26T15:18:21.730-0600] {processor.py:914} INFO - Processing file /Library/Frameworks/Python.framework/Versions/3.8/lib/python3.8/site-packages/airflow/example_dags/example_sensor_decorator.py for tasks to queue
[2024-11-26T15:18:21.730-0600] {logging_mixin.py:190} INFO - [2024-11-26T15:18:21.730-0600] {dagbag.py:588} INFO - Filling up the DagBag from /Library/Frameworks/Python.framework/Versions/3.8/lib/python3.8/site-packages/airflow/example_dags/example_sensor_decorator.py
[2024-11-26T15:18:21.741-0600] {processor.py:925} INFO - DAG(s) 'example_sensor_decorator' retrieved from /Library/Frameworks/Python.framework/Versions/3.8/lib/python3.8/site-packages/airflow/example_dags/example_sensor_decorator.py
[2024-11-26T15:18:21.772-0600] {logging_mixin.py:190} INFO - [2024-11-26T15:18:21.771-0600] {workday.py:41} WARNING - Could not import pandas. Holidays will not be considered.
[2024-11-26T15:18:21.777-0600] {logging_mixin.py:190} INFO - [2024-11-26T15:18:21.777-0600] {dag.py:3239} INFO - Sync 1 DAGs
[2024-11-26T15:18:21.781-0600] {logging_mixin.py:190} INFO - [2024-11-26T15:18:21.781-0600] {dag.py:4180} INFO - Setting next_dagrun for example_sensor_decorator to None, run_after=None
[2024-11-26T15:18:21.786-0600] {processor.py:208} INFO - Processing /Library/Frameworks/Python.framework/Versions/3.8/lib/python3.8/site-packages/airflow/example_dags/example_sensor_decorator.py took 0.058 seconds
[2024-11-26T15:20:39.918-0600] {processor.py:186} INFO - Started process (PID=22842) to work on /Library/Frameworks/Python.framework/Versions/3.8/lib/python3.8/site-packages/airflow/example_dags/example_sensor_decorator.py
[2024-11-26T15:20:39.918-0600] {processor.py:914} INFO - Processing file /Library/Frameworks/Python.framework/Versions/3.8/lib/python3.8/site-packages/airflow/example_dags/example_sensor_decorator.py for tasks to queue
[2024-11-26T15:20:39.919-0600] {logging_mixin.py:190} INFO - [2024-11-26T15:20:39.918-0600] {dagbag.py:588} INFO - Filling up the DagBag from /Library/Frameworks/Python.framework/Versions/3.8/lib/python3.8/site-packages/airflow/example_dags/example_sensor_decorator.py
[2024-11-26T15:20:39.930-0600] {processor.py:925} INFO - DAG(s) 'example_sensor_decorator' retrieved from /Library/Frameworks/Python.framework/Versions/3.8/lib/python3.8/site-packages/airflow/example_dags/example_sensor_decorator.py
[2024-11-26T15:20:39.961-0600] {logging_mixin.py:190} INFO - [2024-11-26T15:20:39.961-0600] {workday.py:41} WARNING - Could not import pandas. Holidays will not be considered.
[2024-11-26T15:20:39.967-0600] {logging_mixin.py:190} INFO - [2024-11-26T15:20:39.967-0600] {dag.py:3239} INFO - Sync 1 DAGs
[2024-11-26T15:20:39.970-0600] {logging_mixin.py:190} INFO - [2024-11-26T15:20:39.970-0600] {dag.py:4180} INFO - Setting next_dagrun for example_sensor_decorator to None, run_after=None
[2024-11-26T15:20:39.976-0600] {processor.py:208} INFO - Processing /Library/Frameworks/Python.framework/Versions/3.8/lib/python3.8/site-packages/airflow/example_dags/example_sensor_decorator.py took 0.059 seconds
[2024-11-26T15:22:52.341-0600] {processor.py:186} INFO - Started process (PID=23112) to work on /Library/Frameworks/Python.framework/Versions/3.8/lib/python3.8/site-packages/airflow/example_dags/example_sensor_decorator.py
[2024-11-26T15:22:52.342-0600] {processor.py:914} INFO - Processing file /Library/Frameworks/Python.framework/Versions/3.8/lib/python3.8/site-packages/airflow/example_dags/example_sensor_decorator.py for tasks to queue
[2024-11-26T15:22:52.342-0600] {logging_mixin.py:190} INFO - [2024-11-26T15:22:52.342-0600] {dagbag.py:588} INFO - Filling up the DagBag from /Library/Frameworks/Python.framework/Versions/3.8/lib/python3.8/site-packages/airflow/example_dags/example_sensor_decorator.py
[2024-11-26T15:22:52.353-0600] {processor.py:925} INFO - DAG(s) 'example_sensor_decorator' retrieved from /Library/Frameworks/Python.framework/Versions/3.8/lib/python3.8/site-packages/airflow/example_dags/example_sensor_decorator.py
[2024-11-26T15:22:52.385-0600] {logging_mixin.py:190} INFO - [2024-11-26T15:22:52.385-0600] {workday.py:41} WARNING - Could not import pandas. Holidays will not be considered.
[2024-11-26T15:22:52.391-0600] {logging_mixin.py:190} INFO - [2024-11-26T15:22:52.391-0600] {dag.py:3239} INFO - Sync 1 DAGs
[2024-11-26T15:22:52.394-0600] {logging_mixin.py:190} INFO - [2024-11-26T15:22:52.394-0600] {dag.py:4180} INFO - Setting next_dagrun for example_sensor_decorator to None, run_after=None
[2024-11-26T15:22:52.400-0600] {processor.py:208} INFO - Processing /Library/Frameworks/Python.framework/Versions/3.8/lib/python3.8/site-packages/airflow/example_dags/example_sensor_decorator.py took 0.060 seconds
[2024-11-26T15:33:39.209-0600] {processor.py:186} INFO - Started process (PID=23490) to work on /Library/Frameworks/Python.framework/Versions/3.8/lib/python3.8/site-packages/airflow/example_dags/example_sensor_decorator.py
[2024-11-26T15:33:39.210-0600] {processor.py:914} INFO - Processing file /Library/Frameworks/Python.framework/Versions/3.8/lib/python3.8/site-packages/airflow/example_dags/example_sensor_decorator.py for tasks to queue
[2024-11-26T15:33:39.211-0600] {logging_mixin.py:190} INFO - [2024-11-26T15:33:39.211-0600] {dagbag.py:588} INFO - Filling up the DagBag from /Library/Frameworks/Python.framework/Versions/3.8/lib/python3.8/site-packages/airflow/example_dags/example_sensor_decorator.py
[2024-11-26T15:33:39.222-0600] {processor.py:925} INFO - DAG(s) 'example_sensor_decorator' retrieved from /Library/Frameworks/Python.framework/Versions/3.8/lib/python3.8/site-packages/airflow/example_dags/example_sensor_decorator.py
[2024-11-26T15:33:39.252-0600] {logging_mixin.py:190} INFO - [2024-11-26T15:33:39.252-0600] {workday.py:41} WARNING - Could not import pandas. Holidays will not be considered.
[2024-11-26T15:33:39.258-0600] {logging_mixin.py:190} INFO - [2024-11-26T15:33:39.258-0600] {dag.py:3239} INFO - Sync 1 DAGs
[2024-11-26T15:33:39.262-0600] {logging_mixin.py:190} INFO - [2024-11-26T15:33:39.262-0600] {dag.py:4180} INFO - Setting next_dagrun for example_sensor_decorator to None, run_after=None
[2024-11-26T15:33:39.267-0600] {processor.py:208} INFO - Processing /Library/Frameworks/Python.framework/Versions/3.8/lib/python3.8/site-packages/airflow/example_dags/example_sensor_decorator.py took 0.059 seconds
[2024-11-26T15:35:19.044-0600] {processor.py:186} INFO - Started process (PID=23681) to work on /Library/Frameworks/Python.framework/Versions/3.8/lib/python3.8/site-packages/airflow/example_dags/example_sensor_decorator.py
[2024-11-26T15:35:19.045-0600] {processor.py:914} INFO - Processing file /Library/Frameworks/Python.framework/Versions/3.8/lib/python3.8/site-packages/airflow/example_dags/example_sensor_decorator.py for tasks to queue
[2024-11-26T15:35:19.045-0600] {logging_mixin.py:190} INFO - [2024-11-26T15:35:19.045-0600] {dagbag.py:588} INFO - Filling up the DagBag from /Library/Frameworks/Python.framework/Versions/3.8/lib/python3.8/site-packages/airflow/example_dags/example_sensor_decorator.py
[2024-11-26T15:35:19.056-0600] {processor.py:925} INFO - DAG(s) 'example_sensor_decorator' retrieved from /Library/Frameworks/Python.framework/Versions/3.8/lib/python3.8/site-packages/airflow/example_dags/example_sensor_decorator.py
[2024-11-26T15:35:19.087-0600] {logging_mixin.py:190} INFO - [2024-11-26T15:35:19.087-0600] {workday.py:41} WARNING - Could not import pandas. Holidays will not be considered.
[2024-11-26T15:35:19.093-0600] {logging_mixin.py:190} INFO - [2024-11-26T15:35:19.093-0600] {dag.py:3239} INFO - Sync 1 DAGs
[2024-11-26T15:35:19.096-0600] {logging_mixin.py:190} INFO - [2024-11-26T15:35:19.096-0600] {dag.py:4180} INFO - Setting next_dagrun for example_sensor_decorator to None, run_after=None
[2024-11-26T15:35:19.102-0600] {processor.py:208} INFO - Processing /Library/Frameworks/Python.framework/Versions/3.8/lib/python3.8/site-packages/airflow/example_dags/example_sensor_decorator.py took 0.058 seconds
[2024-11-26T15:37:34.314-0600] {processor.py:186} INFO - Started process (PID=23941) to work on /Library/Frameworks/Python.framework/Versions/3.8/lib/python3.8/site-packages/airflow/example_dags/example_sensor_decorator.py
[2024-11-26T15:37:34.315-0600] {processor.py:914} INFO - Processing file /Library/Frameworks/Python.framework/Versions/3.8/lib/python3.8/site-packages/airflow/example_dags/example_sensor_decorator.py for tasks to queue
[2024-11-26T15:37:34.315-0600] {logging_mixin.py:190} INFO - [2024-11-26T15:37:34.315-0600] {dagbag.py:588} INFO - Filling up the DagBag from /Library/Frameworks/Python.framework/Versions/3.8/lib/python3.8/site-packages/airflow/example_dags/example_sensor_decorator.py
[2024-11-26T15:37:34.327-0600] {processor.py:925} INFO - DAG(s) 'example_sensor_decorator' retrieved from /Library/Frameworks/Python.framework/Versions/3.8/lib/python3.8/site-packages/airflow/example_dags/example_sensor_decorator.py
[2024-11-26T15:37:34.359-0600] {logging_mixin.py:190} INFO - [2024-11-26T15:37:34.359-0600] {workday.py:41} WARNING - Could not import pandas. Holidays will not be considered.
[2024-11-26T15:37:34.365-0600] {logging_mixin.py:190} INFO - [2024-11-26T15:37:34.365-0600] {dag.py:3239} INFO - Sync 1 DAGs
[2024-11-26T15:37:34.368-0600] {logging_mixin.py:190} INFO - [2024-11-26T15:37:34.368-0600] {dag.py:4180} INFO - Setting next_dagrun for example_sensor_decorator to None, run_after=None
[2024-11-26T15:37:34.374-0600] {processor.py:208} INFO - Processing /Library/Frameworks/Python.framework/Versions/3.8/lib/python3.8/site-packages/airflow/example_dags/example_sensor_decorator.py took 0.061 seconds
[2024-11-26T15:39:46.969-0600] {processor.py:186} INFO - Started process (PID=24191) to work on /Library/Frameworks/Python.framework/Versions/3.8/lib/python3.8/site-packages/airflow/example_dags/example_sensor_decorator.py
[2024-11-26T15:39:46.969-0600] {processor.py:914} INFO - Processing file /Library/Frameworks/Python.framework/Versions/3.8/lib/python3.8/site-packages/airflow/example_dags/example_sensor_decorator.py for tasks to queue
[2024-11-26T15:39:46.970-0600] {logging_mixin.py:190} INFO - [2024-11-26T15:39:46.970-0600] {dagbag.py:588} INFO - Filling up the DagBag from /Library/Frameworks/Python.framework/Versions/3.8/lib/python3.8/site-packages/airflow/example_dags/example_sensor_decorator.py
[2024-11-26T15:39:46.983-0600] {processor.py:925} INFO - DAG(s) 'example_sensor_decorator' retrieved from /Library/Frameworks/Python.framework/Versions/3.8/lib/python3.8/site-packages/airflow/example_dags/example_sensor_decorator.py
[2024-11-26T15:39:47.016-0600] {logging_mixin.py:190} INFO - [2024-11-26T15:39:47.016-0600] {workday.py:41} WARNING - Could not import pandas. Holidays will not be considered.
[2024-11-26T15:39:47.022-0600] {logging_mixin.py:190} INFO - [2024-11-26T15:39:47.022-0600] {dag.py:3239} INFO - Sync 1 DAGs
[2024-11-26T15:39:47.026-0600] {logging_mixin.py:190} INFO - [2024-11-26T15:39:47.026-0600] {dag.py:4180} INFO - Setting next_dagrun for example_sensor_decorator to None, run_after=None
[2024-11-26T15:39:47.031-0600] {processor.py:208} INFO - Processing /Library/Frameworks/Python.framework/Versions/3.8/lib/python3.8/site-packages/airflow/example_dags/example_sensor_decorator.py took 0.064 seconds
[2024-11-26T15:42:04.658-0600] {processor.py:186} INFO - Started process (PID=24445) to work on /Library/Frameworks/Python.framework/Versions/3.8/lib/python3.8/site-packages/airflow/example_dags/example_sensor_decorator.py
[2024-11-26T15:42:04.658-0600] {processor.py:914} INFO - Processing file /Library/Frameworks/Python.framework/Versions/3.8/lib/python3.8/site-packages/airflow/example_dags/example_sensor_decorator.py for tasks to queue
[2024-11-26T15:42:04.658-0600] {logging_mixin.py:190} INFO - [2024-11-26T15:42:04.658-0600] {dagbag.py:588} INFO - Filling up the DagBag from /Library/Frameworks/Python.framework/Versions/3.8/lib/python3.8/site-packages/airflow/example_dags/example_sensor_decorator.py
[2024-11-26T15:42:04.670-0600] {processor.py:925} INFO - DAG(s) 'example_sensor_decorator' retrieved from /Library/Frameworks/Python.framework/Versions/3.8/lib/python3.8/site-packages/airflow/example_dags/example_sensor_decorator.py
[2024-11-26T15:42:04.701-0600] {logging_mixin.py:190} INFO - [2024-11-26T15:42:04.701-0600] {workday.py:41} WARNING - Could not import pandas. Holidays will not be considered.
[2024-11-26T15:42:04.707-0600] {logging_mixin.py:190} INFO - [2024-11-26T15:42:04.707-0600] {dag.py:3239} INFO - Sync 1 DAGs
[2024-11-26T15:42:04.710-0600] {logging_mixin.py:190} INFO - [2024-11-26T15:42:04.710-0600] {dag.py:4180} INFO - Setting next_dagrun for example_sensor_decorator to None, run_after=None
[2024-11-26T15:42:04.716-0600] {processor.py:208} INFO - Processing /Library/Frameworks/Python.framework/Versions/3.8/lib/python3.8/site-packages/airflow/example_dags/example_sensor_decorator.py took 0.059 seconds
[2024-11-26T15:44:20.924-0600] {processor.py:186} INFO - Started process (PID=24700) to work on /Library/Frameworks/Python.framework/Versions/3.8/lib/python3.8/site-packages/airflow/example_dags/example_sensor_decorator.py
[2024-11-26T15:44:20.924-0600] {processor.py:914} INFO - Processing file /Library/Frameworks/Python.framework/Versions/3.8/lib/python3.8/site-packages/airflow/example_dags/example_sensor_decorator.py for tasks to queue
[2024-11-26T15:44:20.924-0600] {logging_mixin.py:190} INFO - [2024-11-26T15:44:20.924-0600] {dagbag.py:588} INFO - Filling up the DagBag from /Library/Frameworks/Python.framework/Versions/3.8/lib/python3.8/site-packages/airflow/example_dags/example_sensor_decorator.py
[2024-11-26T15:44:20.936-0600] {processor.py:925} INFO - DAG(s) 'example_sensor_decorator' retrieved from /Library/Frameworks/Python.framework/Versions/3.8/lib/python3.8/site-packages/airflow/example_dags/example_sensor_decorator.py
[2024-11-26T15:44:20.966-0600] {logging_mixin.py:190} INFO - [2024-11-26T15:44:20.966-0600] {workday.py:41} WARNING - Could not import pandas. Holidays will not be considered.
[2024-11-26T15:44:20.973-0600] {logging_mixin.py:190} INFO - [2024-11-26T15:44:20.972-0600] {dag.py:3239} INFO - Sync 1 DAGs
[2024-11-26T15:44:20.976-0600] {logging_mixin.py:190} INFO - [2024-11-26T15:44:20.976-0600] {dag.py:4180} INFO - Setting next_dagrun for example_sensor_decorator to None, run_after=None
[2024-11-26T15:44:20.981-0600] {processor.py:208} INFO - Processing /Library/Frameworks/Python.framework/Versions/3.8/lib/python3.8/site-packages/airflow/example_dags/example_sensor_decorator.py took 0.059 seconds
[2024-11-26T15:46:37.829-0600] {processor.py:186} INFO - Started process (PID=24949) to work on /Library/Frameworks/Python.framework/Versions/3.8/lib/python3.8/site-packages/airflow/example_dags/example_sensor_decorator.py
[2024-11-26T15:46:37.830-0600] {processor.py:914} INFO - Processing file /Library/Frameworks/Python.framework/Versions/3.8/lib/python3.8/site-packages/airflow/example_dags/example_sensor_decorator.py for tasks to queue
[2024-11-26T15:46:37.830-0600] {logging_mixin.py:190} INFO - [2024-11-26T15:46:37.830-0600] {dagbag.py:588} INFO - Filling up the DagBag from /Library/Frameworks/Python.framework/Versions/3.8/lib/python3.8/site-packages/airflow/example_dags/example_sensor_decorator.py
[2024-11-26T15:46:37.842-0600] {processor.py:925} INFO - DAG(s) 'example_sensor_decorator' retrieved from /Library/Frameworks/Python.framework/Versions/3.8/lib/python3.8/site-packages/airflow/example_dags/example_sensor_decorator.py
[2024-11-26T15:46:37.875-0600] {logging_mixin.py:190} INFO - [2024-11-26T15:46:37.875-0600] {workday.py:41} WARNING - Could not import pandas. Holidays will not be considered.
[2024-11-26T15:46:37.881-0600] {logging_mixin.py:190} INFO - [2024-11-26T15:46:37.881-0600] {dag.py:3239} INFO - Sync 1 DAGs
[2024-11-26T15:46:37.885-0600] {logging_mixin.py:190} INFO - [2024-11-26T15:46:37.885-0600] {dag.py:4180} INFO - Setting next_dagrun for example_sensor_decorator to None, run_after=None
[2024-11-26T15:46:37.891-0600] {processor.py:208} INFO - Processing /Library/Frameworks/Python.framework/Versions/3.8/lib/python3.8/site-packages/airflow/example_dags/example_sensor_decorator.py took 0.063 seconds
[2024-11-26T15:48:48.126-0600] {processor.py:186} INFO - Started process (PID=25204) to work on /Library/Frameworks/Python.framework/Versions/3.8/lib/python3.8/site-packages/airflow/example_dags/example_sensor_decorator.py
[2024-11-26T15:48:48.128-0600] {processor.py:914} INFO - Processing file /Library/Frameworks/Python.framework/Versions/3.8/lib/python3.8/site-packages/airflow/example_dags/example_sensor_decorator.py for tasks to queue
[2024-11-26T15:48:48.128-0600] {logging_mixin.py:190} INFO - [2024-11-26T15:48:48.128-0600] {dagbag.py:588} INFO - Filling up the DagBag from /Library/Frameworks/Python.framework/Versions/3.8/lib/python3.8/site-packages/airflow/example_dags/example_sensor_decorator.py
[2024-11-26T15:48:48.139-0600] {processor.py:925} INFO - DAG(s) 'example_sensor_decorator' retrieved from /Library/Frameworks/Python.framework/Versions/3.8/lib/python3.8/site-packages/airflow/example_dags/example_sensor_decorator.py
[2024-11-26T15:48:48.170-0600] {logging_mixin.py:190} INFO - [2024-11-26T15:48:48.170-0600] {workday.py:41} WARNING - Could not import pandas. Holidays will not be considered.
[2024-11-26T15:48:48.176-0600] {logging_mixin.py:190} INFO - [2024-11-26T15:48:48.176-0600] {dag.py:3239} INFO - Sync 1 DAGs
[2024-11-26T15:48:48.180-0600] {logging_mixin.py:190} INFO - [2024-11-26T15:48:48.180-0600] {dag.py:4180} INFO - Setting next_dagrun for example_sensor_decorator to None, run_after=None
[2024-11-26T15:48:48.185-0600] {processor.py:208} INFO - Processing /Library/Frameworks/Python.framework/Versions/3.8/lib/python3.8/site-packages/airflow/example_dags/example_sensor_decorator.py took 0.060 seconds
[2024-11-26T15:51:01.030-0600] {processor.py:186} INFO - Started process (PID=25466) to work on /Library/Frameworks/Python.framework/Versions/3.8/lib/python3.8/site-packages/airflow/example_dags/example_sensor_decorator.py
[2024-11-26T15:51:01.030-0600] {processor.py:914} INFO - Processing file /Library/Frameworks/Python.framework/Versions/3.8/lib/python3.8/site-packages/airflow/example_dags/example_sensor_decorator.py for tasks to queue
[2024-11-26T15:51:01.031-0600] {logging_mixin.py:190} INFO - [2024-11-26T15:51:01.031-0600] {dagbag.py:588} INFO - Filling up the DagBag from /Library/Frameworks/Python.framework/Versions/3.8/lib/python3.8/site-packages/airflow/example_dags/example_sensor_decorator.py
[2024-11-26T15:51:01.042-0600] {processor.py:925} INFO - DAG(s) 'example_sensor_decorator' retrieved from /Library/Frameworks/Python.framework/Versions/3.8/lib/python3.8/site-packages/airflow/example_dags/example_sensor_decorator.py
[2024-11-26T15:51:01.074-0600] {logging_mixin.py:190} INFO - [2024-11-26T15:51:01.074-0600] {workday.py:41} WARNING - Could not import pandas. Holidays will not be considered.
[2024-11-26T15:51:01.080-0600] {logging_mixin.py:190} INFO - [2024-11-26T15:51:01.080-0600] {dag.py:3239} INFO - Sync 1 DAGs
[2024-11-26T15:51:01.084-0600] {logging_mixin.py:190} INFO - [2024-11-26T15:51:01.084-0600] {dag.py:4180} INFO - Setting next_dagrun for example_sensor_decorator to None, run_after=None
[2024-11-26T15:51:01.089-0600] {processor.py:208} INFO - Processing /Library/Frameworks/Python.framework/Versions/3.8/lib/python3.8/site-packages/airflow/example_dags/example_sensor_decorator.py took 0.060 seconds
[2024-11-26T15:53:16.684-0600] {processor.py:186} INFO - Started process (PID=25719) to work on /Library/Frameworks/Python.framework/Versions/3.8/lib/python3.8/site-packages/airflow/example_dags/example_sensor_decorator.py
[2024-11-26T15:53:16.685-0600] {processor.py:914} INFO - Processing file /Library/Frameworks/Python.framework/Versions/3.8/lib/python3.8/site-packages/airflow/example_dags/example_sensor_decorator.py for tasks to queue
[2024-11-26T15:53:16.685-0600] {logging_mixin.py:190} INFO - [2024-11-26T15:53:16.685-0600] {dagbag.py:588} INFO - Filling up the DagBag from /Library/Frameworks/Python.framework/Versions/3.8/lib/python3.8/site-packages/airflow/example_dags/example_sensor_decorator.py
[2024-11-26T15:53:16.696-0600] {processor.py:925} INFO - DAG(s) 'example_sensor_decorator' retrieved from /Library/Frameworks/Python.framework/Versions/3.8/lib/python3.8/site-packages/airflow/example_dags/example_sensor_decorator.py
[2024-11-26T15:53:16.727-0600] {logging_mixin.py:190} INFO - [2024-11-26T15:53:16.727-0600] {workday.py:41} WARNING - Could not import pandas. Holidays will not be considered.
[2024-11-26T15:53:16.733-0600] {logging_mixin.py:190} INFO - [2024-11-26T15:53:16.733-0600] {dag.py:3239} INFO - Sync 1 DAGs
[2024-11-26T15:53:16.737-0600] {logging_mixin.py:190} INFO - [2024-11-26T15:53:16.737-0600] {dag.py:4180} INFO - Setting next_dagrun for example_sensor_decorator to None, run_after=None
[2024-11-26T15:53:16.742-0600] {processor.py:208} INFO - Processing /Library/Frameworks/Python.framework/Versions/3.8/lib/python3.8/site-packages/airflow/example_dags/example_sensor_decorator.py took 0.059 seconds
[2024-11-26T15:55:39.800-0600] {processor.py:186} INFO - Started process (PID=25989) to work on /Library/Frameworks/Python.framework/Versions/3.8/lib/python3.8/site-packages/airflow/example_dags/example_sensor_decorator.py
[2024-11-26T15:55:39.801-0600] {processor.py:914} INFO - Processing file /Library/Frameworks/Python.framework/Versions/3.8/lib/python3.8/site-packages/airflow/example_dags/example_sensor_decorator.py for tasks to queue
[2024-11-26T15:55:39.802-0600] {logging_mixin.py:190} INFO - [2024-11-26T15:55:39.802-0600] {dagbag.py:588} INFO - Filling up the DagBag from /Library/Frameworks/Python.framework/Versions/3.8/lib/python3.8/site-packages/airflow/example_dags/example_sensor_decorator.py
[2024-11-26T15:55:39.813-0600] {processor.py:925} INFO - DAG(s) 'example_sensor_decorator' retrieved from /Library/Frameworks/Python.framework/Versions/3.8/lib/python3.8/site-packages/airflow/example_dags/example_sensor_decorator.py
[2024-11-26T15:55:39.844-0600] {logging_mixin.py:190} INFO - [2024-11-26T15:55:39.844-0600] {workday.py:41} WARNING - Could not import pandas. Holidays will not be considered.
[2024-11-26T15:55:39.850-0600] {logging_mixin.py:190} INFO - [2024-11-26T15:55:39.850-0600] {dag.py:3239} INFO - Sync 1 DAGs
[2024-11-26T15:55:39.854-0600] {logging_mixin.py:190} INFO - [2024-11-26T15:55:39.854-0600] {dag.py:4180} INFO - Setting next_dagrun for example_sensor_decorator to None, run_after=None
[2024-11-26T15:55:39.859-0600] {processor.py:208} INFO - Processing /Library/Frameworks/Python.framework/Versions/3.8/lib/python3.8/site-packages/airflow/example_dags/example_sensor_decorator.py took 0.061 seconds
[2024-11-26T15:57:59.640-0600] {processor.py:186} INFO - Started process (PID=26289) to work on /Library/Frameworks/Python.framework/Versions/3.8/lib/python3.8/site-packages/airflow/example_dags/example_sensor_decorator.py
[2024-11-26T15:57:59.641-0600] {processor.py:914} INFO - Processing file /Library/Frameworks/Python.framework/Versions/3.8/lib/python3.8/site-packages/airflow/example_dags/example_sensor_decorator.py for tasks to queue
[2024-11-26T15:57:59.641-0600] {logging_mixin.py:190} INFO - [2024-11-26T15:57:59.641-0600] {dagbag.py:588} INFO - Filling up the DagBag from /Library/Frameworks/Python.framework/Versions/3.8/lib/python3.8/site-packages/airflow/example_dags/example_sensor_decorator.py
[2024-11-26T15:57:59.652-0600] {processor.py:925} INFO - DAG(s) 'example_sensor_decorator' retrieved from /Library/Frameworks/Python.framework/Versions/3.8/lib/python3.8/site-packages/airflow/example_dags/example_sensor_decorator.py
[2024-11-26T15:57:59.684-0600] {logging_mixin.py:190} INFO - [2024-11-26T15:57:59.684-0600] {workday.py:41} WARNING - Could not import pandas. Holidays will not be considered.
[2024-11-26T15:57:59.690-0600] {logging_mixin.py:190} INFO - [2024-11-26T15:57:59.690-0600] {dag.py:3239} INFO - Sync 1 DAGs
[2024-11-26T15:57:59.694-0600] {logging_mixin.py:190} INFO - [2024-11-26T15:57:59.694-0600] {dag.py:4180} INFO - Setting next_dagrun for example_sensor_decorator to None, run_after=None
[2024-11-26T15:57:59.699-0600] {processor.py:208} INFO - Processing /Library/Frameworks/Python.framework/Versions/3.8/lib/python3.8/site-packages/airflow/example_dags/example_sensor_decorator.py took 0.061 seconds
[2024-11-26T16:00:13.851-0600] {processor.py:186} INFO - Started process (PID=26573) to work on /Library/Frameworks/Python.framework/Versions/3.8/lib/python3.8/site-packages/airflow/example_dags/example_sensor_decorator.py
[2024-11-26T16:00:13.851-0600] {processor.py:914} INFO - Processing file /Library/Frameworks/Python.framework/Versions/3.8/lib/python3.8/site-packages/airflow/example_dags/example_sensor_decorator.py for tasks to queue
[2024-11-26T16:00:13.852-0600] {logging_mixin.py:190} INFO - [2024-11-26T16:00:13.852-0600] {dagbag.py:588} INFO - Filling up the DagBag from /Library/Frameworks/Python.framework/Versions/3.8/lib/python3.8/site-packages/airflow/example_dags/example_sensor_decorator.py
[2024-11-26T16:00:13.863-0600] {processor.py:925} INFO - DAG(s) 'example_sensor_decorator' retrieved from /Library/Frameworks/Python.framework/Versions/3.8/lib/python3.8/site-packages/airflow/example_dags/example_sensor_decorator.py
[2024-11-26T16:00:13.894-0600] {logging_mixin.py:190} INFO - [2024-11-26T16:00:13.894-0600] {workday.py:41} WARNING - Could not import pandas. Holidays will not be considered.
[2024-11-26T16:00:13.900-0600] {logging_mixin.py:190} INFO - [2024-11-26T16:00:13.900-0600] {dag.py:3239} INFO - Sync 1 DAGs
[2024-11-26T16:00:13.904-0600] {logging_mixin.py:190} INFO - [2024-11-26T16:00:13.904-0600] {dag.py:4180} INFO - Setting next_dagrun for example_sensor_decorator to None, run_after=None
[2024-11-26T16:00:13.909-0600] {processor.py:208} INFO - Processing /Library/Frameworks/Python.framework/Versions/3.8/lib/python3.8/site-packages/airflow/example_dags/example_sensor_decorator.py took 0.060 seconds
[2024-11-26T16:02:28.466-0600] {processor.py:186} INFO - Started process (PID=26829) to work on /Library/Frameworks/Python.framework/Versions/3.8/lib/python3.8/site-packages/airflow/example_dags/example_sensor_decorator.py
[2024-11-26T16:02:28.467-0600] {processor.py:914} INFO - Processing file /Library/Frameworks/Python.framework/Versions/3.8/lib/python3.8/site-packages/airflow/example_dags/example_sensor_decorator.py for tasks to queue
[2024-11-26T16:02:28.467-0600] {logging_mixin.py:190} INFO - [2024-11-26T16:02:28.467-0600] {dagbag.py:588} INFO - Filling up the DagBag from /Library/Frameworks/Python.framework/Versions/3.8/lib/python3.8/site-packages/airflow/example_dags/example_sensor_decorator.py
[2024-11-26T16:02:28.479-0600] {processor.py:925} INFO - DAG(s) 'example_sensor_decorator' retrieved from /Library/Frameworks/Python.framework/Versions/3.8/lib/python3.8/site-packages/airflow/example_dags/example_sensor_decorator.py
[2024-11-26T16:02:28.510-0600] {logging_mixin.py:190} INFO - [2024-11-26T16:02:28.510-0600] {workday.py:41} WARNING - Could not import pandas. Holidays will not be considered.
[2024-11-26T16:02:28.516-0600] {logging_mixin.py:190} INFO - [2024-11-26T16:02:28.516-0600] {dag.py:3239} INFO - Sync 1 DAGs
[2024-11-26T16:02:28.519-0600] {logging_mixin.py:190} INFO - [2024-11-26T16:02:28.519-0600] {dag.py:4180} INFO - Setting next_dagrun for example_sensor_decorator to None, run_after=None
[2024-11-26T16:02:28.525-0600] {processor.py:208} INFO - Processing /Library/Frameworks/Python.framework/Versions/3.8/lib/python3.8/site-packages/airflow/example_dags/example_sensor_decorator.py took 0.060 seconds
[2024-11-26T16:04:44.307-0600] {processor.py:186} INFO - Started process (PID=27080) to work on /Library/Frameworks/Python.framework/Versions/3.8/lib/python3.8/site-packages/airflow/example_dags/example_sensor_decorator.py
[2024-11-26T16:04:44.308-0600] {processor.py:914} INFO - Processing file /Library/Frameworks/Python.framework/Versions/3.8/lib/python3.8/site-packages/airflow/example_dags/example_sensor_decorator.py for tasks to queue
[2024-11-26T16:04:44.308-0600] {logging_mixin.py:190} INFO - [2024-11-26T16:04:44.308-0600] {dagbag.py:588} INFO - Filling up the DagBag from /Library/Frameworks/Python.framework/Versions/3.8/lib/python3.8/site-packages/airflow/example_dags/example_sensor_decorator.py
[2024-11-26T16:04:44.319-0600] {processor.py:925} INFO - DAG(s) 'example_sensor_decorator' retrieved from /Library/Frameworks/Python.framework/Versions/3.8/lib/python3.8/site-packages/airflow/example_dags/example_sensor_decorator.py
[2024-11-26T16:04:44.350-0600] {logging_mixin.py:190} INFO - [2024-11-26T16:04:44.350-0600] {workday.py:41} WARNING - Could not import pandas. Holidays will not be considered.
[2024-11-26T16:04:44.356-0600] {logging_mixin.py:190} INFO - [2024-11-26T16:04:44.356-0600] {dag.py:3239} INFO - Sync 1 DAGs
[2024-11-26T16:04:44.360-0600] {logging_mixin.py:190} INFO - [2024-11-26T16:04:44.360-0600] {dag.py:4180} INFO - Setting next_dagrun for example_sensor_decorator to None, run_after=None
[2024-11-26T16:04:44.365-0600] {processor.py:208} INFO - Processing /Library/Frameworks/Python.framework/Versions/3.8/lib/python3.8/site-packages/airflow/example_dags/example_sensor_decorator.py took 0.059 seconds
[2024-11-26T16:59:40.728-0600] {processor.py:186} INFO - Started process (PID=27332) to work on /Library/Frameworks/Python.framework/Versions/3.8/lib/python3.8/site-packages/airflow/example_dags/example_sensor_decorator.py
[2024-11-26T16:59:40.728-0600] {processor.py:914} INFO - Processing file /Library/Frameworks/Python.framework/Versions/3.8/lib/python3.8/site-packages/airflow/example_dags/example_sensor_decorator.py for tasks to queue
[2024-11-26T16:59:40.728-0600] {logging_mixin.py:190} INFO - [2024-11-26T16:59:40.728-0600] {dagbag.py:588} INFO - Filling up the DagBag from /Library/Frameworks/Python.framework/Versions/3.8/lib/python3.8/site-packages/airflow/example_dags/example_sensor_decorator.py
[2024-11-26T16:59:40.740-0600] {processor.py:925} INFO - DAG(s) 'example_sensor_decorator' retrieved from /Library/Frameworks/Python.framework/Versions/3.8/lib/python3.8/site-packages/airflow/example_dags/example_sensor_decorator.py
[2024-11-26T16:59:40.769-0600] {logging_mixin.py:190} INFO - [2024-11-26T16:59:40.769-0600] {workday.py:41} WARNING - Could not import pandas. Holidays will not be considered.
[2024-11-26T16:59:40.775-0600] {logging_mixin.py:190} INFO - [2024-11-26T16:59:40.775-0600] {dag.py:3239} INFO - Sync 1 DAGs
[2024-11-26T16:59:40.778-0600] {logging_mixin.py:190} INFO - [2024-11-26T16:59:40.778-0600] {dag.py:4180} INFO - Setting next_dagrun for example_sensor_decorator to None, run_after=None
[2024-11-26T16:59:40.783-0600] {processor.py:208} INFO - Processing /Library/Frameworks/Python.framework/Versions/3.8/lib/python3.8/site-packages/airflow/example_dags/example_sensor_decorator.py took 0.057 seconds
[2024-11-26T17:20:49.154-0600] {processor.py:186} INFO - Started process (PID=27465) to work on /Library/Frameworks/Python.framework/Versions/3.8/lib/python3.8/site-packages/airflow/example_dags/example_sensor_decorator.py
[2024-11-26T17:20:49.155-0600] {processor.py:914} INFO - Processing file /Library/Frameworks/Python.framework/Versions/3.8/lib/python3.8/site-packages/airflow/example_dags/example_sensor_decorator.py for tasks to queue
[2024-11-26T17:20:49.155-0600] {logging_mixin.py:190} INFO - [2024-11-26T17:20:49.155-0600] {dagbag.py:588} INFO - Filling up the DagBag from /Library/Frameworks/Python.framework/Versions/3.8/lib/python3.8/site-packages/airflow/example_dags/example_sensor_decorator.py
[2024-11-26T17:20:49.167-0600] {processor.py:925} INFO - DAG(s) 'example_sensor_decorator' retrieved from /Library/Frameworks/Python.framework/Versions/3.8/lib/python3.8/site-packages/airflow/example_dags/example_sensor_decorator.py
[2024-11-26T17:20:49.196-0600] {logging_mixin.py:190} INFO - [2024-11-26T17:20:49.196-0600] {workday.py:41} WARNING - Could not import pandas. Holidays will not be considered.
[2024-11-26T17:20:49.201-0600] {logging_mixin.py:190} INFO - [2024-11-26T17:20:49.201-0600] {dag.py:3239} INFO - Sync 1 DAGs
[2024-11-26T17:20:49.204-0600] {logging_mixin.py:190} INFO - [2024-11-26T17:20:49.204-0600] {dag.py:4180} INFO - Setting next_dagrun for example_sensor_decorator to None, run_after=None
[2024-11-26T17:20:49.209-0600] {processor.py:208} INFO - Processing /Library/Frameworks/Python.framework/Versions/3.8/lib/python3.8/site-packages/airflow/example_dags/example_sensor_decorator.py took 0.057 seconds
