[2024-11-26T14:18:19.640-0600] {processor.py:186} INFO - Started process (PID=17912) to work on /Users/beprathap/PycharmProjects/YouTube-airflow/airflow-venv/lib/python3.8/site-packages/airflow/example_dags/example_nested_branch_dag.py
[2024-11-26T14:18:19.640-0600] {processor.py:914} INFO - Processing file /Users/beprathap/PycharmProjects/YouTube-airflow/airflow-venv/lib/python3.8/site-packages/airflow/example_dags/example_nested_branch_dag.py for tasks to queue
[2024-11-26T14:18:19.640-0600] {logging_mixin.py:190} INFO - [2024-11-26T14:18:19.640-0600] {dagbag.py:588} INFO - Filling up the DagBag from /Users/beprathap/PycharmProjects/YouTube-airflow/airflow-venv/lib/python3.8/site-packages/airflow/example_dags/example_nested_branch_dag.py
[2024-11-26T14:18:19.652-0600] {processor.py:925} INFO - DAG(s) 'example_nested_branch_dag' retrieved from /Users/beprathap/PycharmProjects/YouTube-airflow/airflow-venv/lib/python3.8/site-packages/airflow/example_dags/example_nested_branch_dag.py
[2024-11-26T14:18:19.712-0600] {logging_mixin.py:190} INFO - [2024-11-26T14:18:19.712-0600] {override.py:1901} INFO - Created Permission View: can delete on DAG:example_nested_branch_dag
[2024-11-26T14:18:19.714-0600] {logging_mixin.py:190} INFO - [2024-11-26T14:18:19.714-0600] {override.py:1901} INFO - Created Permission View: can read on DAG:example_nested_branch_dag
[2024-11-26T14:18:19.716-0600] {logging_mixin.py:190} INFO - [2024-11-26T14:18:19.715-0600] {override.py:1901} INFO - Created Permission View: can edit on DAG:example_nested_branch_dag
[2024-11-26T14:18:19.717-0600] {logging_mixin.py:190} INFO - [2024-11-26T14:18:19.717-0600] {override.py:1901} INFO - Created Permission View: can delete on DAG Run:example_nested_branch_dag
[2024-11-26T14:18:19.719-0600] {logging_mixin.py:190} INFO - [2024-11-26T14:18:19.719-0600] {override.py:1901} INFO - Created Permission View: can create on DAG Run:example_nested_branch_dag
[2024-11-26T14:18:19.720-0600] {logging_mixin.py:190} INFO - [2024-11-26T14:18:19.720-0600] {override.py:1901} INFO - Created Permission View: can read on DAG Run:example_nested_branch_dag
[2024-11-26T14:18:19.722-0600] {logging_mixin.py:190} INFO - [2024-11-26T14:18:19.721-0600] {override.py:1901} INFO - Created Permission View: menu access on DAG Run:example_nested_branch_dag
[2024-11-26T14:18:19.722-0600] {logging_mixin.py:190} INFO - [2024-11-26T14:18:19.722-0600] {dag.py:3239} INFO - Sync 1 DAGs
[2024-11-26T14:18:19.725-0600] {logging_mixin.py:190} INFO - [2024-11-26T14:18:19.725-0600] {dag.py:3262} INFO - Creating ORM DAG for example_nested_branch_dag
[2024-11-26T14:18:19.728-0600] {logging_mixin.py:190} INFO - [2024-11-26T14:18:19.728-0600] {dag.py:4180} INFO - Setting next_dagrun for example_nested_branch_dag to 2024-11-25 00:00:00+00:00, run_after=2024-11-26 00:00:00+00:00
[2024-11-26T14:18:19.732-0600] {processor.py:208} INFO - Processing /Users/beprathap/PycharmProjects/YouTube-airflow/airflow-venv/lib/python3.8/site-packages/airflow/example_dags/example_nested_branch_dag.py took 0.094 seconds
[2024-11-26T14:19:57.241-0600] {processor.py:186} INFO - Started process (PID=18091) to work on /Users/beprathap/PycharmProjects/YouTube-airflow/airflow-venv/lib/python3.8/site-packages/airflow/example_dags/example_nested_branch_dag.py
[2024-11-26T14:19:57.242-0600] {processor.py:914} INFO - Processing file /Users/beprathap/PycharmProjects/YouTube-airflow/airflow-venv/lib/python3.8/site-packages/airflow/example_dags/example_nested_branch_dag.py for tasks to queue
[2024-11-26T14:19:57.242-0600] {logging_mixin.py:190} INFO - [2024-11-26T14:19:57.242-0600] {dagbag.py:588} INFO - Filling up the DagBag from /Users/beprathap/PycharmProjects/YouTube-airflow/airflow-venv/lib/python3.8/site-packages/airflow/example_dags/example_nested_branch_dag.py
[2024-11-26T14:19:57.254-0600] {processor.py:925} INFO - DAG(s) 'example_nested_branch_dag' retrieved from /Users/beprathap/PycharmProjects/YouTube-airflow/airflow-venv/lib/python3.8/site-packages/airflow/example_dags/example_nested_branch_dag.py
[2024-11-26T14:19:57.288-0600] {logging_mixin.py:190} INFO - [2024-11-26T14:19:57.288-0600] {dag.py:3239} INFO - Sync 1 DAGs
[2024-11-26T14:19:57.293-0600] {logging_mixin.py:190} INFO - [2024-11-26T14:19:57.293-0600] {dag.py:4180} INFO - Setting next_dagrun for example_nested_branch_dag to 2024-11-25 00:00:00+00:00, run_after=2024-11-26 00:00:00+00:00
[2024-11-26T14:19:57.299-0600] {processor.py:208} INFO - Processing /Users/beprathap/PycharmProjects/YouTube-airflow/airflow-venv/lib/python3.8/site-packages/airflow/example_dags/example_nested_branch_dag.py took 0.059 seconds
[2024-11-26T14:22:11.900-0600] {processor.py:186} INFO - Started process (PID=18351) to work on /Users/beprathap/PycharmProjects/YouTube-airflow/airflow-venv/lib/python3.8/site-packages/airflow/example_dags/example_nested_branch_dag.py
[2024-11-26T14:22:11.900-0600] {processor.py:914} INFO - Processing file /Users/beprathap/PycharmProjects/YouTube-airflow/airflow-venv/lib/python3.8/site-packages/airflow/example_dags/example_nested_branch_dag.py for tasks to queue
[2024-11-26T14:22:11.901-0600] {logging_mixin.py:190} INFO - [2024-11-26T14:22:11.901-0600] {dagbag.py:588} INFO - Filling up the DagBag from /Users/beprathap/PycharmProjects/YouTube-airflow/airflow-venv/lib/python3.8/site-packages/airflow/example_dags/example_nested_branch_dag.py
[2024-11-26T14:22:11.913-0600] {processor.py:925} INFO - DAG(s) 'example_nested_branch_dag' retrieved from /Users/beprathap/PycharmProjects/YouTube-airflow/airflow-venv/lib/python3.8/site-packages/airflow/example_dags/example_nested_branch_dag.py
[2024-11-26T14:22:11.946-0600] {logging_mixin.py:190} INFO - [2024-11-26T14:22:11.946-0600] {dag.py:3239} INFO - Sync 1 DAGs
[2024-11-26T14:22:11.952-0600] {logging_mixin.py:190} INFO - [2024-11-26T14:22:11.952-0600] {dag.py:4180} INFO - Setting next_dagrun for example_nested_branch_dag to 2024-11-25 00:00:00+00:00, run_after=2024-11-26 00:00:00+00:00
[2024-11-26T14:22:11.957-0600] {processor.py:208} INFO - Processing /Users/beprathap/PycharmProjects/YouTube-airflow/airflow-venv/lib/python3.8/site-packages/airflow/example_dags/example_nested_branch_dag.py took 0.058 seconds
[2024-11-26T14:24:21.189-0600] {processor.py:186} INFO - Started process (PID=18616) to work on /Users/beprathap/PycharmProjects/YouTube-airflow/airflow-venv/lib/python3.8/site-packages/airflow/example_dags/example_nested_branch_dag.py
[2024-11-26T14:24:21.190-0600] {processor.py:914} INFO - Processing file /Users/beprathap/PycharmProjects/YouTube-airflow/airflow-venv/lib/python3.8/site-packages/airflow/example_dags/example_nested_branch_dag.py for tasks to queue
[2024-11-26T14:24:21.191-0600] {logging_mixin.py:190} INFO - [2024-11-26T14:24:21.190-0600] {dagbag.py:588} INFO - Filling up the DagBag from /Users/beprathap/PycharmProjects/YouTube-airflow/airflow-venv/lib/python3.8/site-packages/airflow/example_dags/example_nested_branch_dag.py
[2024-11-26T14:24:21.203-0600] {processor.py:925} INFO - DAG(s) 'example_nested_branch_dag' retrieved from /Users/beprathap/PycharmProjects/YouTube-airflow/airflow-venv/lib/python3.8/site-packages/airflow/example_dags/example_nested_branch_dag.py
[2024-11-26T14:24:21.239-0600] {logging_mixin.py:190} INFO - [2024-11-26T14:24:21.239-0600] {dag.py:3239} INFO - Sync 1 DAGs
[2024-11-26T14:24:21.245-0600] {logging_mixin.py:190} INFO - [2024-11-26T14:24:21.245-0600] {dag.py:4180} INFO - Setting next_dagrun for example_nested_branch_dag to 2024-11-25 00:00:00+00:00, run_after=2024-11-26 00:00:00+00:00
[2024-11-26T14:24:21.250-0600] {processor.py:208} INFO - Processing /Users/beprathap/PycharmProjects/YouTube-airflow/airflow-venv/lib/python3.8/site-packages/airflow/example_dags/example_nested_branch_dag.py took 0.063 seconds
[2024-11-26T14:26:29.004-0600] {processor.py:186} INFO - Started process (PID=18865) to work on /Users/beprathap/PycharmProjects/YouTube-airflow/airflow-venv/lib/python3.8/site-packages/airflow/example_dags/example_nested_branch_dag.py
[2024-11-26T14:26:29.005-0600] {processor.py:914} INFO - Processing file /Users/beprathap/PycharmProjects/YouTube-airflow/airflow-venv/lib/python3.8/site-packages/airflow/example_dags/example_nested_branch_dag.py for tasks to queue
[2024-11-26T14:26:29.006-0600] {logging_mixin.py:190} INFO - [2024-11-26T14:26:29.006-0600] {dagbag.py:588} INFO - Filling up the DagBag from /Users/beprathap/PycharmProjects/YouTube-airflow/airflow-venv/lib/python3.8/site-packages/airflow/example_dags/example_nested_branch_dag.py
[2024-11-26T14:26:29.018-0600] {processor.py:925} INFO - DAG(s) 'example_nested_branch_dag' retrieved from /Users/beprathap/PycharmProjects/YouTube-airflow/airflow-venv/lib/python3.8/site-packages/airflow/example_dags/example_nested_branch_dag.py
[2024-11-26T14:26:29.053-0600] {logging_mixin.py:190} INFO - [2024-11-26T14:26:29.053-0600] {dag.py:3239} INFO - Sync 1 DAGs
[2024-11-26T14:26:29.059-0600] {logging_mixin.py:190} INFO - [2024-11-26T14:26:29.059-0600] {dag.py:4180} INFO - Setting next_dagrun for example_nested_branch_dag to 2024-11-25 00:00:00+00:00, run_after=2024-11-26 00:00:00+00:00
[2024-11-26T14:26:29.064-0600] {processor.py:208} INFO - Processing /Users/beprathap/PycharmProjects/YouTube-airflow/airflow-venv/lib/python3.8/site-packages/airflow/example_dags/example_nested_branch_dag.py took 0.061 seconds
[2024-11-26T14:28:36.757-0600] {processor.py:186} INFO - Started process (PID=19094) to work on /Users/beprathap/PycharmProjects/YouTube-airflow/airflow-venv/lib/python3.8/site-packages/airflow/example_dags/example_nested_branch_dag.py
[2024-11-26T14:28:36.757-0600] {processor.py:914} INFO - Processing file /Users/beprathap/PycharmProjects/YouTube-airflow/airflow-venv/lib/python3.8/site-packages/airflow/example_dags/example_nested_branch_dag.py for tasks to queue
[2024-11-26T14:28:36.757-0600] {logging_mixin.py:190} INFO - [2024-11-26T14:28:36.757-0600] {dagbag.py:588} INFO - Filling up the DagBag from /Users/beprathap/PycharmProjects/YouTube-airflow/airflow-venv/lib/python3.8/site-packages/airflow/example_dags/example_nested_branch_dag.py
[2024-11-26T14:28:36.769-0600] {processor.py:925} INFO - DAG(s) 'example_nested_branch_dag' retrieved from /Users/beprathap/PycharmProjects/YouTube-airflow/airflow-venv/lib/python3.8/site-packages/airflow/example_dags/example_nested_branch_dag.py
[2024-11-26T14:28:36.803-0600] {logging_mixin.py:190} INFO - [2024-11-26T14:28:36.803-0600] {dag.py:3239} INFO - Sync 1 DAGs
[2024-11-26T14:28:36.809-0600] {logging_mixin.py:190} INFO - [2024-11-26T14:28:36.809-0600] {dag.py:4180} INFO - Setting next_dagrun for example_nested_branch_dag to 2024-11-25 00:00:00+00:00, run_after=2024-11-26 00:00:00+00:00
[2024-11-26T14:28:36.814-0600] {processor.py:208} INFO - Processing /Users/beprathap/PycharmProjects/YouTube-airflow/airflow-venv/lib/python3.8/site-packages/airflow/example_dags/example_nested_branch_dag.py took 0.059 seconds
[2024-11-26T14:36:42.142-0600] {processor.py:186} INFO - Started process (PID=19588) to work on /Users/beprathap/PycharmProjects/YouTube-airflow/airflow-venv/lib/python3.8/site-packages/airflow/example_dags/example_nested_branch_dag.py
[2024-11-26T14:36:42.143-0600] {processor.py:914} INFO - Processing file /Users/beprathap/PycharmProjects/YouTube-airflow/airflow-venv/lib/python3.8/site-packages/airflow/example_dags/example_nested_branch_dag.py for tasks to queue
[2024-11-26T14:36:42.143-0600] {logging_mixin.py:190} INFO - [2024-11-26T14:36:42.143-0600] {dagbag.py:588} INFO - Filling up the DagBag from /Users/beprathap/PycharmProjects/YouTube-airflow/airflow-venv/lib/python3.8/site-packages/airflow/example_dags/example_nested_branch_dag.py
[2024-11-26T14:36:42.155-0600] {processor.py:925} INFO - DAG(s) 'example_nested_branch_dag' retrieved from /Users/beprathap/PycharmProjects/YouTube-airflow/airflow-venv/lib/python3.8/site-packages/airflow/example_dags/example_nested_branch_dag.py
[2024-11-26T14:36:42.189-0600] {logging_mixin.py:190} INFO - [2024-11-26T14:36:42.189-0600] {dag.py:3239} INFO - Sync 1 DAGs
[2024-11-26T14:36:42.195-0600] {logging_mixin.py:190} INFO - [2024-11-26T14:36:42.195-0600] {dag.py:4180} INFO - Setting next_dagrun for example_nested_branch_dag to 2024-11-25 00:00:00+00:00, run_after=2024-11-26 00:00:00+00:00
[2024-11-26T14:36:42.200-0600] {processor.py:208} INFO - Processing /Users/beprathap/PycharmProjects/YouTube-airflow/airflow-venv/lib/python3.8/site-packages/airflow/example_dags/example_nested_branch_dag.py took 0.059 seconds
[2024-11-26T14:38:21.384-0600] {processor.py:186} INFO - Started process (PID=19759) to work on /Users/beprathap/PycharmProjects/YouTube-airflow/airflow-venv/lib/python3.8/site-packages/airflow/example_dags/example_nested_branch_dag.py
[2024-11-26T14:38:21.384-0600] {processor.py:914} INFO - Processing file /Users/beprathap/PycharmProjects/YouTube-airflow/airflow-venv/lib/python3.8/site-packages/airflow/example_dags/example_nested_branch_dag.py for tasks to queue
[2024-11-26T14:38:21.385-0600] {logging_mixin.py:190} INFO - [2024-11-26T14:38:21.385-0600] {dagbag.py:588} INFO - Filling up the DagBag from /Users/beprathap/PycharmProjects/YouTube-airflow/airflow-venv/lib/python3.8/site-packages/airflow/example_dags/example_nested_branch_dag.py
[2024-11-26T14:38:21.397-0600] {processor.py:925} INFO - DAG(s) 'example_nested_branch_dag' retrieved from /Users/beprathap/PycharmProjects/YouTube-airflow/airflow-venv/lib/python3.8/site-packages/airflow/example_dags/example_nested_branch_dag.py
[2024-11-26T14:38:21.433-0600] {logging_mixin.py:190} INFO - [2024-11-26T14:38:21.433-0600] {dag.py:3239} INFO - Sync 1 DAGs
[2024-11-26T14:38:21.439-0600] {logging_mixin.py:190} INFO - [2024-11-26T14:38:21.439-0600] {dag.py:4180} INFO - Setting next_dagrun for example_nested_branch_dag to 2024-11-25 00:00:00+00:00, run_after=2024-11-26 00:00:00+00:00
[2024-11-26T14:38:21.445-0600] {processor.py:208} INFO - Processing /Users/beprathap/PycharmProjects/YouTube-airflow/airflow-venv/lib/python3.8/site-packages/airflow/example_dags/example_nested_branch_dag.py took 0.063 seconds
[2024-11-26T14:40:39.703-0600] {processor.py:186} INFO - Started process (PID=20026) to work on /Users/beprathap/PycharmProjects/YouTube-airflow/airflow-venv/lib/python3.8/site-packages/airflow/example_dags/example_nested_branch_dag.py
[2024-11-26T14:40:39.704-0600] {processor.py:914} INFO - Processing file /Users/beprathap/PycharmProjects/YouTube-airflow/airflow-venv/lib/python3.8/site-packages/airflow/example_dags/example_nested_branch_dag.py for tasks to queue
[2024-11-26T14:40:39.704-0600] {logging_mixin.py:190} INFO - [2024-11-26T14:40:39.704-0600] {dagbag.py:588} INFO - Filling up the DagBag from /Users/beprathap/PycharmProjects/YouTube-airflow/airflow-venv/lib/python3.8/site-packages/airflow/example_dags/example_nested_branch_dag.py
[2024-11-26T14:40:39.716-0600] {processor.py:925} INFO - DAG(s) 'example_nested_branch_dag' retrieved from /Users/beprathap/PycharmProjects/YouTube-airflow/airflow-venv/lib/python3.8/site-packages/airflow/example_dags/example_nested_branch_dag.py
[2024-11-26T14:40:39.751-0600] {logging_mixin.py:190} INFO - [2024-11-26T14:40:39.751-0600] {dag.py:3239} INFO - Sync 1 DAGs
[2024-11-26T14:40:39.757-0600] {logging_mixin.py:190} INFO - [2024-11-26T14:40:39.757-0600] {dag.py:4180} INFO - Setting next_dagrun for example_nested_branch_dag to 2024-11-25 00:00:00+00:00, run_after=2024-11-26 00:00:00+00:00
[2024-11-26T14:40:39.763-0600] {processor.py:208} INFO - Processing /Users/beprathap/PycharmProjects/YouTube-airflow/airflow-venv/lib/python3.8/site-packages/airflow/example_dags/example_nested_branch_dag.py took 0.061 seconds
[2024-11-26T14:42:48.789-0600] {processor.py:186} INFO - Started process (PID=20262) to work on /Users/beprathap/PycharmProjects/YouTube-airflow/airflow-venv/lib/python3.8/site-packages/airflow/example_dags/example_nested_branch_dag.py
[2024-11-26T14:42:48.789-0600] {processor.py:914} INFO - Processing file /Users/beprathap/PycharmProjects/YouTube-airflow/airflow-venv/lib/python3.8/site-packages/airflow/example_dags/example_nested_branch_dag.py for tasks to queue
[2024-11-26T14:42:48.790-0600] {logging_mixin.py:190} INFO - [2024-11-26T14:42:48.790-0600] {dagbag.py:588} INFO - Filling up the DagBag from /Users/beprathap/PycharmProjects/YouTube-airflow/airflow-venv/lib/python3.8/site-packages/airflow/example_dags/example_nested_branch_dag.py
[2024-11-26T14:42:48.803-0600] {processor.py:925} INFO - DAG(s) 'example_nested_branch_dag' retrieved from /Users/beprathap/PycharmProjects/YouTube-airflow/airflow-venv/lib/python3.8/site-packages/airflow/example_dags/example_nested_branch_dag.py
[2024-11-26T14:42:48.837-0600] {logging_mixin.py:190} INFO - [2024-11-26T14:42:48.837-0600] {dag.py:3239} INFO - Sync 1 DAGs
[2024-11-26T14:42:48.843-0600] {logging_mixin.py:190} INFO - [2024-11-26T14:42:48.843-0600] {dag.py:4180} INFO - Setting next_dagrun for example_nested_branch_dag to 2024-11-25 00:00:00+00:00, run_after=2024-11-26 00:00:00+00:00
[2024-11-26T14:42:48.849-0600] {processor.py:208} INFO - Processing /Users/beprathap/PycharmProjects/YouTube-airflow/airflow-venv/lib/python3.8/site-packages/airflow/example_dags/example_nested_branch_dag.py took 0.062 seconds
[2024-11-26T14:45:02.118-0600] {processor.py:186} INFO - Started process (PID=20525) to work on /Users/beprathap/PycharmProjects/YouTube-airflow/airflow-venv/lib/python3.8/site-packages/airflow/example_dags/example_nested_branch_dag.py
[2024-11-26T14:45:02.118-0600] {processor.py:914} INFO - Processing file /Users/beprathap/PycharmProjects/YouTube-airflow/airflow-venv/lib/python3.8/site-packages/airflow/example_dags/example_nested_branch_dag.py for tasks to queue
[2024-11-26T14:45:02.118-0600] {logging_mixin.py:190} INFO - [2024-11-26T14:45:02.118-0600] {dagbag.py:588} INFO - Filling up the DagBag from /Users/beprathap/PycharmProjects/YouTube-airflow/airflow-venv/lib/python3.8/site-packages/airflow/example_dags/example_nested_branch_dag.py
[2024-11-26T14:45:02.131-0600] {processor.py:925} INFO - DAG(s) 'example_nested_branch_dag' retrieved from /Users/beprathap/PycharmProjects/YouTube-airflow/airflow-venv/lib/python3.8/site-packages/airflow/example_dags/example_nested_branch_dag.py
[2024-11-26T14:45:02.166-0600] {logging_mixin.py:190} INFO - [2024-11-26T14:45:02.166-0600] {dag.py:3239} INFO - Sync 1 DAGs
[2024-11-26T14:45:02.172-0600] {logging_mixin.py:190} INFO - [2024-11-26T14:45:02.172-0600] {dag.py:4180} INFO - Setting next_dagrun for example_nested_branch_dag to 2024-11-25 00:00:00+00:00, run_after=2024-11-26 00:00:00+00:00
[2024-11-26T14:45:02.178-0600] {processor.py:208} INFO - Processing /Users/beprathap/PycharmProjects/YouTube-airflow/airflow-venv/lib/python3.8/site-packages/airflow/example_dags/example_nested_branch_dag.py took 0.062 seconds
[2024-11-26T14:47:11.098-0600] {processor.py:186} INFO - Started process (PID=20775) to work on /Users/beprathap/PycharmProjects/YouTube-airflow/airflow-venv/lib/python3.8/site-packages/airflow/example_dags/example_nested_branch_dag.py
[2024-11-26T14:47:11.098-0600] {processor.py:914} INFO - Processing file /Users/beprathap/PycharmProjects/YouTube-airflow/airflow-venv/lib/python3.8/site-packages/airflow/example_dags/example_nested_branch_dag.py for tasks to queue
[2024-11-26T14:47:11.099-0600] {logging_mixin.py:190} INFO - [2024-11-26T14:47:11.099-0600] {dagbag.py:588} INFO - Filling up the DagBag from /Users/beprathap/PycharmProjects/YouTube-airflow/airflow-venv/lib/python3.8/site-packages/airflow/example_dags/example_nested_branch_dag.py
[2024-11-26T14:47:11.111-0600] {processor.py:925} INFO - DAG(s) 'example_nested_branch_dag' retrieved from /Users/beprathap/PycharmProjects/YouTube-airflow/airflow-venv/lib/python3.8/site-packages/airflow/example_dags/example_nested_branch_dag.py
[2024-11-26T14:47:11.146-0600] {logging_mixin.py:190} INFO - [2024-11-26T14:47:11.146-0600] {dag.py:3239} INFO - Sync 1 DAGs
[2024-11-26T14:47:11.152-0600] {logging_mixin.py:190} INFO - [2024-11-26T14:47:11.152-0600] {dag.py:4180} INFO - Setting next_dagrun for example_nested_branch_dag to 2024-11-25 00:00:00+00:00, run_after=2024-11-26 00:00:00+00:00
[2024-11-26T14:47:11.157-0600] {processor.py:208} INFO - Processing /Users/beprathap/PycharmProjects/YouTube-airflow/airflow-venv/lib/python3.8/site-packages/airflow/example_dags/example_nested_branch_dag.py took 0.060 seconds
[2024-11-26T15:01:58.524-0600] {processor.py:186} INFO - Started process (PID=21406) to work on /Library/Frameworks/Python.framework/Versions/3.8/lib/python3.8/site-packages/airflow/example_dags/example_nested_branch_dag.py
[2024-11-26T15:01:58.525-0600] {processor.py:914} INFO - Processing file /Library/Frameworks/Python.framework/Versions/3.8/lib/python3.8/site-packages/airflow/example_dags/example_nested_branch_dag.py for tasks to queue
[2024-11-26T15:01:58.525-0600] {logging_mixin.py:190} INFO - [2024-11-26T15:01:58.525-0600] {dagbag.py:588} INFO - Filling up the DagBag from /Library/Frameworks/Python.framework/Versions/3.8/lib/python3.8/site-packages/airflow/example_dags/example_nested_branch_dag.py
[2024-11-26T15:01:58.538-0600] {processor.py:925} INFO - DAG(s) 'example_nested_branch_dag' retrieved from /Library/Frameworks/Python.framework/Versions/3.8/lib/python3.8/site-packages/airflow/example_dags/example_nested_branch_dag.py
[2024-11-26T15:01:58.603-0600] {logging_mixin.py:190} INFO - [2024-11-26T15:01:58.603-0600] {dag.py:3239} INFO - Sync 1 DAGs
[2024-11-26T15:01:58.609-0600] {logging_mixin.py:190} INFO - [2024-11-26T15:01:58.609-0600] {dag.py:4180} INFO - Setting next_dagrun for example_nested_branch_dag to 2024-11-25 00:00:00+00:00, run_after=2024-11-26 00:00:00+00:00
[2024-11-26T15:01:58.615-0600] {processor.py:208} INFO - Processing /Library/Frameworks/Python.framework/Versions/3.8/lib/python3.8/site-packages/airflow/example_dags/example_nested_branch_dag.py took 0.092 seconds
[2024-11-26T15:03:41.157-0600] {processor.py:186} INFO - Started process (PID=21597) to work on /Library/Frameworks/Python.framework/Versions/3.8/lib/python3.8/site-packages/airflow/example_dags/example_nested_branch_dag.py
[2024-11-26T15:03:41.157-0600] {processor.py:914} INFO - Processing file /Library/Frameworks/Python.framework/Versions/3.8/lib/python3.8/site-packages/airflow/example_dags/example_nested_branch_dag.py for tasks to queue
[2024-11-26T15:03:41.157-0600] {logging_mixin.py:190} INFO - [2024-11-26T15:03:41.157-0600] {dagbag.py:588} INFO - Filling up the DagBag from /Library/Frameworks/Python.framework/Versions/3.8/lib/python3.8/site-packages/airflow/example_dags/example_nested_branch_dag.py
[2024-11-26T15:03:41.170-0600] {processor.py:925} INFO - DAG(s) 'example_nested_branch_dag' retrieved from /Library/Frameworks/Python.framework/Versions/3.8/lib/python3.8/site-packages/airflow/example_dags/example_nested_branch_dag.py
[2024-11-26T15:03:41.204-0600] {logging_mixin.py:190} INFO - [2024-11-26T15:03:41.204-0600] {dag.py:3239} INFO - Sync 1 DAGs
[2024-11-26T15:03:41.210-0600] {logging_mixin.py:190} INFO - [2024-11-26T15:03:41.210-0600] {dag.py:4180} INFO - Setting next_dagrun for example_nested_branch_dag to 2024-11-25 00:00:00+00:00, run_after=2024-11-26 00:00:00+00:00
[2024-11-26T15:03:41.216-0600] {processor.py:208} INFO - Processing /Library/Frameworks/Python.framework/Versions/3.8/lib/python3.8/site-packages/airflow/example_dags/example_nested_branch_dag.py took 0.060 seconds
[2024-11-26T15:05:59.596-0600] {processor.py:186} INFO - Started process (PID=21844) to work on /Library/Frameworks/Python.framework/Versions/3.8/lib/python3.8/site-packages/airflow/example_dags/example_nested_branch_dag.py
[2024-11-26T15:05:59.597-0600] {processor.py:914} INFO - Processing file /Library/Frameworks/Python.framework/Versions/3.8/lib/python3.8/site-packages/airflow/example_dags/example_nested_branch_dag.py for tasks to queue
[2024-11-26T15:05:59.597-0600] {logging_mixin.py:190} INFO - [2024-11-26T15:05:59.597-0600] {dagbag.py:588} INFO - Filling up the DagBag from /Library/Frameworks/Python.framework/Versions/3.8/lib/python3.8/site-packages/airflow/example_dags/example_nested_branch_dag.py
[2024-11-26T15:05:59.609-0600] {processor.py:925} INFO - DAG(s) 'example_nested_branch_dag' retrieved from /Library/Frameworks/Python.framework/Versions/3.8/lib/python3.8/site-packages/airflow/example_dags/example_nested_branch_dag.py
[2024-11-26T15:05:59.643-0600] {logging_mixin.py:190} INFO - [2024-11-26T15:05:59.643-0600] {dag.py:3239} INFO - Sync 1 DAGs
[2024-11-26T15:05:59.649-0600] {logging_mixin.py:190} INFO - [2024-11-26T15:05:59.649-0600] {dag.py:4180} INFO - Setting next_dagrun for example_nested_branch_dag to 2024-11-25 00:00:00+00:00, run_after=2024-11-26 00:00:00+00:00
[2024-11-26T15:05:59.655-0600] {processor.py:208} INFO - Processing /Library/Frameworks/Python.framework/Versions/3.8/lib/python3.8/site-packages/airflow/example_dags/example_nested_branch_dag.py took 0.060 seconds
[2024-11-26T15:08:22.758-0600] {processor.py:186} INFO - Started process (PID=22147) to work on /Library/Frameworks/Python.framework/Versions/3.8/lib/python3.8/site-packages/airflow/example_dags/example_nested_branch_dag.py
[2024-11-26T15:08:22.759-0600] {processor.py:914} INFO - Processing file /Library/Frameworks/Python.framework/Versions/3.8/lib/python3.8/site-packages/airflow/example_dags/example_nested_branch_dag.py for tasks to queue
[2024-11-26T15:08:22.759-0600] {logging_mixin.py:190} INFO - [2024-11-26T15:08:22.759-0600] {dagbag.py:588} INFO - Filling up the DagBag from /Library/Frameworks/Python.framework/Versions/3.8/lib/python3.8/site-packages/airflow/example_dags/example_nested_branch_dag.py
[2024-11-26T15:08:22.773-0600] {processor.py:925} INFO - DAG(s) 'example_nested_branch_dag' retrieved from /Library/Frameworks/Python.framework/Versions/3.8/lib/python3.8/site-packages/airflow/example_dags/example_nested_branch_dag.py
[2024-11-26T15:08:22.809-0600] {logging_mixin.py:190} INFO - [2024-11-26T15:08:22.809-0600] {dag.py:3239} INFO - Sync 1 DAGs
[2024-11-26T15:08:22.815-0600] {logging_mixin.py:190} INFO - [2024-11-26T15:08:22.815-0600] {dag.py:4180} INFO - Setting next_dagrun for example_nested_branch_dag to 2024-11-25 00:00:00+00:00, run_after=2024-11-26 00:00:00+00:00
[2024-11-26T15:08:22.821-0600] {processor.py:208} INFO - Processing /Library/Frameworks/Python.framework/Versions/3.8/lib/python3.8/site-packages/airflow/example_dags/example_nested_branch_dag.py took 0.065 seconds
[2024-11-26T15:16:58.764-0600] {processor.py:186} INFO - Started process (PID=22419) to work on /Library/Frameworks/Python.framework/Versions/3.8/lib/python3.8/site-packages/airflow/example_dags/example_nested_branch_dag.py
[2024-11-26T15:16:58.765-0600] {processor.py:914} INFO - Processing file /Library/Frameworks/Python.framework/Versions/3.8/lib/python3.8/site-packages/airflow/example_dags/example_nested_branch_dag.py for tasks to queue
[2024-11-26T15:16:58.765-0600] {logging_mixin.py:190} INFO - [2024-11-26T15:16:58.765-0600] {dagbag.py:588} INFO - Filling up the DagBag from /Library/Frameworks/Python.framework/Versions/3.8/lib/python3.8/site-packages/airflow/example_dags/example_nested_branch_dag.py
[2024-11-26T15:16:58.778-0600] {processor.py:925} INFO - DAG(s) 'example_nested_branch_dag' retrieved from /Library/Frameworks/Python.framework/Versions/3.8/lib/python3.8/site-packages/airflow/example_dags/example_nested_branch_dag.py
[2024-11-26T15:16:58.812-0600] {logging_mixin.py:190} INFO - [2024-11-26T15:16:58.812-0600] {dag.py:3239} INFO - Sync 1 DAGs
[2024-11-26T15:16:58.818-0600] {logging_mixin.py:190} INFO - [2024-11-26T15:16:58.818-0600] {dag.py:4180} INFO - Setting next_dagrun for example_nested_branch_dag to 2024-11-25 00:00:00+00:00, run_after=2024-11-26 00:00:00+00:00
[2024-11-26T15:16:58.824-0600] {processor.py:208} INFO - Processing /Library/Frameworks/Python.framework/Versions/3.8/lib/python3.8/site-packages/airflow/example_dags/example_nested_branch_dag.py took 0.061 seconds
[2024-11-26T15:18:34.007-0600] {processor.py:186} INFO - Started process (PID=22602) to work on /Library/Frameworks/Python.framework/Versions/3.8/lib/python3.8/site-packages/airflow/example_dags/example_nested_branch_dag.py
[2024-11-26T15:18:34.007-0600] {processor.py:914} INFO - Processing file /Library/Frameworks/Python.framework/Versions/3.8/lib/python3.8/site-packages/airflow/example_dags/example_nested_branch_dag.py for tasks to queue
[2024-11-26T15:18:34.008-0600] {logging_mixin.py:190} INFO - [2024-11-26T15:18:34.008-0600] {dagbag.py:588} INFO - Filling up the DagBag from /Library/Frameworks/Python.framework/Versions/3.8/lib/python3.8/site-packages/airflow/example_dags/example_nested_branch_dag.py
[2024-11-26T15:18:34.022-0600] {processor.py:925} INFO - DAG(s) 'example_nested_branch_dag' retrieved from /Library/Frameworks/Python.framework/Versions/3.8/lib/python3.8/site-packages/airflow/example_dags/example_nested_branch_dag.py
[2024-11-26T15:18:34.062-0600] {logging_mixin.py:190} INFO - [2024-11-26T15:18:34.062-0600] {dag.py:3239} INFO - Sync 1 DAGs
[2024-11-26T15:18:34.069-0600] {logging_mixin.py:190} INFO - [2024-11-26T15:18:34.069-0600] {dag.py:4180} INFO - Setting next_dagrun for example_nested_branch_dag to 2024-11-25 00:00:00+00:00, run_after=2024-11-26 00:00:00+00:00
[2024-11-26T15:18:34.075-0600] {processor.py:208} INFO - Processing /Library/Frameworks/Python.framework/Versions/3.8/lib/python3.8/site-packages/airflow/example_dags/example_nested_branch_dag.py took 0.070 seconds
[2024-11-26T15:20:50.856-0600] {processor.py:186} INFO - Started process (PID=22864) to work on /Library/Frameworks/Python.framework/Versions/3.8/lib/python3.8/site-packages/airflow/example_dags/example_nested_branch_dag.py
[2024-11-26T15:20:50.856-0600] {processor.py:914} INFO - Processing file /Library/Frameworks/Python.framework/Versions/3.8/lib/python3.8/site-packages/airflow/example_dags/example_nested_branch_dag.py for tasks to queue
[2024-11-26T15:20:50.857-0600] {logging_mixin.py:190} INFO - [2024-11-26T15:20:50.857-0600] {dagbag.py:588} INFO - Filling up the DagBag from /Library/Frameworks/Python.framework/Versions/3.8/lib/python3.8/site-packages/airflow/example_dags/example_nested_branch_dag.py
[2024-11-26T15:20:50.870-0600] {processor.py:925} INFO - DAG(s) 'example_nested_branch_dag' retrieved from /Library/Frameworks/Python.framework/Versions/3.8/lib/python3.8/site-packages/airflow/example_dags/example_nested_branch_dag.py
[2024-11-26T15:20:50.906-0600] {logging_mixin.py:190} INFO - [2024-11-26T15:20:50.906-0600] {dag.py:3239} INFO - Sync 1 DAGs
[2024-11-26T15:20:50.912-0600] {logging_mixin.py:190} INFO - [2024-11-26T15:20:50.912-0600] {dag.py:4180} INFO - Setting next_dagrun for example_nested_branch_dag to 2024-11-25 00:00:00+00:00, run_after=2024-11-26 00:00:00+00:00
[2024-11-26T15:20:50.918-0600] {processor.py:208} INFO - Processing /Library/Frameworks/Python.framework/Versions/3.8/lib/python3.8/site-packages/airflow/example_dags/example_nested_branch_dag.py took 0.063 seconds
[2024-11-26T15:23:03.563-0600] {processor.py:186} INFO - Started process (PID=23139) to work on /Library/Frameworks/Python.framework/Versions/3.8/lib/python3.8/site-packages/airflow/example_dags/example_nested_branch_dag.py
[2024-11-26T15:23:03.563-0600] {processor.py:914} INFO - Processing file /Library/Frameworks/Python.framework/Versions/3.8/lib/python3.8/site-packages/airflow/example_dags/example_nested_branch_dag.py for tasks to queue
[2024-11-26T15:23:03.564-0600] {logging_mixin.py:190} INFO - [2024-11-26T15:23:03.564-0600] {dagbag.py:588} INFO - Filling up the DagBag from /Library/Frameworks/Python.framework/Versions/3.8/lib/python3.8/site-packages/airflow/example_dags/example_nested_branch_dag.py
[2024-11-26T15:23:03.576-0600] {processor.py:925} INFO - DAG(s) 'example_nested_branch_dag' retrieved from /Library/Frameworks/Python.framework/Versions/3.8/lib/python3.8/site-packages/airflow/example_dags/example_nested_branch_dag.py
[2024-11-26T15:23:03.612-0600] {logging_mixin.py:190} INFO - [2024-11-26T15:23:03.612-0600] {dag.py:3239} INFO - Sync 1 DAGs
[2024-11-26T15:23:03.618-0600] {logging_mixin.py:190} INFO - [2024-11-26T15:23:03.618-0600] {dag.py:4180} INFO - Setting next_dagrun for example_nested_branch_dag to 2024-11-25 00:00:00+00:00, run_after=2024-11-26 00:00:00+00:00
[2024-11-26T15:23:03.624-0600] {processor.py:208} INFO - Processing /Library/Frameworks/Python.framework/Versions/3.8/lib/python3.8/site-packages/airflow/example_dags/example_nested_branch_dag.py took 0.062 seconds
[2024-11-26T15:33:52.125-0600] {processor.py:186} INFO - Started process (PID=23511) to work on /Library/Frameworks/Python.framework/Versions/3.8/lib/python3.8/site-packages/airflow/example_dags/example_nested_branch_dag.py
[2024-11-26T15:33:52.126-0600] {processor.py:914} INFO - Processing file /Library/Frameworks/Python.framework/Versions/3.8/lib/python3.8/site-packages/airflow/example_dags/example_nested_branch_dag.py for tasks to queue
[2024-11-26T15:33:52.126-0600] {logging_mixin.py:190} INFO - [2024-11-26T15:33:52.126-0600] {dagbag.py:588} INFO - Filling up the DagBag from /Library/Frameworks/Python.framework/Versions/3.8/lib/python3.8/site-packages/airflow/example_dags/example_nested_branch_dag.py
[2024-11-26T15:33:52.139-0600] {processor.py:925} INFO - DAG(s) 'example_nested_branch_dag' retrieved from /Library/Frameworks/Python.framework/Versions/3.8/lib/python3.8/site-packages/airflow/example_dags/example_nested_branch_dag.py
[2024-11-26T15:33:52.172-0600] {logging_mixin.py:190} INFO - [2024-11-26T15:33:52.172-0600] {dag.py:3239} INFO - Sync 1 DAGs
[2024-11-26T15:33:52.178-0600] {logging_mixin.py:190} INFO - [2024-11-26T15:33:52.178-0600] {dag.py:4180} INFO - Setting next_dagrun for example_nested_branch_dag to 2024-11-25 00:00:00+00:00, run_after=2024-11-26 00:00:00+00:00
[2024-11-26T15:33:52.184-0600] {processor.py:208} INFO - Processing /Library/Frameworks/Python.framework/Versions/3.8/lib/python3.8/site-packages/airflow/example_dags/example_nested_branch_dag.py took 0.060 seconds
[2024-11-26T15:35:30.231-0600] {processor.py:186} INFO - Started process (PID=23702) to work on /Library/Frameworks/Python.framework/Versions/3.8/lib/python3.8/site-packages/airflow/example_dags/example_nested_branch_dag.py
[2024-11-26T15:35:30.232-0600] {processor.py:914} INFO - Processing file /Library/Frameworks/Python.framework/Versions/3.8/lib/python3.8/site-packages/airflow/example_dags/example_nested_branch_dag.py for tasks to queue
[2024-11-26T15:35:30.232-0600] {logging_mixin.py:190} INFO - [2024-11-26T15:35:30.232-0600] {dagbag.py:588} INFO - Filling up the DagBag from /Library/Frameworks/Python.framework/Versions/3.8/lib/python3.8/site-packages/airflow/example_dags/example_nested_branch_dag.py
[2024-11-26T15:35:30.245-0600] {processor.py:925} INFO - DAG(s) 'example_nested_branch_dag' retrieved from /Library/Frameworks/Python.framework/Versions/3.8/lib/python3.8/site-packages/airflow/example_dags/example_nested_branch_dag.py
[2024-11-26T15:35:30.279-0600] {logging_mixin.py:190} INFO - [2024-11-26T15:35:30.279-0600] {dag.py:3239} INFO - Sync 1 DAGs
[2024-11-26T15:35:30.285-0600] {logging_mixin.py:190} INFO - [2024-11-26T15:35:30.285-0600] {dag.py:4180} INFO - Setting next_dagrun for example_nested_branch_dag to 2024-11-25 00:00:00+00:00, run_after=2024-11-26 00:00:00+00:00
[2024-11-26T15:35:30.291-0600] {processor.py:208} INFO - Processing /Library/Frameworks/Python.framework/Versions/3.8/lib/python3.8/site-packages/airflow/example_dags/example_nested_branch_dag.py took 0.061 seconds
[2024-11-26T15:37:45.543-0600] {processor.py:186} INFO - Started process (PID=23962) to work on /Library/Frameworks/Python.framework/Versions/3.8/lib/python3.8/site-packages/airflow/example_dags/example_nested_branch_dag.py
[2024-11-26T15:37:45.543-0600] {processor.py:914} INFO - Processing file /Library/Frameworks/Python.framework/Versions/3.8/lib/python3.8/site-packages/airflow/example_dags/example_nested_branch_dag.py for tasks to queue
[2024-11-26T15:37:45.543-0600] {logging_mixin.py:190} INFO - [2024-11-26T15:37:45.543-0600] {dagbag.py:588} INFO - Filling up the DagBag from /Library/Frameworks/Python.framework/Versions/3.8/lib/python3.8/site-packages/airflow/example_dags/example_nested_branch_dag.py
[2024-11-26T15:37:45.557-0600] {processor.py:925} INFO - DAG(s) 'example_nested_branch_dag' retrieved from /Library/Frameworks/Python.framework/Versions/3.8/lib/python3.8/site-packages/airflow/example_dags/example_nested_branch_dag.py
[2024-11-26T15:37:45.593-0600] {logging_mixin.py:190} INFO - [2024-11-26T15:37:45.592-0600] {dag.py:3239} INFO - Sync 1 DAGs
[2024-11-26T15:37:45.599-0600] {logging_mixin.py:190} INFO - [2024-11-26T15:37:45.599-0600] {dag.py:4180} INFO - Setting next_dagrun for example_nested_branch_dag to 2024-11-25 00:00:00+00:00, run_after=2024-11-26 00:00:00+00:00
[2024-11-26T15:37:45.605-0600] {processor.py:208} INFO - Processing /Library/Frameworks/Python.framework/Versions/3.8/lib/python3.8/site-packages/airflow/example_dags/example_nested_branch_dag.py took 0.063 seconds
[2024-11-26T15:39:59.068-0600] {processor.py:186} INFO - Started process (PID=24213) to work on /Library/Frameworks/Python.framework/Versions/3.8/lib/python3.8/site-packages/airflow/example_dags/example_nested_branch_dag.py
[2024-11-26T15:39:59.069-0600] {processor.py:914} INFO - Processing file /Library/Frameworks/Python.framework/Versions/3.8/lib/python3.8/site-packages/airflow/example_dags/example_nested_branch_dag.py for tasks to queue
[2024-11-26T15:39:59.069-0600] {logging_mixin.py:190} INFO - [2024-11-26T15:39:59.069-0600] {dagbag.py:588} INFO - Filling up the DagBag from /Library/Frameworks/Python.framework/Versions/3.8/lib/python3.8/site-packages/airflow/example_dags/example_nested_branch_dag.py
[2024-11-26T15:39:59.082-0600] {processor.py:925} INFO - DAG(s) 'example_nested_branch_dag' retrieved from /Library/Frameworks/Python.framework/Versions/3.8/lib/python3.8/site-packages/airflow/example_dags/example_nested_branch_dag.py
[2024-11-26T15:39:59.117-0600] {logging_mixin.py:190} INFO - [2024-11-26T15:39:59.117-0600] {dag.py:3239} INFO - Sync 1 DAGs
[2024-11-26T15:39:59.123-0600] {logging_mixin.py:190} INFO - [2024-11-26T15:39:59.123-0600] {dag.py:4180} INFO - Setting next_dagrun for example_nested_branch_dag to 2024-11-25 00:00:00+00:00, run_after=2024-11-26 00:00:00+00:00
[2024-11-26T15:39:59.129-0600] {processor.py:208} INFO - Processing /Library/Frameworks/Python.framework/Versions/3.8/lib/python3.8/site-packages/airflow/example_dags/example_nested_branch_dag.py took 0.062 seconds
[2024-11-26T15:42:16.918-0600] {processor.py:186} INFO - Started process (PID=24467) to work on /Library/Frameworks/Python.framework/Versions/3.8/lib/python3.8/site-packages/airflow/example_dags/example_nested_branch_dag.py
[2024-11-26T15:42:16.918-0600] {processor.py:914} INFO - Processing file /Library/Frameworks/Python.framework/Versions/3.8/lib/python3.8/site-packages/airflow/example_dags/example_nested_branch_dag.py for tasks to queue
[2024-11-26T15:42:16.919-0600] {logging_mixin.py:190} INFO - [2024-11-26T15:42:16.919-0600] {dagbag.py:588} INFO - Filling up the DagBag from /Library/Frameworks/Python.framework/Versions/3.8/lib/python3.8/site-packages/airflow/example_dags/example_nested_branch_dag.py
[2024-11-26T15:42:16.932-0600] {processor.py:925} INFO - DAG(s) 'example_nested_branch_dag' retrieved from /Library/Frameworks/Python.framework/Versions/3.8/lib/python3.8/site-packages/airflow/example_dags/example_nested_branch_dag.py
[2024-11-26T15:42:16.967-0600] {logging_mixin.py:190} INFO - [2024-11-26T15:42:16.967-0600] {dag.py:3239} INFO - Sync 1 DAGs
[2024-11-26T15:42:16.973-0600] {logging_mixin.py:190} INFO - [2024-11-26T15:42:16.973-0600] {dag.py:4180} INFO - Setting next_dagrun for example_nested_branch_dag to 2024-11-25 00:00:00+00:00, run_after=2024-11-26 00:00:00+00:00
[2024-11-26T15:42:16.979-0600] {processor.py:208} INFO - Processing /Library/Frameworks/Python.framework/Versions/3.8/lib/python3.8/site-packages/airflow/example_dags/example_nested_branch_dag.py took 0.062 seconds
[2024-11-26T15:44:32.725-0600] {processor.py:186} INFO - Started process (PID=24722) to work on /Library/Frameworks/Python.framework/Versions/3.8/lib/python3.8/site-packages/airflow/example_dags/example_nested_branch_dag.py
[2024-11-26T15:44:32.725-0600] {processor.py:914} INFO - Processing file /Library/Frameworks/Python.framework/Versions/3.8/lib/python3.8/site-packages/airflow/example_dags/example_nested_branch_dag.py for tasks to queue
[2024-11-26T15:44:32.726-0600] {logging_mixin.py:190} INFO - [2024-11-26T15:44:32.726-0600] {dagbag.py:588} INFO - Filling up the DagBag from /Library/Frameworks/Python.framework/Versions/3.8/lib/python3.8/site-packages/airflow/example_dags/example_nested_branch_dag.py
[2024-11-26T15:44:32.738-0600] {processor.py:925} INFO - DAG(s) 'example_nested_branch_dag' retrieved from /Library/Frameworks/Python.framework/Versions/3.8/lib/python3.8/site-packages/airflow/example_dags/example_nested_branch_dag.py
[2024-11-26T15:44:32.774-0600] {logging_mixin.py:190} INFO - [2024-11-26T15:44:32.774-0600] {dag.py:3239} INFO - Sync 1 DAGs
[2024-11-26T15:44:32.780-0600] {logging_mixin.py:190} INFO - [2024-11-26T15:44:32.780-0600] {dag.py:4180} INFO - Setting next_dagrun for example_nested_branch_dag to 2024-11-25 00:00:00+00:00, run_after=2024-11-26 00:00:00+00:00
[2024-11-26T15:44:32.786-0600] {processor.py:208} INFO - Processing /Library/Frameworks/Python.framework/Versions/3.8/lib/python3.8/site-packages/airflow/example_dags/example_nested_branch_dag.py took 0.062 seconds
[2024-11-26T15:46:48.666-0600] {processor.py:186} INFO - Started process (PID=24970) to work on /Library/Frameworks/Python.framework/Versions/3.8/lib/python3.8/site-packages/airflow/example_dags/example_nested_branch_dag.py
[2024-11-26T15:46:48.667-0600] {processor.py:914} INFO - Processing file /Library/Frameworks/Python.framework/Versions/3.8/lib/python3.8/site-packages/airflow/example_dags/example_nested_branch_dag.py for tasks to queue
[2024-11-26T15:46:48.667-0600] {logging_mixin.py:190} INFO - [2024-11-26T15:46:48.667-0600] {dagbag.py:588} INFO - Filling up the DagBag from /Library/Frameworks/Python.framework/Versions/3.8/lib/python3.8/site-packages/airflow/example_dags/example_nested_branch_dag.py
[2024-11-26T15:46:48.680-0600] {processor.py:925} INFO - DAG(s) 'example_nested_branch_dag' retrieved from /Library/Frameworks/Python.framework/Versions/3.8/lib/python3.8/site-packages/airflow/example_dags/example_nested_branch_dag.py
[2024-11-26T15:46:48.715-0600] {logging_mixin.py:190} INFO - [2024-11-26T15:46:48.715-0600] {dag.py:3239} INFO - Sync 1 DAGs
[2024-11-26T15:46:48.721-0600] {logging_mixin.py:190} INFO - [2024-11-26T15:46:48.721-0600] {dag.py:4180} INFO - Setting next_dagrun for example_nested_branch_dag to 2024-11-25 00:00:00+00:00, run_after=2024-11-26 00:00:00+00:00
[2024-11-26T15:46:48.727-0600] {processor.py:208} INFO - Processing /Library/Frameworks/Python.framework/Versions/3.8/lib/python3.8/site-packages/airflow/example_dags/example_nested_branch_dag.py took 0.062 seconds
[2024-11-26T15:49:00.172-0600] {processor.py:186} INFO - Started process (PID=25227) to work on /Library/Frameworks/Python.framework/Versions/3.8/lib/python3.8/site-packages/airflow/example_dags/example_nested_branch_dag.py
[2024-11-26T15:49:00.173-0600] {processor.py:914} INFO - Processing file /Library/Frameworks/Python.framework/Versions/3.8/lib/python3.8/site-packages/airflow/example_dags/example_nested_branch_dag.py for tasks to queue
[2024-11-26T15:49:00.174-0600] {logging_mixin.py:190} INFO - [2024-11-26T15:49:00.174-0600] {dagbag.py:588} INFO - Filling up the DagBag from /Library/Frameworks/Python.framework/Versions/3.8/lib/python3.8/site-packages/airflow/example_dags/example_nested_branch_dag.py
[2024-11-26T15:49:00.187-0600] {processor.py:925} INFO - DAG(s) 'example_nested_branch_dag' retrieved from /Library/Frameworks/Python.framework/Versions/3.8/lib/python3.8/site-packages/airflow/example_dags/example_nested_branch_dag.py
[2024-11-26T15:49:00.222-0600] {logging_mixin.py:190} INFO - [2024-11-26T15:49:00.222-0600] {dag.py:3239} INFO - Sync 1 DAGs
[2024-11-26T15:49:00.228-0600] {logging_mixin.py:190} INFO - [2024-11-26T15:49:00.228-0600] {dag.py:4180} INFO - Setting next_dagrun for example_nested_branch_dag to 2024-11-25 00:00:00+00:00, run_after=2024-11-26 00:00:00+00:00
[2024-11-26T15:49:00.233-0600] {processor.py:208} INFO - Processing /Library/Frameworks/Python.framework/Versions/3.8/lib/python3.8/site-packages/airflow/example_dags/example_nested_branch_dag.py took 0.062 seconds
[2024-11-26T15:51:11.639-0600] {processor.py:186} INFO - Started process (PID=25493) to work on /Library/Frameworks/Python.framework/Versions/3.8/lib/python3.8/site-packages/airflow/example_dags/example_nested_branch_dag.py
[2024-11-26T15:51:11.639-0600] {processor.py:914} INFO - Processing file /Library/Frameworks/Python.framework/Versions/3.8/lib/python3.8/site-packages/airflow/example_dags/example_nested_branch_dag.py for tasks to queue
[2024-11-26T15:51:11.640-0600] {logging_mixin.py:190} INFO - [2024-11-26T15:51:11.640-0600] {dagbag.py:588} INFO - Filling up the DagBag from /Library/Frameworks/Python.framework/Versions/3.8/lib/python3.8/site-packages/airflow/example_dags/example_nested_branch_dag.py
[2024-11-26T15:51:11.653-0600] {processor.py:925} INFO - DAG(s) 'example_nested_branch_dag' retrieved from /Library/Frameworks/Python.framework/Versions/3.8/lib/python3.8/site-packages/airflow/example_dags/example_nested_branch_dag.py
[2024-11-26T15:51:11.688-0600] {logging_mixin.py:190} INFO - [2024-11-26T15:51:11.688-0600] {dag.py:3239} INFO - Sync 1 DAGs
[2024-11-26T15:51:11.695-0600] {logging_mixin.py:190} INFO - [2024-11-26T15:51:11.694-0600] {dag.py:4180} INFO - Setting next_dagrun for example_nested_branch_dag to 2024-11-25 00:00:00+00:00, run_after=2024-11-26 00:00:00+00:00
[2024-11-26T15:51:11.700-0600] {processor.py:208} INFO - Processing /Library/Frameworks/Python.framework/Versions/3.8/lib/python3.8/site-packages/airflow/example_dags/example_nested_branch_dag.py took 0.063 seconds
[2024-11-26T15:53:29.385-0600] {processor.py:186} INFO - Started process (PID=25740) to work on /Library/Frameworks/Python.framework/Versions/3.8/lib/python3.8/site-packages/airflow/example_dags/example_nested_branch_dag.py
[2024-11-26T15:53:29.385-0600] {processor.py:914} INFO - Processing file /Library/Frameworks/Python.framework/Versions/3.8/lib/python3.8/site-packages/airflow/example_dags/example_nested_branch_dag.py for tasks to queue
[2024-11-26T15:53:29.385-0600] {logging_mixin.py:190} INFO - [2024-11-26T15:53:29.385-0600] {dagbag.py:588} INFO - Filling up the DagBag from /Library/Frameworks/Python.framework/Versions/3.8/lib/python3.8/site-packages/airflow/example_dags/example_nested_branch_dag.py
[2024-11-26T15:53:29.398-0600] {processor.py:925} INFO - DAG(s) 'example_nested_branch_dag' retrieved from /Library/Frameworks/Python.framework/Versions/3.8/lib/python3.8/site-packages/airflow/example_dags/example_nested_branch_dag.py
[2024-11-26T15:53:29.433-0600] {logging_mixin.py:190} INFO - [2024-11-26T15:53:29.433-0600] {dag.py:3239} INFO - Sync 1 DAGs
[2024-11-26T15:53:29.439-0600] {logging_mixin.py:190} INFO - [2024-11-26T15:53:29.439-0600] {dag.py:4180} INFO - Setting next_dagrun for example_nested_branch_dag to 2024-11-25 00:00:00+00:00, run_after=2024-11-26 00:00:00+00:00
[2024-11-26T15:53:29.444-0600] {processor.py:208} INFO - Processing /Library/Frameworks/Python.framework/Versions/3.8/lib/python3.8/site-packages/airflow/example_dags/example_nested_branch_dag.py took 0.061 seconds
[2024-11-26T15:55:51.999-0600] {processor.py:186} INFO - Started process (PID=26041) to work on /Library/Frameworks/Python.framework/Versions/3.8/lib/python3.8/site-packages/airflow/example_dags/example_nested_branch_dag.py
[2024-11-26T15:55:52.000-0600] {processor.py:914} INFO - Processing file /Library/Frameworks/Python.framework/Versions/3.8/lib/python3.8/site-packages/airflow/example_dags/example_nested_branch_dag.py for tasks to queue
[2024-11-26T15:55:52.001-0600] {logging_mixin.py:190} INFO - [2024-11-26T15:55:52.001-0600] {dagbag.py:588} INFO - Filling up the DagBag from /Library/Frameworks/Python.framework/Versions/3.8/lib/python3.8/site-packages/airflow/example_dags/example_nested_branch_dag.py
[2024-11-26T15:55:52.014-0600] {processor.py:925} INFO - DAG(s) 'example_nested_branch_dag' retrieved from /Library/Frameworks/Python.framework/Versions/3.8/lib/python3.8/site-packages/airflow/example_dags/example_nested_branch_dag.py
[2024-11-26T15:55:52.050-0600] {logging_mixin.py:190} INFO - [2024-11-26T15:55:52.049-0600] {dag.py:3239} INFO - Sync 1 DAGs
[2024-11-26T15:55:52.056-0600] {logging_mixin.py:190} INFO - [2024-11-26T15:55:52.056-0600] {dag.py:4180} INFO - Setting next_dagrun for example_nested_branch_dag to 2024-11-25 00:00:00+00:00, run_after=2024-11-26 00:00:00+00:00
[2024-11-26T15:55:52.062-0600] {processor.py:208} INFO - Processing /Library/Frameworks/Python.framework/Versions/3.8/lib/python3.8/site-packages/airflow/example_dags/example_nested_branch_dag.py took 0.063 seconds
[2024-11-26T15:58:10.790-0600] {processor.py:186} INFO - Started process (PID=26310) to work on /Library/Frameworks/Python.framework/Versions/3.8/lib/python3.8/site-packages/airflow/example_dags/example_nested_branch_dag.py
[2024-11-26T15:58:10.791-0600] {processor.py:914} INFO - Processing file /Library/Frameworks/Python.framework/Versions/3.8/lib/python3.8/site-packages/airflow/example_dags/example_nested_branch_dag.py for tasks to queue
[2024-11-26T15:58:10.792-0600] {logging_mixin.py:190} INFO - [2024-11-26T15:58:10.792-0600] {dagbag.py:588} INFO - Filling up the DagBag from /Library/Frameworks/Python.framework/Versions/3.8/lib/python3.8/site-packages/airflow/example_dags/example_nested_branch_dag.py
[2024-11-26T15:58:10.804-0600] {processor.py:925} INFO - DAG(s) 'example_nested_branch_dag' retrieved from /Library/Frameworks/Python.framework/Versions/3.8/lib/python3.8/site-packages/airflow/example_dags/example_nested_branch_dag.py
[2024-11-26T15:58:10.838-0600] {logging_mixin.py:190} INFO - [2024-11-26T15:58:10.838-0600] {dag.py:3239} INFO - Sync 1 DAGs
[2024-11-26T15:58:10.844-0600] {logging_mixin.py:190} INFO - [2024-11-26T15:58:10.844-0600] {dag.py:4180} INFO - Setting next_dagrun for example_nested_branch_dag to 2024-11-25 00:00:00+00:00, run_after=2024-11-26 00:00:00+00:00
[2024-11-26T15:58:10.850-0600] {processor.py:208} INFO - Processing /Library/Frameworks/Python.framework/Versions/3.8/lib/python3.8/site-packages/airflow/example_dags/example_nested_branch_dag.py took 0.061 seconds
[2024-11-26T16:00:26.451-0600] {processor.py:186} INFO - Started process (PID=26594) to work on /Library/Frameworks/Python.framework/Versions/3.8/lib/python3.8/site-packages/airflow/example_dags/example_nested_branch_dag.py
[2024-11-26T16:00:26.452-0600] {processor.py:914} INFO - Processing file /Library/Frameworks/Python.framework/Versions/3.8/lib/python3.8/site-packages/airflow/example_dags/example_nested_branch_dag.py for tasks to queue
[2024-11-26T16:00:26.452-0600] {logging_mixin.py:190} INFO - [2024-11-26T16:00:26.452-0600] {dagbag.py:588} INFO - Filling up the DagBag from /Library/Frameworks/Python.framework/Versions/3.8/lib/python3.8/site-packages/airflow/example_dags/example_nested_branch_dag.py
[2024-11-26T16:00:26.465-0600] {processor.py:925} INFO - DAG(s) 'example_nested_branch_dag' retrieved from /Library/Frameworks/Python.framework/Versions/3.8/lib/python3.8/site-packages/airflow/example_dags/example_nested_branch_dag.py
[2024-11-26T16:00:26.500-0600] {logging_mixin.py:190} INFO - [2024-11-26T16:00:26.500-0600] {dag.py:3239} INFO - Sync 1 DAGs
[2024-11-26T16:00:26.506-0600] {logging_mixin.py:190} INFO - [2024-11-26T16:00:26.506-0600] {dag.py:4180} INFO - Setting next_dagrun for example_nested_branch_dag to 2024-11-25 00:00:00+00:00, run_after=2024-11-26 00:00:00+00:00
[2024-11-26T16:00:26.512-0600] {processor.py:208} INFO - Processing /Library/Frameworks/Python.framework/Versions/3.8/lib/python3.8/site-packages/airflow/example_dags/example_nested_branch_dag.py took 0.063 seconds
[2024-11-26T16:02:40.667-0600] {processor.py:186} INFO - Started process (PID=26850) to work on /Library/Frameworks/Python.framework/Versions/3.8/lib/python3.8/site-packages/airflow/example_dags/example_nested_branch_dag.py
[2024-11-26T16:02:40.668-0600] {processor.py:914} INFO - Processing file /Library/Frameworks/Python.framework/Versions/3.8/lib/python3.8/site-packages/airflow/example_dags/example_nested_branch_dag.py for tasks to queue
[2024-11-26T16:02:40.668-0600] {logging_mixin.py:190} INFO - [2024-11-26T16:02:40.668-0600] {dagbag.py:588} INFO - Filling up the DagBag from /Library/Frameworks/Python.framework/Versions/3.8/lib/python3.8/site-packages/airflow/example_dags/example_nested_branch_dag.py
[2024-11-26T16:02:40.681-0600] {processor.py:925} INFO - DAG(s) 'example_nested_branch_dag' retrieved from /Library/Frameworks/Python.framework/Versions/3.8/lib/python3.8/site-packages/airflow/example_dags/example_nested_branch_dag.py
[2024-11-26T16:02:40.717-0600] {logging_mixin.py:190} INFO - [2024-11-26T16:02:40.717-0600] {dag.py:3239} INFO - Sync 1 DAGs
[2024-11-26T16:02:40.723-0600] {logging_mixin.py:190} INFO - [2024-11-26T16:02:40.723-0600] {dag.py:4180} INFO - Setting next_dagrun for example_nested_branch_dag to 2024-11-25 00:00:00+00:00, run_after=2024-11-26 00:00:00+00:00
[2024-11-26T16:02:40.728-0600] {processor.py:208} INFO - Processing /Library/Frameworks/Python.framework/Versions/3.8/lib/python3.8/site-packages/airflow/example_dags/example_nested_branch_dag.py took 0.062 seconds
[2024-11-26T16:04:57.062-0600] {processor.py:186} INFO - Started process (PID=27101) to work on /Library/Frameworks/Python.framework/Versions/3.8/lib/python3.8/site-packages/airflow/example_dags/example_nested_branch_dag.py
[2024-11-26T16:04:57.063-0600] {processor.py:914} INFO - Processing file /Library/Frameworks/Python.framework/Versions/3.8/lib/python3.8/site-packages/airflow/example_dags/example_nested_branch_dag.py for tasks to queue
[2024-11-26T16:04:57.063-0600] {logging_mixin.py:190} INFO - [2024-11-26T16:04:57.063-0600] {dagbag.py:588} INFO - Filling up the DagBag from /Library/Frameworks/Python.framework/Versions/3.8/lib/python3.8/site-packages/airflow/example_dags/example_nested_branch_dag.py
[2024-11-26T16:04:57.075-0600] {processor.py:925} INFO - DAG(s) 'example_nested_branch_dag' retrieved from /Library/Frameworks/Python.framework/Versions/3.8/lib/python3.8/site-packages/airflow/example_dags/example_nested_branch_dag.py
[2024-11-26T16:04:57.109-0600] {logging_mixin.py:190} INFO - [2024-11-26T16:04:57.109-0600] {dag.py:3239} INFO - Sync 1 DAGs
[2024-11-26T16:04:57.115-0600] {logging_mixin.py:190} INFO - [2024-11-26T16:04:57.115-0600] {dag.py:4180} INFO - Setting next_dagrun for example_nested_branch_dag to 2024-11-25 00:00:00+00:00, run_after=2024-11-26 00:00:00+00:00
[2024-11-26T16:04:57.121-0600] {processor.py:208} INFO - Processing /Library/Frameworks/Python.framework/Versions/3.8/lib/python3.8/site-packages/airflow/example_dags/example_nested_branch_dag.py took 0.060 seconds
[2024-11-26T17:17:33.962-0600] {processor.py:186} INFO - Started process (PID=27358) to work on /Library/Frameworks/Python.framework/Versions/3.8/lib/python3.8/site-packages/airflow/example_dags/example_nested_branch_dag.py
[2024-11-26T17:17:33.962-0600] {processor.py:914} INFO - Processing file /Library/Frameworks/Python.framework/Versions/3.8/lib/python3.8/site-packages/airflow/example_dags/example_nested_branch_dag.py for tasks to queue
[2024-11-26T17:17:33.963-0600] {logging_mixin.py:190} INFO - [2024-11-26T17:17:33.962-0600] {dagbag.py:588} INFO - Filling up the DagBag from /Library/Frameworks/Python.framework/Versions/3.8/lib/python3.8/site-packages/airflow/example_dags/example_nested_branch_dag.py
[2024-11-26T17:17:33.976-0600] {processor.py:925} INFO - DAG(s) 'example_nested_branch_dag' retrieved from /Library/Frameworks/Python.framework/Versions/3.8/lib/python3.8/site-packages/airflow/example_dags/example_nested_branch_dag.py
[2024-11-26T17:17:34.008-0600] {logging_mixin.py:190} INFO - [2024-11-26T17:17:34.008-0600] {dag.py:3239} INFO - Sync 1 DAGs
[2024-11-26T17:17:34.013-0600] {logging_mixin.py:190} INFO - [2024-11-26T17:17:34.013-0600] {dag.py:4180} INFO - Setting next_dagrun for example_nested_branch_dag to 2024-11-25 00:00:00+00:00, run_after=2024-11-26 00:00:00+00:00
[2024-11-26T17:17:34.019-0600] {processor.py:208} INFO - Processing /Library/Frameworks/Python.framework/Versions/3.8/lib/python3.8/site-packages/airflow/example_dags/example_nested_branch_dag.py took 0.058 seconds
