[2024-11-26T14:17:40.749-0600] {processor.py:186} INFO - Started process (PID=17842) to work on /Users/beprathap/PycharmProjects/YouTube-airflow/airflow-venv/lib/python3.8/site-packages/airflow/example_dags/example_xcom.py
[2024-11-26T14:17:40.749-0600] {processor.py:914} INFO - Processing file /Users/beprathap/PycharmProjects/YouTube-airflow/airflow-venv/lib/python3.8/site-packages/airflow/example_dags/example_xcom.py for tasks to queue
[2024-11-26T14:17:40.750-0600] {logging_mixin.py:190} INFO - [2024-11-26T14:17:40.750-0600] {dagbag.py:588} INFO - Filling up the DagBag from /Users/beprathap/PycharmProjects/YouTube-airflow/airflow-venv/lib/python3.8/site-packages/airflow/example_dags/example_xcom.py
[2024-11-26T14:17:40.761-0600] {processor.py:925} INFO - DAG(s) 'example_xcom' retrieved from /Users/beprathap/PycharmProjects/YouTube-airflow/airflow-venv/lib/python3.8/site-packages/airflow/example_dags/example_xcom.py
[2024-11-26T14:17:40.820-0600] {logging_mixin.py:190} INFO - [2024-11-26T14:17:40.819-0600] {override.py:1901} INFO - Created Permission View: can delete on DAG:example_xcom
[2024-11-26T14:17:40.822-0600] {logging_mixin.py:190} INFO - [2024-11-26T14:17:40.822-0600] {override.py:1901} INFO - Created Permission View: can read on DAG:example_xcom
[2024-11-26T14:17:40.823-0600] {logging_mixin.py:190} INFO - [2024-11-26T14:17:40.823-0600] {override.py:1901} INFO - Created Permission View: can edit on DAG:example_xcom
[2024-11-26T14:17:40.825-0600] {logging_mixin.py:190} INFO - [2024-11-26T14:17:40.825-0600] {override.py:1901} INFO - Created Permission View: can delete on DAG Run:example_xcom
[2024-11-26T14:17:40.827-0600] {logging_mixin.py:190} INFO - [2024-11-26T14:17:40.827-0600] {override.py:1901} INFO - Created Permission View: can create on DAG Run:example_xcom
[2024-11-26T14:17:40.828-0600] {logging_mixin.py:190} INFO - [2024-11-26T14:17:40.828-0600] {override.py:1901} INFO - Created Permission View: menu access on DAG Run:example_xcom
[2024-11-26T14:17:40.829-0600] {logging_mixin.py:190} INFO - [2024-11-26T14:17:40.829-0600] {override.py:1901} INFO - Created Permission View: can read on DAG Run:example_xcom
[2024-11-26T14:17:40.830-0600] {logging_mixin.py:190} INFO - [2024-11-26T14:17:40.829-0600] {dag.py:3239} INFO - Sync 1 DAGs
[2024-11-26T14:17:40.833-0600] {logging_mixin.py:190} INFO - [2024-11-26T14:17:40.833-0600] {dag.py:3262} INFO - Creating ORM DAG for example_xcom
[2024-11-26T14:17:40.835-0600] {logging_mixin.py:190} INFO - [2024-11-26T14:17:40.835-0600] {dag.py:4180} INFO - Setting next_dagrun for example_xcom to 2021-01-01 00:00:00+00:00, run_after=2021-01-01 00:00:00+00:00
[2024-11-26T14:17:40.840-0600] {processor.py:208} INFO - Processing /Users/beprathap/PycharmProjects/YouTube-airflow/airflow-venv/lib/python3.8/site-packages/airflow/example_dags/example_xcom.py took 0.092 seconds
[2024-11-26T14:19:20.277-0600] {processor.py:186} INFO - Started process (PID=18021) to work on /Users/beprathap/PycharmProjects/YouTube-airflow/airflow-venv/lib/python3.8/site-packages/airflow/example_dags/example_xcom.py
[2024-11-26T14:19:20.277-0600] {processor.py:914} INFO - Processing file /Users/beprathap/PycharmProjects/YouTube-airflow/airflow-venv/lib/python3.8/site-packages/airflow/example_dags/example_xcom.py for tasks to queue
[2024-11-26T14:19:20.277-0600] {logging_mixin.py:190} INFO - [2024-11-26T14:19:20.277-0600] {dagbag.py:588} INFO - Filling up the DagBag from /Users/beprathap/PycharmProjects/YouTube-airflow/airflow-venv/lib/python3.8/site-packages/airflow/example_dags/example_xcom.py
[2024-11-26T14:19:20.289-0600] {processor.py:925} INFO - DAG(s) 'example_xcom' retrieved from /Users/beprathap/PycharmProjects/YouTube-airflow/airflow-venv/lib/python3.8/site-packages/airflow/example_dags/example_xcom.py
[2024-11-26T14:19:20.322-0600] {logging_mixin.py:190} INFO - [2024-11-26T14:19:20.322-0600] {dag.py:3239} INFO - Sync 1 DAGs
[2024-11-26T14:19:20.328-0600] {logging_mixin.py:190} INFO - [2024-11-26T14:19:20.328-0600] {dag.py:4180} INFO - Setting next_dagrun for example_xcom to 2021-01-01 00:00:00+00:00, run_after=2021-01-01 00:00:00+00:00
[2024-11-26T14:19:20.333-0600] {processor.py:208} INFO - Processing /Users/beprathap/PycharmProjects/YouTube-airflow/airflow-venv/lib/python3.8/site-packages/airflow/example_dags/example_xcom.py took 0.058 seconds
[2024-11-26T14:20:27.027-0600] {processor.py:186} INFO - Started process (PID=18146) to work on /Users/beprathap/PycharmProjects/YouTube-airflow/airflow-venv/lib/python3.8/site-packages/airflow/example_dags/example_xcom.py
[2024-11-26T14:20:27.027-0600] {processor.py:914} INFO - Processing file /Users/beprathap/PycharmProjects/YouTube-airflow/airflow-venv/lib/python3.8/site-packages/airflow/example_dags/example_xcom.py for tasks to queue
[2024-11-26T14:20:27.028-0600] {logging_mixin.py:190} INFO - [2024-11-26T14:20:27.028-0600] {dagbag.py:588} INFO - Filling up the DagBag from /Users/beprathap/PycharmProjects/YouTube-airflow/airflow-venv/lib/python3.8/site-packages/airflow/example_dags/example_xcom.py
[2024-11-26T14:20:27.039-0600] {processor.py:925} INFO - DAG(s) 'example_xcom' retrieved from /Users/beprathap/PycharmProjects/YouTube-airflow/airflow-venv/lib/python3.8/site-packages/airflow/example_dags/example_xcom.py
[2024-11-26T14:20:27.072-0600] {logging_mixin.py:190} INFO - [2024-11-26T14:20:27.072-0600] {dag.py:3239} INFO - Sync 1 DAGs
[2024-11-26T14:20:27.077-0600] {logging_mixin.py:190} INFO - [2024-11-26T14:20:27.077-0600] {dag.py:4180} INFO - Setting next_dagrun for example_xcom to 2021-01-01 00:00:00+00:00, run_after=2021-01-01 00:00:00+00:00
[2024-11-26T14:20:27.082-0600] {processor.py:208} INFO - Processing /Users/beprathap/PycharmProjects/YouTube-airflow/airflow-venv/lib/python3.8/site-packages/airflow/example_dags/example_xcom.py took 0.057 seconds
[2024-11-26T14:21:34.903-0600] {processor.py:186} INFO - Started process (PID=18280) to work on /Users/beprathap/PycharmProjects/YouTube-airflow/airflow-venv/lib/python3.8/site-packages/airflow/example_dags/example_xcom.py
[2024-11-26T14:21:34.903-0600] {processor.py:914} INFO - Processing file /Users/beprathap/PycharmProjects/YouTube-airflow/airflow-venv/lib/python3.8/site-packages/airflow/example_dags/example_xcom.py for tasks to queue
[2024-11-26T14:21:34.903-0600] {logging_mixin.py:190} INFO - [2024-11-26T14:21:34.903-0600] {dagbag.py:588} INFO - Filling up the DagBag from /Users/beprathap/PycharmProjects/YouTube-airflow/airflow-venv/lib/python3.8/site-packages/airflow/example_dags/example_xcom.py
[2024-11-26T14:21:34.915-0600] {processor.py:925} INFO - DAG(s) 'example_xcom' retrieved from /Users/beprathap/PycharmProjects/YouTube-airflow/airflow-venv/lib/python3.8/site-packages/airflow/example_dags/example_xcom.py
[2024-11-26T14:21:34.948-0600] {logging_mixin.py:190} INFO - [2024-11-26T14:21:34.948-0600] {dag.py:3239} INFO - Sync 1 DAGs
[2024-11-26T14:21:34.954-0600] {logging_mixin.py:190} INFO - [2024-11-26T14:21:34.954-0600] {dag.py:4180} INFO - Setting next_dagrun for example_xcom to 2021-01-01 00:00:00+00:00, run_after=2021-01-01 00:00:00+00:00
[2024-11-26T14:21:34.959-0600] {processor.py:208} INFO - Processing /Users/beprathap/PycharmProjects/YouTube-airflow/airflow-venv/lib/python3.8/site-packages/airflow/example_dags/example_xcom.py took 0.058 seconds
[2024-11-26T14:22:41.649-0600] {processor.py:186} INFO - Started process (PID=18405) to work on /Users/beprathap/PycharmProjects/YouTube-airflow/airflow-venv/lib/python3.8/site-packages/airflow/example_dags/example_xcom.py
[2024-11-26T14:22:41.649-0600] {processor.py:914} INFO - Processing file /Users/beprathap/PycharmProjects/YouTube-airflow/airflow-venv/lib/python3.8/site-packages/airflow/example_dags/example_xcom.py for tasks to queue
[2024-11-26T14:22:41.650-0600] {logging_mixin.py:190} INFO - [2024-11-26T14:22:41.650-0600] {dagbag.py:588} INFO - Filling up the DagBag from /Users/beprathap/PycharmProjects/YouTube-airflow/airflow-venv/lib/python3.8/site-packages/airflow/example_dags/example_xcom.py
[2024-11-26T14:22:41.661-0600] {processor.py:925} INFO - DAG(s) 'example_xcom' retrieved from /Users/beprathap/PycharmProjects/YouTube-airflow/airflow-venv/lib/python3.8/site-packages/airflow/example_dags/example_xcom.py
[2024-11-26T14:22:41.695-0600] {logging_mixin.py:190} INFO - [2024-11-26T14:22:41.695-0600] {dag.py:3239} INFO - Sync 1 DAGs
[2024-11-26T14:22:41.701-0600] {logging_mixin.py:190} INFO - [2024-11-26T14:22:41.700-0600] {dag.py:4180} INFO - Setting next_dagrun for example_xcom to 2021-01-01 00:00:00+00:00, run_after=2021-01-01 00:00:00+00:00
[2024-11-26T14:22:41.706-0600] {processor.py:208} INFO - Processing /Users/beprathap/PycharmProjects/YouTube-airflow/airflow-venv/lib/python3.8/site-packages/airflow/example_dags/example_xcom.py took 0.058 seconds
[2024-11-26T14:23:45.553-0600] {processor.py:186} INFO - Started process (PID=18551) to work on /Users/beprathap/PycharmProjects/YouTube-airflow/airflow-venv/lib/python3.8/site-packages/airflow/example_dags/example_xcom.py
[2024-11-26T14:23:45.554-0600] {processor.py:914} INFO - Processing file /Users/beprathap/PycharmProjects/YouTube-airflow/airflow-venv/lib/python3.8/site-packages/airflow/example_dags/example_xcom.py for tasks to queue
[2024-11-26T14:23:45.555-0600] {logging_mixin.py:190} INFO - [2024-11-26T14:23:45.555-0600] {dagbag.py:588} INFO - Filling up the DagBag from /Users/beprathap/PycharmProjects/YouTube-airflow/airflow-venv/lib/python3.8/site-packages/airflow/example_dags/example_xcom.py
[2024-11-26T14:23:45.566-0600] {processor.py:925} INFO - DAG(s) 'example_xcom' retrieved from /Users/beprathap/PycharmProjects/YouTube-airflow/airflow-venv/lib/python3.8/site-packages/airflow/example_dags/example_xcom.py
[2024-11-26T14:23:45.601-0600] {logging_mixin.py:190} INFO - [2024-11-26T14:23:45.601-0600] {dag.py:3239} INFO - Sync 1 DAGs
[2024-11-26T14:23:45.607-0600] {logging_mixin.py:190} INFO - [2024-11-26T14:23:45.607-0600] {dag.py:4180} INFO - Setting next_dagrun for example_xcom to 2021-01-01 00:00:00+00:00, run_after=2021-01-01 00:00:00+00:00
[2024-11-26T14:23:45.613-0600] {processor.py:208} INFO - Processing /Users/beprathap/PycharmProjects/YouTube-airflow/airflow-venv/lib/python3.8/site-packages/airflow/example_dags/example_xcom.py took 0.061 seconds
[2024-11-26T14:24:52.657-0600] {processor.py:186} INFO - Started process (PID=18682) to work on /Users/beprathap/PycharmProjects/YouTube-airflow/airflow-venv/lib/python3.8/site-packages/airflow/example_dags/example_xcom.py
[2024-11-26T14:24:52.658-0600] {processor.py:914} INFO - Processing file /Users/beprathap/PycharmProjects/YouTube-airflow/airflow-venv/lib/python3.8/site-packages/airflow/example_dags/example_xcom.py for tasks to queue
[2024-11-26T14:24:52.659-0600] {logging_mixin.py:190} INFO - [2024-11-26T14:24:52.658-0600] {dagbag.py:588} INFO - Filling up the DagBag from /Users/beprathap/PycharmProjects/YouTube-airflow/airflow-venv/lib/python3.8/site-packages/airflow/example_dags/example_xcom.py
[2024-11-26T14:24:52.670-0600] {processor.py:925} INFO - DAG(s) 'example_xcom' retrieved from /Users/beprathap/PycharmProjects/YouTube-airflow/airflow-venv/lib/python3.8/site-packages/airflow/example_dags/example_xcom.py
[2024-11-26T14:24:52.704-0600] {logging_mixin.py:190} INFO - [2024-11-26T14:24:52.704-0600] {dag.py:3239} INFO - Sync 1 DAGs
[2024-11-26T14:24:52.710-0600] {logging_mixin.py:190} INFO - [2024-11-26T14:24:52.710-0600] {dag.py:4180} INFO - Setting next_dagrun for example_xcom to 2021-01-01 00:00:00+00:00, run_after=2021-01-01 00:00:00+00:00
[2024-11-26T14:24:52.717-0600] {processor.py:208} INFO - Processing /Users/beprathap/PycharmProjects/YouTube-airflow/airflow-venv/lib/python3.8/site-packages/airflow/example_dags/example_xcom.py took 0.061 seconds
[2024-11-26T14:25:56.570-0600] {processor.py:186} INFO - Started process (PID=18805) to work on /Users/beprathap/PycharmProjects/YouTube-airflow/airflow-venv/lib/python3.8/site-packages/airflow/example_dags/example_xcom.py
[2024-11-26T14:25:56.570-0600] {processor.py:914} INFO - Processing file /Users/beprathap/PycharmProjects/YouTube-airflow/airflow-venv/lib/python3.8/site-packages/airflow/example_dags/example_xcom.py for tasks to queue
[2024-11-26T14:25:56.570-0600] {logging_mixin.py:190} INFO - [2024-11-26T14:25:56.570-0600] {dagbag.py:588} INFO - Filling up the DagBag from /Users/beprathap/PycharmProjects/YouTube-airflow/airflow-venv/lib/python3.8/site-packages/airflow/example_dags/example_xcom.py
[2024-11-26T14:25:56.582-0600] {processor.py:925} INFO - DAG(s) 'example_xcom' retrieved from /Users/beprathap/PycharmProjects/YouTube-airflow/airflow-venv/lib/python3.8/site-packages/airflow/example_dags/example_xcom.py
[2024-11-26T14:25:56.616-0600] {logging_mixin.py:190} INFO - [2024-11-26T14:25:56.616-0600] {dag.py:3239} INFO - Sync 1 DAGs
[2024-11-26T14:25:56.621-0600] {logging_mixin.py:190} INFO - [2024-11-26T14:25:56.621-0600] {dag.py:4180} INFO - Setting next_dagrun for example_xcom to 2021-01-01 00:00:00+00:00, run_after=2021-01-01 00:00:00+00:00
[2024-11-26T14:25:56.627-0600] {processor.py:208} INFO - Processing /Users/beprathap/PycharmProjects/YouTube-airflow/airflow-venv/lib/python3.8/site-packages/airflow/example_dags/example_xcom.py took 0.058 seconds
[2024-11-26T14:26:58.825-0600] {processor.py:186} INFO - Started process (PID=18919) to work on /Users/beprathap/PycharmProjects/YouTube-airflow/airflow-venv/lib/python3.8/site-packages/airflow/example_dags/example_xcom.py
[2024-11-26T14:26:58.826-0600] {processor.py:914} INFO - Processing file /Users/beprathap/PycharmProjects/YouTube-airflow/airflow-venv/lib/python3.8/site-packages/airflow/example_dags/example_xcom.py for tasks to queue
[2024-11-26T14:26:58.826-0600] {logging_mixin.py:190} INFO - [2024-11-26T14:26:58.826-0600] {dagbag.py:588} INFO - Filling up the DagBag from /Users/beprathap/PycharmProjects/YouTube-airflow/airflow-venv/lib/python3.8/site-packages/airflow/example_dags/example_xcom.py
[2024-11-26T14:26:58.837-0600] {processor.py:925} INFO - DAG(s) 'example_xcom' retrieved from /Users/beprathap/PycharmProjects/YouTube-airflow/airflow-venv/lib/python3.8/site-packages/airflow/example_dags/example_xcom.py
[2024-11-26T14:26:58.873-0600] {logging_mixin.py:190} INFO - [2024-11-26T14:26:58.873-0600] {dag.py:3239} INFO - Sync 1 DAGs
[2024-11-26T14:26:58.879-0600] {logging_mixin.py:190} INFO - [2024-11-26T14:26:58.879-0600] {dag.py:4180} INFO - Setting next_dagrun for example_xcom to 2021-01-01 00:00:00+00:00, run_after=2021-01-01 00:00:00+00:00
[2024-11-26T14:26:58.884-0600] {processor.py:208} INFO - Processing /Users/beprathap/PycharmProjects/YouTube-airflow/airflow-venv/lib/python3.8/site-packages/airflow/example_dags/example_xcom.py took 0.060 seconds
[2024-11-26T14:28:03.288-0600] {processor.py:186} INFO - Started process (PID=19034) to work on /Users/beprathap/PycharmProjects/YouTube-airflow/airflow-venv/lib/python3.8/site-packages/airflow/example_dags/example_xcom.py
[2024-11-26T14:28:03.289-0600] {processor.py:914} INFO - Processing file /Users/beprathap/PycharmProjects/YouTube-airflow/airflow-venv/lib/python3.8/site-packages/airflow/example_dags/example_xcom.py for tasks to queue
[2024-11-26T14:28:03.289-0600] {logging_mixin.py:190} INFO - [2024-11-26T14:28:03.289-0600] {dagbag.py:588} INFO - Filling up the DagBag from /Users/beprathap/PycharmProjects/YouTube-airflow/airflow-venv/lib/python3.8/site-packages/airflow/example_dags/example_xcom.py
[2024-11-26T14:28:03.300-0600] {processor.py:925} INFO - DAG(s) 'example_xcom' retrieved from /Users/beprathap/PycharmProjects/YouTube-airflow/airflow-venv/lib/python3.8/site-packages/airflow/example_dags/example_xcom.py
[2024-11-26T14:28:03.334-0600] {logging_mixin.py:190} INFO - [2024-11-26T14:28:03.334-0600] {dag.py:3239} INFO - Sync 1 DAGs
[2024-11-26T14:28:03.339-0600] {logging_mixin.py:190} INFO - [2024-11-26T14:28:03.339-0600] {dag.py:4180} INFO - Setting next_dagrun for example_xcom to 2021-01-01 00:00:00+00:00, run_after=2021-01-01 00:00:00+00:00
[2024-11-26T14:28:03.345-0600] {processor.py:208} INFO - Processing /Users/beprathap/PycharmProjects/YouTube-airflow/airflow-venv/lib/python3.8/site-packages/airflow/example_dags/example_xcom.py took 0.057 seconds
[2024-11-26T14:29:05.934-0600] {processor.py:186} INFO - Started process (PID=19151) to work on /Users/beprathap/PycharmProjects/YouTube-airflow/airflow-venv/lib/python3.8/site-packages/airflow/example_dags/example_xcom.py
[2024-11-26T14:29:05.934-0600] {processor.py:914} INFO - Processing file /Users/beprathap/PycharmProjects/YouTube-airflow/airflow-venv/lib/python3.8/site-packages/airflow/example_dags/example_xcom.py for tasks to queue
[2024-11-26T14:29:05.935-0600] {logging_mixin.py:190} INFO - [2024-11-26T14:29:05.935-0600] {dagbag.py:588} INFO - Filling up the DagBag from /Users/beprathap/PycharmProjects/YouTube-airflow/airflow-venv/lib/python3.8/site-packages/airflow/example_dags/example_xcom.py
[2024-11-26T14:29:05.947-0600] {processor.py:925} INFO - DAG(s) 'example_xcom' retrieved from /Users/beprathap/PycharmProjects/YouTube-airflow/airflow-venv/lib/python3.8/site-packages/airflow/example_dags/example_xcom.py
[2024-11-26T14:29:05.982-0600] {logging_mixin.py:190} INFO - [2024-11-26T14:29:05.982-0600] {dag.py:3239} INFO - Sync 1 DAGs
[2024-11-26T14:29:05.987-0600] {logging_mixin.py:190} INFO - [2024-11-26T14:29:05.987-0600] {dag.py:4180} INFO - Setting next_dagrun for example_xcom to 2021-01-01 00:00:00+00:00, run_after=2021-01-01 00:00:00+00:00
[2024-11-26T14:29:05.993-0600] {processor.py:208} INFO - Processing /Users/beprathap/PycharmProjects/YouTube-airflow/airflow-venv/lib/python3.8/site-packages/airflow/example_dags/example_xcom.py took 0.060 seconds
[2024-11-26T14:30:10.384-0600] {processor.py:186} INFO - Started process (PID=19280) to work on /Users/beprathap/PycharmProjects/YouTube-airflow/airflow-venv/lib/python3.8/site-packages/airflow/example_dags/example_xcom.py
[2024-11-26T14:30:10.385-0600] {processor.py:914} INFO - Processing file /Users/beprathap/PycharmProjects/YouTube-airflow/airflow-venv/lib/python3.8/site-packages/airflow/example_dags/example_xcom.py for tasks to queue
[2024-11-26T14:30:10.385-0600] {logging_mixin.py:190} INFO - [2024-11-26T14:30:10.385-0600] {dagbag.py:588} INFO - Filling up the DagBag from /Users/beprathap/PycharmProjects/YouTube-airflow/airflow-venv/lib/python3.8/site-packages/airflow/example_dags/example_xcom.py
[2024-11-26T14:30:10.396-0600] {processor.py:925} INFO - DAG(s) 'example_xcom' retrieved from /Users/beprathap/PycharmProjects/YouTube-airflow/airflow-venv/lib/python3.8/site-packages/airflow/example_dags/example_xcom.py
[2024-11-26T14:30:10.431-0600] {logging_mixin.py:190} INFO - [2024-11-26T14:30:10.431-0600] {dag.py:3239} INFO - Sync 1 DAGs
[2024-11-26T14:30:10.436-0600] {logging_mixin.py:190} INFO - [2024-11-26T14:30:10.436-0600] {dag.py:4180} INFO - Setting next_dagrun for example_xcom to 2021-01-01 00:00:00+00:00, run_after=2021-01-01 00:00:00+00:00
[2024-11-26T14:30:10.442-0600] {processor.py:208} INFO - Processing /Users/beprathap/PycharmProjects/YouTube-airflow/airflow-venv/lib/python3.8/site-packages/airflow/example_dags/example_xcom.py took 0.059 seconds
[2024-11-26T14:36:02.839-0600] {processor.py:186} INFO - Started process (PID=19518) to work on /Users/beprathap/PycharmProjects/YouTube-airflow/airflow-venv/lib/python3.8/site-packages/airflow/example_dags/example_xcom.py
[2024-11-26T14:36:02.839-0600] {processor.py:914} INFO - Processing file /Users/beprathap/PycharmProjects/YouTube-airflow/airflow-venv/lib/python3.8/site-packages/airflow/example_dags/example_xcom.py for tasks to queue
[2024-11-26T14:36:02.839-0600] {logging_mixin.py:190} INFO - [2024-11-26T14:36:02.839-0600] {dagbag.py:588} INFO - Filling up the DagBag from /Users/beprathap/PycharmProjects/YouTube-airflow/airflow-venv/lib/python3.8/site-packages/airflow/example_dags/example_xcom.py
[2024-11-26T14:36:02.850-0600] {processor.py:925} INFO - DAG(s) 'example_xcom' retrieved from /Users/beprathap/PycharmProjects/YouTube-airflow/airflow-venv/lib/python3.8/site-packages/airflow/example_dags/example_xcom.py
[2024-11-26T14:36:02.884-0600] {logging_mixin.py:190} INFO - [2024-11-26T14:36:02.884-0600] {dag.py:3239} INFO - Sync 1 DAGs
[2024-11-26T14:36:02.889-0600] {logging_mixin.py:190} INFO - [2024-11-26T14:36:02.889-0600] {dag.py:4180} INFO - Setting next_dagrun for example_xcom to 2021-01-01 00:00:00+00:00, run_after=2021-01-01 00:00:00+00:00
[2024-11-26T14:36:02.894-0600] {processor.py:208} INFO - Processing /Users/beprathap/PycharmProjects/YouTube-airflow/airflow-venv/lib/python3.8/site-packages/airflow/example_dags/example_xcom.py took 0.057 seconds
[2024-11-26T14:37:42.758-0600] {processor.py:186} INFO - Started process (PID=19693) to work on /Users/beprathap/PycharmProjects/YouTube-airflow/airflow-venv/lib/python3.8/site-packages/airflow/example_dags/example_xcom.py
[2024-11-26T14:37:42.759-0600] {processor.py:914} INFO - Processing file /Users/beprathap/PycharmProjects/YouTube-airflow/airflow-venv/lib/python3.8/site-packages/airflow/example_dags/example_xcom.py for tasks to queue
[2024-11-26T14:37:42.760-0600] {logging_mixin.py:190} INFO - [2024-11-26T14:37:42.760-0600] {dagbag.py:588} INFO - Filling up the DagBag from /Users/beprathap/PycharmProjects/YouTube-airflow/airflow-venv/lib/python3.8/site-packages/airflow/example_dags/example_xcom.py
[2024-11-26T14:37:42.771-0600] {processor.py:925} INFO - DAG(s) 'example_xcom' retrieved from /Users/beprathap/PycharmProjects/YouTube-airflow/airflow-venv/lib/python3.8/site-packages/airflow/example_dags/example_xcom.py
[2024-11-26T14:37:42.804-0600] {logging_mixin.py:190} INFO - [2024-11-26T14:37:42.804-0600] {dag.py:3239} INFO - Sync 1 DAGs
[2024-11-26T14:37:42.810-0600] {logging_mixin.py:190} INFO - [2024-11-26T14:37:42.810-0600] {dag.py:4180} INFO - Setting next_dagrun for example_xcom to 2021-01-01 00:00:00+00:00, run_after=2021-01-01 00:00:00+00:00
[2024-11-26T14:37:42.815-0600] {processor.py:208} INFO - Processing /Users/beprathap/PycharmProjects/YouTube-airflow/airflow-venv/lib/python3.8/site-packages/airflow/example_dags/example_xcom.py took 0.058 seconds
[2024-11-26T14:38:51.126-0600] {processor.py:186} INFO - Started process (PID=19824) to work on /Users/beprathap/PycharmProjects/YouTube-airflow/airflow-venv/lib/python3.8/site-packages/airflow/example_dags/example_xcom.py
[2024-11-26T14:38:51.126-0600] {processor.py:914} INFO - Processing file /Users/beprathap/PycharmProjects/YouTube-airflow/airflow-venv/lib/python3.8/site-packages/airflow/example_dags/example_xcom.py for tasks to queue
[2024-11-26T14:38:51.126-0600] {logging_mixin.py:190} INFO - [2024-11-26T14:38:51.126-0600] {dagbag.py:588} INFO - Filling up the DagBag from /Users/beprathap/PycharmProjects/YouTube-airflow/airflow-venv/lib/python3.8/site-packages/airflow/example_dags/example_xcom.py
[2024-11-26T14:38:51.138-0600] {processor.py:925} INFO - DAG(s) 'example_xcom' retrieved from /Users/beprathap/PycharmProjects/YouTube-airflow/airflow-venv/lib/python3.8/site-packages/airflow/example_dags/example_xcom.py
[2024-11-26T14:38:51.173-0600] {logging_mixin.py:190} INFO - [2024-11-26T14:38:51.172-0600] {dag.py:3239} INFO - Sync 1 DAGs
[2024-11-26T14:38:51.178-0600] {logging_mixin.py:190} INFO - [2024-11-26T14:38:51.178-0600] {dag.py:4180} INFO - Setting next_dagrun for example_xcom to 2021-01-01 00:00:00+00:00, run_after=2021-01-01 00:00:00+00:00
[2024-11-26T14:38:51.184-0600] {processor.py:208} INFO - Processing /Users/beprathap/PycharmProjects/YouTube-airflow/airflow-venv/lib/python3.8/site-packages/airflow/example_dags/example_xcom.py took 0.059 seconds
[2024-11-26T14:40:01.537-0600] {processor.py:186} INFO - Started process (PID=19960) to work on /Users/beprathap/PycharmProjects/YouTube-airflow/airflow-venv/lib/python3.8/site-packages/airflow/example_dags/example_xcom.py
[2024-11-26T14:40:01.538-0600] {processor.py:914} INFO - Processing file /Users/beprathap/PycharmProjects/YouTube-airflow/airflow-venv/lib/python3.8/site-packages/airflow/example_dags/example_xcom.py for tasks to queue
[2024-11-26T14:40:01.538-0600] {logging_mixin.py:190} INFO - [2024-11-26T14:40:01.538-0600] {dagbag.py:588} INFO - Filling up the DagBag from /Users/beprathap/PycharmProjects/YouTube-airflow/airflow-venv/lib/python3.8/site-packages/airflow/example_dags/example_xcom.py
[2024-11-26T14:40:01.550-0600] {processor.py:925} INFO - DAG(s) 'example_xcom' retrieved from /Users/beprathap/PycharmProjects/YouTube-airflow/airflow-venv/lib/python3.8/site-packages/airflow/example_dags/example_xcom.py
[2024-11-26T14:40:01.587-0600] {logging_mixin.py:190} INFO - [2024-11-26T14:40:01.587-0600] {dag.py:3239} INFO - Sync 1 DAGs
[2024-11-26T14:40:01.593-0600] {logging_mixin.py:190} INFO - [2024-11-26T14:40:01.593-0600] {dag.py:4180} INFO - Setting next_dagrun for example_xcom to 2021-01-01 00:00:00+00:00, run_after=2021-01-01 00:00:00+00:00
[2024-11-26T14:40:01.599-0600] {processor.py:208} INFO - Processing /Users/beprathap/PycharmProjects/YouTube-airflow/airflow-venv/lib/python3.8/site-packages/airflow/example_dags/example_xcom.py took 0.063 seconds
[2024-11-26T14:41:08.006-0600] {processor.py:186} INFO - Started process (PID=20081) to work on /Users/beprathap/PycharmProjects/YouTube-airflow/airflow-venv/lib/python3.8/site-packages/airflow/example_dags/example_xcom.py
[2024-11-26T14:41:08.006-0600] {processor.py:914} INFO - Processing file /Users/beprathap/PycharmProjects/YouTube-airflow/airflow-venv/lib/python3.8/site-packages/airflow/example_dags/example_xcom.py for tasks to queue
[2024-11-26T14:41:08.006-0600] {logging_mixin.py:190} INFO - [2024-11-26T14:41:08.006-0600] {dagbag.py:588} INFO - Filling up the DagBag from /Users/beprathap/PycharmProjects/YouTube-airflow/airflow-venv/lib/python3.8/site-packages/airflow/example_dags/example_xcom.py
[2024-11-26T14:41:08.018-0600] {processor.py:925} INFO - DAG(s) 'example_xcom' retrieved from /Users/beprathap/PycharmProjects/YouTube-airflow/airflow-venv/lib/python3.8/site-packages/airflow/example_dags/example_xcom.py
[2024-11-26T14:41:08.052-0600] {logging_mixin.py:190} INFO - [2024-11-26T14:41:08.052-0600] {dag.py:3239} INFO - Sync 1 DAGs
[2024-11-26T14:41:08.058-0600] {logging_mixin.py:190} INFO - [2024-11-26T14:41:08.058-0600] {dag.py:4180} INFO - Setting next_dagrun for example_xcom to 2021-01-01 00:00:00+00:00, run_after=2021-01-01 00:00:00+00:00
[2024-11-26T14:41:08.064-0600] {processor.py:208} INFO - Processing /Users/beprathap/PycharmProjects/YouTube-airflow/airflow-venv/lib/python3.8/site-packages/airflow/example_dags/example_xcom.py took 0.059 seconds
[2024-11-26T14:42:11.702-0600] {processor.py:186} INFO - Started process (PID=20198) to work on /Users/beprathap/PycharmProjects/YouTube-airflow/airflow-venv/lib/python3.8/site-packages/airflow/example_dags/example_xcom.py
[2024-11-26T14:42:11.703-0600] {processor.py:914} INFO - Processing file /Users/beprathap/PycharmProjects/YouTube-airflow/airflow-venv/lib/python3.8/site-packages/airflow/example_dags/example_xcom.py for tasks to queue
[2024-11-26T14:42:11.703-0600] {logging_mixin.py:190} INFO - [2024-11-26T14:42:11.703-0600] {dagbag.py:588} INFO - Filling up the DagBag from /Users/beprathap/PycharmProjects/YouTube-airflow/airflow-venv/lib/python3.8/site-packages/airflow/example_dags/example_xcom.py
[2024-11-26T14:42:11.714-0600] {processor.py:925} INFO - DAG(s) 'example_xcom' retrieved from /Users/beprathap/PycharmProjects/YouTube-airflow/airflow-venv/lib/python3.8/site-packages/airflow/example_dags/example_xcom.py
[2024-11-26T14:42:11.748-0600] {logging_mixin.py:190} INFO - [2024-11-26T14:42:11.748-0600] {dag.py:3239} INFO - Sync 1 DAGs
[2024-11-26T14:42:11.754-0600] {logging_mixin.py:190} INFO - [2024-11-26T14:42:11.754-0600] {dag.py:4180} INFO - Setting next_dagrun for example_xcom to 2021-01-01 00:00:00+00:00, run_after=2021-01-01 00:00:00+00:00
[2024-11-26T14:42:11.759-0600] {processor.py:208} INFO - Processing /Users/beprathap/PycharmProjects/YouTube-airflow/airflow-venv/lib/python3.8/site-packages/airflow/example_dags/example_xcom.py took 0.058 seconds
[2024-11-26T14:43:16.714-0600] {processor.py:186} INFO - Started process (PID=20316) to work on /Users/beprathap/PycharmProjects/YouTube-airflow/airflow-venv/lib/python3.8/site-packages/airflow/example_dags/example_xcom.py
[2024-11-26T14:43:16.714-0600] {processor.py:914} INFO - Processing file /Users/beprathap/PycharmProjects/YouTube-airflow/airflow-venv/lib/python3.8/site-packages/airflow/example_dags/example_xcom.py for tasks to queue
[2024-11-26T14:43:16.715-0600] {logging_mixin.py:190} INFO - [2024-11-26T14:43:16.715-0600] {dagbag.py:588} INFO - Filling up the DagBag from /Users/beprathap/PycharmProjects/YouTube-airflow/airflow-venv/lib/python3.8/site-packages/airflow/example_dags/example_xcom.py
[2024-11-26T14:43:16.726-0600] {processor.py:925} INFO - DAG(s) 'example_xcom' retrieved from /Users/beprathap/PycharmProjects/YouTube-airflow/airflow-venv/lib/python3.8/site-packages/airflow/example_dags/example_xcom.py
[2024-11-26T14:43:16.760-0600] {logging_mixin.py:190} INFO - [2024-11-26T14:43:16.760-0600] {dag.py:3239} INFO - Sync 1 DAGs
[2024-11-26T14:43:16.766-0600] {logging_mixin.py:190} INFO - [2024-11-26T14:43:16.766-0600] {dag.py:4180} INFO - Setting next_dagrun for example_xcom to 2021-01-01 00:00:00+00:00, run_after=2021-01-01 00:00:00+00:00
[2024-11-26T14:43:16.771-0600] {processor.py:208} INFO - Processing /Users/beprathap/PycharmProjects/YouTube-airflow/airflow-venv/lib/python3.8/site-packages/airflow/example_dags/example_xcom.py took 0.059 seconds
[2024-11-26T14:44:25.400-0600] {processor.py:186} INFO - Started process (PID=20456) to work on /Users/beprathap/PycharmProjects/YouTube-airflow/airflow-venv/lib/python3.8/site-packages/airflow/example_dags/example_xcom.py
[2024-11-26T14:44:25.400-0600] {processor.py:914} INFO - Processing file /Users/beprathap/PycharmProjects/YouTube-airflow/airflow-venv/lib/python3.8/site-packages/airflow/example_dags/example_xcom.py for tasks to queue
[2024-11-26T14:44:25.400-0600] {logging_mixin.py:190} INFO - [2024-11-26T14:44:25.400-0600] {dagbag.py:588} INFO - Filling up the DagBag from /Users/beprathap/PycharmProjects/YouTube-airflow/airflow-venv/lib/python3.8/site-packages/airflow/example_dags/example_xcom.py
[2024-11-26T14:44:25.412-0600] {processor.py:925} INFO - DAG(s) 'example_xcom' retrieved from /Users/beprathap/PycharmProjects/YouTube-airflow/airflow-venv/lib/python3.8/site-packages/airflow/example_dags/example_xcom.py
[2024-11-26T14:44:25.447-0600] {logging_mixin.py:190} INFO - [2024-11-26T14:44:25.447-0600] {dag.py:3239} INFO - Sync 1 DAGs
[2024-11-26T14:44:25.452-0600] {logging_mixin.py:190} INFO - [2024-11-26T14:44:25.452-0600] {dag.py:4180} INFO - Setting next_dagrun for example_xcom to 2021-01-01 00:00:00+00:00, run_after=2021-01-01 00:00:00+00:00
[2024-11-26T14:44:25.458-0600] {processor.py:208} INFO - Processing /Users/beprathap/PycharmProjects/YouTube-airflow/airflow-venv/lib/python3.8/site-packages/airflow/example_dags/example_xcom.py took 0.059 seconds
[2024-11-26T14:45:29.961-0600] {processor.py:186} INFO - Started process (PID=20583) to work on /Users/beprathap/PycharmProjects/YouTube-airflow/airflow-venv/lib/python3.8/site-packages/airflow/example_dags/example_xcom.py
[2024-11-26T14:45:29.962-0600] {processor.py:914} INFO - Processing file /Users/beprathap/PycharmProjects/YouTube-airflow/airflow-venv/lib/python3.8/site-packages/airflow/example_dags/example_xcom.py for tasks to queue
[2024-11-26T14:45:29.962-0600] {logging_mixin.py:190} INFO - [2024-11-26T14:45:29.962-0600] {dagbag.py:588} INFO - Filling up the DagBag from /Users/beprathap/PycharmProjects/YouTube-airflow/airflow-venv/lib/python3.8/site-packages/airflow/example_dags/example_xcom.py
[2024-11-26T14:45:29.973-0600] {processor.py:925} INFO - DAG(s) 'example_xcom' retrieved from /Users/beprathap/PycharmProjects/YouTube-airflow/airflow-venv/lib/python3.8/site-packages/airflow/example_dags/example_xcom.py
[2024-11-26T14:45:30.008-0600] {logging_mixin.py:190} INFO - [2024-11-26T14:45:30.008-0600] {dag.py:3239} INFO - Sync 1 DAGs
[2024-11-26T14:45:30.013-0600] {logging_mixin.py:190} INFO - [2024-11-26T14:45:30.013-0600] {dag.py:4180} INFO - Setting next_dagrun for example_xcom to 2021-01-01 00:00:00+00:00, run_after=2021-01-01 00:00:00+00:00
[2024-11-26T14:45:30.019-0600] {processor.py:208} INFO - Processing /Users/beprathap/PycharmProjects/YouTube-airflow/airflow-venv/lib/python3.8/site-packages/airflow/example_dags/example_xcom.py took 0.059 seconds
[2024-11-26T14:46:37.262-0600] {processor.py:186} INFO - Started process (PID=20712) to work on /Users/beprathap/PycharmProjects/YouTube-airflow/airflow-venv/lib/python3.8/site-packages/airflow/example_dags/example_xcom.py
[2024-11-26T14:46:37.263-0600] {processor.py:914} INFO - Processing file /Users/beprathap/PycharmProjects/YouTube-airflow/airflow-venv/lib/python3.8/site-packages/airflow/example_dags/example_xcom.py for tasks to queue
[2024-11-26T14:46:37.263-0600] {logging_mixin.py:190} INFO - [2024-11-26T14:46:37.263-0600] {dagbag.py:588} INFO - Filling up the DagBag from /Users/beprathap/PycharmProjects/YouTube-airflow/airflow-venv/lib/python3.8/site-packages/airflow/example_dags/example_xcom.py
[2024-11-26T14:46:37.275-0600] {processor.py:925} INFO - DAG(s) 'example_xcom' retrieved from /Users/beprathap/PycharmProjects/YouTube-airflow/airflow-venv/lib/python3.8/site-packages/airflow/example_dags/example_xcom.py
[2024-11-26T14:46:37.310-0600] {logging_mixin.py:190} INFO - [2024-11-26T14:46:37.310-0600] {dag.py:3239} INFO - Sync 1 DAGs
[2024-11-26T14:46:37.316-0600] {logging_mixin.py:190} INFO - [2024-11-26T14:46:37.316-0600] {dag.py:4180} INFO - Setting next_dagrun for example_xcom to 2021-01-01 00:00:00+00:00, run_after=2021-01-01 00:00:00+00:00
[2024-11-26T14:46:37.321-0600] {processor.py:208} INFO - Processing /Users/beprathap/PycharmProjects/YouTube-airflow/airflow-venv/lib/python3.8/site-packages/airflow/example_dags/example_xcom.py took 0.060 seconds
[2024-11-26T14:47:44.326-0600] {processor.py:186} INFO - Started process (PID=20844) to work on /Users/beprathap/PycharmProjects/YouTube-airflow/airflow-venv/lib/python3.8/site-packages/airflow/example_dags/example_xcom.py
[2024-11-26T14:47:44.327-0600] {processor.py:914} INFO - Processing file /Users/beprathap/PycharmProjects/YouTube-airflow/airflow-venv/lib/python3.8/site-packages/airflow/example_dags/example_xcom.py for tasks to queue
[2024-11-26T14:47:44.327-0600] {logging_mixin.py:190} INFO - [2024-11-26T14:47:44.327-0600] {dagbag.py:588} INFO - Filling up the DagBag from /Users/beprathap/PycharmProjects/YouTube-airflow/airflow-venv/lib/python3.8/site-packages/airflow/example_dags/example_xcom.py
[2024-11-26T14:47:44.338-0600] {processor.py:925} INFO - DAG(s) 'example_xcom' retrieved from /Users/beprathap/PycharmProjects/YouTube-airflow/airflow-venv/lib/python3.8/site-packages/airflow/example_dags/example_xcom.py
[2024-11-26T14:47:44.372-0600] {logging_mixin.py:190} INFO - [2024-11-26T14:47:44.372-0600] {dag.py:3239} INFO - Sync 1 DAGs
[2024-11-26T14:47:44.378-0600] {logging_mixin.py:190} INFO - [2024-11-26T14:47:44.378-0600] {dag.py:4180} INFO - Setting next_dagrun for example_xcom to 2021-01-01 00:00:00+00:00, run_after=2021-01-01 00:00:00+00:00
[2024-11-26T14:47:44.383-0600] {processor.py:208} INFO - Processing /Users/beprathap/PycharmProjects/YouTube-airflow/airflow-venv/lib/python3.8/site-packages/airflow/example_dags/example_xcom.py took 0.058 seconds
[2024-11-26T14:48:54.440-0600] {processor.py:186} INFO - Started process (PID=20973) to work on /Users/beprathap/PycharmProjects/YouTube-airflow/airflow-venv/lib/python3.8/site-packages/airflow/example_dags/example_xcom.py
[2024-11-26T14:48:54.440-0600] {processor.py:914} INFO - Processing file /Users/beprathap/PycharmProjects/YouTube-airflow/airflow-venv/lib/python3.8/site-packages/airflow/example_dags/example_xcom.py for tasks to queue
[2024-11-26T14:48:54.440-0600] {logging_mixin.py:190} INFO - [2024-11-26T14:48:54.440-0600] {dagbag.py:588} INFO - Filling up the DagBag from /Users/beprathap/PycharmProjects/YouTube-airflow/airflow-venv/lib/python3.8/site-packages/airflow/example_dags/example_xcom.py
[2024-11-26T14:48:54.452-0600] {processor.py:925} INFO - DAG(s) 'example_xcom' retrieved from /Users/beprathap/PycharmProjects/YouTube-airflow/airflow-venv/lib/python3.8/site-packages/airflow/example_dags/example_xcom.py
[2024-11-26T14:48:54.486-0600] {logging_mixin.py:190} INFO - [2024-11-26T14:48:54.486-0600] {dag.py:3239} INFO - Sync 1 DAGs
[2024-11-26T14:48:54.491-0600] {logging_mixin.py:190} INFO - [2024-11-26T14:48:54.491-0600] {dag.py:4180} INFO - Setting next_dagrun for example_xcom to 2021-01-01 00:00:00+00:00, run_after=2021-01-01 00:00:00+00:00
[2024-11-26T14:48:54.497-0600] {processor.py:208} INFO - Processing /Users/beprathap/PycharmProjects/YouTube-airflow/airflow-venv/lib/python3.8/site-packages/airflow/example_dags/example_xcom.py took 0.058 seconds
[2024-11-26T15:01:20.059-0600] {processor.py:186} INFO - Started process (PID=21333) to work on /Library/Frameworks/Python.framework/Versions/3.8/lib/python3.8/site-packages/airflow/example_dags/example_xcom.py
[2024-11-26T15:01:20.060-0600] {processor.py:914} INFO - Processing file /Library/Frameworks/Python.framework/Versions/3.8/lib/python3.8/site-packages/airflow/example_dags/example_xcom.py for tasks to queue
[2024-11-26T15:01:20.061-0600] {logging_mixin.py:190} INFO - [2024-11-26T15:01:20.060-0600] {dagbag.py:588} INFO - Filling up the DagBag from /Library/Frameworks/Python.framework/Versions/3.8/lib/python3.8/site-packages/airflow/example_dags/example_xcom.py
[2024-11-26T15:01:20.072-0600] {processor.py:925} INFO - DAG(s) 'example_xcom' retrieved from /Library/Frameworks/Python.framework/Versions/3.8/lib/python3.8/site-packages/airflow/example_dags/example_xcom.py
[2024-11-26T15:01:20.135-0600] {logging_mixin.py:190} INFO - [2024-11-26T15:01:20.135-0600] {dag.py:3239} INFO - Sync 1 DAGs
[2024-11-26T15:01:20.140-0600] {logging_mixin.py:190} INFO - [2024-11-26T15:01:20.140-0600] {dag.py:4180} INFO - Setting next_dagrun for example_xcom to 2021-01-01 00:00:00+00:00, run_after=2021-01-01 00:00:00+00:00
[2024-11-26T15:01:20.146-0600] {processor.py:208} INFO - Processing /Library/Frameworks/Python.framework/Versions/3.8/lib/python3.8/site-packages/airflow/example_dags/example_xcom.py took 0.088 seconds
[2024-11-26T15:03:02.323-0600] {processor.py:186} INFO - Started process (PID=21530) to work on /Library/Frameworks/Python.framework/Versions/3.8/lib/python3.8/site-packages/airflow/example_dags/example_xcom.py
[2024-11-26T15:03:02.324-0600] {processor.py:914} INFO - Processing file /Library/Frameworks/Python.framework/Versions/3.8/lib/python3.8/site-packages/airflow/example_dags/example_xcom.py for tasks to queue
[2024-11-26T15:03:02.324-0600] {logging_mixin.py:190} INFO - [2024-11-26T15:03:02.324-0600] {dagbag.py:588} INFO - Filling up the DagBag from /Library/Frameworks/Python.framework/Versions/3.8/lib/python3.8/site-packages/airflow/example_dags/example_xcom.py
[2024-11-26T15:03:02.336-0600] {processor.py:925} INFO - DAG(s) 'example_xcom' retrieved from /Library/Frameworks/Python.framework/Versions/3.8/lib/python3.8/site-packages/airflow/example_dags/example_xcom.py
[2024-11-26T15:03:02.373-0600] {logging_mixin.py:190} INFO - [2024-11-26T15:03:02.373-0600] {dag.py:3239} INFO - Sync 1 DAGs
[2024-11-26T15:03:02.379-0600] {logging_mixin.py:190} INFO - [2024-11-26T15:03:02.379-0600] {dag.py:4180} INFO - Setting next_dagrun for example_xcom to 2021-01-01 00:00:00+00:00, run_after=2021-01-01 00:00:00+00:00
[2024-11-26T15:03:02.386-0600] {processor.py:208} INFO - Processing /Library/Frameworks/Python.framework/Versions/3.8/lib/python3.8/site-packages/airflow/example_dags/example_xcom.py took 0.063 seconds
[2024-11-26T15:04:12.121-0600] {processor.py:186} INFO - Started process (PID=21654) to work on /Library/Frameworks/Python.framework/Versions/3.8/lib/python3.8/site-packages/airflow/example_dags/example_xcom.py
[2024-11-26T15:04:12.122-0600] {processor.py:914} INFO - Processing file /Library/Frameworks/Python.framework/Versions/3.8/lib/python3.8/site-packages/airflow/example_dags/example_xcom.py for tasks to queue
[2024-11-26T15:04:12.122-0600] {logging_mixin.py:190} INFO - [2024-11-26T15:04:12.122-0600] {dagbag.py:588} INFO - Filling up the DagBag from /Library/Frameworks/Python.framework/Versions/3.8/lib/python3.8/site-packages/airflow/example_dags/example_xcom.py
[2024-11-26T15:04:12.133-0600] {processor.py:925} INFO - DAG(s) 'example_xcom' retrieved from /Library/Frameworks/Python.framework/Versions/3.8/lib/python3.8/site-packages/airflow/example_dags/example_xcom.py
[2024-11-26T15:04:12.168-0600] {logging_mixin.py:190} INFO - [2024-11-26T15:04:12.168-0600] {dag.py:3239} INFO - Sync 1 DAGs
[2024-11-26T15:04:12.174-0600] {logging_mixin.py:190} INFO - [2024-11-26T15:04:12.174-0600] {dag.py:4180} INFO - Setting next_dagrun for example_xcom to 2021-01-01 00:00:00+00:00, run_after=2021-01-01 00:00:00+00:00
[2024-11-26T15:04:12.179-0600] {processor.py:208} INFO - Processing /Library/Frameworks/Python.framework/Versions/3.8/lib/python3.8/site-packages/airflow/example_dags/example_xcom.py took 0.060 seconds
[2024-11-26T15:05:22.177-0600] {processor.py:186} INFO - Started process (PID=21781) to work on /Library/Frameworks/Python.framework/Versions/3.8/lib/python3.8/site-packages/airflow/example_dags/example_xcom.py
[2024-11-26T15:05:22.178-0600] {processor.py:914} INFO - Processing file /Library/Frameworks/Python.framework/Versions/3.8/lib/python3.8/site-packages/airflow/example_dags/example_xcom.py for tasks to queue
[2024-11-26T15:05:22.178-0600] {logging_mixin.py:190} INFO - [2024-11-26T15:05:22.178-0600] {dagbag.py:588} INFO - Filling up the DagBag from /Library/Frameworks/Python.framework/Versions/3.8/lib/python3.8/site-packages/airflow/example_dags/example_xcom.py
[2024-11-26T15:05:22.189-0600] {processor.py:925} INFO - DAG(s) 'example_xcom' retrieved from /Library/Frameworks/Python.framework/Versions/3.8/lib/python3.8/site-packages/airflow/example_dags/example_xcom.py
[2024-11-26T15:05:22.223-0600] {logging_mixin.py:190} INFO - [2024-11-26T15:05:22.223-0600] {dag.py:3239} INFO - Sync 1 DAGs
[2024-11-26T15:05:22.229-0600] {logging_mixin.py:190} INFO - [2024-11-26T15:05:22.229-0600] {dag.py:4180} INFO - Setting next_dagrun for example_xcom to 2021-01-01 00:00:00+00:00, run_after=2021-01-01 00:00:00+00:00
[2024-11-26T15:05:22.234-0600] {processor.py:208} INFO - Processing /Library/Frameworks/Python.framework/Versions/3.8/lib/python3.8/site-packages/airflow/example_dags/example_xcom.py took 0.058 seconds
[2024-11-26T15:06:33.558-0600] {processor.py:186} INFO - Started process (PID=21901) to work on /Library/Frameworks/Python.framework/Versions/3.8/lib/python3.8/site-packages/airflow/example_dags/example_xcom.py
[2024-11-26T15:06:33.559-0600] {processor.py:914} INFO - Processing file /Library/Frameworks/Python.framework/Versions/3.8/lib/python3.8/site-packages/airflow/example_dags/example_xcom.py for tasks to queue
[2024-11-26T15:06:33.559-0600] {logging_mixin.py:190} INFO - [2024-11-26T15:06:33.559-0600] {dagbag.py:588} INFO - Filling up the DagBag from /Library/Frameworks/Python.framework/Versions/3.8/lib/python3.8/site-packages/airflow/example_dags/example_xcom.py
[2024-11-26T15:06:33.573-0600] {processor.py:925} INFO - DAG(s) 'example_xcom' retrieved from /Library/Frameworks/Python.framework/Versions/3.8/lib/python3.8/site-packages/airflow/example_dags/example_xcom.py
[2024-11-26T15:06:33.609-0600] {logging_mixin.py:190} INFO - [2024-11-26T15:06:33.609-0600] {dag.py:3239} INFO - Sync 1 DAGs
[2024-11-26T15:06:33.615-0600] {logging_mixin.py:190} INFO - [2024-11-26T15:06:33.615-0600] {dag.py:4180} INFO - Setting next_dagrun for example_xcom to 2021-01-01 00:00:00+00:00, run_after=2021-01-01 00:00:00+00:00
[2024-11-26T15:06:33.622-0600] {processor.py:208} INFO - Processing /Library/Frameworks/Python.framework/Versions/3.8/lib/python3.8/site-packages/airflow/example_dags/example_xcom.py took 0.065 seconds
[2024-11-26T15:07:43.996-0600] {processor.py:186} INFO - Started process (PID=22078) to work on /Library/Frameworks/Python.framework/Versions/3.8/lib/python3.8/site-packages/airflow/example_dags/example_xcom.py
[2024-11-26T15:07:43.996-0600] {processor.py:914} INFO - Processing file /Library/Frameworks/Python.framework/Versions/3.8/lib/python3.8/site-packages/airflow/example_dags/example_xcom.py for tasks to queue
[2024-11-26T15:07:43.996-0600] {logging_mixin.py:190} INFO - [2024-11-26T15:07:43.996-0600] {dagbag.py:588} INFO - Filling up the DagBag from /Library/Frameworks/Python.framework/Versions/3.8/lib/python3.8/site-packages/airflow/example_dags/example_xcom.py
[2024-11-26T15:07:44.008-0600] {processor.py:925} INFO - DAG(s) 'example_xcom' retrieved from /Library/Frameworks/Python.framework/Versions/3.8/lib/python3.8/site-packages/airflow/example_dags/example_xcom.py
[2024-11-26T15:07:44.042-0600] {logging_mixin.py:190} INFO - [2024-11-26T15:07:44.042-0600] {dag.py:3239} INFO - Sync 1 DAGs
[2024-11-26T15:07:44.049-0600] {logging_mixin.py:190} INFO - [2024-11-26T15:07:44.049-0600] {dag.py:4180} INFO - Setting next_dagrun for example_xcom to 2021-01-01 00:00:00+00:00, run_after=2021-01-01 00:00:00+00:00
[2024-11-26T15:07:44.056-0600] {processor.py:208} INFO - Processing /Library/Frameworks/Python.framework/Versions/3.8/lib/python3.8/site-packages/airflow/example_dags/example_xcom.py took 0.062 seconds
[2024-11-26T15:16:20.119-0600] {processor.py:186} INFO - Started process (PID=22335) to work on /Library/Frameworks/Python.framework/Versions/3.8/lib/python3.8/site-packages/airflow/example_dags/example_xcom.py
[2024-11-26T15:16:20.121-0600] {processor.py:914} INFO - Processing file /Library/Frameworks/Python.framework/Versions/3.8/lib/python3.8/site-packages/airflow/example_dags/example_xcom.py for tasks to queue
[2024-11-26T15:16:20.121-0600] {logging_mixin.py:190} INFO - [2024-11-26T15:16:20.121-0600] {dagbag.py:588} INFO - Filling up the DagBag from /Library/Frameworks/Python.framework/Versions/3.8/lib/python3.8/site-packages/airflow/example_dags/example_xcom.py
[2024-11-26T15:16:20.133-0600] {processor.py:925} INFO - DAG(s) 'example_xcom' retrieved from /Library/Frameworks/Python.framework/Versions/3.8/lib/python3.8/site-packages/airflow/example_dags/example_xcom.py
[2024-11-26T15:16:20.166-0600] {logging_mixin.py:190} INFO - [2024-11-26T15:16:20.165-0600] {dag.py:3239} INFO - Sync 1 DAGs
[2024-11-26T15:16:20.171-0600] {logging_mixin.py:190} INFO - [2024-11-26T15:16:20.171-0600] {dag.py:4180} INFO - Setting next_dagrun for example_xcom to 2021-01-01 00:00:00+00:00, run_after=2021-01-01 00:00:00+00:00
[2024-11-26T15:16:20.176-0600] {processor.py:208} INFO - Processing /Library/Frameworks/Python.framework/Versions/3.8/lib/python3.8/site-packages/airflow/example_dags/example_xcom.py took 0.059 seconds
[2024-11-26T15:17:58.042-0600] {processor.py:186} INFO - Started process (PID=22531) to work on /Library/Frameworks/Python.framework/Versions/3.8/lib/python3.8/site-packages/airflow/example_dags/example_xcom.py
[2024-11-26T15:17:58.042-0600] {processor.py:914} INFO - Processing file /Library/Frameworks/Python.framework/Versions/3.8/lib/python3.8/site-packages/airflow/example_dags/example_xcom.py for tasks to queue
[2024-11-26T15:17:58.042-0600] {logging_mixin.py:190} INFO - [2024-11-26T15:17:58.042-0600] {dagbag.py:588} INFO - Filling up the DagBag from /Library/Frameworks/Python.framework/Versions/3.8/lib/python3.8/site-packages/airflow/example_dags/example_xcom.py
[2024-11-26T15:17:58.055-0600] {processor.py:925} INFO - DAG(s) 'example_xcom' retrieved from /Library/Frameworks/Python.framework/Versions/3.8/lib/python3.8/site-packages/airflow/example_dags/example_xcom.py
[2024-11-26T15:17:58.089-0600] {logging_mixin.py:190} INFO - [2024-11-26T15:17:58.089-0600] {dag.py:3239} INFO - Sync 1 DAGs
[2024-11-26T15:17:58.094-0600] {logging_mixin.py:190} INFO - [2024-11-26T15:17:58.094-0600] {dag.py:4180} INFO - Setting next_dagrun for example_xcom to 2021-01-01 00:00:00+00:00, run_after=2021-01-01 00:00:00+00:00
[2024-11-26T15:17:58.100-0600] {processor.py:208} INFO - Processing /Library/Frameworks/Python.framework/Versions/3.8/lib/python3.8/site-packages/airflow/example_dags/example_xcom.py took 0.060 seconds
[2024-11-26T15:19:05.610-0600] {processor.py:186} INFO - Started process (PID=22670) to work on /Library/Frameworks/Python.framework/Versions/3.8/lib/python3.8/site-packages/airflow/example_dags/example_xcom.py
[2024-11-26T15:19:05.611-0600] {processor.py:914} INFO - Processing file /Library/Frameworks/Python.framework/Versions/3.8/lib/python3.8/site-packages/airflow/example_dags/example_xcom.py for tasks to queue
[2024-11-26T15:19:05.611-0600] {logging_mixin.py:190} INFO - [2024-11-26T15:19:05.611-0600] {dagbag.py:588} INFO - Filling up the DagBag from /Library/Frameworks/Python.framework/Versions/3.8/lib/python3.8/site-packages/airflow/example_dags/example_xcom.py
[2024-11-26T15:19:05.623-0600] {processor.py:925} INFO - DAG(s) 'example_xcom' retrieved from /Library/Frameworks/Python.framework/Versions/3.8/lib/python3.8/site-packages/airflow/example_dags/example_xcom.py
[2024-11-26T15:19:05.658-0600] {logging_mixin.py:190} INFO - [2024-11-26T15:19:05.658-0600] {dag.py:3239} INFO - Sync 1 DAGs
[2024-11-26T15:19:05.663-0600] {logging_mixin.py:190} INFO - [2024-11-26T15:19:05.663-0600] {dag.py:4180} INFO - Setting next_dagrun for example_xcom to 2021-01-01 00:00:00+00:00, run_after=2021-01-01 00:00:00+00:00
[2024-11-26T15:19:05.669-0600] {processor.py:208} INFO - Processing /Library/Frameworks/Python.framework/Versions/3.8/lib/python3.8/site-packages/airflow/example_dags/example_xcom.py took 0.060 seconds
[2024-11-26T15:20:13.206-0600] {processor.py:186} INFO - Started process (PID=22795) to work on /Library/Frameworks/Python.framework/Versions/3.8/lib/python3.8/site-packages/airflow/example_dags/example_xcom.py
[2024-11-26T15:20:13.206-0600] {processor.py:914} INFO - Processing file /Library/Frameworks/Python.framework/Versions/3.8/lib/python3.8/site-packages/airflow/example_dags/example_xcom.py for tasks to queue
[2024-11-26T15:20:13.207-0600] {logging_mixin.py:190} INFO - [2024-11-26T15:20:13.206-0600] {dagbag.py:588} INFO - Filling up the DagBag from /Library/Frameworks/Python.framework/Versions/3.8/lib/python3.8/site-packages/airflow/example_dags/example_xcom.py
[2024-11-26T15:20:13.218-0600] {processor.py:925} INFO - DAG(s) 'example_xcom' retrieved from /Library/Frameworks/Python.framework/Versions/3.8/lib/python3.8/site-packages/airflow/example_dags/example_xcom.py
[2024-11-26T15:20:13.253-0600] {logging_mixin.py:190} INFO - [2024-11-26T15:20:13.253-0600] {dag.py:3239} INFO - Sync 1 DAGs
[2024-11-26T15:20:13.259-0600] {logging_mixin.py:190} INFO - [2024-11-26T15:20:13.259-0600] {dag.py:4180} INFO - Setting next_dagrun for example_xcom to 2021-01-01 00:00:00+00:00, run_after=2021-01-01 00:00:00+00:00
[2024-11-26T15:20:13.264-0600] {processor.py:208} INFO - Processing /Library/Frameworks/Python.framework/Versions/3.8/lib/python3.8/site-packages/airflow/example_dags/example_xcom.py took 0.060 seconds
[2024-11-26T15:21:20.825-0600] {processor.py:186} INFO - Started process (PID=22923) to work on /Library/Frameworks/Python.framework/Versions/3.8/lib/python3.8/site-packages/airflow/example_dags/example_xcom.py
[2024-11-26T15:21:20.826-0600] {processor.py:914} INFO - Processing file /Library/Frameworks/Python.framework/Versions/3.8/lib/python3.8/site-packages/airflow/example_dags/example_xcom.py for tasks to queue
[2024-11-26T15:21:20.826-0600] {logging_mixin.py:190} INFO - [2024-11-26T15:21:20.826-0600] {dagbag.py:588} INFO - Filling up the DagBag from /Library/Frameworks/Python.framework/Versions/3.8/lib/python3.8/site-packages/airflow/example_dags/example_xcom.py
[2024-11-26T15:21:20.838-0600] {processor.py:925} INFO - DAG(s) 'example_xcom' retrieved from /Library/Frameworks/Python.framework/Versions/3.8/lib/python3.8/site-packages/airflow/example_dags/example_xcom.py
[2024-11-26T15:21:20.874-0600] {logging_mixin.py:190} INFO - [2024-11-26T15:21:20.873-0600] {dag.py:3239} INFO - Sync 1 DAGs
[2024-11-26T15:21:20.879-0600] {logging_mixin.py:190} INFO - [2024-11-26T15:21:20.879-0600] {dag.py:4180} INFO - Setting next_dagrun for example_xcom to 2021-01-01 00:00:00+00:00, run_after=2021-01-01 00:00:00+00:00
[2024-11-26T15:21:20.885-0600] {processor.py:208} INFO - Processing /Library/Frameworks/Python.framework/Versions/3.8/lib/python3.8/site-packages/airflow/example_dags/example_xcom.py took 0.061 seconds
[2024-11-26T15:22:27.700-0600] {processor.py:186} INFO - Started process (PID=23061) to work on /Library/Frameworks/Python.framework/Versions/3.8/lib/python3.8/site-packages/airflow/example_dags/example_xcom.py
[2024-11-26T15:22:27.701-0600] {processor.py:914} INFO - Processing file /Library/Frameworks/Python.framework/Versions/3.8/lib/python3.8/site-packages/airflow/example_dags/example_xcom.py for tasks to queue
[2024-11-26T15:22:27.701-0600] {logging_mixin.py:190} INFO - [2024-11-26T15:22:27.701-0600] {dagbag.py:588} INFO - Filling up the DagBag from /Library/Frameworks/Python.framework/Versions/3.8/lib/python3.8/site-packages/airflow/example_dags/example_xcom.py
[2024-11-26T15:22:27.713-0600] {processor.py:925} INFO - DAG(s) 'example_xcom' retrieved from /Library/Frameworks/Python.framework/Versions/3.8/lib/python3.8/site-packages/airflow/example_dags/example_xcom.py
[2024-11-26T15:22:27.749-0600] {logging_mixin.py:190} INFO - [2024-11-26T15:22:27.749-0600] {dag.py:3239} INFO - Sync 1 DAGs
[2024-11-26T15:22:27.754-0600] {logging_mixin.py:190} INFO - [2024-11-26T15:22:27.754-0600] {dag.py:4180} INFO - Setting next_dagrun for example_xcom to 2021-01-01 00:00:00+00:00, run_after=2021-01-01 00:00:00+00:00
[2024-11-26T15:22:27.760-0600] {processor.py:208} INFO - Processing /Library/Frameworks/Python.framework/Versions/3.8/lib/python3.8/site-packages/airflow/example_dags/example_xcom.py took 0.061 seconds
[2024-11-26T15:23:35.982-0600] {processor.py:186} INFO - Started process (PID=23200) to work on /Library/Frameworks/Python.framework/Versions/3.8/lib/python3.8/site-packages/airflow/example_dags/example_xcom.py
[2024-11-26T15:23:35.982-0600] {processor.py:914} INFO - Processing file /Library/Frameworks/Python.framework/Versions/3.8/lib/python3.8/site-packages/airflow/example_dags/example_xcom.py for tasks to queue
[2024-11-26T15:23:35.982-0600] {logging_mixin.py:190} INFO - [2024-11-26T15:23:35.982-0600] {dagbag.py:588} INFO - Filling up the DagBag from /Library/Frameworks/Python.framework/Versions/3.8/lib/python3.8/site-packages/airflow/example_dags/example_xcom.py
[2024-11-26T15:23:35.994-0600] {processor.py:925} INFO - DAG(s) 'example_xcom' retrieved from /Library/Frameworks/Python.framework/Versions/3.8/lib/python3.8/site-packages/airflow/example_dags/example_xcom.py
[2024-11-26T15:23:36.029-0600] {logging_mixin.py:190} INFO - [2024-11-26T15:23:36.029-0600] {dag.py:3239} INFO - Sync 1 DAGs
[2024-11-26T15:23:36.035-0600] {logging_mixin.py:190} INFO - [2024-11-26T15:23:36.034-0600] {dag.py:4180} INFO - Setting next_dagrun for example_xcom to 2021-01-01 00:00:00+00:00, run_after=2021-01-01 00:00:00+00:00
[2024-11-26T15:23:36.040-0600] {processor.py:208} INFO - Processing /Library/Frameworks/Python.framework/Versions/3.8/lib/python3.8/site-packages/airflow/example_dags/example_xcom.py took 0.060 seconds
[2024-11-26T15:33:15.008-0600] {processor.py:186} INFO - Started process (PID=23443) to work on /Library/Frameworks/Python.framework/Versions/3.8/lib/python3.8/site-packages/airflow/example_dags/example_xcom.py
[2024-11-26T15:33:15.009-0600] {processor.py:914} INFO - Processing file /Library/Frameworks/Python.framework/Versions/3.8/lib/python3.8/site-packages/airflow/example_dags/example_xcom.py for tasks to queue
[2024-11-26T15:33:15.009-0600] {logging_mixin.py:190} INFO - [2024-11-26T15:33:15.009-0600] {dagbag.py:588} INFO - Filling up the DagBag from /Library/Frameworks/Python.framework/Versions/3.8/lib/python3.8/site-packages/airflow/example_dags/example_xcom.py
[2024-11-26T15:33:15.021-0600] {processor.py:925} INFO - DAG(s) 'example_xcom' retrieved from /Library/Frameworks/Python.framework/Versions/3.8/lib/python3.8/site-packages/airflow/example_dags/example_xcom.py
[2024-11-26T15:33:15.054-0600] {logging_mixin.py:190} INFO - [2024-11-26T15:33:15.054-0600] {dag.py:3239} INFO - Sync 1 DAGs
[2024-11-26T15:33:15.059-0600] {logging_mixin.py:190} INFO - [2024-11-26T15:33:15.059-0600] {dag.py:4180} INFO - Setting next_dagrun for example_xcom to 2021-01-01 00:00:00+00:00, run_after=2021-01-01 00:00:00+00:00
[2024-11-26T15:33:15.064-0600] {processor.py:208} INFO - Processing /Library/Frameworks/Python.framework/Versions/3.8/lib/python3.8/site-packages/airflow/example_dags/example_xcom.py took 0.058 seconds
[2024-11-26T15:34:54.735-0600] {processor.py:186} INFO - Started process (PID=23634) to work on /Library/Frameworks/Python.framework/Versions/3.8/lib/python3.8/site-packages/airflow/example_dags/example_xcom.py
[2024-11-26T15:34:54.735-0600] {processor.py:914} INFO - Processing file /Library/Frameworks/Python.framework/Versions/3.8/lib/python3.8/site-packages/airflow/example_dags/example_xcom.py for tasks to queue
[2024-11-26T15:34:54.736-0600] {logging_mixin.py:190} INFO - [2024-11-26T15:34:54.736-0600] {dagbag.py:588} INFO - Filling up the DagBag from /Library/Frameworks/Python.framework/Versions/3.8/lib/python3.8/site-packages/airflow/example_dags/example_xcom.py
[2024-11-26T15:34:54.747-0600] {processor.py:925} INFO - DAG(s) 'example_xcom' retrieved from /Library/Frameworks/Python.framework/Versions/3.8/lib/python3.8/site-packages/airflow/example_dags/example_xcom.py
[2024-11-26T15:34:54.781-0600] {logging_mixin.py:190} INFO - [2024-11-26T15:34:54.781-0600] {dag.py:3239} INFO - Sync 1 DAGs
[2024-11-26T15:34:54.786-0600] {logging_mixin.py:190} INFO - [2024-11-26T15:34:54.786-0600] {dag.py:4180} INFO - Setting next_dagrun for example_xcom to 2021-01-01 00:00:00+00:00, run_after=2021-01-01 00:00:00+00:00
[2024-11-26T15:34:54.792-0600] {processor.py:208} INFO - Processing /Library/Frameworks/Python.framework/Versions/3.8/lib/python3.8/site-packages/airflow/example_dags/example_xcom.py took 0.058 seconds
[2024-11-26T15:36:02.514-0600] {processor.py:186} INFO - Started process (PID=23762) to work on /Library/Frameworks/Python.framework/Versions/3.8/lib/python3.8/site-packages/airflow/example_dags/example_xcom.py
[2024-11-26T15:36:02.514-0600] {processor.py:914} INFO - Processing file /Library/Frameworks/Python.framework/Versions/3.8/lib/python3.8/site-packages/airflow/example_dags/example_xcom.py for tasks to queue
[2024-11-26T15:36:02.515-0600] {logging_mixin.py:190} INFO - [2024-11-26T15:36:02.515-0600] {dagbag.py:588} INFO - Filling up the DagBag from /Library/Frameworks/Python.framework/Versions/3.8/lib/python3.8/site-packages/airflow/example_dags/example_xcom.py
[2024-11-26T15:36:02.527-0600] {processor.py:925} INFO - DAG(s) 'example_xcom' retrieved from /Library/Frameworks/Python.framework/Versions/3.8/lib/python3.8/site-packages/airflow/example_dags/example_xcom.py
[2024-11-26T15:36:02.562-0600] {logging_mixin.py:190} INFO - [2024-11-26T15:36:02.562-0600] {dag.py:3239} INFO - Sync 1 DAGs
[2024-11-26T15:36:02.568-0600] {logging_mixin.py:190} INFO - [2024-11-26T15:36:02.568-0600] {dag.py:4180} INFO - Setting next_dagrun for example_xcom to 2021-01-01 00:00:00+00:00, run_after=2021-01-01 00:00:00+00:00
[2024-11-26T15:36:02.574-0600] {processor.py:208} INFO - Processing /Library/Frameworks/Python.framework/Versions/3.8/lib/python3.8/site-packages/airflow/example_dags/example_xcom.py took 0.061 seconds
[2024-11-26T15:37:08.752-0600] {processor.py:186} INFO - Started process (PID=23888) to work on /Library/Frameworks/Python.framework/Versions/3.8/lib/python3.8/site-packages/airflow/example_dags/example_xcom.py
[2024-11-26T15:37:08.752-0600] {processor.py:914} INFO - Processing file /Library/Frameworks/Python.framework/Versions/3.8/lib/python3.8/site-packages/airflow/example_dags/example_xcom.py for tasks to queue
[2024-11-26T15:37:08.752-0600] {logging_mixin.py:190} INFO - [2024-11-26T15:37:08.752-0600] {dagbag.py:588} INFO - Filling up the DagBag from /Library/Frameworks/Python.framework/Versions/3.8/lib/python3.8/site-packages/airflow/example_dags/example_xcom.py
[2024-11-26T15:37:08.765-0600] {processor.py:925} INFO - DAG(s) 'example_xcom' retrieved from /Library/Frameworks/Python.framework/Versions/3.8/lib/python3.8/site-packages/airflow/example_dags/example_xcom.py
[2024-11-26T15:37:08.799-0600] {logging_mixin.py:190} INFO - [2024-11-26T15:37:08.798-0600] {dag.py:3239} INFO - Sync 1 DAGs
[2024-11-26T15:37:08.804-0600] {logging_mixin.py:190} INFO - [2024-11-26T15:37:08.804-0600] {dag.py:4180} INFO - Setting next_dagrun for example_xcom to 2021-01-01 00:00:00+00:00, run_after=2021-01-01 00:00:00+00:00
[2024-11-26T15:37:08.809-0600] {processor.py:208} INFO - Processing /Library/Frameworks/Python.framework/Versions/3.8/lib/python3.8/site-packages/airflow/example_dags/example_xcom.py took 0.059 seconds
[2024-11-26T15:38:19.283-0600] {processor.py:186} INFO - Started process (PID=24021) to work on /Library/Frameworks/Python.framework/Versions/3.8/lib/python3.8/site-packages/airflow/example_dags/example_xcom.py
[2024-11-26T15:38:19.283-0600] {processor.py:914} INFO - Processing file /Library/Frameworks/Python.framework/Versions/3.8/lib/python3.8/site-packages/airflow/example_dags/example_xcom.py for tasks to queue
[2024-11-26T15:38:19.284-0600] {logging_mixin.py:190} INFO - [2024-11-26T15:38:19.284-0600] {dagbag.py:588} INFO - Filling up the DagBag from /Library/Frameworks/Python.framework/Versions/3.8/lib/python3.8/site-packages/airflow/example_dags/example_xcom.py
[2024-11-26T15:38:19.295-0600] {processor.py:925} INFO - DAG(s) 'example_xcom' retrieved from /Library/Frameworks/Python.framework/Versions/3.8/lib/python3.8/site-packages/airflow/example_dags/example_xcom.py
[2024-11-26T15:38:19.329-0600] {logging_mixin.py:190} INFO - [2024-11-26T15:38:19.329-0600] {dag.py:3239} INFO - Sync 1 DAGs
[2024-11-26T15:38:19.334-0600] {logging_mixin.py:190} INFO - [2024-11-26T15:38:19.334-0600] {dag.py:4180} INFO - Setting next_dagrun for example_xcom to 2021-01-01 00:00:00+00:00, run_after=2021-01-01 00:00:00+00:00
[2024-11-26T15:38:19.340-0600] {processor.py:208} INFO - Processing /Library/Frameworks/Python.framework/Versions/3.8/lib/python3.8/site-packages/airflow/example_dags/example_xcom.py took 0.058 seconds
[2024-11-26T15:39:24.964-0600] {processor.py:186} INFO - Started process (PID=24145) to work on /Library/Frameworks/Python.framework/Versions/3.8/lib/python3.8/site-packages/airflow/example_dags/example_xcom.py
[2024-11-26T15:39:24.965-0600] {processor.py:914} INFO - Processing file /Library/Frameworks/Python.framework/Versions/3.8/lib/python3.8/site-packages/airflow/example_dags/example_xcom.py for tasks to queue
[2024-11-26T15:39:24.965-0600] {logging_mixin.py:190} INFO - [2024-11-26T15:39:24.965-0600] {dagbag.py:588} INFO - Filling up the DagBag from /Library/Frameworks/Python.framework/Versions/3.8/lib/python3.8/site-packages/airflow/example_dags/example_xcom.py
[2024-11-26T15:39:24.977-0600] {processor.py:925} INFO - DAG(s) 'example_xcom' retrieved from /Library/Frameworks/Python.framework/Versions/3.8/lib/python3.8/site-packages/airflow/example_dags/example_xcom.py
[2024-11-26T15:39:25.012-0600] {logging_mixin.py:190} INFO - [2024-11-26T15:39:25.011-0600] {dag.py:3239} INFO - Sync 1 DAGs
[2024-11-26T15:39:25.017-0600] {logging_mixin.py:190} INFO - [2024-11-26T15:39:25.017-0600] {dag.py:4180} INFO - Setting next_dagrun for example_xcom to 2021-01-01 00:00:00+00:00, run_after=2021-01-01 00:00:00+00:00
[2024-11-26T15:39:25.023-0600] {processor.py:208} INFO - Processing /Library/Frameworks/Python.framework/Versions/3.8/lib/python3.8/site-packages/airflow/example_dags/example_xcom.py took 0.060 seconds
[2024-11-26T15:40:31.534-0600] {processor.py:186} INFO - Started process (PID=24279) to work on /Library/Frameworks/Python.framework/Versions/3.8/lib/python3.8/site-packages/airflow/example_dags/example_xcom.py
[2024-11-26T15:40:31.535-0600] {processor.py:914} INFO - Processing file /Library/Frameworks/Python.framework/Versions/3.8/lib/python3.8/site-packages/airflow/example_dags/example_xcom.py for tasks to queue
[2024-11-26T15:40:31.536-0600] {logging_mixin.py:190} INFO - [2024-11-26T15:40:31.535-0600] {dagbag.py:588} INFO - Filling up the DagBag from /Library/Frameworks/Python.framework/Versions/3.8/lib/python3.8/site-packages/airflow/example_dags/example_xcom.py
[2024-11-26T15:40:31.550-0600] {processor.py:925} INFO - DAG(s) 'example_xcom' retrieved from /Library/Frameworks/Python.framework/Versions/3.8/lib/python3.8/site-packages/airflow/example_dags/example_xcom.py
[2024-11-26T15:40:31.588-0600] {logging_mixin.py:190} INFO - [2024-11-26T15:40:31.587-0600] {dag.py:3239} INFO - Sync 1 DAGs
[2024-11-26T15:40:31.594-0600] {logging_mixin.py:190} INFO - [2024-11-26T15:40:31.594-0600] {dag.py:4180} INFO - Setting next_dagrun for example_xcom to 2021-01-01 00:00:00+00:00, run_after=2021-01-01 00:00:00+00:00
[2024-11-26T15:40:31.601-0600] {processor.py:208} INFO - Processing /Library/Frameworks/Python.framework/Versions/3.8/lib/python3.8/site-packages/airflow/example_dags/example_xcom.py took 0.068 seconds
[2024-11-26T15:41:39.853-0600] {processor.py:186} INFO - Started process (PID=24403) to work on /Library/Frameworks/Python.framework/Versions/3.8/lib/python3.8/site-packages/airflow/example_dags/example_xcom.py
[2024-11-26T15:41:39.853-0600] {processor.py:914} INFO - Processing file /Library/Frameworks/Python.framework/Versions/3.8/lib/python3.8/site-packages/airflow/example_dags/example_xcom.py for tasks to queue
[2024-11-26T15:41:39.854-0600] {logging_mixin.py:190} INFO - [2024-11-26T15:41:39.854-0600] {dagbag.py:588} INFO - Filling up the DagBag from /Library/Frameworks/Python.framework/Versions/3.8/lib/python3.8/site-packages/airflow/example_dags/example_xcom.py
[2024-11-26T15:41:39.866-0600] {processor.py:925} INFO - DAG(s) 'example_xcom' retrieved from /Library/Frameworks/Python.framework/Versions/3.8/lib/python3.8/site-packages/airflow/example_dags/example_xcom.py
[2024-11-26T15:41:39.900-0600] {logging_mixin.py:190} INFO - [2024-11-26T15:41:39.900-0600] {dag.py:3239} INFO - Sync 1 DAGs
[2024-11-26T15:41:39.905-0600] {logging_mixin.py:190} INFO - [2024-11-26T15:41:39.905-0600] {dag.py:4180} INFO - Setting next_dagrun for example_xcom to 2021-01-01 00:00:00+00:00, run_after=2021-01-01 00:00:00+00:00
[2024-11-26T15:41:39.911-0600] {processor.py:208} INFO - Processing /Library/Frameworks/Python.framework/Versions/3.8/lib/python3.8/site-packages/airflow/example_dags/example_xcom.py took 0.060 seconds
[2024-11-26T15:42:48.237-0600] {processor.py:186} INFO - Started process (PID=24525) to work on /Library/Frameworks/Python.framework/Versions/3.8/lib/python3.8/site-packages/airflow/example_dags/example_xcom.py
[2024-11-26T15:42:48.238-0600] {processor.py:914} INFO - Processing file /Library/Frameworks/Python.framework/Versions/3.8/lib/python3.8/site-packages/airflow/example_dags/example_xcom.py for tasks to queue
[2024-11-26T15:42:48.238-0600] {logging_mixin.py:190} INFO - [2024-11-26T15:42:48.238-0600] {dagbag.py:588} INFO - Filling up the DagBag from /Library/Frameworks/Python.framework/Versions/3.8/lib/python3.8/site-packages/airflow/example_dags/example_xcom.py
[2024-11-26T15:42:48.250-0600] {processor.py:925} INFO - DAG(s) 'example_xcom' retrieved from /Library/Frameworks/Python.framework/Versions/3.8/lib/python3.8/site-packages/airflow/example_dags/example_xcom.py
[2024-11-26T15:42:48.284-0600] {logging_mixin.py:190} INFO - [2024-11-26T15:42:48.283-0600] {dag.py:3239} INFO - Sync 1 DAGs
[2024-11-26T15:42:48.289-0600] {logging_mixin.py:190} INFO - [2024-11-26T15:42:48.289-0600] {dag.py:4180} INFO - Setting next_dagrun for example_xcom to 2021-01-01 00:00:00+00:00, run_after=2021-01-01 00:00:00+00:00
[2024-11-26T15:42:48.295-0600] {processor.py:208} INFO - Processing /Library/Frameworks/Python.framework/Versions/3.8/lib/python3.8/site-packages/airflow/example_dags/example_xcom.py took 0.058 seconds
[2024-11-26T15:43:57.114-0600] {processor.py:186} INFO - Started process (PID=24654) to work on /Library/Frameworks/Python.framework/Versions/3.8/lib/python3.8/site-packages/airflow/example_dags/example_xcom.py
[2024-11-26T15:43:57.114-0600] {processor.py:914} INFO - Processing file /Library/Frameworks/Python.framework/Versions/3.8/lib/python3.8/site-packages/airflow/example_dags/example_xcom.py for tasks to queue
[2024-11-26T15:43:57.114-0600] {logging_mixin.py:190} INFO - [2024-11-26T15:43:57.114-0600] {dagbag.py:588} INFO - Filling up the DagBag from /Library/Frameworks/Python.framework/Versions/3.8/lib/python3.8/site-packages/airflow/example_dags/example_xcom.py
[2024-11-26T15:43:57.126-0600] {processor.py:925} INFO - DAG(s) 'example_xcom' retrieved from /Library/Frameworks/Python.framework/Versions/3.8/lib/python3.8/site-packages/airflow/example_dags/example_xcom.py
[2024-11-26T15:43:57.161-0600] {logging_mixin.py:190} INFO - [2024-11-26T15:43:57.160-0600] {dag.py:3239} INFO - Sync 1 DAGs
[2024-11-26T15:43:57.166-0600] {logging_mixin.py:190} INFO - [2024-11-26T15:43:57.166-0600] {dag.py:4180} INFO - Setting next_dagrun for example_xcom to 2021-01-01 00:00:00+00:00, run_after=2021-01-01 00:00:00+00:00
[2024-11-26T15:43:57.171-0600] {processor.py:208} INFO - Processing /Library/Frameworks/Python.framework/Versions/3.8/lib/python3.8/site-packages/airflow/example_dags/example_xcom.py took 0.059 seconds
[2024-11-26T15:45:06.589-0600] {processor.py:186} INFO - Started process (PID=24782) to work on /Library/Frameworks/Python.framework/Versions/3.8/lib/python3.8/site-packages/airflow/example_dags/example_xcom.py
[2024-11-26T15:45:06.590-0600] {processor.py:914} INFO - Processing file /Library/Frameworks/Python.framework/Versions/3.8/lib/python3.8/site-packages/airflow/example_dags/example_xcom.py for tasks to queue
[2024-11-26T15:45:06.590-0600] {logging_mixin.py:190} INFO - [2024-11-26T15:45:06.590-0600] {dagbag.py:588} INFO - Filling up the DagBag from /Library/Frameworks/Python.framework/Versions/3.8/lib/python3.8/site-packages/airflow/example_dags/example_xcom.py
[2024-11-26T15:45:06.602-0600] {processor.py:925} INFO - DAG(s) 'example_xcom' retrieved from /Library/Frameworks/Python.framework/Versions/3.8/lib/python3.8/site-packages/airflow/example_dags/example_xcom.py
[2024-11-26T15:45:06.637-0600] {logging_mixin.py:190} INFO - [2024-11-26T15:45:06.637-0600] {dag.py:3239} INFO - Sync 1 DAGs
[2024-11-26T15:45:06.642-0600] {logging_mixin.py:190} INFO - [2024-11-26T15:45:06.642-0600] {dag.py:4180} INFO - Setting next_dagrun for example_xcom to 2021-01-01 00:00:00+00:00, run_after=2021-01-01 00:00:00+00:00
[2024-11-26T15:45:06.648-0600] {processor.py:208} INFO - Processing /Library/Frameworks/Python.framework/Versions/3.8/lib/python3.8/site-packages/airflow/example_dags/example_xcom.py took 0.061 seconds
[2024-11-26T15:46:14.372-0600] {processor.py:186} INFO - Started process (PID=24906) to work on /Library/Frameworks/Python.framework/Versions/3.8/lib/python3.8/site-packages/airflow/example_dags/example_xcom.py
[2024-11-26T15:46:14.372-0600] {processor.py:914} INFO - Processing file /Library/Frameworks/Python.framework/Versions/3.8/lib/python3.8/site-packages/airflow/example_dags/example_xcom.py for tasks to queue
[2024-11-26T15:46:14.372-0600] {logging_mixin.py:190} INFO - [2024-11-26T15:46:14.372-0600] {dagbag.py:588} INFO - Filling up the DagBag from /Library/Frameworks/Python.framework/Versions/3.8/lib/python3.8/site-packages/airflow/example_dags/example_xcom.py
[2024-11-26T15:46:14.384-0600] {processor.py:925} INFO - DAG(s) 'example_xcom' retrieved from /Library/Frameworks/Python.framework/Versions/3.8/lib/python3.8/site-packages/airflow/example_dags/example_xcom.py
[2024-11-26T15:46:14.418-0600] {logging_mixin.py:190} INFO - [2024-11-26T15:46:14.418-0600] {dag.py:3239} INFO - Sync 1 DAGs
[2024-11-26T15:46:14.424-0600] {logging_mixin.py:190} INFO - [2024-11-26T15:46:14.424-0600] {dag.py:4180} INFO - Setting next_dagrun for example_xcom to 2021-01-01 00:00:00+00:00, run_after=2021-01-01 00:00:00+00:00
[2024-11-26T15:46:14.430-0600] {processor.py:208} INFO - Processing /Library/Frameworks/Python.framework/Versions/3.8/lib/python3.8/site-packages/airflow/example_dags/example_xcom.py took 0.059 seconds
[2024-11-26T15:47:18.863-0600] {processor.py:186} INFO - Started process (PID=25035) to work on /Library/Frameworks/Python.framework/Versions/3.8/lib/python3.8/site-packages/airflow/example_dags/example_xcom.py
[2024-11-26T15:47:18.864-0600] {processor.py:914} INFO - Processing file /Library/Frameworks/Python.framework/Versions/3.8/lib/python3.8/site-packages/airflow/example_dags/example_xcom.py for tasks to queue
[2024-11-26T15:47:18.864-0600] {logging_mixin.py:190} INFO - [2024-11-26T15:47:18.864-0600] {dagbag.py:588} INFO - Filling up the DagBag from /Library/Frameworks/Python.framework/Versions/3.8/lib/python3.8/site-packages/airflow/example_dags/example_xcom.py
[2024-11-26T15:47:18.876-0600] {processor.py:925} INFO - DAG(s) 'example_xcom' retrieved from /Library/Frameworks/Python.framework/Versions/3.8/lib/python3.8/site-packages/airflow/example_dags/example_xcom.py
[2024-11-26T15:47:18.911-0600] {logging_mixin.py:190} INFO - [2024-11-26T15:47:18.910-0600] {dag.py:3239} INFO - Sync 1 DAGs
[2024-11-26T15:47:18.916-0600] {logging_mixin.py:190} INFO - [2024-11-26T15:47:18.916-0600] {dag.py:4180} INFO - Setting next_dagrun for example_xcom to 2021-01-01 00:00:00+00:00, run_after=2021-01-01 00:00:00+00:00
[2024-11-26T15:47:18.922-0600] {processor.py:208} INFO - Processing /Library/Frameworks/Python.framework/Versions/3.8/lib/python3.8/site-packages/airflow/example_dags/example_xcom.py took 0.060 seconds
[2024-11-26T15:48:25.717-0600] {processor.py:186} INFO - Started process (PID=25161) to work on /Library/Frameworks/Python.framework/Versions/3.8/lib/python3.8/site-packages/airflow/example_dags/example_xcom.py
[2024-11-26T15:48:25.718-0600] {processor.py:914} INFO - Processing file /Library/Frameworks/Python.framework/Versions/3.8/lib/python3.8/site-packages/airflow/example_dags/example_xcom.py for tasks to queue
[2024-11-26T15:48:25.718-0600] {logging_mixin.py:190} INFO - [2024-11-26T15:48:25.718-0600] {dagbag.py:588} INFO - Filling up the DagBag from /Library/Frameworks/Python.framework/Versions/3.8/lib/python3.8/site-packages/airflow/example_dags/example_xcom.py
[2024-11-26T15:48:25.730-0600] {processor.py:925} INFO - DAG(s) 'example_xcom' retrieved from /Library/Frameworks/Python.framework/Versions/3.8/lib/python3.8/site-packages/airflow/example_dags/example_xcom.py
[2024-11-26T15:48:25.765-0600] {logging_mixin.py:190} INFO - [2024-11-26T15:48:25.764-0600] {dag.py:3239} INFO - Sync 1 DAGs
[2024-11-26T15:48:25.770-0600] {logging_mixin.py:190} INFO - [2024-11-26T15:48:25.770-0600] {dag.py:4180} INFO - Setting next_dagrun for example_xcom to 2021-01-01 00:00:00+00:00, run_after=2021-01-01 00:00:00+00:00
[2024-11-26T15:48:25.776-0600] {processor.py:208} INFO - Processing /Library/Frameworks/Python.framework/Versions/3.8/lib/python3.8/site-packages/airflow/example_dags/example_xcom.py took 0.060 seconds
[2024-11-26T15:49:32.061-0600] {processor.py:186} INFO - Started process (PID=25287) to work on /Library/Frameworks/Python.framework/Versions/3.8/lib/python3.8/site-packages/airflow/example_dags/example_xcom.py
[2024-11-26T15:49:32.063-0600] {processor.py:914} INFO - Processing file /Library/Frameworks/Python.framework/Versions/3.8/lib/python3.8/site-packages/airflow/example_dags/example_xcom.py for tasks to queue
[2024-11-26T15:49:32.063-0600] {logging_mixin.py:190} INFO - [2024-11-26T15:49:32.063-0600] {dagbag.py:588} INFO - Filling up the DagBag from /Library/Frameworks/Python.framework/Versions/3.8/lib/python3.8/site-packages/airflow/example_dags/example_xcom.py
[2024-11-26T15:49:32.075-0600] {processor.py:925} INFO - DAG(s) 'example_xcom' retrieved from /Library/Frameworks/Python.framework/Versions/3.8/lib/python3.8/site-packages/airflow/example_dags/example_xcom.py
[2024-11-26T15:49:32.109-0600] {logging_mixin.py:190} INFO - [2024-11-26T15:49:32.109-0600] {dag.py:3239} INFO - Sync 1 DAGs
[2024-11-26T15:49:32.115-0600] {logging_mixin.py:190} INFO - [2024-11-26T15:49:32.115-0600] {dag.py:4180} INFO - Setting next_dagrun for example_xcom to 2021-01-01 00:00:00+00:00, run_after=2021-01-01 00:00:00+00:00
[2024-11-26T15:49:32.121-0600] {processor.py:208} INFO - Processing /Library/Frameworks/Python.framework/Versions/3.8/lib/python3.8/site-packages/airflow/example_dags/example_xcom.py took 0.060 seconds
[2024-11-26T15:50:38.155-0600] {processor.py:186} INFO - Started process (PID=25419) to work on /Library/Frameworks/Python.framework/Versions/3.8/lib/python3.8/site-packages/airflow/example_dags/example_xcom.py
[2024-11-26T15:50:38.156-0600] {processor.py:914} INFO - Processing file /Library/Frameworks/Python.framework/Versions/3.8/lib/python3.8/site-packages/airflow/example_dags/example_xcom.py for tasks to queue
[2024-11-26T15:50:38.156-0600] {logging_mixin.py:190} INFO - [2024-11-26T15:50:38.156-0600] {dagbag.py:588} INFO - Filling up the DagBag from /Library/Frameworks/Python.framework/Versions/3.8/lib/python3.8/site-packages/airflow/example_dags/example_xcom.py
[2024-11-26T15:50:38.169-0600] {processor.py:925} INFO - DAG(s) 'example_xcom' retrieved from /Library/Frameworks/Python.framework/Versions/3.8/lib/python3.8/site-packages/airflow/example_dags/example_xcom.py
[2024-11-26T15:50:38.205-0600] {logging_mixin.py:190} INFO - [2024-11-26T15:50:38.205-0600] {dag.py:3239} INFO - Sync 1 DAGs
[2024-11-26T15:50:38.210-0600] {logging_mixin.py:190} INFO - [2024-11-26T15:50:38.210-0600] {dag.py:4180} INFO - Setting next_dagrun for example_xcom to 2021-01-01 00:00:00+00:00, run_after=2021-01-01 00:00:00+00:00
[2024-11-26T15:50:38.216-0600] {processor.py:208} INFO - Processing /Library/Frameworks/Python.framework/Versions/3.8/lib/python3.8/site-packages/airflow/example_dags/example_xcom.py took 0.062 seconds
[2024-11-26T15:51:48.159-0600] {processor.py:186} INFO - Started process (PID=25553) to work on /Library/Frameworks/Python.framework/Versions/3.8/lib/python3.8/site-packages/airflow/example_dags/example_xcom.py
[2024-11-26T15:51:48.160-0600] {processor.py:914} INFO - Processing file /Library/Frameworks/Python.framework/Versions/3.8/lib/python3.8/site-packages/airflow/example_dags/example_xcom.py for tasks to queue
[2024-11-26T15:51:48.160-0600] {logging_mixin.py:190} INFO - [2024-11-26T15:51:48.160-0600] {dagbag.py:588} INFO - Filling up the DagBag from /Library/Frameworks/Python.framework/Versions/3.8/lib/python3.8/site-packages/airflow/example_dags/example_xcom.py
[2024-11-26T15:51:48.172-0600] {processor.py:925} INFO - DAG(s) 'example_xcom' retrieved from /Library/Frameworks/Python.framework/Versions/3.8/lib/python3.8/site-packages/airflow/example_dags/example_xcom.py
[2024-11-26T15:51:48.207-0600] {logging_mixin.py:190} INFO - [2024-11-26T15:51:48.207-0600] {dag.py:3239} INFO - Sync 1 DAGs
[2024-11-26T15:51:48.212-0600] {logging_mixin.py:190} INFO - [2024-11-26T15:51:48.212-0600] {dag.py:4180} INFO - Setting next_dagrun for example_xcom to 2021-01-01 00:00:00+00:00, run_after=2021-01-01 00:00:00+00:00
[2024-11-26T15:51:48.218-0600] {processor.py:208} INFO - Processing /Library/Frameworks/Python.framework/Versions/3.8/lib/python3.8/site-packages/airflow/example_dags/example_xcom.py took 0.060 seconds
[2024-11-26T15:52:55.002-0600] {processor.py:186} INFO - Started process (PID=25680) to work on /Library/Frameworks/Python.framework/Versions/3.8/lib/python3.8/site-packages/airflow/example_dags/example_xcom.py
[2024-11-26T15:52:55.002-0600] {processor.py:914} INFO - Processing file /Library/Frameworks/Python.framework/Versions/3.8/lib/python3.8/site-packages/airflow/example_dags/example_xcom.py for tasks to queue
[2024-11-26T15:52:55.002-0600] {logging_mixin.py:190} INFO - [2024-11-26T15:52:55.002-0600] {dagbag.py:588} INFO - Filling up the DagBag from /Library/Frameworks/Python.framework/Versions/3.8/lib/python3.8/site-packages/airflow/example_dags/example_xcom.py
[2024-11-26T15:52:55.014-0600] {processor.py:925} INFO - DAG(s) 'example_xcom' retrieved from /Library/Frameworks/Python.framework/Versions/3.8/lib/python3.8/site-packages/airflow/example_dags/example_xcom.py
[2024-11-26T15:52:55.049-0600] {logging_mixin.py:190} INFO - [2024-11-26T15:52:55.049-0600] {dag.py:3239} INFO - Sync 1 DAGs
[2024-11-26T15:52:55.055-0600] {logging_mixin.py:190} INFO - [2024-11-26T15:52:55.055-0600] {dag.py:4180} INFO - Setting next_dagrun for example_xcom to 2021-01-01 00:00:00+00:00, run_after=2021-01-01 00:00:00+00:00
[2024-11-26T15:52:55.061-0600] {processor.py:208} INFO - Processing /Library/Frameworks/Python.framework/Versions/3.8/lib/python3.8/site-packages/airflow/example_dags/example_xcom.py took 0.061 seconds
[2024-11-26T15:54:05.852-0600] {processor.py:186} INFO - Started process (PID=25803) to work on /Library/Frameworks/Python.framework/Versions/3.8/lib/python3.8/site-packages/airflow/example_dags/example_xcom.py
[2024-11-26T15:54:05.852-0600] {processor.py:914} INFO - Processing file /Library/Frameworks/Python.framework/Versions/3.8/lib/python3.8/site-packages/airflow/example_dags/example_xcom.py for tasks to queue
[2024-11-26T15:54:05.852-0600] {logging_mixin.py:190} INFO - [2024-11-26T15:54:05.852-0600] {dagbag.py:588} INFO - Filling up the DagBag from /Library/Frameworks/Python.framework/Versions/3.8/lib/python3.8/site-packages/airflow/example_dags/example_xcom.py
[2024-11-26T15:54:05.865-0600] {processor.py:925} INFO - DAG(s) 'example_xcom' retrieved from /Library/Frameworks/Python.framework/Versions/3.8/lib/python3.8/site-packages/airflow/example_dags/example_xcom.py
[2024-11-26T15:54:05.899-0600] {logging_mixin.py:190} INFO - [2024-11-26T15:54:05.899-0600] {dag.py:3239} INFO - Sync 1 DAGs
[2024-11-26T15:54:05.905-0600] {logging_mixin.py:190} INFO - [2024-11-26T15:54:05.905-0600] {dag.py:4180} INFO - Setting next_dagrun for example_xcom to 2021-01-01 00:00:00+00:00, run_after=2021-01-01 00:00:00+00:00
[2024-11-26T15:54:05.910-0600] {processor.py:208} INFO - Processing /Library/Frameworks/Python.framework/Versions/3.8/lib/python3.8/site-packages/airflow/example_dags/example_xcom.py took 0.060 seconds
[2024-11-26T15:55:16.413-0600] {processor.py:186} INFO - Started process (PID=25941) to work on /Library/Frameworks/Python.framework/Versions/3.8/lib/python3.8/site-packages/airflow/example_dags/example_xcom.py
[2024-11-26T15:55:16.415-0600] {processor.py:914} INFO - Processing file /Library/Frameworks/Python.framework/Versions/3.8/lib/python3.8/site-packages/airflow/example_dags/example_xcom.py for tasks to queue
[2024-11-26T15:55:16.415-0600] {logging_mixin.py:190} INFO - [2024-11-26T15:55:16.415-0600] {dagbag.py:588} INFO - Filling up the DagBag from /Library/Frameworks/Python.framework/Versions/3.8/lib/python3.8/site-packages/airflow/example_dags/example_xcom.py
[2024-11-26T15:55:16.427-0600] {processor.py:925} INFO - DAG(s) 'example_xcom' retrieved from /Library/Frameworks/Python.framework/Versions/3.8/lib/python3.8/site-packages/airflow/example_dags/example_xcom.py
[2024-11-26T15:55:16.461-0600] {logging_mixin.py:190} INFO - [2024-11-26T15:55:16.461-0600] {dag.py:3239} INFO - Sync 1 DAGs
[2024-11-26T15:55:16.467-0600] {logging_mixin.py:190} INFO - [2024-11-26T15:55:16.467-0600] {dag.py:4180} INFO - Setting next_dagrun for example_xcom to 2021-01-01 00:00:00+00:00, run_after=2021-01-01 00:00:00+00:00
[2024-11-26T15:55:16.472-0600] {processor.py:208} INFO - Processing /Library/Frameworks/Python.framework/Versions/3.8/lib/python3.8/site-packages/airflow/example_dags/example_xcom.py took 0.060 seconds
[2024-11-26T15:56:25.811-0600] {processor.py:186} INFO - Started process (PID=26124) to work on /Library/Frameworks/Python.framework/Versions/3.8/lib/python3.8/site-packages/airflow/example_dags/example_xcom.py
[2024-11-26T15:56:25.812-0600] {processor.py:914} INFO - Processing file /Library/Frameworks/Python.framework/Versions/3.8/lib/python3.8/site-packages/airflow/example_dags/example_xcom.py for tasks to queue
[2024-11-26T15:56:25.813-0600] {logging_mixin.py:190} INFO - [2024-11-26T15:56:25.813-0600] {dagbag.py:588} INFO - Filling up the DagBag from /Library/Frameworks/Python.framework/Versions/3.8/lib/python3.8/site-packages/airflow/example_dags/example_xcom.py
[2024-11-26T15:56:25.825-0600] {processor.py:925} INFO - DAG(s) 'example_xcom' retrieved from /Library/Frameworks/Python.framework/Versions/3.8/lib/python3.8/site-packages/airflow/example_dags/example_xcom.py
[2024-11-26T15:56:25.859-0600] {logging_mixin.py:190} INFO - [2024-11-26T15:56:25.859-0600] {dag.py:3239} INFO - Sync 1 DAGs
[2024-11-26T15:56:25.864-0600] {logging_mixin.py:190} INFO - [2024-11-26T15:56:25.864-0600] {dag.py:4180} INFO - Setting next_dagrun for example_xcom to 2021-01-01 00:00:00+00:00, run_after=2021-01-01 00:00:00+00:00
[2024-11-26T15:56:25.870-0600] {processor.py:208} INFO - Processing /Library/Frameworks/Python.framework/Versions/3.8/lib/python3.8/site-packages/airflow/example_dags/example_xcom.py took 0.060 seconds
[2024-11-26T15:57:35.671-0600] {processor.py:186} INFO - Started process (PID=26247) to work on /Library/Frameworks/Python.framework/Versions/3.8/lib/python3.8/site-packages/airflow/example_dags/example_xcom.py
[2024-11-26T15:57:35.672-0600] {processor.py:914} INFO - Processing file /Library/Frameworks/Python.framework/Versions/3.8/lib/python3.8/site-packages/airflow/example_dags/example_xcom.py for tasks to queue
[2024-11-26T15:57:35.672-0600] {logging_mixin.py:190} INFO - [2024-11-26T15:57:35.672-0600] {dagbag.py:588} INFO - Filling up the DagBag from /Library/Frameworks/Python.framework/Versions/3.8/lib/python3.8/site-packages/airflow/example_dags/example_xcom.py
[2024-11-26T15:57:35.684-0600] {processor.py:925} INFO - DAG(s) 'example_xcom' retrieved from /Library/Frameworks/Python.framework/Versions/3.8/lib/python3.8/site-packages/airflow/example_dags/example_xcom.py
[2024-11-26T15:57:35.718-0600] {logging_mixin.py:190} INFO - [2024-11-26T15:57:35.718-0600] {dag.py:3239} INFO - Sync 1 DAGs
[2024-11-26T15:57:35.724-0600] {logging_mixin.py:190} INFO - [2024-11-26T15:57:35.724-0600] {dag.py:4180} INFO - Setting next_dagrun for example_xcom to 2021-01-01 00:00:00+00:00, run_after=2021-01-01 00:00:00+00:00
[2024-11-26T15:57:35.729-0600] {processor.py:208} INFO - Processing /Library/Frameworks/Python.framework/Versions/3.8/lib/python3.8/site-packages/airflow/example_dags/example_xcom.py took 0.059 seconds
[2024-11-26T15:58:43.749-0600] {processor.py:186} INFO - Started process (PID=26390) to work on /Library/Frameworks/Python.framework/Versions/3.8/lib/python3.8/site-packages/airflow/example_dags/example_xcom.py
[2024-11-26T15:58:43.749-0600] {processor.py:914} INFO - Processing file /Library/Frameworks/Python.framework/Versions/3.8/lib/python3.8/site-packages/airflow/example_dags/example_xcom.py for tasks to queue
[2024-11-26T15:58:43.750-0600] {logging_mixin.py:190} INFO - [2024-11-26T15:58:43.749-0600] {dagbag.py:588} INFO - Filling up the DagBag from /Library/Frameworks/Python.framework/Versions/3.8/lib/python3.8/site-packages/airflow/example_dags/example_xcom.py
[2024-11-26T15:58:43.761-0600] {processor.py:925} INFO - DAG(s) 'example_xcom' retrieved from /Library/Frameworks/Python.framework/Versions/3.8/lib/python3.8/site-packages/airflow/example_dags/example_xcom.py
[2024-11-26T15:58:43.796-0600] {logging_mixin.py:190} INFO - [2024-11-26T15:58:43.796-0600] {dag.py:3239} INFO - Sync 1 DAGs
[2024-11-26T15:58:43.801-0600] {logging_mixin.py:190} INFO - [2024-11-26T15:58:43.801-0600] {dag.py:4180} INFO - Setting next_dagrun for example_xcom to 2021-01-01 00:00:00+00:00, run_after=2021-01-01 00:00:00+00:00
[2024-11-26T15:58:43.807-0600] {processor.py:208} INFO - Processing /Library/Frameworks/Python.framework/Versions/3.8/lib/python3.8/site-packages/airflow/example_dags/example_xcom.py took 0.059 seconds
[2024-11-26T15:59:51.550-0600] {processor.py:186} INFO - Started process (PID=26531) to work on /Library/Frameworks/Python.framework/Versions/3.8/lib/python3.8/site-packages/airflow/example_dags/example_xcom.py
[2024-11-26T15:59:51.551-0600] {processor.py:914} INFO - Processing file /Library/Frameworks/Python.framework/Versions/3.8/lib/python3.8/site-packages/airflow/example_dags/example_xcom.py for tasks to queue
[2024-11-26T15:59:51.551-0600] {logging_mixin.py:190} INFO - [2024-11-26T15:59:51.551-0600] {dagbag.py:588} INFO - Filling up the DagBag from /Library/Frameworks/Python.framework/Versions/3.8/lib/python3.8/site-packages/airflow/example_dags/example_xcom.py
[2024-11-26T15:59:51.563-0600] {processor.py:925} INFO - DAG(s) 'example_xcom' retrieved from /Library/Frameworks/Python.framework/Versions/3.8/lib/python3.8/site-packages/airflow/example_dags/example_xcom.py
[2024-11-26T15:59:51.598-0600] {logging_mixin.py:190} INFO - [2024-11-26T15:59:51.598-0600] {dag.py:3239} INFO - Sync 1 DAGs
[2024-11-26T15:59:51.603-0600] {logging_mixin.py:190} INFO - [2024-11-26T15:59:51.603-0600] {dag.py:4180} INFO - Setting next_dagrun for example_xcom to 2021-01-01 00:00:00+00:00, run_after=2021-01-01 00:00:00+00:00
[2024-11-26T15:59:51.609-0600] {processor.py:208} INFO - Processing /Library/Frameworks/Python.framework/Versions/3.8/lib/python3.8/site-packages/airflow/example_dags/example_xcom.py took 0.061 seconds
[2024-11-26T16:00:59.474-0600] {processor.py:186} INFO - Started process (PID=26654) to work on /Library/Frameworks/Python.framework/Versions/3.8/lib/python3.8/site-packages/airflow/example_dags/example_xcom.py
[2024-11-26T16:00:59.474-0600] {processor.py:914} INFO - Processing file /Library/Frameworks/Python.framework/Versions/3.8/lib/python3.8/site-packages/airflow/example_dags/example_xcom.py for tasks to queue
[2024-11-26T16:00:59.474-0600] {logging_mixin.py:190} INFO - [2024-11-26T16:00:59.474-0600] {dagbag.py:588} INFO - Filling up the DagBag from /Library/Frameworks/Python.framework/Versions/3.8/lib/python3.8/site-packages/airflow/example_dags/example_xcom.py
[2024-11-26T16:00:59.486-0600] {processor.py:925} INFO - DAG(s) 'example_xcom' retrieved from /Library/Frameworks/Python.framework/Versions/3.8/lib/python3.8/site-packages/airflow/example_dags/example_xcom.py
[2024-11-26T16:00:59.521-0600] {logging_mixin.py:190} INFO - [2024-11-26T16:00:59.520-0600] {dag.py:3239} INFO - Sync 1 DAGs
[2024-11-26T16:00:59.526-0600] {logging_mixin.py:190} INFO - [2024-11-26T16:00:59.526-0600] {dag.py:4180} INFO - Setting next_dagrun for example_xcom to 2021-01-01 00:00:00+00:00, run_after=2021-01-01 00:00:00+00:00
[2024-11-26T16:00:59.532-0600] {processor.py:208} INFO - Processing /Library/Frameworks/Python.framework/Versions/3.8/lib/python3.8/site-packages/airflow/example_dags/example_xcom.py took 0.059 seconds
[2024-11-26T16:02:07.404-0600] {processor.py:186} INFO - Started process (PID=26791) to work on /Library/Frameworks/Python.framework/Versions/3.8/lib/python3.8/site-packages/airflow/example_dags/example_xcom.py
[2024-11-26T16:02:07.405-0600] {processor.py:914} INFO - Processing file /Library/Frameworks/Python.framework/Versions/3.8/lib/python3.8/site-packages/airflow/example_dags/example_xcom.py for tasks to queue
[2024-11-26T16:02:07.406-0600] {logging_mixin.py:190} INFO - [2024-11-26T16:02:07.405-0600] {dagbag.py:588} INFO - Filling up the DagBag from /Library/Frameworks/Python.framework/Versions/3.8/lib/python3.8/site-packages/airflow/example_dags/example_xcom.py
[2024-11-26T16:02:07.418-0600] {processor.py:925} INFO - DAG(s) 'example_xcom' retrieved from /Library/Frameworks/Python.framework/Versions/3.8/lib/python3.8/site-packages/airflow/example_dags/example_xcom.py
[2024-11-26T16:02:07.452-0600] {logging_mixin.py:190} INFO - [2024-11-26T16:02:07.452-0600] {dag.py:3239} INFO - Sync 1 DAGs
[2024-11-26T16:02:07.458-0600] {logging_mixin.py:190} INFO - [2024-11-26T16:02:07.458-0600] {dag.py:4180} INFO - Setting next_dagrun for example_xcom to 2021-01-01 00:00:00+00:00, run_after=2021-01-01 00:00:00+00:00
[2024-11-26T16:02:07.464-0600] {processor.py:208} INFO - Processing /Library/Frameworks/Python.framework/Versions/3.8/lib/python3.8/site-packages/airflow/example_dags/example_xcom.py took 0.061 seconds
[2024-11-26T16:03:12.588-0600] {processor.py:186} INFO - Started process (PID=26915) to work on /Library/Frameworks/Python.framework/Versions/3.8/lib/python3.8/site-packages/airflow/example_dags/example_xcom.py
[2024-11-26T16:03:12.589-0600] {processor.py:914} INFO - Processing file /Library/Frameworks/Python.framework/Versions/3.8/lib/python3.8/site-packages/airflow/example_dags/example_xcom.py for tasks to queue
[2024-11-26T16:03:12.590-0600] {logging_mixin.py:190} INFO - [2024-11-26T16:03:12.589-0600] {dagbag.py:588} INFO - Filling up the DagBag from /Library/Frameworks/Python.framework/Versions/3.8/lib/python3.8/site-packages/airflow/example_dags/example_xcom.py
[2024-11-26T16:03:12.602-0600] {processor.py:925} INFO - DAG(s) 'example_xcom' retrieved from /Library/Frameworks/Python.framework/Versions/3.8/lib/python3.8/site-packages/airflow/example_dags/example_xcom.py
[2024-11-26T16:03:12.637-0600] {logging_mixin.py:190} INFO - [2024-11-26T16:03:12.636-0600] {dag.py:3239} INFO - Sync 1 DAGs
[2024-11-26T16:03:12.642-0600] {logging_mixin.py:190} INFO - [2024-11-26T16:03:12.642-0600] {dag.py:4180} INFO - Setting next_dagrun for example_xcom to 2021-01-01 00:00:00+00:00, run_after=2021-01-01 00:00:00+00:00
[2024-11-26T16:03:12.648-0600] {processor.py:208} INFO - Processing /Library/Frameworks/Python.framework/Versions/3.8/lib/python3.8/site-packages/airflow/example_dags/example_xcom.py took 0.061 seconds
[2024-11-26T16:04:19.395-0600] {processor.py:186} INFO - Started process (PID=27036) to work on /Library/Frameworks/Python.framework/Versions/3.8/lib/python3.8/site-packages/airflow/example_dags/example_xcom.py
[2024-11-26T16:04:19.396-0600] {processor.py:914} INFO - Processing file /Library/Frameworks/Python.framework/Versions/3.8/lib/python3.8/site-packages/airflow/example_dags/example_xcom.py for tasks to queue
[2024-11-26T16:04:19.396-0600] {logging_mixin.py:190} INFO - [2024-11-26T16:04:19.396-0600] {dagbag.py:588} INFO - Filling up the DagBag from /Library/Frameworks/Python.framework/Versions/3.8/lib/python3.8/site-packages/airflow/example_dags/example_xcom.py
[2024-11-26T16:04:19.407-0600] {processor.py:925} INFO - DAG(s) 'example_xcom' retrieved from /Library/Frameworks/Python.framework/Versions/3.8/lib/python3.8/site-packages/airflow/example_dags/example_xcom.py
[2024-11-26T16:04:19.441-0600] {logging_mixin.py:190} INFO - [2024-11-26T16:04:19.441-0600] {dag.py:3239} INFO - Sync 1 DAGs
[2024-11-26T16:04:19.447-0600] {logging_mixin.py:190} INFO - [2024-11-26T16:04:19.447-0600] {dag.py:4180} INFO - Setting next_dagrun for example_xcom to 2021-01-01 00:00:00+00:00, run_after=2021-01-01 00:00:00+00:00
[2024-11-26T16:04:19.452-0600] {processor.py:208} INFO - Processing /Library/Frameworks/Python.framework/Versions/3.8/lib/python3.8/site-packages/airflow/example_dags/example_xcom.py took 0.058 seconds
[2024-11-26T16:05:28.964-0600] {processor.py:186} INFO - Started process (PID=27161) to work on /Library/Frameworks/Python.framework/Versions/3.8/lib/python3.8/site-packages/airflow/example_dags/example_xcom.py
[2024-11-26T16:05:28.965-0600] {processor.py:914} INFO - Processing file /Library/Frameworks/Python.framework/Versions/3.8/lib/python3.8/site-packages/airflow/example_dags/example_xcom.py for tasks to queue
[2024-11-26T16:05:28.965-0600] {logging_mixin.py:190} INFO - [2024-11-26T16:05:28.965-0600] {dagbag.py:588} INFO - Filling up the DagBag from /Library/Frameworks/Python.framework/Versions/3.8/lib/python3.8/site-packages/airflow/example_dags/example_xcom.py
[2024-11-26T16:05:28.976-0600] {processor.py:925} INFO - DAG(s) 'example_xcom' retrieved from /Library/Frameworks/Python.framework/Versions/3.8/lib/python3.8/site-packages/airflow/example_dags/example_xcom.py
[2024-11-26T16:05:29.010-0600] {logging_mixin.py:190} INFO - [2024-11-26T16:05:29.010-0600] {dag.py:3239} INFO - Sync 1 DAGs
[2024-11-26T16:05:29.016-0600] {logging_mixin.py:190} INFO - [2024-11-26T16:05:29.016-0600] {dag.py:4180} INFO - Setting next_dagrun for example_xcom to 2021-01-01 00:00:00+00:00, run_after=2021-01-01 00:00:00+00:00
[2024-11-26T16:05:29.021-0600] {processor.py:208} INFO - Processing /Library/Frameworks/Python.framework/Versions/3.8/lib/python3.8/site-packages/airflow/example_dags/example_xcom.py took 0.058 seconds
[2024-11-26T16:21:36.429-0600] {processor.py:186} INFO - Started process (PID=27289) to work on /Library/Frameworks/Python.framework/Versions/3.8/lib/python3.8/site-packages/airflow/example_dags/example_xcom.py
[2024-11-26T16:21:36.430-0600] {processor.py:914} INFO - Processing file /Library/Frameworks/Python.framework/Versions/3.8/lib/python3.8/site-packages/airflow/example_dags/example_xcom.py for tasks to queue
[2024-11-26T16:21:36.430-0600] {logging_mixin.py:190} INFO - [2024-11-26T16:21:36.430-0600] {dagbag.py:588} INFO - Filling up the DagBag from /Library/Frameworks/Python.framework/Versions/3.8/lib/python3.8/site-packages/airflow/example_dags/example_xcom.py
[2024-11-26T16:21:36.441-0600] {processor.py:925} INFO - DAG(s) 'example_xcom' retrieved from /Library/Frameworks/Python.framework/Versions/3.8/lib/python3.8/site-packages/airflow/example_dags/example_xcom.py
[2024-11-26T16:21:36.473-0600] {logging_mixin.py:190} INFO - [2024-11-26T16:21:36.473-0600] {dag.py:3239} INFO - Sync 1 DAGs
[2024-11-26T16:21:36.478-0600] {logging_mixin.py:190} INFO - [2024-11-26T16:21:36.478-0600] {dag.py:4180} INFO - Setting next_dagrun for example_xcom to 2021-01-01 00:00:00+00:00, run_after=2021-01-01 00:00:00+00:00
[2024-11-26T16:21:36.483-0600] {processor.py:208} INFO - Processing /Library/Frameworks/Python.framework/Versions/3.8/lib/python3.8/site-packages/airflow/example_dags/example_xcom.py took 0.055 seconds
[2024-11-26T17:18:51.995-0600] {processor.py:186} INFO - Started process (PID=27420) to work on /Library/Frameworks/Python.framework/Versions/3.8/lib/python3.8/site-packages/airflow/example_dags/example_xcom.py
[2024-11-26T17:18:51.995-0600] {processor.py:914} INFO - Processing file /Library/Frameworks/Python.framework/Versions/3.8/lib/python3.8/site-packages/airflow/example_dags/example_xcom.py for tasks to queue
[2024-11-26T17:18:51.995-0600] {logging_mixin.py:190} INFO - [2024-11-26T17:18:51.995-0600] {dagbag.py:588} INFO - Filling up the DagBag from /Library/Frameworks/Python.framework/Versions/3.8/lib/python3.8/site-packages/airflow/example_dags/example_xcom.py
[2024-11-26T17:18:52.007-0600] {processor.py:925} INFO - DAG(s) 'example_xcom' retrieved from /Library/Frameworks/Python.framework/Versions/3.8/lib/python3.8/site-packages/airflow/example_dags/example_xcom.py
[2024-11-26T17:18:52.038-0600] {logging_mixin.py:190} INFO - [2024-11-26T17:18:52.038-0600] {dag.py:3239} INFO - Sync 1 DAGs
[2024-11-26T17:18:52.043-0600] {logging_mixin.py:190} INFO - [2024-11-26T17:18:52.043-0600] {dag.py:4180} INFO - Setting next_dagrun for example_xcom to 2021-01-01 00:00:00+00:00, run_after=2021-01-01 00:00:00+00:00
[2024-11-26T17:18:52.048-0600] {processor.py:208} INFO - Processing /Library/Frameworks/Python.framework/Versions/3.8/lib/python3.8/site-packages/airflow/example_dags/example_xcom.py took 0.055 seconds
