[2024-11-26T14:17:59.422-0600] {processor.py:186} INFO - Started process (PID=17875) to work on /Users/beprathap/PycharmProjects/YouTube-airflow/airflow-venv/lib/python3.8/site-packages/airflow/example_dags/example_short_circuit_decorator.py
[2024-11-26T14:17:59.422-0600] {processor.py:914} INFO - Processing file /Users/beprathap/PycharmProjects/YouTube-airflow/airflow-venv/lib/python3.8/site-packages/airflow/example_dags/example_short_circuit_decorator.py for tasks to queue
[2024-11-26T14:17:59.422-0600] {logging_mixin.py:190} INFO - [2024-11-26T14:17:59.422-0600] {dagbag.py:588} INFO - Filling up the DagBag from /Users/beprathap/PycharmProjects/YouTube-airflow/airflow-venv/lib/python3.8/site-packages/airflow/example_dags/example_short_circuit_decorator.py
[2024-11-26T14:17:59.434-0600] {processor.py:925} INFO - DAG(s) 'example_short_circuit_decorator' retrieved from /Users/beprathap/PycharmProjects/YouTube-airflow/airflow-venv/lib/python3.8/site-packages/airflow/example_dags/example_short_circuit_decorator.py
[2024-11-26T14:17:59.495-0600] {logging_mixin.py:190} INFO - [2024-11-26T14:17:59.495-0600] {override.py:1901} INFO - Created Permission View: can read on DAG:example_short_circuit_decorator
[2024-11-26T14:17:59.498-0600] {logging_mixin.py:190} INFO - [2024-11-26T14:17:59.498-0600] {override.py:1901} INFO - Created Permission View: can edit on DAG:example_short_circuit_decorator
[2024-11-26T14:17:59.499-0600] {logging_mixin.py:190} INFO - [2024-11-26T14:17:59.499-0600] {override.py:1901} INFO - Created Permission View: can delete on DAG:example_short_circuit_decorator
[2024-11-26T14:17:59.501-0600] {logging_mixin.py:190} INFO - [2024-11-26T14:17:59.501-0600] {override.py:1901} INFO - Created Permission View: can read on DAG Run:example_short_circuit_decorator
[2024-11-26T14:17:59.503-0600] {logging_mixin.py:190} INFO - [2024-11-26T14:17:59.503-0600] {override.py:1901} INFO - Created Permission View: menu access on DAG Run:example_short_circuit_decorator
[2024-11-26T14:17:59.504-0600] {logging_mixin.py:190} INFO - [2024-11-26T14:17:59.504-0600] {override.py:1901} INFO - Created Permission View: can create on DAG Run:example_short_circuit_decorator
[2024-11-26T14:17:59.506-0600] {logging_mixin.py:190} INFO - [2024-11-26T14:17:59.506-0600] {override.py:1901} INFO - Created Permission View: can delete on DAG Run:example_short_circuit_decorator
[2024-11-26T14:17:59.506-0600] {logging_mixin.py:190} INFO - [2024-11-26T14:17:59.506-0600] {dag.py:3239} INFO - Sync 1 DAGs
[2024-11-26T14:17:59.509-0600] {logging_mixin.py:190} INFO - [2024-11-26T14:17:59.509-0600] {dag.py:3262} INFO - Creating ORM DAG for example_short_circuit_decorator
[2024-11-26T14:17:59.509-0600] {logging_mixin.py:190} INFO - [2024-11-26T14:17:59.509-0600] {dag.py:4180} INFO - Setting next_dagrun for example_short_circuit_decorator to None, run_after=None
[2024-11-26T14:17:59.514-0600] {processor.py:208} INFO - Processing /Users/beprathap/PycharmProjects/YouTube-airflow/airflow-venv/lib/python3.8/site-packages/airflow/example_dags/example_short_circuit_decorator.py took 0.093 seconds
[2024-11-26T14:19:37.787-0600] {processor.py:186} INFO - Started process (PID=18058) to work on /Users/beprathap/PycharmProjects/YouTube-airflow/airflow-venv/lib/python3.8/site-packages/airflow/example_dags/example_short_circuit_decorator.py
[2024-11-26T14:19:37.788-0600] {processor.py:914} INFO - Processing file /Users/beprathap/PycharmProjects/YouTube-airflow/airflow-venv/lib/python3.8/site-packages/airflow/example_dags/example_short_circuit_decorator.py for tasks to queue
[2024-11-26T14:19:37.788-0600] {logging_mixin.py:190} INFO - [2024-11-26T14:19:37.788-0600] {dagbag.py:588} INFO - Filling up the DagBag from /Users/beprathap/PycharmProjects/YouTube-airflow/airflow-venv/lib/python3.8/site-packages/airflow/example_dags/example_short_circuit_decorator.py
[2024-11-26T14:19:37.800-0600] {processor.py:925} INFO - DAG(s) 'example_short_circuit_decorator' retrieved from /Users/beprathap/PycharmProjects/YouTube-airflow/airflow-venv/lib/python3.8/site-packages/airflow/example_dags/example_short_circuit_decorator.py
[2024-11-26T14:19:37.834-0600] {logging_mixin.py:190} INFO - [2024-11-26T14:19:37.834-0600] {dag.py:3239} INFO - Sync 1 DAGs
[2024-11-26T14:19:37.838-0600] {logging_mixin.py:190} INFO - [2024-11-26T14:19:37.837-0600] {dag.py:4180} INFO - Setting next_dagrun for example_short_circuit_decorator to None, run_after=None
[2024-11-26T14:19:37.843-0600] {processor.py:208} INFO - Processing /Users/beprathap/PycharmProjects/YouTube-airflow/airflow-venv/lib/python3.8/site-packages/airflow/example_dags/example_short_circuit_decorator.py took 0.057 seconds
[2024-11-26T14:21:52.476-0600] {processor.py:186} INFO - Started process (PID=18310) to work on /Users/beprathap/PycharmProjects/YouTube-airflow/airflow-venv/lib/python3.8/site-packages/airflow/example_dags/example_short_circuit_decorator.py
[2024-11-26T14:21:52.477-0600] {processor.py:914} INFO - Processing file /Users/beprathap/PycharmProjects/YouTube-airflow/airflow-venv/lib/python3.8/site-packages/airflow/example_dags/example_short_circuit_decorator.py for tasks to queue
[2024-11-26T14:21:52.477-0600] {logging_mixin.py:190} INFO - [2024-11-26T14:21:52.477-0600] {dagbag.py:588} INFO - Filling up the DagBag from /Users/beprathap/PycharmProjects/YouTube-airflow/airflow-venv/lib/python3.8/site-packages/airflow/example_dags/example_short_circuit_decorator.py
[2024-11-26T14:21:52.489-0600] {processor.py:925} INFO - DAG(s) 'example_short_circuit_decorator' retrieved from /Users/beprathap/PycharmProjects/YouTube-airflow/airflow-venv/lib/python3.8/site-packages/airflow/example_dags/example_short_circuit_decorator.py
[2024-11-26T14:21:52.523-0600] {logging_mixin.py:190} INFO - [2024-11-26T14:21:52.523-0600] {dag.py:3239} INFO - Sync 1 DAGs
[2024-11-26T14:21:52.526-0600] {logging_mixin.py:190} INFO - [2024-11-26T14:21:52.526-0600] {dag.py:4180} INFO - Setting next_dagrun for example_short_circuit_decorator to None, run_after=None
[2024-11-26T14:21:52.531-0600] {processor.py:208} INFO - Processing /Users/beprathap/PycharmProjects/YouTube-airflow/airflow-venv/lib/python3.8/site-packages/airflow/example_dags/example_short_circuit_decorator.py took 0.056 seconds
[2024-11-26T14:24:03.606-0600] {processor.py:186} INFO - Started process (PID=18581) to work on /Users/beprathap/PycharmProjects/YouTube-airflow/airflow-venv/lib/python3.8/site-packages/airflow/example_dags/example_short_circuit_decorator.py
[2024-11-26T14:24:03.607-0600] {processor.py:914} INFO - Processing file /Users/beprathap/PycharmProjects/YouTube-airflow/airflow-venv/lib/python3.8/site-packages/airflow/example_dags/example_short_circuit_decorator.py for tasks to queue
[2024-11-26T14:24:03.607-0600] {logging_mixin.py:190} INFO - [2024-11-26T14:24:03.607-0600] {dagbag.py:588} INFO - Filling up the DagBag from /Users/beprathap/PycharmProjects/YouTube-airflow/airflow-venv/lib/python3.8/site-packages/airflow/example_dags/example_short_circuit_decorator.py
[2024-11-26T14:24:03.619-0600] {processor.py:925} INFO - DAG(s) 'example_short_circuit_decorator' retrieved from /Users/beprathap/PycharmProjects/YouTube-airflow/airflow-venv/lib/python3.8/site-packages/airflow/example_dags/example_short_circuit_decorator.py
[2024-11-26T14:24:03.653-0600] {logging_mixin.py:190} INFO - [2024-11-26T14:24:03.653-0600] {dag.py:3239} INFO - Sync 1 DAGs
[2024-11-26T14:24:03.657-0600] {logging_mixin.py:190} INFO - [2024-11-26T14:24:03.657-0600] {dag.py:4180} INFO - Setting next_dagrun for example_short_circuit_decorator to None, run_after=None
[2024-11-26T14:24:03.662-0600] {processor.py:208} INFO - Processing /Users/beprathap/PycharmProjects/YouTube-airflow/airflow-venv/lib/python3.8/site-packages/airflow/example_dags/example_short_circuit_decorator.py took 0.057 seconds
[2024-11-26T14:26:12.383-0600] {processor.py:186} INFO - Started process (PID=18832) to work on /Users/beprathap/PycharmProjects/YouTube-airflow/airflow-venv/lib/python3.8/site-packages/airflow/example_dags/example_short_circuit_decorator.py
[2024-11-26T14:26:12.384-0600] {processor.py:914} INFO - Processing file /Users/beprathap/PycharmProjects/YouTube-airflow/airflow-venv/lib/python3.8/site-packages/airflow/example_dags/example_short_circuit_decorator.py for tasks to queue
[2024-11-26T14:26:12.384-0600] {logging_mixin.py:190} INFO - [2024-11-26T14:26:12.384-0600] {dagbag.py:588} INFO - Filling up the DagBag from /Users/beprathap/PycharmProjects/YouTube-airflow/airflow-venv/lib/python3.8/site-packages/airflow/example_dags/example_short_circuit_decorator.py
[2024-11-26T14:26:12.396-0600] {processor.py:925} INFO - DAG(s) 'example_short_circuit_decorator' retrieved from /Users/beprathap/PycharmProjects/YouTube-airflow/airflow-venv/lib/python3.8/site-packages/airflow/example_dags/example_short_circuit_decorator.py
[2024-11-26T14:26:12.431-0600] {logging_mixin.py:190} INFO - [2024-11-26T14:26:12.431-0600] {dag.py:3239} INFO - Sync 1 DAGs
[2024-11-26T14:26:12.434-0600] {logging_mixin.py:190} INFO - [2024-11-26T14:26:12.434-0600] {dag.py:4180} INFO - Setting next_dagrun for example_short_circuit_decorator to None, run_after=None
[2024-11-26T14:26:12.439-0600] {processor.py:208} INFO - Processing /Users/beprathap/PycharmProjects/YouTube-airflow/airflow-venv/lib/python3.8/site-packages/airflow/example_dags/example_short_circuit_decorator.py took 0.058 seconds
[2024-11-26T14:28:19.089-0600] {processor.py:186} INFO - Started process (PID=19061) to work on /Users/beprathap/PycharmProjects/YouTube-airflow/airflow-venv/lib/python3.8/site-packages/airflow/example_dags/example_short_circuit_decorator.py
[2024-11-26T14:28:19.089-0600] {processor.py:914} INFO - Processing file /Users/beprathap/PycharmProjects/YouTube-airflow/airflow-venv/lib/python3.8/site-packages/airflow/example_dags/example_short_circuit_decorator.py for tasks to queue
[2024-11-26T14:28:19.090-0600] {logging_mixin.py:190} INFO - [2024-11-26T14:28:19.090-0600] {dagbag.py:588} INFO - Filling up the DagBag from /Users/beprathap/PycharmProjects/YouTube-airflow/airflow-venv/lib/python3.8/site-packages/airflow/example_dags/example_short_circuit_decorator.py
[2024-11-26T14:28:19.101-0600] {processor.py:925} INFO - DAG(s) 'example_short_circuit_decorator' retrieved from /Users/beprathap/PycharmProjects/YouTube-airflow/airflow-venv/lib/python3.8/site-packages/airflow/example_dags/example_short_circuit_decorator.py
[2024-11-26T14:28:19.136-0600] {logging_mixin.py:190} INFO - [2024-11-26T14:28:19.136-0600] {dag.py:3239} INFO - Sync 1 DAGs
[2024-11-26T14:28:19.140-0600] {logging_mixin.py:190} INFO - [2024-11-26T14:28:19.140-0600] {dag.py:4180} INFO - Setting next_dagrun for example_short_circuit_decorator to None, run_after=None
[2024-11-26T14:28:19.145-0600] {processor.py:208} INFO - Processing /Users/beprathap/PycharmProjects/YouTube-airflow/airflow-venv/lib/python3.8/site-packages/airflow/example_dags/example_short_circuit_decorator.py took 0.057 seconds
[2024-11-26T14:30:28.379-0600] {processor.py:186} INFO - Started process (PID=19317) to work on /Users/beprathap/PycharmProjects/YouTube-airflow/airflow-venv/lib/python3.8/site-packages/airflow/example_dags/example_short_circuit_decorator.py
[2024-11-26T14:30:28.380-0600] {processor.py:914} INFO - Processing file /Users/beprathap/PycharmProjects/YouTube-airflow/airflow-venv/lib/python3.8/site-packages/airflow/example_dags/example_short_circuit_decorator.py for tasks to queue
[2024-11-26T14:30:28.380-0600] {logging_mixin.py:190} INFO - [2024-11-26T14:30:28.380-0600] {dagbag.py:588} INFO - Filling up the DagBag from /Users/beprathap/PycharmProjects/YouTube-airflow/airflow-venv/lib/python3.8/site-packages/airflow/example_dags/example_short_circuit_decorator.py
[2024-11-26T14:30:28.392-0600] {processor.py:925} INFO - DAG(s) 'example_short_circuit_decorator' retrieved from /Users/beprathap/PycharmProjects/YouTube-airflow/airflow-venv/lib/python3.8/site-packages/airflow/example_dags/example_short_circuit_decorator.py
[2024-11-26T14:30:28.427-0600] {logging_mixin.py:190} INFO - [2024-11-26T14:30:28.427-0600] {dag.py:3239} INFO - Sync 1 DAGs
[2024-11-26T14:30:28.431-0600] {logging_mixin.py:190} INFO - [2024-11-26T14:30:28.431-0600] {dag.py:4180} INFO - Setting next_dagrun for example_short_circuit_decorator to None, run_after=None
[2024-11-26T14:30:28.436-0600] {processor.py:208} INFO - Processing /Users/beprathap/PycharmProjects/YouTube-airflow/airflow-venv/lib/python3.8/site-packages/airflow/example_dags/example_short_circuit_decorator.py took 0.058 seconds
[2024-11-26T14:36:22.340-0600] {processor.py:186} INFO - Started process (PID=19553) to work on /Users/beprathap/PycharmProjects/YouTube-airflow/airflow-venv/lib/python3.8/site-packages/airflow/example_dags/example_short_circuit_decorator.py
[2024-11-26T14:36:22.341-0600] {processor.py:914} INFO - Processing file /Users/beprathap/PycharmProjects/YouTube-airflow/airflow-venv/lib/python3.8/site-packages/airflow/example_dags/example_short_circuit_decorator.py for tasks to queue
[2024-11-26T14:36:22.342-0600] {logging_mixin.py:190} INFO - [2024-11-26T14:36:22.341-0600] {dagbag.py:588} INFO - Filling up the DagBag from /Users/beprathap/PycharmProjects/YouTube-airflow/airflow-venv/lib/python3.8/site-packages/airflow/example_dags/example_short_circuit_decorator.py
[2024-11-26T14:36:22.354-0600] {processor.py:925} INFO - DAG(s) 'example_short_circuit_decorator' retrieved from /Users/beprathap/PycharmProjects/YouTube-airflow/airflow-venv/lib/python3.8/site-packages/airflow/example_dags/example_short_circuit_decorator.py
[2024-11-26T14:36:22.389-0600] {logging_mixin.py:190} INFO - [2024-11-26T14:36:22.389-0600] {dag.py:3239} INFO - Sync 1 DAGs
[2024-11-26T14:36:22.393-0600] {logging_mixin.py:190} INFO - [2024-11-26T14:36:22.393-0600] {dag.py:4180} INFO - Setting next_dagrun for example_short_circuit_decorator to None, run_after=None
[2024-11-26T14:36:22.398-0600] {processor.py:208} INFO - Processing /Users/beprathap/PycharmProjects/YouTube-airflow/airflow-venv/lib/python3.8/site-packages/airflow/example_dags/example_short_circuit_decorator.py took 0.060 seconds
[2024-11-26T14:38:01.972-0600] {processor.py:186} INFO - Started process (PID=19726) to work on /Users/beprathap/PycharmProjects/YouTube-airflow/airflow-venv/lib/python3.8/site-packages/airflow/example_dags/example_short_circuit_decorator.py
[2024-11-26T14:38:01.972-0600] {processor.py:914} INFO - Processing file /Users/beprathap/PycharmProjects/YouTube-airflow/airflow-venv/lib/python3.8/site-packages/airflow/example_dags/example_short_circuit_decorator.py for tasks to queue
[2024-11-26T14:38:01.973-0600] {logging_mixin.py:190} INFO - [2024-11-26T14:38:01.973-0600] {dagbag.py:588} INFO - Filling up the DagBag from /Users/beprathap/PycharmProjects/YouTube-airflow/airflow-venv/lib/python3.8/site-packages/airflow/example_dags/example_short_circuit_decorator.py
[2024-11-26T14:38:01.984-0600] {processor.py:925} INFO - DAG(s) 'example_short_circuit_decorator' retrieved from /Users/beprathap/PycharmProjects/YouTube-airflow/airflow-venv/lib/python3.8/site-packages/airflow/example_dags/example_short_circuit_decorator.py
[2024-11-26T14:38:02.019-0600] {logging_mixin.py:190} INFO - [2024-11-26T14:38:02.019-0600] {dag.py:3239} INFO - Sync 1 DAGs
[2024-11-26T14:38:02.022-0600] {logging_mixin.py:190} INFO - [2024-11-26T14:38:02.022-0600] {dag.py:4180} INFO - Setting next_dagrun for example_short_circuit_decorator to None, run_after=None
[2024-11-26T14:38:02.028-0600] {processor.py:208} INFO - Processing /Users/beprathap/PycharmProjects/YouTube-airflow/airflow-venv/lib/python3.8/site-packages/airflow/example_dags/example_short_circuit_decorator.py took 0.057 seconds
[2024-11-26T14:40:21.016-0600] {processor.py:186} INFO - Started process (PID=19993) to work on /Users/beprathap/PycharmProjects/YouTube-airflow/airflow-venv/lib/python3.8/site-packages/airflow/example_dags/example_short_circuit_decorator.py
[2024-11-26T14:40:21.016-0600] {processor.py:914} INFO - Processing file /Users/beprathap/PycharmProjects/YouTube-airflow/airflow-venv/lib/python3.8/site-packages/airflow/example_dags/example_short_circuit_decorator.py for tasks to queue
[2024-11-26T14:40:21.017-0600] {logging_mixin.py:190} INFO - [2024-11-26T14:40:21.017-0600] {dagbag.py:588} INFO - Filling up the DagBag from /Users/beprathap/PycharmProjects/YouTube-airflow/airflow-venv/lib/python3.8/site-packages/airflow/example_dags/example_short_circuit_decorator.py
[2024-11-26T14:40:21.029-0600] {processor.py:925} INFO - DAG(s) 'example_short_circuit_decorator' retrieved from /Users/beprathap/PycharmProjects/YouTube-airflow/airflow-venv/lib/python3.8/site-packages/airflow/example_dags/example_short_circuit_decorator.py
[2024-11-26T14:40:21.065-0600] {logging_mixin.py:190} INFO - [2024-11-26T14:40:21.064-0600] {dag.py:3239} INFO - Sync 1 DAGs
[2024-11-26T14:40:21.068-0600] {logging_mixin.py:190} INFO - [2024-11-26T14:40:21.068-0600] {dag.py:4180} INFO - Setting next_dagrun for example_short_circuit_decorator to None, run_after=None
[2024-11-26T14:40:21.074-0600] {processor.py:208} INFO - Processing /Users/beprathap/PycharmProjects/YouTube-airflow/airflow-venv/lib/python3.8/site-packages/airflow/example_dags/example_short_circuit_decorator.py took 0.059 seconds
[2024-11-26T14:42:29.311-0600] {processor.py:186} INFO - Started process (PID=20228) to work on /Users/beprathap/PycharmProjects/YouTube-airflow/airflow-venv/lib/python3.8/site-packages/airflow/example_dags/example_short_circuit_decorator.py
[2024-11-26T14:42:29.311-0600] {processor.py:914} INFO - Processing file /Users/beprathap/PycharmProjects/YouTube-airflow/airflow-venv/lib/python3.8/site-packages/airflow/example_dags/example_short_circuit_decorator.py for tasks to queue
[2024-11-26T14:42:29.311-0600] {logging_mixin.py:190} INFO - [2024-11-26T14:42:29.311-0600] {dagbag.py:588} INFO - Filling up the DagBag from /Users/beprathap/PycharmProjects/YouTube-airflow/airflow-venv/lib/python3.8/site-packages/airflow/example_dags/example_short_circuit_decorator.py
[2024-11-26T14:42:29.327-0600] {processor.py:925} INFO - DAG(s) 'example_short_circuit_decorator' retrieved from /Users/beprathap/PycharmProjects/YouTube-airflow/airflow-venv/lib/python3.8/site-packages/airflow/example_dags/example_short_circuit_decorator.py
[2024-11-26T14:42:29.363-0600] {logging_mixin.py:190} INFO - [2024-11-26T14:42:29.363-0600] {dag.py:3239} INFO - Sync 1 DAGs
[2024-11-26T14:42:29.367-0600] {logging_mixin.py:190} INFO - [2024-11-26T14:42:29.367-0600] {dag.py:4180} INFO - Setting next_dagrun for example_short_circuit_decorator to None, run_after=None
[2024-11-26T14:42:29.372-0600] {processor.py:208} INFO - Processing /Users/beprathap/PycharmProjects/YouTube-airflow/airflow-venv/lib/python3.8/site-packages/airflow/example_dags/example_short_circuit_decorator.py took 0.063 seconds
[2024-11-26T14:44:43.899-0600] {processor.py:186} INFO - Started process (PID=20491) to work on /Users/beprathap/PycharmProjects/YouTube-airflow/airflow-venv/lib/python3.8/site-packages/airflow/example_dags/example_short_circuit_decorator.py
[2024-11-26T14:44:43.899-0600] {processor.py:914} INFO - Processing file /Users/beprathap/PycharmProjects/YouTube-airflow/airflow-venv/lib/python3.8/site-packages/airflow/example_dags/example_short_circuit_decorator.py for tasks to queue
[2024-11-26T14:44:43.899-0600] {logging_mixin.py:190} INFO - [2024-11-26T14:44:43.899-0600] {dagbag.py:588} INFO - Filling up the DagBag from /Users/beprathap/PycharmProjects/YouTube-airflow/airflow-venv/lib/python3.8/site-packages/airflow/example_dags/example_short_circuit_decorator.py
[2024-11-26T14:44:43.912-0600] {processor.py:925} INFO - DAG(s) 'example_short_circuit_decorator' retrieved from /Users/beprathap/PycharmProjects/YouTube-airflow/airflow-venv/lib/python3.8/site-packages/airflow/example_dags/example_short_circuit_decorator.py
[2024-11-26T14:44:43.948-0600] {logging_mixin.py:190} INFO - [2024-11-26T14:44:43.948-0600] {dag.py:3239} INFO - Sync 1 DAGs
[2024-11-26T14:44:43.951-0600] {logging_mixin.py:190} INFO - [2024-11-26T14:44:43.951-0600] {dag.py:4180} INFO - Setting next_dagrun for example_short_circuit_decorator to None, run_after=None
[2024-11-26T14:44:43.957-0600] {processor.py:208} INFO - Processing /Users/beprathap/PycharmProjects/YouTube-airflow/airflow-venv/lib/python3.8/site-packages/airflow/example_dags/example_short_circuit_decorator.py took 0.060 seconds
[2024-11-26T14:46:52.487-0600] {processor.py:186} INFO - Started process (PID=20742) to work on /Users/beprathap/PycharmProjects/YouTube-airflow/airflow-venv/lib/python3.8/site-packages/airflow/example_dags/example_short_circuit_decorator.py
[2024-11-26T14:46:52.488-0600] {processor.py:914} INFO - Processing file /Users/beprathap/PycharmProjects/YouTube-airflow/airflow-venv/lib/python3.8/site-packages/airflow/example_dags/example_short_circuit_decorator.py for tasks to queue
[2024-11-26T14:46:52.488-0600] {logging_mixin.py:190} INFO - [2024-11-26T14:46:52.488-0600] {dagbag.py:588} INFO - Filling up the DagBag from /Users/beprathap/PycharmProjects/YouTube-airflow/airflow-venv/lib/python3.8/site-packages/airflow/example_dags/example_short_circuit_decorator.py
[2024-11-26T14:46:52.500-0600] {processor.py:925} INFO - DAG(s) 'example_short_circuit_decorator' retrieved from /Users/beprathap/PycharmProjects/YouTube-airflow/airflow-venv/lib/python3.8/site-packages/airflow/example_dags/example_short_circuit_decorator.py
[2024-11-26T14:46:52.535-0600] {logging_mixin.py:190} INFO - [2024-11-26T14:46:52.535-0600] {dag.py:3239} INFO - Sync 1 DAGs
[2024-11-26T14:46:52.539-0600] {logging_mixin.py:190} INFO - [2024-11-26T14:46:52.538-0600] {dag.py:4180} INFO - Setting next_dagrun for example_short_circuit_decorator to None, run_after=None
[2024-11-26T14:46:52.544-0600] {processor.py:208} INFO - Processing /Users/beprathap/PycharmProjects/YouTube-airflow/airflow-venv/lib/python3.8/site-packages/airflow/example_dags/example_short_circuit_decorator.py took 0.058 seconds
[2024-11-26T14:49:11.500-0600] {processor.py:186} INFO - Started process (PID=21008) to work on /Users/beprathap/PycharmProjects/YouTube-airflow/airflow-venv/lib/python3.8/site-packages/airflow/example_dags/example_short_circuit_decorator.py
[2024-11-26T14:49:11.501-0600] {processor.py:914} INFO - Processing file /Users/beprathap/PycharmProjects/YouTube-airflow/airflow-venv/lib/python3.8/site-packages/airflow/example_dags/example_short_circuit_decorator.py for tasks to queue
[2024-11-26T14:49:11.501-0600] {logging_mixin.py:190} INFO - [2024-11-26T14:49:11.501-0600] {dagbag.py:588} INFO - Filling up the DagBag from /Users/beprathap/PycharmProjects/YouTube-airflow/airflow-venv/lib/python3.8/site-packages/airflow/example_dags/example_short_circuit_decorator.py
[2024-11-26T14:49:11.515-0600] {processor.py:925} INFO - DAG(s) 'example_short_circuit_decorator' retrieved from /Users/beprathap/PycharmProjects/YouTube-airflow/airflow-venv/lib/python3.8/site-packages/airflow/example_dags/example_short_circuit_decorator.py
[2024-11-26T14:49:11.554-0600] {logging_mixin.py:190} INFO - [2024-11-26T14:49:11.554-0600] {dag.py:3239} INFO - Sync 1 DAGs
[2024-11-26T14:49:11.557-0600] {logging_mixin.py:190} INFO - [2024-11-26T14:49:11.557-0600] {dag.py:4180} INFO - Setting next_dagrun for example_short_circuit_decorator to None, run_after=None
[2024-11-26T14:49:11.563-0600] {processor.py:208} INFO - Processing /Users/beprathap/PycharmProjects/YouTube-airflow/airflow-venv/lib/python3.8/site-packages/airflow/example_dags/example_short_circuit_decorator.py took 0.064 seconds
[2024-11-26T15:01:38.879-0600] {processor.py:186} INFO - Started process (PID=21368) to work on /Library/Frameworks/Python.framework/Versions/3.8/lib/python3.8/site-packages/airflow/example_dags/example_short_circuit_decorator.py
[2024-11-26T15:01:38.881-0600] {processor.py:914} INFO - Processing file /Library/Frameworks/Python.framework/Versions/3.8/lib/python3.8/site-packages/airflow/example_dags/example_short_circuit_decorator.py for tasks to queue
[2024-11-26T15:01:38.881-0600] {logging_mixin.py:190} INFO - [2024-11-26T15:01:38.881-0600] {dagbag.py:588} INFO - Filling up the DagBag from /Library/Frameworks/Python.framework/Versions/3.8/lib/python3.8/site-packages/airflow/example_dags/example_short_circuit_decorator.py
[2024-11-26T15:01:38.893-0600] {processor.py:925} INFO - DAG(s) 'example_short_circuit_decorator' retrieved from /Library/Frameworks/Python.framework/Versions/3.8/lib/python3.8/site-packages/airflow/example_dags/example_short_circuit_decorator.py
[2024-11-26T15:01:38.957-0600] {logging_mixin.py:190} INFO - [2024-11-26T15:01:38.956-0600] {dag.py:3239} INFO - Sync 1 DAGs
[2024-11-26T15:01:38.960-0600] {logging_mixin.py:190} INFO - [2024-11-26T15:01:38.960-0600] {dag.py:4180} INFO - Setting next_dagrun for example_short_circuit_decorator to None, run_after=None
[2024-11-26T15:01:38.966-0600] {processor.py:208} INFO - Processing /Library/Frameworks/Python.framework/Versions/3.8/lib/python3.8/site-packages/airflow/example_dags/example_short_circuit_decorator.py took 0.088 seconds
[2024-11-26T15:03:21.612-0600] {processor.py:186} INFO - Started process (PID=21564) to work on /Library/Frameworks/Python.framework/Versions/3.8/lib/python3.8/site-packages/airflow/example_dags/example_short_circuit_decorator.py
[2024-11-26T15:03:21.612-0600] {processor.py:914} INFO - Processing file /Library/Frameworks/Python.framework/Versions/3.8/lib/python3.8/site-packages/airflow/example_dags/example_short_circuit_decorator.py for tasks to queue
[2024-11-26T15:03:21.612-0600] {logging_mixin.py:190} INFO - [2024-11-26T15:03:21.612-0600] {dagbag.py:588} INFO - Filling up the DagBag from /Library/Frameworks/Python.framework/Versions/3.8/lib/python3.8/site-packages/airflow/example_dags/example_short_circuit_decorator.py
[2024-11-26T15:03:21.624-0600] {processor.py:925} INFO - DAG(s) 'example_short_circuit_decorator' retrieved from /Library/Frameworks/Python.framework/Versions/3.8/lib/python3.8/site-packages/airflow/example_dags/example_short_circuit_decorator.py
[2024-11-26T15:03:21.659-0600] {logging_mixin.py:190} INFO - [2024-11-26T15:03:21.658-0600] {dag.py:3239} INFO - Sync 1 DAGs
[2024-11-26T15:03:21.662-0600] {logging_mixin.py:190} INFO - [2024-11-26T15:03:21.662-0600] {dag.py:4180} INFO - Setting next_dagrun for example_short_circuit_decorator to None, run_after=None
[2024-11-26T15:03:21.667-0600] {processor.py:208} INFO - Processing /Library/Frameworks/Python.framework/Versions/3.8/lib/python3.8/site-packages/airflow/example_dags/example_short_circuit_decorator.py took 0.057 seconds
[2024-11-26T15:05:40.973-0600] {processor.py:186} INFO - Started process (PID=21811) to work on /Library/Frameworks/Python.framework/Versions/3.8/lib/python3.8/site-packages/airflow/example_dags/example_short_circuit_decorator.py
[2024-11-26T15:05:40.973-0600] {processor.py:914} INFO - Processing file /Library/Frameworks/Python.framework/Versions/3.8/lib/python3.8/site-packages/airflow/example_dags/example_short_circuit_decorator.py for tasks to queue
[2024-11-26T15:05:40.974-0600] {logging_mixin.py:190} INFO - [2024-11-26T15:05:40.974-0600] {dagbag.py:588} INFO - Filling up the DagBag from /Library/Frameworks/Python.framework/Versions/3.8/lib/python3.8/site-packages/airflow/example_dags/example_short_circuit_decorator.py
[2024-11-26T15:05:40.986-0600] {processor.py:925} INFO - DAG(s) 'example_short_circuit_decorator' retrieved from /Library/Frameworks/Python.framework/Versions/3.8/lib/python3.8/site-packages/airflow/example_dags/example_short_circuit_decorator.py
[2024-11-26T15:05:41.021-0600] {logging_mixin.py:190} INFO - [2024-11-26T15:05:41.021-0600] {dag.py:3239} INFO - Sync 1 DAGs
[2024-11-26T15:05:41.025-0600] {logging_mixin.py:190} INFO - [2024-11-26T15:05:41.025-0600] {dag.py:4180} INFO - Setting next_dagrun for example_short_circuit_decorator to None, run_after=None
[2024-11-26T15:05:41.030-0600] {processor.py:208} INFO - Processing /Library/Frameworks/Python.framework/Versions/3.8/lib/python3.8/site-packages/airflow/example_dags/example_short_circuit_decorator.py took 0.059 seconds
[2024-11-26T15:08:02.773-0600] {processor.py:186} INFO - Started process (PID=22114) to work on /Library/Frameworks/Python.framework/Versions/3.8/lib/python3.8/site-packages/airflow/example_dags/example_short_circuit_decorator.py
[2024-11-26T15:08:02.774-0600] {processor.py:914} INFO - Processing file /Library/Frameworks/Python.framework/Versions/3.8/lib/python3.8/site-packages/airflow/example_dags/example_short_circuit_decorator.py for tasks to queue
[2024-11-26T15:08:02.774-0600] {logging_mixin.py:190} INFO - [2024-11-26T15:08:02.774-0600] {dagbag.py:588} INFO - Filling up the DagBag from /Library/Frameworks/Python.framework/Versions/3.8/lib/python3.8/site-packages/airflow/example_dags/example_short_circuit_decorator.py
[2024-11-26T15:08:02.787-0600] {processor.py:925} INFO - DAG(s) 'example_short_circuit_decorator' retrieved from /Library/Frameworks/Python.framework/Versions/3.8/lib/python3.8/site-packages/airflow/example_dags/example_short_circuit_decorator.py
[2024-11-26T15:08:02.823-0600] {logging_mixin.py:190} INFO - [2024-11-26T15:08:02.823-0600] {dag.py:3239} INFO - Sync 1 DAGs
[2024-11-26T15:08:02.827-0600] {logging_mixin.py:190} INFO - [2024-11-26T15:08:02.827-0600] {dag.py:4180} INFO - Setting next_dagrun for example_short_circuit_decorator to None, run_after=None
[2024-11-26T15:08:02.832-0600] {processor.py:208} INFO - Processing /Library/Frameworks/Python.framework/Versions/3.8/lib/python3.8/site-packages/airflow/example_dags/example_short_circuit_decorator.py took 0.061 seconds
[2024-11-26T15:16:39.739-0600] {processor.py:186} INFO - Started process (PID=22372) to work on /Library/Frameworks/Python.framework/Versions/3.8/lib/python3.8/site-packages/airflow/example_dags/example_short_circuit_decorator.py
[2024-11-26T15:16:39.740-0600] {processor.py:914} INFO - Processing file /Library/Frameworks/Python.framework/Versions/3.8/lib/python3.8/site-packages/airflow/example_dags/example_short_circuit_decorator.py for tasks to queue
[2024-11-26T15:16:39.740-0600] {logging_mixin.py:190} INFO - [2024-11-26T15:16:39.740-0600] {dagbag.py:588} INFO - Filling up the DagBag from /Library/Frameworks/Python.framework/Versions/3.8/lib/python3.8/site-packages/airflow/example_dags/example_short_circuit_decorator.py
[2024-11-26T15:16:39.752-0600] {processor.py:925} INFO - DAG(s) 'example_short_circuit_decorator' retrieved from /Library/Frameworks/Python.framework/Versions/3.8/lib/python3.8/site-packages/airflow/example_dags/example_short_circuit_decorator.py
[2024-11-26T15:16:39.786-0600] {logging_mixin.py:190} INFO - [2024-11-26T15:16:39.786-0600] {dag.py:3239} INFO - Sync 1 DAGs
[2024-11-26T15:16:39.790-0600] {logging_mixin.py:190} INFO - [2024-11-26T15:16:39.790-0600] {dag.py:4180} INFO - Setting next_dagrun for example_short_circuit_decorator to None, run_after=None
[2024-11-26T15:16:39.795-0600] {processor.py:208} INFO - Processing /Library/Frameworks/Python.framework/Versions/3.8/lib/python3.8/site-packages/airflow/example_dags/example_short_circuit_decorator.py took 0.057 seconds
[2024-11-26T15:18:15.217-0600] {processor.py:186} INFO - Started process (PID=22568) to work on /Library/Frameworks/Python.framework/Versions/3.8/lib/python3.8/site-packages/airflow/example_dags/example_short_circuit_decorator.py
[2024-11-26T15:18:15.217-0600] {processor.py:914} INFO - Processing file /Library/Frameworks/Python.framework/Versions/3.8/lib/python3.8/site-packages/airflow/example_dags/example_short_circuit_decorator.py for tasks to queue
[2024-11-26T15:18:15.217-0600] {logging_mixin.py:190} INFO - [2024-11-26T15:18:15.217-0600] {dagbag.py:588} INFO - Filling up the DagBag from /Library/Frameworks/Python.framework/Versions/3.8/lib/python3.8/site-packages/airflow/example_dags/example_short_circuit_decorator.py
[2024-11-26T15:18:15.229-0600] {processor.py:925} INFO - DAG(s) 'example_short_circuit_decorator' retrieved from /Library/Frameworks/Python.framework/Versions/3.8/lib/python3.8/site-packages/airflow/example_dags/example_short_circuit_decorator.py
[2024-11-26T15:18:15.265-0600] {logging_mixin.py:190} INFO - [2024-11-26T15:18:15.265-0600] {dag.py:3239} INFO - Sync 1 DAGs
[2024-11-26T15:18:15.268-0600] {logging_mixin.py:190} INFO - [2024-11-26T15:18:15.268-0600] {dag.py:4180} INFO - Setting next_dagrun for example_short_circuit_decorator to None, run_after=None
[2024-11-26T15:18:15.274-0600] {processor.py:208} INFO - Processing /Library/Frameworks/Python.framework/Versions/3.8/lib/python3.8/site-packages/airflow/example_dags/example_short_circuit_decorator.py took 0.058 seconds
[2024-11-26T15:20:33.542-0600] {processor.py:186} INFO - Started process (PID=22830) to work on /Library/Frameworks/Python.framework/Versions/3.8/lib/python3.8/site-packages/airflow/example_dags/example_short_circuit_decorator.py
[2024-11-26T15:20:33.543-0600] {processor.py:914} INFO - Processing file /Library/Frameworks/Python.framework/Versions/3.8/lib/python3.8/site-packages/airflow/example_dags/example_short_circuit_decorator.py for tasks to queue
[2024-11-26T15:20:33.543-0600] {logging_mixin.py:190} INFO - [2024-11-26T15:20:33.543-0600] {dagbag.py:588} INFO - Filling up the DagBag from /Library/Frameworks/Python.framework/Versions/3.8/lib/python3.8/site-packages/airflow/example_dags/example_short_circuit_decorator.py
[2024-11-26T15:20:33.558-0600] {processor.py:925} INFO - DAG(s) 'example_short_circuit_decorator' retrieved from /Library/Frameworks/Python.framework/Versions/3.8/lib/python3.8/site-packages/airflow/example_dags/example_short_circuit_decorator.py
[2024-11-26T15:20:33.598-0600] {logging_mixin.py:190} INFO - [2024-11-26T15:20:33.598-0600] {dag.py:3239} INFO - Sync 1 DAGs
[2024-11-26T15:20:33.602-0600] {logging_mixin.py:190} INFO - [2024-11-26T15:20:33.602-0600] {dag.py:4180} INFO - Setting next_dagrun for example_short_circuit_decorator to None, run_after=None
[2024-11-26T15:20:33.608-0600] {processor.py:208} INFO - Processing /Library/Frameworks/Python.framework/Versions/3.8/lib/python3.8/site-packages/airflow/example_dags/example_short_circuit_decorator.py took 0.067 seconds
[2024-11-26T15:22:45.059-0600] {processor.py:186} INFO - Started process (PID=23096) to work on /Library/Frameworks/Python.framework/Versions/3.8/lib/python3.8/site-packages/airflow/example_dags/example_short_circuit_decorator.py
[2024-11-26T15:22:45.059-0600] {processor.py:914} INFO - Processing file /Library/Frameworks/Python.framework/Versions/3.8/lib/python3.8/site-packages/airflow/example_dags/example_short_circuit_decorator.py for tasks to queue
[2024-11-26T15:22:45.060-0600] {logging_mixin.py:190} INFO - [2024-11-26T15:22:45.060-0600] {dagbag.py:588} INFO - Filling up the DagBag from /Library/Frameworks/Python.framework/Versions/3.8/lib/python3.8/site-packages/airflow/example_dags/example_short_circuit_decorator.py
[2024-11-26T15:22:45.073-0600] {processor.py:925} INFO - DAG(s) 'example_short_circuit_decorator' retrieved from /Library/Frameworks/Python.framework/Versions/3.8/lib/python3.8/site-packages/airflow/example_dags/example_short_circuit_decorator.py
[2024-11-26T15:22:45.110-0600] {logging_mixin.py:190} INFO - [2024-11-26T15:22:45.109-0600] {dag.py:3239} INFO - Sync 1 DAGs
[2024-11-26T15:22:45.113-0600] {logging_mixin.py:190} INFO - [2024-11-26T15:22:45.113-0600] {dag.py:4180} INFO - Setting next_dagrun for example_short_circuit_decorator to None, run_after=None
[2024-11-26T15:22:45.119-0600] {processor.py:208} INFO - Processing /Library/Frameworks/Python.framework/Versions/3.8/lib/python3.8/site-packages/airflow/example_dags/example_short_circuit_decorator.py took 0.061 seconds
[2024-11-26T15:33:32.619-0600] {processor.py:186} INFO - Started process (PID=23478) to work on /Library/Frameworks/Python.framework/Versions/3.8/lib/python3.8/site-packages/airflow/example_dags/example_short_circuit_decorator.py
[2024-11-26T15:33:32.620-0600] {processor.py:914} INFO - Processing file /Library/Frameworks/Python.framework/Versions/3.8/lib/python3.8/site-packages/airflow/example_dags/example_short_circuit_decorator.py for tasks to queue
[2024-11-26T15:33:32.620-0600] {logging_mixin.py:190} INFO - [2024-11-26T15:33:32.620-0600] {dagbag.py:588} INFO - Filling up the DagBag from /Library/Frameworks/Python.framework/Versions/3.8/lib/python3.8/site-packages/airflow/example_dags/example_short_circuit_decorator.py
[2024-11-26T15:33:32.632-0600] {processor.py:925} INFO - DAG(s) 'example_short_circuit_decorator' retrieved from /Library/Frameworks/Python.framework/Versions/3.8/lib/python3.8/site-packages/airflow/example_dags/example_short_circuit_decorator.py
[2024-11-26T15:33:32.667-0600] {logging_mixin.py:190} INFO - [2024-11-26T15:33:32.667-0600] {dag.py:3239} INFO - Sync 1 DAGs
[2024-11-26T15:33:32.670-0600] {logging_mixin.py:190} INFO - [2024-11-26T15:33:32.670-0600] {dag.py:4180} INFO - Setting next_dagrun for example_short_circuit_decorator to None, run_after=None
[2024-11-26T15:33:32.675-0600] {processor.py:208} INFO - Processing /Library/Frameworks/Python.framework/Versions/3.8/lib/python3.8/site-packages/airflow/example_dags/example_short_circuit_decorator.py took 0.058 seconds
[2024-11-26T15:35:11.771-0600] {processor.py:186} INFO - Started process (PID=23669) to work on /Library/Frameworks/Python.framework/Versions/3.8/lib/python3.8/site-packages/airflow/example_dags/example_short_circuit_decorator.py
[2024-11-26T15:35:11.772-0600] {processor.py:914} INFO - Processing file /Library/Frameworks/Python.framework/Versions/3.8/lib/python3.8/site-packages/airflow/example_dags/example_short_circuit_decorator.py for tasks to queue
[2024-11-26T15:35:11.772-0600] {logging_mixin.py:190} INFO - [2024-11-26T15:35:11.772-0600] {dagbag.py:588} INFO - Filling up the DagBag from /Library/Frameworks/Python.framework/Versions/3.8/lib/python3.8/site-packages/airflow/example_dags/example_short_circuit_decorator.py
[2024-11-26T15:35:11.784-0600] {processor.py:925} INFO - DAG(s) 'example_short_circuit_decorator' retrieved from /Library/Frameworks/Python.framework/Versions/3.8/lib/python3.8/site-packages/airflow/example_dags/example_short_circuit_decorator.py
[2024-11-26T15:35:11.820-0600] {logging_mixin.py:190} INFO - [2024-11-26T15:35:11.820-0600] {dag.py:3239} INFO - Sync 1 DAGs
[2024-11-26T15:35:11.823-0600] {logging_mixin.py:190} INFO - [2024-11-26T15:35:11.823-0600] {dag.py:4180} INFO - Setting next_dagrun for example_short_circuit_decorator to None, run_after=None
[2024-11-26T15:35:11.829-0600] {processor.py:208} INFO - Processing /Library/Frameworks/Python.framework/Versions/3.8/lib/python3.8/site-packages/airflow/example_dags/example_short_circuit_decorator.py took 0.059 seconds
[2024-11-26T15:37:28.524-0600] {processor.py:186} INFO - Started process (PID=23929) to work on /Library/Frameworks/Python.framework/Versions/3.8/lib/python3.8/site-packages/airflow/example_dags/example_short_circuit_decorator.py
[2024-11-26T15:37:28.525-0600] {processor.py:914} INFO - Processing file /Library/Frameworks/Python.framework/Versions/3.8/lib/python3.8/site-packages/airflow/example_dags/example_short_circuit_decorator.py for tasks to queue
[2024-11-26T15:37:28.525-0600] {logging_mixin.py:190} INFO - [2024-11-26T15:37:28.525-0600] {dagbag.py:588} INFO - Filling up the DagBag from /Library/Frameworks/Python.framework/Versions/3.8/lib/python3.8/site-packages/airflow/example_dags/example_short_circuit_decorator.py
[2024-11-26T15:37:28.538-0600] {processor.py:925} INFO - DAG(s) 'example_short_circuit_decorator' retrieved from /Library/Frameworks/Python.framework/Versions/3.8/lib/python3.8/site-packages/airflow/example_dags/example_short_circuit_decorator.py
[2024-11-26T15:37:28.573-0600] {logging_mixin.py:190} INFO - [2024-11-26T15:37:28.573-0600] {dag.py:3239} INFO - Sync 1 DAGs
[2024-11-26T15:37:28.577-0600] {logging_mixin.py:190} INFO - [2024-11-26T15:37:28.577-0600] {dag.py:4180} INFO - Setting next_dagrun for example_short_circuit_decorator to None, run_after=None
[2024-11-26T15:37:28.583-0600] {processor.py:208} INFO - Processing /Library/Frameworks/Python.framework/Versions/3.8/lib/python3.8/site-packages/airflow/example_dags/example_short_circuit_decorator.py took 0.059 seconds
[2024-11-26T15:39:39.910-0600] {processor.py:186} INFO - Started process (PID=24178) to work on /Library/Frameworks/Python.framework/Versions/3.8/lib/python3.8/site-packages/airflow/example_dags/example_short_circuit_decorator.py
[2024-11-26T15:39:39.910-0600] {processor.py:914} INFO - Processing file /Library/Frameworks/Python.framework/Versions/3.8/lib/python3.8/site-packages/airflow/example_dags/example_short_circuit_decorator.py for tasks to queue
[2024-11-26T15:39:39.910-0600] {logging_mixin.py:190} INFO - [2024-11-26T15:39:39.910-0600] {dagbag.py:588} INFO - Filling up the DagBag from /Library/Frameworks/Python.framework/Versions/3.8/lib/python3.8/site-packages/airflow/example_dags/example_short_circuit_decorator.py
[2024-11-26T15:39:39.926-0600] {processor.py:925} INFO - DAG(s) 'example_short_circuit_decorator' retrieved from /Library/Frameworks/Python.framework/Versions/3.8/lib/python3.8/site-packages/airflow/example_dags/example_short_circuit_decorator.py
[2024-11-26T15:39:39.965-0600] {logging_mixin.py:190} INFO - [2024-11-26T15:39:39.965-0600] {dag.py:3239} INFO - Sync 1 DAGs
[2024-11-26T15:39:39.969-0600] {logging_mixin.py:190} INFO - [2024-11-26T15:39:39.969-0600] {dag.py:4180} INFO - Setting next_dagrun for example_short_circuit_decorator to None, run_after=None
[2024-11-26T15:39:39.976-0600] {processor.py:208} INFO - Processing /Library/Frameworks/Python.framework/Versions/3.8/lib/python3.8/site-packages/airflow/example_dags/example_short_circuit_decorator.py took 0.067 seconds
[2024-11-26T15:41:57.654-0600] {processor.py:186} INFO - Started process (PID=24433) to work on /Library/Frameworks/Python.framework/Versions/3.8/lib/python3.8/site-packages/airflow/example_dags/example_short_circuit_decorator.py
[2024-11-26T15:41:57.655-0600] {processor.py:914} INFO - Processing file /Library/Frameworks/Python.framework/Versions/3.8/lib/python3.8/site-packages/airflow/example_dags/example_short_circuit_decorator.py for tasks to queue
[2024-11-26T15:41:57.655-0600] {logging_mixin.py:190} INFO - [2024-11-26T15:41:57.655-0600] {dagbag.py:588} INFO - Filling up the DagBag from /Library/Frameworks/Python.framework/Versions/3.8/lib/python3.8/site-packages/airflow/example_dags/example_short_circuit_decorator.py
[2024-11-26T15:41:57.668-0600] {processor.py:925} INFO - DAG(s) 'example_short_circuit_decorator' retrieved from /Library/Frameworks/Python.framework/Versions/3.8/lib/python3.8/site-packages/airflow/example_dags/example_short_circuit_decorator.py
[2024-11-26T15:41:57.703-0600] {logging_mixin.py:190} INFO - [2024-11-26T15:41:57.703-0600] {dag.py:3239} INFO - Sync 1 DAGs
[2024-11-26T15:41:57.707-0600] {logging_mixin.py:190} INFO - [2024-11-26T15:41:57.707-0600] {dag.py:4180} INFO - Setting next_dagrun for example_short_circuit_decorator to None, run_after=None
[2024-11-26T15:41:57.712-0600] {processor.py:208} INFO - Processing /Library/Frameworks/Python.framework/Versions/3.8/lib/python3.8/site-packages/airflow/example_dags/example_short_circuit_decorator.py took 0.059 seconds
[2024-11-26T15:44:14.483-0600] {processor.py:186} INFO - Started process (PID=24688) to work on /Library/Frameworks/Python.framework/Versions/3.8/lib/python3.8/site-packages/airflow/example_dags/example_short_circuit_decorator.py
[2024-11-26T15:44:14.484-0600] {processor.py:914} INFO - Processing file /Library/Frameworks/Python.framework/Versions/3.8/lib/python3.8/site-packages/airflow/example_dags/example_short_circuit_decorator.py for tasks to queue
[2024-11-26T15:44:14.484-0600] {logging_mixin.py:190} INFO - [2024-11-26T15:44:14.484-0600] {dagbag.py:588} INFO - Filling up the DagBag from /Library/Frameworks/Python.framework/Versions/3.8/lib/python3.8/site-packages/airflow/example_dags/example_short_circuit_decorator.py
[2024-11-26T15:44:14.496-0600] {processor.py:925} INFO - DAG(s) 'example_short_circuit_decorator' retrieved from /Library/Frameworks/Python.framework/Versions/3.8/lib/python3.8/site-packages/airflow/example_dags/example_short_circuit_decorator.py
[2024-11-26T15:44:14.532-0600] {logging_mixin.py:190} INFO - [2024-11-26T15:44:14.532-0600] {dag.py:3239} INFO - Sync 1 DAGs
[2024-11-26T15:44:14.536-0600] {logging_mixin.py:190} INFO - [2024-11-26T15:44:14.536-0600] {dag.py:4180} INFO - Setting next_dagrun for example_short_circuit_decorator to None, run_after=None
[2024-11-26T15:44:14.542-0600] {processor.py:208} INFO - Processing /Library/Frameworks/Python.framework/Versions/3.8/lib/python3.8/site-packages/airflow/example_dags/example_short_circuit_decorator.py took 0.060 seconds
[2024-11-26T15:46:30.959-0600] {processor.py:186} INFO - Started process (PID=24937) to work on /Library/Frameworks/Python.framework/Versions/3.8/lib/python3.8/site-packages/airflow/example_dags/example_short_circuit_decorator.py
[2024-11-26T15:46:30.960-0600] {processor.py:914} INFO - Processing file /Library/Frameworks/Python.framework/Versions/3.8/lib/python3.8/site-packages/airflow/example_dags/example_short_circuit_decorator.py for tasks to queue
[2024-11-26T15:46:30.960-0600] {logging_mixin.py:190} INFO - [2024-11-26T15:46:30.960-0600] {dagbag.py:588} INFO - Filling up the DagBag from /Library/Frameworks/Python.framework/Versions/3.8/lib/python3.8/site-packages/airflow/example_dags/example_short_circuit_decorator.py
[2024-11-26T15:46:30.973-0600] {processor.py:925} INFO - DAG(s) 'example_short_circuit_decorator' retrieved from /Library/Frameworks/Python.framework/Versions/3.8/lib/python3.8/site-packages/airflow/example_dags/example_short_circuit_decorator.py
[2024-11-26T15:46:31.010-0600] {logging_mixin.py:190} INFO - [2024-11-26T15:46:31.010-0600] {dag.py:3239} INFO - Sync 1 DAGs
[2024-11-26T15:46:31.014-0600] {logging_mixin.py:190} INFO - [2024-11-26T15:46:31.014-0600] {dag.py:4180} INFO - Setting next_dagrun for example_short_circuit_decorator to None, run_after=None
[2024-11-26T15:46:31.019-0600] {processor.py:208} INFO - Processing /Library/Frameworks/Python.framework/Versions/3.8/lib/python3.8/site-packages/airflow/example_dags/example_short_circuit_decorator.py took 0.062 seconds
[2024-11-26T15:48:42.350-0600] {processor.py:186} INFO - Started process (PID=25192) to work on /Library/Frameworks/Python.framework/Versions/3.8/lib/python3.8/site-packages/airflow/example_dags/example_short_circuit_decorator.py
[2024-11-26T15:48:42.351-0600] {processor.py:914} INFO - Processing file /Library/Frameworks/Python.framework/Versions/3.8/lib/python3.8/site-packages/airflow/example_dags/example_short_circuit_decorator.py for tasks to queue
[2024-11-26T15:48:42.352-0600] {logging_mixin.py:190} INFO - [2024-11-26T15:48:42.352-0600] {dagbag.py:588} INFO - Filling up the DagBag from /Library/Frameworks/Python.framework/Versions/3.8/lib/python3.8/site-packages/airflow/example_dags/example_short_circuit_decorator.py
[2024-11-26T15:48:42.364-0600] {processor.py:925} INFO - DAG(s) 'example_short_circuit_decorator' retrieved from /Library/Frameworks/Python.framework/Versions/3.8/lib/python3.8/site-packages/airflow/example_dags/example_short_circuit_decorator.py
[2024-11-26T15:48:42.400-0600] {logging_mixin.py:190} INFO - [2024-11-26T15:48:42.400-0600] {dag.py:3239} INFO - Sync 1 DAGs
[2024-11-26T15:48:42.404-0600] {logging_mixin.py:190} INFO - [2024-11-26T15:48:42.404-0600] {dag.py:4180} INFO - Setting next_dagrun for example_short_circuit_decorator to None, run_after=None
[2024-11-26T15:48:42.409-0600] {processor.py:208} INFO - Processing /Library/Frameworks/Python.framework/Versions/3.8/lib/python3.8/site-packages/airflow/example_dags/example_short_circuit_decorator.py took 0.060 seconds
[2024-11-26T15:50:55.226-0600] {processor.py:186} INFO - Started process (PID=25454) to work on /Library/Frameworks/Python.framework/Versions/3.8/lib/python3.8/site-packages/airflow/example_dags/example_short_circuit_decorator.py
[2024-11-26T15:50:55.226-0600] {processor.py:914} INFO - Processing file /Library/Frameworks/Python.framework/Versions/3.8/lib/python3.8/site-packages/airflow/example_dags/example_short_circuit_decorator.py for tasks to queue
[2024-11-26T15:50:55.226-0600] {logging_mixin.py:190} INFO - [2024-11-26T15:50:55.226-0600] {dagbag.py:588} INFO - Filling up the DagBag from /Library/Frameworks/Python.framework/Versions/3.8/lib/python3.8/site-packages/airflow/example_dags/example_short_circuit_decorator.py
[2024-11-26T15:50:55.239-0600] {processor.py:925} INFO - DAG(s) 'example_short_circuit_decorator' retrieved from /Library/Frameworks/Python.framework/Versions/3.8/lib/python3.8/site-packages/airflow/example_dags/example_short_circuit_decorator.py
[2024-11-26T15:50:55.274-0600] {logging_mixin.py:190} INFO - [2024-11-26T15:50:55.274-0600] {dag.py:3239} INFO - Sync 1 DAGs
[2024-11-26T15:50:55.278-0600] {logging_mixin.py:190} INFO - [2024-11-26T15:50:55.278-0600] {dag.py:4180} INFO - Setting next_dagrun for example_short_circuit_decorator to None, run_after=None
[2024-11-26T15:50:55.283-0600] {processor.py:208} INFO - Processing /Library/Frameworks/Python.framework/Versions/3.8/lib/python3.8/site-packages/airflow/example_dags/example_short_circuit_decorator.py took 0.059 seconds
[2024-11-26T15:53:09.509-0600] {processor.py:186} INFO - Started process (PID=25707) to work on /Library/Frameworks/Python.framework/Versions/3.8/lib/python3.8/site-packages/airflow/example_dags/example_short_circuit_decorator.py
[2024-11-26T15:53:09.510-0600] {processor.py:914} INFO - Processing file /Library/Frameworks/Python.framework/Versions/3.8/lib/python3.8/site-packages/airflow/example_dags/example_short_circuit_decorator.py for tasks to queue
[2024-11-26T15:53:09.510-0600] {logging_mixin.py:190} INFO - [2024-11-26T15:53:09.510-0600] {dagbag.py:588} INFO - Filling up the DagBag from /Library/Frameworks/Python.framework/Versions/3.8/lib/python3.8/site-packages/airflow/example_dags/example_short_circuit_decorator.py
[2024-11-26T15:53:09.522-0600] {processor.py:925} INFO - DAG(s) 'example_short_circuit_decorator' retrieved from /Library/Frameworks/Python.framework/Versions/3.8/lib/python3.8/site-packages/airflow/example_dags/example_short_circuit_decorator.py
[2024-11-26T15:53:09.557-0600] {logging_mixin.py:190} INFO - [2024-11-26T15:53:09.557-0600] {dag.py:3239} INFO - Sync 1 DAGs
[2024-11-26T15:53:09.561-0600] {logging_mixin.py:190} INFO - [2024-11-26T15:53:09.561-0600] {dag.py:4180} INFO - Setting next_dagrun for example_short_circuit_decorator to None, run_after=None
[2024-11-26T15:53:09.566-0600] {processor.py:208} INFO - Processing /Library/Frameworks/Python.framework/Versions/3.8/lib/python3.8/site-packages/airflow/example_dags/example_short_circuit_decorator.py took 0.058 seconds
[2024-11-26T15:54:24.501-0600] {processor.py:186} INFO - Started process (PID=25839) to work on /Library/Frameworks/Python.framework/Versions/3.8/lib/python3.8/site-packages/airflow/example_dags/example_short_circuit_decorator.py
[2024-11-26T15:54:24.502-0600] {processor.py:914} INFO - Processing file /Library/Frameworks/Python.framework/Versions/3.8/lib/python3.8/site-packages/airflow/example_dags/example_short_circuit_decorator.py for tasks to queue
[2024-11-26T15:54:24.502-0600] {logging_mixin.py:190} INFO - [2024-11-26T15:54:24.502-0600] {dagbag.py:588} INFO - Filling up the DagBag from /Library/Frameworks/Python.framework/Versions/3.8/lib/python3.8/site-packages/airflow/example_dags/example_short_circuit_decorator.py
[2024-11-26T15:54:24.516-0600] {processor.py:925} INFO - DAG(s) 'example_short_circuit_decorator' retrieved from /Library/Frameworks/Python.framework/Versions/3.8/lib/python3.8/site-packages/airflow/example_dags/example_short_circuit_decorator.py
[2024-11-26T15:54:24.553-0600] {logging_mixin.py:190} INFO - [2024-11-26T15:54:24.552-0600] {dag.py:3239} INFO - Sync 1 DAGs
[2024-11-26T15:54:24.556-0600] {logging_mixin.py:190} INFO - [2024-11-26T15:54:24.556-0600] {dag.py:4180} INFO - Setting next_dagrun for example_short_circuit_decorator to None, run_after=None
[2024-11-26T15:54:24.562-0600] {processor.py:208} INFO - Processing /Library/Frameworks/Python.framework/Versions/3.8/lib/python3.8/site-packages/airflow/example_dags/example_short_circuit_decorator.py took 0.062 seconds
[2024-11-26T15:55:34.375-0600] {processor.py:186} INFO - Started process (PID=25978) to work on /Library/Frameworks/Python.framework/Versions/3.8/lib/python3.8/site-packages/airflow/example_dags/example_short_circuit_decorator.py
[2024-11-26T15:55:34.376-0600] {processor.py:914} INFO - Processing file /Library/Frameworks/Python.framework/Versions/3.8/lib/python3.8/site-packages/airflow/example_dags/example_short_circuit_decorator.py for tasks to queue
[2024-11-26T15:55:34.377-0600] {logging_mixin.py:190} INFO - [2024-11-26T15:55:34.376-0600] {dagbag.py:588} INFO - Filling up the DagBag from /Library/Frameworks/Python.framework/Versions/3.8/lib/python3.8/site-packages/airflow/example_dags/example_short_circuit_decorator.py
[2024-11-26T15:55:34.390-0600] {processor.py:925} INFO - DAG(s) 'example_short_circuit_decorator' retrieved from /Library/Frameworks/Python.framework/Versions/3.8/lib/python3.8/site-packages/airflow/example_dags/example_short_circuit_decorator.py
[2024-11-26T15:55:34.426-0600] {logging_mixin.py:190} INFO - [2024-11-26T15:55:34.426-0600] {dag.py:3239} INFO - Sync 1 DAGs
[2024-11-26T15:55:34.430-0600] {logging_mixin.py:190} INFO - [2024-11-26T15:55:34.430-0600] {dag.py:4180} INFO - Setting next_dagrun for example_short_circuit_decorator to None, run_after=None
[2024-11-26T15:55:34.435-0600] {processor.py:208} INFO - Processing /Library/Frameworks/Python.framework/Versions/3.8/lib/python3.8/site-packages/airflow/example_dags/example_short_circuit_decorator.py took 0.062 seconds
[2024-11-26T15:57:55.483-0600] {processor.py:186} INFO - Started process (PID=26280) to work on /Library/Frameworks/Python.framework/Versions/3.8/lib/python3.8/site-packages/airflow/example_dags/example_short_circuit_decorator.py
[2024-11-26T15:57:55.485-0600] {processor.py:914} INFO - Processing file /Library/Frameworks/Python.framework/Versions/3.8/lib/python3.8/site-packages/airflow/example_dags/example_short_circuit_decorator.py for tasks to queue
[2024-11-26T15:57:55.485-0600] {logging_mixin.py:190} INFO - [2024-11-26T15:57:55.485-0600] {dagbag.py:588} INFO - Filling up the DagBag from /Library/Frameworks/Python.framework/Versions/3.8/lib/python3.8/site-packages/airflow/example_dags/example_short_circuit_decorator.py
[2024-11-26T15:57:55.497-0600] {processor.py:925} INFO - DAG(s) 'example_short_circuit_decorator' retrieved from /Library/Frameworks/Python.framework/Versions/3.8/lib/python3.8/site-packages/airflow/example_dags/example_short_circuit_decorator.py
[2024-11-26T15:57:55.532-0600] {logging_mixin.py:190} INFO - [2024-11-26T15:57:55.532-0600] {dag.py:3239} INFO - Sync 1 DAGs
[2024-11-26T15:57:55.536-0600] {logging_mixin.py:190} INFO - [2024-11-26T15:57:55.536-0600] {dag.py:4180} INFO - Setting next_dagrun for example_short_circuit_decorator to None, run_after=None
[2024-11-26T15:57:55.541-0600] {processor.py:208} INFO - Processing /Library/Frameworks/Python.framework/Versions/3.8/lib/python3.8/site-packages/airflow/example_dags/example_short_circuit_decorator.py took 0.059 seconds
[2024-11-26T16:00:09.851-0600] {processor.py:186} INFO - Started process (PID=26564) to work on /Library/Frameworks/Python.framework/Versions/3.8/lib/python3.8/site-packages/airflow/example_dags/example_short_circuit_decorator.py
[2024-11-26T16:00:09.852-0600] {processor.py:914} INFO - Processing file /Library/Frameworks/Python.framework/Versions/3.8/lib/python3.8/site-packages/airflow/example_dags/example_short_circuit_decorator.py for tasks to queue
[2024-11-26T16:00:09.853-0600] {logging_mixin.py:190} INFO - [2024-11-26T16:00:09.853-0600] {dagbag.py:588} INFO - Filling up the DagBag from /Library/Frameworks/Python.framework/Versions/3.8/lib/python3.8/site-packages/airflow/example_dags/example_short_circuit_decorator.py
[2024-11-26T16:00:09.865-0600] {processor.py:925} INFO - DAG(s) 'example_short_circuit_decorator' retrieved from /Library/Frameworks/Python.framework/Versions/3.8/lib/python3.8/site-packages/airflow/example_dags/example_short_circuit_decorator.py
[2024-11-26T16:00:09.900-0600] {logging_mixin.py:190} INFO - [2024-11-26T16:00:09.900-0600] {dag.py:3239} INFO - Sync 1 DAGs
[2024-11-26T16:00:09.903-0600] {logging_mixin.py:190} INFO - [2024-11-26T16:00:09.903-0600] {dag.py:4180} INFO - Setting next_dagrun for example_short_circuit_decorator to None, run_after=None
[2024-11-26T16:00:09.908-0600] {processor.py:208} INFO - Processing /Library/Frameworks/Python.framework/Versions/3.8/lib/python3.8/site-packages/airflow/example_dags/example_short_circuit_decorator.py took 0.059 seconds
[2024-11-26T16:02:23.004-0600] {processor.py:186} INFO - Started process (PID=26820) to work on /Library/Frameworks/Python.framework/Versions/3.8/lib/python3.8/site-packages/airflow/example_dags/example_short_circuit_decorator.py
[2024-11-26T16:02:23.004-0600] {processor.py:914} INFO - Processing file /Library/Frameworks/Python.framework/Versions/3.8/lib/python3.8/site-packages/airflow/example_dags/example_short_circuit_decorator.py for tasks to queue
[2024-11-26T16:02:23.005-0600] {logging_mixin.py:190} INFO - [2024-11-26T16:02:23.005-0600] {dagbag.py:588} INFO - Filling up the DagBag from /Library/Frameworks/Python.framework/Versions/3.8/lib/python3.8/site-packages/airflow/example_dags/example_short_circuit_decorator.py
[2024-11-26T16:02:23.018-0600] {processor.py:925} INFO - DAG(s) 'example_short_circuit_decorator' retrieved from /Library/Frameworks/Python.framework/Versions/3.8/lib/python3.8/site-packages/airflow/example_dags/example_short_circuit_decorator.py
[2024-11-26T16:02:23.053-0600] {logging_mixin.py:190} INFO - [2024-11-26T16:02:23.053-0600] {dag.py:3239} INFO - Sync 1 DAGs
[2024-11-26T16:02:23.056-0600] {logging_mixin.py:190} INFO - [2024-11-26T16:02:23.056-0600] {dag.py:4180} INFO - Setting next_dagrun for example_short_circuit_decorator to None, run_after=None
[2024-11-26T16:02:23.061-0600] {processor.py:208} INFO - Processing /Library/Frameworks/Python.framework/Versions/3.8/lib/python3.8/site-packages/airflow/example_dags/example_short_circuit_decorator.py took 0.059 seconds
[2024-11-26T16:04:39.272-0600] {processor.py:186} INFO - Started process (PID=27071) to work on /Library/Frameworks/Python.framework/Versions/3.8/lib/python3.8/site-packages/airflow/example_dags/example_short_circuit_decorator.py
[2024-11-26T16:04:39.273-0600] {processor.py:914} INFO - Processing file /Library/Frameworks/Python.framework/Versions/3.8/lib/python3.8/site-packages/airflow/example_dags/example_short_circuit_decorator.py for tasks to queue
[2024-11-26T16:04:39.273-0600] {logging_mixin.py:190} INFO - [2024-11-26T16:04:39.273-0600] {dagbag.py:588} INFO - Filling up the DagBag from /Library/Frameworks/Python.framework/Versions/3.8/lib/python3.8/site-packages/airflow/example_dags/example_short_circuit_decorator.py
[2024-11-26T16:04:39.285-0600] {processor.py:925} INFO - DAG(s) 'example_short_circuit_decorator' retrieved from /Library/Frameworks/Python.framework/Versions/3.8/lib/python3.8/site-packages/airflow/example_dags/example_short_circuit_decorator.py
[2024-11-26T16:04:39.320-0600] {logging_mixin.py:190} INFO - [2024-11-26T16:04:39.320-0600] {dag.py:3239} INFO - Sync 1 DAGs
[2024-11-26T16:04:39.324-0600] {logging_mixin.py:190} INFO - [2024-11-26T16:04:39.324-0600] {dag.py:4180} INFO - Setting next_dagrun for example_short_circuit_decorator to None, run_after=None
[2024-11-26T16:04:39.329-0600] {processor.py:208} INFO - Processing /Library/Frameworks/Python.framework/Versions/3.8/lib/python3.8/site-packages/airflow/example_dags/example_short_circuit_decorator.py took 0.059 seconds
[2024-11-26T16:42:06.411-0600] {processor.py:186} INFO - Started process (PID=27323) to work on /Library/Frameworks/Python.framework/Versions/3.8/lib/python3.8/site-packages/airflow/example_dags/example_short_circuit_decorator.py
[2024-11-26T16:42:06.411-0600] {processor.py:914} INFO - Processing file /Library/Frameworks/Python.framework/Versions/3.8/lib/python3.8/site-packages/airflow/example_dags/example_short_circuit_decorator.py for tasks to queue
[2024-11-26T16:42:06.412-0600] {logging_mixin.py:190} INFO - [2024-11-26T16:42:06.411-0600] {dagbag.py:588} INFO - Filling up the DagBag from /Library/Frameworks/Python.framework/Versions/3.8/lib/python3.8/site-packages/airflow/example_dags/example_short_circuit_decorator.py
[2024-11-26T16:42:06.424-0600] {processor.py:925} INFO - DAG(s) 'example_short_circuit_decorator' retrieved from /Library/Frameworks/Python.framework/Versions/3.8/lib/python3.8/site-packages/airflow/example_dags/example_short_circuit_decorator.py
[2024-11-26T16:42:06.457-0600] {logging_mixin.py:190} INFO - [2024-11-26T16:42:06.456-0600] {dag.py:3239} INFO - Sync 1 DAGs
[2024-11-26T16:42:06.460-0600] {logging_mixin.py:190} INFO - [2024-11-26T16:42:06.460-0600] {dag.py:4180} INFO - Setting next_dagrun for example_short_circuit_decorator to None, run_after=None
[2024-11-26T16:42:06.465-0600] {processor.py:208} INFO - Processing /Library/Frameworks/Python.framework/Versions/3.8/lib/python3.8/site-packages/airflow/example_dags/example_short_circuit_decorator.py took 0.055 seconds
[2024-11-26T17:20:43.395-0600] {processor.py:186} INFO - Started process (PID=27453) to work on /Library/Frameworks/Python.framework/Versions/3.8/lib/python3.8/site-packages/airflow/example_dags/example_short_circuit_decorator.py
[2024-11-26T17:20:43.395-0600] {processor.py:914} INFO - Processing file /Library/Frameworks/Python.framework/Versions/3.8/lib/python3.8/site-packages/airflow/example_dags/example_short_circuit_decorator.py for tasks to queue
[2024-11-26T17:20:43.395-0600] {logging_mixin.py:190} INFO - [2024-11-26T17:20:43.395-0600] {dagbag.py:588} INFO - Filling up the DagBag from /Library/Frameworks/Python.framework/Versions/3.8/lib/python3.8/site-packages/airflow/example_dags/example_short_circuit_decorator.py
[2024-11-26T17:20:43.407-0600] {processor.py:925} INFO - DAG(s) 'example_short_circuit_decorator' retrieved from /Library/Frameworks/Python.framework/Versions/3.8/lib/python3.8/site-packages/airflow/example_dags/example_short_circuit_decorator.py
[2024-11-26T17:20:43.440-0600] {logging_mixin.py:190} INFO - [2024-11-26T17:20:43.440-0600] {dag.py:3239} INFO - Sync 1 DAGs
[2024-11-26T17:20:43.443-0600] {logging_mixin.py:190} INFO - [2024-11-26T17:20:43.443-0600] {dag.py:4180} INFO - Setting next_dagrun for example_short_circuit_decorator to None, run_after=None
[2024-11-26T17:20:43.448-0600] {processor.py:208} INFO - Processing /Library/Frameworks/Python.framework/Versions/3.8/lib/python3.8/site-packages/airflow/example_dags/example_short_circuit_decorator.py took 0.055 seconds
