[2024-11-26T14:18:43.712-0600] {processor.py:186} INFO - Started process (PID=17954) to work on /Users/beprathap/PycharmProjects/YouTube-airflow/airflow-venv/lib/python3.8/site-packages/airflow/example_dags/example_complex.py
[2024-11-26T14:18:43.713-0600] {processor.py:914} INFO - Processing file /Users/beprathap/PycharmProjects/YouTube-airflow/airflow-venv/lib/python3.8/site-packages/airflow/example_dags/example_complex.py for tasks to queue
[2024-11-26T14:18:43.713-0600] {logging_mixin.py:190} INFO - [2024-11-26T14:18:43.713-0600] {dagbag.py:588} INFO - Filling up the DagBag from /Users/beprathap/PycharmProjects/YouTube-airflow/airflow-venv/lib/python3.8/site-packages/airflow/example_dags/example_complex.py
[2024-11-26T14:18:43.717-0600] {processor.py:925} INFO - DAG(s) 'example_complex' retrieved from /Users/beprathap/PycharmProjects/YouTube-airflow/airflow-venv/lib/python3.8/site-packages/airflow/example_dags/example_complex.py
[2024-11-26T14:18:43.783-0600] {logging_mixin.py:190} INFO - [2024-11-26T14:18:43.783-0600] {override.py:1901} INFO - Created Permission View: can delete on DAG:example_complex
[2024-11-26T14:18:43.786-0600] {logging_mixin.py:190} INFO - [2024-11-26T14:18:43.786-0600] {override.py:1901} INFO - Created Permission View: can edit on DAG:example_complex
[2024-11-26T14:18:43.787-0600] {logging_mixin.py:190} INFO - [2024-11-26T14:18:43.787-0600] {override.py:1901} INFO - Created Permission View: can read on DAG:example_complex
[2024-11-26T14:18:43.789-0600] {logging_mixin.py:190} INFO - [2024-11-26T14:18:43.789-0600] {override.py:1901} INFO - Created Permission View: can delete on DAG Run:example_complex
[2024-11-26T14:18:43.791-0600] {logging_mixin.py:190} INFO - [2024-11-26T14:18:43.791-0600] {override.py:1901} INFO - Created Permission View: can read on DAG Run:example_complex
[2024-11-26T14:18:43.792-0600] {logging_mixin.py:190} INFO - [2024-11-26T14:18:43.792-0600] {override.py:1901} INFO - Created Permission View: menu access on DAG Run:example_complex
[2024-11-26T14:18:43.794-0600] {logging_mixin.py:190} INFO - [2024-11-26T14:18:43.793-0600] {override.py:1901} INFO - Created Permission View: can create on DAG Run:example_complex
[2024-11-26T14:18:43.794-0600] {logging_mixin.py:190} INFO - [2024-11-26T14:18:43.794-0600] {dag.py:3239} INFO - Sync 1 DAGs
[2024-11-26T14:18:43.797-0600] {logging_mixin.py:190} INFO - [2024-11-26T14:18:43.797-0600] {dag.py:3262} INFO - Creating ORM DAG for example_complex
[2024-11-26T14:18:43.797-0600] {logging_mixin.py:190} INFO - [2024-11-26T14:18:43.797-0600] {dag.py:4180} INFO - Setting next_dagrun for example_complex to None, run_after=None
[2024-11-26T14:18:43.802-0600] {processor.py:208} INFO - Processing /Users/beprathap/PycharmProjects/YouTube-airflow/airflow-venv/lib/python3.8/site-packages/airflow/example_dags/example_complex.py took 0.091 seconds
[2024-11-26T14:20:59.784-0600] {processor.py:186} INFO - Started process (PID=18203) to work on /Users/beprathap/PycharmProjects/YouTube-airflow/airflow-venv/lib/python3.8/site-packages/airflow/example_dags/example_complex.py
[2024-11-26T14:20:59.784-0600] {processor.py:914} INFO - Processing file /Users/beprathap/PycharmProjects/YouTube-airflow/airflow-venv/lib/python3.8/site-packages/airflow/example_dags/example_complex.py for tasks to queue
[2024-11-26T14:20:59.784-0600] {logging_mixin.py:190} INFO - [2024-11-26T14:20:59.784-0600] {dagbag.py:588} INFO - Filling up the DagBag from /Users/beprathap/PycharmProjects/YouTube-airflow/airflow-venv/lib/python3.8/site-packages/airflow/example_dags/example_complex.py
[2024-11-26T14:20:59.789-0600] {processor.py:925} INFO - DAG(s) 'example_complex' retrieved from /Users/beprathap/PycharmProjects/YouTube-airflow/airflow-venv/lib/python3.8/site-packages/airflow/example_dags/example_complex.py
[2024-11-26T14:20:59.828-0600] {logging_mixin.py:190} INFO - [2024-11-26T14:20:59.828-0600] {dag.py:3239} INFO - Sync 1 DAGs
[2024-11-26T14:20:59.831-0600] {logging_mixin.py:190} INFO - [2024-11-26T14:20:59.831-0600] {dag.py:4180} INFO - Setting next_dagrun for example_complex to None, run_after=None
[2024-11-26T14:20:59.837-0600] {processor.py:208} INFO - Processing /Users/beprathap/PycharmProjects/YouTube-airflow/airflow-venv/lib/python3.8/site-packages/airflow/example_dags/example_complex.py took 0.055 seconds
[2024-11-26T14:23:13.622-0600] {processor.py:186} INFO - Started process (PID=18476) to work on /Users/beprathap/PycharmProjects/YouTube-airflow/airflow-venv/lib/python3.8/site-packages/airflow/example_dags/example_complex.py
[2024-11-26T14:23:13.622-0600] {processor.py:914} INFO - Processing file /Users/beprathap/PycharmProjects/YouTube-airflow/airflow-venv/lib/python3.8/site-packages/airflow/example_dags/example_complex.py for tasks to queue
[2024-11-26T14:23:13.622-0600] {logging_mixin.py:190} INFO - [2024-11-26T14:23:13.622-0600] {dagbag.py:588} INFO - Filling up the DagBag from /Users/beprathap/PycharmProjects/YouTube-airflow/airflow-venv/lib/python3.8/site-packages/airflow/example_dags/example_complex.py
[2024-11-26T14:23:13.627-0600] {processor.py:925} INFO - DAG(s) 'example_complex' retrieved from /Users/beprathap/PycharmProjects/YouTube-airflow/airflow-venv/lib/python3.8/site-packages/airflow/example_dags/example_complex.py
[2024-11-26T14:23:13.666-0600] {logging_mixin.py:190} INFO - [2024-11-26T14:23:13.666-0600] {dag.py:3239} INFO - Sync 1 DAGs
[2024-11-26T14:23:13.670-0600] {logging_mixin.py:190} INFO - [2024-11-26T14:23:13.670-0600] {dag.py:4180} INFO - Setting next_dagrun for example_complex to None, run_after=None
[2024-11-26T14:23:13.676-0600] {processor.py:208} INFO - Processing /Users/beprathap/PycharmProjects/YouTube-airflow/airflow-venv/lib/python3.8/site-packages/airflow/example_dags/example_complex.py took 0.055 seconds
[2024-11-26T14:25:20.571-0600] {processor.py:186} INFO - Started process (PID=18736) to work on /Users/beprathap/PycharmProjects/YouTube-airflow/airflow-venv/lib/python3.8/site-packages/airflow/example_dags/example_complex.py
[2024-11-26T14:25:20.572-0600] {processor.py:914} INFO - Processing file /Users/beprathap/PycharmProjects/YouTube-airflow/airflow-venv/lib/python3.8/site-packages/airflow/example_dags/example_complex.py for tasks to queue
[2024-11-26T14:25:20.572-0600] {logging_mixin.py:190} INFO - [2024-11-26T14:25:20.572-0600] {dagbag.py:588} INFO - Filling up the DagBag from /Users/beprathap/PycharmProjects/YouTube-airflow/airflow-venv/lib/python3.8/site-packages/airflow/example_dags/example_complex.py
[2024-11-26T14:25:20.577-0600] {processor.py:925} INFO - DAG(s) 'example_complex' retrieved from /Users/beprathap/PycharmProjects/YouTube-airflow/airflow-venv/lib/python3.8/site-packages/airflow/example_dags/example_complex.py
[2024-11-26T14:25:20.618-0600] {logging_mixin.py:190} INFO - [2024-11-26T14:25:20.618-0600] {dag.py:3239} INFO - Sync 1 DAGs
[2024-11-26T14:25:20.622-0600] {logging_mixin.py:190} INFO - [2024-11-26T14:25:20.622-0600] {dag.py:4180} INFO - Setting next_dagrun for example_complex to None, run_after=None
[2024-11-26T14:25:20.627-0600] {processor.py:208} INFO - Processing /Users/beprathap/PycharmProjects/YouTube-airflow/airflow-venv/lib/python3.8/site-packages/airflow/example_dags/example_complex.py took 0.058 seconds
[2024-11-26T14:27:27.385-0600] {processor.py:186} INFO - Started process (PID=18971) to work on /Users/beprathap/PycharmProjects/YouTube-airflow/airflow-venv/lib/python3.8/site-packages/airflow/example_dags/example_complex.py
[2024-11-26T14:27:27.385-0600] {processor.py:914} INFO - Processing file /Users/beprathap/PycharmProjects/YouTube-airflow/airflow-venv/lib/python3.8/site-packages/airflow/example_dags/example_complex.py for tasks to queue
[2024-11-26T14:27:27.386-0600] {logging_mixin.py:190} INFO - [2024-11-26T14:27:27.386-0600] {dagbag.py:588} INFO - Filling up the DagBag from /Users/beprathap/PycharmProjects/YouTube-airflow/airflow-venv/lib/python3.8/site-packages/airflow/example_dags/example_complex.py
[2024-11-26T14:27:27.390-0600] {processor.py:925} INFO - DAG(s) 'example_complex' retrieved from /Users/beprathap/PycharmProjects/YouTube-airflow/airflow-venv/lib/python3.8/site-packages/airflow/example_dags/example_complex.py
[2024-11-26T14:27:27.429-0600] {logging_mixin.py:190} INFO - [2024-11-26T14:27:27.429-0600] {dag.py:3239} INFO - Sync 1 DAGs
[2024-11-26T14:27:27.433-0600] {logging_mixin.py:190} INFO - [2024-11-26T14:27:27.433-0600] {dag.py:4180} INFO - Setting next_dagrun for example_complex to None, run_after=None
[2024-11-26T14:27:27.438-0600] {processor.py:208} INFO - Processing /Users/beprathap/PycharmProjects/YouTube-airflow/airflow-venv/lib/python3.8/site-packages/airflow/example_dags/example_complex.py took 0.054 seconds
[2024-11-26T14:29:35.468-0600] {processor.py:186} INFO - Started process (PID=19211) to work on /Users/beprathap/PycharmProjects/YouTube-airflow/airflow-venv/lib/python3.8/site-packages/airflow/example_dags/example_complex.py
[2024-11-26T14:29:35.468-0600] {processor.py:914} INFO - Processing file /Users/beprathap/PycharmProjects/YouTube-airflow/airflow-venv/lib/python3.8/site-packages/airflow/example_dags/example_complex.py for tasks to queue
[2024-11-26T14:29:35.468-0600] {logging_mixin.py:190} INFO - [2024-11-26T14:29:35.468-0600] {dagbag.py:588} INFO - Filling up the DagBag from /Users/beprathap/PycharmProjects/YouTube-airflow/airflow-venv/lib/python3.8/site-packages/airflow/example_dags/example_complex.py
[2024-11-26T14:29:35.473-0600] {processor.py:925} INFO - DAG(s) 'example_complex' retrieved from /Users/beprathap/PycharmProjects/YouTube-airflow/airflow-venv/lib/python3.8/site-packages/airflow/example_dags/example_complex.py
[2024-11-26T14:29:35.511-0600] {logging_mixin.py:190} INFO - [2024-11-26T14:29:35.511-0600] {dag.py:3239} INFO - Sync 1 DAGs
[2024-11-26T14:29:35.515-0600] {logging_mixin.py:190} INFO - [2024-11-26T14:29:35.515-0600] {dag.py:4180} INFO - Setting next_dagrun for example_complex to None, run_after=None
[2024-11-26T14:29:35.520-0600] {processor.py:208} INFO - Processing /Users/beprathap/PycharmProjects/YouTube-airflow/airflow-venv/lib/python3.8/site-packages/airflow/example_dags/example_complex.py took 0.054 seconds
[2024-11-26T14:37:06.027-0600] {processor.py:186} INFO - Started process (PID=19630) to work on /Users/beprathap/PycharmProjects/YouTube-airflow/airflow-venv/lib/python3.8/site-packages/airflow/example_dags/example_complex.py
[2024-11-26T14:37:06.028-0600] {processor.py:914} INFO - Processing file /Users/beprathap/PycharmProjects/YouTube-airflow/airflow-venv/lib/python3.8/site-packages/airflow/example_dags/example_complex.py for tasks to queue
[2024-11-26T14:37:06.028-0600] {logging_mixin.py:190} INFO - [2024-11-26T14:37:06.028-0600] {dagbag.py:588} INFO - Filling up the DagBag from /Users/beprathap/PycharmProjects/YouTube-airflow/airflow-venv/lib/python3.8/site-packages/airflow/example_dags/example_complex.py
[2024-11-26T14:37:06.032-0600] {processor.py:925} INFO - DAG(s) 'example_complex' retrieved from /Users/beprathap/PycharmProjects/YouTube-airflow/airflow-venv/lib/python3.8/site-packages/airflow/example_dags/example_complex.py
[2024-11-26T14:37:06.071-0600] {logging_mixin.py:190} INFO - [2024-11-26T14:37:06.070-0600] {dag.py:3239} INFO - Sync 1 DAGs
[2024-11-26T14:37:06.074-0600] {logging_mixin.py:190} INFO - [2024-11-26T14:37:06.074-0600] {dag.py:4180} INFO - Setting next_dagrun for example_complex to None, run_after=None
[2024-11-26T14:37:06.079-0600] {processor.py:208} INFO - Processing /Users/beprathap/PycharmProjects/YouTube-airflow/airflow-venv/lib/python3.8/site-packages/airflow/example_dags/example_complex.py took 0.054 seconds
[2024-11-26T14:39:24.506-0600] {processor.py:186} INFO - Started process (PID=19883) to work on /Users/beprathap/PycharmProjects/YouTube-airflow/airflow-venv/lib/python3.8/site-packages/airflow/example_dags/example_complex.py
[2024-11-26T14:39:24.507-0600] {processor.py:914} INFO - Processing file /Users/beprathap/PycharmProjects/YouTube-airflow/airflow-venv/lib/python3.8/site-packages/airflow/example_dags/example_complex.py for tasks to queue
[2024-11-26T14:39:24.507-0600] {logging_mixin.py:190} INFO - [2024-11-26T14:39:24.507-0600] {dagbag.py:588} INFO - Filling up the DagBag from /Users/beprathap/PycharmProjects/YouTube-airflow/airflow-venv/lib/python3.8/site-packages/airflow/example_dags/example_complex.py
[2024-11-26T14:39:24.511-0600] {processor.py:925} INFO - DAG(s) 'example_complex' retrieved from /Users/beprathap/PycharmProjects/YouTube-airflow/airflow-venv/lib/python3.8/site-packages/airflow/example_dags/example_complex.py
[2024-11-26T14:39:24.551-0600] {logging_mixin.py:190} INFO - [2024-11-26T14:39:24.551-0600] {dag.py:3239} INFO - Sync 1 DAGs
[2024-11-26T14:39:24.555-0600] {logging_mixin.py:190} INFO - [2024-11-26T14:39:24.554-0600] {dag.py:4180} INFO - Setting next_dagrun for example_complex to None, run_after=None
[2024-11-26T14:39:24.560-0600] {processor.py:208} INFO - Processing /Users/beprathap/PycharmProjects/YouTube-airflow/airflow-venv/lib/python3.8/site-packages/airflow/example_dags/example_complex.py took 0.055 seconds
[2024-11-26T14:41:37.502-0600] {processor.py:186} INFO - Started process (PID=20135) to work on /Users/beprathap/PycharmProjects/YouTube-airflow/airflow-venv/lib/python3.8/site-packages/airflow/example_dags/example_complex.py
[2024-11-26T14:41:37.503-0600] {processor.py:914} INFO - Processing file /Users/beprathap/PycharmProjects/YouTube-airflow/airflow-venv/lib/python3.8/site-packages/airflow/example_dags/example_complex.py for tasks to queue
[2024-11-26T14:41:37.503-0600] {logging_mixin.py:190} INFO - [2024-11-26T14:41:37.503-0600] {dagbag.py:588} INFO - Filling up the DagBag from /Users/beprathap/PycharmProjects/YouTube-airflow/airflow-venv/lib/python3.8/site-packages/airflow/example_dags/example_complex.py
[2024-11-26T14:41:37.508-0600] {processor.py:925} INFO - DAG(s) 'example_complex' retrieved from /Users/beprathap/PycharmProjects/YouTube-airflow/airflow-venv/lib/python3.8/site-packages/airflow/example_dags/example_complex.py
[2024-11-26T14:41:37.547-0600] {logging_mixin.py:190} INFO - [2024-11-26T14:41:37.547-0600] {dag.py:3239} INFO - Sync 1 DAGs
[2024-11-26T14:41:37.550-0600] {logging_mixin.py:190} INFO - [2024-11-26T14:41:37.550-0600] {dag.py:4180} INFO - Setting next_dagrun for example_complex to None, run_after=None
[2024-11-26T14:41:37.555-0600] {processor.py:208} INFO - Processing /Users/beprathap/PycharmProjects/YouTube-airflow/airflow-venv/lib/python3.8/site-packages/airflow/example_dags/example_complex.py took 0.054 seconds
[2024-11-26T14:43:48.405-0600] {processor.py:186} INFO - Started process (PID=20380) to work on /Users/beprathap/PycharmProjects/YouTube-airflow/airflow-venv/lib/python3.8/site-packages/airflow/example_dags/example_complex.py
[2024-11-26T14:43:48.406-0600] {processor.py:914} INFO - Processing file /Users/beprathap/PycharmProjects/YouTube-airflow/airflow-venv/lib/python3.8/site-packages/airflow/example_dags/example_complex.py for tasks to queue
[2024-11-26T14:43:48.406-0600] {logging_mixin.py:190} INFO - [2024-11-26T14:43:48.406-0600] {dagbag.py:588} INFO - Filling up the DagBag from /Users/beprathap/PycharmProjects/YouTube-airflow/airflow-venv/lib/python3.8/site-packages/airflow/example_dags/example_complex.py
[2024-11-26T14:43:48.411-0600] {processor.py:925} INFO - DAG(s) 'example_complex' retrieved from /Users/beprathap/PycharmProjects/YouTube-airflow/airflow-venv/lib/python3.8/site-packages/airflow/example_dags/example_complex.py
[2024-11-26T14:43:48.451-0600] {logging_mixin.py:190} INFO - [2024-11-26T14:43:48.450-0600] {dag.py:3239} INFO - Sync 1 DAGs
[2024-11-26T14:43:48.454-0600] {logging_mixin.py:190} INFO - [2024-11-26T14:43:48.454-0600] {dag.py:4180} INFO - Setting next_dagrun for example_complex to None, run_after=None
[2024-11-26T14:43:48.460-0600] {processor.py:208} INFO - Processing /Users/beprathap/PycharmProjects/YouTube-airflow/airflow-venv/lib/python3.8/site-packages/airflow/example_dags/example_complex.py took 0.056 seconds
[2024-11-26T14:46:01.821-0600] {processor.py:186} INFO - Started process (PID=20645) to work on /Users/beprathap/PycharmProjects/YouTube-airflow/airflow-venv/lib/python3.8/site-packages/airflow/example_dags/example_complex.py
[2024-11-26T14:46:01.821-0600] {processor.py:914} INFO - Processing file /Users/beprathap/PycharmProjects/YouTube-airflow/airflow-venv/lib/python3.8/site-packages/airflow/example_dags/example_complex.py for tasks to queue
[2024-11-26T14:46:01.822-0600] {logging_mixin.py:190} INFO - [2024-11-26T14:46:01.822-0600] {dagbag.py:588} INFO - Filling up the DagBag from /Users/beprathap/PycharmProjects/YouTube-airflow/airflow-venv/lib/python3.8/site-packages/airflow/example_dags/example_complex.py
[2024-11-26T14:46:01.826-0600] {processor.py:925} INFO - DAG(s) 'example_complex' retrieved from /Users/beprathap/PycharmProjects/YouTube-airflow/airflow-venv/lib/python3.8/site-packages/airflow/example_dags/example_complex.py
[2024-11-26T14:46:01.866-0600] {logging_mixin.py:190} INFO - [2024-11-26T14:46:01.866-0600] {dag.py:3239} INFO - Sync 1 DAGs
[2024-11-26T14:46:01.870-0600] {logging_mixin.py:190} INFO - [2024-11-26T14:46:01.870-0600] {dag.py:4180} INFO - Setting next_dagrun for example_complex to None, run_after=None
[2024-11-26T14:46:01.875-0600] {processor.py:208} INFO - Processing /Users/beprathap/PycharmProjects/YouTube-airflow/airflow-venv/lib/python3.8/site-packages/airflow/example_dags/example_complex.py took 0.055 seconds
[2024-11-26T14:48:15.489-0600] {processor.py:186} INFO - Started process (PID=20907) to work on /Users/beprathap/PycharmProjects/YouTube-airflow/airflow-venv/lib/python3.8/site-packages/airflow/example_dags/example_complex.py
[2024-11-26T14:48:15.489-0600] {processor.py:914} INFO - Processing file /Users/beprathap/PycharmProjects/YouTube-airflow/airflow-venv/lib/python3.8/site-packages/airflow/example_dags/example_complex.py for tasks to queue
[2024-11-26T14:48:15.490-0600] {logging_mixin.py:190} INFO - [2024-11-26T14:48:15.490-0600] {dagbag.py:588} INFO - Filling up the DagBag from /Users/beprathap/PycharmProjects/YouTube-airflow/airflow-venv/lib/python3.8/site-packages/airflow/example_dags/example_complex.py
[2024-11-26T14:48:15.495-0600] {processor.py:925} INFO - DAG(s) 'example_complex' retrieved from /Users/beprathap/PycharmProjects/YouTube-airflow/airflow-venv/lib/python3.8/site-packages/airflow/example_dags/example_complex.py
[2024-11-26T14:48:15.536-0600] {logging_mixin.py:190} INFO - [2024-11-26T14:48:15.536-0600] {dag.py:3239} INFO - Sync 1 DAGs
[2024-11-26T14:48:15.540-0600] {logging_mixin.py:190} INFO - [2024-11-26T14:48:15.540-0600] {dag.py:4180} INFO - Setting next_dagrun for example_complex to None, run_after=None
[2024-11-26T14:48:15.546-0600] {processor.py:208} INFO - Processing /Users/beprathap/PycharmProjects/YouTube-airflow/airflow-venv/lib/python3.8/site-packages/airflow/example_dags/example_complex.py took 0.058 seconds
[2024-11-26T15:02:23.774-0600] {processor.py:186} INFO - Started process (PID=21463) to work on /Library/Frameworks/Python.framework/Versions/3.8/lib/python3.8/site-packages/airflow/example_dags/example_complex.py
[2024-11-26T15:02:23.775-0600] {processor.py:914} INFO - Processing file /Library/Frameworks/Python.framework/Versions/3.8/lib/python3.8/site-packages/airflow/example_dags/example_complex.py for tasks to queue
[2024-11-26T15:02:23.776-0600] {logging_mixin.py:190} INFO - [2024-11-26T15:02:23.776-0600] {dagbag.py:588} INFO - Filling up the DagBag from /Library/Frameworks/Python.framework/Versions/3.8/lib/python3.8/site-packages/airflow/example_dags/example_complex.py
[2024-11-26T15:02:23.781-0600] {processor.py:925} INFO - DAG(s) 'example_complex' retrieved from /Library/Frameworks/Python.framework/Versions/3.8/lib/python3.8/site-packages/airflow/example_dags/example_complex.py
[2024-11-26T15:02:23.850-0600] {logging_mixin.py:190} INFO - [2024-11-26T15:02:23.850-0600] {dag.py:3239} INFO - Sync 1 DAGs
[2024-11-26T15:02:23.853-0600] {logging_mixin.py:190} INFO - [2024-11-26T15:02:23.853-0600] {dag.py:4180} INFO - Setting next_dagrun for example_complex to None, run_after=None
[2024-11-26T15:02:23.860-0600] {processor.py:208} INFO - Processing /Library/Frameworks/Python.framework/Versions/3.8/lib/python3.8/site-packages/airflow/example_dags/example_complex.py took 0.087 seconds
[2024-11-26T15:04:46.243-0600] {processor.py:186} INFO - Started process (PID=21714) to work on /Library/Frameworks/Python.framework/Versions/3.8/lib/python3.8/site-packages/airflow/example_dags/example_complex.py
[2024-11-26T15:04:46.243-0600] {processor.py:914} INFO - Processing file /Library/Frameworks/Python.framework/Versions/3.8/lib/python3.8/site-packages/airflow/example_dags/example_complex.py for tasks to queue
[2024-11-26T15:04:46.244-0600] {logging_mixin.py:190} INFO - [2024-11-26T15:04:46.244-0600] {dagbag.py:588} INFO - Filling up the DagBag from /Library/Frameworks/Python.framework/Versions/3.8/lib/python3.8/site-packages/airflow/example_dags/example_complex.py
[2024-11-26T15:04:46.248-0600] {processor.py:925} INFO - DAG(s) 'example_complex' retrieved from /Library/Frameworks/Python.framework/Versions/3.8/lib/python3.8/site-packages/airflow/example_dags/example_complex.py
[2024-11-26T15:04:46.288-0600] {logging_mixin.py:190} INFO - [2024-11-26T15:04:46.288-0600] {dag.py:3239} INFO - Sync 1 DAGs
[2024-11-26T15:04:46.291-0600] {logging_mixin.py:190} INFO - [2024-11-26T15:04:46.291-0600] {dag.py:4180} INFO - Setting next_dagrun for example_complex to None, run_after=None
[2024-11-26T15:04:46.297-0600] {processor.py:208} INFO - Processing /Library/Frameworks/Python.framework/Versions/3.8/lib/python3.8/site-packages/airflow/example_dags/example_complex.py took 0.055 seconds
[2024-11-26T15:07:05.430-0600] {processor.py:186} INFO - Started process (PID=21969) to work on /Library/Frameworks/Python.framework/Versions/3.8/lib/python3.8/site-packages/airflow/example_dags/example_complex.py
[2024-11-26T15:07:05.431-0600] {processor.py:914} INFO - Processing file /Library/Frameworks/Python.framework/Versions/3.8/lib/python3.8/site-packages/airflow/example_dags/example_complex.py for tasks to queue
[2024-11-26T15:07:05.431-0600] {logging_mixin.py:190} INFO - [2024-11-26T15:07:05.431-0600] {dagbag.py:588} INFO - Filling up the DagBag from /Library/Frameworks/Python.framework/Versions/3.8/lib/python3.8/site-packages/airflow/example_dags/example_complex.py
[2024-11-26T15:07:05.436-0600] {processor.py:925} INFO - DAG(s) 'example_complex' retrieved from /Library/Frameworks/Python.framework/Versions/3.8/lib/python3.8/site-packages/airflow/example_dags/example_complex.py
[2024-11-26T15:07:05.476-0600] {logging_mixin.py:190} INFO - [2024-11-26T15:07:05.476-0600] {dag.py:3239} INFO - Sync 1 DAGs
[2024-11-26T15:07:05.480-0600] {logging_mixin.py:190} INFO - [2024-11-26T15:07:05.480-0600] {dag.py:4180} INFO - Setting next_dagrun for example_complex to None, run_after=None
[2024-11-26T15:07:05.485-0600] {processor.py:208} INFO - Processing /Library/Frameworks/Python.framework/Versions/3.8/lib/python3.8/site-packages/airflow/example_dags/example_complex.py took 0.056 seconds
[2024-11-26T15:17:21.667-0600] {processor.py:186} INFO - Started process (PID=22464) to work on /Library/Frameworks/Python.framework/Versions/3.8/lib/python3.8/site-packages/airflow/example_dags/example_complex.py
[2024-11-26T15:17:21.668-0600] {processor.py:914} INFO - Processing file /Library/Frameworks/Python.framework/Versions/3.8/lib/python3.8/site-packages/airflow/example_dags/example_complex.py for tasks to queue
[2024-11-26T15:17:21.669-0600] {logging_mixin.py:190} INFO - [2024-11-26T15:17:21.669-0600] {dagbag.py:588} INFO - Filling up the DagBag from /Library/Frameworks/Python.framework/Versions/3.8/lib/python3.8/site-packages/airflow/example_dags/example_complex.py
[2024-11-26T15:17:21.673-0600] {processor.py:925} INFO - DAG(s) 'example_complex' retrieved from /Library/Frameworks/Python.framework/Versions/3.8/lib/python3.8/site-packages/airflow/example_dags/example_complex.py
[2024-11-26T15:17:21.712-0600] {logging_mixin.py:190} INFO - [2024-11-26T15:17:21.712-0600] {dag.py:3239} INFO - Sync 1 DAGs
[2024-11-26T15:17:21.716-0600] {logging_mixin.py:190} INFO - [2024-11-26T15:17:21.716-0600] {dag.py:4180} INFO - Setting next_dagrun for example_complex to None, run_after=None
[2024-11-26T15:17:21.721-0600] {processor.py:208} INFO - Processing /Library/Frameworks/Python.framework/Versions/3.8/lib/python3.8/site-packages/airflow/example_dags/example_complex.py took 0.055 seconds
[2024-11-26T15:19:37.309-0600] {processor.py:186} INFO - Started process (PID=22725) to work on /Library/Frameworks/Python.framework/Versions/3.8/lib/python3.8/site-packages/airflow/example_dags/example_complex.py
[2024-11-26T15:19:37.309-0600] {processor.py:914} INFO - Processing file /Library/Frameworks/Python.framework/Versions/3.8/lib/python3.8/site-packages/airflow/example_dags/example_complex.py for tasks to queue
[2024-11-26T15:19:37.310-0600] {logging_mixin.py:190} INFO - [2024-11-26T15:19:37.310-0600] {dagbag.py:588} INFO - Filling up the DagBag from /Library/Frameworks/Python.framework/Versions/3.8/lib/python3.8/site-packages/airflow/example_dags/example_complex.py
[2024-11-26T15:19:37.314-0600] {processor.py:925} INFO - DAG(s) 'example_complex' retrieved from /Library/Frameworks/Python.framework/Versions/3.8/lib/python3.8/site-packages/airflow/example_dags/example_complex.py
[2024-11-26T15:19:37.353-0600] {logging_mixin.py:190} INFO - [2024-11-26T15:19:37.353-0600] {dag.py:3239} INFO - Sync 1 DAGs
[2024-11-26T15:19:37.357-0600] {logging_mixin.py:190} INFO - [2024-11-26T15:19:37.357-0600] {dag.py:4180} INFO - Setting next_dagrun for example_complex to None, run_after=None
[2024-11-26T15:19:37.362-0600] {processor.py:208} INFO - Processing /Library/Frameworks/Python.framework/Versions/3.8/lib/python3.8/site-packages/airflow/example_dags/example_complex.py took 0.054 seconds
[2024-11-26T15:21:49.832-0600] {processor.py:186} INFO - Started process (PID=22984) to work on /Library/Frameworks/Python.framework/Versions/3.8/lib/python3.8/site-packages/airflow/example_dags/example_complex.py
[2024-11-26T15:21:49.832-0600] {processor.py:914} INFO - Processing file /Library/Frameworks/Python.framework/Versions/3.8/lib/python3.8/site-packages/airflow/example_dags/example_complex.py for tasks to queue
[2024-11-26T15:21:49.833-0600] {logging_mixin.py:190} INFO - [2024-11-26T15:21:49.832-0600] {dagbag.py:588} INFO - Filling up the DagBag from /Library/Frameworks/Python.framework/Versions/3.8/lib/python3.8/site-packages/airflow/example_dags/example_complex.py
[2024-11-26T15:21:49.837-0600] {processor.py:925} INFO - DAG(s) 'example_complex' retrieved from /Library/Frameworks/Python.framework/Versions/3.8/lib/python3.8/site-packages/airflow/example_dags/example_complex.py
[2024-11-26T15:21:49.877-0600] {logging_mixin.py:190} INFO - [2024-11-26T15:21:49.877-0600] {dag.py:3239} INFO - Sync 1 DAGs
[2024-11-26T15:21:49.881-0600] {logging_mixin.py:190} INFO - [2024-11-26T15:21:49.881-0600] {dag.py:4180} INFO - Setting next_dagrun for example_complex to None, run_after=None
[2024-11-26T15:21:49.886-0600] {processor.py:208} INFO - Processing /Library/Frameworks/Python.framework/Versions/3.8/lib/python3.8/site-packages/airflow/example_dags/example_complex.py took 0.055 seconds
[2024-11-26T15:34:15.956-0600] {processor.py:186} INFO - Started process (PID=23555) to work on /Library/Frameworks/Python.framework/Versions/3.8/lib/python3.8/site-packages/airflow/example_dags/example_complex.py
[2024-11-26T15:34:15.957-0600] {processor.py:914} INFO - Processing file /Library/Frameworks/Python.framework/Versions/3.8/lib/python3.8/site-packages/airflow/example_dags/example_complex.py for tasks to queue
[2024-11-26T15:34:15.958-0600] {logging_mixin.py:190} INFO - [2024-11-26T15:34:15.958-0600] {dagbag.py:588} INFO - Filling up the DagBag from /Library/Frameworks/Python.framework/Versions/3.8/lib/python3.8/site-packages/airflow/example_dags/example_complex.py
[2024-11-26T15:34:15.962-0600] {processor.py:925} INFO - DAG(s) 'example_complex' retrieved from /Library/Frameworks/Python.framework/Versions/3.8/lib/python3.8/site-packages/airflow/example_dags/example_complex.py
[2024-11-26T15:34:16.002-0600] {logging_mixin.py:190} INFO - [2024-11-26T15:34:16.002-0600] {dag.py:3239} INFO - Sync 1 DAGs
[2024-11-26T15:34:16.006-0600] {logging_mixin.py:190} INFO - [2024-11-26T15:34:16.006-0600] {dag.py:4180} INFO - Setting next_dagrun for example_complex to None, run_after=None
[2024-11-26T15:34:16.011-0600] {processor.py:208} INFO - Processing /Library/Frameworks/Python.framework/Versions/3.8/lib/python3.8/site-packages/airflow/example_dags/example_complex.py took 0.056 seconds
[2024-11-26T15:36:32.405-0600] {processor.py:186} INFO - Started process (PID=23821) to work on /Library/Frameworks/Python.framework/Versions/3.8/lib/python3.8/site-packages/airflow/example_dags/example_complex.py
[2024-11-26T15:36:32.407-0600] {processor.py:914} INFO - Processing file /Library/Frameworks/Python.framework/Versions/3.8/lib/python3.8/site-packages/airflow/example_dags/example_complex.py for tasks to queue
[2024-11-26T15:36:32.407-0600] {logging_mixin.py:190} INFO - [2024-11-26T15:36:32.407-0600] {dagbag.py:588} INFO - Filling up the DagBag from /Library/Frameworks/Python.framework/Versions/3.8/lib/python3.8/site-packages/airflow/example_dags/example_complex.py
[2024-11-26T15:36:32.412-0600] {processor.py:925} INFO - DAG(s) 'example_complex' retrieved from /Library/Frameworks/Python.framework/Versions/3.8/lib/python3.8/site-packages/airflow/example_dags/example_complex.py
[2024-11-26T15:36:32.451-0600] {logging_mixin.py:190} INFO - [2024-11-26T15:36:32.451-0600] {dag.py:3239} INFO - Sync 1 DAGs
[2024-11-26T15:36:32.455-0600] {logging_mixin.py:190} INFO - [2024-11-26T15:36:32.455-0600] {dag.py:4180} INFO - Setting next_dagrun for example_complex to None, run_after=None
[2024-11-26T15:36:32.460-0600] {processor.py:208} INFO - Processing /Library/Frameworks/Python.framework/Versions/3.8/lib/python3.8/site-packages/airflow/example_dags/example_complex.py took 0.056 seconds
[2024-11-26T15:38:49.260-0600] {processor.py:186} INFO - Started process (PID=24076) to work on /Library/Frameworks/Python.framework/Versions/3.8/lib/python3.8/site-packages/airflow/example_dags/example_complex.py
[2024-11-26T15:38:49.260-0600] {processor.py:914} INFO - Processing file /Library/Frameworks/Python.framework/Versions/3.8/lib/python3.8/site-packages/airflow/example_dags/example_complex.py for tasks to queue
[2024-11-26T15:38:49.261-0600] {logging_mixin.py:190} INFO - [2024-11-26T15:38:49.260-0600] {dagbag.py:588} INFO - Filling up the DagBag from /Library/Frameworks/Python.framework/Versions/3.8/lib/python3.8/site-packages/airflow/example_dags/example_complex.py
[2024-11-26T15:38:49.265-0600] {processor.py:925} INFO - DAG(s) 'example_complex' retrieved from /Library/Frameworks/Python.framework/Versions/3.8/lib/python3.8/site-packages/airflow/example_dags/example_complex.py
[2024-11-26T15:38:49.304-0600] {logging_mixin.py:190} INFO - [2024-11-26T15:38:49.304-0600] {dag.py:3239} INFO - Sync 1 DAGs
[2024-11-26T15:38:49.308-0600] {logging_mixin.py:190} INFO - [2024-11-26T15:38:49.308-0600] {dag.py:4180} INFO - Setting next_dagrun for example_complex to None, run_after=None
[2024-11-26T15:38:49.313-0600] {processor.py:208} INFO - Processing /Library/Frameworks/Python.framework/Versions/3.8/lib/python3.8/site-packages/airflow/example_dags/example_complex.py took 0.055 seconds
[2024-11-26T15:41:04.026-0600] {processor.py:186} INFO - Started process (PID=24336) to work on /Library/Frameworks/Python.framework/Versions/3.8/lib/python3.8/site-packages/airflow/example_dags/example_complex.py
[2024-11-26T15:41:04.027-0600] {processor.py:914} INFO - Processing file /Library/Frameworks/Python.framework/Versions/3.8/lib/python3.8/site-packages/airflow/example_dags/example_complex.py for tasks to queue
[2024-11-26T15:41:04.028-0600] {logging_mixin.py:190} INFO - [2024-11-26T15:41:04.028-0600] {dagbag.py:588} INFO - Filling up the DagBag from /Library/Frameworks/Python.framework/Versions/3.8/lib/python3.8/site-packages/airflow/example_dags/example_complex.py
[2024-11-26T15:41:04.033-0600] {processor.py:925} INFO - DAG(s) 'example_complex' retrieved from /Library/Frameworks/Python.framework/Versions/3.8/lib/python3.8/site-packages/airflow/example_dags/example_complex.py
[2024-11-26T15:41:04.072-0600] {logging_mixin.py:190} INFO - [2024-11-26T15:41:04.072-0600] {dag.py:3239} INFO - Sync 1 DAGs
[2024-11-26T15:41:04.076-0600] {logging_mixin.py:190} INFO - [2024-11-26T15:41:04.076-0600] {dag.py:4180} INFO - Setting next_dagrun for example_complex to None, run_after=None
[2024-11-26T15:41:04.081-0600] {processor.py:208} INFO - Processing /Library/Frameworks/Python.framework/Versions/3.8/lib/python3.8/site-packages/airflow/example_dags/example_complex.py took 0.057 seconds
[2024-11-26T15:43:19.689-0600] {processor.py:186} INFO - Started process (PID=24585) to work on /Library/Frameworks/Python.framework/Versions/3.8/lib/python3.8/site-packages/airflow/example_dags/example_complex.py
[2024-11-26T15:43:19.690-0600] {processor.py:914} INFO - Processing file /Library/Frameworks/Python.framework/Versions/3.8/lib/python3.8/site-packages/airflow/example_dags/example_complex.py for tasks to queue
[2024-11-26T15:43:19.690-0600] {logging_mixin.py:190} INFO - [2024-11-26T15:43:19.690-0600] {dagbag.py:588} INFO - Filling up the DagBag from /Library/Frameworks/Python.framework/Versions/3.8/lib/python3.8/site-packages/airflow/example_dags/example_complex.py
[2024-11-26T15:43:19.695-0600] {processor.py:925} INFO - DAG(s) 'example_complex' retrieved from /Library/Frameworks/Python.framework/Versions/3.8/lib/python3.8/site-packages/airflow/example_dags/example_complex.py
[2024-11-26T15:43:19.735-0600] {logging_mixin.py:190} INFO - [2024-11-26T15:43:19.734-0600] {dag.py:3239} INFO - Sync 1 DAGs
[2024-11-26T15:43:19.739-0600] {logging_mixin.py:190} INFO - [2024-11-26T15:43:19.738-0600] {dag.py:4180} INFO - Setting next_dagrun for example_complex to None, run_after=None
[2024-11-26T15:43:19.744-0600] {processor.py:208} INFO - Processing /Library/Frameworks/Python.framework/Versions/3.8/lib/python3.8/site-packages/airflow/example_dags/example_complex.py took 0.056 seconds
[2024-11-26T15:45:35.524-0600] {processor.py:186} INFO - Started process (PID=24836) to work on /Library/Frameworks/Python.framework/Versions/3.8/lib/python3.8/site-packages/airflow/example_dags/example_complex.py
[2024-11-26T15:45:35.525-0600] {processor.py:914} INFO - Processing file /Library/Frameworks/Python.framework/Versions/3.8/lib/python3.8/site-packages/airflow/example_dags/example_complex.py for tasks to queue
[2024-11-26T15:45:35.525-0600] {logging_mixin.py:190} INFO - [2024-11-26T15:45:35.525-0600] {dagbag.py:588} INFO - Filling up the DagBag from /Library/Frameworks/Python.framework/Versions/3.8/lib/python3.8/site-packages/airflow/example_dags/example_complex.py
[2024-11-26T15:45:35.530-0600] {processor.py:925} INFO - DAG(s) 'example_complex' retrieved from /Library/Frameworks/Python.framework/Versions/3.8/lib/python3.8/site-packages/airflow/example_dags/example_complex.py
[2024-11-26T15:45:35.569-0600] {logging_mixin.py:190} INFO - [2024-11-26T15:45:35.569-0600] {dag.py:3239} INFO - Sync 1 DAGs
[2024-11-26T15:45:35.573-0600] {logging_mixin.py:190} INFO - [2024-11-26T15:45:35.573-0600] {dag.py:4180} INFO - Setting next_dagrun for example_complex to None, run_after=None
[2024-11-26T15:45:35.579-0600] {processor.py:208} INFO - Processing /Library/Frameworks/Python.framework/Versions/3.8/lib/python3.8/site-packages/airflow/example_dags/example_complex.py took 0.056 seconds
[2024-11-26T15:47:46.806-0600] {processor.py:186} INFO - Started process (PID=25089) to work on /Library/Frameworks/Python.framework/Versions/3.8/lib/python3.8/site-packages/airflow/example_dags/example_complex.py
[2024-11-26T15:47:46.807-0600] {processor.py:914} INFO - Processing file /Library/Frameworks/Python.framework/Versions/3.8/lib/python3.8/site-packages/airflow/example_dags/example_complex.py for tasks to queue
[2024-11-26T15:47:46.807-0600] {logging_mixin.py:190} INFO - [2024-11-26T15:47:46.807-0600] {dagbag.py:588} INFO - Filling up the DagBag from /Library/Frameworks/Python.framework/Versions/3.8/lib/python3.8/site-packages/airflow/example_dags/example_complex.py
[2024-11-26T15:47:46.812-0600] {processor.py:925} INFO - DAG(s) 'example_complex' retrieved from /Library/Frameworks/Python.framework/Versions/3.8/lib/python3.8/site-packages/airflow/example_dags/example_complex.py
[2024-11-26T15:47:46.851-0600] {logging_mixin.py:190} INFO - [2024-11-26T15:47:46.851-0600] {dag.py:3239} INFO - Sync 1 DAGs
[2024-11-26T15:47:46.856-0600] {logging_mixin.py:190} INFO - [2024-11-26T15:47:46.855-0600] {dag.py:4180} INFO - Setting next_dagrun for example_complex to None, run_after=None
[2024-11-26T15:47:46.861-0600] {processor.py:208} INFO - Processing /Library/Frameworks/Python.framework/Versions/3.8/lib/python3.8/site-packages/airflow/example_dags/example_complex.py took 0.056 seconds
[2024-11-26T15:50:01.430-0600] {processor.py:186} INFO - Started process (PID=25346) to work on /Library/Frameworks/Python.framework/Versions/3.8/lib/python3.8/site-packages/airflow/example_dags/example_complex.py
[2024-11-26T15:50:01.430-0600] {processor.py:914} INFO - Processing file /Library/Frameworks/Python.framework/Versions/3.8/lib/python3.8/site-packages/airflow/example_dags/example_complex.py for tasks to queue
[2024-11-26T15:50:01.431-0600] {logging_mixin.py:190} INFO - [2024-11-26T15:50:01.431-0600] {dagbag.py:588} INFO - Filling up the DagBag from /Library/Frameworks/Python.framework/Versions/3.8/lib/python3.8/site-packages/airflow/example_dags/example_complex.py
[2024-11-26T15:50:01.436-0600] {processor.py:925} INFO - DAG(s) 'example_complex' retrieved from /Library/Frameworks/Python.framework/Versions/3.8/lib/python3.8/site-packages/airflow/example_dags/example_complex.py
[2024-11-26T15:50:01.482-0600] {logging_mixin.py:190} INFO - [2024-11-26T15:50:01.482-0600] {dag.py:3239} INFO - Sync 1 DAGs
[2024-11-26T15:50:01.487-0600] {logging_mixin.py:190} INFO - [2024-11-26T15:50:01.487-0600] {dag.py:4180} INFO - Setting next_dagrun for example_complex to None, run_after=None
[2024-11-26T15:50:01.493-0600] {processor.py:208} INFO - Processing /Library/Frameworks/Python.framework/Versions/3.8/lib/python3.8/site-packages/airflow/example_dags/example_complex.py took 0.065 seconds
[2024-11-26T15:52:13.834-0600] {processor.py:186} INFO - Started process (PID=25605) to work on /Library/Frameworks/Python.framework/Versions/3.8/lib/python3.8/site-packages/airflow/example_dags/example_complex.py
[2024-11-26T15:52:13.835-0600] {processor.py:914} INFO - Processing file /Library/Frameworks/Python.framework/Versions/3.8/lib/python3.8/site-packages/airflow/example_dags/example_complex.py for tasks to queue
[2024-11-26T15:52:13.835-0600] {logging_mixin.py:190} INFO - [2024-11-26T15:52:13.835-0600] {dagbag.py:588} INFO - Filling up the DagBag from /Library/Frameworks/Python.framework/Versions/3.8/lib/python3.8/site-packages/airflow/example_dags/example_complex.py
[2024-11-26T15:52:13.840-0600] {processor.py:925} INFO - DAG(s) 'example_complex' retrieved from /Library/Frameworks/Python.framework/Versions/3.8/lib/python3.8/site-packages/airflow/example_dags/example_complex.py
[2024-11-26T15:52:13.880-0600] {logging_mixin.py:190} INFO - [2024-11-26T15:52:13.880-0600] {dag.py:3239} INFO - Sync 1 DAGs
[2024-11-26T15:52:13.884-0600] {logging_mixin.py:190} INFO - [2024-11-26T15:52:13.884-0600] {dag.py:4180} INFO - Setting next_dagrun for example_complex to None, run_after=None
[2024-11-26T15:52:13.890-0600] {processor.py:208} INFO - Processing /Library/Frameworks/Python.framework/Versions/3.8/lib/python3.8/site-packages/airflow/example_dags/example_complex.py took 0.057 seconds
[2024-11-26T15:54:40.712-0600] {processor.py:186} INFO - Started process (PID=25874) to work on /Library/Frameworks/Python.framework/Versions/3.8/lib/python3.8/site-packages/airflow/example_dags/example_complex.py
[2024-11-26T15:54:40.713-0600] {processor.py:914} INFO - Processing file /Library/Frameworks/Python.framework/Versions/3.8/lib/python3.8/site-packages/airflow/example_dags/example_complex.py for tasks to queue
[2024-11-26T15:54:40.713-0600] {logging_mixin.py:190} INFO - [2024-11-26T15:54:40.713-0600] {dagbag.py:588} INFO - Filling up the DagBag from /Library/Frameworks/Python.framework/Versions/3.8/lib/python3.8/site-packages/airflow/example_dags/example_complex.py
[2024-11-26T15:54:40.718-0600] {processor.py:925} INFO - DAG(s) 'example_complex' retrieved from /Library/Frameworks/Python.framework/Versions/3.8/lib/python3.8/site-packages/airflow/example_dags/example_complex.py
[2024-11-26T15:54:40.761-0600] {logging_mixin.py:190} INFO - [2024-11-26T15:54:40.761-0600] {dag.py:3239} INFO - Sync 1 DAGs
[2024-11-26T15:54:40.766-0600] {logging_mixin.py:190} INFO - [2024-11-26T15:54:40.766-0600] {dag.py:4180} INFO - Setting next_dagrun for example_complex to None, run_after=None
[2024-11-26T15:54:40.772-0600] {processor.py:208} INFO - Processing /Library/Frameworks/Python.framework/Versions/3.8/lib/python3.8/site-packages/airflow/example_dags/example_complex.py took 0.061 seconds
[2024-11-26T15:56:58.510-0600] {processor.py:186} INFO - Started process (PID=26181) to work on /Library/Frameworks/Python.framework/Versions/3.8/lib/python3.8/site-packages/airflow/example_dags/example_complex.py
[2024-11-26T15:56:58.510-0600] {processor.py:914} INFO - Processing file /Library/Frameworks/Python.framework/Versions/3.8/lib/python3.8/site-packages/airflow/example_dags/example_complex.py for tasks to queue
[2024-11-26T15:56:58.511-0600] {logging_mixin.py:190} INFO - [2024-11-26T15:56:58.511-0600] {dagbag.py:588} INFO - Filling up the DagBag from /Library/Frameworks/Python.framework/Versions/3.8/lib/python3.8/site-packages/airflow/example_dags/example_complex.py
[2024-11-26T15:56:58.516-0600] {processor.py:925} INFO - DAG(s) 'example_complex' retrieved from /Library/Frameworks/Python.framework/Versions/3.8/lib/python3.8/site-packages/airflow/example_dags/example_complex.py
[2024-11-26T15:56:58.560-0600] {logging_mixin.py:190} INFO - [2024-11-26T15:56:58.560-0600] {dag.py:3239} INFO - Sync 1 DAGs
[2024-11-26T15:56:58.565-0600] {logging_mixin.py:190} INFO - [2024-11-26T15:56:58.565-0600] {dag.py:4180} INFO - Setting next_dagrun for example_complex to None, run_after=None
[2024-11-26T15:56:58.571-0600] {processor.py:208} INFO - Processing /Library/Frameworks/Python.framework/Versions/3.8/lib/python3.8/site-packages/airflow/example_dags/example_complex.py took 0.063 seconds
[2024-11-26T15:59:12.686-0600] {processor.py:186} INFO - Started process (PID=26448) to work on /Library/Frameworks/Python.framework/Versions/3.8/lib/python3.8/site-packages/airflow/example_dags/example_complex.py
[2024-11-26T15:59:12.686-0600] {processor.py:914} INFO - Processing file /Library/Frameworks/Python.framework/Versions/3.8/lib/python3.8/site-packages/airflow/example_dags/example_complex.py for tasks to queue
[2024-11-26T15:59:12.686-0600] {logging_mixin.py:190} INFO - [2024-11-26T15:59:12.686-0600] {dagbag.py:588} INFO - Filling up the DagBag from /Library/Frameworks/Python.framework/Versions/3.8/lib/python3.8/site-packages/airflow/example_dags/example_complex.py
[2024-11-26T15:59:12.691-0600] {processor.py:925} INFO - DAG(s) 'example_complex' retrieved from /Library/Frameworks/Python.framework/Versions/3.8/lib/python3.8/site-packages/airflow/example_dags/example_complex.py
[2024-11-26T15:59:12.730-0600] {logging_mixin.py:190} INFO - [2024-11-26T15:59:12.730-0600] {dag.py:3239} INFO - Sync 1 DAGs
[2024-11-26T15:59:12.734-0600] {logging_mixin.py:190} INFO - [2024-11-26T15:59:12.734-0600] {dag.py:4180} INFO - Setting next_dagrun for example_complex to None, run_after=None
[2024-11-26T15:59:12.739-0600] {processor.py:208} INFO - Processing /Library/Frameworks/Python.framework/Versions/3.8/lib/python3.8/site-packages/airflow/example_dags/example_complex.py took 0.055 seconds
[2024-11-26T16:01:30.201-0600] {processor.py:186} INFO - Started process (PID=26723) to work on /Library/Frameworks/Python.framework/Versions/3.8/lib/python3.8/site-packages/airflow/example_dags/example_complex.py
[2024-11-26T16:01:30.201-0600] {processor.py:914} INFO - Processing file /Library/Frameworks/Python.framework/Versions/3.8/lib/python3.8/site-packages/airflow/example_dags/example_complex.py for tasks to queue
[2024-11-26T16:01:30.201-0600] {logging_mixin.py:190} INFO - [2024-11-26T16:01:30.201-0600] {dagbag.py:588} INFO - Filling up the DagBag from /Library/Frameworks/Python.framework/Versions/3.8/lib/python3.8/site-packages/airflow/example_dags/example_complex.py
[2024-11-26T16:01:30.207-0600] {processor.py:925} INFO - DAG(s) 'example_complex' retrieved from /Library/Frameworks/Python.framework/Versions/3.8/lib/python3.8/site-packages/airflow/example_dags/example_complex.py
[2024-11-26T16:01:30.251-0600] {logging_mixin.py:190} INFO - [2024-11-26T16:01:30.251-0600] {dag.py:3239} INFO - Sync 1 DAGs
[2024-11-26T16:01:30.256-0600] {logging_mixin.py:190} INFO - [2024-11-26T16:01:30.256-0600] {dag.py:4180} INFO - Setting next_dagrun for example_complex to None, run_after=None
[2024-11-26T16:01:30.263-0600] {processor.py:208} INFO - Processing /Library/Frameworks/Python.framework/Versions/3.8/lib/python3.8/site-packages/airflow/example_dags/example_complex.py took 0.063 seconds
[2024-11-26T16:03:41.190-0600] {processor.py:186} INFO - Started process (PID=26969) to work on /Library/Frameworks/Python.framework/Versions/3.8/lib/python3.8/site-packages/airflow/example_dags/example_complex.py
[2024-11-26T16:03:41.191-0600] {processor.py:914} INFO - Processing file /Library/Frameworks/Python.framework/Versions/3.8/lib/python3.8/site-packages/airflow/example_dags/example_complex.py for tasks to queue
[2024-11-26T16:03:41.191-0600] {logging_mixin.py:190} INFO - [2024-11-26T16:03:41.191-0600] {dagbag.py:588} INFO - Filling up the DagBag from /Library/Frameworks/Python.framework/Versions/3.8/lib/python3.8/site-packages/airflow/example_dags/example_complex.py
[2024-11-26T16:03:41.196-0600] {processor.py:925} INFO - DAG(s) 'example_complex' retrieved from /Library/Frameworks/Python.framework/Versions/3.8/lib/python3.8/site-packages/airflow/example_dags/example_complex.py
[2024-11-26T16:03:41.235-0600] {logging_mixin.py:190} INFO - [2024-11-26T16:03:41.235-0600] {dag.py:3239} INFO - Sync 1 DAGs
[2024-11-26T16:03:41.239-0600] {logging_mixin.py:190} INFO - [2024-11-26T16:03:41.239-0600] {dag.py:4180} INFO - Setting next_dagrun for example_complex to None, run_after=None
[2024-11-26T16:03:41.245-0600] {processor.py:208} INFO - Processing /Library/Frameworks/Python.framework/Versions/3.8/lib/python3.8/site-packages/airflow/example_dags/example_complex.py took 0.056 seconds
[2024-11-26T16:06:01.687-0600] {processor.py:186} INFO - Started process (PID=27218) to work on /Library/Frameworks/Python.framework/Versions/3.8/lib/python3.8/site-packages/airflow/example_dags/example_complex.py
[2024-11-26T16:06:01.687-0600] {processor.py:914} INFO - Processing file /Library/Frameworks/Python.framework/Versions/3.8/lib/python3.8/site-packages/airflow/example_dags/example_complex.py for tasks to queue
[2024-11-26T16:06:01.688-0600] {logging_mixin.py:190} INFO - [2024-11-26T16:06:01.688-0600] {dagbag.py:588} INFO - Filling up the DagBag from /Library/Frameworks/Python.framework/Versions/3.8/lib/python3.8/site-packages/airflow/example_dags/example_complex.py
[2024-11-26T16:06:01.692-0600] {processor.py:925} INFO - DAG(s) 'example_complex' retrieved from /Library/Frameworks/Python.framework/Versions/3.8/lib/python3.8/site-packages/airflow/example_dags/example_complex.py
[2024-11-26T16:06:01.731-0600] {logging_mixin.py:190} INFO - [2024-11-26T16:06:01.731-0600] {dag.py:3239} INFO - Sync 1 DAGs
[2024-11-26T16:06:01.735-0600] {logging_mixin.py:190} INFO - [2024-11-26T16:06:01.735-0600] {dag.py:4180} INFO - Setting next_dagrun for example_complex to None, run_after=None
[2024-11-26T16:06:01.741-0600] {processor.py:208} INFO - Processing /Library/Frameworks/Python.framework/Versions/3.8/lib/python3.8/site-packages/airflow/example_dags/example_complex.py took 0.055 seconds
[2024-11-26T17:45:27.523-0600] {processor.py:186} INFO - Started process (PID=27511) to work on /Library/Frameworks/Python.framework/Versions/3.8/lib/python3.8/site-packages/airflow/example_dags/example_complex.py
[2024-11-26T17:45:27.524-0600] {processor.py:914} INFO - Processing file /Library/Frameworks/Python.framework/Versions/3.8/lib/python3.8/site-packages/airflow/example_dags/example_complex.py for tasks to queue
[2024-11-26T17:45:27.524-0600] {logging_mixin.py:190} INFO - [2024-11-26T17:45:27.524-0600] {dagbag.py:588} INFO - Filling up the DagBag from /Library/Frameworks/Python.framework/Versions/3.8/lib/python3.8/site-packages/airflow/example_dags/example_complex.py
[2024-11-26T17:45:27.529-0600] {processor.py:925} INFO - DAG(s) 'example_complex' retrieved from /Library/Frameworks/Python.framework/Versions/3.8/lib/python3.8/site-packages/airflow/example_dags/example_complex.py
[2024-11-26T17:45:27.566-0600] {logging_mixin.py:190} INFO - [2024-11-26T17:45:27.566-0600] {dag.py:3239} INFO - Sync 1 DAGs
[2024-11-26T17:45:27.570-0600] {logging_mixin.py:190} INFO - [2024-11-26T17:45:27.570-0600] {dag.py:4180} INFO - Setting next_dagrun for example_complex to None, run_after=None
[2024-11-26T17:45:27.575-0600] {processor.py:208} INFO - Processing /Library/Frameworks/Python.framework/Versions/3.8/lib/python3.8/site-packages/airflow/example_dags/example_complex.py took 0.053 seconds
