[2024-11-26T14:18:58.006-0600] {processor.py:186} INFO - Started process (PID=17978) to work on /Users/beprathap/PycharmProjects/YouTube-airflow/airflow-venv/lib/python3.8/site-packages/airflow/example_dags/example_bash_decorator.py
[2024-11-26T14:18:58.007-0600] {processor.py:914} INFO - Processing file /Users/beprathap/PycharmProjects/YouTube-airflow/airflow-venv/lib/python3.8/site-packages/airflow/example_dags/example_bash_decorator.py for tasks to queue
[2024-11-26T14:18:58.007-0600] {logging_mixin.py:190} INFO - [2024-11-26T14:18:58.007-0600] {dagbag.py:588} INFO - Filling up the DagBag from /Users/beprathap/PycharmProjects/YouTube-airflow/airflow-venv/lib/python3.8/site-packages/airflow/example_dags/example_bash_decorator.py
[2024-11-26T14:18:58.020-0600] {processor.py:925} INFO - DAG(s) 'example_bash_decorator' retrieved from /Users/beprathap/PycharmProjects/YouTube-airflow/airflow-venv/lib/python3.8/site-packages/airflow/example_dags/example_bash_decorator.py
[2024-11-26T14:18:58.082-0600] {logging_mixin.py:190} INFO - [2024-11-26T14:18:58.082-0600] {override.py:1901} INFO - Created Permission View: can edit on DAG:example_bash_decorator
[2024-11-26T14:18:58.084-0600] {logging_mixin.py:190} INFO - [2024-11-26T14:18:58.084-0600] {override.py:1901} INFO - Created Permission View: can read on DAG:example_bash_decorator
[2024-11-26T14:18:58.086-0600] {logging_mixin.py:190} INFO - [2024-11-26T14:18:58.086-0600] {override.py:1901} INFO - Created Permission View: can delete on DAG:example_bash_decorator
[2024-11-26T14:18:58.087-0600] {logging_mixin.py:190} INFO - [2024-11-26T14:18:58.087-0600] {override.py:1901} INFO - Created Permission View: menu access on DAG Run:example_bash_decorator
[2024-11-26T14:18:58.089-0600] {logging_mixin.py:190} INFO - [2024-11-26T14:18:58.089-0600] {override.py:1901} INFO - Created Permission View: can read on DAG Run:example_bash_decorator
[2024-11-26T14:18:58.090-0600] {logging_mixin.py:190} INFO - [2024-11-26T14:18:58.090-0600] {override.py:1901} INFO - Created Permission View: can delete on DAG Run:example_bash_decorator
[2024-11-26T14:18:58.092-0600] {logging_mixin.py:190} INFO - [2024-11-26T14:18:58.092-0600] {override.py:1901} INFO - Created Permission View: can create on DAG Run:example_bash_decorator
[2024-11-26T14:18:58.092-0600] {logging_mixin.py:190} INFO - [2024-11-26T14:18:58.092-0600] {dag.py:3239} INFO - Sync 1 DAGs
[2024-11-26T14:18:58.095-0600] {logging_mixin.py:190} INFO - [2024-11-26T14:18:58.095-0600] {dag.py:3262} INFO - Creating ORM DAG for example_bash_decorator
[2024-11-26T14:18:58.096-0600] {logging_mixin.py:190} INFO - [2024-11-26T14:18:58.096-0600] {dag.py:4180} INFO - Setting next_dagrun for example_bash_decorator to None, run_after=None
[2024-11-26T14:18:58.100-0600] {processor.py:208} INFO - Processing /Users/beprathap/PycharmProjects/YouTube-airflow/airflow-venv/lib/python3.8/site-packages/airflow/example_dags/example_bash_decorator.py took 0.095 seconds
[2024-11-26T14:21:11.969-0600] {processor.py:186} INFO - Started process (PID=18241) to work on /Users/beprathap/PycharmProjects/YouTube-airflow/airflow-venv/lib/python3.8/site-packages/airflow/example_dags/example_bash_decorator.py
[2024-11-26T14:21:11.969-0600] {processor.py:914} INFO - Processing file /Users/beprathap/PycharmProjects/YouTube-airflow/airflow-venv/lib/python3.8/site-packages/airflow/example_dags/example_bash_decorator.py for tasks to queue
[2024-11-26T14:21:11.969-0600] {logging_mixin.py:190} INFO - [2024-11-26T14:21:11.969-0600] {dagbag.py:588} INFO - Filling up the DagBag from /Users/beprathap/PycharmProjects/YouTube-airflow/airflow-venv/lib/python3.8/site-packages/airflow/example_dags/example_bash_decorator.py
[2024-11-26T14:21:11.983-0600] {processor.py:925} INFO - DAG(s) 'example_bash_decorator' retrieved from /Users/beprathap/PycharmProjects/YouTube-airflow/airflow-venv/lib/python3.8/site-packages/airflow/example_dags/example_bash_decorator.py
[2024-11-26T14:21:12.050-0600] {logging_mixin.py:190} INFO - [2024-11-26T14:21:12.049-0600] {dag.py:3239} INFO - Sync 1 DAGs
[2024-11-26T14:21:12.053-0600] {logging_mixin.py:190} INFO - [2024-11-26T14:21:12.053-0600] {dag.py:4180} INFO - Setting next_dagrun for example_bash_decorator to None, run_after=None
[2024-11-26T14:21:12.058-0600] {processor.py:208} INFO - Processing /Users/beprathap/PycharmProjects/YouTube-airflow/airflow-venv/lib/python3.8/site-packages/airflow/example_dags/example_bash_decorator.py took 0.091 seconds
[2024-11-26T14:23:25.040-0600] {processor.py:186} INFO - Started process (PID=18512) to work on /Users/beprathap/PycharmProjects/YouTube-airflow/airflow-venv/lib/python3.8/site-packages/airflow/example_dags/example_bash_decorator.py
[2024-11-26T14:23:25.041-0600] {processor.py:914} INFO - Processing file /Users/beprathap/PycharmProjects/YouTube-airflow/airflow-venv/lib/python3.8/site-packages/airflow/example_dags/example_bash_decorator.py for tasks to queue
[2024-11-26T14:23:25.042-0600] {logging_mixin.py:190} INFO - [2024-11-26T14:23:25.042-0600] {dagbag.py:588} INFO - Filling up the DagBag from /Users/beprathap/PycharmProjects/YouTube-airflow/airflow-venv/lib/python3.8/site-packages/airflow/example_dags/example_bash_decorator.py
[2024-11-26T14:23:25.055-0600] {processor.py:925} INFO - DAG(s) 'example_bash_decorator' retrieved from /Users/beprathap/PycharmProjects/YouTube-airflow/airflow-venv/lib/python3.8/site-packages/airflow/example_dags/example_bash_decorator.py
[2024-11-26T14:23:25.121-0600] {logging_mixin.py:190} INFO - [2024-11-26T14:23:25.121-0600] {dag.py:3239} INFO - Sync 1 DAGs
[2024-11-26T14:23:25.124-0600] {logging_mixin.py:190} INFO - [2024-11-26T14:23:25.124-0600] {dag.py:4180} INFO - Setting next_dagrun for example_bash_decorator to None, run_after=None
[2024-11-26T14:23:25.129-0600] {processor.py:208} INFO - Processing /Users/beprathap/PycharmProjects/YouTube-airflow/airflow-venv/lib/python3.8/site-packages/airflow/example_dags/example_bash_decorator.py took 0.090 seconds
[2024-11-26T14:25:33.934-0600] {processor.py:186} INFO - Started process (PID=18760) to work on /Users/beprathap/PycharmProjects/YouTube-airflow/airflow-venv/lib/python3.8/site-packages/airflow/example_dags/example_bash_decorator.py
[2024-11-26T14:25:33.935-0600] {processor.py:914} INFO - Processing file /Users/beprathap/PycharmProjects/YouTube-airflow/airflow-venv/lib/python3.8/site-packages/airflow/example_dags/example_bash_decorator.py for tasks to queue
[2024-11-26T14:25:33.935-0600] {logging_mixin.py:190} INFO - [2024-11-26T14:25:33.935-0600] {dagbag.py:588} INFO - Filling up the DagBag from /Users/beprathap/PycharmProjects/YouTube-airflow/airflow-venv/lib/python3.8/site-packages/airflow/example_dags/example_bash_decorator.py
[2024-11-26T14:25:33.948-0600] {processor.py:925} INFO - DAG(s) 'example_bash_decorator' retrieved from /Users/beprathap/PycharmProjects/YouTube-airflow/airflow-venv/lib/python3.8/site-packages/airflow/example_dags/example_bash_decorator.py
[2024-11-26T14:25:34.012-0600] {logging_mixin.py:190} INFO - [2024-11-26T14:25:34.012-0600] {dag.py:3239} INFO - Sync 1 DAGs
[2024-11-26T14:25:34.015-0600] {logging_mixin.py:190} INFO - [2024-11-26T14:25:34.015-0600] {dag.py:4180} INFO - Setting next_dagrun for example_bash_decorator to None, run_after=None
[2024-11-26T14:25:34.021-0600] {processor.py:208} INFO - Processing /Users/beprathap/PycharmProjects/YouTube-airflow/airflow-venv/lib/python3.8/site-packages/airflow/example_dags/example_bash_decorator.py took 0.088 seconds
[2024-11-26T14:27:40.360-0600] {processor.py:186} INFO - Started process (PID=18995) to work on /Users/beprathap/PycharmProjects/YouTube-airflow/airflow-venv/lib/python3.8/site-packages/airflow/example_dags/example_bash_decorator.py
[2024-11-26T14:27:40.360-0600] {processor.py:914} INFO - Processing file /Users/beprathap/PycharmProjects/YouTube-airflow/airflow-venv/lib/python3.8/site-packages/airflow/example_dags/example_bash_decorator.py for tasks to queue
[2024-11-26T14:27:40.361-0600] {logging_mixin.py:190} INFO - [2024-11-26T14:27:40.361-0600] {dagbag.py:588} INFO - Filling up the DagBag from /Users/beprathap/PycharmProjects/YouTube-airflow/airflow-venv/lib/python3.8/site-packages/airflow/example_dags/example_bash_decorator.py
[2024-11-26T14:27:40.374-0600] {processor.py:925} INFO - DAG(s) 'example_bash_decorator' retrieved from /Users/beprathap/PycharmProjects/YouTube-airflow/airflow-venv/lib/python3.8/site-packages/airflow/example_dags/example_bash_decorator.py
[2024-11-26T14:27:40.441-0600] {logging_mixin.py:190} INFO - [2024-11-26T14:27:40.441-0600] {dag.py:3239} INFO - Sync 1 DAGs
[2024-11-26T14:27:40.445-0600] {logging_mixin.py:190} INFO - [2024-11-26T14:27:40.445-0600] {dag.py:4180} INFO - Setting next_dagrun for example_bash_decorator to None, run_after=None
[2024-11-26T14:27:40.450-0600] {processor.py:208} INFO - Processing /Users/beprathap/PycharmProjects/YouTube-airflow/airflow-venv/lib/python3.8/site-packages/airflow/example_dags/example_bash_decorator.py took 0.091 seconds
[2024-11-26T14:29:49.806-0600] {processor.py:186} INFO - Started process (PID=19235) to work on /Users/beprathap/PycharmProjects/YouTube-airflow/airflow-venv/lib/python3.8/site-packages/airflow/example_dags/example_bash_decorator.py
[2024-11-26T14:29:49.807-0600] {processor.py:914} INFO - Processing file /Users/beprathap/PycharmProjects/YouTube-airflow/airflow-venv/lib/python3.8/site-packages/airflow/example_dags/example_bash_decorator.py for tasks to queue
[2024-11-26T14:29:49.807-0600] {logging_mixin.py:190} INFO - [2024-11-26T14:29:49.807-0600] {dagbag.py:588} INFO - Filling up the DagBag from /Users/beprathap/PycharmProjects/YouTube-airflow/airflow-venv/lib/python3.8/site-packages/airflow/example_dags/example_bash_decorator.py
[2024-11-26T14:29:49.820-0600] {processor.py:925} INFO - DAG(s) 'example_bash_decorator' retrieved from /Users/beprathap/PycharmProjects/YouTube-airflow/airflow-venv/lib/python3.8/site-packages/airflow/example_dags/example_bash_decorator.py
[2024-11-26T14:29:49.884-0600] {logging_mixin.py:190} INFO - [2024-11-26T14:29:49.884-0600] {dag.py:3239} INFO - Sync 1 DAGs
[2024-11-26T14:29:49.887-0600] {logging_mixin.py:190} INFO - [2024-11-26T14:29:49.887-0600] {dag.py:4180} INFO - Setting next_dagrun for example_bash_decorator to None, run_after=None
[2024-11-26T14:29:49.893-0600] {processor.py:208} INFO - Processing /Users/beprathap/PycharmProjects/YouTube-airflow/airflow-venv/lib/python3.8/site-packages/airflow/example_dags/example_bash_decorator.py took 0.088 seconds
[2024-11-26T14:37:20.004-0600] {processor.py:186} INFO - Started process (PID=19654) to work on /Users/beprathap/PycharmProjects/YouTube-airflow/airflow-venv/lib/python3.8/site-packages/airflow/example_dags/example_bash_decorator.py
[2024-11-26T14:37:20.005-0600] {processor.py:914} INFO - Processing file /Users/beprathap/PycharmProjects/YouTube-airflow/airflow-venv/lib/python3.8/site-packages/airflow/example_dags/example_bash_decorator.py for tasks to queue
[2024-11-26T14:37:20.005-0600] {logging_mixin.py:190} INFO - [2024-11-26T14:37:20.005-0600] {dagbag.py:588} INFO - Filling up the DagBag from /Users/beprathap/PycharmProjects/YouTube-airflow/airflow-venv/lib/python3.8/site-packages/airflow/example_dags/example_bash_decorator.py
[2024-11-26T14:37:20.018-0600] {processor.py:925} INFO - DAG(s) 'example_bash_decorator' retrieved from /Users/beprathap/PycharmProjects/YouTube-airflow/airflow-venv/lib/python3.8/site-packages/airflow/example_dags/example_bash_decorator.py
[2024-11-26T14:37:20.083-0600] {logging_mixin.py:190} INFO - [2024-11-26T14:37:20.083-0600] {dag.py:3239} INFO - Sync 1 DAGs
[2024-11-26T14:37:20.087-0600] {logging_mixin.py:190} INFO - [2024-11-26T14:37:20.087-0600] {dag.py:4180} INFO - Setting next_dagrun for example_bash_decorator to None, run_after=None
[2024-11-26T14:37:20.092-0600] {processor.py:208} INFO - Processing /Users/beprathap/PycharmProjects/YouTube-airflow/airflow-venv/lib/python3.8/site-packages/airflow/example_dags/example_bash_decorator.py took 0.090 seconds
[2024-11-26T14:39:38.475-0600] {processor.py:186} INFO - Started process (PID=19913) to work on /Users/beprathap/PycharmProjects/YouTube-airflow/airflow-venv/lib/python3.8/site-packages/airflow/example_dags/example_bash_decorator.py
[2024-11-26T14:39:38.476-0600] {processor.py:914} INFO - Processing file /Users/beprathap/PycharmProjects/YouTube-airflow/airflow-venv/lib/python3.8/site-packages/airflow/example_dags/example_bash_decorator.py for tasks to queue
[2024-11-26T14:39:38.476-0600] {logging_mixin.py:190} INFO - [2024-11-26T14:39:38.476-0600] {dagbag.py:588} INFO - Filling up the DagBag from /Users/beprathap/PycharmProjects/YouTube-airflow/airflow-venv/lib/python3.8/site-packages/airflow/example_dags/example_bash_decorator.py
[2024-11-26T14:39:38.490-0600] {processor.py:925} INFO - DAG(s) 'example_bash_decorator' retrieved from /Users/beprathap/PycharmProjects/YouTube-airflow/airflow-venv/lib/python3.8/site-packages/airflow/example_dags/example_bash_decorator.py
[2024-11-26T14:39:38.557-0600] {logging_mixin.py:190} INFO - [2024-11-26T14:39:38.557-0600] {dag.py:3239} INFO - Sync 1 DAGs
[2024-11-26T14:39:38.561-0600] {logging_mixin.py:190} INFO - [2024-11-26T14:39:38.561-0600] {dag.py:4180} INFO - Setting next_dagrun for example_bash_decorator to None, run_after=None
[2024-11-26T14:39:38.566-0600] {processor.py:208} INFO - Processing /Users/beprathap/PycharmProjects/YouTube-airflow/airflow-venv/lib/python3.8/site-packages/airflow/example_dags/example_bash_decorator.py took 0.092 seconds
[2024-11-26T14:41:50.104-0600] {processor.py:186} INFO - Started process (PID=20159) to work on /Users/beprathap/PycharmProjects/YouTube-airflow/airflow-venv/lib/python3.8/site-packages/airflow/example_dags/example_bash_decorator.py
[2024-11-26T14:41:50.105-0600] {processor.py:914} INFO - Processing file /Users/beprathap/PycharmProjects/YouTube-airflow/airflow-venv/lib/python3.8/site-packages/airflow/example_dags/example_bash_decorator.py for tasks to queue
[2024-11-26T14:41:50.105-0600] {logging_mixin.py:190} INFO - [2024-11-26T14:41:50.105-0600] {dagbag.py:588} INFO - Filling up the DagBag from /Users/beprathap/PycharmProjects/YouTube-airflow/airflow-venv/lib/python3.8/site-packages/airflow/example_dags/example_bash_decorator.py
[2024-11-26T14:41:50.118-0600] {processor.py:925} INFO - DAG(s) 'example_bash_decorator' retrieved from /Users/beprathap/PycharmProjects/YouTube-airflow/airflow-venv/lib/python3.8/site-packages/airflow/example_dags/example_bash_decorator.py
[2024-11-26T14:41:50.181-0600] {logging_mixin.py:190} INFO - [2024-11-26T14:41:50.181-0600] {dag.py:3239} INFO - Sync 1 DAGs
[2024-11-26T14:41:50.185-0600] {logging_mixin.py:190} INFO - [2024-11-26T14:41:50.185-0600] {dag.py:4180} INFO - Setting next_dagrun for example_bash_decorator to None, run_after=None
[2024-11-26T14:41:50.190-0600] {processor.py:208} INFO - Processing /Users/beprathap/PycharmProjects/YouTube-airflow/airflow-venv/lib/python3.8/site-packages/airflow/example_dags/example_bash_decorator.py took 0.087 seconds
[2024-11-26T14:44:02.710-0600] {processor.py:186} INFO - Started process (PID=20405) to work on /Users/beprathap/PycharmProjects/YouTube-airflow/airflow-venv/lib/python3.8/site-packages/airflow/example_dags/example_bash_decorator.py
[2024-11-26T14:44:02.711-0600] {processor.py:914} INFO - Processing file /Users/beprathap/PycharmProjects/YouTube-airflow/airflow-venv/lib/python3.8/site-packages/airflow/example_dags/example_bash_decorator.py for tasks to queue
[2024-11-26T14:44:02.711-0600] {logging_mixin.py:190} INFO - [2024-11-26T14:44:02.711-0600] {dagbag.py:588} INFO - Filling up the DagBag from /Users/beprathap/PycharmProjects/YouTube-airflow/airflow-venv/lib/python3.8/site-packages/airflow/example_dags/example_bash_decorator.py
[2024-11-26T14:44:02.724-0600] {processor.py:925} INFO - DAG(s) 'example_bash_decorator' retrieved from /Users/beprathap/PycharmProjects/YouTube-airflow/airflow-venv/lib/python3.8/site-packages/airflow/example_dags/example_bash_decorator.py
[2024-11-26T14:44:02.791-0600] {logging_mixin.py:190} INFO - [2024-11-26T14:44:02.791-0600] {dag.py:3239} INFO - Sync 1 DAGs
[2024-11-26T14:44:02.795-0600] {logging_mixin.py:190} INFO - [2024-11-26T14:44:02.795-0600] {dag.py:4180} INFO - Setting next_dagrun for example_bash_decorator to None, run_after=None
[2024-11-26T14:44:02.800-0600] {processor.py:208} INFO - Processing /Users/beprathap/PycharmProjects/YouTube-airflow/airflow-venv/lib/python3.8/site-packages/airflow/example_dags/example_bash_decorator.py took 0.091 seconds
[2024-11-26T14:46:14.711-0600] {processor.py:186} INFO - Started process (PID=20670) to work on /Users/beprathap/PycharmProjects/YouTube-airflow/airflow-venv/lib/python3.8/site-packages/airflow/example_dags/example_bash_decorator.py
[2024-11-26T14:46:14.711-0600] {processor.py:914} INFO - Processing file /Users/beprathap/PycharmProjects/YouTube-airflow/airflow-venv/lib/python3.8/site-packages/airflow/example_dags/example_bash_decorator.py for tasks to queue
[2024-11-26T14:46:14.712-0600] {logging_mixin.py:190} INFO - [2024-11-26T14:46:14.712-0600] {dagbag.py:588} INFO - Filling up the DagBag from /Users/beprathap/PycharmProjects/YouTube-airflow/airflow-venv/lib/python3.8/site-packages/airflow/example_dags/example_bash_decorator.py
[2024-11-26T14:46:14.727-0600] {processor.py:925} INFO - DAG(s) 'example_bash_decorator' retrieved from /Users/beprathap/PycharmProjects/YouTube-airflow/airflow-venv/lib/python3.8/site-packages/airflow/example_dags/example_bash_decorator.py
[2024-11-26T14:46:14.795-0600] {logging_mixin.py:190} INFO - [2024-11-26T14:46:14.795-0600] {dag.py:3239} INFO - Sync 1 DAGs
[2024-11-26T14:46:14.799-0600] {logging_mixin.py:190} INFO - [2024-11-26T14:46:14.799-0600] {dag.py:4180} INFO - Setting next_dagrun for example_bash_decorator to None, run_after=None
[2024-11-26T14:46:14.805-0600] {processor.py:208} INFO - Processing /Users/beprathap/PycharmProjects/YouTube-airflow/airflow-venv/lib/python3.8/site-packages/airflow/example_dags/example_bash_decorator.py took 0.095 seconds
[2024-11-26T14:48:29.834-0600] {processor.py:186} INFO - Started process (PID=20931) to work on /Users/beprathap/PycharmProjects/YouTube-airflow/airflow-venv/lib/python3.8/site-packages/airflow/example_dags/example_bash_decorator.py
[2024-11-26T14:48:29.834-0600] {processor.py:914} INFO - Processing file /Users/beprathap/PycharmProjects/YouTube-airflow/airflow-venv/lib/python3.8/site-packages/airflow/example_dags/example_bash_decorator.py for tasks to queue
[2024-11-26T14:48:29.834-0600] {logging_mixin.py:190} INFO - [2024-11-26T14:48:29.834-0600] {dagbag.py:588} INFO - Filling up the DagBag from /Users/beprathap/PycharmProjects/YouTube-airflow/airflow-venv/lib/python3.8/site-packages/airflow/example_dags/example_bash_decorator.py
[2024-11-26T14:48:29.848-0600] {processor.py:925} INFO - DAG(s) 'example_bash_decorator' retrieved from /Users/beprathap/PycharmProjects/YouTube-airflow/airflow-venv/lib/python3.8/site-packages/airflow/example_dags/example_bash_decorator.py
[2024-11-26T14:48:29.913-0600] {logging_mixin.py:190} INFO - [2024-11-26T14:48:29.913-0600] {dag.py:3239} INFO - Sync 1 DAGs
[2024-11-26T14:48:29.917-0600] {logging_mixin.py:190} INFO - [2024-11-26T14:48:29.917-0600] {dag.py:4180} INFO - Setting next_dagrun for example_bash_decorator to None, run_after=None
[2024-11-26T14:48:29.922-0600] {processor.py:208} INFO - Processing /Users/beprathap/PycharmProjects/YouTube-airflow/airflow-venv/lib/python3.8/site-packages/airflow/example_dags/example_bash_decorator.py took 0.090 seconds
[2024-11-26T15:02:36.982-0600] {processor.py:186} INFO - Started process (PID=21487) to work on /Library/Frameworks/Python.framework/Versions/3.8/lib/python3.8/site-packages/airflow/example_dags/example_bash_decorator.py
[2024-11-26T15:02:36.983-0600] {processor.py:914} INFO - Processing file /Library/Frameworks/Python.framework/Versions/3.8/lib/python3.8/site-packages/airflow/example_dags/example_bash_decorator.py for tasks to queue
[2024-11-26T15:02:36.984-0600] {logging_mixin.py:190} INFO - [2024-11-26T15:02:36.984-0600] {dagbag.py:588} INFO - Filling up the DagBag from /Library/Frameworks/Python.framework/Versions/3.8/lib/python3.8/site-packages/airflow/example_dags/example_bash_decorator.py
[2024-11-26T15:02:36.997-0600] {processor.py:925} INFO - DAG(s) 'example_bash_decorator' retrieved from /Library/Frameworks/Python.framework/Versions/3.8/lib/python3.8/site-packages/airflow/example_dags/example_bash_decorator.py
[2024-11-26T15:02:37.062-0600] {logging_mixin.py:190} INFO - [2024-11-26T15:02:37.062-0600] {dag.py:3239} INFO - Sync 1 DAGs
[2024-11-26T15:02:37.066-0600] {logging_mixin.py:190} INFO - [2024-11-26T15:02:37.066-0600] {dag.py:4180} INFO - Setting next_dagrun for example_bash_decorator to None, run_after=None
[2024-11-26T15:02:37.072-0600] {processor.py:208} INFO - Processing /Library/Frameworks/Python.framework/Versions/3.8/lib/python3.8/site-packages/airflow/example_dags/example_bash_decorator.py took 0.091 seconds
[2024-11-26T15:04:58.634-0600] {processor.py:186} INFO - Started process (PID=21739) to work on /Library/Frameworks/Python.framework/Versions/3.8/lib/python3.8/site-packages/airflow/example_dags/example_bash_decorator.py
[2024-11-26T15:04:58.635-0600] {processor.py:914} INFO - Processing file /Library/Frameworks/Python.framework/Versions/3.8/lib/python3.8/site-packages/airflow/example_dags/example_bash_decorator.py for tasks to queue
[2024-11-26T15:04:58.635-0600] {logging_mixin.py:190} INFO - [2024-11-26T15:04:58.635-0600] {dagbag.py:588} INFO - Filling up the DagBag from /Library/Frameworks/Python.framework/Versions/3.8/lib/python3.8/site-packages/airflow/example_dags/example_bash_decorator.py
[2024-11-26T15:04:58.648-0600] {processor.py:925} INFO - DAG(s) 'example_bash_decorator' retrieved from /Library/Frameworks/Python.framework/Versions/3.8/lib/python3.8/site-packages/airflow/example_dags/example_bash_decorator.py
[2024-11-26T15:04:58.712-0600] {logging_mixin.py:190} INFO - [2024-11-26T15:04:58.712-0600] {dag.py:3239} INFO - Sync 1 DAGs
[2024-11-26T15:04:58.715-0600] {logging_mixin.py:190} INFO - [2024-11-26T15:04:58.715-0600] {dag.py:4180} INFO - Setting next_dagrun for example_bash_decorator to None, run_after=None
[2024-11-26T15:04:58.721-0600] {processor.py:208} INFO - Processing /Library/Frameworks/Python.framework/Versions/3.8/lib/python3.8/site-packages/airflow/example_dags/example_bash_decorator.py took 0.087 seconds
[2024-11-26T15:07:19.900-0600] {processor.py:186} INFO - Started process (PID=22012) to work on /Library/Frameworks/Python.framework/Versions/3.8/lib/python3.8/site-packages/airflow/example_dags/example_bash_decorator.py
[2024-11-26T15:07:19.900-0600] {processor.py:914} INFO - Processing file /Library/Frameworks/Python.framework/Versions/3.8/lib/python3.8/site-packages/airflow/example_dags/example_bash_decorator.py for tasks to queue
[2024-11-26T15:07:19.901-0600] {logging_mixin.py:190} INFO - [2024-11-26T15:07:19.901-0600] {dagbag.py:588} INFO - Filling up the DagBag from /Library/Frameworks/Python.framework/Versions/3.8/lib/python3.8/site-packages/airflow/example_dags/example_bash_decorator.py
[2024-11-26T15:07:19.914-0600] {processor.py:925} INFO - DAG(s) 'example_bash_decorator' retrieved from /Library/Frameworks/Python.framework/Versions/3.8/lib/python3.8/site-packages/airflow/example_dags/example_bash_decorator.py
[2024-11-26T15:07:19.980-0600] {logging_mixin.py:190} INFO - [2024-11-26T15:07:19.980-0600] {dag.py:3239} INFO - Sync 1 DAGs
[2024-11-26T15:07:19.983-0600] {logging_mixin.py:190} INFO - [2024-11-26T15:07:19.983-0600] {dag.py:4180} INFO - Setting next_dagrun for example_bash_decorator to None, run_after=None
[2024-11-26T15:07:19.989-0600] {processor.py:208} INFO - Processing /Library/Frameworks/Python.framework/Versions/3.8/lib/python3.8/site-packages/airflow/example_dags/example_bash_decorator.py took 0.090 seconds
[2024-11-26T15:17:35.641-0600] {processor.py:186} INFO - Started process (PID=22488) to work on /Library/Frameworks/Python.framework/Versions/3.8/lib/python3.8/site-packages/airflow/example_dags/example_bash_decorator.py
[2024-11-26T15:17:35.642-0600] {processor.py:914} INFO - Processing file /Library/Frameworks/Python.framework/Versions/3.8/lib/python3.8/site-packages/airflow/example_dags/example_bash_decorator.py for tasks to queue
[2024-11-26T15:17:35.643-0600] {logging_mixin.py:190} INFO - [2024-11-26T15:17:35.643-0600] {dagbag.py:588} INFO - Filling up the DagBag from /Library/Frameworks/Python.framework/Versions/3.8/lib/python3.8/site-packages/airflow/example_dags/example_bash_decorator.py
[2024-11-26T15:17:35.657-0600] {processor.py:925} INFO - DAG(s) 'example_bash_decorator' retrieved from /Library/Frameworks/Python.framework/Versions/3.8/lib/python3.8/site-packages/airflow/example_dags/example_bash_decorator.py
[2024-11-26T15:17:35.722-0600] {logging_mixin.py:190} INFO - [2024-11-26T15:17:35.722-0600] {dag.py:3239} INFO - Sync 1 DAGs
[2024-11-26T15:17:35.726-0600] {logging_mixin.py:190} INFO - [2024-11-26T15:17:35.726-0600] {dag.py:4180} INFO - Setting next_dagrun for example_bash_decorator to None, run_after=None
[2024-11-26T15:17:35.731-0600] {processor.py:208} INFO - Processing /Library/Frameworks/Python.framework/Versions/3.8/lib/python3.8/site-packages/airflow/example_dags/example_bash_decorator.py took 0.092 seconds
[2024-11-26T15:19:51.307-0600] {processor.py:186} INFO - Started process (PID=22751) to work on /Library/Frameworks/Python.framework/Versions/3.8/lib/python3.8/site-packages/airflow/example_dags/example_bash_decorator.py
[2024-11-26T15:19:51.307-0600] {processor.py:914} INFO - Processing file /Library/Frameworks/Python.framework/Versions/3.8/lib/python3.8/site-packages/airflow/example_dags/example_bash_decorator.py for tasks to queue
[2024-11-26T15:19:51.308-0600] {logging_mixin.py:190} INFO - [2024-11-26T15:19:51.307-0600] {dagbag.py:588} INFO - Filling up the DagBag from /Library/Frameworks/Python.framework/Versions/3.8/lib/python3.8/site-packages/airflow/example_dags/example_bash_decorator.py
[2024-11-26T15:19:51.321-0600] {processor.py:925} INFO - DAG(s) 'example_bash_decorator' retrieved from /Library/Frameworks/Python.framework/Versions/3.8/lib/python3.8/site-packages/airflow/example_dags/example_bash_decorator.py
[2024-11-26T15:19:51.388-0600] {logging_mixin.py:190} INFO - [2024-11-26T15:19:51.388-0600] {dag.py:3239} INFO - Sync 1 DAGs
[2024-11-26T15:19:51.392-0600] {logging_mixin.py:190} INFO - [2024-11-26T15:19:51.392-0600] {dag.py:4180} INFO - Setting next_dagrun for example_bash_decorator to None, run_after=None
[2024-11-26T15:19:51.398-0600] {processor.py:208} INFO - Processing /Library/Frameworks/Python.framework/Versions/3.8/lib/python3.8/site-packages/airflow/example_dags/example_bash_decorator.py took 0.092 seconds
[2024-11-26T15:22:02.866-0600] {processor.py:186} INFO - Started process (PID=23015) to work on /Library/Frameworks/Python.framework/Versions/3.8/lib/python3.8/site-packages/airflow/example_dags/example_bash_decorator.py
[2024-11-26T15:22:02.866-0600] {processor.py:914} INFO - Processing file /Library/Frameworks/Python.framework/Versions/3.8/lib/python3.8/site-packages/airflow/example_dags/example_bash_decorator.py for tasks to queue
[2024-11-26T15:22:02.866-0600] {logging_mixin.py:190} INFO - [2024-11-26T15:22:02.866-0600] {dagbag.py:588} INFO - Filling up the DagBag from /Library/Frameworks/Python.framework/Versions/3.8/lib/python3.8/site-packages/airflow/example_dags/example_bash_decorator.py
[2024-11-26T15:22:02.880-0600] {processor.py:925} INFO - DAG(s) 'example_bash_decorator' retrieved from /Library/Frameworks/Python.framework/Versions/3.8/lib/python3.8/site-packages/airflow/example_dags/example_bash_decorator.py
[2024-11-26T15:22:02.946-0600] {logging_mixin.py:190} INFO - [2024-11-26T15:22:02.946-0600] {dag.py:3239} INFO - Sync 1 DAGs
[2024-11-26T15:22:02.949-0600] {logging_mixin.py:190} INFO - [2024-11-26T15:22:02.949-0600] {dag.py:4180} INFO - Setting next_dagrun for example_bash_decorator to None, run_after=None
[2024-11-26T15:22:02.955-0600] {processor.py:208} INFO - Processing /Library/Frameworks/Python.framework/Versions/3.8/lib/python3.8/site-packages/airflow/example_dags/example_bash_decorator.py took 0.090 seconds
[2024-11-26T15:34:29.893-0600] {processor.py:186} INFO - Started process (PID=23584) to work on /Library/Frameworks/Python.framework/Versions/3.8/lib/python3.8/site-packages/airflow/example_dags/example_bash_decorator.py
[2024-11-26T15:34:29.895-0600] {processor.py:914} INFO - Processing file /Library/Frameworks/Python.framework/Versions/3.8/lib/python3.8/site-packages/airflow/example_dags/example_bash_decorator.py for tasks to queue
[2024-11-26T15:34:29.895-0600] {logging_mixin.py:190} INFO - [2024-11-26T15:34:29.895-0600] {dagbag.py:588} INFO - Filling up the DagBag from /Library/Frameworks/Python.framework/Versions/3.8/lib/python3.8/site-packages/airflow/example_dags/example_bash_decorator.py
[2024-11-26T15:34:29.909-0600] {processor.py:925} INFO - DAG(s) 'example_bash_decorator' retrieved from /Library/Frameworks/Python.framework/Versions/3.8/lib/python3.8/site-packages/airflow/example_dags/example_bash_decorator.py
[2024-11-26T15:34:29.974-0600] {logging_mixin.py:190} INFO - [2024-11-26T15:34:29.974-0600] {dag.py:3239} INFO - Sync 1 DAGs
[2024-11-26T15:34:29.977-0600] {logging_mixin.py:190} INFO - [2024-11-26T15:34:29.977-0600] {dag.py:4180} INFO - Setting next_dagrun for example_bash_decorator to None, run_after=None
[2024-11-26T15:34:29.983-0600] {processor.py:208} INFO - Processing /Library/Frameworks/Python.framework/Versions/3.8/lib/python3.8/site-packages/airflow/example_dags/example_bash_decorator.py took 0.091 seconds
[2024-11-26T15:36:46.374-0600] {processor.py:186} INFO - Started process (PID=23845) to work on /Library/Frameworks/Python.framework/Versions/3.8/lib/python3.8/site-packages/airflow/example_dags/example_bash_decorator.py
[2024-11-26T15:36:46.375-0600] {processor.py:914} INFO - Processing file /Library/Frameworks/Python.framework/Versions/3.8/lib/python3.8/site-packages/airflow/example_dags/example_bash_decorator.py for tasks to queue
[2024-11-26T15:36:46.376-0600] {logging_mixin.py:190} INFO - [2024-11-26T15:36:46.376-0600] {dagbag.py:588} INFO - Filling up the DagBag from /Library/Frameworks/Python.framework/Versions/3.8/lib/python3.8/site-packages/airflow/example_dags/example_bash_decorator.py
[2024-11-26T15:36:46.389-0600] {processor.py:925} INFO - DAG(s) 'example_bash_decorator' retrieved from /Library/Frameworks/Python.framework/Versions/3.8/lib/python3.8/site-packages/airflow/example_dags/example_bash_decorator.py
[2024-11-26T15:36:46.457-0600] {logging_mixin.py:190} INFO - [2024-11-26T15:36:46.456-0600] {dag.py:3239} INFO - Sync 1 DAGs
[2024-11-26T15:36:46.460-0600] {logging_mixin.py:190} INFO - [2024-11-26T15:36:46.460-0600] {dag.py:4180} INFO - Setting next_dagrun for example_bash_decorator to None, run_after=None
[2024-11-26T15:36:46.465-0600] {processor.py:208} INFO - Processing /Library/Frameworks/Python.framework/Versions/3.8/lib/python3.8/site-packages/airflow/example_dags/example_bash_decorator.py took 0.092 seconds
[2024-11-26T15:39:01.744-0600] {processor.py:186} INFO - Started process (PID=24101) to work on /Library/Frameworks/Python.framework/Versions/3.8/lib/python3.8/site-packages/airflow/example_dags/example_bash_decorator.py
[2024-11-26T15:39:01.744-0600] {processor.py:914} INFO - Processing file /Library/Frameworks/Python.framework/Versions/3.8/lib/python3.8/site-packages/airflow/example_dags/example_bash_decorator.py for tasks to queue
[2024-11-26T15:39:01.744-0600] {logging_mixin.py:190} INFO - [2024-11-26T15:39:01.744-0600] {dagbag.py:588} INFO - Filling up the DagBag from /Library/Frameworks/Python.framework/Versions/3.8/lib/python3.8/site-packages/airflow/example_dags/example_bash_decorator.py
[2024-11-26T15:39:01.758-0600] {processor.py:925} INFO - DAG(s) 'example_bash_decorator' retrieved from /Library/Frameworks/Python.framework/Versions/3.8/lib/python3.8/site-packages/airflow/example_dags/example_bash_decorator.py
[2024-11-26T15:39:01.824-0600] {logging_mixin.py:190} INFO - [2024-11-26T15:39:01.824-0600] {dag.py:3239} INFO - Sync 1 DAGs
[2024-11-26T15:39:01.827-0600] {logging_mixin.py:190} INFO - [2024-11-26T15:39:01.827-0600] {dag.py:4180} INFO - Setting next_dagrun for example_bash_decorator to None, run_after=None
[2024-11-26T15:39:01.833-0600] {processor.py:208} INFO - Processing /Library/Frameworks/Python.framework/Versions/3.8/lib/python3.8/site-packages/airflow/example_dags/example_bash_decorator.py took 0.091 seconds
[2024-11-26T15:41:16.625-0600] {processor.py:186} INFO - Started process (PID=24360) to work on /Library/Frameworks/Python.framework/Versions/3.8/lib/python3.8/site-packages/airflow/example_dags/example_bash_decorator.py
[2024-11-26T15:41:16.627-0600] {processor.py:914} INFO - Processing file /Library/Frameworks/Python.framework/Versions/3.8/lib/python3.8/site-packages/airflow/example_dags/example_bash_decorator.py for tasks to queue
[2024-11-26T15:41:16.627-0600] {logging_mixin.py:190} INFO - [2024-11-26T15:41:16.627-0600] {dagbag.py:588} INFO - Filling up the DagBag from /Library/Frameworks/Python.framework/Versions/3.8/lib/python3.8/site-packages/airflow/example_dags/example_bash_decorator.py
[2024-11-26T15:41:16.640-0600] {processor.py:925} INFO - DAG(s) 'example_bash_decorator' retrieved from /Library/Frameworks/Python.framework/Versions/3.8/lib/python3.8/site-packages/airflow/example_dags/example_bash_decorator.py
[2024-11-26T15:41:16.706-0600] {logging_mixin.py:190} INFO - [2024-11-26T15:41:16.706-0600] {dag.py:3239} INFO - Sync 1 DAGs
[2024-11-26T15:41:16.709-0600] {logging_mixin.py:190} INFO - [2024-11-26T15:41:16.709-0600] {dag.py:4180} INFO - Setting next_dagrun for example_bash_decorator to None, run_after=None
[2024-11-26T15:41:16.715-0600] {processor.py:208} INFO - Processing /Library/Frameworks/Python.framework/Versions/3.8/lib/python3.8/site-packages/airflow/example_dags/example_bash_decorator.py took 0.091 seconds
[2024-11-26T15:43:33.708-0600] {processor.py:186} INFO - Started process (PID=24611) to work on /Library/Frameworks/Python.framework/Versions/3.8/lib/python3.8/site-packages/airflow/example_dags/example_bash_decorator.py
[2024-11-26T15:43:33.709-0600] {processor.py:914} INFO - Processing file /Library/Frameworks/Python.framework/Versions/3.8/lib/python3.8/site-packages/airflow/example_dags/example_bash_decorator.py for tasks to queue
[2024-11-26T15:43:33.709-0600] {logging_mixin.py:190} INFO - [2024-11-26T15:43:33.709-0600] {dagbag.py:588} INFO - Filling up the DagBag from /Library/Frameworks/Python.framework/Versions/3.8/lib/python3.8/site-packages/airflow/example_dags/example_bash_decorator.py
[2024-11-26T15:43:33.722-0600] {processor.py:925} INFO - DAG(s) 'example_bash_decorator' retrieved from /Library/Frameworks/Python.framework/Versions/3.8/lib/python3.8/site-packages/airflow/example_dags/example_bash_decorator.py
[2024-11-26T15:43:33.787-0600] {logging_mixin.py:190} INFO - [2024-11-26T15:43:33.787-0600] {dag.py:3239} INFO - Sync 1 DAGs
[2024-11-26T15:43:33.791-0600] {logging_mixin.py:190} INFO - [2024-11-26T15:43:33.791-0600] {dag.py:4180} INFO - Setting next_dagrun for example_bash_decorator to None, run_after=None
[2024-11-26T15:43:33.796-0600] {processor.py:208} INFO - Processing /Library/Frameworks/Python.framework/Versions/3.8/lib/python3.8/site-packages/airflow/example_dags/example_bash_decorator.py took 0.089 seconds
[2024-11-26T15:45:49.832-0600] {processor.py:186} INFO - Started process (PID=24861) to work on /Library/Frameworks/Python.framework/Versions/3.8/lib/python3.8/site-packages/airflow/example_dags/example_bash_decorator.py
[2024-11-26T15:45:49.833-0600] {processor.py:914} INFO - Processing file /Library/Frameworks/Python.framework/Versions/3.8/lib/python3.8/site-packages/airflow/example_dags/example_bash_decorator.py for tasks to queue
[2024-11-26T15:45:49.833-0600] {logging_mixin.py:190} INFO - [2024-11-26T15:45:49.833-0600] {dagbag.py:588} INFO - Filling up the DagBag from /Library/Frameworks/Python.framework/Versions/3.8/lib/python3.8/site-packages/airflow/example_dags/example_bash_decorator.py
[2024-11-26T15:45:49.848-0600] {processor.py:925} INFO - DAG(s) 'example_bash_decorator' retrieved from /Library/Frameworks/Python.framework/Versions/3.8/lib/python3.8/site-packages/airflow/example_dags/example_bash_decorator.py
[2024-11-26T15:45:49.914-0600] {logging_mixin.py:190} INFO - [2024-11-26T15:45:49.914-0600] {dag.py:3239} INFO - Sync 1 DAGs
[2024-11-26T15:45:49.917-0600] {logging_mixin.py:190} INFO - [2024-11-26T15:45:49.917-0600] {dag.py:4180} INFO - Setting next_dagrun for example_bash_decorator to None, run_after=None
[2024-11-26T15:45:49.923-0600] {processor.py:208} INFO - Processing /Library/Frameworks/Python.framework/Versions/3.8/lib/python3.8/site-packages/airflow/example_dags/example_bash_decorator.py took 0.092 seconds
[2024-11-26T15:48:00.808-0600] {processor.py:186} INFO - Started process (PID=25116) to work on /Library/Frameworks/Python.framework/Versions/3.8/lib/python3.8/site-packages/airflow/example_dags/example_bash_decorator.py
[2024-11-26T15:48:00.809-0600] {processor.py:914} INFO - Processing file /Library/Frameworks/Python.framework/Versions/3.8/lib/python3.8/site-packages/airflow/example_dags/example_bash_decorator.py for tasks to queue
[2024-11-26T15:48:00.809-0600] {logging_mixin.py:190} INFO - [2024-11-26T15:48:00.809-0600] {dagbag.py:588} INFO - Filling up the DagBag from /Library/Frameworks/Python.framework/Versions/3.8/lib/python3.8/site-packages/airflow/example_dags/example_bash_decorator.py
[2024-11-26T15:48:00.822-0600] {processor.py:925} INFO - DAG(s) 'example_bash_decorator' retrieved from /Library/Frameworks/Python.framework/Versions/3.8/lib/python3.8/site-packages/airflow/example_dags/example_bash_decorator.py
[2024-11-26T15:48:00.888-0600] {logging_mixin.py:190} INFO - [2024-11-26T15:48:00.888-0600] {dag.py:3239} INFO - Sync 1 DAGs
[2024-11-26T15:48:00.891-0600] {logging_mixin.py:190} INFO - [2024-11-26T15:48:00.891-0600] {dag.py:4180} INFO - Setting next_dagrun for example_bash_decorator to None, run_after=None
[2024-11-26T15:48:00.897-0600] {processor.py:208} INFO - Processing /Library/Frameworks/Python.framework/Versions/3.8/lib/python3.8/site-packages/airflow/example_dags/example_bash_decorator.py took 0.089 seconds
[2024-11-26T15:50:15.715-0600] {processor.py:186} INFO - Started process (PID=25374) to work on /Library/Frameworks/Python.framework/Versions/3.8/lib/python3.8/site-packages/airflow/example_dags/example_bash_decorator.py
[2024-11-26T15:50:15.716-0600] {processor.py:914} INFO - Processing file /Library/Frameworks/Python.framework/Versions/3.8/lib/python3.8/site-packages/airflow/example_dags/example_bash_decorator.py for tasks to queue
[2024-11-26T15:50:15.716-0600] {logging_mixin.py:190} INFO - [2024-11-26T15:50:15.716-0600] {dagbag.py:588} INFO - Filling up the DagBag from /Library/Frameworks/Python.framework/Versions/3.8/lib/python3.8/site-packages/airflow/example_dags/example_bash_decorator.py
[2024-11-26T15:50:15.731-0600] {processor.py:925} INFO - DAG(s) 'example_bash_decorator' retrieved from /Library/Frameworks/Python.framework/Versions/3.8/lib/python3.8/site-packages/airflow/example_dags/example_bash_decorator.py
[2024-11-26T15:50:15.807-0600] {logging_mixin.py:190} INFO - [2024-11-26T15:50:15.807-0600] {dag.py:3239} INFO - Sync 1 DAGs
[2024-11-26T15:50:15.811-0600] {logging_mixin.py:190} INFO - [2024-11-26T15:50:15.810-0600] {dag.py:4180} INFO - Setting next_dagrun for example_bash_decorator to None, run_after=None
[2024-11-26T15:50:15.816-0600] {processor.py:208} INFO - Processing /Library/Frameworks/Python.framework/Versions/3.8/lib/python3.8/site-packages/airflow/example_dags/example_bash_decorator.py took 0.102 seconds
[2024-11-26T15:52:28.292-0600] {processor.py:186} INFO - Started process (PID=25632) to work on /Library/Frameworks/Python.framework/Versions/3.8/lib/python3.8/site-packages/airflow/example_dags/example_bash_decorator.py
[2024-11-26T15:52:28.293-0600] {processor.py:914} INFO - Processing file /Library/Frameworks/Python.framework/Versions/3.8/lib/python3.8/site-packages/airflow/example_dags/example_bash_decorator.py for tasks to queue
[2024-11-26T15:52:28.293-0600] {logging_mixin.py:190} INFO - [2024-11-26T15:52:28.293-0600] {dagbag.py:588} INFO - Filling up the DagBag from /Library/Frameworks/Python.framework/Versions/3.8/lib/python3.8/site-packages/airflow/example_dags/example_bash_decorator.py
[2024-11-26T15:52:28.307-0600] {processor.py:925} INFO - DAG(s) 'example_bash_decorator' retrieved from /Library/Frameworks/Python.framework/Versions/3.8/lib/python3.8/site-packages/airflow/example_dags/example_bash_decorator.py
[2024-11-26T15:52:28.374-0600] {logging_mixin.py:190} INFO - [2024-11-26T15:52:28.374-0600] {dag.py:3239} INFO - Sync 1 DAGs
[2024-11-26T15:52:28.377-0600] {logging_mixin.py:190} INFO - [2024-11-26T15:52:28.377-0600] {dag.py:4180} INFO - Setting next_dagrun for example_bash_decorator to None, run_after=None
[2024-11-26T15:52:28.383-0600] {processor.py:208} INFO - Processing /Library/Frameworks/Python.framework/Versions/3.8/lib/python3.8/site-packages/airflow/example_dags/example_bash_decorator.py took 0.093 seconds
[2024-11-26T15:54:54.838-0600] {processor.py:186} INFO - Started process (PID=25899) to work on /Library/Frameworks/Python.framework/Versions/3.8/lib/python3.8/site-packages/airflow/example_dags/example_bash_decorator.py
[2024-11-26T15:54:54.838-0600] {processor.py:914} INFO - Processing file /Library/Frameworks/Python.framework/Versions/3.8/lib/python3.8/site-packages/airflow/example_dags/example_bash_decorator.py for tasks to queue
[2024-11-26T15:54:54.839-0600] {logging_mixin.py:190} INFO - [2024-11-26T15:54:54.839-0600] {dagbag.py:588} INFO - Filling up the DagBag from /Library/Frameworks/Python.framework/Versions/3.8/lib/python3.8/site-packages/airflow/example_dags/example_bash_decorator.py
[2024-11-26T15:54:54.853-0600] {processor.py:925} INFO - DAG(s) 'example_bash_decorator' retrieved from /Library/Frameworks/Python.framework/Versions/3.8/lib/python3.8/site-packages/airflow/example_dags/example_bash_decorator.py
[2024-11-26T15:54:54.932-0600] {logging_mixin.py:190} INFO - [2024-11-26T15:54:54.932-0600] {dag.py:3239} INFO - Sync 1 DAGs
[2024-11-26T15:54:54.936-0600] {logging_mixin.py:190} INFO - [2024-11-26T15:54:54.936-0600] {dag.py:4180} INFO - Setting next_dagrun for example_bash_decorator to None, run_after=None
[2024-11-26T15:54:54.941-0600] {processor.py:208} INFO - Processing /Library/Frameworks/Python.framework/Versions/3.8/lib/python3.8/site-packages/airflow/example_dags/example_bash_decorator.py took 0.105 seconds
[2024-11-26T15:57:12.888-0600] {processor.py:186} INFO - Started process (PID=26205) to work on /Library/Frameworks/Python.framework/Versions/3.8/lib/python3.8/site-packages/airflow/example_dags/example_bash_decorator.py
[2024-11-26T15:57:12.889-0600] {processor.py:914} INFO - Processing file /Library/Frameworks/Python.framework/Versions/3.8/lib/python3.8/site-packages/airflow/example_dags/example_bash_decorator.py for tasks to queue
[2024-11-26T15:57:12.890-0600] {logging_mixin.py:190} INFO - [2024-11-26T15:57:12.890-0600] {dagbag.py:588} INFO - Filling up the DagBag from /Library/Frameworks/Python.framework/Versions/3.8/lib/python3.8/site-packages/airflow/example_dags/example_bash_decorator.py
[2024-11-26T15:57:12.904-0600] {processor.py:925} INFO - DAG(s) 'example_bash_decorator' retrieved from /Library/Frameworks/Python.framework/Versions/3.8/lib/python3.8/site-packages/airflow/example_dags/example_bash_decorator.py
[2024-11-26T15:57:12.968-0600] {logging_mixin.py:190} INFO - [2024-11-26T15:57:12.968-0600] {dag.py:3239} INFO - Sync 1 DAGs
[2024-11-26T15:57:12.971-0600] {logging_mixin.py:190} INFO - [2024-11-26T15:57:12.971-0600] {dag.py:4180} INFO - Setting next_dagrun for example_bash_decorator to None, run_after=None
[2024-11-26T15:57:12.977-0600] {processor.py:208} INFO - Processing /Library/Frameworks/Python.framework/Versions/3.8/lib/python3.8/site-packages/airflow/example_dags/example_bash_decorator.py took 0.090 seconds
[2024-11-26T15:59:27.042-0600] {processor.py:186} INFO - Started process (PID=26472) to work on /Library/Frameworks/Python.framework/Versions/3.8/lib/python3.8/site-packages/airflow/example_dags/example_bash_decorator.py
[2024-11-26T15:59:27.042-0600] {processor.py:914} INFO - Processing file /Library/Frameworks/Python.framework/Versions/3.8/lib/python3.8/site-packages/airflow/example_dags/example_bash_decorator.py for tasks to queue
[2024-11-26T15:59:27.042-0600] {logging_mixin.py:190} INFO - [2024-11-26T15:59:27.042-0600] {dagbag.py:588} INFO - Filling up the DagBag from /Library/Frameworks/Python.framework/Versions/3.8/lib/python3.8/site-packages/airflow/example_dags/example_bash_decorator.py
[2024-11-26T15:59:27.056-0600] {processor.py:925} INFO - DAG(s) 'example_bash_decorator' retrieved from /Library/Frameworks/Python.framework/Versions/3.8/lib/python3.8/site-packages/airflow/example_dags/example_bash_decorator.py
[2024-11-26T15:59:27.123-0600] {logging_mixin.py:190} INFO - [2024-11-26T15:59:27.123-0600] {dag.py:3239} INFO - Sync 1 DAGs
[2024-11-26T15:59:27.127-0600] {logging_mixin.py:190} INFO - [2024-11-26T15:59:27.127-0600] {dag.py:4180} INFO - Setting next_dagrun for example_bash_decorator to None, run_after=None
[2024-11-26T15:59:27.132-0600] {processor.py:208} INFO - Processing /Library/Frameworks/Python.framework/Versions/3.8/lib/python3.8/site-packages/airflow/example_dags/example_bash_decorator.py took 0.091 seconds
[2024-11-26T16:01:42.349-0600] {processor.py:186} INFO - Started process (PID=26747) to work on /Library/Frameworks/Python.framework/Versions/3.8/lib/python3.8/site-packages/airflow/example_dags/example_bash_decorator.py
[2024-11-26T16:01:42.350-0600] {processor.py:914} INFO - Processing file /Library/Frameworks/Python.framework/Versions/3.8/lib/python3.8/site-packages/airflow/example_dags/example_bash_decorator.py for tasks to queue
[2024-11-26T16:01:42.350-0600] {logging_mixin.py:190} INFO - [2024-11-26T16:01:42.350-0600] {dagbag.py:588} INFO - Filling up the DagBag from /Library/Frameworks/Python.framework/Versions/3.8/lib/python3.8/site-packages/airflow/example_dags/example_bash_decorator.py
[2024-11-26T16:01:42.369-0600] {processor.py:925} INFO - DAG(s) 'example_bash_decorator' retrieved from /Library/Frameworks/Python.framework/Versions/3.8/lib/python3.8/site-packages/airflow/example_dags/example_bash_decorator.py
[2024-11-26T16:01:42.461-0600] {logging_mixin.py:190} INFO - [2024-11-26T16:01:42.461-0600] {dag.py:3239} INFO - Sync 1 DAGs
[2024-11-26T16:01:42.465-0600] {logging_mixin.py:190} INFO - [2024-11-26T16:01:42.465-0600] {dag.py:4180} INFO - Setting next_dagrun for example_bash_decorator to None, run_after=None
[2024-11-26T16:01:42.471-0600] {processor.py:208} INFO - Processing /Library/Frameworks/Python.framework/Versions/3.8/lib/python3.8/site-packages/airflow/example_dags/example_bash_decorator.py took 0.123 seconds
[2024-11-26T16:03:55.781-0600] {processor.py:186} INFO - Started process (PID=26993) to work on /Library/Frameworks/Python.framework/Versions/3.8/lib/python3.8/site-packages/airflow/example_dags/example_bash_decorator.py
[2024-11-26T16:03:55.782-0600] {processor.py:914} INFO - Processing file /Library/Frameworks/Python.framework/Versions/3.8/lib/python3.8/site-packages/airflow/example_dags/example_bash_decorator.py for tasks to queue
[2024-11-26T16:03:55.783-0600] {logging_mixin.py:190} INFO - [2024-11-26T16:03:55.783-0600] {dagbag.py:588} INFO - Filling up the DagBag from /Library/Frameworks/Python.framework/Versions/3.8/lib/python3.8/site-packages/airflow/example_dags/example_bash_decorator.py
[2024-11-26T16:03:55.796-0600] {processor.py:925} INFO - DAG(s) 'example_bash_decorator' retrieved from /Library/Frameworks/Python.framework/Versions/3.8/lib/python3.8/site-packages/airflow/example_dags/example_bash_decorator.py
[2024-11-26T16:03:55.861-0600] {logging_mixin.py:190} INFO - [2024-11-26T16:03:55.861-0600] {dag.py:3239} INFO - Sync 1 DAGs
[2024-11-26T16:03:55.864-0600] {logging_mixin.py:190} INFO - [2024-11-26T16:03:55.864-0600] {dag.py:4180} INFO - Setting next_dagrun for example_bash_decorator to None, run_after=None
[2024-11-26T16:03:55.870-0600] {processor.py:208} INFO - Processing /Library/Frameworks/Python.framework/Versions/3.8/lib/python3.8/site-packages/airflow/example_dags/example_bash_decorator.py took 0.090 seconds
[2024-11-26T16:06:14.757-0600] {processor.py:186} INFO - Started process (PID=27242) to work on /Library/Frameworks/Python.framework/Versions/3.8/lib/python3.8/site-packages/airflow/example_dags/example_bash_decorator.py
[2024-11-26T16:06:14.757-0600] {processor.py:914} INFO - Processing file /Library/Frameworks/Python.framework/Versions/3.8/lib/python3.8/site-packages/airflow/example_dags/example_bash_decorator.py for tasks to queue
[2024-11-26T16:06:14.757-0600] {logging_mixin.py:190} INFO - [2024-11-26T16:06:14.757-0600] {dagbag.py:588} INFO - Filling up the DagBag from /Library/Frameworks/Python.framework/Versions/3.8/lib/python3.8/site-packages/airflow/example_dags/example_bash_decorator.py
[2024-11-26T16:06:14.770-0600] {processor.py:925} INFO - DAG(s) 'example_bash_decorator' retrieved from /Library/Frameworks/Python.framework/Versions/3.8/lib/python3.8/site-packages/airflow/example_dags/example_bash_decorator.py
[2024-11-26T16:06:14.835-0600] {logging_mixin.py:190} INFO - [2024-11-26T16:06:14.834-0600] {dag.py:3239} INFO - Sync 1 DAGs
[2024-11-26T16:06:14.838-0600] {logging_mixin.py:190} INFO - [2024-11-26T16:06:14.838-0600] {dag.py:4180} INFO - Setting next_dagrun for example_bash_decorator to None, run_after=None
[2024-11-26T16:06:14.843-0600] {processor.py:208} INFO - Processing /Library/Frameworks/Python.framework/Versions/3.8/lib/python3.8/site-packages/airflow/example_dags/example_bash_decorator.py took 0.088 seconds
