[2024-11-26T14:18:52.452-0600] {processor.py:186} INFO - Started process (PID=17969) to work on /Users/beprathap/PycharmProjects/YouTube-airflow/airflow-venv/lib/python3.8/site-packages/airflow/example_dags/example_branch_day_of_week_operator.py
[2024-11-26T14:18:52.452-0600] {processor.py:914} INFO - Processing file /Users/beprathap/PycharmProjects/YouTube-airflow/airflow-venv/lib/python3.8/site-packages/airflow/example_dags/example_branch_day_of_week_operator.py for tasks to queue
[2024-11-26T14:18:52.452-0600] {logging_mixin.py:190} INFO - [2024-11-26T14:18:52.452-0600] {dagbag.py:588} INFO - Filling up the DagBag from /Users/beprathap/PycharmProjects/YouTube-airflow/airflow-venv/lib/python3.8/site-packages/airflow/example_dags/example_branch_day_of_week_operator.py
[2024-11-26T14:18:52.456-0600] {processor.py:925} INFO - DAG(s) 'example_weekday_branch_operator' retrieved from /Users/beprathap/PycharmProjects/YouTube-airflow/airflow-venv/lib/python3.8/site-packages/airflow/example_dags/example_branch_day_of_week_operator.py
[2024-11-26T14:18:52.516-0600] {logging_mixin.py:190} INFO - [2024-11-26T14:18:52.516-0600] {override.py:1901} INFO - Created Permission View: can read on DAG:example_weekday_branch_operator
[2024-11-26T14:18:52.519-0600] {logging_mixin.py:190} INFO - [2024-11-26T14:18:52.519-0600] {override.py:1901} INFO - Created Permission View: can delete on DAG:example_weekday_branch_operator
[2024-11-26T14:18:52.520-0600] {logging_mixin.py:190} INFO - [2024-11-26T14:18:52.520-0600] {override.py:1901} INFO - Created Permission View: can edit on DAG:example_weekday_branch_operator
[2024-11-26T14:18:52.522-0600] {logging_mixin.py:190} INFO - [2024-11-26T14:18:52.522-0600] {override.py:1901} INFO - Created Permission View: can read on DAG Run:example_weekday_branch_operator
[2024-11-26T14:18:52.523-0600] {logging_mixin.py:190} INFO - [2024-11-26T14:18:52.523-0600] {override.py:1901} INFO - Created Permission View: can delete on DAG Run:example_weekday_branch_operator
[2024-11-26T14:18:52.525-0600] {logging_mixin.py:190} INFO - [2024-11-26T14:18:52.525-0600] {override.py:1901} INFO - Created Permission View: can create on DAG Run:example_weekday_branch_operator
[2024-11-26T14:18:52.526-0600] {logging_mixin.py:190} INFO - [2024-11-26T14:18:52.526-0600] {override.py:1901} INFO - Created Permission View: menu access on DAG Run:example_weekday_branch_operator
[2024-11-26T14:18:52.526-0600] {logging_mixin.py:190} INFO - [2024-11-26T14:18:52.526-0600] {dag.py:3239} INFO - Sync 1 DAGs
[2024-11-26T14:18:52.530-0600] {logging_mixin.py:190} INFO - [2024-11-26T14:18:52.530-0600] {dag.py:3262} INFO - Creating ORM DAG for example_weekday_branch_operator
[2024-11-26T14:18:52.533-0600] {logging_mixin.py:190} INFO - [2024-11-26T14:18:52.533-0600] {dag.py:4180} INFO - Setting next_dagrun for example_weekday_branch_operator to 2024-11-25 00:00:00+00:00, run_after=2024-11-26 00:00:00+00:00
[2024-11-26T14:18:52.537-0600] {processor.py:208} INFO - Processing /Users/beprathap/PycharmProjects/YouTube-airflow/airflow-venv/lib/python3.8/site-packages/airflow/example_dags/example_branch_day_of_week_operator.py took 0.087 seconds
[2024-11-26T14:21:07.940-0600] {processor.py:186} INFO - Started process (PID=18228) to work on /Users/beprathap/PycharmProjects/YouTube-airflow/airflow-venv/lib/python3.8/site-packages/airflow/example_dags/example_branch_day_of_week_operator.py
[2024-11-26T14:21:07.940-0600] {processor.py:914} INFO - Processing file /Users/beprathap/PycharmProjects/YouTube-airflow/airflow-venv/lib/python3.8/site-packages/airflow/example_dags/example_branch_day_of_week_operator.py for tasks to queue
[2024-11-26T14:21:07.941-0600] {logging_mixin.py:190} INFO - [2024-11-26T14:21:07.941-0600] {dagbag.py:588} INFO - Filling up the DagBag from /Users/beprathap/PycharmProjects/YouTube-airflow/airflow-venv/lib/python3.8/site-packages/airflow/example_dags/example_branch_day_of_week_operator.py
[2024-11-26T14:21:07.944-0600] {processor.py:925} INFO - DAG(s) 'example_weekday_branch_operator' retrieved from /Users/beprathap/PycharmProjects/YouTube-airflow/airflow-venv/lib/python3.8/site-packages/airflow/example_dags/example_branch_day_of_week_operator.py
[2024-11-26T14:21:07.978-0600] {logging_mixin.py:190} INFO - [2024-11-26T14:21:07.978-0600] {dag.py:3239} INFO - Sync 1 DAGs
[2024-11-26T14:21:07.984-0600] {logging_mixin.py:190} INFO - [2024-11-26T14:21:07.984-0600] {dag.py:4180} INFO - Setting next_dagrun for example_weekday_branch_operator to 2024-11-25 00:00:00+00:00, run_after=2024-11-26 00:00:00+00:00
[2024-11-26T14:21:07.989-0600] {processor.py:208} INFO - Processing /Users/beprathap/PycharmProjects/YouTube-airflow/airflow-venv/lib/python3.8/site-packages/airflow/example_dags/example_branch_day_of_week_operator.py took 0.050 seconds
[2024-11-26T14:23:20.575-0600] {processor.py:186} INFO - Started process (PID=18503) to work on /Users/beprathap/PycharmProjects/YouTube-airflow/airflow-venv/lib/python3.8/site-packages/airflow/example_dags/example_branch_day_of_week_operator.py
[2024-11-26T14:23:20.576-0600] {processor.py:914} INFO - Processing file /Users/beprathap/PycharmProjects/YouTube-airflow/airflow-venv/lib/python3.8/site-packages/airflow/example_dags/example_branch_day_of_week_operator.py for tasks to queue
[2024-11-26T14:23:20.576-0600] {logging_mixin.py:190} INFO - [2024-11-26T14:23:20.576-0600] {dagbag.py:588} INFO - Filling up the DagBag from /Users/beprathap/PycharmProjects/YouTube-airflow/airflow-venv/lib/python3.8/site-packages/airflow/example_dags/example_branch_day_of_week_operator.py
[2024-11-26T14:23:20.579-0600] {processor.py:925} INFO - DAG(s) 'example_weekday_branch_operator' retrieved from /Users/beprathap/PycharmProjects/YouTube-airflow/airflow-venv/lib/python3.8/site-packages/airflow/example_dags/example_branch_day_of_week_operator.py
[2024-11-26T14:23:20.614-0600] {logging_mixin.py:190} INFO - [2024-11-26T14:23:20.614-0600] {dag.py:3239} INFO - Sync 1 DAGs
[2024-11-26T14:23:20.620-0600] {logging_mixin.py:190} INFO - [2024-11-26T14:23:20.620-0600] {dag.py:4180} INFO - Setting next_dagrun for example_weekday_branch_operator to 2024-11-25 00:00:00+00:00, run_after=2024-11-26 00:00:00+00:00
[2024-11-26T14:23:20.625-0600] {processor.py:208} INFO - Processing /Users/beprathap/PycharmProjects/YouTube-airflow/airflow-venv/lib/python3.8/site-packages/airflow/example_dags/example_branch_day_of_week_operator.py took 0.052 seconds
[2024-11-26T14:25:28.570-0600] {processor.py:186} INFO - Started process (PID=18751) to work on /Users/beprathap/PycharmProjects/YouTube-airflow/airflow-venv/lib/python3.8/site-packages/airflow/example_dags/example_branch_day_of_week_operator.py
[2024-11-26T14:25:28.571-0600] {processor.py:914} INFO - Processing file /Users/beprathap/PycharmProjects/YouTube-airflow/airflow-venv/lib/python3.8/site-packages/airflow/example_dags/example_branch_day_of_week_operator.py for tasks to queue
[2024-11-26T14:25:28.571-0600] {logging_mixin.py:190} INFO - [2024-11-26T14:25:28.571-0600] {dagbag.py:588} INFO - Filling up the DagBag from /Users/beprathap/PycharmProjects/YouTube-airflow/airflow-venv/lib/python3.8/site-packages/airflow/example_dags/example_branch_day_of_week_operator.py
[2024-11-26T14:25:28.575-0600] {processor.py:925} INFO - DAG(s) 'example_weekday_branch_operator' retrieved from /Users/beprathap/PycharmProjects/YouTube-airflow/airflow-venv/lib/python3.8/site-packages/airflow/example_dags/example_branch_day_of_week_operator.py
[2024-11-26T14:25:28.610-0600] {logging_mixin.py:190} INFO - [2024-11-26T14:25:28.610-0600] {dag.py:3239} INFO - Sync 1 DAGs
[2024-11-26T14:25:28.616-0600] {logging_mixin.py:190} INFO - [2024-11-26T14:25:28.616-0600] {dag.py:4180} INFO - Setting next_dagrun for example_weekday_branch_operator to 2024-11-25 00:00:00+00:00, run_after=2024-11-26 00:00:00+00:00
[2024-11-26T14:25:28.622-0600] {processor.py:208} INFO - Processing /Users/beprathap/PycharmProjects/YouTube-airflow/airflow-venv/lib/python3.8/site-packages/airflow/example_dags/example_branch_day_of_week_operator.py took 0.053 seconds
[2024-11-26T14:27:34.894-0600] {processor.py:186} INFO - Started process (PID=18986) to work on /Users/beprathap/PycharmProjects/YouTube-airflow/airflow-venv/lib/python3.8/site-packages/airflow/example_dags/example_branch_day_of_week_operator.py
[2024-11-26T14:27:34.894-0600] {processor.py:914} INFO - Processing file /Users/beprathap/PycharmProjects/YouTube-airflow/airflow-venv/lib/python3.8/site-packages/airflow/example_dags/example_branch_day_of_week_operator.py for tasks to queue
[2024-11-26T14:27:34.895-0600] {logging_mixin.py:190} INFO - [2024-11-26T14:27:34.895-0600] {dagbag.py:588} INFO - Filling up the DagBag from /Users/beprathap/PycharmProjects/YouTube-airflow/airflow-venv/lib/python3.8/site-packages/airflow/example_dags/example_branch_day_of_week_operator.py
[2024-11-26T14:27:34.898-0600] {processor.py:925} INFO - DAG(s) 'example_weekday_branch_operator' retrieved from /Users/beprathap/PycharmProjects/YouTube-airflow/airflow-venv/lib/python3.8/site-packages/airflow/example_dags/example_branch_day_of_week_operator.py
[2024-11-26T14:27:34.931-0600] {logging_mixin.py:190} INFO - [2024-11-26T14:27:34.931-0600] {dag.py:3239} INFO - Sync 1 DAGs
[2024-11-26T14:27:34.938-0600] {logging_mixin.py:190} INFO - [2024-11-26T14:27:34.938-0600] {dag.py:4180} INFO - Setting next_dagrun for example_weekday_branch_operator to 2024-11-25 00:00:00+00:00, run_after=2024-11-26 00:00:00+00:00
[2024-11-26T14:27:34.943-0600] {processor.py:208} INFO - Processing /Users/beprathap/PycharmProjects/YouTube-airflow/airflow-venv/lib/python3.8/site-packages/airflow/example_dags/example_branch_day_of_week_operator.py took 0.050 seconds
[2024-11-26T14:29:44.411-0600] {processor.py:186} INFO - Started process (PID=19226) to work on /Users/beprathap/PycharmProjects/YouTube-airflow/airflow-venv/lib/python3.8/site-packages/airflow/example_dags/example_branch_day_of_week_operator.py
[2024-11-26T14:29:44.411-0600] {processor.py:914} INFO - Processing file /Users/beprathap/PycharmProjects/YouTube-airflow/airflow-venv/lib/python3.8/site-packages/airflow/example_dags/example_branch_day_of_week_operator.py for tasks to queue
[2024-11-26T14:29:44.412-0600] {logging_mixin.py:190} INFO - [2024-11-26T14:29:44.412-0600] {dagbag.py:588} INFO - Filling up the DagBag from /Users/beprathap/PycharmProjects/YouTube-airflow/airflow-venv/lib/python3.8/site-packages/airflow/example_dags/example_branch_day_of_week_operator.py
[2024-11-26T14:29:44.415-0600] {processor.py:925} INFO - DAG(s) 'example_weekday_branch_operator' retrieved from /Users/beprathap/PycharmProjects/YouTube-airflow/airflow-venv/lib/python3.8/site-packages/airflow/example_dags/example_branch_day_of_week_operator.py
[2024-11-26T14:29:44.449-0600] {logging_mixin.py:190} INFO - [2024-11-26T14:29:44.449-0600] {dag.py:3239} INFO - Sync 1 DAGs
[2024-11-26T14:29:44.455-0600] {logging_mixin.py:190} INFO - [2024-11-26T14:29:44.455-0600] {dag.py:4180} INFO - Setting next_dagrun for example_weekday_branch_operator to 2024-11-25 00:00:00+00:00, run_after=2024-11-26 00:00:00+00:00
[2024-11-26T14:29:44.460-0600] {processor.py:208} INFO - Processing /Users/beprathap/PycharmProjects/YouTube-airflow/airflow-venv/lib/python3.8/site-packages/airflow/example_dags/example_branch_day_of_week_operator.py took 0.051 seconds
[2024-11-26T14:37:14.587-0600] {processor.py:186} INFO - Started process (PID=19645) to work on /Users/beprathap/PycharmProjects/YouTube-airflow/airflow-venv/lib/python3.8/site-packages/airflow/example_dags/example_branch_day_of_week_operator.py
[2024-11-26T14:37:14.589-0600] {processor.py:914} INFO - Processing file /Users/beprathap/PycharmProjects/YouTube-airflow/airflow-venv/lib/python3.8/site-packages/airflow/example_dags/example_branch_day_of_week_operator.py for tasks to queue
[2024-11-26T14:37:14.589-0600] {logging_mixin.py:190} INFO - [2024-11-26T14:37:14.589-0600] {dagbag.py:588} INFO - Filling up the DagBag from /Users/beprathap/PycharmProjects/YouTube-airflow/airflow-venv/lib/python3.8/site-packages/airflow/example_dags/example_branch_day_of_week_operator.py
[2024-11-26T14:37:14.592-0600] {processor.py:925} INFO - DAG(s) 'example_weekday_branch_operator' retrieved from /Users/beprathap/PycharmProjects/YouTube-airflow/airflow-venv/lib/python3.8/site-packages/airflow/example_dags/example_branch_day_of_week_operator.py
[2024-11-26T14:37:14.626-0600] {logging_mixin.py:190} INFO - [2024-11-26T14:37:14.626-0600] {dag.py:3239} INFO - Sync 1 DAGs
[2024-11-26T14:37:14.632-0600] {logging_mixin.py:190} INFO - [2024-11-26T14:37:14.632-0600] {dag.py:4180} INFO - Setting next_dagrun for example_weekday_branch_operator to 2024-11-25 00:00:00+00:00, run_after=2024-11-26 00:00:00+00:00
[2024-11-26T14:37:14.637-0600] {processor.py:208} INFO - Processing /Users/beprathap/PycharmProjects/YouTube-airflow/airflow-venv/lib/python3.8/site-packages/airflow/example_dags/example_branch_day_of_week_operator.py took 0.051 seconds
[2024-11-26T14:39:33.417-0600] {processor.py:186} INFO - Started process (PID=19898) to work on /Users/beprathap/PycharmProjects/YouTube-airflow/airflow-venv/lib/python3.8/site-packages/airflow/example_dags/example_branch_day_of_week_operator.py
[2024-11-26T14:39:33.418-0600] {processor.py:914} INFO - Processing file /Users/beprathap/PycharmProjects/YouTube-airflow/airflow-venv/lib/python3.8/site-packages/airflow/example_dags/example_branch_day_of_week_operator.py for tasks to queue
[2024-11-26T14:39:33.418-0600] {logging_mixin.py:190} INFO - [2024-11-26T14:39:33.418-0600] {dagbag.py:588} INFO - Filling up the DagBag from /Users/beprathap/PycharmProjects/YouTube-airflow/airflow-venv/lib/python3.8/site-packages/airflow/example_dags/example_branch_day_of_week_operator.py
[2024-11-26T14:39:33.421-0600] {processor.py:925} INFO - DAG(s) 'example_weekday_branch_operator' retrieved from /Users/beprathap/PycharmProjects/YouTube-airflow/airflow-venv/lib/python3.8/site-packages/airflow/example_dags/example_branch_day_of_week_operator.py
[2024-11-26T14:39:33.456-0600] {logging_mixin.py:190} INFO - [2024-11-26T14:39:33.456-0600] {dag.py:3239} INFO - Sync 1 DAGs
[2024-11-26T14:39:33.462-0600] {logging_mixin.py:190} INFO - [2024-11-26T14:39:33.462-0600] {dag.py:4180} INFO - Setting next_dagrun for example_weekday_branch_operator to 2024-11-25 00:00:00+00:00, run_after=2024-11-26 00:00:00+00:00
[2024-11-26T14:39:33.467-0600] {processor.py:208} INFO - Processing /Users/beprathap/PycharmProjects/YouTube-airflow/airflow-venv/lib/python3.8/site-packages/airflow/example_dags/example_branch_day_of_week_operator.py took 0.051 seconds
[2024-11-26T14:41:45.046-0600] {processor.py:186} INFO - Started process (PID=20150) to work on /Users/beprathap/PycharmProjects/YouTube-airflow/airflow-venv/lib/python3.8/site-packages/airflow/example_dags/example_branch_day_of_week_operator.py
[2024-11-26T14:41:45.047-0600] {processor.py:914} INFO - Processing file /Users/beprathap/PycharmProjects/YouTube-airflow/airflow-venv/lib/python3.8/site-packages/airflow/example_dags/example_branch_day_of_week_operator.py for tasks to queue
[2024-11-26T14:41:45.047-0600] {logging_mixin.py:190} INFO - [2024-11-26T14:41:45.047-0600] {dagbag.py:588} INFO - Filling up the DagBag from /Users/beprathap/PycharmProjects/YouTube-airflow/airflow-venv/lib/python3.8/site-packages/airflow/example_dags/example_branch_day_of_week_operator.py
[2024-11-26T14:41:45.050-0600] {processor.py:925} INFO - DAG(s) 'example_weekday_branch_operator' retrieved from /Users/beprathap/PycharmProjects/YouTube-airflow/airflow-venv/lib/python3.8/site-packages/airflow/example_dags/example_branch_day_of_week_operator.py
[2024-11-26T14:41:45.085-0600] {logging_mixin.py:190} INFO - [2024-11-26T14:41:45.085-0600] {dag.py:3239} INFO - Sync 1 DAGs
[2024-11-26T14:41:45.091-0600] {logging_mixin.py:190} INFO - [2024-11-26T14:41:45.091-0600] {dag.py:4180} INFO - Setting next_dagrun for example_weekday_branch_operator to 2024-11-25 00:00:00+00:00, run_after=2024-11-26 00:00:00+00:00
[2024-11-26T14:41:45.096-0600] {processor.py:208} INFO - Processing /Users/beprathap/PycharmProjects/YouTube-airflow/airflow-venv/lib/python3.8/site-packages/airflow/example_dags/example_branch_day_of_week_operator.py took 0.051 seconds
[2024-11-26T14:43:57.267-0600] {processor.py:186} INFO - Started process (PID=20396) to work on /Users/beprathap/PycharmProjects/YouTube-airflow/airflow-venv/lib/python3.8/site-packages/airflow/example_dags/example_branch_day_of_week_operator.py
[2024-11-26T14:43:57.268-0600] {processor.py:914} INFO - Processing file /Users/beprathap/PycharmProjects/YouTube-airflow/airflow-venv/lib/python3.8/site-packages/airflow/example_dags/example_branch_day_of_week_operator.py for tasks to queue
[2024-11-26T14:43:57.268-0600] {logging_mixin.py:190} INFO - [2024-11-26T14:43:57.268-0600] {dagbag.py:588} INFO - Filling up the DagBag from /Users/beprathap/PycharmProjects/YouTube-airflow/airflow-venv/lib/python3.8/site-packages/airflow/example_dags/example_branch_day_of_week_operator.py
[2024-11-26T14:43:57.272-0600] {processor.py:925} INFO - DAG(s) 'example_weekday_branch_operator' retrieved from /Users/beprathap/PycharmProjects/YouTube-airflow/airflow-venv/lib/python3.8/site-packages/airflow/example_dags/example_branch_day_of_week_operator.py
[2024-11-26T14:43:57.311-0600] {logging_mixin.py:190} INFO - [2024-11-26T14:43:57.311-0600] {dag.py:3239} INFO - Sync 1 DAGs
[2024-11-26T14:43:57.319-0600] {logging_mixin.py:190} INFO - [2024-11-26T14:43:57.319-0600] {dag.py:4180} INFO - Setting next_dagrun for example_weekday_branch_operator to 2024-11-25 00:00:00+00:00, run_after=2024-11-26 00:00:00+00:00
[2024-11-26T14:43:57.336-0600] {processor.py:208} INFO - Processing /Users/beprathap/PycharmProjects/YouTube-airflow/airflow-venv/lib/python3.8/site-packages/airflow/example_dags/example_branch_day_of_week_operator.py took 0.070 seconds
[2024-11-26T14:46:10.203-0600] {processor.py:186} INFO - Started process (PID=20661) to work on /Users/beprathap/PycharmProjects/YouTube-airflow/airflow-venv/lib/python3.8/site-packages/airflow/example_dags/example_branch_day_of_week_operator.py
[2024-11-26T14:46:10.204-0600] {processor.py:914} INFO - Processing file /Users/beprathap/PycharmProjects/YouTube-airflow/airflow-venv/lib/python3.8/site-packages/airflow/example_dags/example_branch_day_of_week_operator.py for tasks to queue
[2024-11-26T14:46:10.204-0600] {logging_mixin.py:190} INFO - [2024-11-26T14:46:10.204-0600] {dagbag.py:588} INFO - Filling up the DagBag from /Users/beprathap/PycharmProjects/YouTube-airflow/airflow-venv/lib/python3.8/site-packages/airflow/example_dags/example_branch_day_of_week_operator.py
[2024-11-26T14:46:10.207-0600] {processor.py:925} INFO - DAG(s) 'example_weekday_branch_operator' retrieved from /Users/beprathap/PycharmProjects/YouTube-airflow/airflow-venv/lib/python3.8/site-packages/airflow/example_dags/example_branch_day_of_week_operator.py
[2024-11-26T14:46:10.242-0600] {logging_mixin.py:190} INFO - [2024-11-26T14:46:10.242-0600] {dag.py:3239} INFO - Sync 1 DAGs
[2024-11-26T14:46:10.249-0600] {logging_mixin.py:190} INFO - [2024-11-26T14:46:10.249-0600] {dag.py:4180} INFO - Setting next_dagrun for example_weekday_branch_operator to 2024-11-25 00:00:00+00:00, run_after=2024-11-26 00:00:00+00:00
[2024-11-26T14:46:10.254-0600] {processor.py:208} INFO - Processing /Users/beprathap/PycharmProjects/YouTube-airflow/airflow-venv/lib/python3.8/site-packages/airflow/example_dags/example_branch_day_of_week_operator.py took 0.052 seconds
[2024-11-26T14:48:24.458-0600] {processor.py:186} INFO - Started process (PID=20922) to work on /Users/beprathap/PycharmProjects/YouTube-airflow/airflow-venv/lib/python3.8/site-packages/airflow/example_dags/example_branch_day_of_week_operator.py
[2024-11-26T14:48:24.459-0600] {processor.py:914} INFO - Processing file /Users/beprathap/PycharmProjects/YouTube-airflow/airflow-venv/lib/python3.8/site-packages/airflow/example_dags/example_branch_day_of_week_operator.py for tasks to queue
[2024-11-26T14:48:24.459-0600] {logging_mixin.py:190} INFO - [2024-11-26T14:48:24.459-0600] {dagbag.py:588} INFO - Filling up the DagBag from /Users/beprathap/PycharmProjects/YouTube-airflow/airflow-venv/lib/python3.8/site-packages/airflow/example_dags/example_branch_day_of_week_operator.py
[2024-11-26T14:48:24.462-0600] {processor.py:925} INFO - DAG(s) 'example_weekday_branch_operator' retrieved from /Users/beprathap/PycharmProjects/YouTube-airflow/airflow-venv/lib/python3.8/site-packages/airflow/example_dags/example_branch_day_of_week_operator.py
[2024-11-26T14:48:24.497-0600] {logging_mixin.py:190} INFO - [2024-11-26T14:48:24.497-0600] {dag.py:3239} INFO - Sync 1 DAGs
[2024-11-26T14:48:24.503-0600] {logging_mixin.py:190} INFO - [2024-11-26T14:48:24.503-0600] {dag.py:4180} INFO - Setting next_dagrun for example_weekday_branch_operator to 2024-11-25 00:00:00+00:00, run_after=2024-11-26 00:00:00+00:00
[2024-11-26T14:48:24.509-0600] {processor.py:208} INFO - Processing /Users/beprathap/PycharmProjects/YouTube-airflow/airflow-venv/lib/python3.8/site-packages/airflow/example_dags/example_branch_day_of_week_operator.py took 0.051 seconds
[2024-11-26T15:02:32.085-0600] {processor.py:186} INFO - Started process (PID=21478) to work on /Library/Frameworks/Python.framework/Versions/3.8/lib/python3.8/site-packages/airflow/example_dags/example_branch_day_of_week_operator.py
[2024-11-26T15:02:32.086-0600] {processor.py:914} INFO - Processing file /Library/Frameworks/Python.framework/Versions/3.8/lib/python3.8/site-packages/airflow/example_dags/example_branch_day_of_week_operator.py for tasks to queue
[2024-11-26T15:02:32.087-0600] {logging_mixin.py:190} INFO - [2024-11-26T15:02:32.087-0600] {dagbag.py:588} INFO - Filling up the DagBag from /Library/Frameworks/Python.framework/Versions/3.8/lib/python3.8/site-packages/airflow/example_dags/example_branch_day_of_week_operator.py
[2024-11-26T15:02:32.090-0600] {processor.py:925} INFO - DAG(s) 'example_weekday_branch_operator' retrieved from /Library/Frameworks/Python.framework/Versions/3.8/lib/python3.8/site-packages/airflow/example_dags/example_branch_day_of_week_operator.py
[2024-11-26T15:02:32.156-0600] {logging_mixin.py:190} INFO - [2024-11-26T15:02:32.156-0600] {dag.py:3239} INFO - Sync 1 DAGs
[2024-11-26T15:02:32.162-0600] {logging_mixin.py:190} INFO - [2024-11-26T15:02:32.162-0600] {dag.py:4180} INFO - Setting next_dagrun for example_weekday_branch_operator to 2024-11-25 00:00:00+00:00, run_after=2024-11-26 00:00:00+00:00
[2024-11-26T15:02:32.168-0600] {processor.py:208} INFO - Processing /Library/Frameworks/Python.framework/Versions/3.8/lib/python3.8/site-packages/airflow/example_dags/example_branch_day_of_week_operator.py took 0.084 seconds
[2024-11-26T15:04:54.607-0600] {processor.py:186} INFO - Started process (PID=21730) to work on /Library/Frameworks/Python.framework/Versions/3.8/lib/python3.8/site-packages/airflow/example_dags/example_branch_day_of_week_operator.py
[2024-11-26T15:04:54.607-0600] {processor.py:914} INFO - Processing file /Library/Frameworks/Python.framework/Versions/3.8/lib/python3.8/site-packages/airflow/example_dags/example_branch_day_of_week_operator.py for tasks to queue
[2024-11-26T15:04:54.608-0600] {logging_mixin.py:190} INFO - [2024-11-26T15:04:54.607-0600] {dagbag.py:588} INFO - Filling up the DagBag from /Library/Frameworks/Python.framework/Versions/3.8/lib/python3.8/site-packages/airflow/example_dags/example_branch_day_of_week_operator.py
[2024-11-26T15:04:54.611-0600] {processor.py:925} INFO - DAG(s) 'example_weekday_branch_operator' retrieved from /Library/Frameworks/Python.framework/Versions/3.8/lib/python3.8/site-packages/airflow/example_dags/example_branch_day_of_week_operator.py
[2024-11-26T15:04:54.645-0600] {logging_mixin.py:190} INFO - [2024-11-26T15:04:54.645-0600] {dag.py:3239} INFO - Sync 1 DAGs
[2024-11-26T15:04:54.651-0600] {logging_mixin.py:190} INFO - [2024-11-26T15:04:54.651-0600] {dag.py:4180} INFO - Setting next_dagrun for example_weekday_branch_operator to 2024-11-25 00:00:00+00:00, run_after=2024-11-26 00:00:00+00:00
[2024-11-26T15:04:54.656-0600] {processor.py:208} INFO - Processing /Library/Frameworks/Python.framework/Versions/3.8/lib/python3.8/site-packages/airflow/example_dags/example_branch_day_of_week_operator.py took 0.051 seconds
[2024-11-26T15:07:14.454-0600] {processor.py:186} INFO - Started process (PID=21995) to work on /Library/Frameworks/Python.framework/Versions/3.8/lib/python3.8/site-packages/airflow/example_dags/example_branch_day_of_week_operator.py
[2024-11-26T15:07:14.455-0600] {processor.py:914} INFO - Processing file /Library/Frameworks/Python.framework/Versions/3.8/lib/python3.8/site-packages/airflow/example_dags/example_branch_day_of_week_operator.py for tasks to queue
[2024-11-26T15:07:14.455-0600] {logging_mixin.py:190} INFO - [2024-11-26T15:07:14.455-0600] {dagbag.py:588} INFO - Filling up the DagBag from /Library/Frameworks/Python.framework/Versions/3.8/lib/python3.8/site-packages/airflow/example_dags/example_branch_day_of_week_operator.py
[2024-11-26T15:07:14.459-0600] {processor.py:925} INFO - DAG(s) 'example_weekday_branch_operator' retrieved from /Library/Frameworks/Python.framework/Versions/3.8/lib/python3.8/site-packages/airflow/example_dags/example_branch_day_of_week_operator.py
[2024-11-26T15:07:14.497-0600] {logging_mixin.py:190} INFO - [2024-11-26T15:07:14.496-0600] {dag.py:3239} INFO - Sync 1 DAGs
[2024-11-26T15:07:14.503-0600] {logging_mixin.py:190} INFO - [2024-11-26T15:07:14.503-0600] {dag.py:4180} INFO - Setting next_dagrun for example_weekday_branch_operator to 2024-11-25 00:00:00+00:00, run_after=2024-11-26 00:00:00+00:00
[2024-11-26T15:07:14.509-0600] {processor.py:208} INFO - Processing /Library/Frameworks/Python.framework/Versions/3.8/lib/python3.8/site-packages/airflow/example_dags/example_branch_day_of_week_operator.py took 0.056 seconds
[2024-11-26T15:17:30.222-0600] {processor.py:186} INFO - Started process (PID=22479) to work on /Library/Frameworks/Python.framework/Versions/3.8/lib/python3.8/site-packages/airflow/example_dags/example_branch_day_of_week_operator.py
[2024-11-26T15:17:30.223-0600] {processor.py:914} INFO - Processing file /Library/Frameworks/Python.framework/Versions/3.8/lib/python3.8/site-packages/airflow/example_dags/example_branch_day_of_week_operator.py for tasks to queue
[2024-11-26T15:17:30.224-0600] {logging_mixin.py:190} INFO - [2024-11-26T15:17:30.223-0600] {dagbag.py:588} INFO - Filling up the DagBag from /Library/Frameworks/Python.framework/Versions/3.8/lib/python3.8/site-packages/airflow/example_dags/example_branch_day_of_week_operator.py
[2024-11-26T15:17:30.227-0600] {processor.py:925} INFO - DAG(s) 'example_weekday_branch_operator' retrieved from /Library/Frameworks/Python.framework/Versions/3.8/lib/python3.8/site-packages/airflow/example_dags/example_branch_day_of_week_operator.py
[2024-11-26T15:17:30.262-0600] {logging_mixin.py:190} INFO - [2024-11-26T15:17:30.262-0600] {dag.py:3239} INFO - Sync 1 DAGs
[2024-11-26T15:17:30.268-0600] {logging_mixin.py:190} INFO - [2024-11-26T15:17:30.268-0600] {dag.py:4180} INFO - Setting next_dagrun for example_weekday_branch_operator to 2024-11-25 00:00:00+00:00, run_after=2024-11-26 00:00:00+00:00
[2024-11-26T15:17:30.273-0600] {processor.py:208} INFO - Processing /Library/Frameworks/Python.framework/Versions/3.8/lib/python3.8/site-packages/airflow/example_dags/example_branch_day_of_week_operator.py took 0.053 seconds
[2024-11-26T15:19:46.269-0600] {processor.py:186} INFO - Started process (PID=22741) to work on /Library/Frameworks/Python.framework/Versions/3.8/lib/python3.8/site-packages/airflow/example_dags/example_branch_day_of_week_operator.py
[2024-11-26T15:19:46.269-0600] {processor.py:914} INFO - Processing file /Library/Frameworks/Python.framework/Versions/3.8/lib/python3.8/site-packages/airflow/example_dags/example_branch_day_of_week_operator.py for tasks to queue
[2024-11-26T15:19:46.270-0600] {logging_mixin.py:190} INFO - [2024-11-26T15:19:46.270-0600] {dagbag.py:588} INFO - Filling up the DagBag from /Library/Frameworks/Python.framework/Versions/3.8/lib/python3.8/site-packages/airflow/example_dags/example_branch_day_of_week_operator.py
[2024-11-26T15:19:46.273-0600] {processor.py:925} INFO - DAG(s) 'example_weekday_branch_operator' retrieved from /Library/Frameworks/Python.framework/Versions/3.8/lib/python3.8/site-packages/airflow/example_dags/example_branch_day_of_week_operator.py
[2024-11-26T15:19:46.307-0600] {logging_mixin.py:190} INFO - [2024-11-26T15:19:46.307-0600] {dag.py:3239} INFO - Sync 1 DAGs
[2024-11-26T15:19:46.313-0600] {logging_mixin.py:190} INFO - [2024-11-26T15:19:46.313-0600] {dag.py:4180} INFO - Setting next_dagrun for example_weekday_branch_operator to 2024-11-25 00:00:00+00:00, run_after=2024-11-26 00:00:00+00:00
[2024-11-26T15:19:46.318-0600] {processor.py:208} INFO - Processing /Library/Frameworks/Python.framework/Versions/3.8/lib/python3.8/site-packages/airflow/example_dags/example_branch_day_of_week_operator.py took 0.050 seconds
[2024-11-26T15:21:57.509-0600] {processor.py:186} INFO - Started process (PID=23006) to work on /Library/Frameworks/Python.framework/Versions/3.8/lib/python3.8/site-packages/airflow/example_dags/example_branch_day_of_week_operator.py
[2024-11-26T15:21:57.509-0600] {processor.py:914} INFO - Processing file /Library/Frameworks/Python.framework/Versions/3.8/lib/python3.8/site-packages/airflow/example_dags/example_branch_day_of_week_operator.py for tasks to queue
[2024-11-26T15:21:57.510-0600] {logging_mixin.py:190} INFO - [2024-11-26T15:21:57.510-0600] {dagbag.py:588} INFO - Filling up the DagBag from /Library/Frameworks/Python.framework/Versions/3.8/lib/python3.8/site-packages/airflow/example_dags/example_branch_day_of_week_operator.py
[2024-11-26T15:21:57.513-0600] {processor.py:925} INFO - DAG(s) 'example_weekday_branch_operator' retrieved from /Library/Frameworks/Python.framework/Versions/3.8/lib/python3.8/site-packages/airflow/example_dags/example_branch_day_of_week_operator.py
[2024-11-26T15:21:57.548-0600] {logging_mixin.py:190} INFO - [2024-11-26T15:21:57.548-0600] {dag.py:3239} INFO - Sync 1 DAGs
[2024-11-26T15:21:57.555-0600] {logging_mixin.py:190} INFO - [2024-11-26T15:21:57.555-0600] {dag.py:4180} INFO - Setting next_dagrun for example_weekday_branch_operator to 2024-11-25 00:00:00+00:00, run_after=2024-11-26 00:00:00+00:00
[2024-11-26T15:21:57.560-0600] {processor.py:208} INFO - Processing /Library/Frameworks/Python.framework/Versions/3.8/lib/python3.8/site-packages/airflow/example_dags/example_branch_day_of_week_operator.py took 0.052 seconds
[2024-11-26T15:34:24.489-0600] {processor.py:186} INFO - Started process (PID=23570) to work on /Library/Frameworks/Python.framework/Versions/3.8/lib/python3.8/site-packages/airflow/example_dags/example_branch_day_of_week_operator.py
[2024-11-26T15:34:24.490-0600] {processor.py:914} INFO - Processing file /Library/Frameworks/Python.framework/Versions/3.8/lib/python3.8/site-packages/airflow/example_dags/example_branch_day_of_week_operator.py for tasks to queue
[2024-11-26T15:34:24.490-0600] {logging_mixin.py:190} INFO - [2024-11-26T15:34:24.490-0600] {dagbag.py:588} INFO - Filling up the DagBag from /Library/Frameworks/Python.framework/Versions/3.8/lib/python3.8/site-packages/airflow/example_dags/example_branch_day_of_week_operator.py
[2024-11-26T15:34:24.493-0600] {processor.py:925} INFO - DAG(s) 'example_weekday_branch_operator' retrieved from /Library/Frameworks/Python.framework/Versions/3.8/lib/python3.8/site-packages/airflow/example_dags/example_branch_day_of_week_operator.py
[2024-11-26T15:34:24.528-0600] {logging_mixin.py:190} INFO - [2024-11-26T15:34:24.528-0600] {dag.py:3239} INFO - Sync 1 DAGs
[2024-11-26T15:34:24.534-0600] {logging_mixin.py:190} INFO - [2024-11-26T15:34:24.534-0600] {dag.py:4180} INFO - Setting next_dagrun for example_weekday_branch_operator to 2024-11-25 00:00:00+00:00, run_after=2024-11-26 00:00:00+00:00
[2024-11-26T15:34:24.539-0600] {processor.py:208} INFO - Processing /Library/Frameworks/Python.framework/Versions/3.8/lib/python3.8/site-packages/airflow/example_dags/example_branch_day_of_week_operator.py took 0.052 seconds
[2024-11-26T15:36:40.913-0600] {processor.py:186} INFO - Started process (PID=23836) to work on /Library/Frameworks/Python.framework/Versions/3.8/lib/python3.8/site-packages/airflow/example_dags/example_branch_day_of_week_operator.py
[2024-11-26T15:36:40.914-0600] {processor.py:914} INFO - Processing file /Library/Frameworks/Python.framework/Versions/3.8/lib/python3.8/site-packages/airflow/example_dags/example_branch_day_of_week_operator.py for tasks to queue
[2024-11-26T15:36:40.915-0600] {logging_mixin.py:190} INFO - [2024-11-26T15:36:40.915-0600] {dagbag.py:588} INFO - Filling up the DagBag from /Library/Frameworks/Python.framework/Versions/3.8/lib/python3.8/site-packages/airflow/example_dags/example_branch_day_of_week_operator.py
[2024-11-26T15:36:40.919-0600] {processor.py:925} INFO - DAG(s) 'example_weekday_branch_operator' retrieved from /Library/Frameworks/Python.framework/Versions/3.8/lib/python3.8/site-packages/airflow/example_dags/example_branch_day_of_week_operator.py
[2024-11-26T15:36:40.954-0600] {logging_mixin.py:190} INFO - [2024-11-26T15:36:40.954-0600] {dag.py:3239} INFO - Sync 1 DAGs
[2024-11-26T15:36:40.960-0600] {logging_mixin.py:190} INFO - [2024-11-26T15:36:40.960-0600] {dag.py:4180} INFO - Setting next_dagrun for example_weekday_branch_operator to 2024-11-25 00:00:00+00:00, run_after=2024-11-26 00:00:00+00:00
[2024-11-26T15:36:40.965-0600] {processor.py:208} INFO - Processing /Library/Frameworks/Python.framework/Versions/3.8/lib/python3.8/site-packages/airflow/example_dags/example_branch_day_of_week_operator.py took 0.053 seconds
[2024-11-26T15:38:56.372-0600] {processor.py:186} INFO - Started process (PID=24092) to work on /Library/Frameworks/Python.framework/Versions/3.8/lib/python3.8/site-packages/airflow/example_dags/example_branch_day_of_week_operator.py
[2024-11-26T15:38:56.372-0600] {processor.py:914} INFO - Processing file /Library/Frameworks/Python.framework/Versions/3.8/lib/python3.8/site-packages/airflow/example_dags/example_branch_day_of_week_operator.py for tasks to queue
[2024-11-26T15:38:56.373-0600] {logging_mixin.py:190} INFO - [2024-11-26T15:38:56.373-0600] {dagbag.py:588} INFO - Filling up the DagBag from /Library/Frameworks/Python.framework/Versions/3.8/lib/python3.8/site-packages/airflow/example_dags/example_branch_day_of_week_operator.py
[2024-11-26T15:38:56.377-0600] {processor.py:925} INFO - DAG(s) 'example_weekday_branch_operator' retrieved from /Library/Frameworks/Python.framework/Versions/3.8/lib/python3.8/site-packages/airflow/example_dags/example_branch_day_of_week_operator.py
[2024-11-26T15:38:56.412-0600] {logging_mixin.py:190} INFO - [2024-11-26T15:38:56.411-0600] {dag.py:3239} INFO - Sync 1 DAGs
[2024-11-26T15:38:56.418-0600] {logging_mixin.py:190} INFO - [2024-11-26T15:38:56.418-0600] {dag.py:4180} INFO - Setting next_dagrun for example_weekday_branch_operator to 2024-11-25 00:00:00+00:00, run_after=2024-11-26 00:00:00+00:00
[2024-11-26T15:38:56.423-0600] {processor.py:208} INFO - Processing /Library/Frameworks/Python.framework/Versions/3.8/lib/python3.8/site-packages/airflow/example_dags/example_branch_day_of_week_operator.py took 0.052 seconds
[2024-11-26T15:41:12.528-0600] {processor.py:186} INFO - Started process (PID=24351) to work on /Library/Frameworks/Python.framework/Versions/3.8/lib/python3.8/site-packages/airflow/example_dags/example_branch_day_of_week_operator.py
[2024-11-26T15:41:12.529-0600] {processor.py:914} INFO - Processing file /Library/Frameworks/Python.framework/Versions/3.8/lib/python3.8/site-packages/airflow/example_dags/example_branch_day_of_week_operator.py for tasks to queue
[2024-11-26T15:41:12.529-0600] {logging_mixin.py:190} INFO - [2024-11-26T15:41:12.529-0600] {dagbag.py:588} INFO - Filling up the DagBag from /Library/Frameworks/Python.framework/Versions/3.8/lib/python3.8/site-packages/airflow/example_dags/example_branch_day_of_week_operator.py
[2024-11-26T15:41:12.533-0600] {processor.py:925} INFO - DAG(s) 'example_weekday_branch_operator' retrieved from /Library/Frameworks/Python.framework/Versions/3.8/lib/python3.8/site-packages/airflow/example_dags/example_branch_day_of_week_operator.py
[2024-11-26T15:41:12.568-0600] {logging_mixin.py:190} INFO - [2024-11-26T15:41:12.568-0600] {dag.py:3239} INFO - Sync 1 DAGs
[2024-11-26T15:41:12.574-0600] {logging_mixin.py:190} INFO - [2024-11-26T15:41:12.574-0600] {dag.py:4180} INFO - Setting next_dagrun for example_weekday_branch_operator to 2024-11-25 00:00:00+00:00, run_after=2024-11-26 00:00:00+00:00
[2024-11-26T15:41:12.579-0600] {processor.py:208} INFO - Processing /Library/Frameworks/Python.framework/Versions/3.8/lib/python3.8/site-packages/airflow/example_dags/example_branch_day_of_week_operator.py took 0.053 seconds
[2024-11-26T15:43:28.542-0600] {processor.py:186} INFO - Started process (PID=24601) to work on /Library/Frameworks/Python.framework/Versions/3.8/lib/python3.8/site-packages/airflow/example_dags/example_branch_day_of_week_operator.py
[2024-11-26T15:43:28.542-0600] {processor.py:914} INFO - Processing file /Library/Frameworks/Python.framework/Versions/3.8/lib/python3.8/site-packages/airflow/example_dags/example_branch_day_of_week_operator.py for tasks to queue
[2024-11-26T15:43:28.542-0600] {logging_mixin.py:190} INFO - [2024-11-26T15:43:28.542-0600] {dagbag.py:588} INFO - Filling up the DagBag from /Library/Frameworks/Python.framework/Versions/3.8/lib/python3.8/site-packages/airflow/example_dags/example_branch_day_of_week_operator.py
[2024-11-26T15:43:28.545-0600] {processor.py:925} INFO - DAG(s) 'example_weekday_branch_operator' retrieved from /Library/Frameworks/Python.framework/Versions/3.8/lib/python3.8/site-packages/airflow/example_dags/example_branch_day_of_week_operator.py
[2024-11-26T15:43:28.580-0600] {logging_mixin.py:190} INFO - [2024-11-26T15:43:28.580-0600] {dag.py:3239} INFO - Sync 1 DAGs
[2024-11-26T15:43:28.586-0600] {logging_mixin.py:190} INFO - [2024-11-26T15:43:28.586-0600] {dag.py:4180} INFO - Setting next_dagrun for example_weekday_branch_operator to 2024-11-25 00:00:00+00:00, run_after=2024-11-26 00:00:00+00:00
[2024-11-26T15:43:28.592-0600] {processor.py:208} INFO - Processing /Library/Frameworks/Python.framework/Versions/3.8/lib/python3.8/site-packages/airflow/example_dags/example_branch_day_of_week_operator.py took 0.051 seconds
[2024-11-26T15:45:44.434-0600] {processor.py:186} INFO - Started process (PID=24851) to work on /Library/Frameworks/Python.framework/Versions/3.8/lib/python3.8/site-packages/airflow/example_dags/example_branch_day_of_week_operator.py
[2024-11-26T15:45:44.435-0600] {processor.py:914} INFO - Processing file /Library/Frameworks/Python.framework/Versions/3.8/lib/python3.8/site-packages/airflow/example_dags/example_branch_day_of_week_operator.py for tasks to queue
[2024-11-26T15:45:44.436-0600] {logging_mixin.py:190} INFO - [2024-11-26T15:45:44.436-0600] {dagbag.py:588} INFO - Filling up the DagBag from /Library/Frameworks/Python.framework/Versions/3.8/lib/python3.8/site-packages/airflow/example_dags/example_branch_day_of_week_operator.py
[2024-11-26T15:45:44.440-0600] {processor.py:925} INFO - DAG(s) 'example_weekday_branch_operator' retrieved from /Library/Frameworks/Python.framework/Versions/3.8/lib/python3.8/site-packages/airflow/example_dags/example_branch_day_of_week_operator.py
[2024-11-26T15:45:44.475-0600] {logging_mixin.py:190} INFO - [2024-11-26T15:45:44.474-0600] {dag.py:3239} INFO - Sync 1 DAGs
[2024-11-26T15:45:44.481-0600] {logging_mixin.py:190} INFO - [2024-11-26T15:45:44.481-0600] {dag.py:4180} INFO - Setting next_dagrun for example_weekday_branch_operator to 2024-11-25 00:00:00+00:00, run_after=2024-11-26 00:00:00+00:00
[2024-11-26T15:45:44.486-0600] {processor.py:208} INFO - Processing /Library/Frameworks/Python.framework/Versions/3.8/lib/python3.8/site-packages/airflow/example_dags/example_branch_day_of_week_operator.py took 0.053 seconds
[2024-11-26T15:47:55.747-0600] {processor.py:186} INFO - Started process (PID=25105) to work on /Library/Frameworks/Python.framework/Versions/3.8/lib/python3.8/site-packages/airflow/example_dags/example_branch_day_of_week_operator.py
[2024-11-26T15:47:55.748-0600] {processor.py:914} INFO - Processing file /Library/Frameworks/Python.framework/Versions/3.8/lib/python3.8/site-packages/airflow/example_dags/example_branch_day_of_week_operator.py for tasks to queue
[2024-11-26T15:47:55.748-0600] {logging_mixin.py:190} INFO - [2024-11-26T15:47:55.748-0600] {dagbag.py:588} INFO - Filling up the DagBag from /Library/Frameworks/Python.framework/Versions/3.8/lib/python3.8/site-packages/airflow/example_dags/example_branch_day_of_week_operator.py
[2024-11-26T15:47:55.751-0600] {processor.py:925} INFO - DAG(s) 'example_weekday_branch_operator' retrieved from /Library/Frameworks/Python.framework/Versions/3.8/lib/python3.8/site-packages/airflow/example_dags/example_branch_day_of_week_operator.py
[2024-11-26T15:47:55.786-0600] {logging_mixin.py:190} INFO - [2024-11-26T15:47:55.786-0600] {dag.py:3239} INFO - Sync 1 DAGs
[2024-11-26T15:47:55.792-0600] {logging_mixin.py:190} INFO - [2024-11-26T15:47:55.792-0600] {dag.py:4180} INFO - Setting next_dagrun for example_weekday_branch_operator to 2024-11-25 00:00:00+00:00, run_after=2024-11-26 00:00:00+00:00
[2024-11-26T15:47:55.797-0600] {processor.py:208} INFO - Processing /Library/Frameworks/Python.framework/Versions/3.8/lib/python3.8/site-packages/airflow/example_dags/example_branch_day_of_week_operator.py took 0.051 seconds
[2024-11-26T15:50:10.260-0600] {processor.py:186} INFO - Started process (PID=25363) to work on /Library/Frameworks/Python.framework/Versions/3.8/lib/python3.8/site-packages/airflow/example_dags/example_branch_day_of_week_operator.py
[2024-11-26T15:50:10.262-0600] {processor.py:914} INFO - Processing file /Library/Frameworks/Python.framework/Versions/3.8/lib/python3.8/site-packages/airflow/example_dags/example_branch_day_of_week_operator.py for tasks to queue
[2024-11-26T15:50:10.263-0600] {logging_mixin.py:190} INFO - [2024-11-26T15:50:10.263-0600] {dagbag.py:588} INFO - Filling up the DagBag from /Library/Frameworks/Python.framework/Versions/3.8/lib/python3.8/site-packages/airflow/example_dags/example_branch_day_of_week_operator.py
[2024-11-26T15:50:10.267-0600] {processor.py:925} INFO - DAG(s) 'example_weekday_branch_operator' retrieved from /Library/Frameworks/Python.framework/Versions/3.8/lib/python3.8/site-packages/airflow/example_dags/example_branch_day_of_week_operator.py
[2024-11-26T15:50:10.302-0600] {logging_mixin.py:190} INFO - [2024-11-26T15:50:10.302-0600] {dag.py:3239} INFO - Sync 1 DAGs
[2024-11-26T15:50:10.308-0600] {logging_mixin.py:190} INFO - [2024-11-26T15:50:10.308-0600] {dag.py:4180} INFO - Setting next_dagrun for example_weekday_branch_operator to 2024-11-25 00:00:00+00:00, run_after=2024-11-26 00:00:00+00:00
[2024-11-26T15:50:10.314-0600] {processor.py:208} INFO - Processing /Library/Frameworks/Python.framework/Versions/3.8/lib/python3.8/site-packages/airflow/example_dags/example_branch_day_of_week_operator.py took 0.055 seconds
[2024-11-26T15:52:22.874-0600] {processor.py:186} INFO - Started process (PID=25622) to work on /Library/Frameworks/Python.framework/Versions/3.8/lib/python3.8/site-packages/airflow/example_dags/example_branch_day_of_week_operator.py
[2024-11-26T15:52:22.876-0600] {processor.py:914} INFO - Processing file /Library/Frameworks/Python.framework/Versions/3.8/lib/python3.8/site-packages/airflow/example_dags/example_branch_day_of_week_operator.py for tasks to queue
[2024-11-26T15:52:22.876-0600] {logging_mixin.py:190} INFO - [2024-11-26T15:52:22.876-0600] {dagbag.py:588} INFO - Filling up the DagBag from /Library/Frameworks/Python.framework/Versions/3.8/lib/python3.8/site-packages/airflow/example_dags/example_branch_day_of_week_operator.py
[2024-11-26T15:52:22.881-0600] {processor.py:925} INFO - DAG(s) 'example_weekday_branch_operator' retrieved from /Library/Frameworks/Python.framework/Versions/3.8/lib/python3.8/site-packages/airflow/example_dags/example_branch_day_of_week_operator.py
[2024-11-26T15:52:22.920-0600] {logging_mixin.py:190} INFO - [2024-11-26T15:52:22.920-0600] {dag.py:3239} INFO - Sync 1 DAGs
[2024-11-26T15:52:22.928-0600] {logging_mixin.py:190} INFO - [2024-11-26T15:52:22.928-0600] {dag.py:4180} INFO - Setting next_dagrun for example_weekday_branch_operator to 2024-11-25 00:00:00+00:00, run_after=2024-11-26 00:00:00+00:00
[2024-11-26T15:52:22.934-0600] {processor.py:208} INFO - Processing /Library/Frameworks/Python.framework/Versions/3.8/lib/python3.8/site-packages/airflow/example_dags/example_branch_day_of_week_operator.py took 0.061 seconds
[2024-11-26T15:54:49.373-0600] {processor.py:186} INFO - Started process (PID=25890) to work on /Library/Frameworks/Python.framework/Versions/3.8/lib/python3.8/site-packages/airflow/example_dags/example_branch_day_of_week_operator.py
[2024-11-26T15:54:49.374-0600] {processor.py:914} INFO - Processing file /Library/Frameworks/Python.framework/Versions/3.8/lib/python3.8/site-packages/airflow/example_dags/example_branch_day_of_week_operator.py for tasks to queue
[2024-11-26T15:54:49.374-0600] {logging_mixin.py:190} INFO - [2024-11-26T15:54:49.374-0600] {dagbag.py:588} INFO - Filling up the DagBag from /Library/Frameworks/Python.framework/Versions/3.8/lib/python3.8/site-packages/airflow/example_dags/example_branch_day_of_week_operator.py
[2024-11-26T15:54:49.379-0600] {processor.py:925} INFO - DAG(s) 'example_weekday_branch_operator' retrieved from /Library/Frameworks/Python.framework/Versions/3.8/lib/python3.8/site-packages/airflow/example_dags/example_branch_day_of_week_operator.py
[2024-11-26T15:54:49.413-0600] {logging_mixin.py:190} INFO - [2024-11-26T15:54:49.413-0600] {dag.py:3239} INFO - Sync 1 DAGs
[2024-11-26T15:54:49.420-0600] {logging_mixin.py:190} INFO - [2024-11-26T15:54:49.420-0600] {dag.py:4180} INFO - Setting next_dagrun for example_weekday_branch_operator to 2024-11-25 00:00:00+00:00, run_after=2024-11-26 00:00:00+00:00
[2024-11-26T15:54:49.425-0600] {processor.py:208} INFO - Processing /Library/Frameworks/Python.framework/Versions/3.8/lib/python3.8/site-packages/airflow/example_dags/example_branch_day_of_week_operator.py took 0.053 seconds
[2024-11-26T15:57:08.170-0600] {processor.py:186} INFO - Started process (PID=26196) to work on /Library/Frameworks/Python.framework/Versions/3.8/lib/python3.8/site-packages/airflow/example_dags/example_branch_day_of_week_operator.py
[2024-11-26T15:57:08.171-0600] {processor.py:914} INFO - Processing file /Library/Frameworks/Python.framework/Versions/3.8/lib/python3.8/site-packages/airflow/example_dags/example_branch_day_of_week_operator.py for tasks to queue
[2024-11-26T15:57:08.171-0600] {logging_mixin.py:190} INFO - [2024-11-26T15:57:08.171-0600] {dagbag.py:588} INFO - Filling up the DagBag from /Library/Frameworks/Python.framework/Versions/3.8/lib/python3.8/site-packages/airflow/example_dags/example_branch_day_of_week_operator.py
[2024-11-26T15:57:08.175-0600] {processor.py:925} INFO - DAG(s) 'example_weekday_branch_operator' retrieved from /Library/Frameworks/Python.framework/Versions/3.8/lib/python3.8/site-packages/airflow/example_dags/example_branch_day_of_week_operator.py
[2024-11-26T15:57:08.210-0600] {logging_mixin.py:190} INFO - [2024-11-26T15:57:08.210-0600] {dag.py:3239} INFO - Sync 1 DAGs
[2024-11-26T15:57:08.216-0600] {logging_mixin.py:190} INFO - [2024-11-26T15:57:08.216-0600] {dag.py:4180} INFO - Setting next_dagrun for example_weekday_branch_operator to 2024-11-25 00:00:00+00:00, run_after=2024-11-26 00:00:00+00:00
[2024-11-26T15:57:08.222-0600] {processor.py:208} INFO - Processing /Library/Frameworks/Python.framework/Versions/3.8/lib/python3.8/site-packages/airflow/example_dags/example_branch_day_of_week_operator.py took 0.053 seconds
[2024-11-26T15:59:21.590-0600] {processor.py:186} INFO - Started process (PID=26463) to work on /Library/Frameworks/Python.framework/Versions/3.8/lib/python3.8/site-packages/airflow/example_dags/example_branch_day_of_week_operator.py
[2024-11-26T15:59:21.591-0600] {processor.py:914} INFO - Processing file /Library/Frameworks/Python.framework/Versions/3.8/lib/python3.8/site-packages/airflow/example_dags/example_branch_day_of_week_operator.py for tasks to queue
[2024-11-26T15:59:21.591-0600] {logging_mixin.py:190} INFO - [2024-11-26T15:59:21.591-0600] {dagbag.py:588} INFO - Filling up the DagBag from /Library/Frameworks/Python.framework/Versions/3.8/lib/python3.8/site-packages/airflow/example_dags/example_branch_day_of_week_operator.py
[2024-11-26T15:59:21.594-0600] {processor.py:925} INFO - DAG(s) 'example_weekday_branch_operator' retrieved from /Library/Frameworks/Python.framework/Versions/3.8/lib/python3.8/site-packages/airflow/example_dags/example_branch_day_of_week_operator.py
[2024-11-26T15:59:21.629-0600] {logging_mixin.py:190} INFO - [2024-11-26T15:59:21.628-0600] {dag.py:3239} INFO - Sync 1 DAGs
[2024-11-26T15:59:21.635-0600] {logging_mixin.py:190} INFO - [2024-11-26T15:59:21.635-0600] {dag.py:4180} INFO - Setting next_dagrun for example_weekday_branch_operator to 2024-11-25 00:00:00+00:00, run_after=2024-11-26 00:00:00+00:00
[2024-11-26T15:59:21.640-0600] {processor.py:208} INFO - Processing /Library/Frameworks/Python.framework/Versions/3.8/lib/python3.8/site-packages/airflow/example_dags/example_branch_day_of_week_operator.py took 0.051 seconds
[2024-11-26T16:01:37.170-0600] {processor.py:186} INFO - Started process (PID=26738) to work on /Library/Frameworks/Python.framework/Versions/3.8/lib/python3.8/site-packages/airflow/example_dags/example_branch_day_of_week_operator.py
[2024-11-26T16:01:37.171-0600] {processor.py:914} INFO - Processing file /Library/Frameworks/Python.framework/Versions/3.8/lib/python3.8/site-packages/airflow/example_dags/example_branch_day_of_week_operator.py for tasks to queue
[2024-11-26T16:01:37.172-0600] {logging_mixin.py:190} INFO - [2024-11-26T16:01:37.172-0600] {dagbag.py:588} INFO - Filling up the DagBag from /Library/Frameworks/Python.framework/Versions/3.8/lib/python3.8/site-packages/airflow/example_dags/example_branch_day_of_week_operator.py
[2024-11-26T16:01:37.176-0600] {processor.py:925} INFO - DAG(s) 'example_weekday_branch_operator' retrieved from /Library/Frameworks/Python.framework/Versions/3.8/lib/python3.8/site-packages/airflow/example_dags/example_branch_day_of_week_operator.py
[2024-11-26T16:01:37.210-0600] {logging_mixin.py:190} INFO - [2024-11-26T16:01:37.210-0600] {dag.py:3239} INFO - Sync 1 DAGs
[2024-11-26T16:01:37.217-0600] {logging_mixin.py:190} INFO - [2024-11-26T16:01:37.217-0600] {dag.py:4180} INFO - Setting next_dagrun for example_weekday_branch_operator to 2024-11-25 00:00:00+00:00, run_after=2024-11-26 00:00:00+00:00
[2024-11-26T16:01:37.222-0600] {processor.py:208} INFO - Processing /Library/Frameworks/Python.framework/Versions/3.8/lib/python3.8/site-packages/airflow/example_dags/example_branch_day_of_week_operator.py took 0.053 seconds
[2024-11-26T16:03:50.351-0600] {processor.py:186} INFO - Started process (PID=26984) to work on /Library/Frameworks/Python.framework/Versions/3.8/lib/python3.8/site-packages/airflow/example_dags/example_branch_day_of_week_operator.py
[2024-11-26T16:03:50.352-0600] {processor.py:914} INFO - Processing file /Library/Frameworks/Python.framework/Versions/3.8/lib/python3.8/site-packages/airflow/example_dags/example_branch_day_of_week_operator.py for tasks to queue
[2024-11-26T16:03:50.352-0600] {logging_mixin.py:190} INFO - [2024-11-26T16:03:50.352-0600] {dagbag.py:588} INFO - Filling up the DagBag from /Library/Frameworks/Python.framework/Versions/3.8/lib/python3.8/site-packages/airflow/example_dags/example_branch_day_of_week_operator.py
[2024-11-26T16:03:50.356-0600] {processor.py:925} INFO - DAG(s) 'example_weekday_branch_operator' retrieved from /Library/Frameworks/Python.framework/Versions/3.8/lib/python3.8/site-packages/airflow/example_dags/example_branch_day_of_week_operator.py
[2024-11-26T16:03:50.392-0600] {logging_mixin.py:190} INFO - [2024-11-26T16:03:50.392-0600] {dag.py:3239} INFO - Sync 1 DAGs
[2024-11-26T16:03:50.399-0600] {logging_mixin.py:190} INFO - [2024-11-26T16:03:50.398-0600] {dag.py:4180} INFO - Setting next_dagrun for example_weekday_branch_operator to 2024-11-25 00:00:00+00:00, run_after=2024-11-26 00:00:00+00:00
[2024-11-26T16:03:50.404-0600] {processor.py:208} INFO - Processing /Library/Frameworks/Python.framework/Versions/3.8/lib/python3.8/site-packages/airflow/example_dags/example_branch_day_of_week_operator.py took 0.054 seconds
[2024-11-26T16:06:09.303-0600] {processor.py:186} INFO - Started process (PID=27233) to work on /Library/Frameworks/Python.framework/Versions/3.8/lib/python3.8/site-packages/airflow/example_dags/example_branch_day_of_week_operator.py
[2024-11-26T16:06:09.303-0600] {processor.py:914} INFO - Processing file /Library/Frameworks/Python.framework/Versions/3.8/lib/python3.8/site-packages/airflow/example_dags/example_branch_day_of_week_operator.py for tasks to queue
[2024-11-26T16:06:09.304-0600] {logging_mixin.py:190} INFO - [2024-11-26T16:06:09.304-0600] {dagbag.py:588} INFO - Filling up the DagBag from /Library/Frameworks/Python.framework/Versions/3.8/lib/python3.8/site-packages/airflow/example_dags/example_branch_day_of_week_operator.py
[2024-11-26T16:06:09.307-0600] {processor.py:925} INFO - DAG(s) 'example_weekday_branch_operator' retrieved from /Library/Frameworks/Python.framework/Versions/3.8/lib/python3.8/site-packages/airflow/example_dags/example_branch_day_of_week_operator.py
[2024-11-26T16:06:09.341-0600] {logging_mixin.py:190} INFO - [2024-11-26T16:06:09.341-0600] {dag.py:3239} INFO - Sync 1 DAGs
[2024-11-26T16:06:09.347-0600] {logging_mixin.py:190} INFO - [2024-11-26T16:06:09.347-0600] {dag.py:4180} INFO - Setting next_dagrun for example_weekday_branch_operator to 2024-11-25 00:00:00+00:00, run_after=2024-11-26 00:00:00+00:00
[2024-11-26T16:06:09.352-0600] {processor.py:208} INFO - Processing /Library/Frameworks/Python.framework/Versions/3.8/lib/python3.8/site-packages/airflow/example_dags/example_branch_day_of_week_operator.py took 0.051 seconds
