[2024-11-26T14:18:23.622-0600] {processor.py:186} INFO - Started process (PID=17921) to work on /Users/beprathap/PycharmProjects/YouTube-airflow/airflow-venv/lib/python3.8/site-packages/airflow/example_dags/example_latest_only.py
[2024-11-26T14:18:23.622-0600] {processor.py:914} INFO - Processing file /Users/beprathap/PycharmProjects/YouTube-airflow/airflow-venv/lib/python3.8/site-packages/airflow/example_dags/example_latest_only.py for tasks to queue
[2024-11-26T14:18:23.622-0600] {logging_mixin.py:190} INFO - [2024-11-26T14:18:23.622-0600] {dagbag.py:588} INFO - Filling up the DagBag from /Users/beprathap/PycharmProjects/YouTube-airflow/airflow-venv/lib/python3.8/site-packages/airflow/example_dags/example_latest_only.py
[2024-11-26T14:18:23.625-0600] {processor.py:925} INFO - DAG(s) 'latest_only' retrieved from /Users/beprathap/PycharmProjects/YouTube-airflow/airflow-venv/lib/python3.8/site-packages/airflow/example_dags/example_latest_only.py
[2024-11-26T14:18:23.687-0600] {logging_mixin.py:190} INFO - [2024-11-26T14:18:23.687-0600] {override.py:1901} INFO - Created Permission View: can read on DAG:latest_only
[2024-11-26T14:18:23.690-0600] {logging_mixin.py:190} INFO - [2024-11-26T14:18:23.689-0600] {override.py:1901} INFO - Created Permission View: can edit on DAG:latest_only
[2024-11-26T14:18:23.691-0600] {logging_mixin.py:190} INFO - [2024-11-26T14:18:23.691-0600] {override.py:1901} INFO - Created Permission View: can delete on DAG:latest_only
[2024-11-26T14:18:23.693-0600] {logging_mixin.py:190} INFO - [2024-11-26T14:18:23.693-0600] {override.py:1901} INFO - Created Permission View: can read on DAG Run:latest_only
[2024-11-26T14:18:23.695-0600] {logging_mixin.py:190} INFO - [2024-11-26T14:18:23.695-0600] {override.py:1901} INFO - Created Permission View: can delete on DAG Run:latest_only
[2024-11-26T14:18:23.698-0600] {logging_mixin.py:190} INFO - [2024-11-26T14:18:23.698-0600] {override.py:1901} INFO - Created Permission View: can create on DAG Run:latest_only
[2024-11-26T14:18:23.699-0600] {logging_mixin.py:190} INFO - [2024-11-26T14:18:23.699-0600] {override.py:1901} INFO - Created Permission View: menu access on DAG Run:latest_only
[2024-11-26T14:18:23.700-0600] {logging_mixin.py:190} INFO - [2024-11-26T14:18:23.699-0600] {dag.py:3239} INFO - Sync 1 DAGs
[2024-11-26T14:18:23.703-0600] {logging_mixin.py:190} INFO - [2024-11-26T14:18:23.703-0600] {dag.py:3262} INFO - Creating ORM DAG for latest_only
[2024-11-26T14:18:23.706-0600] {logging_mixin.py:190} INFO - [2024-11-26T14:18:23.706-0600] {dag.py:4180} INFO - Setting next_dagrun for latest_only to 2024-11-26 16:00:00+00:00, run_after=2024-11-26 20:00:00+00:00
[2024-11-26T14:18:23.711-0600] {processor.py:208} INFO - Processing /Users/beprathap/PycharmProjects/YouTube-airflow/airflow-venv/lib/python3.8/site-packages/airflow/example_dags/example_latest_only.py took 0.090 seconds
[2024-11-26T14:20:02.604-0600] {processor.py:186} INFO - Started process (PID=18100) to work on /Users/beprathap/PycharmProjects/YouTube-airflow/airflow-venv/lib/python3.8/site-packages/airflow/example_dags/example_latest_only.py
[2024-11-26T14:20:02.604-0600] {processor.py:914} INFO - Processing file /Users/beprathap/PycharmProjects/YouTube-airflow/airflow-venv/lib/python3.8/site-packages/airflow/example_dags/example_latest_only.py for tasks to queue
[2024-11-26T14:20:02.605-0600] {logging_mixin.py:190} INFO - [2024-11-26T14:20:02.605-0600] {dagbag.py:588} INFO - Filling up the DagBag from /Users/beprathap/PycharmProjects/YouTube-airflow/airflow-venv/lib/python3.8/site-packages/airflow/example_dags/example_latest_only.py
[2024-11-26T14:20:02.607-0600] {processor.py:925} INFO - DAG(s) 'latest_only' retrieved from /Users/beprathap/PycharmProjects/YouTube-airflow/airflow-venv/lib/python3.8/site-packages/airflow/example_dags/example_latest_only.py
[2024-11-26T14:20:02.643-0600] {logging_mixin.py:190} INFO - [2024-11-26T14:20:02.643-0600] {dag.py:3239} INFO - Sync 1 DAGs
[2024-11-26T14:20:02.649-0600] {logging_mixin.py:190} INFO - [2024-11-26T14:20:02.649-0600] {dag.py:4180} INFO - Setting next_dagrun for latest_only to 2024-11-26 16:00:00+00:00, run_after=2024-11-26 20:00:00+00:00
[2024-11-26T14:20:02.654-0600] {processor.py:208} INFO - Processing /Users/beprathap/PycharmProjects/YouTube-airflow/airflow-venv/lib/python3.8/site-packages/airflow/example_dags/example_latest_only.py took 0.052 seconds
[2024-11-26T14:22:16.866-0600] {processor.py:186} INFO - Started process (PID=18360) to work on /Users/beprathap/PycharmProjects/YouTube-airflow/airflow-venv/lib/python3.8/site-packages/airflow/example_dags/example_latest_only.py
[2024-11-26T14:22:16.867-0600] {processor.py:914} INFO - Processing file /Users/beprathap/PycharmProjects/YouTube-airflow/airflow-venv/lib/python3.8/site-packages/airflow/example_dags/example_latest_only.py for tasks to queue
[2024-11-26T14:22:16.867-0600] {logging_mixin.py:190} INFO - [2024-11-26T14:22:16.867-0600] {dagbag.py:588} INFO - Filling up the DagBag from /Users/beprathap/PycharmProjects/YouTube-airflow/airflow-venv/lib/python3.8/site-packages/airflow/example_dags/example_latest_only.py
[2024-11-26T14:22:16.869-0600] {processor.py:925} INFO - DAG(s) 'latest_only' retrieved from /Users/beprathap/PycharmProjects/YouTube-airflow/airflow-venv/lib/python3.8/site-packages/airflow/example_dags/example_latest_only.py
[2024-11-26T14:22:16.902-0600] {logging_mixin.py:190} INFO - [2024-11-26T14:22:16.902-0600] {dag.py:3239} INFO - Sync 1 DAGs
[2024-11-26T14:22:16.907-0600] {logging_mixin.py:190} INFO - [2024-11-26T14:22:16.907-0600] {dag.py:4180} INFO - Setting next_dagrun for latest_only to 2024-11-26 16:00:00+00:00, run_after=2024-11-26 20:00:00+00:00
[2024-11-26T14:22:16.912-0600] {processor.py:208} INFO - Processing /Users/beprathap/PycharmProjects/YouTube-airflow/airflow-venv/lib/python3.8/site-packages/airflow/example_dags/example_latest_only.py took 0.047 seconds
[2024-11-26T14:24:26.052-0600] {processor.py:186} INFO - Started process (PID=18628) to work on /Users/beprathap/PycharmProjects/YouTube-airflow/airflow-venv/lib/python3.8/site-packages/airflow/example_dags/example_latest_only.py
[2024-11-26T14:24:26.053-0600] {processor.py:914} INFO - Processing file /Users/beprathap/PycharmProjects/YouTube-airflow/airflow-venv/lib/python3.8/site-packages/airflow/example_dags/example_latest_only.py for tasks to queue
[2024-11-26T14:24:26.053-0600] {logging_mixin.py:190} INFO - [2024-11-26T14:24:26.053-0600] {dagbag.py:588} INFO - Filling up the DagBag from /Users/beprathap/PycharmProjects/YouTube-airflow/airflow-venv/lib/python3.8/site-packages/airflow/example_dags/example_latest_only.py
[2024-11-26T14:24:26.055-0600] {processor.py:925} INFO - DAG(s) 'latest_only' retrieved from /Users/beprathap/PycharmProjects/YouTube-airflow/airflow-venv/lib/python3.8/site-packages/airflow/example_dags/example_latest_only.py
[2024-11-26T14:24:26.090-0600] {logging_mixin.py:190} INFO - [2024-11-26T14:24:26.090-0600] {dag.py:3239} INFO - Sync 1 DAGs
[2024-11-26T14:24:26.096-0600] {logging_mixin.py:190} INFO - [2024-11-26T14:24:26.096-0600] {dag.py:4180} INFO - Setting next_dagrun for latest_only to 2024-11-26 16:00:00+00:00, run_after=2024-11-26 20:00:00+00:00
[2024-11-26T14:24:26.101-0600] {processor.py:208} INFO - Processing /Users/beprathap/PycharmProjects/YouTube-airflow/airflow-venv/lib/python3.8/site-packages/airflow/example_dags/example_latest_only.py took 0.051 seconds
[2024-11-26T14:26:33.370-0600] {processor.py:186} INFO - Started process (PID=18874) to work on /Users/beprathap/PycharmProjects/YouTube-airflow/airflow-venv/lib/python3.8/site-packages/airflow/example_dags/example_latest_only.py
[2024-11-26T14:26:33.371-0600] {processor.py:914} INFO - Processing file /Users/beprathap/PycharmProjects/YouTube-airflow/airflow-venv/lib/python3.8/site-packages/airflow/example_dags/example_latest_only.py for tasks to queue
[2024-11-26T14:26:33.371-0600] {logging_mixin.py:190} INFO - [2024-11-26T14:26:33.371-0600] {dagbag.py:588} INFO - Filling up the DagBag from /Users/beprathap/PycharmProjects/YouTube-airflow/airflow-venv/lib/python3.8/site-packages/airflow/example_dags/example_latest_only.py
[2024-11-26T14:26:33.373-0600] {processor.py:925} INFO - DAG(s) 'latest_only' retrieved from /Users/beprathap/PycharmProjects/YouTube-airflow/airflow-venv/lib/python3.8/site-packages/airflow/example_dags/example_latest_only.py
[2024-11-26T14:26:33.407-0600] {logging_mixin.py:190} INFO - [2024-11-26T14:26:33.407-0600] {dag.py:3239} INFO - Sync 1 DAGs
[2024-11-26T14:26:33.413-0600] {logging_mixin.py:190} INFO - [2024-11-26T14:26:33.413-0600] {dag.py:4180} INFO - Setting next_dagrun for latest_only to 2024-11-26 16:00:00+00:00, run_after=2024-11-26 20:00:00+00:00
[2024-11-26T14:26:33.418-0600] {processor.py:208} INFO - Processing /Users/beprathap/PycharmProjects/YouTube-airflow/airflow-venv/lib/python3.8/site-packages/airflow/example_dags/example_latest_only.py took 0.050 seconds
[2024-11-26T14:28:42.150-0600] {processor.py:186} INFO - Started process (PID=19103) to work on /Users/beprathap/PycharmProjects/YouTube-airflow/airflow-venv/lib/python3.8/site-packages/airflow/example_dags/example_latest_only.py
[2024-11-26T14:28:42.151-0600] {processor.py:914} INFO - Processing file /Users/beprathap/PycharmProjects/YouTube-airflow/airflow-venv/lib/python3.8/site-packages/airflow/example_dags/example_latest_only.py for tasks to queue
[2024-11-26T14:28:42.151-0600] {logging_mixin.py:190} INFO - [2024-11-26T14:28:42.151-0600] {dagbag.py:588} INFO - Filling up the DagBag from /Users/beprathap/PycharmProjects/YouTube-airflow/airflow-venv/lib/python3.8/site-packages/airflow/example_dags/example_latest_only.py
[2024-11-26T14:28:42.153-0600] {processor.py:925} INFO - DAG(s) 'latest_only' retrieved from /Users/beprathap/PycharmProjects/YouTube-airflow/airflow-venv/lib/python3.8/site-packages/airflow/example_dags/example_latest_only.py
[2024-11-26T14:28:42.187-0600] {logging_mixin.py:190} INFO - [2024-11-26T14:28:42.187-0600] {dag.py:3239} INFO - Sync 1 DAGs
[2024-11-26T14:28:42.193-0600] {logging_mixin.py:190} INFO - [2024-11-26T14:28:42.193-0600] {dag.py:4180} INFO - Setting next_dagrun for latest_only to 2024-11-26 16:00:00+00:00, run_after=2024-11-26 20:00:00+00:00
[2024-11-26T14:28:42.199-0600] {processor.py:208} INFO - Processing /Users/beprathap/PycharmProjects/YouTube-airflow/airflow-venv/lib/python3.8/site-packages/airflow/example_dags/example_latest_only.py took 0.050 seconds
[2024-11-26T14:36:46.091-0600] {processor.py:186} INFO - Started process (PID=19597) to work on /Users/beprathap/PycharmProjects/YouTube-airflow/airflow-venv/lib/python3.8/site-packages/airflow/example_dags/example_latest_only.py
[2024-11-26T14:36:46.092-0600] {processor.py:914} INFO - Processing file /Users/beprathap/PycharmProjects/YouTube-airflow/airflow-venv/lib/python3.8/site-packages/airflow/example_dags/example_latest_only.py for tasks to queue
[2024-11-26T14:36:46.092-0600] {logging_mixin.py:190} INFO - [2024-11-26T14:36:46.092-0600] {dagbag.py:588} INFO - Filling up the DagBag from /Users/beprathap/PycharmProjects/YouTube-airflow/airflow-venv/lib/python3.8/site-packages/airflow/example_dags/example_latest_only.py
[2024-11-26T14:36:46.094-0600] {processor.py:925} INFO - DAG(s) 'latest_only' retrieved from /Users/beprathap/PycharmProjects/YouTube-airflow/airflow-venv/lib/python3.8/site-packages/airflow/example_dags/example_latest_only.py
[2024-11-26T14:36:46.129-0600] {logging_mixin.py:190} INFO - [2024-11-26T14:36:46.128-0600] {dag.py:3239} INFO - Sync 1 DAGs
[2024-11-26T14:36:46.134-0600] {logging_mixin.py:190} INFO - [2024-11-26T14:36:46.134-0600] {dag.py:4180} INFO - Setting next_dagrun for latest_only to 2024-11-26 16:00:00+00:00, run_after=2024-11-26 20:00:00+00:00
[2024-11-26T14:36:46.139-0600] {processor.py:208} INFO - Processing /Users/beprathap/PycharmProjects/YouTube-airflow/airflow-venv/lib/python3.8/site-packages/airflow/example_dags/example_latest_only.py took 0.050 seconds
[2024-11-26T14:38:26.757-0600] {processor.py:186} INFO - Started process (PID=19768) to work on /Users/beprathap/PycharmProjects/YouTube-airflow/airflow-venv/lib/python3.8/site-packages/airflow/example_dags/example_latest_only.py
[2024-11-26T14:38:26.757-0600] {processor.py:914} INFO - Processing file /Users/beprathap/PycharmProjects/YouTube-airflow/airflow-venv/lib/python3.8/site-packages/airflow/example_dags/example_latest_only.py for tasks to queue
[2024-11-26T14:38:26.757-0600] {logging_mixin.py:190} INFO - [2024-11-26T14:38:26.757-0600] {dagbag.py:588} INFO - Filling up the DagBag from /Users/beprathap/PycharmProjects/YouTube-airflow/airflow-venv/lib/python3.8/site-packages/airflow/example_dags/example_latest_only.py
[2024-11-26T14:38:26.760-0600] {processor.py:925} INFO - DAG(s) 'latest_only' retrieved from /Users/beprathap/PycharmProjects/YouTube-airflow/airflow-venv/lib/python3.8/site-packages/airflow/example_dags/example_latest_only.py
[2024-11-26T14:38:26.794-0600] {logging_mixin.py:190} INFO - [2024-11-26T14:38:26.794-0600] {dag.py:3239} INFO - Sync 1 DAGs
[2024-11-26T14:38:26.800-0600] {logging_mixin.py:190} INFO - [2024-11-26T14:38:26.800-0600] {dag.py:4180} INFO - Setting next_dagrun for latest_only to 2024-11-26 16:00:00+00:00, run_after=2024-11-26 20:00:00+00:00
[2024-11-26T14:38:26.805-0600] {processor.py:208} INFO - Processing /Users/beprathap/PycharmProjects/YouTube-airflow/airflow-venv/lib/python3.8/site-packages/airflow/example_dags/example_latest_only.py took 0.050 seconds
[2024-11-26T14:40:44.346-0600] {processor.py:186} INFO - Started process (PID=20035) to work on /Users/beprathap/PycharmProjects/YouTube-airflow/airflow-venv/lib/python3.8/site-packages/airflow/example_dags/example_latest_only.py
[2024-11-26T14:40:44.346-0600] {processor.py:914} INFO - Processing file /Users/beprathap/PycharmProjects/YouTube-airflow/airflow-venv/lib/python3.8/site-packages/airflow/example_dags/example_latest_only.py for tasks to queue
[2024-11-26T14:40:44.347-0600] {logging_mixin.py:190} INFO - [2024-11-26T14:40:44.347-0600] {dagbag.py:588} INFO - Filling up the DagBag from /Users/beprathap/PycharmProjects/YouTube-airflow/airflow-venv/lib/python3.8/site-packages/airflow/example_dags/example_latest_only.py
[2024-11-26T14:40:44.349-0600] {processor.py:925} INFO - DAG(s) 'latest_only' retrieved from /Users/beprathap/PycharmProjects/YouTube-airflow/airflow-venv/lib/python3.8/site-packages/airflow/example_dags/example_latest_only.py
[2024-11-26T14:40:44.386-0600] {logging_mixin.py:190} INFO - [2024-11-26T14:40:44.385-0600] {dag.py:3239} INFO - Sync 1 DAGs
[2024-11-26T14:40:44.393-0600] {logging_mixin.py:190} INFO - [2024-11-26T14:40:44.393-0600] {dag.py:4180} INFO - Setting next_dagrun for latest_only to 2024-11-26 16:00:00+00:00, run_after=2024-11-26 20:00:00+00:00
[2024-11-26T14:40:44.399-0600] {processor.py:208} INFO - Processing /Users/beprathap/PycharmProjects/YouTube-airflow/airflow-venv/lib/python3.8/site-packages/airflow/example_dags/example_latest_only.py took 0.055 seconds
[2024-11-26T14:42:54.123-0600] {processor.py:186} INFO - Started process (PID=20271) to work on /Users/beprathap/PycharmProjects/YouTube-airflow/airflow-venv/lib/python3.8/site-packages/airflow/example_dags/example_latest_only.py
[2024-11-26T14:42:54.123-0600] {processor.py:914} INFO - Processing file /Users/beprathap/PycharmProjects/YouTube-airflow/airflow-venv/lib/python3.8/site-packages/airflow/example_dags/example_latest_only.py for tasks to queue
[2024-11-26T14:42:54.123-0600] {logging_mixin.py:190} INFO - [2024-11-26T14:42:54.123-0600] {dagbag.py:588} INFO - Filling up the DagBag from /Users/beprathap/PycharmProjects/YouTube-airflow/airflow-venv/lib/python3.8/site-packages/airflow/example_dags/example_latest_only.py
[2024-11-26T14:42:54.126-0600] {processor.py:925} INFO - DAG(s) 'latest_only' retrieved from /Users/beprathap/PycharmProjects/YouTube-airflow/airflow-venv/lib/python3.8/site-packages/airflow/example_dags/example_latest_only.py
[2024-11-26T14:42:54.159-0600] {logging_mixin.py:190} INFO - [2024-11-26T14:42:54.159-0600] {dag.py:3239} INFO - Sync 1 DAGs
[2024-11-26T14:42:54.165-0600] {logging_mixin.py:190} INFO - [2024-11-26T14:42:54.165-0600] {dag.py:4180} INFO - Setting next_dagrun for latest_only to 2024-11-26 16:00:00+00:00, run_after=2024-11-26 20:00:00+00:00
[2024-11-26T14:42:54.170-0600] {processor.py:208} INFO - Processing /Users/beprathap/PycharmProjects/YouTube-airflow/airflow-venv/lib/python3.8/site-packages/airflow/example_dags/example_latest_only.py took 0.049 seconds
[2024-11-26T14:45:06.955-0600] {processor.py:186} INFO - Started process (PID=20534) to work on /Users/beprathap/PycharmProjects/YouTube-airflow/airflow-venv/lib/python3.8/site-packages/airflow/example_dags/example_latest_only.py
[2024-11-26T14:45:06.956-0600] {processor.py:914} INFO - Processing file /Users/beprathap/PycharmProjects/YouTube-airflow/airflow-venv/lib/python3.8/site-packages/airflow/example_dags/example_latest_only.py for tasks to queue
[2024-11-26T14:45:06.956-0600] {logging_mixin.py:190} INFO - [2024-11-26T14:45:06.956-0600] {dagbag.py:588} INFO - Filling up the DagBag from /Users/beprathap/PycharmProjects/YouTube-airflow/airflow-venv/lib/python3.8/site-packages/airflow/example_dags/example_latest_only.py
[2024-11-26T14:45:06.959-0600] {processor.py:925} INFO - DAG(s) 'latest_only' retrieved from /Users/beprathap/PycharmProjects/YouTube-airflow/airflow-venv/lib/python3.8/site-packages/airflow/example_dags/example_latest_only.py
[2024-11-26T14:45:06.998-0600] {logging_mixin.py:190} INFO - [2024-11-26T14:45:06.998-0600] {dag.py:3239} INFO - Sync 1 DAGs
[2024-11-26T14:45:07.006-0600] {logging_mixin.py:190} INFO - [2024-11-26T14:45:07.005-0600] {dag.py:4180} INFO - Setting next_dagrun for latest_only to 2024-11-26 16:00:00+00:00, run_after=2024-11-26 20:00:00+00:00
[2024-11-26T14:45:07.013-0600] {processor.py:208} INFO - Processing /Users/beprathap/PycharmProjects/YouTube-airflow/airflow-venv/lib/python3.8/site-packages/airflow/example_dags/example_latest_only.py took 0.059 seconds
[2024-11-26T14:47:16.555-0600] {processor.py:186} INFO - Started process (PID=20784) to work on /Users/beprathap/PycharmProjects/YouTube-airflow/airflow-venv/lib/python3.8/site-packages/airflow/example_dags/example_latest_only.py
[2024-11-26T14:47:16.555-0600] {processor.py:914} INFO - Processing file /Users/beprathap/PycharmProjects/YouTube-airflow/airflow-venv/lib/python3.8/site-packages/airflow/example_dags/example_latest_only.py for tasks to queue
[2024-11-26T14:47:16.556-0600] {logging_mixin.py:190} INFO - [2024-11-26T14:47:16.556-0600] {dagbag.py:588} INFO - Filling up the DagBag from /Users/beprathap/PycharmProjects/YouTube-airflow/airflow-venv/lib/python3.8/site-packages/airflow/example_dags/example_latest_only.py
[2024-11-26T14:47:16.558-0600] {processor.py:925} INFO - DAG(s) 'latest_only' retrieved from /Users/beprathap/PycharmProjects/YouTube-airflow/airflow-venv/lib/python3.8/site-packages/airflow/example_dags/example_latest_only.py
[2024-11-26T14:47:16.592-0600] {logging_mixin.py:190} INFO - [2024-11-26T14:47:16.592-0600] {dag.py:3239} INFO - Sync 1 DAGs
[2024-11-26T14:47:16.598-0600] {logging_mixin.py:190} INFO - [2024-11-26T14:47:16.598-0600] {dag.py:4180} INFO - Setting next_dagrun for latest_only to 2024-11-26 16:00:00+00:00, run_after=2024-11-26 20:00:00+00:00
[2024-11-26T14:47:16.603-0600] {processor.py:208} INFO - Processing /Users/beprathap/PycharmProjects/YouTube-airflow/airflow-venv/lib/python3.8/site-packages/airflow/example_dags/example_latest_only.py took 0.049 seconds
[2024-11-26T15:02:04.005-0600] {processor.py:186} INFO - Started process (PID=21420) to work on /Library/Frameworks/Python.framework/Versions/3.8/lib/python3.8/site-packages/airflow/example_dags/example_latest_only.py
[2024-11-26T15:02:04.006-0600] {processor.py:914} INFO - Processing file /Library/Frameworks/Python.framework/Versions/3.8/lib/python3.8/site-packages/airflow/example_dags/example_latest_only.py for tasks to queue
[2024-11-26T15:02:04.007-0600] {logging_mixin.py:190} INFO - [2024-11-26T15:02:04.007-0600] {dagbag.py:588} INFO - Filling up the DagBag from /Library/Frameworks/Python.framework/Versions/3.8/lib/python3.8/site-packages/airflow/example_dags/example_latest_only.py
[2024-11-26T15:02:04.009-0600] {processor.py:925} INFO - DAG(s) 'latest_only' retrieved from /Library/Frameworks/Python.framework/Versions/3.8/lib/python3.8/site-packages/airflow/example_dags/example_latest_only.py
[2024-11-26T15:02:04.072-0600] {logging_mixin.py:190} INFO - [2024-11-26T15:02:04.072-0600] {dag.py:3239} INFO - Sync 1 DAGs
[2024-11-26T15:02:04.077-0600] {logging_mixin.py:190} INFO - [2024-11-26T15:02:04.077-0600] {dag.py:4180} INFO - Setting next_dagrun for latest_only to 2024-11-26 16:00:00+00:00, run_after=2024-11-26 20:00:00+00:00
[2024-11-26T15:02:04.084-0600] {processor.py:208} INFO - Processing /Library/Frameworks/Python.framework/Versions/3.8/lib/python3.8/site-packages/airflow/example_dags/example_latest_only.py took 0.080 seconds
[2024-11-26T15:03:46.431-0600] {processor.py:186} INFO - Started process (PID=21606) to work on /Library/Frameworks/Python.framework/Versions/3.8/lib/python3.8/site-packages/airflow/example_dags/example_latest_only.py
[2024-11-26T15:03:46.431-0600] {processor.py:914} INFO - Processing file /Library/Frameworks/Python.framework/Versions/3.8/lib/python3.8/site-packages/airflow/example_dags/example_latest_only.py for tasks to queue
[2024-11-26T15:03:46.432-0600] {logging_mixin.py:190} INFO - [2024-11-26T15:03:46.432-0600] {dagbag.py:588} INFO - Filling up the DagBag from /Library/Frameworks/Python.framework/Versions/3.8/lib/python3.8/site-packages/airflow/example_dags/example_latest_only.py
[2024-11-26T15:03:46.434-0600] {processor.py:925} INFO - DAG(s) 'latest_only' retrieved from /Library/Frameworks/Python.framework/Versions/3.8/lib/python3.8/site-packages/airflow/example_dags/example_latest_only.py
[2024-11-26T15:03:46.470-0600] {logging_mixin.py:190} INFO - [2024-11-26T15:03:46.470-0600] {dag.py:3239} INFO - Sync 1 DAGs
[2024-11-26T15:03:46.476-0600] {logging_mixin.py:190} INFO - [2024-11-26T15:03:46.476-0600] {dag.py:4180} INFO - Setting next_dagrun for latest_only to 2024-11-26 16:00:00+00:00, run_after=2024-11-26 20:00:00+00:00
[2024-11-26T15:03:46.482-0600] {processor.py:208} INFO - Processing /Library/Frameworks/Python.framework/Versions/3.8/lib/python3.8/site-packages/airflow/example_dags/example_latest_only.py took 0.052 seconds
[2024-11-26T15:06:04.908-0600] {processor.py:186} INFO - Started process (PID=21853) to work on /Library/Frameworks/Python.framework/Versions/3.8/lib/python3.8/site-packages/airflow/example_dags/example_latest_only.py
[2024-11-26T15:06:04.908-0600] {processor.py:914} INFO - Processing file /Library/Frameworks/Python.framework/Versions/3.8/lib/python3.8/site-packages/airflow/example_dags/example_latest_only.py for tasks to queue
[2024-11-26T15:06:04.908-0600] {logging_mixin.py:190} INFO - [2024-11-26T15:06:04.908-0600] {dagbag.py:588} INFO - Filling up the DagBag from /Library/Frameworks/Python.framework/Versions/3.8/lib/python3.8/site-packages/airflow/example_dags/example_latest_only.py
[2024-11-26T15:06:04.910-0600] {processor.py:925} INFO - DAG(s) 'latest_only' retrieved from /Library/Frameworks/Python.framework/Versions/3.8/lib/python3.8/site-packages/airflow/example_dags/example_latest_only.py
[2024-11-26T15:06:04.944-0600] {logging_mixin.py:190} INFO - [2024-11-26T15:06:04.944-0600] {dag.py:3239} INFO - Sync 1 DAGs
[2024-11-26T15:06:04.950-0600] {logging_mixin.py:190} INFO - [2024-11-26T15:06:04.950-0600] {dag.py:4180} INFO - Setting next_dagrun for latest_only to 2024-11-26 16:00:00+00:00, run_after=2024-11-26 20:00:00+00:00
[2024-11-26T15:06:04.956-0600] {processor.py:208} INFO - Processing /Library/Frameworks/Python.framework/Versions/3.8/lib/python3.8/site-packages/airflow/example_dags/example_latest_only.py took 0.049 seconds
[2024-11-26T15:08:28.176-0600] {processor.py:186} INFO - Started process (PID=22156) to work on /Library/Frameworks/Python.framework/Versions/3.8/lib/python3.8/site-packages/airflow/example_dags/example_latest_only.py
[2024-11-26T15:08:28.177-0600] {processor.py:914} INFO - Processing file /Library/Frameworks/Python.framework/Versions/3.8/lib/python3.8/site-packages/airflow/example_dags/example_latest_only.py for tasks to queue
[2024-11-26T15:08:28.178-0600] {logging_mixin.py:190} INFO - [2024-11-26T15:08:28.178-0600] {dagbag.py:588} INFO - Filling up the DagBag from /Library/Frameworks/Python.framework/Versions/3.8/lib/python3.8/site-packages/airflow/example_dags/example_latest_only.py
[2024-11-26T15:08:28.180-0600] {processor.py:925} INFO - DAG(s) 'latest_only' retrieved from /Library/Frameworks/Python.framework/Versions/3.8/lib/python3.8/site-packages/airflow/example_dags/example_latest_only.py
[2024-11-26T15:08:28.214-0600] {logging_mixin.py:190} INFO - [2024-11-26T15:08:28.214-0600] {dag.py:3239} INFO - Sync 1 DAGs
[2024-11-26T15:08:28.221-0600] {logging_mixin.py:190} INFO - [2024-11-26T15:08:28.220-0600] {dag.py:4180} INFO - Setting next_dagrun for latest_only to 2024-11-26 16:00:00+00:00, run_after=2024-11-26 20:00:00+00:00
[2024-11-26T15:08:28.226-0600] {processor.py:208} INFO - Processing /Library/Frameworks/Python.framework/Versions/3.8/lib/python3.8/site-packages/airflow/example_dags/example_latest_only.py took 0.051 seconds
[2024-11-26T15:17:03.237-0600] {processor.py:186} INFO - Started process (PID=22428) to work on /Library/Frameworks/Python.framework/Versions/3.8/lib/python3.8/site-packages/airflow/example_dags/example_latest_only.py
[2024-11-26T15:17:03.238-0600] {processor.py:914} INFO - Processing file /Library/Frameworks/Python.framework/Versions/3.8/lib/python3.8/site-packages/airflow/example_dags/example_latest_only.py for tasks to queue
[2024-11-26T15:17:03.238-0600] {logging_mixin.py:190} INFO - [2024-11-26T15:17:03.238-0600] {dagbag.py:588} INFO - Filling up the DagBag from /Library/Frameworks/Python.framework/Versions/3.8/lib/python3.8/site-packages/airflow/example_dags/example_latest_only.py
[2024-11-26T15:17:03.241-0600] {processor.py:925} INFO - DAG(s) 'latest_only' retrieved from /Library/Frameworks/Python.framework/Versions/3.8/lib/python3.8/site-packages/airflow/example_dags/example_latest_only.py
[2024-11-26T15:17:03.274-0600] {logging_mixin.py:190} INFO - [2024-11-26T15:17:03.274-0600] {dag.py:3239} INFO - Sync 1 DAGs
[2024-11-26T15:17:03.280-0600] {logging_mixin.py:190} INFO - [2024-11-26T15:17:03.279-0600] {dag.py:4180} INFO - Setting next_dagrun for latest_only to 2024-11-26 16:00:00+00:00, run_after=2024-11-26 20:00:00+00:00
[2024-11-26T15:17:03.285-0600] {processor.py:208} INFO - Processing /Library/Frameworks/Python.framework/Versions/3.8/lib/python3.8/site-packages/airflow/example_dags/example_latest_only.py took 0.049 seconds
[2024-11-26T15:18:39.396-0600] {processor.py:186} INFO - Started process (PID=22619) to work on /Library/Frameworks/Python.framework/Versions/3.8/lib/python3.8/site-packages/airflow/example_dags/example_latest_only.py
[2024-11-26T15:18:39.397-0600] {processor.py:914} INFO - Processing file /Library/Frameworks/Python.framework/Versions/3.8/lib/python3.8/site-packages/airflow/example_dags/example_latest_only.py for tasks to queue
[2024-11-26T15:18:39.397-0600] {logging_mixin.py:190} INFO - [2024-11-26T15:18:39.397-0600] {dagbag.py:588} INFO - Filling up the DagBag from /Library/Frameworks/Python.framework/Versions/3.8/lib/python3.8/site-packages/airflow/example_dags/example_latest_only.py
[2024-11-26T15:18:39.399-0600] {processor.py:925} INFO - DAG(s) 'latest_only' retrieved from /Library/Frameworks/Python.framework/Versions/3.8/lib/python3.8/site-packages/airflow/example_dags/example_latest_only.py
[2024-11-26T15:18:39.433-0600] {logging_mixin.py:190} INFO - [2024-11-26T15:18:39.433-0600] {dag.py:3239} INFO - Sync 1 DAGs
[2024-11-26T15:18:39.439-0600] {logging_mixin.py:190} INFO - [2024-11-26T15:18:39.439-0600] {dag.py:4180} INFO - Setting next_dagrun for latest_only to 2024-11-26 16:00:00+00:00, run_after=2024-11-26 20:00:00+00:00
[2024-11-26T15:18:39.444-0600] {processor.py:208} INFO - Processing /Library/Frameworks/Python.framework/Versions/3.8/lib/python3.8/site-packages/airflow/example_dags/example_latest_only.py took 0.049 seconds
[2024-11-26T15:20:55.700-0600] {processor.py:186} INFO - Started process (PID=22874) to work on /Library/Frameworks/Python.framework/Versions/3.8/lib/python3.8/site-packages/airflow/example_dags/example_latest_only.py
[2024-11-26T15:20:55.700-0600] {processor.py:914} INFO - Processing file /Library/Frameworks/Python.framework/Versions/3.8/lib/python3.8/site-packages/airflow/example_dags/example_latest_only.py for tasks to queue
[2024-11-26T15:20:55.700-0600] {logging_mixin.py:190} INFO - [2024-11-26T15:20:55.700-0600] {dagbag.py:588} INFO - Filling up the DagBag from /Library/Frameworks/Python.framework/Versions/3.8/lib/python3.8/site-packages/airflow/example_dags/example_latest_only.py
[2024-11-26T15:20:55.703-0600] {processor.py:925} INFO - DAG(s) 'latest_only' retrieved from /Library/Frameworks/Python.framework/Versions/3.8/lib/python3.8/site-packages/airflow/example_dags/example_latest_only.py
[2024-11-26T15:20:55.738-0600] {logging_mixin.py:190} INFO - [2024-11-26T15:20:55.738-0600] {dag.py:3239} INFO - Sync 1 DAGs
[2024-11-26T15:20:55.744-0600] {logging_mixin.py:190} INFO - [2024-11-26T15:20:55.744-0600] {dag.py:4180} INFO - Setting next_dagrun for latest_only to 2024-11-26 16:00:00+00:00, run_after=2024-11-26 20:00:00+00:00
[2024-11-26T15:20:55.749-0600] {processor.py:208} INFO - Processing /Library/Frameworks/Python.framework/Versions/3.8/lib/python3.8/site-packages/airflow/example_dags/example_latest_only.py took 0.051 seconds
[2024-11-26T15:23:08.966-0600] {processor.py:186} INFO - Started process (PID=23148) to work on /Library/Frameworks/Python.framework/Versions/3.8/lib/python3.8/site-packages/airflow/example_dags/example_latest_only.py
[2024-11-26T15:23:08.966-0600] {processor.py:914} INFO - Processing file /Library/Frameworks/Python.framework/Versions/3.8/lib/python3.8/site-packages/airflow/example_dags/example_latest_only.py for tasks to queue
[2024-11-26T15:23:08.967-0600] {logging_mixin.py:190} INFO - [2024-11-26T15:23:08.967-0600] {dagbag.py:588} INFO - Filling up the DagBag from /Library/Frameworks/Python.framework/Versions/3.8/lib/python3.8/site-packages/airflow/example_dags/example_latest_only.py
[2024-11-26T15:23:08.969-0600] {processor.py:925} INFO - DAG(s) 'latest_only' retrieved from /Library/Frameworks/Python.framework/Versions/3.8/lib/python3.8/site-packages/airflow/example_dags/example_latest_only.py
[2024-11-26T15:23:09.004-0600] {logging_mixin.py:190} INFO - [2024-11-26T15:23:09.004-0600] {dag.py:3239} INFO - Sync 1 DAGs
[2024-11-26T15:23:09.010-0600] {logging_mixin.py:190} INFO - [2024-11-26T15:23:09.010-0600] {dag.py:4180} INFO - Setting next_dagrun for latest_only to 2024-11-26 16:00:00+00:00, run_after=2024-11-26 20:00:00+00:00
[2024-11-26T15:23:09.015-0600] {processor.py:208} INFO - Processing /Library/Frameworks/Python.framework/Versions/3.8/lib/python3.8/site-packages/airflow/example_dags/example_latest_only.py took 0.050 seconds
[2024-11-26T15:33:56.108-0600] {processor.py:186} INFO - Started process (PID=23520) to work on /Library/Frameworks/Python.framework/Versions/3.8/lib/python3.8/site-packages/airflow/example_dags/example_latest_only.py
[2024-11-26T15:33:56.109-0600] {processor.py:914} INFO - Processing file /Library/Frameworks/Python.framework/Versions/3.8/lib/python3.8/site-packages/airflow/example_dags/example_latest_only.py for tasks to queue
[2024-11-26T15:33:56.109-0600] {logging_mixin.py:190} INFO - [2024-11-26T15:33:56.109-0600] {dagbag.py:588} INFO - Filling up the DagBag from /Library/Frameworks/Python.framework/Versions/3.8/lib/python3.8/site-packages/airflow/example_dags/example_latest_only.py
[2024-11-26T15:33:56.112-0600] {processor.py:925} INFO - DAG(s) 'latest_only' retrieved from /Library/Frameworks/Python.framework/Versions/3.8/lib/python3.8/site-packages/airflow/example_dags/example_latest_only.py
[2024-11-26T15:33:56.146-0600] {logging_mixin.py:190} INFO - [2024-11-26T15:33:56.146-0600] {dag.py:3239} INFO - Sync 1 DAGs
[2024-11-26T15:33:56.152-0600] {logging_mixin.py:190} INFO - [2024-11-26T15:33:56.152-0600] {dag.py:4180} INFO - Setting next_dagrun for latest_only to 2024-11-26 16:00:00+00:00, run_after=2024-11-26 20:00:00+00:00
[2024-11-26T15:33:56.157-0600] {processor.py:208} INFO - Processing /Library/Frameworks/Python.framework/Versions/3.8/lib/python3.8/site-packages/airflow/example_dags/example_latest_only.py took 0.051 seconds
[2024-11-26T15:35:35.576-0600] {processor.py:186} INFO - Started process (PID=23711) to work on /Library/Frameworks/Python.framework/Versions/3.8/lib/python3.8/site-packages/airflow/example_dags/example_latest_only.py
[2024-11-26T15:35:35.577-0600] {processor.py:914} INFO - Processing file /Library/Frameworks/Python.framework/Versions/3.8/lib/python3.8/site-packages/airflow/example_dags/example_latest_only.py for tasks to queue
[2024-11-26T15:35:35.577-0600] {logging_mixin.py:190} INFO - [2024-11-26T15:35:35.577-0600] {dagbag.py:588} INFO - Filling up the DagBag from /Library/Frameworks/Python.framework/Versions/3.8/lib/python3.8/site-packages/airflow/example_dags/example_latest_only.py
[2024-11-26T15:35:35.579-0600] {processor.py:925} INFO - DAG(s) 'latest_only' retrieved from /Library/Frameworks/Python.framework/Versions/3.8/lib/python3.8/site-packages/airflow/example_dags/example_latest_only.py
[2024-11-26T15:35:35.613-0600] {logging_mixin.py:190} INFO - [2024-11-26T15:35:35.613-0600] {dag.py:3239} INFO - Sync 1 DAGs
[2024-11-26T15:35:35.619-0600] {logging_mixin.py:190} INFO - [2024-11-26T15:35:35.619-0600] {dag.py:4180} INFO - Setting next_dagrun for latest_only to 2024-11-26 16:00:00+00:00, run_after=2024-11-26 20:00:00+00:00
[2024-11-26T15:35:35.624-0600] {processor.py:208} INFO - Processing /Library/Frameworks/Python.framework/Versions/3.8/lib/python3.8/site-packages/airflow/example_dags/example_latest_only.py took 0.049 seconds
[2024-11-26T15:37:50.918-0600] {processor.py:186} INFO - Started process (PID=23972) to work on /Library/Frameworks/Python.framework/Versions/3.8/lib/python3.8/site-packages/airflow/example_dags/example_latest_only.py
[2024-11-26T15:37:50.918-0600] {processor.py:914} INFO - Processing file /Library/Frameworks/Python.framework/Versions/3.8/lib/python3.8/site-packages/airflow/example_dags/example_latest_only.py for tasks to queue
[2024-11-26T15:37:50.919-0600] {logging_mixin.py:190} INFO - [2024-11-26T15:37:50.919-0600] {dagbag.py:588} INFO - Filling up the DagBag from /Library/Frameworks/Python.framework/Versions/3.8/lib/python3.8/site-packages/airflow/example_dags/example_latest_only.py
[2024-11-26T15:37:50.922-0600] {processor.py:925} INFO - DAG(s) 'latest_only' retrieved from /Library/Frameworks/Python.framework/Versions/3.8/lib/python3.8/site-packages/airflow/example_dags/example_latest_only.py
[2024-11-26T15:37:50.956-0600] {logging_mixin.py:190} INFO - [2024-11-26T15:37:50.956-0600] {dag.py:3239} INFO - Sync 1 DAGs
[2024-11-26T15:37:50.962-0600] {logging_mixin.py:190} INFO - [2024-11-26T15:37:50.962-0600] {dag.py:4180} INFO - Setting next_dagrun for latest_only to 2024-11-26 16:00:00+00:00, run_after=2024-11-26 20:00:00+00:00
[2024-11-26T15:37:50.967-0600] {processor.py:208} INFO - Processing /Library/Frameworks/Python.framework/Versions/3.8/lib/python3.8/site-packages/airflow/example_dags/example_latest_only.py took 0.051 seconds
[2024-11-26T15:40:03.074-0600] {processor.py:186} INFO - Started process (PID=24223) to work on /Library/Frameworks/Python.framework/Versions/3.8/lib/python3.8/site-packages/airflow/example_dags/example_latest_only.py
[2024-11-26T15:40:03.075-0600] {processor.py:914} INFO - Processing file /Library/Frameworks/Python.framework/Versions/3.8/lib/python3.8/site-packages/airflow/example_dags/example_latest_only.py for tasks to queue
[2024-11-26T15:40:03.075-0600] {logging_mixin.py:190} INFO - [2024-11-26T15:40:03.075-0600] {dagbag.py:588} INFO - Filling up the DagBag from /Library/Frameworks/Python.framework/Versions/3.8/lib/python3.8/site-packages/airflow/example_dags/example_latest_only.py
[2024-11-26T15:40:03.078-0600] {processor.py:925} INFO - DAG(s) 'latest_only' retrieved from /Library/Frameworks/Python.framework/Versions/3.8/lib/python3.8/site-packages/airflow/example_dags/example_latest_only.py
[2024-11-26T15:40:03.112-0600] {logging_mixin.py:190} INFO - [2024-11-26T15:40:03.112-0600] {dag.py:3239} INFO - Sync 1 DAGs
[2024-11-26T15:40:03.118-0600] {logging_mixin.py:190} INFO - [2024-11-26T15:40:03.118-0600] {dag.py:4180} INFO - Setting next_dagrun for latest_only to 2024-11-26 16:00:00+00:00, run_after=2024-11-26 20:00:00+00:00
[2024-11-26T15:40:03.123-0600] {processor.py:208} INFO - Processing /Library/Frameworks/Python.framework/Versions/3.8/lib/python3.8/site-packages/airflow/example_dags/example_latest_only.py took 0.050 seconds
[2024-11-26T15:42:22.299-0600] {processor.py:186} INFO - Started process (PID=24476) to work on /Library/Frameworks/Python.framework/Versions/3.8/lib/python3.8/site-packages/airflow/example_dags/example_latest_only.py
[2024-11-26T15:42:22.299-0600] {processor.py:914} INFO - Processing file /Library/Frameworks/Python.framework/Versions/3.8/lib/python3.8/site-packages/airflow/example_dags/example_latest_only.py for tasks to queue
[2024-11-26T15:42:22.299-0600] {logging_mixin.py:190} INFO - [2024-11-26T15:42:22.299-0600] {dagbag.py:588} INFO - Filling up the DagBag from /Library/Frameworks/Python.framework/Versions/3.8/lib/python3.8/site-packages/airflow/example_dags/example_latest_only.py
[2024-11-26T15:42:22.301-0600] {processor.py:925} INFO - DAG(s) 'latest_only' retrieved from /Library/Frameworks/Python.framework/Versions/3.8/lib/python3.8/site-packages/airflow/example_dags/example_latest_only.py
[2024-11-26T15:42:22.336-0600] {logging_mixin.py:190} INFO - [2024-11-26T15:42:22.336-0600] {dag.py:3239} INFO - Sync 1 DAGs
[2024-11-26T15:42:22.343-0600] {logging_mixin.py:190} INFO - [2024-11-26T15:42:22.342-0600] {dag.py:4180} INFO - Setting next_dagrun for latest_only to 2024-11-26 16:00:00+00:00, run_after=2024-11-26 20:00:00+00:00
[2024-11-26T15:42:22.348-0600] {processor.py:208} INFO - Processing /Library/Frameworks/Python.framework/Versions/3.8/lib/python3.8/site-packages/airflow/example_dags/example_latest_only.py took 0.051 seconds
[2024-11-26T15:44:37.934-0600] {processor.py:186} INFO - Started process (PID=24733) to work on /Library/Frameworks/Python.framework/Versions/3.8/lib/python3.8/site-packages/airflow/example_dags/example_latest_only.py
[2024-11-26T15:44:37.934-0600] {processor.py:914} INFO - Processing file /Library/Frameworks/Python.framework/Versions/3.8/lib/python3.8/site-packages/airflow/example_dags/example_latest_only.py for tasks to queue
[2024-11-26T15:44:37.935-0600] {logging_mixin.py:190} INFO - [2024-11-26T15:44:37.935-0600] {dagbag.py:588} INFO - Filling up the DagBag from /Library/Frameworks/Python.framework/Versions/3.8/lib/python3.8/site-packages/airflow/example_dags/example_latest_only.py
[2024-11-26T15:44:37.937-0600] {processor.py:925} INFO - DAG(s) 'latest_only' retrieved from /Library/Frameworks/Python.framework/Versions/3.8/lib/python3.8/site-packages/airflow/example_dags/example_latest_only.py
[2024-11-26T15:44:37.975-0600] {logging_mixin.py:190} INFO - [2024-11-26T15:44:37.975-0600] {dag.py:3239} INFO - Sync 1 DAGs
[2024-11-26T15:44:37.981-0600] {logging_mixin.py:190} INFO - [2024-11-26T15:44:37.981-0600] {dag.py:4180} INFO - Setting next_dagrun for latest_only to 2024-11-26 16:00:00+00:00, run_after=2024-11-26 20:00:00+00:00
[2024-11-26T15:44:37.988-0600] {processor.py:208} INFO - Processing /Library/Frameworks/Python.framework/Versions/3.8/lib/python3.8/site-packages/airflow/example_dags/example_latest_only.py took 0.055 seconds
[2024-11-26T15:46:53.061-0600] {processor.py:186} INFO - Started process (PID=24979) to work on /Library/Frameworks/Python.framework/Versions/3.8/lib/python3.8/site-packages/airflow/example_dags/example_latest_only.py
[2024-11-26T15:46:53.062-0600] {processor.py:914} INFO - Processing file /Library/Frameworks/Python.framework/Versions/3.8/lib/python3.8/site-packages/airflow/example_dags/example_latest_only.py for tasks to queue
[2024-11-26T15:46:53.062-0600] {logging_mixin.py:190} INFO - [2024-11-26T15:46:53.062-0600] {dagbag.py:588} INFO - Filling up the DagBag from /Library/Frameworks/Python.framework/Versions/3.8/lib/python3.8/site-packages/airflow/example_dags/example_latest_only.py
[2024-11-26T15:46:53.064-0600] {processor.py:925} INFO - DAG(s) 'latest_only' retrieved from /Library/Frameworks/Python.framework/Versions/3.8/lib/python3.8/site-packages/airflow/example_dags/example_latest_only.py
[2024-11-26T15:46:53.098-0600] {logging_mixin.py:190} INFO - [2024-11-26T15:46:53.098-0600] {dag.py:3239} INFO - Sync 1 DAGs
[2024-11-26T15:46:53.104-0600] {logging_mixin.py:190} INFO - [2024-11-26T15:46:53.104-0600] {dag.py:4180} INFO - Setting next_dagrun for latest_only to 2024-11-26 16:00:00+00:00, run_after=2024-11-26 20:00:00+00:00
[2024-11-26T15:46:53.110-0600] {processor.py:208} INFO - Processing /Library/Frameworks/Python.framework/Versions/3.8/lib/python3.8/site-packages/airflow/example_dags/example_latest_only.py took 0.050 seconds
[2024-11-26T15:49:03.910-0600] {processor.py:186} INFO - Started process (PID=25236) to work on /Library/Frameworks/Python.framework/Versions/3.8/lib/python3.8/site-packages/airflow/example_dags/example_latest_only.py
[2024-11-26T15:49:03.911-0600] {processor.py:914} INFO - Processing file /Library/Frameworks/Python.framework/Versions/3.8/lib/python3.8/site-packages/airflow/example_dags/example_latest_only.py for tasks to queue
[2024-11-26T15:49:03.911-0600] {logging_mixin.py:190} INFO - [2024-11-26T15:49:03.911-0600] {dagbag.py:588} INFO - Filling up the DagBag from /Library/Frameworks/Python.framework/Versions/3.8/lib/python3.8/site-packages/airflow/example_dags/example_latest_only.py
[2024-11-26T15:49:03.914-0600] {processor.py:925} INFO - DAG(s) 'latest_only' retrieved from /Library/Frameworks/Python.framework/Versions/3.8/lib/python3.8/site-packages/airflow/example_dags/example_latest_only.py
[2024-11-26T15:49:03.949-0600] {logging_mixin.py:190} INFO - [2024-11-26T15:49:03.949-0600] {dag.py:3239} INFO - Sync 1 DAGs
[2024-11-26T15:49:03.955-0600] {logging_mixin.py:190} INFO - [2024-11-26T15:49:03.955-0600] {dag.py:4180} INFO - Setting next_dagrun for latest_only to 2024-11-26 16:00:00+00:00, run_after=2024-11-26 20:00:00+00:00
[2024-11-26T15:49:03.960-0600] {processor.py:208} INFO - Processing /Library/Frameworks/Python.framework/Versions/3.8/lib/python3.8/site-packages/airflow/example_dags/example_latest_only.py took 0.051 seconds
[2024-11-26T15:51:16.257-0600] {processor.py:186} INFO - Started process (PID=25502) to work on /Library/Frameworks/Python.framework/Versions/3.8/lib/python3.8/site-packages/airflow/example_dags/example_latest_only.py
[2024-11-26T15:51:16.257-0600] {processor.py:914} INFO - Processing file /Library/Frameworks/Python.framework/Versions/3.8/lib/python3.8/site-packages/airflow/example_dags/example_latest_only.py for tasks to queue
[2024-11-26T15:51:16.257-0600] {logging_mixin.py:190} INFO - [2024-11-26T15:51:16.257-0600] {dagbag.py:588} INFO - Filling up the DagBag from /Library/Frameworks/Python.framework/Versions/3.8/lib/python3.8/site-packages/airflow/example_dags/example_latest_only.py
[2024-11-26T15:51:16.262-0600] {processor.py:925} INFO - DAG(s) 'latest_only' retrieved from /Library/Frameworks/Python.framework/Versions/3.8/lib/python3.8/site-packages/airflow/example_dags/example_latest_only.py
[2024-11-26T15:51:16.298-0600] {logging_mixin.py:190} INFO - [2024-11-26T15:51:16.297-0600] {dag.py:3239} INFO - Sync 1 DAGs
[2024-11-26T15:51:16.304-0600] {logging_mixin.py:190} INFO - [2024-11-26T15:51:16.304-0600] {dag.py:4180} INFO - Setting next_dagrun for latest_only to 2024-11-26 16:00:00+00:00, run_after=2024-11-26 20:00:00+00:00
[2024-11-26T15:51:16.309-0600] {processor.py:208} INFO - Processing /Library/Frameworks/Python.framework/Versions/3.8/lib/python3.8/site-packages/airflow/example_dags/example_latest_only.py took 0.054 seconds
[2024-11-26T15:53:34.752-0600] {processor.py:186} INFO - Started process (PID=25749) to work on /Library/Frameworks/Python.framework/Versions/3.8/lib/python3.8/site-packages/airflow/example_dags/example_latest_only.py
[2024-11-26T15:53:34.754-0600] {processor.py:914} INFO - Processing file /Library/Frameworks/Python.framework/Versions/3.8/lib/python3.8/site-packages/airflow/example_dags/example_latest_only.py for tasks to queue
[2024-11-26T15:53:34.754-0600] {logging_mixin.py:190} INFO - [2024-11-26T15:53:34.754-0600] {dagbag.py:588} INFO - Filling up the DagBag from /Library/Frameworks/Python.framework/Versions/3.8/lib/python3.8/site-packages/airflow/example_dags/example_latest_only.py
[2024-11-26T15:53:34.757-0600] {processor.py:925} INFO - DAG(s) 'latest_only' retrieved from /Library/Frameworks/Python.framework/Versions/3.8/lib/python3.8/site-packages/airflow/example_dags/example_latest_only.py
[2024-11-26T15:53:34.794-0600] {logging_mixin.py:190} INFO - [2024-11-26T15:53:34.793-0600] {dag.py:3239} INFO - Sync 1 DAGs
[2024-11-26T15:53:34.800-0600] {logging_mixin.py:190} INFO - [2024-11-26T15:53:34.800-0600] {dag.py:4180} INFO - Setting next_dagrun for latest_only to 2024-11-26 16:00:00+00:00, run_after=2024-11-26 20:00:00+00:00
[2024-11-26T15:53:34.805-0600] {processor.py:208} INFO - Processing /Library/Frameworks/Python.framework/Versions/3.8/lib/python3.8/site-packages/airflow/example_dags/example_latest_only.py took 0.054 seconds
[2024-11-26T15:55:56.699-0600] {processor.py:186} INFO - Started process (PID=26050) to work on /Library/Frameworks/Python.framework/Versions/3.8/lib/python3.8/site-packages/airflow/example_dags/example_latest_only.py
[2024-11-26T15:55:56.701-0600] {processor.py:914} INFO - Processing file /Library/Frameworks/Python.framework/Versions/3.8/lib/python3.8/site-packages/airflow/example_dags/example_latest_only.py for tasks to queue
[2024-11-26T15:55:56.701-0600] {logging_mixin.py:190} INFO - [2024-11-26T15:55:56.701-0600] {dagbag.py:588} INFO - Filling up the DagBag from /Library/Frameworks/Python.framework/Versions/3.8/lib/python3.8/site-packages/airflow/example_dags/example_latest_only.py
[2024-11-26T15:55:56.704-0600] {processor.py:925} INFO - DAG(s) 'latest_only' retrieved from /Library/Frameworks/Python.framework/Versions/3.8/lib/python3.8/site-packages/airflow/example_dags/example_latest_only.py
[2024-11-26T15:55:56.739-0600] {logging_mixin.py:190} INFO - [2024-11-26T15:55:56.739-0600] {dag.py:3239} INFO - Sync 1 DAGs
[2024-11-26T15:55:56.745-0600] {logging_mixin.py:190} INFO - [2024-11-26T15:55:56.745-0600] {dag.py:4180} INFO - Setting next_dagrun for latest_only to 2024-11-26 16:00:00+00:00, run_after=2024-11-26 20:00:00+00:00
[2024-11-26T15:55:56.750-0600] {processor.py:208} INFO - Processing /Library/Frameworks/Python.framework/Versions/3.8/lib/python3.8/site-packages/airflow/example_dags/example_latest_only.py took 0.052 seconds
[2024-11-26T15:58:15.245-0600] {processor.py:186} INFO - Started process (PID=26319) to work on /Library/Frameworks/Python.framework/Versions/3.8/lib/python3.8/site-packages/airflow/example_dags/example_latest_only.py
[2024-11-26T15:58:15.247-0600] {processor.py:914} INFO - Processing file /Library/Frameworks/Python.framework/Versions/3.8/lib/python3.8/site-packages/airflow/example_dags/example_latest_only.py for tasks to queue
[2024-11-26T15:58:15.247-0600] {logging_mixin.py:190} INFO - [2024-11-26T15:58:15.247-0600] {dagbag.py:588} INFO - Filling up the DagBag from /Library/Frameworks/Python.framework/Versions/3.8/lib/python3.8/site-packages/airflow/example_dags/example_latest_only.py
[2024-11-26T15:58:15.250-0600] {processor.py:925} INFO - DAG(s) 'latest_only' retrieved from /Library/Frameworks/Python.framework/Versions/3.8/lib/python3.8/site-packages/airflow/example_dags/example_latest_only.py
[2024-11-26T15:58:15.284-0600] {logging_mixin.py:190} INFO - [2024-11-26T15:58:15.284-0600] {dag.py:3239} INFO - Sync 1 DAGs
[2024-11-26T15:58:15.290-0600] {logging_mixin.py:190} INFO - [2024-11-26T15:58:15.290-0600] {dag.py:4180} INFO - Setting next_dagrun for latest_only to 2024-11-26 16:00:00+00:00, run_after=2024-11-26 20:00:00+00:00
[2024-11-26T15:58:15.295-0600] {processor.py:208} INFO - Processing /Library/Frameworks/Python.framework/Versions/3.8/lib/python3.8/site-packages/airflow/example_dags/example_latest_only.py took 0.051 seconds
[2024-11-26T16:00:31.826-0600] {processor.py:186} INFO - Started process (PID=26603) to work on /Library/Frameworks/Python.framework/Versions/3.8/lib/python3.8/site-packages/airflow/example_dags/example_latest_only.py
[2024-11-26T16:00:31.828-0600] {processor.py:914} INFO - Processing file /Library/Frameworks/Python.framework/Versions/3.8/lib/python3.8/site-packages/airflow/example_dags/example_latest_only.py for tasks to queue
[2024-11-26T16:00:31.828-0600] {logging_mixin.py:190} INFO - [2024-11-26T16:00:31.828-0600] {dagbag.py:588} INFO - Filling up the DagBag from /Library/Frameworks/Python.framework/Versions/3.8/lib/python3.8/site-packages/airflow/example_dags/example_latest_only.py
[2024-11-26T16:00:31.831-0600] {processor.py:925} INFO - DAG(s) 'latest_only' retrieved from /Library/Frameworks/Python.framework/Versions/3.8/lib/python3.8/site-packages/airflow/example_dags/example_latest_only.py
[2024-11-26T16:00:31.865-0600] {logging_mixin.py:190} INFO - [2024-11-26T16:00:31.865-0600] {dag.py:3239} INFO - Sync 1 DAGs
[2024-11-26T16:00:31.871-0600] {logging_mixin.py:190} INFO - [2024-11-26T16:00:31.871-0600] {dag.py:4180} INFO - Setting next_dagrun for latest_only to 2024-11-26 16:00:00+00:00, run_after=2024-11-26 20:00:00+00:00
[2024-11-26T16:00:31.876-0600] {processor.py:208} INFO - Processing /Library/Frameworks/Python.framework/Versions/3.8/lib/python3.8/site-packages/airflow/example_dags/example_latest_only.py took 0.051 seconds
[2024-11-26T16:02:45.148-0600] {processor.py:186} INFO - Started process (PID=26859) to work on /Library/Frameworks/Python.framework/Versions/3.8/lib/python3.8/site-packages/airflow/example_dags/example_latest_only.py
[2024-11-26T16:02:45.148-0600] {processor.py:914} INFO - Processing file /Library/Frameworks/Python.framework/Versions/3.8/lib/python3.8/site-packages/airflow/example_dags/example_latest_only.py for tasks to queue
[2024-11-26T16:02:45.149-0600] {logging_mixin.py:190} INFO - [2024-11-26T16:02:45.148-0600] {dagbag.py:588} INFO - Filling up the DagBag from /Library/Frameworks/Python.framework/Versions/3.8/lib/python3.8/site-packages/airflow/example_dags/example_latest_only.py
[2024-11-26T16:02:45.151-0600] {processor.py:925} INFO - DAG(s) 'latest_only' retrieved from /Library/Frameworks/Python.framework/Versions/3.8/lib/python3.8/site-packages/airflow/example_dags/example_latest_only.py
[2024-11-26T16:02:45.186-0600] {logging_mixin.py:190} INFO - [2024-11-26T16:02:45.185-0600] {dag.py:3239} INFO - Sync 1 DAGs
[2024-11-26T16:02:45.192-0600] {logging_mixin.py:190} INFO - [2024-11-26T16:02:45.192-0600] {dag.py:4180} INFO - Setting next_dagrun for latest_only to 2024-11-26 16:00:00+00:00, run_after=2024-11-26 20:00:00+00:00
[2024-11-26T16:02:45.197-0600] {processor.py:208} INFO - Processing /Library/Frameworks/Python.framework/Versions/3.8/lib/python3.8/site-packages/airflow/example_dags/example_latest_only.py took 0.050 seconds
[2024-11-26T16:05:01.037-0600] {processor.py:186} INFO - Started process (PID=27110) to work on /Library/Frameworks/Python.framework/Versions/3.8/lib/python3.8/site-packages/airflow/example_dags/example_latest_only.py
[2024-11-26T16:05:01.038-0600] {processor.py:914} INFO - Processing file /Library/Frameworks/Python.framework/Versions/3.8/lib/python3.8/site-packages/airflow/example_dags/example_latest_only.py for tasks to queue
[2024-11-26T16:05:01.038-0600] {logging_mixin.py:190} INFO - [2024-11-26T16:05:01.038-0600] {dagbag.py:588} INFO - Filling up the DagBag from /Library/Frameworks/Python.framework/Versions/3.8/lib/python3.8/site-packages/airflow/example_dags/example_latest_only.py
[2024-11-26T16:05:01.040-0600] {processor.py:925} INFO - DAG(s) 'latest_only' retrieved from /Library/Frameworks/Python.framework/Versions/3.8/lib/python3.8/site-packages/airflow/example_dags/example_latest_only.py
[2024-11-26T16:05:01.075-0600] {logging_mixin.py:190} INFO - [2024-11-26T16:05:01.075-0600] {dag.py:3239} INFO - Sync 1 DAGs
[2024-11-26T16:05:01.081-0600] {logging_mixin.py:190} INFO - [2024-11-26T16:05:01.081-0600] {dag.py:4180} INFO - Setting next_dagrun for latest_only to 2024-11-26 16:00:00+00:00, run_after=2024-11-26 20:00:00+00:00
[2024-11-26T16:05:01.086-0600] {processor.py:208} INFO - Processing /Library/Frameworks/Python.framework/Versions/3.8/lib/python3.8/site-packages/airflow/example_dags/example_latest_only.py took 0.050 seconds
[2024-11-26T17:17:38.939-0600] {processor.py:186} INFO - Started process (PID=27367) to work on /Library/Frameworks/Python.framework/Versions/3.8/lib/python3.8/site-packages/airflow/example_dags/example_latest_only.py
[2024-11-26T17:17:38.940-0600] {processor.py:914} INFO - Processing file /Library/Frameworks/Python.framework/Versions/3.8/lib/python3.8/site-packages/airflow/example_dags/example_latest_only.py for tasks to queue
[2024-11-26T17:17:38.941-0600] {logging_mixin.py:190} INFO - [2024-11-26T17:17:38.940-0600] {dagbag.py:588} INFO - Filling up the DagBag from /Library/Frameworks/Python.framework/Versions/3.8/lib/python3.8/site-packages/airflow/example_dags/example_latest_only.py
[2024-11-26T17:17:38.943-0600] {processor.py:925} INFO - DAG(s) 'latest_only' retrieved from /Library/Frameworks/Python.framework/Versions/3.8/lib/python3.8/site-packages/airflow/example_dags/example_latest_only.py
[2024-11-26T17:17:38.975-0600] {logging_mixin.py:190} INFO - [2024-11-26T17:17:38.975-0600] {dag.py:3239} INFO - Sync 1 DAGs
[2024-11-26T17:17:38.981-0600] {logging_mixin.py:190} INFO - [2024-11-26T17:17:38.981-0600] {dag.py:4180} INFO - Setting next_dagrun for latest_only to 2024-11-26 16:00:00+00:00, run_after=2024-11-26 20:00:00+00:00
[2024-11-26T17:17:38.986-0600] {processor.py:208} INFO - Processing /Library/Frameworks/Python.framework/Versions/3.8/lib/python3.8/site-packages/airflow/example_dags/example_latest_only.py took 0.047 seconds
