[2024-11-26T14:18:32.825-0600] {processor.py:186} INFO - Started process (PID=17936) to work on /Users/beprathap/PycharmProjects/YouTube-airflow/airflow-venv/lib/python3.8/site-packages/airflow/example_dags/example_dynamic_task_mapping.py
[2024-11-26T14:18:32.825-0600] {processor.py:914} INFO - Processing file /Users/beprathap/PycharmProjects/YouTube-airflow/airflow-venv/lib/python3.8/site-packages/airflow/example_dags/example_dynamic_task_mapping.py for tasks to queue
[2024-11-26T14:18:32.826-0600] {logging_mixin.py:190} INFO - [2024-11-26T14:18:32.826-0600] {dagbag.py:588} INFO - Filling up the DagBag from /Users/beprathap/PycharmProjects/YouTube-airflow/airflow-venv/lib/python3.8/site-packages/airflow/example_dags/example_dynamic_task_mapping.py
[2024-11-26T14:18:32.837-0600] {processor.py:925} INFO - DAG(s) 'example_dynamic_task_mapping' retrieved from /Users/beprathap/PycharmProjects/YouTube-airflow/airflow-venv/lib/python3.8/site-packages/airflow/example_dags/example_dynamic_task_mapping.py
[2024-11-26T14:18:32.896-0600] {logging_mixin.py:190} INFO - [2024-11-26T14:18:32.895-0600] {override.py:1901} INFO - Created Permission View: can read on DAG:example_dynamic_task_mapping
[2024-11-26T14:18:32.898-0600] {logging_mixin.py:190} INFO - [2024-11-26T14:18:32.898-0600] {override.py:1901} INFO - Created Permission View: can delete on DAG:example_dynamic_task_mapping
[2024-11-26T14:18:32.899-0600] {logging_mixin.py:190} INFO - [2024-11-26T14:18:32.899-0600] {override.py:1901} INFO - Created Permission View: can edit on DAG:example_dynamic_task_mapping
[2024-11-26T14:18:32.901-0600] {logging_mixin.py:190} INFO - [2024-11-26T14:18:32.901-0600] {override.py:1901} INFO - Created Permission View: can read on DAG Run:example_dynamic_task_mapping
[2024-11-26T14:18:32.903-0600] {logging_mixin.py:190} INFO - [2024-11-26T14:18:32.903-0600] {override.py:1901} INFO - Created Permission View: menu access on DAG Run:example_dynamic_task_mapping
[2024-11-26T14:18:32.904-0600] {logging_mixin.py:190} INFO - [2024-11-26T14:18:32.904-0600] {override.py:1901} INFO - Created Permission View: can create on DAG Run:example_dynamic_task_mapping
[2024-11-26T14:18:32.906-0600] {logging_mixin.py:190} INFO - [2024-11-26T14:18:32.906-0600] {override.py:1901} INFO - Created Permission View: can delete on DAG Run:example_dynamic_task_mapping
[2024-11-26T14:18:32.906-0600] {logging_mixin.py:190} INFO - [2024-11-26T14:18:32.906-0600] {dag.py:3239} INFO - Sync 1 DAGs
[2024-11-26T14:18:32.910-0600] {logging_mixin.py:190} INFO - [2024-11-26T14:18:32.910-0600] {dag.py:3262} INFO - Creating ORM DAG for example_dynamic_task_mapping
[2024-11-26T14:18:32.910-0600] {logging_mixin.py:190} INFO - [2024-11-26T14:18:32.910-0600] {dag.py:4180} INFO - Setting next_dagrun for example_dynamic_task_mapping to None, run_after=None
[2024-11-26T14:18:32.915-0600] {processor.py:208} INFO - Processing /Users/beprathap/PycharmProjects/YouTube-airflow/airflow-venv/lib/python3.8/site-packages/airflow/example_dags/example_dynamic_task_mapping.py took 0.091 seconds
[2024-11-26T14:20:49.390-0600] {processor.py:186} INFO - Started process (PID=18185) to work on /Users/beprathap/PycharmProjects/YouTube-airflow/airflow-venv/lib/python3.8/site-packages/airflow/example_dags/example_dynamic_task_mapping.py
[2024-11-26T14:20:49.390-0600] {processor.py:914} INFO - Processing file /Users/beprathap/PycharmProjects/YouTube-airflow/airflow-venv/lib/python3.8/site-packages/airflow/example_dags/example_dynamic_task_mapping.py for tasks to queue
[2024-11-26T14:20:49.391-0600] {logging_mixin.py:190} INFO - [2024-11-26T14:20:49.391-0600] {dagbag.py:588} INFO - Filling up the DagBag from /Users/beprathap/PycharmProjects/YouTube-airflow/airflow-venv/lib/python3.8/site-packages/airflow/example_dags/example_dynamic_task_mapping.py
[2024-11-26T14:20:49.402-0600] {processor.py:925} INFO - DAG(s) 'example_dynamic_task_mapping' retrieved from /Users/beprathap/PycharmProjects/YouTube-airflow/airflow-venv/lib/python3.8/site-packages/airflow/example_dags/example_dynamic_task_mapping.py
[2024-11-26T14:20:49.435-0600] {logging_mixin.py:190} INFO - [2024-11-26T14:20:49.435-0600] {dag.py:3239} INFO - Sync 1 DAGs
[2024-11-26T14:20:49.439-0600] {logging_mixin.py:190} INFO - [2024-11-26T14:20:49.439-0600] {dag.py:4180} INFO - Setting next_dagrun for example_dynamic_task_mapping to None, run_after=None
[2024-11-26T14:20:49.444-0600] {processor.py:208} INFO - Processing /Users/beprathap/PycharmProjects/YouTube-airflow/airflow-venv/lib/python3.8/site-packages/airflow/example_dags/example_dynamic_task_mapping.py took 0.055 seconds
[2024-11-26T14:23:02.651-0600] {processor.py:186} INFO - Started process (PID=18451) to work on /Users/beprathap/PycharmProjects/YouTube-airflow/airflow-venv/lib/python3.8/site-packages/airflow/example_dags/example_dynamic_task_mapping.py
[2024-11-26T14:23:02.651-0600] {processor.py:914} INFO - Processing file /Users/beprathap/PycharmProjects/YouTube-airflow/airflow-venv/lib/python3.8/site-packages/airflow/example_dags/example_dynamic_task_mapping.py for tasks to queue
[2024-11-26T14:23:02.651-0600] {logging_mixin.py:190} INFO - [2024-11-26T14:23:02.651-0600] {dagbag.py:588} INFO - Filling up the DagBag from /Users/beprathap/PycharmProjects/YouTube-airflow/airflow-venv/lib/python3.8/site-packages/airflow/example_dags/example_dynamic_task_mapping.py
[2024-11-26T14:23:02.662-0600] {processor.py:925} INFO - DAG(s) 'example_dynamic_task_mapping' retrieved from /Users/beprathap/PycharmProjects/YouTube-airflow/airflow-venv/lib/python3.8/site-packages/airflow/example_dags/example_dynamic_task_mapping.py
[2024-11-26T14:23:02.696-0600] {logging_mixin.py:190} INFO - [2024-11-26T14:23:02.696-0600] {dag.py:3239} INFO - Sync 1 DAGs
[2024-11-26T14:23:02.700-0600] {logging_mixin.py:190} INFO - [2024-11-26T14:23:02.699-0600] {dag.py:4180} INFO - Setting next_dagrun for example_dynamic_task_mapping to None, run_after=None
[2024-11-26T14:23:02.705-0600] {processor.py:208} INFO - Processing /Users/beprathap/PycharmProjects/YouTube-airflow/airflow-venv/lib/python3.8/site-packages/airflow/example_dags/example_dynamic_task_mapping.py took 0.056 seconds
[2024-11-26T14:25:11.464-0600] {processor.py:186} INFO - Started process (PID=18718) to work on /Users/beprathap/PycharmProjects/YouTube-airflow/airflow-venv/lib/python3.8/site-packages/airflow/example_dags/example_dynamic_task_mapping.py
[2024-11-26T14:25:11.465-0600] {processor.py:914} INFO - Processing file /Users/beprathap/PycharmProjects/YouTube-airflow/airflow-venv/lib/python3.8/site-packages/airflow/example_dags/example_dynamic_task_mapping.py for tasks to queue
[2024-11-26T14:25:11.466-0600] {logging_mixin.py:190} INFO - [2024-11-26T14:25:11.466-0600] {dagbag.py:588} INFO - Filling up the DagBag from /Users/beprathap/PycharmProjects/YouTube-airflow/airflow-venv/lib/python3.8/site-packages/airflow/example_dags/example_dynamic_task_mapping.py
[2024-11-26T14:25:11.477-0600] {processor.py:925} INFO - DAG(s) 'example_dynamic_task_mapping' retrieved from /Users/beprathap/PycharmProjects/YouTube-airflow/airflow-venv/lib/python3.8/site-packages/airflow/example_dags/example_dynamic_task_mapping.py
[2024-11-26T14:25:11.510-0600] {logging_mixin.py:190} INFO - [2024-11-26T14:25:11.510-0600] {dag.py:3239} INFO - Sync 1 DAGs
[2024-11-26T14:25:11.514-0600] {logging_mixin.py:190} INFO - [2024-11-26T14:25:11.514-0600] {dag.py:4180} INFO - Setting next_dagrun for example_dynamic_task_mapping to None, run_after=None
[2024-11-26T14:25:11.519-0600] {processor.py:208} INFO - Processing /Users/beprathap/PycharmProjects/YouTube-airflow/airflow-venv/lib/python3.8/site-packages/airflow/example_dags/example_dynamic_task_mapping.py took 0.056 seconds
[2024-11-26T14:27:17.247-0600] {processor.py:186} INFO - Started process (PID=18953) to work on /Users/beprathap/PycharmProjects/YouTube-airflow/airflow-venv/lib/python3.8/site-packages/airflow/example_dags/example_dynamic_task_mapping.py
[2024-11-26T14:27:17.247-0600] {processor.py:914} INFO - Processing file /Users/beprathap/PycharmProjects/YouTube-airflow/airflow-venv/lib/python3.8/site-packages/airflow/example_dags/example_dynamic_task_mapping.py for tasks to queue
[2024-11-26T14:27:17.247-0600] {logging_mixin.py:190} INFO - [2024-11-26T14:27:17.247-0600] {dagbag.py:588} INFO - Filling up the DagBag from /Users/beprathap/PycharmProjects/YouTube-airflow/airflow-venv/lib/python3.8/site-packages/airflow/example_dags/example_dynamic_task_mapping.py
[2024-11-26T14:27:17.258-0600] {processor.py:925} INFO - DAG(s) 'example_dynamic_task_mapping' retrieved from /Users/beprathap/PycharmProjects/YouTube-airflow/airflow-venv/lib/python3.8/site-packages/airflow/example_dags/example_dynamic_task_mapping.py
[2024-11-26T14:27:17.291-0600] {logging_mixin.py:190} INFO - [2024-11-26T14:27:17.291-0600] {dag.py:3239} INFO - Sync 1 DAGs
[2024-11-26T14:27:17.295-0600] {logging_mixin.py:190} INFO - [2024-11-26T14:27:17.295-0600] {dag.py:4180} INFO - Setting next_dagrun for example_dynamic_task_mapping to None, run_after=None
[2024-11-26T14:27:17.300-0600] {processor.py:208} INFO - Processing /Users/beprathap/PycharmProjects/YouTube-airflow/airflow-venv/lib/python3.8/site-packages/airflow/example_dags/example_dynamic_task_mapping.py took 0.054 seconds
[2024-11-26T14:29:24.630-0600] {processor.py:186} INFO - Started process (PID=19192) to work on /Users/beprathap/PycharmProjects/YouTube-airflow/airflow-venv/lib/python3.8/site-packages/airflow/example_dags/example_dynamic_task_mapping.py
[2024-11-26T14:29:24.631-0600] {processor.py:914} INFO - Processing file /Users/beprathap/PycharmProjects/YouTube-airflow/airflow-venv/lib/python3.8/site-packages/airflow/example_dags/example_dynamic_task_mapping.py for tasks to queue
[2024-11-26T14:29:24.631-0600] {logging_mixin.py:190} INFO - [2024-11-26T14:29:24.631-0600] {dagbag.py:588} INFO - Filling up the DagBag from /Users/beprathap/PycharmProjects/YouTube-airflow/airflow-venv/lib/python3.8/site-packages/airflow/example_dags/example_dynamic_task_mapping.py
[2024-11-26T14:29:24.642-0600] {processor.py:925} INFO - DAG(s) 'example_dynamic_task_mapping' retrieved from /Users/beprathap/PycharmProjects/YouTube-airflow/airflow-venv/lib/python3.8/site-packages/airflow/example_dags/example_dynamic_task_mapping.py
[2024-11-26T14:29:24.677-0600] {logging_mixin.py:190} INFO - [2024-11-26T14:29:24.676-0600] {dag.py:3239} INFO - Sync 1 DAGs
[2024-11-26T14:29:24.680-0600] {logging_mixin.py:190} INFO - [2024-11-26T14:29:24.680-0600] {dag.py:4180} INFO - Setting next_dagrun for example_dynamic_task_mapping to None, run_after=None
[2024-11-26T14:29:24.685-0600] {processor.py:208} INFO - Processing /Users/beprathap/PycharmProjects/YouTube-airflow/airflow-venv/lib/python3.8/site-packages/airflow/example_dags/example_dynamic_task_mapping.py took 0.056 seconds
[2024-11-26T14:36:55.163-0600] {processor.py:186} INFO - Started process (PID=19612) to work on /Users/beprathap/PycharmProjects/YouTube-airflow/airflow-venv/lib/python3.8/site-packages/airflow/example_dags/example_dynamic_task_mapping.py
[2024-11-26T14:36:55.164-0600] {processor.py:914} INFO - Processing file /Users/beprathap/PycharmProjects/YouTube-airflow/airflow-venv/lib/python3.8/site-packages/airflow/example_dags/example_dynamic_task_mapping.py for tasks to queue
[2024-11-26T14:36:55.164-0600] {logging_mixin.py:190} INFO - [2024-11-26T14:36:55.164-0600] {dagbag.py:588} INFO - Filling up the DagBag from /Users/beprathap/PycharmProjects/YouTube-airflow/airflow-venv/lib/python3.8/site-packages/airflow/example_dags/example_dynamic_task_mapping.py
[2024-11-26T14:36:55.175-0600] {processor.py:925} INFO - DAG(s) 'example_dynamic_task_mapping' retrieved from /Users/beprathap/PycharmProjects/YouTube-airflow/airflow-venv/lib/python3.8/site-packages/airflow/example_dags/example_dynamic_task_mapping.py
[2024-11-26T14:36:55.208-0600] {logging_mixin.py:190} INFO - [2024-11-26T14:36:55.207-0600] {dag.py:3239} INFO - Sync 1 DAGs
[2024-11-26T14:36:55.211-0600] {logging_mixin.py:190} INFO - [2024-11-26T14:36:55.211-0600] {dag.py:4180} INFO - Setting next_dagrun for example_dynamic_task_mapping to None, run_after=None
[2024-11-26T14:36:55.216-0600] {processor.py:208} INFO - Processing /Users/beprathap/PycharmProjects/YouTube-airflow/airflow-venv/lib/python3.8/site-packages/airflow/example_dags/example_dynamic_task_mapping.py took 0.055 seconds
[2024-11-26T14:39:13.940-0600] {processor.py:186} INFO - Started process (PID=19865) to work on /Users/beprathap/PycharmProjects/YouTube-airflow/airflow-venv/lib/python3.8/site-packages/airflow/example_dags/example_dynamic_task_mapping.py
[2024-11-26T14:39:13.941-0600] {processor.py:914} INFO - Processing file /Users/beprathap/PycharmProjects/YouTube-airflow/airflow-venv/lib/python3.8/site-packages/airflow/example_dags/example_dynamic_task_mapping.py for tasks to queue
[2024-11-26T14:39:13.941-0600] {logging_mixin.py:190} INFO - [2024-11-26T14:39:13.941-0600] {dagbag.py:588} INFO - Filling up the DagBag from /Users/beprathap/PycharmProjects/YouTube-airflow/airflow-venv/lib/python3.8/site-packages/airflow/example_dags/example_dynamic_task_mapping.py
[2024-11-26T14:39:13.952-0600] {processor.py:925} INFO - DAG(s) 'example_dynamic_task_mapping' retrieved from /Users/beprathap/PycharmProjects/YouTube-airflow/airflow-venv/lib/python3.8/site-packages/airflow/example_dags/example_dynamic_task_mapping.py
[2024-11-26T14:39:13.985-0600] {logging_mixin.py:190} INFO - [2024-11-26T14:39:13.984-0600] {dag.py:3239} INFO - Sync 1 DAGs
[2024-11-26T14:39:13.988-0600] {logging_mixin.py:190} INFO - [2024-11-26T14:39:13.988-0600] {dag.py:4180} INFO - Setting next_dagrun for example_dynamic_task_mapping to None, run_after=None
[2024-11-26T14:39:13.993-0600] {processor.py:208} INFO - Processing /Users/beprathap/PycharmProjects/YouTube-airflow/airflow-venv/lib/python3.8/site-packages/airflow/example_dags/example_dynamic_task_mapping.py took 0.054 seconds
[2024-11-26T14:41:26.966-0600] {processor.py:186} INFO - Started process (PID=20117) to work on /Users/beprathap/PycharmProjects/YouTube-airflow/airflow-venv/lib/python3.8/site-packages/airflow/example_dags/example_dynamic_task_mapping.py
[2024-11-26T14:41:26.966-0600] {processor.py:914} INFO - Processing file /Users/beprathap/PycharmProjects/YouTube-airflow/airflow-venv/lib/python3.8/site-packages/airflow/example_dags/example_dynamic_task_mapping.py for tasks to queue
[2024-11-26T14:41:26.967-0600] {logging_mixin.py:190} INFO - [2024-11-26T14:41:26.967-0600] {dagbag.py:588} INFO - Filling up the DagBag from /Users/beprathap/PycharmProjects/YouTube-airflow/airflow-venv/lib/python3.8/site-packages/airflow/example_dags/example_dynamic_task_mapping.py
[2024-11-26T14:41:26.978-0600] {processor.py:925} INFO - DAG(s) 'example_dynamic_task_mapping' retrieved from /Users/beprathap/PycharmProjects/YouTube-airflow/airflow-venv/lib/python3.8/site-packages/airflow/example_dags/example_dynamic_task_mapping.py
[2024-11-26T14:41:27.011-0600] {logging_mixin.py:190} INFO - [2024-11-26T14:41:27.011-0600] {dag.py:3239} INFO - Sync 1 DAGs
[2024-11-26T14:41:27.014-0600] {logging_mixin.py:190} INFO - [2024-11-26T14:41:27.014-0600] {dag.py:4180} INFO - Setting next_dagrun for example_dynamic_task_mapping to None, run_after=None
[2024-11-26T14:41:27.019-0600] {processor.py:208} INFO - Processing /Users/beprathap/PycharmProjects/YouTube-airflow/airflow-venv/lib/python3.8/site-packages/airflow/example_dags/example_dynamic_task_mapping.py took 0.055 seconds
[2024-11-26T14:43:37.503-0600] {processor.py:186} INFO - Started process (PID=20355) to work on /Users/beprathap/PycharmProjects/YouTube-airflow/airflow-venv/lib/python3.8/site-packages/airflow/example_dags/example_dynamic_task_mapping.py
[2024-11-26T14:43:37.503-0600] {processor.py:914} INFO - Processing file /Users/beprathap/PycharmProjects/YouTube-airflow/airflow-venv/lib/python3.8/site-packages/airflow/example_dags/example_dynamic_task_mapping.py for tasks to queue
[2024-11-26T14:43:37.503-0600] {logging_mixin.py:190} INFO - [2024-11-26T14:43:37.503-0600] {dagbag.py:588} INFO - Filling up the DagBag from /Users/beprathap/PycharmProjects/YouTube-airflow/airflow-venv/lib/python3.8/site-packages/airflow/example_dags/example_dynamic_task_mapping.py
[2024-11-26T14:43:37.517-0600] {processor.py:925} INFO - DAG(s) 'example_dynamic_task_mapping' retrieved from /Users/beprathap/PycharmProjects/YouTube-airflow/airflow-venv/lib/python3.8/site-packages/airflow/example_dags/example_dynamic_task_mapping.py
[2024-11-26T14:43:37.552-0600] {logging_mixin.py:190} INFO - [2024-11-26T14:43:37.552-0600] {dag.py:3239} INFO - Sync 1 DAGs
[2024-11-26T14:43:37.556-0600] {logging_mixin.py:190} INFO - [2024-11-26T14:43:37.556-0600] {dag.py:4180} INFO - Setting next_dagrun for example_dynamic_task_mapping to None, run_after=None
[2024-11-26T14:43:37.561-0600] {processor.py:208} INFO - Processing /Users/beprathap/PycharmProjects/YouTube-airflow/airflow-venv/lib/python3.8/site-packages/airflow/example_dags/example_dynamic_task_mapping.py took 0.060 seconds
[2024-11-26T14:45:50.779-0600] {processor.py:186} INFO - Started process (PID=20624) to work on /Users/beprathap/PycharmProjects/YouTube-airflow/airflow-venv/lib/python3.8/site-packages/airflow/example_dags/example_dynamic_task_mapping.py
[2024-11-26T14:45:50.779-0600] {processor.py:914} INFO - Processing file /Users/beprathap/PycharmProjects/YouTube-airflow/airflow-venv/lib/python3.8/site-packages/airflow/example_dags/example_dynamic_task_mapping.py for tasks to queue
[2024-11-26T14:45:50.780-0600] {logging_mixin.py:190} INFO - [2024-11-26T14:45:50.779-0600] {dagbag.py:588} INFO - Filling up the DagBag from /Users/beprathap/PycharmProjects/YouTube-airflow/airflow-venv/lib/python3.8/site-packages/airflow/example_dags/example_dynamic_task_mapping.py
[2024-11-26T14:45:50.791-0600] {processor.py:925} INFO - DAG(s) 'example_dynamic_task_mapping' retrieved from /Users/beprathap/PycharmProjects/YouTube-airflow/airflow-venv/lib/python3.8/site-packages/airflow/example_dags/example_dynamic_task_mapping.py
[2024-11-26T14:45:50.825-0600] {logging_mixin.py:190} INFO - [2024-11-26T14:45:50.825-0600] {dag.py:3239} INFO - Sync 1 DAGs
[2024-11-26T14:45:50.828-0600] {logging_mixin.py:190} INFO - [2024-11-26T14:45:50.828-0600] {dag.py:4180} INFO - Setting next_dagrun for example_dynamic_task_mapping to None, run_after=None
[2024-11-26T14:45:50.834-0600] {processor.py:208} INFO - Processing /Users/beprathap/PycharmProjects/YouTube-airflow/airflow-venv/lib/python3.8/site-packages/airflow/example_dags/example_dynamic_task_mapping.py took 0.056 seconds
[2024-11-26T14:48:04.604-0600] {processor.py:186} INFO - Started process (PID=20887) to work on /Users/beprathap/PycharmProjects/YouTube-airflow/airflow-venv/lib/python3.8/site-packages/airflow/example_dags/example_dynamic_task_mapping.py
[2024-11-26T14:48:04.604-0600] {processor.py:914} INFO - Processing file /Users/beprathap/PycharmProjects/YouTube-airflow/airflow-venv/lib/python3.8/site-packages/airflow/example_dags/example_dynamic_task_mapping.py for tasks to queue
[2024-11-26T14:48:04.605-0600] {logging_mixin.py:190} INFO - [2024-11-26T14:48:04.605-0600] {dagbag.py:588} INFO - Filling up the DagBag from /Users/beprathap/PycharmProjects/YouTube-airflow/airflow-venv/lib/python3.8/site-packages/airflow/example_dags/example_dynamic_task_mapping.py
[2024-11-26T14:48:04.616-0600] {processor.py:925} INFO - DAG(s) 'example_dynamic_task_mapping' retrieved from /Users/beprathap/PycharmProjects/YouTube-airflow/airflow-venv/lib/python3.8/site-packages/airflow/example_dags/example_dynamic_task_mapping.py
[2024-11-26T14:48:04.650-0600] {logging_mixin.py:190} INFO - [2024-11-26T14:48:04.650-0600] {dag.py:3239} INFO - Sync 1 DAGs
[2024-11-26T14:48:04.654-0600] {logging_mixin.py:190} INFO - [2024-11-26T14:48:04.654-0600] {dag.py:4180} INFO - Setting next_dagrun for example_dynamic_task_mapping to None, run_after=None
[2024-11-26T14:48:04.659-0600] {processor.py:208} INFO - Processing /Users/beprathap/PycharmProjects/YouTube-airflow/airflow-venv/lib/python3.8/site-packages/airflow/example_dags/example_dynamic_task_mapping.py took 0.056 seconds
[2024-11-26T15:02:13.046-0600] {processor.py:186} INFO - Started process (PID=21440) to work on /Library/Frameworks/Python.framework/Versions/3.8/lib/python3.8/site-packages/airflow/example_dags/example_dynamic_task_mapping.py
[2024-11-26T15:02:13.047-0600] {processor.py:914} INFO - Processing file /Library/Frameworks/Python.framework/Versions/3.8/lib/python3.8/site-packages/airflow/example_dags/example_dynamic_task_mapping.py for tasks to queue
[2024-11-26T15:02:13.047-0600] {logging_mixin.py:190} INFO - [2024-11-26T15:02:13.047-0600] {dagbag.py:588} INFO - Filling up the DagBag from /Library/Frameworks/Python.framework/Versions/3.8/lib/python3.8/site-packages/airflow/example_dags/example_dynamic_task_mapping.py
[2024-11-26T15:02:13.058-0600] {processor.py:925} INFO - DAG(s) 'example_dynamic_task_mapping' retrieved from /Library/Frameworks/Python.framework/Versions/3.8/lib/python3.8/site-packages/airflow/example_dags/example_dynamic_task_mapping.py
[2024-11-26T15:02:13.122-0600] {logging_mixin.py:190} INFO - [2024-11-26T15:02:13.122-0600] {dag.py:3239} INFO - Sync 1 DAGs
[2024-11-26T15:02:13.125-0600] {logging_mixin.py:190} INFO - [2024-11-26T15:02:13.125-0600] {dag.py:4180} INFO - Setting next_dagrun for example_dynamic_task_mapping to None, run_after=None
[2024-11-26T15:02:13.131-0600] {processor.py:208} INFO - Processing /Library/Frameworks/Python.framework/Versions/3.8/lib/python3.8/site-packages/airflow/example_dags/example_dynamic_task_mapping.py took 0.087 seconds
[2024-11-26T15:04:35.179-0600] {processor.py:186} INFO - Started process (PID=21694) to work on /Library/Frameworks/Python.framework/Versions/3.8/lib/python3.8/site-packages/airflow/example_dags/example_dynamic_task_mapping.py
[2024-11-26T15:04:35.179-0600] {processor.py:914} INFO - Processing file /Library/Frameworks/Python.framework/Versions/3.8/lib/python3.8/site-packages/airflow/example_dags/example_dynamic_task_mapping.py for tasks to queue
[2024-11-26T15:04:35.180-0600] {logging_mixin.py:190} INFO - [2024-11-26T15:04:35.180-0600] {dagbag.py:588} INFO - Filling up the DagBag from /Library/Frameworks/Python.framework/Versions/3.8/lib/python3.8/site-packages/airflow/example_dags/example_dynamic_task_mapping.py
[2024-11-26T15:04:35.191-0600] {processor.py:925} INFO - DAG(s) 'example_dynamic_task_mapping' retrieved from /Library/Frameworks/Python.framework/Versions/3.8/lib/python3.8/site-packages/airflow/example_dags/example_dynamic_task_mapping.py
[2024-11-26T15:04:35.224-0600] {logging_mixin.py:190} INFO - [2024-11-26T15:04:35.224-0600] {dag.py:3239} INFO - Sync 1 DAGs
[2024-11-26T15:04:35.228-0600] {logging_mixin.py:190} INFO - [2024-11-26T15:04:35.228-0600] {dag.py:4180} INFO - Setting next_dagrun for example_dynamic_task_mapping to None, run_after=None
[2024-11-26T15:04:35.232-0600] {processor.py:208} INFO - Processing /Library/Frameworks/Python.framework/Versions/3.8/lib/python3.8/site-packages/airflow/example_dags/example_dynamic_task_mapping.py took 0.055 seconds
[2024-11-26T15:06:55.277-0600] {processor.py:186} INFO - Started process (PID=21948) to work on /Library/Frameworks/Python.framework/Versions/3.8/lib/python3.8/site-packages/airflow/example_dags/example_dynamic_task_mapping.py
[2024-11-26T15:06:55.277-0600] {processor.py:914} INFO - Processing file /Library/Frameworks/Python.framework/Versions/3.8/lib/python3.8/site-packages/airflow/example_dags/example_dynamic_task_mapping.py for tasks to queue
[2024-11-26T15:06:55.278-0600] {logging_mixin.py:190} INFO - [2024-11-26T15:06:55.278-0600] {dagbag.py:588} INFO - Filling up the DagBag from /Library/Frameworks/Python.framework/Versions/3.8/lib/python3.8/site-packages/airflow/example_dags/example_dynamic_task_mapping.py
[2024-11-26T15:06:55.289-0600] {processor.py:925} INFO - DAG(s) 'example_dynamic_task_mapping' retrieved from /Library/Frameworks/Python.framework/Versions/3.8/lib/python3.8/site-packages/airflow/example_dags/example_dynamic_task_mapping.py
[2024-11-26T15:06:55.323-0600] {logging_mixin.py:190} INFO - [2024-11-26T15:06:55.323-0600] {dag.py:3239} INFO - Sync 1 DAGs
[2024-11-26T15:06:55.326-0600] {logging_mixin.py:190} INFO - [2024-11-26T15:06:55.326-0600] {dag.py:4180} INFO - Setting next_dagrun for example_dynamic_task_mapping to None, run_after=None
[2024-11-26T15:06:55.331-0600] {processor.py:208} INFO - Processing /Library/Frameworks/Python.framework/Versions/3.8/lib/python3.8/site-packages/airflow/example_dags/example_dynamic_task_mapping.py took 0.056 seconds
[2024-11-26T15:17:10.800-0600] {processor.py:186} INFO - Started process (PID=22443) to work on /Library/Frameworks/Python.framework/Versions/3.8/lib/python3.8/site-packages/airflow/example_dags/example_dynamic_task_mapping.py
[2024-11-26T15:17:10.801-0600] {processor.py:914} INFO - Processing file /Library/Frameworks/Python.framework/Versions/3.8/lib/python3.8/site-packages/airflow/example_dags/example_dynamic_task_mapping.py for tasks to queue
[2024-11-26T15:17:10.801-0600] {logging_mixin.py:190} INFO - [2024-11-26T15:17:10.801-0600] {dagbag.py:588} INFO - Filling up the DagBag from /Library/Frameworks/Python.framework/Versions/3.8/lib/python3.8/site-packages/airflow/example_dags/example_dynamic_task_mapping.py
[2024-11-26T15:17:10.813-0600] {processor.py:925} INFO - DAG(s) 'example_dynamic_task_mapping' retrieved from /Library/Frameworks/Python.framework/Versions/3.8/lib/python3.8/site-packages/airflow/example_dags/example_dynamic_task_mapping.py
[2024-11-26T15:17:10.846-0600] {logging_mixin.py:190} INFO - [2024-11-26T15:17:10.846-0600] {dag.py:3239} INFO - Sync 1 DAGs
[2024-11-26T15:17:10.849-0600] {logging_mixin.py:190} INFO - [2024-11-26T15:17:10.849-0600] {dag.py:4180} INFO - Setting next_dagrun for example_dynamic_task_mapping to None, run_after=None
[2024-11-26T15:17:10.854-0600] {processor.py:208} INFO - Processing /Library/Frameworks/Python.framework/Versions/3.8/lib/python3.8/site-packages/airflow/example_dags/example_dynamic_task_mapping.py took 0.056 seconds
[2024-11-26T15:19:26.755-0600] {processor.py:186} INFO - Started process (PID=22706) to work on /Library/Frameworks/Python.framework/Versions/3.8/lib/python3.8/site-packages/airflow/example_dags/example_dynamic_task_mapping.py
[2024-11-26T15:19:26.756-0600] {processor.py:914} INFO - Processing file /Library/Frameworks/Python.framework/Versions/3.8/lib/python3.8/site-packages/airflow/example_dags/example_dynamic_task_mapping.py for tasks to queue
[2024-11-26T15:19:26.756-0600] {logging_mixin.py:190} INFO - [2024-11-26T15:19:26.756-0600] {dagbag.py:588} INFO - Filling up the DagBag from /Library/Frameworks/Python.framework/Versions/3.8/lib/python3.8/site-packages/airflow/example_dags/example_dynamic_task_mapping.py
[2024-11-26T15:19:26.767-0600] {processor.py:925} INFO - DAG(s) 'example_dynamic_task_mapping' retrieved from /Library/Frameworks/Python.framework/Versions/3.8/lib/python3.8/site-packages/airflow/example_dags/example_dynamic_task_mapping.py
[2024-11-26T15:19:26.800-0600] {logging_mixin.py:190} INFO - [2024-11-26T15:19:26.800-0600] {dag.py:3239} INFO - Sync 1 DAGs
[2024-11-26T15:19:26.804-0600] {logging_mixin.py:190} INFO - [2024-11-26T15:19:26.804-0600] {dag.py:4180} INFO - Setting next_dagrun for example_dynamic_task_mapping to None, run_after=None
[2024-11-26T15:19:26.809-0600] {processor.py:208} INFO - Processing /Library/Frameworks/Python.framework/Versions/3.8/lib/python3.8/site-packages/airflow/example_dags/example_dynamic_task_mapping.py took 0.055 seconds
[2024-11-26T15:21:38.868-0600] {processor.py:186} INFO - Started process (PID=22963) to work on /Library/Frameworks/Python.framework/Versions/3.8/lib/python3.8/site-packages/airflow/example_dags/example_dynamic_task_mapping.py
[2024-11-26T15:21:38.868-0600] {processor.py:914} INFO - Processing file /Library/Frameworks/Python.framework/Versions/3.8/lib/python3.8/site-packages/airflow/example_dags/example_dynamic_task_mapping.py for tasks to queue
[2024-11-26T15:21:38.869-0600] {logging_mixin.py:190} INFO - [2024-11-26T15:21:38.869-0600] {dagbag.py:588} INFO - Filling up the DagBag from /Library/Frameworks/Python.framework/Versions/3.8/lib/python3.8/site-packages/airflow/example_dags/example_dynamic_task_mapping.py
[2024-11-26T15:21:38.880-0600] {processor.py:925} INFO - DAG(s) 'example_dynamic_task_mapping' retrieved from /Library/Frameworks/Python.framework/Versions/3.8/lib/python3.8/site-packages/airflow/example_dags/example_dynamic_task_mapping.py
[2024-11-26T15:21:38.913-0600] {logging_mixin.py:190} INFO - [2024-11-26T15:21:38.913-0600] {dag.py:3239} INFO - Sync 1 DAGs
[2024-11-26T15:21:38.917-0600] {logging_mixin.py:190} INFO - [2024-11-26T15:21:38.917-0600] {dag.py:4180} INFO - Setting next_dagrun for example_dynamic_task_mapping to None, run_after=None
[2024-11-26T15:21:38.922-0600] {processor.py:208} INFO - Processing /Library/Frameworks/Python.framework/Versions/3.8/lib/python3.8/site-packages/airflow/example_dags/example_dynamic_task_mapping.py took 0.055 seconds
[2024-11-26T15:23:54.778-0600] {processor.py:186} INFO - Started process (PID=23238) to work on /Library/Frameworks/Python.framework/Versions/3.8/lib/python3.8/site-packages/airflow/example_dags/example_dynamic_task_mapping.py
[2024-11-26T15:23:54.778-0600] {processor.py:914} INFO - Processing file /Library/Frameworks/Python.framework/Versions/3.8/lib/python3.8/site-packages/airflow/example_dags/example_dynamic_task_mapping.py for tasks to queue
[2024-11-26T15:23:54.779-0600] {logging_mixin.py:190} INFO - [2024-11-26T15:23:54.779-0600] {dagbag.py:588} INFO - Filling up the DagBag from /Library/Frameworks/Python.framework/Versions/3.8/lib/python3.8/site-packages/airflow/example_dags/example_dynamic_task_mapping.py
[2024-11-26T15:23:54.790-0600] {processor.py:925} INFO - DAG(s) 'example_dynamic_task_mapping' retrieved from /Library/Frameworks/Python.framework/Versions/3.8/lib/python3.8/site-packages/airflow/example_dags/example_dynamic_task_mapping.py
[2024-11-26T15:23:54.824-0600] {logging_mixin.py:190} INFO - [2024-11-26T15:23:54.824-0600] {dag.py:3239} INFO - Sync 1 DAGs
[2024-11-26T15:23:54.828-0600] {logging_mixin.py:190} INFO - [2024-11-26T15:23:54.828-0600] {dag.py:4180} INFO - Setting next_dagrun for example_dynamic_task_mapping to None, run_after=None
[2024-11-26T15:23:54.833-0600] {processor.py:208} INFO - Processing /Library/Frameworks/Python.framework/Versions/3.8/lib/python3.8/site-packages/airflow/example_dags/example_dynamic_task_mapping.py took 0.056 seconds
[2024-11-26T15:34:05.100-0600] {processor.py:186} INFO - Started process (PID=23535) to work on /Library/Frameworks/Python.framework/Versions/3.8/lib/python3.8/site-packages/airflow/example_dags/example_dynamic_task_mapping.py
[2024-11-26T15:34:05.101-0600] {processor.py:914} INFO - Processing file /Library/Frameworks/Python.framework/Versions/3.8/lib/python3.8/site-packages/airflow/example_dags/example_dynamic_task_mapping.py for tasks to queue
[2024-11-26T15:34:05.101-0600] {logging_mixin.py:190} INFO - [2024-11-26T15:34:05.101-0600] {dagbag.py:588} INFO - Filling up the DagBag from /Library/Frameworks/Python.framework/Versions/3.8/lib/python3.8/site-packages/airflow/example_dags/example_dynamic_task_mapping.py
[2024-11-26T15:34:05.113-0600] {processor.py:925} INFO - DAG(s) 'example_dynamic_task_mapping' retrieved from /Library/Frameworks/Python.framework/Versions/3.8/lib/python3.8/site-packages/airflow/example_dags/example_dynamic_task_mapping.py
[2024-11-26T15:34:05.146-0600] {logging_mixin.py:190} INFO - [2024-11-26T15:34:05.146-0600] {dag.py:3239} INFO - Sync 1 DAGs
[2024-11-26T15:34:05.149-0600] {logging_mixin.py:190} INFO - [2024-11-26T15:34:05.149-0600] {dag.py:4180} INFO - Setting next_dagrun for example_dynamic_task_mapping to None, run_after=None
[2024-11-26T15:34:05.155-0600] {processor.py:208} INFO - Processing /Library/Frameworks/Python.framework/Versions/3.8/lib/python3.8/site-packages/airflow/example_dags/example_dynamic_task_mapping.py took 0.056 seconds
[2024-11-26T15:36:22.304-0600] {processor.py:186} INFO - Started process (PID=23799) to work on /Library/Frameworks/Python.framework/Versions/3.8/lib/python3.8/site-packages/airflow/example_dags/example_dynamic_task_mapping.py
[2024-11-26T15:36:22.304-0600] {processor.py:914} INFO - Processing file /Library/Frameworks/Python.framework/Versions/3.8/lib/python3.8/site-packages/airflow/example_dags/example_dynamic_task_mapping.py for tasks to queue
[2024-11-26T15:36:22.304-0600] {logging_mixin.py:190} INFO - [2024-11-26T15:36:22.304-0600] {dagbag.py:588} INFO - Filling up the DagBag from /Library/Frameworks/Python.framework/Versions/3.8/lib/python3.8/site-packages/airflow/example_dags/example_dynamic_task_mapping.py
[2024-11-26T15:36:22.316-0600] {processor.py:925} INFO - DAG(s) 'example_dynamic_task_mapping' retrieved from /Library/Frameworks/Python.framework/Versions/3.8/lib/python3.8/site-packages/airflow/example_dags/example_dynamic_task_mapping.py
[2024-11-26T15:36:22.350-0600] {logging_mixin.py:190} INFO - [2024-11-26T15:36:22.350-0600] {dag.py:3239} INFO - Sync 1 DAGs
[2024-11-26T15:36:22.354-0600] {logging_mixin.py:190} INFO - [2024-11-26T15:36:22.354-0600] {dag.py:4180} INFO - Setting next_dagrun for example_dynamic_task_mapping to None, run_after=None
[2024-11-26T15:36:22.359-0600] {processor.py:208} INFO - Processing /Library/Frameworks/Python.framework/Versions/3.8/lib/python3.8/site-packages/airflow/example_dags/example_dynamic_task_mapping.py took 0.057 seconds
[2024-11-26T15:38:39.332-0600] {processor.py:186} INFO - Started process (PID=24057) to work on /Library/Frameworks/Python.framework/Versions/3.8/lib/python3.8/site-packages/airflow/example_dags/example_dynamic_task_mapping.py
[2024-11-26T15:38:39.332-0600] {processor.py:914} INFO - Processing file /Library/Frameworks/Python.framework/Versions/3.8/lib/python3.8/site-packages/airflow/example_dags/example_dynamic_task_mapping.py for tasks to queue
[2024-11-26T15:38:39.333-0600] {logging_mixin.py:190} INFO - [2024-11-26T15:38:39.333-0600] {dagbag.py:588} INFO - Filling up the DagBag from /Library/Frameworks/Python.framework/Versions/3.8/lib/python3.8/site-packages/airflow/example_dags/example_dynamic_task_mapping.py
[2024-11-26T15:38:39.344-0600] {processor.py:925} INFO - DAG(s) 'example_dynamic_task_mapping' retrieved from /Library/Frameworks/Python.framework/Versions/3.8/lib/python3.8/site-packages/airflow/example_dags/example_dynamic_task_mapping.py
[2024-11-26T15:38:39.379-0600] {logging_mixin.py:190} INFO - [2024-11-26T15:38:39.378-0600] {dag.py:3239} INFO - Sync 1 DAGs
[2024-11-26T15:38:39.382-0600] {logging_mixin.py:190} INFO - [2024-11-26T15:38:39.382-0600] {dag.py:4180} INFO - Setting next_dagrun for example_dynamic_task_mapping to None, run_after=None
[2024-11-26T15:38:39.388-0600] {processor.py:208} INFO - Processing /Library/Frameworks/Python.framework/Versions/3.8/lib/python3.8/site-packages/airflow/example_dags/example_dynamic_task_mapping.py took 0.057 seconds
[2024-11-26T15:40:53.178-0600] {processor.py:186} INFO - Started process (PID=24318) to work on /Library/Frameworks/Python.framework/Versions/3.8/lib/python3.8/site-packages/airflow/example_dags/example_dynamic_task_mapping.py
[2024-11-26T15:40:53.179-0600] {processor.py:914} INFO - Processing file /Library/Frameworks/Python.framework/Versions/3.8/lib/python3.8/site-packages/airflow/example_dags/example_dynamic_task_mapping.py for tasks to queue
[2024-11-26T15:40:53.179-0600] {logging_mixin.py:190} INFO - [2024-11-26T15:40:53.179-0600] {dagbag.py:588} INFO - Filling up the DagBag from /Library/Frameworks/Python.framework/Versions/3.8/lib/python3.8/site-packages/airflow/example_dags/example_dynamic_task_mapping.py
[2024-11-26T15:40:53.192-0600] {processor.py:925} INFO - DAG(s) 'example_dynamic_task_mapping' retrieved from /Library/Frameworks/Python.framework/Versions/3.8/lib/python3.8/site-packages/airflow/example_dags/example_dynamic_task_mapping.py
[2024-11-26T15:40:53.226-0600] {logging_mixin.py:190} INFO - [2024-11-26T15:40:53.226-0600] {dag.py:3239} INFO - Sync 1 DAGs
[2024-11-26T15:40:53.230-0600] {logging_mixin.py:190} INFO - [2024-11-26T15:40:53.230-0600] {dag.py:4180} INFO - Setting next_dagrun for example_dynamic_task_mapping to None, run_after=None
[2024-11-26T15:40:53.235-0600] {processor.py:208} INFO - Processing /Library/Frameworks/Python.framework/Versions/3.8/lib/python3.8/site-packages/airflow/example_dags/example_dynamic_task_mapping.py took 0.059 seconds
[2024-11-26T15:43:08.746-0600] {processor.py:186} INFO - Started process (PID=24566) to work on /Library/Frameworks/Python.framework/Versions/3.8/lib/python3.8/site-packages/airflow/example_dags/example_dynamic_task_mapping.py
[2024-11-26T15:43:08.746-0600] {processor.py:914} INFO - Processing file /Library/Frameworks/Python.framework/Versions/3.8/lib/python3.8/site-packages/airflow/example_dags/example_dynamic_task_mapping.py for tasks to queue
[2024-11-26T15:43:08.746-0600] {logging_mixin.py:190} INFO - [2024-11-26T15:43:08.746-0600] {dagbag.py:588} INFO - Filling up the DagBag from /Library/Frameworks/Python.framework/Versions/3.8/lib/python3.8/site-packages/airflow/example_dags/example_dynamic_task_mapping.py
[2024-11-26T15:43:08.758-0600] {processor.py:925} INFO - DAG(s) 'example_dynamic_task_mapping' retrieved from /Library/Frameworks/Python.framework/Versions/3.8/lib/python3.8/site-packages/airflow/example_dags/example_dynamic_task_mapping.py
[2024-11-26T15:43:08.793-0600] {logging_mixin.py:190} INFO - [2024-11-26T15:43:08.792-0600] {dag.py:3239} INFO - Sync 1 DAGs
[2024-11-26T15:43:08.796-0600] {logging_mixin.py:190} INFO - [2024-11-26T15:43:08.796-0600] {dag.py:4180} INFO - Setting next_dagrun for example_dynamic_task_mapping to None, run_after=None
[2024-11-26T15:43:08.802-0600] {processor.py:208} INFO - Processing /Library/Frameworks/Python.framework/Versions/3.8/lib/python3.8/site-packages/airflow/example_dags/example_dynamic_task_mapping.py took 0.058 seconds
[2024-11-26T15:45:25.020-0600] {processor.py:186} INFO - Started process (PID=24818) to work on /Library/Frameworks/Python.framework/Versions/3.8/lib/python3.8/site-packages/airflow/example_dags/example_dynamic_task_mapping.py
[2024-11-26T15:45:25.021-0600] {processor.py:914} INFO - Processing file /Library/Frameworks/Python.framework/Versions/3.8/lib/python3.8/site-packages/airflow/example_dags/example_dynamic_task_mapping.py for tasks to queue
[2024-11-26T15:45:25.021-0600] {logging_mixin.py:190} INFO - [2024-11-26T15:45:25.021-0600] {dagbag.py:588} INFO - Filling up the DagBag from /Library/Frameworks/Python.framework/Versions/3.8/lib/python3.8/site-packages/airflow/example_dags/example_dynamic_task_mapping.py
[2024-11-26T15:45:25.034-0600] {processor.py:925} INFO - DAG(s) 'example_dynamic_task_mapping' retrieved from /Library/Frameworks/Python.framework/Versions/3.8/lib/python3.8/site-packages/airflow/example_dags/example_dynamic_task_mapping.py
[2024-11-26T15:45:25.069-0600] {logging_mixin.py:190} INFO - [2024-11-26T15:45:25.068-0600] {dag.py:3239} INFO - Sync 1 DAGs
[2024-11-26T15:45:25.072-0600] {logging_mixin.py:190} INFO - [2024-11-26T15:45:25.072-0600] {dag.py:4180} INFO - Setting next_dagrun for example_dynamic_task_mapping to None, run_after=None
[2024-11-26T15:45:25.077-0600] {processor.py:208} INFO - Processing /Library/Frameworks/Python.framework/Versions/3.8/lib/python3.8/site-packages/airflow/example_dags/example_dynamic_task_mapping.py took 0.059 seconds
[2024-11-26T15:47:37.305-0600] {processor.py:186} INFO - Started process (PID=25070) to work on /Library/Frameworks/Python.framework/Versions/3.8/lib/python3.8/site-packages/airflow/example_dags/example_dynamic_task_mapping.py
[2024-11-26T15:47:37.305-0600] {processor.py:914} INFO - Processing file /Library/Frameworks/Python.framework/Versions/3.8/lib/python3.8/site-packages/airflow/example_dags/example_dynamic_task_mapping.py for tasks to queue
[2024-11-26T15:47:37.305-0600] {logging_mixin.py:190} INFO - [2024-11-26T15:47:37.305-0600] {dagbag.py:588} INFO - Filling up the DagBag from /Library/Frameworks/Python.framework/Versions/3.8/lib/python3.8/site-packages/airflow/example_dags/example_dynamic_task_mapping.py
[2024-11-26T15:47:37.318-0600] {processor.py:925} INFO - DAG(s) 'example_dynamic_task_mapping' retrieved from /Library/Frameworks/Python.framework/Versions/3.8/lib/python3.8/site-packages/airflow/example_dags/example_dynamic_task_mapping.py
[2024-11-26T15:47:37.353-0600] {logging_mixin.py:190} INFO - [2024-11-26T15:47:37.353-0600] {dag.py:3239} INFO - Sync 1 DAGs
[2024-11-26T15:47:37.356-0600] {logging_mixin.py:190} INFO - [2024-11-26T15:47:37.356-0600] {dag.py:4180} INFO - Setting next_dagrun for example_dynamic_task_mapping to None, run_after=None
[2024-11-26T15:47:37.361-0600] {processor.py:208} INFO - Processing /Library/Frameworks/Python.framework/Versions/3.8/lib/python3.8/site-packages/airflow/example_dags/example_dynamic_task_mapping.py took 0.058 seconds
[2024-11-26T15:49:49.048-0600] {processor.py:186} INFO - Started process (PID=25328) to work on /Library/Frameworks/Python.framework/Versions/3.8/lib/python3.8/site-packages/airflow/example_dags/example_dynamic_task_mapping.py
[2024-11-26T15:49:49.049-0600] {processor.py:914} INFO - Processing file /Library/Frameworks/Python.framework/Versions/3.8/lib/python3.8/site-packages/airflow/example_dags/example_dynamic_task_mapping.py for tasks to queue
[2024-11-26T15:49:49.050-0600] {logging_mixin.py:190} INFO - [2024-11-26T15:49:49.050-0600] {dagbag.py:588} INFO - Filling up the DagBag from /Library/Frameworks/Python.framework/Versions/3.8/lib/python3.8/site-packages/airflow/example_dags/example_dynamic_task_mapping.py
[2024-11-26T15:49:49.062-0600] {processor.py:925} INFO - DAG(s) 'example_dynamic_task_mapping' retrieved from /Library/Frameworks/Python.framework/Versions/3.8/lib/python3.8/site-packages/airflow/example_dags/example_dynamic_task_mapping.py
[2024-11-26T15:49:49.096-0600] {logging_mixin.py:190} INFO - [2024-11-26T15:49:49.096-0600] {dag.py:3239} INFO - Sync 1 DAGs
[2024-11-26T15:49:49.100-0600] {logging_mixin.py:190} INFO - [2024-11-26T15:49:49.100-0600] {dag.py:4180} INFO - Setting next_dagrun for example_dynamic_task_mapping to None, run_after=None
[2024-11-26T15:49:49.105-0600] {processor.py:208} INFO - Processing /Library/Frameworks/Python.framework/Versions/3.8/lib/python3.8/site-packages/airflow/example_dags/example_dynamic_task_mapping.py took 0.058 seconds
[2024-11-26T15:52:04.955-0600] {processor.py:186} INFO - Started process (PID=25586) to work on /Library/Frameworks/Python.framework/Versions/3.8/lib/python3.8/site-packages/airflow/example_dags/example_dynamic_task_mapping.py
[2024-11-26T15:52:04.956-0600] {processor.py:914} INFO - Processing file /Library/Frameworks/Python.framework/Versions/3.8/lib/python3.8/site-packages/airflow/example_dags/example_dynamic_task_mapping.py for tasks to queue
[2024-11-26T15:52:04.956-0600] {logging_mixin.py:190} INFO - [2024-11-26T15:52:04.956-0600] {dagbag.py:588} INFO - Filling up the DagBag from /Library/Frameworks/Python.framework/Versions/3.8/lib/python3.8/site-packages/airflow/example_dags/example_dynamic_task_mapping.py
[2024-11-26T15:52:04.968-0600] {processor.py:925} INFO - DAG(s) 'example_dynamic_task_mapping' retrieved from /Library/Frameworks/Python.framework/Versions/3.8/lib/python3.8/site-packages/airflow/example_dags/example_dynamic_task_mapping.py
[2024-11-26T15:52:05.004-0600] {logging_mixin.py:190} INFO - [2024-11-26T15:52:05.003-0600] {dag.py:3239} INFO - Sync 1 DAGs
[2024-11-26T15:52:05.007-0600] {logging_mixin.py:190} INFO - [2024-11-26T15:52:05.007-0600] {dag.py:4180} INFO - Setting next_dagrun for example_dynamic_task_mapping to None, run_after=None
[2024-11-26T15:52:05.013-0600] {processor.py:208} INFO - Processing /Library/Frameworks/Python.framework/Versions/3.8/lib/python3.8/site-packages/airflow/example_dags/example_dynamic_task_mapping.py took 0.059 seconds
[2024-11-26T15:54:29.881-0600] {processor.py:186} INFO - Started process (PID=25848) to work on /Library/Frameworks/Python.framework/Versions/3.8/lib/python3.8/site-packages/airflow/example_dags/example_dynamic_task_mapping.py
[2024-11-26T15:54:29.882-0600] {processor.py:914} INFO - Processing file /Library/Frameworks/Python.framework/Versions/3.8/lib/python3.8/site-packages/airflow/example_dags/example_dynamic_task_mapping.py for tasks to queue
[2024-11-26T15:54:29.883-0600] {logging_mixin.py:190} INFO - [2024-11-26T15:54:29.883-0600] {dagbag.py:588} INFO - Filling up the DagBag from /Library/Frameworks/Python.framework/Versions/3.8/lib/python3.8/site-packages/airflow/example_dags/example_dynamic_task_mapping.py
[2024-11-26T15:54:29.895-0600] {processor.py:925} INFO - DAG(s) 'example_dynamic_task_mapping' retrieved from /Library/Frameworks/Python.framework/Versions/3.8/lib/python3.8/site-packages/airflow/example_dags/example_dynamic_task_mapping.py
[2024-11-26T15:54:29.929-0600] {logging_mixin.py:190} INFO - [2024-11-26T15:54:29.929-0600] {dag.py:3239} INFO - Sync 1 DAGs
[2024-11-26T15:54:29.933-0600] {logging_mixin.py:190} INFO - [2024-11-26T15:54:29.933-0600] {dag.py:4180} INFO - Setting next_dagrun for example_dynamic_task_mapping to None, run_after=None
[2024-11-26T15:54:29.938-0600] {processor.py:208} INFO - Processing /Library/Frameworks/Python.framework/Versions/3.8/lib/python3.8/site-packages/airflow/example_dags/example_dynamic_task_mapping.py took 0.058 seconds
[2024-11-26T15:56:47.422-0600] {processor.py:186} INFO - Started process (PID=26163) to work on /Library/Frameworks/Python.framework/Versions/3.8/lib/python3.8/site-packages/airflow/example_dags/example_dynamic_task_mapping.py
[2024-11-26T15:56:47.423-0600] {processor.py:914} INFO - Processing file /Library/Frameworks/Python.framework/Versions/3.8/lib/python3.8/site-packages/airflow/example_dags/example_dynamic_task_mapping.py for tasks to queue
[2024-11-26T15:56:47.424-0600] {logging_mixin.py:190} INFO - [2024-11-26T15:56:47.424-0600] {dagbag.py:588} INFO - Filling up the DagBag from /Library/Frameworks/Python.framework/Versions/3.8/lib/python3.8/site-packages/airflow/example_dags/example_dynamic_task_mapping.py
[2024-11-26T15:56:47.436-0600] {processor.py:925} INFO - DAG(s) 'example_dynamic_task_mapping' retrieved from /Library/Frameworks/Python.framework/Versions/3.8/lib/python3.8/site-packages/airflow/example_dags/example_dynamic_task_mapping.py
[2024-11-26T15:56:47.470-0600] {logging_mixin.py:190} INFO - [2024-11-26T15:56:47.470-0600] {dag.py:3239} INFO - Sync 1 DAGs
[2024-11-26T15:56:47.474-0600] {logging_mixin.py:190} INFO - [2024-11-26T15:56:47.474-0600] {dag.py:4180} INFO - Setting next_dagrun for example_dynamic_task_mapping to None, run_after=None
[2024-11-26T15:56:47.479-0600] {processor.py:208} INFO - Processing /Library/Frameworks/Python.framework/Versions/3.8/lib/python3.8/site-packages/airflow/example_dags/example_dynamic_task_mapping.py took 0.058 seconds
[2024-11-26T15:59:02.982-0600] {processor.py:186} INFO - Started process (PID=26430) to work on /Library/Frameworks/Python.framework/Versions/3.8/lib/python3.8/site-packages/airflow/example_dags/example_dynamic_task_mapping.py
[2024-11-26T15:59:02.982-0600] {processor.py:914} INFO - Processing file /Library/Frameworks/Python.framework/Versions/3.8/lib/python3.8/site-packages/airflow/example_dags/example_dynamic_task_mapping.py for tasks to queue
[2024-11-26T15:59:02.982-0600] {logging_mixin.py:190} INFO - [2024-11-26T15:59:02.982-0600] {dagbag.py:588} INFO - Filling up the DagBag from /Library/Frameworks/Python.framework/Versions/3.8/lib/python3.8/site-packages/airflow/example_dags/example_dynamic_task_mapping.py
[2024-11-26T15:59:02.994-0600] {processor.py:925} INFO - DAG(s) 'example_dynamic_task_mapping' retrieved from /Library/Frameworks/Python.framework/Versions/3.8/lib/python3.8/site-packages/airflow/example_dags/example_dynamic_task_mapping.py
[2024-11-26T15:59:03.028-0600] {logging_mixin.py:190} INFO - [2024-11-26T15:59:03.028-0600] {dag.py:3239} INFO - Sync 1 DAGs
[2024-11-26T15:59:03.031-0600] {logging_mixin.py:190} INFO - [2024-11-26T15:59:03.031-0600] {dag.py:4180} INFO - Setting next_dagrun for example_dynamic_task_mapping to None, run_after=None
[2024-11-26T15:59:03.037-0600] {processor.py:208} INFO - Processing /Library/Frameworks/Python.framework/Versions/3.8/lib/python3.8/site-packages/airflow/example_dags/example_dynamic_task_mapping.py took 0.056 seconds
[2024-11-26T16:01:20.501-0600] {processor.py:186} INFO - Started process (PID=26701) to work on /Library/Frameworks/Python.framework/Versions/3.8/lib/python3.8/site-packages/airflow/example_dags/example_dynamic_task_mapping.py
[2024-11-26T16:01:20.502-0600] {processor.py:914} INFO - Processing file /Library/Frameworks/Python.framework/Versions/3.8/lib/python3.8/site-packages/airflow/example_dags/example_dynamic_task_mapping.py for tasks to queue
[2024-11-26T16:01:20.502-0600] {logging_mixin.py:190} INFO - [2024-11-26T16:01:20.502-0600] {dagbag.py:588} INFO - Filling up the DagBag from /Library/Frameworks/Python.framework/Versions/3.8/lib/python3.8/site-packages/airflow/example_dags/example_dynamic_task_mapping.py
[2024-11-26T16:01:20.514-0600] {processor.py:925} INFO - DAG(s) 'example_dynamic_task_mapping' retrieved from /Library/Frameworks/Python.framework/Versions/3.8/lib/python3.8/site-packages/airflow/example_dags/example_dynamic_task_mapping.py
[2024-11-26T16:01:20.549-0600] {logging_mixin.py:190} INFO - [2024-11-26T16:01:20.549-0600] {dag.py:3239} INFO - Sync 1 DAGs
[2024-11-26T16:01:20.553-0600] {logging_mixin.py:190} INFO - [2024-11-26T16:01:20.553-0600] {dag.py:4180} INFO - Setting next_dagrun for example_dynamic_task_mapping to None, run_after=None
[2024-11-26T16:01:20.559-0600] {processor.py:208} INFO - Processing /Library/Frameworks/Python.framework/Versions/3.8/lib/python3.8/site-packages/airflow/example_dags/example_dynamic_task_mapping.py took 0.059 seconds
[2024-11-26T16:03:31.509-0600] {processor.py:186} INFO - Started process (PID=26951) to work on /Library/Frameworks/Python.framework/Versions/3.8/lib/python3.8/site-packages/airflow/example_dags/example_dynamic_task_mapping.py
[2024-11-26T16:03:31.510-0600] {processor.py:914} INFO - Processing file /Library/Frameworks/Python.framework/Versions/3.8/lib/python3.8/site-packages/airflow/example_dags/example_dynamic_task_mapping.py for tasks to queue
[2024-11-26T16:03:31.511-0600] {logging_mixin.py:190} INFO - [2024-11-26T16:03:31.511-0600] {dagbag.py:588} INFO - Filling up the DagBag from /Library/Frameworks/Python.framework/Versions/3.8/lib/python3.8/site-packages/airflow/example_dags/example_dynamic_task_mapping.py
[2024-11-26T16:03:31.522-0600] {processor.py:925} INFO - DAG(s) 'example_dynamic_task_mapping' retrieved from /Library/Frameworks/Python.framework/Versions/3.8/lib/python3.8/site-packages/airflow/example_dags/example_dynamic_task_mapping.py
[2024-11-26T16:03:31.555-0600] {logging_mixin.py:190} INFO - [2024-11-26T16:03:31.555-0600] {dag.py:3239} INFO - Sync 1 DAGs
[2024-11-26T16:03:31.559-0600] {logging_mixin.py:190} INFO - [2024-11-26T16:03:31.559-0600] {dag.py:4180} INFO - Setting next_dagrun for example_dynamic_task_mapping to None, run_after=None
[2024-11-26T16:03:31.564-0600] {processor.py:208} INFO - Processing /Library/Frameworks/Python.framework/Versions/3.8/lib/python3.8/site-packages/airflow/example_dags/example_dynamic_task_mapping.py took 0.056 seconds
[2024-11-26T16:05:50.742-0600] {processor.py:186} INFO - Started process (PID=27200) to work on /Library/Frameworks/Python.framework/Versions/3.8/lib/python3.8/site-packages/airflow/example_dags/example_dynamic_task_mapping.py
[2024-11-26T16:05:50.743-0600] {processor.py:914} INFO - Processing file /Library/Frameworks/Python.framework/Versions/3.8/lib/python3.8/site-packages/airflow/example_dags/example_dynamic_task_mapping.py for tasks to queue
[2024-11-26T16:05:50.743-0600] {logging_mixin.py:190} INFO - [2024-11-26T16:05:50.743-0600] {dagbag.py:588} INFO - Filling up the DagBag from /Library/Frameworks/Python.framework/Versions/3.8/lib/python3.8/site-packages/airflow/example_dags/example_dynamic_task_mapping.py
[2024-11-26T16:05:50.754-0600] {processor.py:925} INFO - DAG(s) 'example_dynamic_task_mapping' retrieved from /Library/Frameworks/Python.framework/Versions/3.8/lib/python3.8/site-packages/airflow/example_dags/example_dynamic_task_mapping.py
[2024-11-26T16:05:50.791-0600] {logging_mixin.py:190} INFO - [2024-11-26T16:05:50.791-0600] {dag.py:3239} INFO - Sync 1 DAGs
[2024-11-26T16:05:50.795-0600] {logging_mixin.py:190} INFO - [2024-11-26T16:05:50.795-0600] {dag.py:4180} INFO - Setting next_dagrun for example_dynamic_task_mapping to None, run_after=None
[2024-11-26T16:05:50.801-0600] {processor.py:208} INFO - Processing /Library/Frameworks/Python.framework/Versions/3.8/lib/python3.8/site-packages/airflow/example_dags/example_dynamic_task_mapping.py took 0.060 seconds
[2024-11-26T17:34:31.677-0600] {processor.py:186} INFO - Started process (PID=27487) to work on /Library/Frameworks/Python.framework/Versions/3.8/lib/python3.8/site-packages/airflow/example_dags/example_dynamic_task_mapping.py
[2024-11-26T17:34:31.678-0600] {processor.py:914} INFO - Processing file /Library/Frameworks/Python.framework/Versions/3.8/lib/python3.8/site-packages/airflow/example_dags/example_dynamic_task_mapping.py for tasks to queue
[2024-11-26T17:34:31.679-0600] {logging_mixin.py:190} INFO - [2024-11-26T17:34:31.679-0600] {dagbag.py:588} INFO - Filling up the DagBag from /Library/Frameworks/Python.framework/Versions/3.8/lib/python3.8/site-packages/airflow/example_dags/example_dynamic_task_mapping.py
[2024-11-26T17:34:31.690-0600] {processor.py:925} INFO - DAG(s) 'example_dynamic_task_mapping' retrieved from /Library/Frameworks/Python.framework/Versions/3.8/lib/python3.8/site-packages/airflow/example_dags/example_dynamic_task_mapping.py
[2024-11-26T17:34:31.722-0600] {logging_mixin.py:190} INFO - [2024-11-26T17:34:31.722-0600] {dag.py:3239} INFO - Sync 1 DAGs
[2024-11-26T17:34:31.725-0600] {logging_mixin.py:190} INFO - [2024-11-26T17:34:31.725-0600] {dag.py:4180} INFO - Setting next_dagrun for example_dynamic_task_mapping to None, run_after=None
[2024-11-26T17:34:31.730-0600] {processor.py:208} INFO - Processing /Library/Frameworks/Python.framework/Versions/3.8/lib/python3.8/site-packages/airflow/example_dags/example_dynamic_task_mapping.py took 0.054 seconds
