[2024-11-26T14:18:29.129-0600] {processor.py:186} INFO - Started process (PID=17930) to work on /Users/beprathap/PycharmProjects/YouTube-airflow/airflow-venv/lib/python3.8/site-packages/airflow/example_dags/example_external_task_marker_dag.py
[2024-11-26T14:18:29.130-0600] {processor.py:914} INFO - Processing file /Users/beprathap/PycharmProjects/YouTube-airflow/airflow-venv/lib/python3.8/site-packages/airflow/example_dags/example_external_task_marker_dag.py for tasks to queue
[2024-11-26T14:18:29.130-0600] {logging_mixin.py:190} INFO - [2024-11-26T14:18:29.130-0600] {dagbag.py:588} INFO - Filling up the DagBag from /Users/beprathap/PycharmProjects/YouTube-airflow/airflow-venv/lib/python3.8/site-packages/airflow/example_dags/example_external_task_marker_dag.py
[2024-11-26T14:18:29.134-0600] {processor.py:925} INFO - DAG(s) 'example_external_task_marker_parent', 'example_external_task_marker_child' retrieved from /Users/beprathap/PycharmProjects/YouTube-airflow/airflow-venv/lib/python3.8/site-packages/airflow/example_dags/example_external_task_marker_dag.py
[2024-11-26T14:18:29.203-0600] {logging_mixin.py:190} INFO - [2024-11-26T14:18:29.202-0600] {override.py:1901} INFO - Created Permission View: can read on DAG:example_external_task_marker_parent
[2024-11-26T14:18:29.206-0600] {logging_mixin.py:190} INFO - [2024-11-26T14:18:29.206-0600] {override.py:1901} INFO - Created Permission View: can edit on DAG:example_external_task_marker_parent
[2024-11-26T14:18:29.208-0600] {logging_mixin.py:190} INFO - [2024-11-26T14:18:29.207-0600] {override.py:1901} INFO - Created Permission View: can delete on DAG:example_external_task_marker_parent
[2024-11-26T14:18:29.209-0600] {logging_mixin.py:190} INFO - [2024-11-26T14:18:29.209-0600] {override.py:1901} INFO - Created Permission View: can read on DAG Run:example_external_task_marker_parent
[2024-11-26T14:18:29.211-0600] {logging_mixin.py:190} INFO - [2024-11-26T14:18:29.211-0600] {override.py:1901} INFO - Created Permission View: menu access on DAG Run:example_external_task_marker_parent
[2024-11-26T14:18:29.213-0600] {logging_mixin.py:190} INFO - [2024-11-26T14:18:29.213-0600] {override.py:1901} INFO - Created Permission View: can create on DAG Run:example_external_task_marker_parent
[2024-11-26T14:18:29.214-0600] {logging_mixin.py:190} INFO - [2024-11-26T14:18:29.214-0600] {override.py:1901} INFO - Created Permission View: can delete on DAG Run:example_external_task_marker_parent
[2024-11-26T14:18:29.216-0600] {logging_mixin.py:190} INFO - [2024-11-26T14:18:29.216-0600] {workday.py:41} WARNING - Could not import pandas. Holidays will not be considered.
[2024-11-26T14:18:29.222-0600] {logging_mixin.py:190} INFO - [2024-11-26T14:18:29.222-0600] {override.py:1901} INFO - Created Permission View: can read on DAG:example_external_task_marker_child
[2024-11-26T14:18:29.224-0600] {logging_mixin.py:190} INFO - [2024-11-26T14:18:29.224-0600] {override.py:1901} INFO - Created Permission View: can edit on DAG:example_external_task_marker_child
[2024-11-26T14:18:29.225-0600] {logging_mixin.py:190} INFO - [2024-11-26T14:18:29.225-0600] {override.py:1901} INFO - Created Permission View: can delete on DAG:example_external_task_marker_child
[2024-11-26T14:18:29.227-0600] {logging_mixin.py:190} INFO - [2024-11-26T14:18:29.227-0600] {override.py:1901} INFO - Created Permission View: can read on DAG Run:example_external_task_marker_child
[2024-11-26T14:18:29.229-0600] {logging_mixin.py:190} INFO - [2024-11-26T14:18:29.229-0600] {override.py:1901} INFO - Created Permission View: menu access on DAG Run:example_external_task_marker_child
[2024-11-26T14:18:29.230-0600] {logging_mixin.py:190} INFO - [2024-11-26T14:18:29.230-0600] {override.py:1901} INFO - Created Permission View: can create on DAG Run:example_external_task_marker_child
[2024-11-26T14:18:29.232-0600] {logging_mixin.py:190} INFO - [2024-11-26T14:18:29.232-0600] {override.py:1901} INFO - Created Permission View: can delete on DAG Run:example_external_task_marker_child
[2024-11-26T14:18:29.232-0600] {logging_mixin.py:190} INFO - [2024-11-26T14:18:29.232-0600] {dag.py:3239} INFO - Sync 2 DAGs
[2024-11-26T14:18:29.236-0600] {logging_mixin.py:190} INFO - [2024-11-26T14:18:29.236-0600] {dag.py:3262} INFO - Creating ORM DAG for example_external_task_marker_parent
[2024-11-26T14:18:29.236-0600] {logging_mixin.py:190} INFO - [2024-11-26T14:18:29.236-0600] {dag.py:3262} INFO - Creating ORM DAG for example_external_task_marker_child
[2024-11-26T14:18:29.236-0600] {logging_mixin.py:190} INFO - [2024-11-26T14:18:29.236-0600] {dag.py:4180} INFO - Setting next_dagrun for example_external_task_marker_child to None, run_after=None
[2024-11-26T14:18:29.237-0600] {logging_mixin.py:190} INFO - [2024-11-26T14:18:29.237-0600] {dag.py:4180} INFO - Setting next_dagrun for example_external_task_marker_parent to None, run_after=None
[2024-11-26T14:18:29.243-0600] {processor.py:208} INFO - Processing /Users/beprathap/PycharmProjects/YouTube-airflow/airflow-venv/lib/python3.8/site-packages/airflow/example_dags/example_external_task_marker_dag.py took 0.115 seconds
[2024-11-26T14:20:45.772-0600] {processor.py:186} INFO - Started process (PID=18179) to work on /Users/beprathap/PycharmProjects/YouTube-airflow/airflow-venv/lib/python3.8/site-packages/airflow/example_dags/example_external_task_marker_dag.py
[2024-11-26T14:20:45.773-0600] {processor.py:914} INFO - Processing file /Users/beprathap/PycharmProjects/YouTube-airflow/airflow-venv/lib/python3.8/site-packages/airflow/example_dags/example_external_task_marker_dag.py for tasks to queue
[2024-11-26T14:20:45.773-0600] {logging_mixin.py:190} INFO - [2024-11-26T14:20:45.773-0600] {dagbag.py:588} INFO - Filling up the DagBag from /Users/beprathap/PycharmProjects/YouTube-airflow/airflow-venv/lib/python3.8/site-packages/airflow/example_dags/example_external_task_marker_dag.py
[2024-11-26T14:20:45.777-0600] {processor.py:925} INFO - DAG(s) 'example_external_task_marker_parent', 'example_external_task_marker_child' retrieved from /Users/beprathap/PycharmProjects/YouTube-airflow/airflow-venv/lib/python3.8/site-packages/airflow/example_dags/example_external_task_marker_dag.py
[2024-11-26T14:20:45.809-0600] {logging_mixin.py:190} INFO - [2024-11-26T14:20:45.809-0600] {workday.py:41} WARNING - Could not import pandas. Holidays will not be considered.
[2024-11-26T14:20:45.812-0600] {logging_mixin.py:190} INFO - [2024-11-26T14:20:45.812-0600] {dag.py:3239} INFO - Sync 2 DAGs
[2024-11-26T14:20:45.816-0600] {logging_mixin.py:190} INFO - [2024-11-26T14:20:45.816-0600] {dag.py:4180} INFO - Setting next_dagrun for example_external_task_marker_child to None, run_after=None
[2024-11-26T14:20:45.817-0600] {logging_mixin.py:190} INFO - [2024-11-26T14:20:45.817-0600] {dag.py:4180} INFO - Setting next_dagrun for example_external_task_marker_parent to None, run_after=None
[2024-11-26T14:20:45.821-0600] {processor.py:208} INFO - Processing /Users/beprathap/PycharmProjects/YouTube-airflow/airflow-venv/lib/python3.8/site-packages/airflow/example_dags/example_external_task_marker_dag.py took 0.050 seconds
[2024-11-26T14:22:59.127-0600] {processor.py:186} INFO - Started process (PID=18445) to work on /Users/beprathap/PycharmProjects/YouTube-airflow/airflow-venv/lib/python3.8/site-packages/airflow/example_dags/example_external_task_marker_dag.py
[2024-11-26T14:22:59.128-0600] {processor.py:914} INFO - Processing file /Users/beprathap/PycharmProjects/YouTube-airflow/airflow-venv/lib/python3.8/site-packages/airflow/example_dags/example_external_task_marker_dag.py for tasks to queue
[2024-11-26T14:22:59.128-0600] {logging_mixin.py:190} INFO - [2024-11-26T14:22:59.128-0600] {dagbag.py:588} INFO - Filling up the DagBag from /Users/beprathap/PycharmProjects/YouTube-airflow/airflow-venv/lib/python3.8/site-packages/airflow/example_dags/example_external_task_marker_dag.py
[2024-11-26T14:22:59.132-0600] {processor.py:925} INFO - DAG(s) 'example_external_task_marker_child', 'example_external_task_marker_parent' retrieved from /Users/beprathap/PycharmProjects/YouTube-airflow/airflow-venv/lib/python3.8/site-packages/airflow/example_dags/example_external_task_marker_dag.py
[2024-11-26T14:22:59.162-0600] {logging_mixin.py:190} INFO - [2024-11-26T14:22:59.162-0600] {workday.py:41} WARNING - Could not import pandas. Holidays will not be considered.
[2024-11-26T14:22:59.168-0600] {logging_mixin.py:190} INFO - [2024-11-26T14:22:59.167-0600] {dag.py:3239} INFO - Sync 2 DAGs
[2024-11-26T14:22:59.171-0600] {logging_mixin.py:190} INFO - [2024-11-26T14:22:59.171-0600] {dag.py:4180} INFO - Setting next_dagrun for example_external_task_marker_child to None, run_after=None
[2024-11-26T14:22:59.172-0600] {logging_mixin.py:190} INFO - [2024-11-26T14:22:59.172-0600] {dag.py:4180} INFO - Setting next_dagrun for example_external_task_marker_parent to None, run_after=None
[2024-11-26T14:22:59.177-0600] {processor.py:208} INFO - Processing /Users/beprathap/PycharmProjects/YouTube-airflow/airflow-venv/lib/python3.8/site-packages/airflow/example_dags/example_external_task_marker_dag.py took 0.051 seconds
[2024-11-26T14:25:07.902-0600] {processor.py:186} INFO - Started process (PID=18712) to work on /Users/beprathap/PycharmProjects/YouTube-airflow/airflow-venv/lib/python3.8/site-packages/airflow/example_dags/example_external_task_marker_dag.py
[2024-11-26T14:25:07.903-0600] {processor.py:914} INFO - Processing file /Users/beprathap/PycharmProjects/YouTube-airflow/airflow-venv/lib/python3.8/site-packages/airflow/example_dags/example_external_task_marker_dag.py for tasks to queue
[2024-11-26T14:25:07.903-0600] {logging_mixin.py:190} INFO - [2024-11-26T14:25:07.903-0600] {dagbag.py:588} INFO - Filling up the DagBag from /Users/beprathap/PycharmProjects/YouTube-airflow/airflow-venv/lib/python3.8/site-packages/airflow/example_dags/example_external_task_marker_dag.py
[2024-11-26T14:25:07.907-0600] {processor.py:925} INFO - DAG(s) 'example_external_task_marker_parent', 'example_external_task_marker_child' retrieved from /Users/beprathap/PycharmProjects/YouTube-airflow/airflow-venv/lib/python3.8/site-packages/airflow/example_dags/example_external_task_marker_dag.py
[2024-11-26T14:25:07.941-0600] {logging_mixin.py:190} INFO - [2024-11-26T14:25:07.941-0600] {workday.py:41} WARNING - Could not import pandas. Holidays will not be considered.
[2024-11-26T14:25:07.945-0600] {logging_mixin.py:190} INFO - [2024-11-26T14:25:07.945-0600] {dag.py:3239} INFO - Sync 2 DAGs
[2024-11-26T14:25:07.949-0600] {logging_mixin.py:190} INFO - [2024-11-26T14:25:07.949-0600] {dag.py:4180} INFO - Setting next_dagrun for example_external_task_marker_child to None, run_after=None
[2024-11-26T14:25:07.950-0600] {logging_mixin.py:190} INFO - [2024-11-26T14:25:07.950-0600] {dag.py:4180} INFO - Setting next_dagrun for example_external_task_marker_parent to None, run_after=None
[2024-11-26T14:25:07.954-0600] {processor.py:208} INFO - Processing /Users/beprathap/PycharmProjects/YouTube-airflow/airflow-venv/lib/python3.8/site-packages/airflow/example_dags/example_external_task_marker_dag.py took 0.054 seconds
[2024-11-26T14:27:14.638-0600] {processor.py:186} INFO - Started process (PID=18947) to work on /Users/beprathap/PycharmProjects/YouTube-airflow/airflow-venv/lib/python3.8/site-packages/airflow/example_dags/example_external_task_marker_dag.py
[2024-11-26T14:27:14.638-0600] {processor.py:914} INFO - Processing file /Users/beprathap/PycharmProjects/YouTube-airflow/airflow-venv/lib/python3.8/site-packages/airflow/example_dags/example_external_task_marker_dag.py for tasks to queue
[2024-11-26T14:27:14.639-0600] {logging_mixin.py:190} INFO - [2024-11-26T14:27:14.639-0600] {dagbag.py:588} INFO - Filling up the DagBag from /Users/beprathap/PycharmProjects/YouTube-airflow/airflow-venv/lib/python3.8/site-packages/airflow/example_dags/example_external_task_marker_dag.py
[2024-11-26T14:27:14.643-0600] {processor.py:925} INFO - DAG(s) 'example_external_task_marker_child', 'example_external_task_marker_parent' retrieved from /Users/beprathap/PycharmProjects/YouTube-airflow/airflow-venv/lib/python3.8/site-packages/airflow/example_dags/example_external_task_marker_dag.py
[2024-11-26T14:27:14.674-0600] {logging_mixin.py:190} INFO - [2024-11-26T14:27:14.674-0600] {workday.py:41} WARNING - Could not import pandas. Holidays will not be considered.
[2024-11-26T14:27:14.679-0600] {logging_mixin.py:190} INFO - [2024-11-26T14:27:14.679-0600] {dag.py:3239} INFO - Sync 2 DAGs
[2024-11-26T14:27:14.683-0600] {logging_mixin.py:190} INFO - [2024-11-26T14:27:14.683-0600] {dag.py:4180} INFO - Setting next_dagrun for example_external_task_marker_child to None, run_after=None
[2024-11-26T14:27:14.684-0600] {logging_mixin.py:190} INFO - [2024-11-26T14:27:14.684-0600] {dag.py:4180} INFO - Setting next_dagrun for example_external_task_marker_parent to None, run_after=None
[2024-11-26T14:27:14.689-0600] {processor.py:208} INFO - Processing /Users/beprathap/PycharmProjects/YouTube-airflow/airflow-venv/lib/python3.8/site-packages/airflow/example_dags/example_external_task_marker_dag.py took 0.052 seconds
[2024-11-26T14:29:21.678-0600] {processor.py:186} INFO - Started process (PID=19186) to work on /Users/beprathap/PycharmProjects/YouTube-airflow/airflow-venv/lib/python3.8/site-packages/airflow/example_dags/example_external_task_marker_dag.py
[2024-11-26T14:29:21.678-0600] {processor.py:914} INFO - Processing file /Users/beprathap/PycharmProjects/YouTube-airflow/airflow-venv/lib/python3.8/site-packages/airflow/example_dags/example_external_task_marker_dag.py for tasks to queue
[2024-11-26T14:29:21.678-0600] {logging_mixin.py:190} INFO - [2024-11-26T14:29:21.678-0600] {dagbag.py:588} INFO - Filling up the DagBag from /Users/beprathap/PycharmProjects/YouTube-airflow/airflow-venv/lib/python3.8/site-packages/airflow/example_dags/example_external_task_marker_dag.py
[2024-11-26T14:29:21.682-0600] {processor.py:925} INFO - DAG(s) 'example_external_task_marker_child', 'example_external_task_marker_parent' retrieved from /Users/beprathap/PycharmProjects/YouTube-airflow/airflow-venv/lib/python3.8/site-packages/airflow/example_dags/example_external_task_marker_dag.py
[2024-11-26T14:29:21.714-0600] {logging_mixin.py:190} INFO - [2024-11-26T14:29:21.714-0600] {workday.py:41} WARNING - Could not import pandas. Holidays will not be considered.
[2024-11-26T14:29:21.719-0600] {logging_mixin.py:190} INFO - [2024-11-26T14:29:21.719-0600] {dag.py:3239} INFO - Sync 2 DAGs
[2024-11-26T14:29:21.723-0600] {logging_mixin.py:190} INFO - [2024-11-26T14:29:21.723-0600] {dag.py:4180} INFO - Setting next_dagrun for example_external_task_marker_child to None, run_after=None
[2024-11-26T14:29:21.724-0600] {logging_mixin.py:190} INFO - [2024-11-26T14:29:21.724-0600] {dag.py:4180} INFO - Setting next_dagrun for example_external_task_marker_parent to None, run_after=None
[2024-11-26T14:29:21.729-0600] {processor.py:208} INFO - Processing /Users/beprathap/PycharmProjects/YouTube-airflow/airflow-venv/lib/python3.8/site-packages/airflow/example_dags/example_external_task_marker_dag.py took 0.052 seconds
[2024-11-26T14:36:51.571-0600] {processor.py:186} INFO - Started process (PID=19606) to work on /Users/beprathap/PycharmProjects/YouTube-airflow/airflow-venv/lib/python3.8/site-packages/airflow/example_dags/example_external_task_marker_dag.py
[2024-11-26T14:36:51.572-0600] {processor.py:914} INFO - Processing file /Users/beprathap/PycharmProjects/YouTube-airflow/airflow-venv/lib/python3.8/site-packages/airflow/example_dags/example_external_task_marker_dag.py for tasks to queue
[2024-11-26T14:36:51.573-0600] {logging_mixin.py:190} INFO - [2024-11-26T14:36:51.573-0600] {dagbag.py:588} INFO - Filling up the DagBag from /Users/beprathap/PycharmProjects/YouTube-airflow/airflow-venv/lib/python3.8/site-packages/airflow/example_dags/example_external_task_marker_dag.py
[2024-11-26T14:36:51.576-0600] {processor.py:925} INFO - DAG(s) 'example_external_task_marker_parent', 'example_external_task_marker_child' retrieved from /Users/beprathap/PycharmProjects/YouTube-airflow/airflow-venv/lib/python3.8/site-packages/airflow/example_dags/example_external_task_marker_dag.py
[2024-11-26T14:36:51.609-0600] {logging_mixin.py:190} INFO - [2024-11-26T14:36:51.609-0600] {workday.py:41} WARNING - Could not import pandas. Holidays will not be considered.
[2024-11-26T14:36:51.613-0600] {logging_mixin.py:190} INFO - [2024-11-26T14:36:51.613-0600] {dag.py:3239} INFO - Sync 2 DAGs
[2024-11-26T14:36:51.617-0600] {logging_mixin.py:190} INFO - [2024-11-26T14:36:51.617-0600] {dag.py:4180} INFO - Setting next_dagrun for example_external_task_marker_child to None, run_after=None
[2024-11-26T14:36:51.617-0600] {logging_mixin.py:190} INFO - [2024-11-26T14:36:51.617-0600] {dag.py:4180} INFO - Setting next_dagrun for example_external_task_marker_parent to None, run_after=None
[2024-11-26T14:36:51.622-0600] {processor.py:208} INFO - Processing /Users/beprathap/PycharmProjects/YouTube-airflow/airflow-venv/lib/python3.8/site-packages/airflow/example_dags/example_external_task_marker_dag.py took 0.052 seconds
[2024-11-26T14:39:10.362-0600] {processor.py:186} INFO - Started process (PID=19859) to work on /Users/beprathap/PycharmProjects/YouTube-airflow/airflow-venv/lib/python3.8/site-packages/airflow/example_dags/example_external_task_marker_dag.py
[2024-11-26T14:39:10.362-0600] {processor.py:914} INFO - Processing file /Users/beprathap/PycharmProjects/YouTube-airflow/airflow-venv/lib/python3.8/site-packages/airflow/example_dags/example_external_task_marker_dag.py for tasks to queue
[2024-11-26T14:39:10.363-0600] {logging_mixin.py:190} INFO - [2024-11-26T14:39:10.363-0600] {dagbag.py:588} INFO - Filling up the DagBag from /Users/beprathap/PycharmProjects/YouTube-airflow/airflow-venv/lib/python3.8/site-packages/airflow/example_dags/example_external_task_marker_dag.py
[2024-11-26T14:39:10.367-0600] {processor.py:925} INFO - DAG(s) 'example_external_task_marker_child', 'example_external_task_marker_parent' retrieved from /Users/beprathap/PycharmProjects/YouTube-airflow/airflow-venv/lib/python3.8/site-packages/airflow/example_dags/example_external_task_marker_dag.py
[2024-11-26T14:39:10.397-0600] {logging_mixin.py:190} INFO - [2024-11-26T14:39:10.397-0600] {workday.py:41} WARNING - Could not import pandas. Holidays will not be considered.
[2024-11-26T14:39:10.403-0600] {logging_mixin.py:190} INFO - [2024-11-26T14:39:10.402-0600] {dag.py:3239} INFO - Sync 2 DAGs
[2024-11-26T14:39:10.406-0600] {logging_mixin.py:190} INFO - [2024-11-26T14:39:10.406-0600] {dag.py:4180} INFO - Setting next_dagrun for example_external_task_marker_child to None, run_after=None
[2024-11-26T14:39:10.407-0600] {logging_mixin.py:190} INFO - [2024-11-26T14:39:10.407-0600] {dag.py:4180} INFO - Setting next_dagrun for example_external_task_marker_parent to None, run_after=None
[2024-11-26T14:39:10.412-0600] {processor.py:208} INFO - Processing /Users/beprathap/PycharmProjects/YouTube-airflow/airflow-venv/lib/python3.8/site-packages/airflow/example_dags/example_external_task_marker_dag.py took 0.051 seconds
[2024-11-26T14:41:24.294-0600] {processor.py:186} INFO - Started process (PID=20111) to work on /Users/beprathap/PycharmProjects/YouTube-airflow/airflow-venv/lib/python3.8/site-packages/airflow/example_dags/example_external_task_marker_dag.py
[2024-11-26T14:41:24.295-0600] {processor.py:914} INFO - Processing file /Users/beprathap/PycharmProjects/YouTube-airflow/airflow-venv/lib/python3.8/site-packages/airflow/example_dags/example_external_task_marker_dag.py for tasks to queue
[2024-11-26T14:41:24.295-0600] {logging_mixin.py:190} INFO - [2024-11-26T14:41:24.295-0600] {dagbag.py:588} INFO - Filling up the DagBag from /Users/beprathap/PycharmProjects/YouTube-airflow/airflow-venv/lib/python3.8/site-packages/airflow/example_dags/example_external_task_marker_dag.py
[2024-11-26T14:41:24.299-0600] {processor.py:925} INFO - DAG(s) 'example_external_task_marker_parent', 'example_external_task_marker_child' retrieved from /Users/beprathap/PycharmProjects/YouTube-airflow/airflow-venv/lib/python3.8/site-packages/airflow/example_dags/example_external_task_marker_dag.py
[2024-11-26T14:41:24.331-0600] {logging_mixin.py:190} INFO - [2024-11-26T14:41:24.331-0600] {workday.py:41} WARNING - Could not import pandas. Holidays will not be considered.
[2024-11-26T14:41:24.335-0600] {logging_mixin.py:190} INFO - [2024-11-26T14:41:24.335-0600] {dag.py:3239} INFO - Sync 2 DAGs
[2024-11-26T14:41:24.339-0600] {logging_mixin.py:190} INFO - [2024-11-26T14:41:24.339-0600] {dag.py:4180} INFO - Setting next_dagrun for example_external_task_marker_child to None, run_after=None
[2024-11-26T14:41:24.340-0600] {logging_mixin.py:190} INFO - [2024-11-26T14:41:24.340-0600] {dag.py:4180} INFO - Setting next_dagrun for example_external_task_marker_parent to None, run_after=None
[2024-11-26T14:41:24.344-0600] {processor.py:208} INFO - Processing /Users/beprathap/PycharmProjects/YouTube-airflow/airflow-venv/lib/python3.8/site-packages/airflow/example_dags/example_external_task_marker_dag.py took 0.051 seconds
[2024-11-26T14:43:34.305-0600] {processor.py:186} INFO - Started process (PID=20349) to work on /Users/beprathap/PycharmProjects/YouTube-airflow/airflow-venv/lib/python3.8/site-packages/airflow/example_dags/example_external_task_marker_dag.py
[2024-11-26T14:43:34.305-0600] {processor.py:914} INFO - Processing file /Users/beprathap/PycharmProjects/YouTube-airflow/airflow-venv/lib/python3.8/site-packages/airflow/example_dags/example_external_task_marker_dag.py for tasks to queue
[2024-11-26T14:43:34.305-0600] {logging_mixin.py:190} INFO - [2024-11-26T14:43:34.305-0600] {dagbag.py:588} INFO - Filling up the DagBag from /Users/beprathap/PycharmProjects/YouTube-airflow/airflow-venv/lib/python3.8/site-packages/airflow/example_dags/example_external_task_marker_dag.py
[2024-11-26T14:43:34.309-0600] {processor.py:925} INFO - DAG(s) 'example_external_task_marker_parent', 'example_external_task_marker_child' retrieved from /Users/beprathap/PycharmProjects/YouTube-airflow/airflow-venv/lib/python3.8/site-packages/airflow/example_dags/example_external_task_marker_dag.py
[2024-11-26T14:43:34.343-0600] {logging_mixin.py:190} INFO - [2024-11-26T14:43:34.343-0600] {workday.py:41} WARNING - Could not import pandas. Holidays will not be considered.
[2024-11-26T14:43:34.347-0600] {logging_mixin.py:190} INFO - [2024-11-26T14:43:34.346-0600] {dag.py:3239} INFO - Sync 2 DAGs
[2024-11-26T14:43:34.350-0600] {logging_mixin.py:190} INFO - [2024-11-26T14:43:34.350-0600] {dag.py:4180} INFO - Setting next_dagrun for example_external_task_marker_child to None, run_after=None
[2024-11-26T14:43:34.351-0600] {logging_mixin.py:190} INFO - [2024-11-26T14:43:34.351-0600] {dag.py:4180} INFO - Setting next_dagrun for example_external_task_marker_parent to None, run_after=None
[2024-11-26T14:43:34.356-0600] {processor.py:208} INFO - Processing /Users/beprathap/PycharmProjects/YouTube-airflow/airflow-venv/lib/python3.8/site-packages/airflow/example_dags/example_external_task_marker_dag.py took 0.053 seconds
[2024-11-26T14:45:47.175-0600] {processor.py:186} INFO - Started process (PID=20617) to work on /Users/beprathap/PycharmProjects/YouTube-airflow/airflow-venv/lib/python3.8/site-packages/airflow/example_dags/example_external_task_marker_dag.py
[2024-11-26T14:45:47.175-0600] {processor.py:914} INFO - Processing file /Users/beprathap/PycharmProjects/YouTube-airflow/airflow-venv/lib/python3.8/site-packages/airflow/example_dags/example_external_task_marker_dag.py for tasks to queue
[2024-11-26T14:45:47.176-0600] {logging_mixin.py:190} INFO - [2024-11-26T14:45:47.176-0600] {dagbag.py:588} INFO - Filling up the DagBag from /Users/beprathap/PycharmProjects/YouTube-airflow/airflow-venv/lib/python3.8/site-packages/airflow/example_dags/example_external_task_marker_dag.py
[2024-11-26T14:45:47.179-0600] {processor.py:925} INFO - DAG(s) 'example_external_task_marker_child', 'example_external_task_marker_parent' retrieved from /Users/beprathap/PycharmProjects/YouTube-airflow/airflow-venv/lib/python3.8/site-packages/airflow/example_dags/example_external_task_marker_dag.py
[2024-11-26T14:45:47.212-0600] {logging_mixin.py:190} INFO - [2024-11-26T14:45:47.212-0600] {workday.py:41} WARNING - Could not import pandas. Holidays will not be considered.
[2024-11-26T14:45:47.217-0600] {logging_mixin.py:190} INFO - [2024-11-26T14:45:47.217-0600] {dag.py:3239} INFO - Sync 2 DAGs
[2024-11-26T14:45:47.221-0600] {logging_mixin.py:190} INFO - [2024-11-26T14:45:47.221-0600] {dag.py:4180} INFO - Setting next_dagrun for example_external_task_marker_child to None, run_after=None
[2024-11-26T14:45:47.222-0600] {logging_mixin.py:190} INFO - [2024-11-26T14:45:47.222-0600] {dag.py:4180} INFO - Setting next_dagrun for example_external_task_marker_parent to None, run_after=None
[2024-11-26T14:45:47.227-0600] {processor.py:208} INFO - Processing /Users/beprathap/PycharmProjects/YouTube-airflow/airflow-venv/lib/python3.8/site-packages/airflow/example_dags/example_external_task_marker_dag.py took 0.054 seconds
[2024-11-26T14:48:01.902-0600] {processor.py:186} INFO - Started process (PID=20881) to work on /Users/beprathap/PycharmProjects/YouTube-airflow/airflow-venv/lib/python3.8/site-packages/airflow/example_dags/example_external_task_marker_dag.py
[2024-11-26T14:48:01.902-0600] {processor.py:914} INFO - Processing file /Users/beprathap/PycharmProjects/YouTube-airflow/airflow-venv/lib/python3.8/site-packages/airflow/example_dags/example_external_task_marker_dag.py for tasks to queue
[2024-11-26T14:48:01.903-0600] {logging_mixin.py:190} INFO - [2024-11-26T14:48:01.903-0600] {dagbag.py:588} INFO - Filling up the DagBag from /Users/beprathap/PycharmProjects/YouTube-airflow/airflow-venv/lib/python3.8/site-packages/airflow/example_dags/example_external_task_marker_dag.py
[2024-11-26T14:48:01.907-0600] {processor.py:925} INFO - DAG(s) 'example_external_task_marker_parent', 'example_external_task_marker_child' retrieved from /Users/beprathap/PycharmProjects/YouTube-airflow/airflow-venv/lib/python3.8/site-packages/airflow/example_dags/example_external_task_marker_dag.py
[2024-11-26T14:48:01.940-0600] {logging_mixin.py:190} INFO - [2024-11-26T14:48:01.940-0600] {workday.py:41} WARNING - Could not import pandas. Holidays will not be considered.
[2024-11-26T14:48:01.944-0600] {logging_mixin.py:190} INFO - [2024-11-26T14:48:01.943-0600] {dag.py:3239} INFO - Sync 2 DAGs
[2024-11-26T14:48:01.948-0600] {logging_mixin.py:190} INFO - [2024-11-26T14:48:01.947-0600] {dag.py:4180} INFO - Setting next_dagrun for example_external_task_marker_child to None, run_after=None
[2024-11-26T14:48:01.948-0600] {logging_mixin.py:190} INFO - [2024-11-26T14:48:01.948-0600] {dag.py:4180} INFO - Setting next_dagrun for example_external_task_marker_parent to None, run_after=None
[2024-11-26T14:48:01.953-0600] {processor.py:208} INFO - Processing /Users/beprathap/PycharmProjects/YouTube-airflow/airflow-venv/lib/python3.8/site-packages/airflow/example_dags/example_external_task_marker_dag.py took 0.052 seconds
[2024-11-26T15:02:09.372-0600] {processor.py:186} INFO - Started process (PID=21429) to work on /Library/Frameworks/Python.framework/Versions/3.8/lib/python3.8/site-packages/airflow/example_dags/example_external_task_marker_dag.py
[2024-11-26T15:02:09.373-0600] {processor.py:914} INFO - Processing file /Library/Frameworks/Python.framework/Versions/3.8/lib/python3.8/site-packages/airflow/example_dags/example_external_task_marker_dag.py for tasks to queue
[2024-11-26T15:02:09.373-0600] {logging_mixin.py:190} INFO - [2024-11-26T15:02:09.373-0600] {dagbag.py:588} INFO - Filling up the DagBag from /Library/Frameworks/Python.framework/Versions/3.8/lib/python3.8/site-packages/airflow/example_dags/example_external_task_marker_dag.py
[2024-11-26T15:02:09.377-0600] {processor.py:925} INFO - DAG(s) 'example_external_task_marker_parent', 'example_external_task_marker_child' retrieved from /Library/Frameworks/Python.framework/Versions/3.8/lib/python3.8/site-packages/airflow/example_dags/example_external_task_marker_dag.py
[2024-11-26T15:02:09.442-0600] {logging_mixin.py:190} INFO - [2024-11-26T15:02:09.442-0600] {workday.py:41} WARNING - Could not import pandas. Holidays will not be considered.
[2024-11-26T15:02:09.449-0600] {logging_mixin.py:190} INFO - [2024-11-26T15:02:09.449-0600] {dag.py:3239} INFO - Sync 2 DAGs
[2024-11-26T15:02:09.453-0600] {logging_mixin.py:190} INFO - [2024-11-26T15:02:09.453-0600] {dag.py:4180} INFO - Setting next_dagrun for example_external_task_marker_child to None, run_after=None
[2024-11-26T15:02:09.454-0600] {logging_mixin.py:190} INFO - [2024-11-26T15:02:09.453-0600] {dag.py:4180} INFO - Setting next_dagrun for example_external_task_marker_parent to None, run_after=None
[2024-11-26T15:02:09.468-0600] {processor.py:208} INFO - Processing /Library/Frameworks/Python.framework/Versions/3.8/lib/python3.8/site-packages/airflow/example_dags/example_external_task_marker_dag.py took 0.097 seconds
[2024-11-26T15:04:32.001-0600] {processor.py:186} INFO - Started process (PID=21688) to work on /Library/Frameworks/Python.framework/Versions/3.8/lib/python3.8/site-packages/airflow/example_dags/example_external_task_marker_dag.py
[2024-11-26T15:04:32.001-0600] {processor.py:914} INFO - Processing file /Library/Frameworks/Python.framework/Versions/3.8/lib/python3.8/site-packages/airflow/example_dags/example_external_task_marker_dag.py for tasks to queue
[2024-11-26T15:04:32.002-0600] {logging_mixin.py:190} INFO - [2024-11-26T15:04:32.002-0600] {dagbag.py:588} INFO - Filling up the DagBag from /Library/Frameworks/Python.framework/Versions/3.8/lib/python3.8/site-packages/airflow/example_dags/example_external_task_marker_dag.py
[2024-11-26T15:04:32.006-0600] {processor.py:925} INFO - DAG(s) 'example_external_task_marker_parent', 'example_external_task_marker_child' retrieved from /Library/Frameworks/Python.framework/Versions/3.8/lib/python3.8/site-packages/airflow/example_dags/example_external_task_marker_dag.py
[2024-11-26T15:04:32.038-0600] {logging_mixin.py:190} INFO - [2024-11-26T15:04:32.038-0600] {workday.py:41} WARNING - Could not import pandas. Holidays will not be considered.
[2024-11-26T15:04:32.042-0600] {logging_mixin.py:190} INFO - [2024-11-26T15:04:32.042-0600] {dag.py:3239} INFO - Sync 2 DAGs
[2024-11-26T15:04:32.046-0600] {logging_mixin.py:190} INFO - [2024-11-26T15:04:32.046-0600] {dag.py:4180} INFO - Setting next_dagrun for example_external_task_marker_child to None, run_after=None
[2024-11-26T15:04:32.047-0600] {logging_mixin.py:190} INFO - [2024-11-26T15:04:32.047-0600] {dag.py:4180} INFO - Setting next_dagrun for example_external_task_marker_parent to None, run_after=None
[2024-11-26T15:04:32.052-0600] {processor.py:208} INFO - Processing /Library/Frameworks/Python.framework/Versions/3.8/lib/python3.8/site-packages/airflow/example_dags/example_external_task_marker_dag.py took 0.052 seconds
[2024-11-26T15:06:52.171-0600] {processor.py:186} INFO - Started process (PID=21940) to work on /Library/Frameworks/Python.framework/Versions/3.8/lib/python3.8/site-packages/airflow/example_dags/example_external_task_marker_dag.py
[2024-11-26T15:06:52.171-0600] {processor.py:914} INFO - Processing file /Library/Frameworks/Python.framework/Versions/3.8/lib/python3.8/site-packages/airflow/example_dags/example_external_task_marker_dag.py for tasks to queue
[2024-11-26T15:06:52.171-0600] {logging_mixin.py:190} INFO - [2024-11-26T15:06:52.171-0600] {dagbag.py:588} INFO - Filling up the DagBag from /Library/Frameworks/Python.framework/Versions/3.8/lib/python3.8/site-packages/airflow/example_dags/example_external_task_marker_dag.py
[2024-11-26T15:06:52.175-0600] {processor.py:925} INFO - DAG(s) 'example_external_task_marker_child', 'example_external_task_marker_parent' retrieved from /Library/Frameworks/Python.framework/Versions/3.8/lib/python3.8/site-packages/airflow/example_dags/example_external_task_marker_dag.py
[2024-11-26T15:06:52.207-0600] {logging_mixin.py:190} INFO - [2024-11-26T15:06:52.207-0600] {workday.py:41} WARNING - Could not import pandas. Holidays will not be considered.
[2024-11-26T15:06:52.212-0600] {logging_mixin.py:190} INFO - [2024-11-26T15:06:52.212-0600] {dag.py:3239} INFO - Sync 2 DAGs
[2024-11-26T15:06:52.216-0600] {logging_mixin.py:190} INFO - [2024-11-26T15:06:52.216-0600] {dag.py:4180} INFO - Setting next_dagrun for example_external_task_marker_child to None, run_after=None
[2024-11-26T15:06:52.217-0600] {logging_mixin.py:190} INFO - [2024-11-26T15:06:52.217-0600] {dag.py:4180} INFO - Setting next_dagrun for example_external_task_marker_parent to None, run_after=None
[2024-11-26T15:06:52.222-0600] {processor.py:208} INFO - Processing /Library/Frameworks/Python.framework/Versions/3.8/lib/python3.8/site-packages/airflow/example_dags/example_external_task_marker_dag.py took 0.053 seconds
[2024-11-26T15:17:08.590-0600] {processor.py:186} INFO - Started process (PID=22437) to work on /Library/Frameworks/Python.framework/Versions/3.8/lib/python3.8/site-packages/airflow/example_dags/example_external_task_marker_dag.py
[2024-11-26T15:17:08.591-0600] {processor.py:914} INFO - Processing file /Library/Frameworks/Python.framework/Versions/3.8/lib/python3.8/site-packages/airflow/example_dags/example_external_task_marker_dag.py for tasks to queue
[2024-11-26T15:17:08.592-0600] {logging_mixin.py:190} INFO - [2024-11-26T15:17:08.592-0600] {dagbag.py:588} INFO - Filling up the DagBag from /Library/Frameworks/Python.framework/Versions/3.8/lib/python3.8/site-packages/airflow/example_dags/example_external_task_marker_dag.py
[2024-11-26T15:17:08.596-0600] {processor.py:925} INFO - DAG(s) 'example_external_task_marker_parent', 'example_external_task_marker_child' retrieved from /Library/Frameworks/Python.framework/Versions/3.8/lib/python3.8/site-packages/airflow/example_dags/example_external_task_marker_dag.py
[2024-11-26T15:17:08.628-0600] {logging_mixin.py:190} INFO - [2024-11-26T15:17:08.628-0600] {workday.py:41} WARNING - Could not import pandas. Holidays will not be considered.
[2024-11-26T15:17:08.632-0600] {logging_mixin.py:190} INFO - [2024-11-26T15:17:08.632-0600] {dag.py:3239} INFO - Sync 2 DAGs
[2024-11-26T15:17:08.636-0600] {logging_mixin.py:190} INFO - [2024-11-26T15:17:08.636-0600] {dag.py:4180} INFO - Setting next_dagrun for example_external_task_marker_child to None, run_after=None
[2024-11-26T15:17:08.637-0600] {logging_mixin.py:190} INFO - [2024-11-26T15:17:08.637-0600] {dag.py:4180} INFO - Setting next_dagrun for example_external_task_marker_parent to None, run_after=None
[2024-11-26T15:17:08.641-0600] {processor.py:208} INFO - Processing /Library/Frameworks/Python.framework/Versions/3.8/lib/python3.8/site-packages/airflow/example_dags/example_external_task_marker_dag.py took 0.052 seconds
[2024-11-26T15:19:23.205-0600] {processor.py:186} INFO - Started process (PID=22700) to work on /Library/Frameworks/Python.framework/Versions/3.8/lib/python3.8/site-packages/airflow/example_dags/example_external_task_marker_dag.py
[2024-11-26T15:19:23.205-0600] {processor.py:914} INFO - Processing file /Library/Frameworks/Python.framework/Versions/3.8/lib/python3.8/site-packages/airflow/example_dags/example_external_task_marker_dag.py for tasks to queue
[2024-11-26T15:19:23.206-0600] {logging_mixin.py:190} INFO - [2024-11-26T15:19:23.206-0600] {dagbag.py:588} INFO - Filling up the DagBag from /Library/Frameworks/Python.framework/Versions/3.8/lib/python3.8/site-packages/airflow/example_dags/example_external_task_marker_dag.py
[2024-11-26T15:19:23.209-0600] {processor.py:925} INFO - DAG(s) 'example_external_task_marker_child', 'example_external_task_marker_parent' retrieved from /Library/Frameworks/Python.framework/Versions/3.8/lib/python3.8/site-packages/airflow/example_dags/example_external_task_marker_dag.py
[2024-11-26T15:19:23.241-0600] {logging_mixin.py:190} INFO - [2024-11-26T15:19:23.240-0600] {workday.py:41} WARNING - Could not import pandas. Holidays will not be considered.
[2024-11-26T15:19:23.246-0600] {logging_mixin.py:190} INFO - [2024-11-26T15:19:23.246-0600] {dag.py:3239} INFO - Sync 2 DAGs
[2024-11-26T15:19:23.250-0600] {logging_mixin.py:190} INFO - [2024-11-26T15:19:23.250-0600] {dag.py:4180} INFO - Setting next_dagrun for example_external_task_marker_child to None, run_after=None
[2024-11-26T15:19:23.251-0600] {logging_mixin.py:190} INFO - [2024-11-26T15:19:23.251-0600] {dag.py:4180} INFO - Setting next_dagrun for example_external_task_marker_parent to None, run_after=None
[2024-11-26T15:19:23.256-0600] {processor.py:208} INFO - Processing /Library/Frameworks/Python.framework/Versions/3.8/lib/python3.8/site-packages/airflow/example_dags/example_external_task_marker_dag.py took 0.052 seconds
[2024-11-26T15:21:35.301-0600] {processor.py:186} INFO - Started process (PID=22957) to work on /Library/Frameworks/Python.framework/Versions/3.8/lib/python3.8/site-packages/airflow/example_dags/example_external_task_marker_dag.py
[2024-11-26T15:21:35.302-0600] {processor.py:914} INFO - Processing file /Library/Frameworks/Python.framework/Versions/3.8/lib/python3.8/site-packages/airflow/example_dags/example_external_task_marker_dag.py for tasks to queue
[2024-11-26T15:21:35.302-0600] {logging_mixin.py:190} INFO - [2024-11-26T15:21:35.302-0600] {dagbag.py:588} INFO - Filling up the DagBag from /Library/Frameworks/Python.framework/Versions/3.8/lib/python3.8/site-packages/airflow/example_dags/example_external_task_marker_dag.py
[2024-11-26T15:21:35.306-0600] {processor.py:925} INFO - DAG(s) 'example_external_task_marker_parent', 'example_external_task_marker_child' retrieved from /Library/Frameworks/Python.framework/Versions/3.8/lib/python3.8/site-packages/airflow/example_dags/example_external_task_marker_dag.py
[2024-11-26T15:21:35.339-0600] {logging_mixin.py:190} INFO - [2024-11-26T15:21:35.339-0600] {workday.py:41} WARNING - Could not import pandas. Holidays will not be considered.
[2024-11-26T15:21:35.343-0600] {logging_mixin.py:190} INFO - [2024-11-26T15:21:35.343-0600] {dag.py:3239} INFO - Sync 2 DAGs
[2024-11-26T15:21:35.347-0600] {logging_mixin.py:190} INFO - [2024-11-26T15:21:35.347-0600] {dag.py:4180} INFO - Setting next_dagrun for example_external_task_marker_child to None, run_after=None
[2024-11-26T15:21:35.348-0600] {logging_mixin.py:190} INFO - [2024-11-26T15:21:35.347-0600] {dag.py:4180} INFO - Setting next_dagrun for example_external_task_marker_parent to None, run_after=None
[2024-11-26T15:21:35.352-0600] {processor.py:208} INFO - Processing /Library/Frameworks/Python.framework/Versions/3.8/lib/python3.8/site-packages/airflow/example_dags/example_external_task_marker_dag.py took 0.052 seconds
[2024-11-26T15:23:52.216-0600] {processor.py:186} INFO - Started process (PID=23232) to work on /Library/Frameworks/Python.framework/Versions/3.8/lib/python3.8/site-packages/airflow/example_dags/example_external_task_marker_dag.py
[2024-11-26T15:23:52.217-0600] {processor.py:914} INFO - Processing file /Library/Frameworks/Python.framework/Versions/3.8/lib/python3.8/site-packages/airflow/example_dags/example_external_task_marker_dag.py for tasks to queue
[2024-11-26T15:23:52.217-0600] {logging_mixin.py:190} INFO - [2024-11-26T15:23:52.217-0600] {dagbag.py:588} INFO - Filling up the DagBag from /Library/Frameworks/Python.framework/Versions/3.8/lib/python3.8/site-packages/airflow/example_dags/example_external_task_marker_dag.py
[2024-11-26T15:23:52.221-0600] {processor.py:925} INFO - DAG(s) 'example_external_task_marker_child', 'example_external_task_marker_parent' retrieved from /Library/Frameworks/Python.framework/Versions/3.8/lib/python3.8/site-packages/airflow/example_dags/example_external_task_marker_dag.py
[2024-11-26T15:23:52.252-0600] {logging_mixin.py:190} INFO - [2024-11-26T15:23:52.252-0600] {workday.py:41} WARNING - Could not import pandas. Holidays will not be considered.
[2024-11-26T15:23:52.258-0600] {logging_mixin.py:190} INFO - [2024-11-26T15:23:52.258-0600] {dag.py:3239} INFO - Sync 2 DAGs
[2024-11-26T15:23:52.262-0600] {logging_mixin.py:190} INFO - [2024-11-26T15:23:52.262-0600] {dag.py:4180} INFO - Setting next_dagrun for example_external_task_marker_child to None, run_after=None
[2024-11-26T15:23:52.263-0600] {logging_mixin.py:190} INFO - [2024-11-26T15:23:52.263-0600] {dag.py:4180} INFO - Setting next_dagrun for example_external_task_marker_parent to None, run_after=None
[2024-11-26T15:23:52.268-0600] {processor.py:208} INFO - Processing /Library/Frameworks/Python.framework/Versions/3.8/lib/python3.8/site-packages/airflow/example_dags/example_external_task_marker_dag.py took 0.053 seconds
[2024-11-26T15:34:01.531-0600] {processor.py:186} INFO - Started process (PID=23529) to work on /Library/Frameworks/Python.framework/Versions/3.8/lib/python3.8/site-packages/airflow/example_dags/example_external_task_marker_dag.py
[2024-11-26T15:34:01.532-0600] {processor.py:914} INFO - Processing file /Library/Frameworks/Python.framework/Versions/3.8/lib/python3.8/site-packages/airflow/example_dags/example_external_task_marker_dag.py for tasks to queue
[2024-11-26T15:34:01.532-0600] {logging_mixin.py:190} INFO - [2024-11-26T15:34:01.532-0600] {dagbag.py:588} INFO - Filling up the DagBag from /Library/Frameworks/Python.framework/Versions/3.8/lib/python3.8/site-packages/airflow/example_dags/example_external_task_marker_dag.py
[2024-11-26T15:34:01.536-0600] {processor.py:925} INFO - DAG(s) 'example_external_task_marker_child', 'example_external_task_marker_parent' retrieved from /Library/Frameworks/Python.framework/Versions/3.8/lib/python3.8/site-packages/airflow/example_dags/example_external_task_marker_dag.py
[2024-11-26T15:34:01.567-0600] {logging_mixin.py:190} INFO - [2024-11-26T15:34:01.567-0600] {workday.py:41} WARNING - Could not import pandas. Holidays will not be considered.
[2024-11-26T15:34:01.573-0600] {logging_mixin.py:190} INFO - [2024-11-26T15:34:01.573-0600] {dag.py:3239} INFO - Sync 2 DAGs
[2024-11-26T15:34:01.577-0600] {logging_mixin.py:190} INFO - [2024-11-26T15:34:01.577-0600] {dag.py:4180} INFO - Setting next_dagrun for example_external_task_marker_child to None, run_after=None
[2024-11-26T15:34:01.578-0600] {logging_mixin.py:190} INFO - [2024-11-26T15:34:01.578-0600] {dag.py:4180} INFO - Setting next_dagrun for example_external_task_marker_parent to None, run_after=None
[2024-11-26T15:34:01.582-0600] {processor.py:208} INFO - Processing /Library/Frameworks/Python.framework/Versions/3.8/lib/python3.8/site-packages/airflow/example_dags/example_external_task_marker_dag.py took 0.052 seconds
[2024-11-26T15:36:19.081-0600] {processor.py:186} INFO - Started process (PID=23793) to work on /Library/Frameworks/Python.framework/Versions/3.8/lib/python3.8/site-packages/airflow/example_dags/example_external_task_marker_dag.py
[2024-11-26T15:36:19.081-0600] {processor.py:914} INFO - Processing file /Library/Frameworks/Python.framework/Versions/3.8/lib/python3.8/site-packages/airflow/example_dags/example_external_task_marker_dag.py for tasks to queue
[2024-11-26T15:36:19.081-0600] {logging_mixin.py:190} INFO - [2024-11-26T15:36:19.081-0600] {dagbag.py:588} INFO - Filling up the DagBag from /Library/Frameworks/Python.framework/Versions/3.8/lib/python3.8/site-packages/airflow/example_dags/example_external_task_marker_dag.py
[2024-11-26T15:36:19.087-0600] {processor.py:925} INFO - DAG(s) 'example_external_task_marker_parent', 'example_external_task_marker_child' retrieved from /Library/Frameworks/Python.framework/Versions/3.8/lib/python3.8/site-packages/airflow/example_dags/example_external_task_marker_dag.py
[2024-11-26T15:36:19.120-0600] {logging_mixin.py:190} INFO - [2024-11-26T15:36:19.120-0600] {workday.py:41} WARNING - Could not import pandas. Holidays will not be considered.
[2024-11-26T15:36:19.124-0600] {logging_mixin.py:190} INFO - [2024-11-26T15:36:19.124-0600] {dag.py:3239} INFO - Sync 2 DAGs
[2024-11-26T15:36:19.128-0600] {logging_mixin.py:190} INFO - [2024-11-26T15:36:19.128-0600] {dag.py:4180} INFO - Setting next_dagrun for example_external_task_marker_child to None, run_after=None
[2024-11-26T15:36:19.129-0600] {logging_mixin.py:190} INFO - [2024-11-26T15:36:19.129-0600] {dag.py:4180} INFO - Setting next_dagrun for example_external_task_marker_parent to None, run_after=None
[2024-11-26T15:36:19.134-0600] {processor.py:208} INFO - Processing /Library/Frameworks/Python.framework/Versions/3.8/lib/python3.8/site-packages/airflow/example_dags/example_external_task_marker_dag.py took 0.054 seconds
[2024-11-26T15:38:36.593-0600] {processor.py:186} INFO - Started process (PID=24051) to work on /Library/Frameworks/Python.framework/Versions/3.8/lib/python3.8/site-packages/airflow/example_dags/example_external_task_marker_dag.py
[2024-11-26T15:38:36.593-0600] {processor.py:914} INFO - Processing file /Library/Frameworks/Python.framework/Versions/3.8/lib/python3.8/site-packages/airflow/example_dags/example_external_task_marker_dag.py for tasks to queue
[2024-11-26T15:38:36.593-0600] {logging_mixin.py:190} INFO - [2024-11-26T15:38:36.593-0600] {dagbag.py:588} INFO - Filling up the DagBag from /Library/Frameworks/Python.framework/Versions/3.8/lib/python3.8/site-packages/airflow/example_dags/example_external_task_marker_dag.py
[2024-11-26T15:38:36.598-0600] {processor.py:925} INFO - DAG(s) 'example_external_task_marker_parent', 'example_external_task_marker_child' retrieved from /Library/Frameworks/Python.framework/Versions/3.8/lib/python3.8/site-packages/airflow/example_dags/example_external_task_marker_dag.py
[2024-11-26T15:38:36.632-0600] {logging_mixin.py:190} INFO - [2024-11-26T15:38:36.632-0600] {workday.py:41} WARNING - Could not import pandas. Holidays will not be considered.
[2024-11-26T15:38:36.636-0600] {logging_mixin.py:190} INFO - [2024-11-26T15:38:36.636-0600] {dag.py:3239} INFO - Sync 2 DAGs
[2024-11-26T15:38:36.640-0600] {logging_mixin.py:190} INFO - [2024-11-26T15:38:36.640-0600] {dag.py:4180} INFO - Setting next_dagrun for example_external_task_marker_child to None, run_after=None
[2024-11-26T15:38:36.641-0600] {logging_mixin.py:190} INFO - [2024-11-26T15:38:36.641-0600] {dag.py:4180} INFO - Setting next_dagrun for example_external_task_marker_parent to None, run_after=None
[2024-11-26T15:38:36.646-0600] {processor.py:208} INFO - Processing /Library/Frameworks/Python.framework/Versions/3.8/lib/python3.8/site-packages/airflow/example_dags/example_external_task_marker_dag.py took 0.054 seconds
[2024-11-26T15:40:49.726-0600] {processor.py:186} INFO - Started process (PID=24312) to work on /Library/Frameworks/Python.framework/Versions/3.8/lib/python3.8/site-packages/airflow/example_dags/example_external_task_marker_dag.py
[2024-11-26T15:40:49.727-0600] {processor.py:914} INFO - Processing file /Library/Frameworks/Python.framework/Versions/3.8/lib/python3.8/site-packages/airflow/example_dags/example_external_task_marker_dag.py for tasks to queue
[2024-11-26T15:40:49.727-0600] {logging_mixin.py:190} INFO - [2024-11-26T15:40:49.727-0600] {dagbag.py:588} INFO - Filling up the DagBag from /Library/Frameworks/Python.framework/Versions/3.8/lib/python3.8/site-packages/airflow/example_dags/example_external_task_marker_dag.py
[2024-11-26T15:40:49.732-0600] {processor.py:925} INFO - DAG(s) 'example_external_task_marker_child', 'example_external_task_marker_parent' retrieved from /Library/Frameworks/Python.framework/Versions/3.8/lib/python3.8/site-packages/airflow/example_dags/example_external_task_marker_dag.py
[2024-11-26T15:40:49.763-0600] {logging_mixin.py:190} INFO - [2024-11-26T15:40:49.763-0600] {workday.py:41} WARNING - Could not import pandas. Holidays will not be considered.
[2024-11-26T15:40:49.769-0600] {logging_mixin.py:190} INFO - [2024-11-26T15:40:49.769-0600] {dag.py:3239} INFO - Sync 2 DAGs
[2024-11-26T15:40:49.773-0600] {logging_mixin.py:190} INFO - [2024-11-26T15:40:49.773-0600] {dag.py:4180} INFO - Setting next_dagrun for example_external_task_marker_child to None, run_after=None
[2024-11-26T15:40:49.774-0600] {logging_mixin.py:190} INFO - [2024-11-26T15:40:49.774-0600] {dag.py:4180} INFO - Setting next_dagrun for example_external_task_marker_parent to None, run_after=None
[2024-11-26T15:40:49.778-0600] {processor.py:208} INFO - Processing /Library/Frameworks/Python.framework/Versions/3.8/lib/python3.8/site-packages/airflow/example_dags/example_external_task_marker_dag.py took 0.054 seconds
[2024-11-26T15:43:05.134-0600] {processor.py:186} INFO - Started process (PID=24559) to work on /Library/Frameworks/Python.framework/Versions/3.8/lib/python3.8/site-packages/airflow/example_dags/example_external_task_marker_dag.py
[2024-11-26T15:43:05.134-0600] {processor.py:914} INFO - Processing file /Library/Frameworks/Python.framework/Versions/3.8/lib/python3.8/site-packages/airflow/example_dags/example_external_task_marker_dag.py for tasks to queue
[2024-11-26T15:43:05.135-0600] {logging_mixin.py:190} INFO - [2024-11-26T15:43:05.135-0600] {dagbag.py:588} INFO - Filling up the DagBag from /Library/Frameworks/Python.framework/Versions/3.8/lib/python3.8/site-packages/airflow/example_dags/example_external_task_marker_dag.py
[2024-11-26T15:43:05.139-0600] {processor.py:925} INFO - DAG(s) 'example_external_task_marker_child', 'example_external_task_marker_parent' retrieved from /Library/Frameworks/Python.framework/Versions/3.8/lib/python3.8/site-packages/airflow/example_dags/example_external_task_marker_dag.py
[2024-11-26T15:43:05.170-0600] {logging_mixin.py:190} INFO - [2024-11-26T15:43:05.170-0600] {workday.py:41} WARNING - Could not import pandas. Holidays will not be considered.
[2024-11-26T15:43:05.176-0600] {logging_mixin.py:190} INFO - [2024-11-26T15:43:05.176-0600] {dag.py:3239} INFO - Sync 2 DAGs
[2024-11-26T15:43:05.180-0600] {logging_mixin.py:190} INFO - [2024-11-26T15:43:05.180-0600] {dag.py:4180} INFO - Setting next_dagrun for example_external_task_marker_child to None, run_after=None
[2024-11-26T15:43:05.181-0600] {logging_mixin.py:190} INFO - [2024-11-26T15:43:05.181-0600] {dag.py:4180} INFO - Setting next_dagrun for example_external_task_marker_parent to None, run_after=None
[2024-11-26T15:43:05.186-0600] {processor.py:208} INFO - Processing /Library/Frameworks/Python.framework/Versions/3.8/lib/python3.8/site-packages/airflow/example_dags/example_external_task_marker_dag.py took 0.053 seconds
[2024-11-26T15:45:22.768-0600] {processor.py:186} INFO - Started process (PID=24812) to work on /Library/Frameworks/Python.framework/Versions/3.8/lib/python3.8/site-packages/airflow/example_dags/example_external_task_marker_dag.py
[2024-11-26T15:45:22.769-0600] {processor.py:914} INFO - Processing file /Library/Frameworks/Python.framework/Versions/3.8/lib/python3.8/site-packages/airflow/example_dags/example_external_task_marker_dag.py for tasks to queue
[2024-11-26T15:45:22.769-0600] {logging_mixin.py:190} INFO - [2024-11-26T15:45:22.769-0600] {dagbag.py:588} INFO - Filling up the DagBag from /Library/Frameworks/Python.framework/Versions/3.8/lib/python3.8/site-packages/airflow/example_dags/example_external_task_marker_dag.py
[2024-11-26T15:45:22.774-0600] {processor.py:925} INFO - DAG(s) 'example_external_task_marker_child', 'example_external_task_marker_parent' retrieved from /Library/Frameworks/Python.framework/Versions/3.8/lib/python3.8/site-packages/airflow/example_dags/example_external_task_marker_dag.py
[2024-11-26T15:45:22.805-0600] {logging_mixin.py:190} INFO - [2024-11-26T15:45:22.805-0600] {workday.py:41} WARNING - Could not import pandas. Holidays will not be considered.
[2024-11-26T15:45:22.811-0600] {logging_mixin.py:190} INFO - [2024-11-26T15:45:22.811-0600] {dag.py:3239} INFO - Sync 2 DAGs
[2024-11-26T15:45:22.815-0600] {logging_mixin.py:190} INFO - [2024-11-26T15:45:22.815-0600] {dag.py:4180} INFO - Setting next_dagrun for example_external_task_marker_child to None, run_after=None
[2024-11-26T15:45:22.816-0600] {logging_mixin.py:190} INFO - [2024-11-26T15:45:22.815-0600] {dag.py:4180} INFO - Setting next_dagrun for example_external_task_marker_parent to None, run_after=None
[2024-11-26T15:45:22.820-0600] {processor.py:208} INFO - Processing /Library/Frameworks/Python.framework/Versions/3.8/lib/python3.8/site-packages/airflow/example_dags/example_external_task_marker_dag.py took 0.053 seconds
[2024-11-26T15:47:33.726-0600] {processor.py:186} INFO - Started process (PID=25064) to work on /Library/Frameworks/Python.framework/Versions/3.8/lib/python3.8/site-packages/airflow/example_dags/example_external_task_marker_dag.py
[2024-11-26T15:47:33.727-0600] {processor.py:914} INFO - Processing file /Library/Frameworks/Python.framework/Versions/3.8/lib/python3.8/site-packages/airflow/example_dags/example_external_task_marker_dag.py for tasks to queue
[2024-11-26T15:47:33.727-0600] {logging_mixin.py:190} INFO - [2024-11-26T15:47:33.727-0600] {dagbag.py:588} INFO - Filling up the DagBag from /Library/Frameworks/Python.framework/Versions/3.8/lib/python3.8/site-packages/airflow/example_dags/example_external_task_marker_dag.py
[2024-11-26T15:47:33.731-0600] {processor.py:925} INFO - DAG(s) 'example_external_task_marker_parent', 'example_external_task_marker_child' retrieved from /Library/Frameworks/Python.framework/Versions/3.8/lib/python3.8/site-packages/airflow/example_dags/example_external_task_marker_dag.py
[2024-11-26T15:47:33.764-0600] {logging_mixin.py:190} INFO - [2024-11-26T15:47:33.764-0600] {workday.py:41} WARNING - Could not import pandas. Holidays will not be considered.
[2024-11-26T15:47:33.768-0600] {logging_mixin.py:190} INFO - [2024-11-26T15:47:33.768-0600] {dag.py:3239} INFO - Sync 2 DAGs
[2024-11-26T15:47:33.772-0600] {logging_mixin.py:190} INFO - [2024-11-26T15:47:33.772-0600] {dag.py:4180} INFO - Setting next_dagrun for example_external_task_marker_child to None, run_after=None
[2024-11-26T15:47:33.773-0600] {logging_mixin.py:190} INFO - [2024-11-26T15:47:33.773-0600] {dag.py:4180} INFO - Setting next_dagrun for example_external_task_marker_parent to None, run_after=None
[2024-11-26T15:47:33.778-0600] {processor.py:208} INFO - Processing /Library/Frameworks/Python.framework/Versions/3.8/lib/python3.8/site-packages/airflow/example_dags/example_external_task_marker_dag.py took 0.053 seconds
[2024-11-26T15:49:46.065-0600] {processor.py:186} INFO - Started process (PID=25322) to work on /Library/Frameworks/Python.framework/Versions/3.8/lib/python3.8/site-packages/airflow/example_dags/example_external_task_marker_dag.py
[2024-11-26T15:49:46.066-0600] {processor.py:914} INFO - Processing file /Library/Frameworks/Python.framework/Versions/3.8/lib/python3.8/site-packages/airflow/example_dags/example_external_task_marker_dag.py for tasks to queue
[2024-11-26T15:49:46.067-0600] {logging_mixin.py:190} INFO - [2024-11-26T15:49:46.067-0600] {dagbag.py:588} INFO - Filling up the DagBag from /Library/Frameworks/Python.framework/Versions/3.8/lib/python3.8/site-packages/airflow/example_dags/example_external_task_marker_dag.py
[2024-11-26T15:49:46.071-0600] {processor.py:925} INFO - DAG(s) 'example_external_task_marker_parent', 'example_external_task_marker_child' retrieved from /Library/Frameworks/Python.framework/Versions/3.8/lib/python3.8/site-packages/airflow/example_dags/example_external_task_marker_dag.py
[2024-11-26T15:49:46.104-0600] {logging_mixin.py:190} INFO - [2024-11-26T15:49:46.104-0600] {workday.py:41} WARNING - Could not import pandas. Holidays will not be considered.
[2024-11-26T15:49:46.108-0600] {logging_mixin.py:190} INFO - [2024-11-26T15:49:46.108-0600] {dag.py:3239} INFO - Sync 2 DAGs
[2024-11-26T15:49:46.112-0600] {logging_mixin.py:190} INFO - [2024-11-26T15:49:46.112-0600] {dag.py:4180} INFO - Setting next_dagrun for example_external_task_marker_child to None, run_after=None
[2024-11-26T15:49:46.113-0600] {logging_mixin.py:190} INFO - [2024-11-26T15:49:46.113-0600] {dag.py:4180} INFO - Setting next_dagrun for example_external_task_marker_parent to None, run_after=None
[2024-11-26T15:49:46.117-0600] {processor.py:208} INFO - Processing /Library/Frameworks/Python.framework/Versions/3.8/lib/python3.8/site-packages/airflow/example_dags/example_external_task_marker_dag.py took 0.053 seconds
[2024-11-26T15:51:21.722-0600] {processor.py:186} INFO - Started process (PID=25511) to work on /Library/Frameworks/Python.framework/Versions/3.8/lib/python3.8/site-packages/airflow/example_dags/example_external_task_marker_dag.py
[2024-11-26T15:51:21.722-0600] {processor.py:914} INFO - Processing file /Library/Frameworks/Python.framework/Versions/3.8/lib/python3.8/site-packages/airflow/example_dags/example_external_task_marker_dag.py for tasks to queue
[2024-11-26T15:51:21.723-0600] {logging_mixin.py:190} INFO - [2024-11-26T15:51:21.723-0600] {dagbag.py:588} INFO - Filling up the DagBag from /Library/Frameworks/Python.framework/Versions/3.8/lib/python3.8/site-packages/airflow/example_dags/example_external_task_marker_dag.py
[2024-11-26T15:51:21.728-0600] {processor.py:925} INFO - DAG(s) 'example_external_task_marker_child', 'example_external_task_marker_parent' retrieved from /Library/Frameworks/Python.framework/Versions/3.8/lib/python3.8/site-packages/airflow/example_dags/example_external_task_marker_dag.py
[2024-11-26T15:51:21.760-0600] {logging_mixin.py:190} INFO - [2024-11-26T15:51:21.760-0600] {workday.py:41} WARNING - Could not import pandas. Holidays will not be considered.
[2024-11-26T15:51:21.766-0600] {logging_mixin.py:190} INFO - [2024-11-26T15:51:21.766-0600] {dag.py:3239} INFO - Sync 2 DAGs
[2024-11-26T15:51:21.770-0600] {logging_mixin.py:190} INFO - [2024-11-26T15:51:21.770-0600] {dag.py:4180} INFO - Setting next_dagrun for example_external_task_marker_child to None, run_after=None
[2024-11-26T15:51:21.771-0600] {logging_mixin.py:190} INFO - [2024-11-26T15:51:21.771-0600] {dag.py:4180} INFO - Setting next_dagrun for example_external_task_marker_parent to None, run_after=None
[2024-11-26T15:51:21.776-0600] {processor.py:208} INFO - Processing /Library/Frameworks/Python.framework/Versions/3.8/lib/python3.8/site-packages/airflow/example_dags/example_external_task_marker_dag.py took 0.055 seconds
[2024-11-26T15:53:40.642-0600] {processor.py:186} INFO - Started process (PID=25758) to work on /Library/Frameworks/Python.framework/Versions/3.8/lib/python3.8/site-packages/airflow/example_dags/example_external_task_marker_dag.py
[2024-11-26T15:53:40.643-0600] {processor.py:914} INFO - Processing file /Library/Frameworks/Python.framework/Versions/3.8/lib/python3.8/site-packages/airflow/example_dags/example_external_task_marker_dag.py for tasks to queue
[2024-11-26T15:53:40.643-0600] {logging_mixin.py:190} INFO - [2024-11-26T15:53:40.643-0600] {dagbag.py:588} INFO - Filling up the DagBag from /Library/Frameworks/Python.framework/Versions/3.8/lib/python3.8/site-packages/airflow/example_dags/example_external_task_marker_dag.py
[2024-11-26T15:53:40.648-0600] {processor.py:925} INFO - DAG(s) 'example_external_task_marker_child', 'example_external_task_marker_parent' retrieved from /Library/Frameworks/Python.framework/Versions/3.8/lib/python3.8/site-packages/airflow/example_dags/example_external_task_marker_dag.py
[2024-11-26T15:53:40.684-0600] {logging_mixin.py:190} INFO - [2024-11-26T15:53:40.684-0600] {workday.py:41} WARNING - Could not import pandas. Holidays will not be considered.
[2024-11-26T15:53:40.691-0600] {logging_mixin.py:190} INFO - [2024-11-26T15:53:40.691-0600] {dag.py:3239} INFO - Sync 2 DAGs
[2024-11-26T15:53:40.696-0600] {logging_mixin.py:190} INFO - [2024-11-26T15:53:40.696-0600] {dag.py:4180} INFO - Setting next_dagrun for example_external_task_marker_child to None, run_after=None
[2024-11-26T15:53:40.697-0600] {logging_mixin.py:190} INFO - [2024-11-26T15:53:40.697-0600] {dag.py:4180} INFO - Setting next_dagrun for example_external_task_marker_parent to None, run_after=None
[2024-11-26T15:53:40.702-0600] {processor.py:208} INFO - Processing /Library/Frameworks/Python.framework/Versions/3.8/lib/python3.8/site-packages/airflow/example_dags/example_external_task_marker_dag.py took 0.062 seconds
[2024-11-26T15:56:02.104-0600] {processor.py:186} INFO - Started process (PID=26059) to work on /Library/Frameworks/Python.framework/Versions/3.8/lib/python3.8/site-packages/airflow/example_dags/example_external_task_marker_dag.py
[2024-11-26T15:56:02.105-0600] {processor.py:914} INFO - Processing file /Library/Frameworks/Python.framework/Versions/3.8/lib/python3.8/site-packages/airflow/example_dags/example_external_task_marker_dag.py for tasks to queue
[2024-11-26T15:56:02.105-0600] {logging_mixin.py:190} INFO - [2024-11-26T15:56:02.105-0600] {dagbag.py:588} INFO - Filling up the DagBag from /Library/Frameworks/Python.framework/Versions/3.8/lib/python3.8/site-packages/airflow/example_dags/example_external_task_marker_dag.py
[2024-11-26T15:56:02.109-0600] {processor.py:925} INFO - DAG(s) 'example_external_task_marker_child', 'example_external_task_marker_parent' retrieved from /Library/Frameworks/Python.framework/Versions/3.8/lib/python3.8/site-packages/airflow/example_dags/example_external_task_marker_dag.py
[2024-11-26T15:56:02.141-0600] {logging_mixin.py:190} INFO - [2024-11-26T15:56:02.141-0600] {workday.py:41} WARNING - Could not import pandas. Holidays will not be considered.
[2024-11-26T15:56:02.147-0600] {logging_mixin.py:190} INFO - [2024-11-26T15:56:02.147-0600] {dag.py:3239} INFO - Sync 2 DAGs
[2024-11-26T15:56:02.151-0600] {logging_mixin.py:190} INFO - [2024-11-26T15:56:02.151-0600] {dag.py:4180} INFO - Setting next_dagrun for example_external_task_marker_child to None, run_after=None
[2024-11-26T15:56:02.152-0600] {logging_mixin.py:190} INFO - [2024-11-26T15:56:02.151-0600] {dag.py:4180} INFO - Setting next_dagrun for example_external_task_marker_parent to None, run_after=None
[2024-11-26T15:56:02.156-0600] {processor.py:208} INFO - Processing /Library/Frameworks/Python.framework/Versions/3.8/lib/python3.8/site-packages/airflow/example_dags/example_external_task_marker_dag.py took 0.054 seconds
[2024-11-26T15:58:20.242-0600] {processor.py:186} INFO - Started process (PID=26328) to work on /Library/Frameworks/Python.framework/Versions/3.8/lib/python3.8/site-packages/airflow/example_dags/example_external_task_marker_dag.py
[2024-11-26T15:58:20.243-0600] {processor.py:914} INFO - Processing file /Library/Frameworks/Python.framework/Versions/3.8/lib/python3.8/site-packages/airflow/example_dags/example_external_task_marker_dag.py for tasks to queue
[2024-11-26T15:58:20.244-0600] {logging_mixin.py:190} INFO - [2024-11-26T15:58:20.244-0600] {dagbag.py:588} INFO - Filling up the DagBag from /Library/Frameworks/Python.framework/Versions/3.8/lib/python3.8/site-packages/airflow/example_dags/example_external_task_marker_dag.py
[2024-11-26T15:58:20.248-0600] {processor.py:925} INFO - DAG(s) 'example_external_task_marker_parent', 'example_external_task_marker_child' retrieved from /Library/Frameworks/Python.framework/Versions/3.8/lib/python3.8/site-packages/airflow/example_dags/example_external_task_marker_dag.py
[2024-11-26T15:58:20.281-0600] {logging_mixin.py:190} INFO - [2024-11-26T15:58:20.281-0600] {workday.py:41} WARNING - Could not import pandas. Holidays will not be considered.
[2024-11-26T15:58:20.285-0600] {logging_mixin.py:190} INFO - [2024-11-26T15:58:20.285-0600] {dag.py:3239} INFO - Sync 2 DAGs
[2024-11-26T15:58:20.289-0600] {logging_mixin.py:190} INFO - [2024-11-26T15:58:20.289-0600] {dag.py:4180} INFO - Setting next_dagrun for example_external_task_marker_child to None, run_after=None
[2024-11-26T15:58:20.290-0600] {logging_mixin.py:190} INFO - [2024-11-26T15:58:20.290-0600] {dag.py:4180} INFO - Setting next_dagrun for example_external_task_marker_parent to None, run_after=None
[2024-11-26T15:58:20.294-0600] {processor.py:208} INFO - Processing /Library/Frameworks/Python.framework/Versions/3.8/lib/python3.8/site-packages/airflow/example_dags/example_external_task_marker_dag.py took 0.053 seconds
[2024-11-26T16:00:35.803-0600] {processor.py:186} INFO - Started process (PID=26612) to work on /Library/Frameworks/Python.framework/Versions/3.8/lib/python3.8/site-packages/airflow/example_dags/example_external_task_marker_dag.py
[2024-11-26T16:00:35.804-0600] {processor.py:914} INFO - Processing file /Library/Frameworks/Python.framework/Versions/3.8/lib/python3.8/site-packages/airflow/example_dags/example_external_task_marker_dag.py for tasks to queue
[2024-11-26T16:00:35.804-0600] {logging_mixin.py:190} INFO - [2024-11-26T16:00:35.804-0600] {dagbag.py:588} INFO - Filling up the DagBag from /Library/Frameworks/Python.framework/Versions/3.8/lib/python3.8/site-packages/airflow/example_dags/example_external_task_marker_dag.py
[2024-11-26T16:00:35.808-0600] {processor.py:925} INFO - DAG(s) 'example_external_task_marker_child', 'example_external_task_marker_parent' retrieved from /Library/Frameworks/Python.framework/Versions/3.8/lib/python3.8/site-packages/airflow/example_dags/example_external_task_marker_dag.py
[2024-11-26T16:00:35.840-0600] {logging_mixin.py:190} INFO - [2024-11-26T16:00:35.839-0600] {workday.py:41} WARNING - Could not import pandas. Holidays will not be considered.
[2024-11-26T16:00:35.845-0600] {logging_mixin.py:190} INFO - [2024-11-26T16:00:35.845-0600] {dag.py:3239} INFO - Sync 2 DAGs
[2024-11-26T16:00:35.849-0600] {logging_mixin.py:190} INFO - [2024-11-26T16:00:35.849-0600] {dag.py:4180} INFO - Setting next_dagrun for example_external_task_marker_child to None, run_after=None
[2024-11-26T16:00:35.850-0600] {logging_mixin.py:190} INFO - [2024-11-26T16:00:35.850-0600] {dag.py:4180} INFO - Setting next_dagrun for example_external_task_marker_parent to None, run_after=None
[2024-11-26T16:00:35.855-0600] {processor.py:208} INFO - Processing /Library/Frameworks/Python.framework/Versions/3.8/lib/python3.8/site-packages/airflow/example_dags/example_external_task_marker_dag.py took 0.053 seconds
[2024-11-26T16:02:50.612-0600] {processor.py:186} INFO - Started process (PID=26868) to work on /Library/Frameworks/Python.framework/Versions/3.8/lib/python3.8/site-packages/airflow/example_dags/example_external_task_marker_dag.py
[2024-11-26T16:02:50.612-0600] {processor.py:914} INFO - Processing file /Library/Frameworks/Python.framework/Versions/3.8/lib/python3.8/site-packages/airflow/example_dags/example_external_task_marker_dag.py for tasks to queue
[2024-11-26T16:02:50.613-0600] {logging_mixin.py:190} INFO - [2024-11-26T16:02:50.613-0600] {dagbag.py:588} INFO - Filling up the DagBag from /Library/Frameworks/Python.framework/Versions/3.8/lib/python3.8/site-packages/airflow/example_dags/example_external_task_marker_dag.py
[2024-11-26T16:02:50.617-0600] {processor.py:925} INFO - DAG(s) 'example_external_task_marker_child', 'example_external_task_marker_parent' retrieved from /Library/Frameworks/Python.framework/Versions/3.8/lib/python3.8/site-packages/airflow/example_dags/example_external_task_marker_dag.py
[2024-11-26T16:02:50.649-0600] {logging_mixin.py:190} INFO - [2024-11-26T16:02:50.649-0600] {workday.py:41} WARNING - Could not import pandas. Holidays will not be considered.
[2024-11-26T16:02:50.655-0600] {logging_mixin.py:190} INFO - [2024-11-26T16:02:50.655-0600] {dag.py:3239} INFO - Sync 2 DAGs
[2024-11-26T16:02:50.659-0600] {logging_mixin.py:190} INFO - [2024-11-26T16:02:50.659-0600] {dag.py:4180} INFO - Setting next_dagrun for example_external_task_marker_child to None, run_after=None
[2024-11-26T16:02:50.660-0600] {logging_mixin.py:190} INFO - [2024-11-26T16:02:50.660-0600] {dag.py:4180} INFO - Setting next_dagrun for example_external_task_marker_parent to None, run_after=None
[2024-11-26T16:02:50.665-0600] {processor.py:208} INFO - Processing /Library/Frameworks/Python.framework/Versions/3.8/lib/python3.8/site-packages/airflow/example_dags/example_external_task_marker_dag.py took 0.054 seconds
[2024-11-26T16:05:06.484-0600] {processor.py:186} INFO - Started process (PID=27119) to work on /Library/Frameworks/Python.framework/Versions/3.8/lib/python3.8/site-packages/airflow/example_dags/example_external_task_marker_dag.py
[2024-11-26T16:05:06.484-0600] {processor.py:914} INFO - Processing file /Library/Frameworks/Python.framework/Versions/3.8/lib/python3.8/site-packages/airflow/example_dags/example_external_task_marker_dag.py for tasks to queue
[2024-11-26T16:05:06.484-0600] {logging_mixin.py:190} INFO - [2024-11-26T16:05:06.484-0600] {dagbag.py:588} INFO - Filling up the DagBag from /Library/Frameworks/Python.framework/Versions/3.8/lib/python3.8/site-packages/airflow/example_dags/example_external_task_marker_dag.py
[2024-11-26T16:05:06.488-0600] {processor.py:925} INFO - DAG(s) 'example_external_task_marker_child', 'example_external_task_marker_parent' retrieved from /Library/Frameworks/Python.framework/Versions/3.8/lib/python3.8/site-packages/airflow/example_dags/example_external_task_marker_dag.py
[2024-11-26T16:05:06.521-0600] {logging_mixin.py:190} INFO - [2024-11-26T16:05:06.521-0600] {workday.py:41} WARNING - Could not import pandas. Holidays will not be considered.
[2024-11-26T16:05:06.526-0600] {logging_mixin.py:190} INFO - [2024-11-26T16:05:06.526-0600] {dag.py:3239} INFO - Sync 2 DAGs
[2024-11-26T16:05:06.531-0600] {logging_mixin.py:190} INFO - [2024-11-26T16:05:06.530-0600] {dag.py:4180} INFO - Setting next_dagrun for example_external_task_marker_child to None, run_after=None
[2024-11-26T16:05:06.531-0600] {logging_mixin.py:190} INFO - [2024-11-26T16:05:06.531-0600] {dag.py:4180} INFO - Setting next_dagrun for example_external_task_marker_parent to None, run_after=None
[2024-11-26T16:05:06.536-0600] {processor.py:208} INFO - Processing /Library/Frameworks/Python.framework/Versions/3.8/lib/python3.8/site-packages/airflow/example_dags/example_external_task_marker_dag.py took 0.054 seconds
[2024-11-26T17:17:45.409-0600] {processor.py:186} INFO - Started process (PID=27377) to work on /Library/Frameworks/Python.framework/Versions/3.8/lib/python3.8/site-packages/airflow/example_dags/example_external_task_marker_dag.py
[2024-11-26T17:17:45.410-0600] {processor.py:914} INFO - Processing file /Library/Frameworks/Python.framework/Versions/3.8/lib/python3.8/site-packages/airflow/example_dags/example_external_task_marker_dag.py for tasks to queue
[2024-11-26T17:17:45.410-0600] {logging_mixin.py:190} INFO - [2024-11-26T17:17:45.410-0600] {dagbag.py:588} INFO - Filling up the DagBag from /Library/Frameworks/Python.framework/Versions/3.8/lib/python3.8/site-packages/airflow/example_dags/example_external_task_marker_dag.py
[2024-11-26T17:17:45.414-0600] {processor.py:925} INFO - DAG(s) 'example_external_task_marker_parent', 'example_external_task_marker_child' retrieved from /Library/Frameworks/Python.framework/Versions/3.8/lib/python3.8/site-packages/airflow/example_dags/example_external_task_marker_dag.py
[2024-11-26T17:17:45.446-0600] {logging_mixin.py:190} INFO - [2024-11-26T17:17:45.446-0600] {workday.py:41} WARNING - Could not import pandas. Holidays will not be considered.
[2024-11-26T17:17:45.450-0600] {logging_mixin.py:190} INFO - [2024-11-26T17:17:45.450-0600] {dag.py:3239} INFO - Sync 2 DAGs
[2024-11-26T17:17:45.454-0600] {logging_mixin.py:190} INFO - [2024-11-26T17:17:45.454-0600] {dag.py:4180} INFO - Setting next_dagrun for example_external_task_marker_child to None, run_after=None
[2024-11-26T17:17:45.455-0600] {logging_mixin.py:190} INFO - [2024-11-26T17:17:45.455-0600] {dag.py:4180} INFO - Setting next_dagrun for example_external_task_marker_parent to None, run_after=None
[2024-11-26T17:17:45.459-0600] {processor.py:208} INFO - Processing /Library/Frameworks/Python.framework/Versions/3.8/lib/python3.8/site-packages/airflow/example_dags/example_external_task_marker_dag.py took 0.051 seconds
