[2024-11-26T14:18:40.348-0600] {processor.py:186} INFO - Started process (PID=17948) to work on /Users/beprathap/PycharmProjects/YouTube-airflow/airflow-venv/lib/python3.8/site-packages/airflow/example_dags/example_dataset_alias.py
[2024-11-26T14:18:40.348-0600] {processor.py:914} INFO - Processing file /Users/beprathap/PycharmProjects/YouTube-airflow/airflow-venv/lib/python3.8/site-packages/airflow/example_dags/example_dataset_alias.py for tasks to queue
[2024-11-26T14:18:40.348-0600] {logging_mixin.py:190} INFO - [2024-11-26T14:18:40.348-0600] {dagbag.py:588} INFO - Filling up the DagBag from /Users/beprathap/PycharmProjects/YouTube-airflow/airflow-venv/lib/python3.8/site-packages/airflow/example_dags/example_dataset_alias.py
[2024-11-26T14:18:40.398-0600] {processor.py:925} INFO - DAG(s) 'dataset_alias_example_alias_producer', 'dataset_alias_example_alias_consumer', 'dataset_s3_bucket_producer', 'dataset_s3_bucket_consumer' retrieved from /Users/beprathap/PycharmProjects/YouTube-airflow/airflow-venv/lib/python3.8/site-packages/airflow/example_dags/example_dataset_alias.py
[2024-11-26T14:18:40.430-0600] {logging_mixin.py:190} INFO - [2024-11-26T14:18:40.430-0600] {override.py:1901} INFO - Created Permission View: can read on DAG:dataset_alias_example_alias_producer
[2024-11-26T14:18:40.432-0600] {logging_mixin.py:190} INFO - [2024-11-26T14:18:40.432-0600] {override.py:1901} INFO - Created Permission View: can edit on DAG:dataset_alias_example_alias_producer
[2024-11-26T14:18:40.434-0600] {logging_mixin.py:190} INFO - [2024-11-26T14:18:40.433-0600] {override.py:1901} INFO - Created Permission View: can delete on DAG:dataset_alias_example_alias_producer
[2024-11-26T14:18:40.435-0600] {logging_mixin.py:190} INFO - [2024-11-26T14:18:40.435-0600] {override.py:1901} INFO - Created Permission View: can read on DAG Run:dataset_alias_example_alias_producer
[2024-11-26T14:18:40.437-0600] {logging_mixin.py:190} INFO - [2024-11-26T14:18:40.437-0600] {override.py:1901} INFO - Created Permission View: can create on DAG Run:dataset_alias_example_alias_producer
[2024-11-26T14:18:40.438-0600] {logging_mixin.py:190} INFO - [2024-11-26T14:18:40.438-0600] {override.py:1901} INFO - Created Permission View: can delete on DAG Run:dataset_alias_example_alias_producer
[2024-11-26T14:18:40.440-0600] {logging_mixin.py:190} INFO - [2024-11-26T14:18:40.440-0600] {override.py:1901} INFO - Created Permission View: menu access on DAG Run:dataset_alias_example_alias_producer
[2024-11-26T14:18:40.443-0600] {logging_mixin.py:190} INFO - [2024-11-26T14:18:40.443-0600] {override.py:1901} INFO - Created Permission View: can read on DAG:dataset_alias_example_alias_consumer
[2024-11-26T14:18:40.444-0600] {logging_mixin.py:190} INFO - [2024-11-26T14:18:40.444-0600] {override.py:1901} INFO - Created Permission View: can edit on DAG:dataset_alias_example_alias_consumer
[2024-11-26T14:18:40.446-0600] {logging_mixin.py:190} INFO - [2024-11-26T14:18:40.446-0600] {override.py:1901} INFO - Created Permission View: can delete on DAG:dataset_alias_example_alias_consumer
[2024-11-26T14:18:40.447-0600] {logging_mixin.py:190} INFO - [2024-11-26T14:18:40.447-0600] {override.py:1901} INFO - Created Permission View: can read on DAG Run:dataset_alias_example_alias_consumer
[2024-11-26T14:18:40.449-0600] {logging_mixin.py:190} INFO - [2024-11-26T14:18:40.449-0600] {override.py:1901} INFO - Created Permission View: can create on DAG Run:dataset_alias_example_alias_consumer
[2024-11-26T14:18:40.450-0600] {logging_mixin.py:190} INFO - [2024-11-26T14:18:40.450-0600] {override.py:1901} INFO - Created Permission View: can delete on DAG Run:dataset_alias_example_alias_consumer
[2024-11-26T14:18:40.451-0600] {logging_mixin.py:190} INFO - [2024-11-26T14:18:40.451-0600] {override.py:1901} INFO - Created Permission View: menu access on DAG Run:dataset_alias_example_alias_consumer
[2024-11-26T14:18:40.454-0600] {logging_mixin.py:190} INFO - [2024-11-26T14:18:40.454-0600] {override.py:1901} INFO - Created Permission View: can read on DAG:dataset_s3_bucket_producer
[2024-11-26T14:18:40.456-0600] {logging_mixin.py:190} INFO - [2024-11-26T14:18:40.456-0600] {override.py:1901} INFO - Created Permission View: can edit on DAG:dataset_s3_bucket_producer
[2024-11-26T14:18:40.457-0600] {logging_mixin.py:190} INFO - [2024-11-26T14:18:40.457-0600] {override.py:1901} INFO - Created Permission View: can delete on DAG:dataset_s3_bucket_producer
[2024-11-26T14:18:40.459-0600] {logging_mixin.py:190} INFO - [2024-11-26T14:18:40.459-0600] {override.py:1901} INFO - Created Permission View: can read on DAG Run:dataset_s3_bucket_producer
[2024-11-26T14:18:40.461-0600] {logging_mixin.py:190} INFO - [2024-11-26T14:18:40.460-0600] {override.py:1901} INFO - Created Permission View: can create on DAG Run:dataset_s3_bucket_producer
[2024-11-26T14:18:40.462-0600] {logging_mixin.py:190} INFO - [2024-11-26T14:18:40.462-0600] {override.py:1901} INFO - Created Permission View: can delete on DAG Run:dataset_s3_bucket_producer
[2024-11-26T14:18:40.463-0600] {logging_mixin.py:190} INFO - [2024-11-26T14:18:40.463-0600] {override.py:1901} INFO - Created Permission View: menu access on DAG Run:dataset_s3_bucket_producer
[2024-11-26T14:18:40.466-0600] {logging_mixin.py:190} INFO - [2024-11-26T14:18:40.466-0600] {override.py:1901} INFO - Created Permission View: can read on DAG:dataset_s3_bucket_consumer
[2024-11-26T14:18:40.468-0600] {logging_mixin.py:190} INFO - [2024-11-26T14:18:40.467-0600] {override.py:1901} INFO - Created Permission View: can edit on DAG:dataset_s3_bucket_consumer
[2024-11-26T14:18:40.469-0600] {logging_mixin.py:190} INFO - [2024-11-26T14:18:40.469-0600] {override.py:1901} INFO - Created Permission View: can delete on DAG:dataset_s3_bucket_consumer
[2024-11-26T14:18:40.471-0600] {logging_mixin.py:190} INFO - [2024-11-26T14:18:40.471-0600] {override.py:1901} INFO - Created Permission View: can read on DAG Run:dataset_s3_bucket_consumer
[2024-11-26T14:18:40.472-0600] {logging_mixin.py:190} INFO - [2024-11-26T14:18:40.472-0600] {override.py:1901} INFO - Created Permission View: can create on DAG Run:dataset_s3_bucket_consumer
[2024-11-26T14:18:40.473-0600] {logging_mixin.py:190} INFO - [2024-11-26T14:18:40.473-0600] {override.py:1901} INFO - Created Permission View: can delete on DAG Run:dataset_s3_bucket_consumer
[2024-11-26T14:18:40.475-0600] {logging_mixin.py:190} INFO - [2024-11-26T14:18:40.475-0600] {override.py:1901} INFO - Created Permission View: menu access on DAG Run:dataset_s3_bucket_consumer
[2024-11-26T14:18:40.475-0600] {logging_mixin.py:190} INFO - [2024-11-26T14:18:40.475-0600] {dag.py:3239} INFO - Sync 4 DAGs
[2024-11-26T14:18:40.479-0600] {logging_mixin.py:190} INFO - [2024-11-26T14:18:40.479-0600] {dag.py:3262} INFO - Creating ORM DAG for dataset_alias_example_alias_producer
[2024-11-26T14:18:40.479-0600] {logging_mixin.py:190} INFO - [2024-11-26T14:18:40.479-0600] {dag.py:3262} INFO - Creating ORM DAG for dataset_s3_bucket_producer
[2024-11-26T14:18:40.479-0600] {logging_mixin.py:190} INFO - [2024-11-26T14:18:40.479-0600] {dag.py:3262} INFO - Creating ORM DAG for dataset_alias_example_alias_consumer
[2024-11-26T14:18:40.479-0600] {logging_mixin.py:190} INFO - [2024-11-26T14:18:40.479-0600] {dag.py:3262} INFO - Creating ORM DAG for dataset_s3_bucket_consumer
[2024-11-26T14:18:40.481-0600] {logging_mixin.py:190} INFO - [2024-11-26T14:18:40.481-0600] {dag.py:4180} INFO - Setting next_dagrun for dataset_alias_example_alias_consumer to None, run_after=None
[2024-11-26T14:18:40.482-0600] {logging_mixin.py:190} INFO - [2024-11-26T14:18:40.482-0600] {dag.py:4180} INFO - Setting next_dagrun for dataset_alias_example_alias_producer to None, run_after=None
[2024-11-26T14:18:40.482-0600] {logging_mixin.py:190} INFO - [2024-11-26T14:18:40.482-0600] {dag.py:4180} INFO - Setting next_dagrun for dataset_s3_bucket_consumer to None, run_after=None
[2024-11-26T14:18:40.482-0600] {logging_mixin.py:190} INFO - [2024-11-26T14:18:40.482-0600] {dag.py:4180} INFO - Setting next_dagrun for dataset_s3_bucket_producer to None, run_after=None
[2024-11-26T14:18:40.486-0600] {logging_mixin.py:190} INFO - [2024-11-26T14:18:40.486-0600] {workday.py:41} WARNING - Could not import pandas. Holidays will not be considered.
[2024-11-26T14:18:40.491-0600] {processor.py:208} INFO - Processing /Users/beprathap/PycharmProjects/YouTube-airflow/airflow-venv/lib/python3.8/site-packages/airflow/example_dags/example_dataset_alias.py took 0.144 seconds
[2024-11-26T14:20:56.819-0600] {processor.py:186} INFO - Started process (PID=18197) to work on /Users/beprathap/PycharmProjects/YouTube-airflow/airflow-venv/lib/python3.8/site-packages/airflow/example_dags/example_dataset_alias.py
[2024-11-26T14:20:56.820-0600] {processor.py:914} INFO - Processing file /Users/beprathap/PycharmProjects/YouTube-airflow/airflow-venv/lib/python3.8/site-packages/airflow/example_dags/example_dataset_alias.py for tasks to queue
[2024-11-26T14:20:56.820-0600] {logging_mixin.py:190} INFO - [2024-11-26T14:20:56.820-0600] {dagbag.py:588} INFO - Filling up the DagBag from /Users/beprathap/PycharmProjects/YouTube-airflow/airflow-venv/lib/python3.8/site-packages/airflow/example_dags/example_dataset_alias.py
[2024-11-26T14:20:56.871-0600] {processor.py:925} INFO - DAG(s) 'dataset_s3_bucket_consumer', 'dataset_alias_example_alias_producer', 'dataset_alias_example_alias_consumer', 'dataset_s3_bucket_producer' retrieved from /Users/beprathap/PycharmProjects/YouTube-airflow/airflow-venv/lib/python3.8/site-packages/airflow/example_dags/example_dataset_alias.py
[2024-11-26T14:20:56.879-0600] {logging_mixin.py:190} INFO - [2024-11-26T14:20:56.879-0600] {dag.py:3239} INFO - Sync 4 DAGs
[2024-11-26T14:20:56.885-0600] {logging_mixin.py:190} INFO - [2024-11-26T14:20:56.885-0600] {dag.py:4180} INFO - Setting next_dagrun for dataset_alias_example_alias_consumer to None, run_after=None
[2024-11-26T14:20:56.885-0600] {logging_mixin.py:190} INFO - [2024-11-26T14:20:56.885-0600] {dag.py:4180} INFO - Setting next_dagrun for dataset_alias_example_alias_producer to None, run_after=None
[2024-11-26T14:20:56.886-0600] {logging_mixin.py:190} INFO - [2024-11-26T14:20:56.886-0600] {dag.py:4180} INFO - Setting next_dagrun for dataset_s3_bucket_consumer to None, run_after=None
[2024-11-26T14:20:56.886-0600] {logging_mixin.py:190} INFO - [2024-11-26T14:20:56.886-0600] {dag.py:4180} INFO - Setting next_dagrun for dataset_s3_bucket_producer to None, run_after=None
[2024-11-26T14:20:56.892-0600] {processor.py:208} INFO - Processing /Users/beprathap/PycharmProjects/YouTube-airflow/airflow-venv/lib/python3.8/site-packages/airflow/example_dags/example_dataset_alias.py took 0.074 seconds
[2024-11-26T14:23:09.751-0600] {processor.py:186} INFO - Started process (PID=18466) to work on /Users/beprathap/PycharmProjects/YouTube-airflow/airflow-venv/lib/python3.8/site-packages/airflow/example_dags/example_dataset_alias.py
[2024-11-26T14:23:09.751-0600] {processor.py:914} INFO - Processing file /Users/beprathap/PycharmProjects/YouTube-airflow/airflow-venv/lib/python3.8/site-packages/airflow/example_dags/example_dataset_alias.py for tasks to queue
[2024-11-26T14:23:09.751-0600] {logging_mixin.py:190} INFO - [2024-11-26T14:23:09.751-0600] {dagbag.py:588} INFO - Filling up the DagBag from /Users/beprathap/PycharmProjects/YouTube-airflow/airflow-venv/lib/python3.8/site-packages/airflow/example_dags/example_dataset_alias.py
[2024-11-26T14:23:09.803-0600] {processor.py:925} INFO - DAG(s) 'dataset_alias_example_alias_producer', 'dataset_s3_bucket_producer', 'dataset_s3_bucket_consumer', 'dataset_alias_example_alias_consumer' retrieved from /Users/beprathap/PycharmProjects/YouTube-airflow/airflow-venv/lib/python3.8/site-packages/airflow/example_dags/example_dataset_alias.py
[2024-11-26T14:23:09.810-0600] {logging_mixin.py:190} INFO - [2024-11-26T14:23:09.810-0600] {dag.py:3239} INFO - Sync 4 DAGs
[2024-11-26T14:23:09.817-0600] {logging_mixin.py:190} INFO - [2024-11-26T14:23:09.817-0600] {dag.py:4180} INFO - Setting next_dagrun for dataset_alias_example_alias_consumer to None, run_after=None
[2024-11-26T14:23:09.818-0600] {logging_mixin.py:190} INFO - [2024-11-26T14:23:09.817-0600] {dag.py:4180} INFO - Setting next_dagrun for dataset_alias_example_alias_producer to None, run_after=None
[2024-11-26T14:23:09.818-0600] {logging_mixin.py:190} INFO - [2024-11-26T14:23:09.818-0600] {dag.py:4180} INFO - Setting next_dagrun for dataset_s3_bucket_consumer to None, run_after=None
[2024-11-26T14:23:09.818-0600] {logging_mixin.py:190} INFO - [2024-11-26T14:23:09.818-0600] {dag.py:4180} INFO - Setting next_dagrun for dataset_s3_bucket_producer to None, run_after=None
[2024-11-26T14:23:09.825-0600] {processor.py:208} INFO - Processing /Users/beprathap/PycharmProjects/YouTube-airflow/airflow-venv/lib/python3.8/site-packages/airflow/example_dags/example_dataset_alias.py took 0.075 seconds
[2024-11-26T14:25:17.253-0600] {processor.py:186} INFO - Started process (PID=18730) to work on /Users/beprathap/PycharmProjects/YouTube-airflow/airflow-venv/lib/python3.8/site-packages/airflow/example_dags/example_dataset_alias.py
[2024-11-26T14:25:17.254-0600] {processor.py:914} INFO - Processing file /Users/beprathap/PycharmProjects/YouTube-airflow/airflow-venv/lib/python3.8/site-packages/airflow/example_dags/example_dataset_alias.py for tasks to queue
[2024-11-26T14:25:17.254-0600] {logging_mixin.py:190} INFO - [2024-11-26T14:25:17.254-0600] {dagbag.py:588} INFO - Filling up the DagBag from /Users/beprathap/PycharmProjects/YouTube-airflow/airflow-venv/lib/python3.8/site-packages/airflow/example_dags/example_dataset_alias.py
[2024-11-26T14:25:17.307-0600] {processor.py:925} INFO - DAG(s) 'dataset_alias_example_alias_consumer', 'dataset_s3_bucket_consumer', 'dataset_alias_example_alias_producer', 'dataset_s3_bucket_producer' retrieved from /Users/beprathap/PycharmProjects/YouTube-airflow/airflow-venv/lib/python3.8/site-packages/airflow/example_dags/example_dataset_alias.py
[2024-11-26T14:25:17.314-0600] {logging_mixin.py:190} INFO - [2024-11-26T14:25:17.314-0600] {dag.py:3239} INFO - Sync 4 DAGs
[2024-11-26T14:25:17.320-0600] {logging_mixin.py:190} INFO - [2024-11-26T14:25:17.320-0600] {dag.py:4180} INFO - Setting next_dagrun for dataset_alias_example_alias_consumer to None, run_after=None
[2024-11-26T14:25:17.321-0600] {logging_mixin.py:190} INFO - [2024-11-26T14:25:17.321-0600] {dag.py:4180} INFO - Setting next_dagrun for dataset_alias_example_alias_producer to None, run_after=None
[2024-11-26T14:25:17.321-0600] {logging_mixin.py:190} INFO - [2024-11-26T14:25:17.321-0600] {dag.py:4180} INFO - Setting next_dagrun for dataset_s3_bucket_consumer to None, run_after=None
[2024-11-26T14:25:17.321-0600] {logging_mixin.py:190} INFO - [2024-11-26T14:25:17.321-0600] {dag.py:4180} INFO - Setting next_dagrun for dataset_s3_bucket_producer to None, run_after=None
[2024-11-26T14:25:17.328-0600] {processor.py:208} INFO - Processing /Users/beprathap/PycharmProjects/YouTube-airflow/airflow-venv/lib/python3.8/site-packages/airflow/example_dags/example_dataset_alias.py took 0.076 seconds
[2024-11-26T14:27:23.684-0600] {processor.py:186} INFO - Started process (PID=18965) to work on /Users/beprathap/PycharmProjects/YouTube-airflow/airflow-venv/lib/python3.8/site-packages/airflow/example_dags/example_dataset_alias.py
[2024-11-26T14:27:23.685-0600] {processor.py:914} INFO - Processing file /Users/beprathap/PycharmProjects/YouTube-airflow/airflow-venv/lib/python3.8/site-packages/airflow/example_dags/example_dataset_alias.py for tasks to queue
[2024-11-26T14:27:23.685-0600] {logging_mixin.py:190} INFO - [2024-11-26T14:27:23.685-0600] {dagbag.py:588} INFO - Filling up the DagBag from /Users/beprathap/PycharmProjects/YouTube-airflow/airflow-venv/lib/python3.8/site-packages/airflow/example_dags/example_dataset_alias.py
[2024-11-26T14:27:23.736-0600] {processor.py:925} INFO - DAG(s) 'dataset_s3_bucket_producer', 'dataset_alias_example_alias_producer', 'dataset_s3_bucket_consumer', 'dataset_alias_example_alias_consumer' retrieved from /Users/beprathap/PycharmProjects/YouTube-airflow/airflow-venv/lib/python3.8/site-packages/airflow/example_dags/example_dataset_alias.py
[2024-11-26T14:27:23.744-0600] {logging_mixin.py:190} INFO - [2024-11-26T14:27:23.743-0600] {dag.py:3239} INFO - Sync 4 DAGs
[2024-11-26T14:27:23.749-0600] {logging_mixin.py:190} INFO - [2024-11-26T14:27:23.749-0600] {dag.py:4180} INFO - Setting next_dagrun for dataset_alias_example_alias_consumer to None, run_after=None
[2024-11-26T14:27:23.750-0600] {logging_mixin.py:190} INFO - [2024-11-26T14:27:23.750-0600] {dag.py:4180} INFO - Setting next_dagrun for dataset_alias_example_alias_producer to None, run_after=None
[2024-11-26T14:27:23.750-0600] {logging_mixin.py:190} INFO - [2024-11-26T14:27:23.750-0600] {dag.py:4180} INFO - Setting next_dagrun for dataset_s3_bucket_consumer to None, run_after=None
[2024-11-26T14:27:23.751-0600] {logging_mixin.py:190} INFO - [2024-11-26T14:27:23.751-0600] {dag.py:4180} INFO - Setting next_dagrun for dataset_s3_bucket_producer to None, run_after=None
[2024-11-26T14:27:23.757-0600] {processor.py:208} INFO - Processing /Users/beprathap/PycharmProjects/YouTube-airflow/airflow-venv/lib/python3.8/site-packages/airflow/example_dags/example_dataset_alias.py took 0.073 seconds
[2024-11-26T14:29:31.788-0600] {processor.py:186} INFO - Started process (PID=19205) to work on /Users/beprathap/PycharmProjects/YouTube-airflow/airflow-venv/lib/python3.8/site-packages/airflow/example_dags/example_dataset_alias.py
[2024-11-26T14:29:31.789-0600] {processor.py:914} INFO - Processing file /Users/beprathap/PycharmProjects/YouTube-airflow/airflow-venv/lib/python3.8/site-packages/airflow/example_dags/example_dataset_alias.py for tasks to queue
[2024-11-26T14:29:31.789-0600] {logging_mixin.py:190} INFO - [2024-11-26T14:29:31.789-0600] {dagbag.py:588} INFO - Filling up the DagBag from /Users/beprathap/PycharmProjects/YouTube-airflow/airflow-venv/lib/python3.8/site-packages/airflow/example_dags/example_dataset_alias.py
[2024-11-26T14:29:31.840-0600] {processor.py:925} INFO - DAG(s) 'dataset_s3_bucket_consumer', 'dataset_s3_bucket_producer', 'dataset_alias_example_alias_consumer', 'dataset_alias_example_alias_producer' retrieved from /Users/beprathap/PycharmProjects/YouTube-airflow/airflow-venv/lib/python3.8/site-packages/airflow/example_dags/example_dataset_alias.py
[2024-11-26T14:29:31.848-0600] {logging_mixin.py:190} INFO - [2024-11-26T14:29:31.848-0600] {dag.py:3239} INFO - Sync 4 DAGs
[2024-11-26T14:29:31.854-0600] {logging_mixin.py:190} INFO - [2024-11-26T14:29:31.854-0600] {dag.py:4180} INFO - Setting next_dagrun for dataset_alias_example_alias_consumer to None, run_after=None
[2024-11-26T14:29:31.854-0600] {logging_mixin.py:190} INFO - [2024-11-26T14:29:31.854-0600] {dag.py:4180} INFO - Setting next_dagrun for dataset_alias_example_alias_producer to None, run_after=None
[2024-11-26T14:29:31.855-0600] {logging_mixin.py:190} INFO - [2024-11-26T14:29:31.855-0600] {dag.py:4180} INFO - Setting next_dagrun for dataset_s3_bucket_consumer to None, run_after=None
[2024-11-26T14:29:31.855-0600] {logging_mixin.py:190} INFO - [2024-11-26T14:29:31.855-0600] {dag.py:4180} INFO - Setting next_dagrun for dataset_s3_bucket_producer to None, run_after=None
[2024-11-26T14:29:31.861-0600] {processor.py:208} INFO - Processing /Users/beprathap/PycharmProjects/YouTube-airflow/airflow-venv/lib/python3.8/site-packages/airflow/example_dags/example_dataset_alias.py took 0.074 seconds
[2024-11-26T14:37:02.460-0600] {processor.py:186} INFO - Started process (PID=19624) to work on /Users/beprathap/PycharmProjects/YouTube-airflow/airflow-venv/lib/python3.8/site-packages/airflow/example_dags/example_dataset_alias.py
[2024-11-26T14:37:02.461-0600] {processor.py:914} INFO - Processing file /Users/beprathap/PycharmProjects/YouTube-airflow/airflow-venv/lib/python3.8/site-packages/airflow/example_dags/example_dataset_alias.py for tasks to queue
[2024-11-26T14:37:02.462-0600] {logging_mixin.py:190} INFO - [2024-11-26T14:37:02.461-0600] {dagbag.py:588} INFO - Filling up the DagBag from /Users/beprathap/PycharmProjects/YouTube-airflow/airflow-venv/lib/python3.8/site-packages/airflow/example_dags/example_dataset_alias.py
[2024-11-26T14:37:02.513-0600] {processor.py:925} INFO - DAG(s) 'dataset_alias_example_alias_producer', 'dataset_s3_bucket_consumer', 'dataset_alias_example_alias_consumer', 'dataset_s3_bucket_producer' retrieved from /Users/beprathap/PycharmProjects/YouTube-airflow/airflow-venv/lib/python3.8/site-packages/airflow/example_dags/example_dataset_alias.py
[2024-11-26T14:37:02.520-0600] {logging_mixin.py:190} INFO - [2024-11-26T14:37:02.520-0600] {dag.py:3239} INFO - Sync 4 DAGs
[2024-11-26T14:37:02.526-0600] {logging_mixin.py:190} INFO - [2024-11-26T14:37:02.526-0600] {dag.py:4180} INFO - Setting next_dagrun for dataset_alias_example_alias_consumer to None, run_after=None
[2024-11-26T14:37:02.526-0600] {logging_mixin.py:190} INFO - [2024-11-26T14:37:02.526-0600] {dag.py:4180} INFO - Setting next_dagrun for dataset_alias_example_alias_producer to None, run_after=None
[2024-11-26T14:37:02.527-0600] {logging_mixin.py:190} INFO - [2024-11-26T14:37:02.527-0600] {dag.py:4180} INFO - Setting next_dagrun for dataset_s3_bucket_consumer to None, run_after=None
[2024-11-26T14:37:02.527-0600] {logging_mixin.py:190} INFO - [2024-11-26T14:37:02.527-0600] {dag.py:4180} INFO - Setting next_dagrun for dataset_s3_bucket_producer to None, run_after=None
[2024-11-26T14:37:02.533-0600] {processor.py:208} INFO - Processing /Users/beprathap/PycharmProjects/YouTube-airflow/airflow-venv/lib/python3.8/site-packages/airflow/example_dags/example_dataset_alias.py took 0.074 seconds
[2024-11-26T14:39:20.758-0600] {processor.py:186} INFO - Started process (PID=19877) to work on /Users/beprathap/PycharmProjects/YouTube-airflow/airflow-venv/lib/python3.8/site-packages/airflow/example_dags/example_dataset_alias.py
[2024-11-26T14:39:20.759-0600] {processor.py:914} INFO - Processing file /Users/beprathap/PycharmProjects/YouTube-airflow/airflow-venv/lib/python3.8/site-packages/airflow/example_dags/example_dataset_alias.py for tasks to queue
[2024-11-26T14:39:20.759-0600] {logging_mixin.py:190} INFO - [2024-11-26T14:39:20.759-0600] {dagbag.py:588} INFO - Filling up the DagBag from /Users/beprathap/PycharmProjects/YouTube-airflow/airflow-venv/lib/python3.8/site-packages/airflow/example_dags/example_dataset_alias.py
[2024-11-26T14:39:20.810-0600] {processor.py:925} INFO - DAG(s) 'dataset_s3_bucket_consumer', 'dataset_alias_example_alias_producer', 'dataset_alias_example_alias_consumer', 'dataset_s3_bucket_producer' retrieved from /Users/beprathap/PycharmProjects/YouTube-airflow/airflow-venv/lib/python3.8/site-packages/airflow/example_dags/example_dataset_alias.py
[2024-11-26T14:39:20.817-0600] {logging_mixin.py:190} INFO - [2024-11-26T14:39:20.817-0600] {dag.py:3239} INFO - Sync 4 DAGs
[2024-11-26T14:39:20.823-0600] {logging_mixin.py:190} INFO - [2024-11-26T14:39:20.823-0600] {dag.py:4180} INFO - Setting next_dagrun for dataset_alias_example_alias_consumer to None, run_after=None
[2024-11-26T14:39:20.824-0600] {logging_mixin.py:190} INFO - [2024-11-26T14:39:20.824-0600] {dag.py:4180} INFO - Setting next_dagrun for dataset_alias_example_alias_producer to None, run_after=None
[2024-11-26T14:39:20.824-0600] {logging_mixin.py:190} INFO - [2024-11-26T14:39:20.824-0600] {dag.py:4180} INFO - Setting next_dagrun for dataset_s3_bucket_consumer to None, run_after=None
[2024-11-26T14:39:20.825-0600] {logging_mixin.py:190} INFO - [2024-11-26T14:39:20.824-0600] {dag.py:4180} INFO - Setting next_dagrun for dataset_s3_bucket_producer to None, run_after=None
[2024-11-26T14:39:20.831-0600] {processor.py:208} INFO - Processing /Users/beprathap/PycharmProjects/YouTube-airflow/airflow-venv/lib/python3.8/site-packages/airflow/example_dags/example_dataset_alias.py took 0.074 seconds
[2024-11-26T14:41:33.810-0600] {processor.py:186} INFO - Started process (PID=20129) to work on /Users/beprathap/PycharmProjects/YouTube-airflow/airflow-venv/lib/python3.8/site-packages/airflow/example_dags/example_dataset_alias.py
[2024-11-26T14:41:33.810-0600] {processor.py:914} INFO - Processing file /Users/beprathap/PycharmProjects/YouTube-airflow/airflow-venv/lib/python3.8/site-packages/airflow/example_dags/example_dataset_alias.py for tasks to queue
[2024-11-26T14:41:33.810-0600] {logging_mixin.py:190} INFO - [2024-11-26T14:41:33.810-0600] {dagbag.py:588} INFO - Filling up the DagBag from /Users/beprathap/PycharmProjects/YouTube-airflow/airflow-venv/lib/python3.8/site-packages/airflow/example_dags/example_dataset_alias.py
[2024-11-26T14:41:33.862-0600] {processor.py:925} INFO - DAG(s) 'dataset_alias_example_alias_producer', 'dataset_s3_bucket_consumer', 'dataset_s3_bucket_producer', 'dataset_alias_example_alias_consumer' retrieved from /Users/beprathap/PycharmProjects/YouTube-airflow/airflow-venv/lib/python3.8/site-packages/airflow/example_dags/example_dataset_alias.py
[2024-11-26T14:41:33.869-0600] {logging_mixin.py:190} INFO - [2024-11-26T14:41:33.869-0600] {dag.py:3239} INFO - Sync 4 DAGs
[2024-11-26T14:41:33.876-0600] {logging_mixin.py:190} INFO - [2024-11-26T14:41:33.876-0600] {dag.py:4180} INFO - Setting next_dagrun for dataset_alias_example_alias_consumer to None, run_after=None
[2024-11-26T14:41:33.876-0600] {logging_mixin.py:190} INFO - [2024-11-26T14:41:33.876-0600] {dag.py:4180} INFO - Setting next_dagrun for dataset_alias_example_alias_producer to None, run_after=None
[2024-11-26T14:41:33.877-0600] {logging_mixin.py:190} INFO - [2024-11-26T14:41:33.876-0600] {dag.py:4180} INFO - Setting next_dagrun for dataset_s3_bucket_consumer to None, run_after=None
[2024-11-26T14:41:33.877-0600] {logging_mixin.py:190} INFO - [2024-11-26T14:41:33.877-0600] {dag.py:4180} INFO - Setting next_dagrun for dataset_s3_bucket_producer to None, run_after=None
[2024-11-26T14:41:33.883-0600] {processor.py:208} INFO - Processing /Users/beprathap/PycharmProjects/YouTube-airflow/airflow-venv/lib/python3.8/site-packages/airflow/example_dags/example_dataset_alias.py took 0.075 seconds
[2024-11-26T14:43:44.529-0600] {processor.py:186} INFO - Started process (PID=20373) to work on /Users/beprathap/PycharmProjects/YouTube-airflow/airflow-venv/lib/python3.8/site-packages/airflow/example_dags/example_dataset_alias.py
[2024-11-26T14:43:44.529-0600] {processor.py:914} INFO - Processing file /Users/beprathap/PycharmProjects/YouTube-airflow/airflow-venv/lib/python3.8/site-packages/airflow/example_dags/example_dataset_alias.py for tasks to queue
[2024-11-26T14:43:44.530-0600] {logging_mixin.py:190} INFO - [2024-11-26T14:43:44.530-0600] {dagbag.py:588} INFO - Filling up the DagBag from /Users/beprathap/PycharmProjects/YouTube-airflow/airflow-venv/lib/python3.8/site-packages/airflow/example_dags/example_dataset_alias.py
[2024-11-26T14:43:44.583-0600] {processor.py:925} INFO - DAG(s) 'dataset_alias_example_alias_consumer', 'dataset_s3_bucket_producer', 'dataset_alias_example_alias_producer', 'dataset_s3_bucket_consumer' retrieved from /Users/beprathap/PycharmProjects/YouTube-airflow/airflow-venv/lib/python3.8/site-packages/airflow/example_dags/example_dataset_alias.py
[2024-11-26T14:43:44.591-0600] {logging_mixin.py:190} INFO - [2024-11-26T14:43:44.590-0600] {dag.py:3239} INFO - Sync 4 DAGs
[2024-11-26T14:43:44.597-0600] {logging_mixin.py:190} INFO - [2024-11-26T14:43:44.597-0600] {dag.py:4180} INFO - Setting next_dagrun for dataset_alias_example_alias_consumer to None, run_after=None
[2024-11-26T14:43:44.598-0600] {logging_mixin.py:190} INFO - [2024-11-26T14:43:44.597-0600] {dag.py:4180} INFO - Setting next_dagrun for dataset_alias_example_alias_producer to None, run_after=None
[2024-11-26T14:43:44.598-0600] {logging_mixin.py:190} INFO - [2024-11-26T14:43:44.598-0600] {dag.py:4180} INFO - Setting next_dagrun for dataset_s3_bucket_consumer to None, run_after=None
[2024-11-26T14:43:44.598-0600] {logging_mixin.py:190} INFO - [2024-11-26T14:43:44.598-0600] {dag.py:4180} INFO - Setting next_dagrun for dataset_s3_bucket_producer to None, run_after=None
[2024-11-26T14:43:44.604-0600] {processor.py:208} INFO - Processing /Users/beprathap/PycharmProjects/YouTube-airflow/airflow-venv/lib/python3.8/site-packages/airflow/example_dags/example_dataset_alias.py took 0.077 seconds
[2024-11-26T14:45:58.078-0600] {processor.py:186} INFO - Started process (PID=20638) to work on /Users/beprathap/PycharmProjects/YouTube-airflow/airflow-venv/lib/python3.8/site-packages/airflow/example_dags/example_dataset_alias.py
[2024-11-26T14:45:58.079-0600] {processor.py:914} INFO - Processing file /Users/beprathap/PycharmProjects/YouTube-airflow/airflow-venv/lib/python3.8/site-packages/airflow/example_dags/example_dataset_alias.py for tasks to queue
[2024-11-26T14:45:58.079-0600] {logging_mixin.py:190} INFO - [2024-11-26T14:45:58.079-0600] {dagbag.py:588} INFO - Filling up the DagBag from /Users/beprathap/PycharmProjects/YouTube-airflow/airflow-venv/lib/python3.8/site-packages/airflow/example_dags/example_dataset_alias.py
[2024-11-26T14:45:58.133-0600] {processor.py:925} INFO - DAG(s) 'dataset_s3_bucket_producer', 'dataset_alias_example_alias_consumer', 'dataset_alias_example_alias_producer', 'dataset_s3_bucket_consumer' retrieved from /Users/beprathap/PycharmProjects/YouTube-airflow/airflow-venv/lib/python3.8/site-packages/airflow/example_dags/example_dataset_alias.py
[2024-11-26T14:45:58.141-0600] {logging_mixin.py:190} INFO - [2024-11-26T14:45:58.140-0600] {dag.py:3239} INFO - Sync 4 DAGs
[2024-11-26T14:45:58.147-0600] {logging_mixin.py:190} INFO - [2024-11-26T14:45:58.147-0600] {dag.py:4180} INFO - Setting next_dagrun for dataset_alias_example_alias_consumer to None, run_after=None
[2024-11-26T14:45:58.148-0600] {logging_mixin.py:190} INFO - [2024-11-26T14:45:58.148-0600] {dag.py:4180} INFO - Setting next_dagrun for dataset_alias_example_alias_producer to None, run_after=None
[2024-11-26T14:45:58.148-0600] {logging_mixin.py:190} INFO - [2024-11-26T14:45:58.148-0600] {dag.py:4180} INFO - Setting next_dagrun for dataset_s3_bucket_consumer to None, run_after=None
[2024-11-26T14:45:58.148-0600] {logging_mixin.py:190} INFO - [2024-11-26T14:45:58.148-0600] {dag.py:4180} INFO - Setting next_dagrun for dataset_s3_bucket_producer to None, run_after=None
[2024-11-26T14:45:58.154-0600] {processor.py:208} INFO - Processing /Users/beprathap/PycharmProjects/YouTube-airflow/airflow-venv/lib/python3.8/site-packages/airflow/example_dags/example_dataset_alias.py took 0.078 seconds
[2024-11-26T14:48:11.972-0600] {processor.py:186} INFO - Started process (PID=20900) to work on /Users/beprathap/PycharmProjects/YouTube-airflow/airflow-venv/lib/python3.8/site-packages/airflow/example_dags/example_dataset_alias.py
[2024-11-26T14:48:11.972-0600] {processor.py:914} INFO - Processing file /Users/beprathap/PycharmProjects/YouTube-airflow/airflow-venv/lib/python3.8/site-packages/airflow/example_dags/example_dataset_alias.py for tasks to queue
[2024-11-26T14:48:11.973-0600] {logging_mixin.py:190} INFO - [2024-11-26T14:48:11.973-0600] {dagbag.py:588} INFO - Filling up the DagBag from /Users/beprathap/PycharmProjects/YouTube-airflow/airflow-venv/lib/python3.8/site-packages/airflow/example_dags/example_dataset_alias.py
[2024-11-26T14:48:12.025-0600] {processor.py:925} INFO - DAG(s) 'dataset_s3_bucket_producer', 'dataset_alias_example_alias_consumer', 'dataset_s3_bucket_consumer', 'dataset_alias_example_alias_producer' retrieved from /Users/beprathap/PycharmProjects/YouTube-airflow/airflow-venv/lib/python3.8/site-packages/airflow/example_dags/example_dataset_alias.py
[2024-11-26T14:48:12.032-0600] {logging_mixin.py:190} INFO - [2024-11-26T14:48:12.032-0600] {dag.py:3239} INFO - Sync 4 DAGs
[2024-11-26T14:48:12.038-0600] {logging_mixin.py:190} INFO - [2024-11-26T14:48:12.038-0600] {dag.py:4180} INFO - Setting next_dagrun for dataset_alias_example_alias_consumer to None, run_after=None
[2024-11-26T14:48:12.039-0600] {logging_mixin.py:190} INFO - [2024-11-26T14:48:12.039-0600] {dag.py:4180} INFO - Setting next_dagrun for dataset_alias_example_alias_producer to None, run_after=None
[2024-11-26T14:48:12.039-0600] {logging_mixin.py:190} INFO - [2024-11-26T14:48:12.039-0600] {dag.py:4180} INFO - Setting next_dagrun for dataset_s3_bucket_consumer to None, run_after=None
[2024-11-26T14:48:12.040-0600] {logging_mixin.py:190} INFO - [2024-11-26T14:48:12.040-0600] {dag.py:4180} INFO - Setting next_dagrun for dataset_s3_bucket_producer to None, run_after=None
[2024-11-26T14:48:12.046-0600] {processor.py:208} INFO - Processing /Users/beprathap/PycharmProjects/YouTube-airflow/airflow-venv/lib/python3.8/site-packages/airflow/example_dags/example_dataset_alias.py took 0.075 seconds
[2024-11-26T15:02:19.988-0600] {processor.py:186} INFO - Started process (PID=21457) to work on /Library/Frameworks/Python.framework/Versions/3.8/lib/python3.8/site-packages/airflow/example_dags/example_dataset_alias.py
[2024-11-26T15:02:19.989-0600] {processor.py:914} INFO - Processing file /Library/Frameworks/Python.framework/Versions/3.8/lib/python3.8/site-packages/airflow/example_dags/example_dataset_alias.py for tasks to queue
[2024-11-26T15:02:19.989-0600] {logging_mixin.py:190} INFO - [2024-11-26T15:02:19.989-0600] {dagbag.py:588} INFO - Filling up the DagBag from /Library/Frameworks/Python.framework/Versions/3.8/lib/python3.8/site-packages/airflow/example_dags/example_dataset_alias.py
[2024-11-26T15:02:20.042-0600] {processor.py:925} INFO - DAG(s) 'dataset_s3_bucket_producer', 'dataset_alias_example_alias_producer', 'dataset_s3_bucket_consumer', 'dataset_alias_example_alias_consumer' retrieved from /Library/Frameworks/Python.framework/Versions/3.8/lib/python3.8/site-packages/airflow/example_dags/example_dataset_alias.py
[2024-11-26T15:02:20.090-0600] {logging_mixin.py:190} INFO - [2024-11-26T15:02:20.090-0600] {dag.py:3239} INFO - Sync 4 DAGs
[2024-11-26T15:02:20.096-0600] {logging_mixin.py:190} INFO - [2024-11-26T15:02:20.095-0600] {dag.py:4180} INFO - Setting next_dagrun for dataset_alias_example_alias_consumer to None, run_after=None
[2024-11-26T15:02:20.097-0600] {logging_mixin.py:190} INFO - [2024-11-26T15:02:20.097-0600] {dag.py:4180} INFO - Setting next_dagrun for dataset_alias_example_alias_producer to None, run_after=None
[2024-11-26T15:02:20.097-0600] {logging_mixin.py:190} INFO - [2024-11-26T15:02:20.097-0600] {dag.py:4180} INFO - Setting next_dagrun for dataset_s3_bucket_consumer to None, run_after=None
[2024-11-26T15:02:20.097-0600] {logging_mixin.py:190} INFO - [2024-11-26T15:02:20.097-0600] {dag.py:4180} INFO - Setting next_dagrun for dataset_s3_bucket_producer to None, run_after=None
[2024-11-26T15:02:20.104-0600] {processor.py:208} INFO - Processing /Library/Frameworks/Python.framework/Versions/3.8/lib/python3.8/site-packages/airflow/example_dags/example_dataset_alias.py took 0.117 seconds
[2024-11-26T15:04:42.527-0600] {processor.py:186} INFO - Started process (PID=21708) to work on /Library/Frameworks/Python.framework/Versions/3.8/lib/python3.8/site-packages/airflow/example_dags/example_dataset_alias.py
[2024-11-26T15:04:42.528-0600] {processor.py:914} INFO - Processing file /Library/Frameworks/Python.framework/Versions/3.8/lib/python3.8/site-packages/airflow/example_dags/example_dataset_alias.py for tasks to queue
[2024-11-26T15:04:42.528-0600] {logging_mixin.py:190} INFO - [2024-11-26T15:04:42.528-0600] {dagbag.py:588} INFO - Filling up the DagBag from /Library/Frameworks/Python.framework/Versions/3.8/lib/python3.8/site-packages/airflow/example_dags/example_dataset_alias.py
[2024-11-26T15:04:42.581-0600] {processor.py:925} INFO - DAG(s) 'dataset_alias_example_alias_producer', 'dataset_s3_bucket_producer', 'dataset_alias_example_alias_consumer', 'dataset_s3_bucket_consumer' retrieved from /Library/Frameworks/Python.framework/Versions/3.8/lib/python3.8/site-packages/airflow/example_dags/example_dataset_alias.py
[2024-11-26T15:04:42.589-0600] {logging_mixin.py:190} INFO - [2024-11-26T15:04:42.589-0600] {dag.py:3239} INFO - Sync 4 DAGs
[2024-11-26T15:04:42.595-0600] {logging_mixin.py:190} INFO - [2024-11-26T15:04:42.595-0600] {dag.py:4180} INFO - Setting next_dagrun for dataset_alias_example_alias_consumer to None, run_after=None
[2024-11-26T15:04:42.596-0600] {logging_mixin.py:190} INFO - [2024-11-26T15:04:42.596-0600] {dag.py:4180} INFO - Setting next_dagrun for dataset_alias_example_alias_producer to None, run_after=None
[2024-11-26T15:04:42.596-0600] {logging_mixin.py:190} INFO - [2024-11-26T15:04:42.596-0600] {dag.py:4180} INFO - Setting next_dagrun for dataset_s3_bucket_consumer to None, run_after=None
[2024-11-26T15:04:42.596-0600] {logging_mixin.py:190} INFO - [2024-11-26T15:04:42.596-0600] {dag.py:4180} INFO - Setting next_dagrun for dataset_s3_bucket_producer to None, run_after=None
[2024-11-26T15:04:42.603-0600] {processor.py:208} INFO - Processing /Library/Frameworks/Python.framework/Versions/3.8/lib/python3.8/site-packages/airflow/example_dags/example_dataset_alias.py took 0.077 seconds
[2024-11-26T15:07:01.658-0600] {processor.py:186} INFO - Started process (PID=21963) to work on /Library/Frameworks/Python.framework/Versions/3.8/lib/python3.8/site-packages/airflow/example_dags/example_dataset_alias.py
[2024-11-26T15:07:01.658-0600] {processor.py:914} INFO - Processing file /Library/Frameworks/Python.framework/Versions/3.8/lib/python3.8/site-packages/airflow/example_dags/example_dataset_alias.py for tasks to queue
[2024-11-26T15:07:01.658-0600] {logging_mixin.py:190} INFO - [2024-11-26T15:07:01.658-0600] {dagbag.py:588} INFO - Filling up the DagBag from /Library/Frameworks/Python.framework/Versions/3.8/lib/python3.8/site-packages/airflow/example_dags/example_dataset_alias.py
[2024-11-26T15:07:01.715-0600] {processor.py:925} INFO - DAG(s) 'dataset_alias_example_alias_producer', 'dataset_s3_bucket_consumer', 'dataset_s3_bucket_producer', 'dataset_alias_example_alias_consumer' retrieved from /Library/Frameworks/Python.framework/Versions/3.8/lib/python3.8/site-packages/airflow/example_dags/example_dataset_alias.py
[2024-11-26T15:07:01.723-0600] {logging_mixin.py:190} INFO - [2024-11-26T15:07:01.723-0600] {dag.py:3239} INFO - Sync 4 DAGs
[2024-11-26T15:07:01.729-0600] {logging_mixin.py:190} INFO - [2024-11-26T15:07:01.729-0600] {dag.py:4180} INFO - Setting next_dagrun for dataset_alias_example_alias_consumer to None, run_after=None
[2024-11-26T15:07:01.730-0600] {logging_mixin.py:190} INFO - [2024-11-26T15:07:01.730-0600] {dag.py:4180} INFO - Setting next_dagrun for dataset_alias_example_alias_producer to None, run_after=None
[2024-11-26T15:07:01.730-0600] {logging_mixin.py:190} INFO - [2024-11-26T15:07:01.730-0600] {dag.py:4180} INFO - Setting next_dagrun for dataset_s3_bucket_consumer to None, run_after=None
[2024-11-26T15:07:01.731-0600] {logging_mixin.py:190} INFO - [2024-11-26T15:07:01.731-0600] {dag.py:4180} INFO - Setting next_dagrun for dataset_s3_bucket_producer to None, run_after=None
[2024-11-26T15:07:01.737-0600] {processor.py:208} INFO - Processing /Library/Frameworks/Python.framework/Versions/3.8/lib/python3.8/site-packages/airflow/example_dags/example_dataset_alias.py took 0.081 seconds
[2024-11-26T15:17:18.003-0600] {processor.py:186} INFO - Started process (PID=22455) to work on /Library/Frameworks/Python.framework/Versions/3.8/lib/python3.8/site-packages/airflow/example_dags/example_dataset_alias.py
[2024-11-26T15:17:18.004-0600] {processor.py:914} INFO - Processing file /Library/Frameworks/Python.framework/Versions/3.8/lib/python3.8/site-packages/airflow/example_dags/example_dataset_alias.py for tasks to queue
[2024-11-26T15:17:18.005-0600] {logging_mixin.py:190} INFO - [2024-11-26T15:17:18.005-0600] {dagbag.py:588} INFO - Filling up the DagBag from /Library/Frameworks/Python.framework/Versions/3.8/lib/python3.8/site-packages/airflow/example_dags/example_dataset_alias.py
[2024-11-26T15:17:18.057-0600] {processor.py:925} INFO - DAG(s) 'dataset_alias_example_alias_consumer', 'dataset_alias_example_alias_producer', 'dataset_s3_bucket_consumer', 'dataset_s3_bucket_producer' retrieved from /Library/Frameworks/Python.framework/Versions/3.8/lib/python3.8/site-packages/airflow/example_dags/example_dataset_alias.py
[2024-11-26T15:17:18.065-0600] {logging_mixin.py:190} INFO - [2024-11-26T15:17:18.064-0600] {dag.py:3239} INFO - Sync 4 DAGs
[2024-11-26T15:17:18.071-0600] {logging_mixin.py:190} INFO - [2024-11-26T15:17:18.071-0600] {dag.py:4180} INFO - Setting next_dagrun for dataset_alias_example_alias_consumer to None, run_after=None
[2024-11-26T15:17:18.071-0600] {logging_mixin.py:190} INFO - [2024-11-26T15:17:18.071-0600] {dag.py:4180} INFO - Setting next_dagrun for dataset_alias_example_alias_producer to None, run_after=None
[2024-11-26T15:17:18.072-0600] {logging_mixin.py:190} INFO - [2024-11-26T15:17:18.071-0600] {dag.py:4180} INFO - Setting next_dagrun for dataset_s3_bucket_consumer to None, run_after=None
[2024-11-26T15:17:18.072-0600] {logging_mixin.py:190} INFO - [2024-11-26T15:17:18.072-0600] {dag.py:4180} INFO - Setting next_dagrun for dataset_s3_bucket_producer to None, run_after=None
[2024-11-26T15:17:18.078-0600] {processor.py:208} INFO - Processing /Library/Frameworks/Python.framework/Versions/3.8/lib/python3.8/site-packages/airflow/example_dags/example_dataset_alias.py took 0.076 seconds
[2024-11-26T15:19:33.932-0600] {processor.py:186} INFO - Started process (PID=22718) to work on /Library/Frameworks/Python.framework/Versions/3.8/lib/python3.8/site-packages/airflow/example_dags/example_dataset_alias.py
[2024-11-26T15:19:33.933-0600] {processor.py:914} INFO - Processing file /Library/Frameworks/Python.framework/Versions/3.8/lib/python3.8/site-packages/airflow/example_dags/example_dataset_alias.py for tasks to queue
[2024-11-26T15:19:33.933-0600] {logging_mixin.py:190} INFO - [2024-11-26T15:19:33.933-0600] {dagbag.py:588} INFO - Filling up the DagBag from /Library/Frameworks/Python.framework/Versions/3.8/lib/python3.8/site-packages/airflow/example_dags/example_dataset_alias.py
[2024-11-26T15:19:33.985-0600] {processor.py:925} INFO - DAG(s) 'dataset_s3_bucket_producer', 'dataset_alias_example_alias_producer', 'dataset_s3_bucket_consumer', 'dataset_alias_example_alias_consumer' retrieved from /Library/Frameworks/Python.framework/Versions/3.8/lib/python3.8/site-packages/airflow/example_dags/example_dataset_alias.py
[2024-11-26T15:19:33.993-0600] {logging_mixin.py:190} INFO - [2024-11-26T15:19:33.993-0600] {dag.py:3239} INFO - Sync 4 DAGs
[2024-11-26T15:19:33.999-0600] {logging_mixin.py:190} INFO - [2024-11-26T15:19:33.999-0600] {dag.py:4180} INFO - Setting next_dagrun for dataset_alias_example_alias_consumer to None, run_after=None
[2024-11-26T15:19:34.000-0600] {logging_mixin.py:190} INFO - [2024-11-26T15:19:34.000-0600] {dag.py:4180} INFO - Setting next_dagrun for dataset_alias_example_alias_producer to None, run_after=None
[2024-11-26T15:19:34.000-0600] {logging_mixin.py:190} INFO - [2024-11-26T15:19:34.000-0600] {dag.py:4180} INFO - Setting next_dagrun for dataset_s3_bucket_consumer to None, run_after=None
[2024-11-26T15:19:34.000-0600] {logging_mixin.py:190} INFO - [2024-11-26T15:19:34.000-0600] {dag.py:4180} INFO - Setting next_dagrun for dataset_s3_bucket_producer to None, run_after=None
[2024-11-26T15:19:34.006-0600] {processor.py:208} INFO - Processing /Library/Frameworks/Python.framework/Versions/3.8/lib/python3.8/site-packages/airflow/example_dags/example_dataset_alias.py took 0.075 seconds
[2024-11-26T15:21:46.095-0600] {processor.py:186} INFO - Started process (PID=22976) to work on /Library/Frameworks/Python.framework/Versions/3.8/lib/python3.8/site-packages/airflow/example_dags/example_dataset_alias.py
[2024-11-26T15:21:46.095-0600] {processor.py:914} INFO - Processing file /Library/Frameworks/Python.framework/Versions/3.8/lib/python3.8/site-packages/airflow/example_dags/example_dataset_alias.py for tasks to queue
[2024-11-26T15:21:46.095-0600] {logging_mixin.py:190} INFO - [2024-11-26T15:21:46.095-0600] {dagbag.py:588} INFO - Filling up the DagBag from /Library/Frameworks/Python.framework/Versions/3.8/lib/python3.8/site-packages/airflow/example_dags/example_dataset_alias.py
[2024-11-26T15:21:46.150-0600] {processor.py:925} INFO - DAG(s) 'dataset_alias_example_alias_producer', 'dataset_alias_example_alias_consumer', 'dataset_s3_bucket_producer', 'dataset_s3_bucket_consumer' retrieved from /Library/Frameworks/Python.framework/Versions/3.8/lib/python3.8/site-packages/airflow/example_dags/example_dataset_alias.py
[2024-11-26T15:21:46.159-0600] {logging_mixin.py:190} INFO - [2024-11-26T15:21:46.159-0600] {dag.py:3239} INFO - Sync 4 DAGs
[2024-11-26T15:21:46.166-0600] {logging_mixin.py:190} INFO - [2024-11-26T15:21:46.166-0600] {dag.py:4180} INFO - Setting next_dagrun for dataset_alias_example_alias_consumer to None, run_after=None
[2024-11-26T15:21:46.167-0600] {logging_mixin.py:190} INFO - [2024-11-26T15:21:46.166-0600] {dag.py:4180} INFO - Setting next_dagrun for dataset_alias_example_alias_producer to None, run_after=None
[2024-11-26T15:21:46.167-0600] {logging_mixin.py:190} INFO - [2024-11-26T15:21:46.167-0600] {dag.py:4180} INFO - Setting next_dagrun for dataset_s3_bucket_consumer to None, run_after=None
[2024-11-26T15:21:46.167-0600] {logging_mixin.py:190} INFO - [2024-11-26T15:21:46.167-0600] {dag.py:4180} INFO - Setting next_dagrun for dataset_s3_bucket_producer to None, run_after=None
[2024-11-26T15:21:46.173-0600] {processor.py:208} INFO - Processing /Library/Frameworks/Python.framework/Versions/3.8/lib/python3.8/site-packages/airflow/example_dags/example_dataset_alias.py took 0.080 seconds
[2024-11-26T15:24:01.930-0600] {processor.py:186} INFO - Started process (PID=23250) to work on /Library/Frameworks/Python.framework/Versions/3.8/lib/python3.8/site-packages/airflow/example_dags/example_dataset_alias.py
[2024-11-26T15:24:01.931-0600] {processor.py:914} INFO - Processing file /Library/Frameworks/Python.framework/Versions/3.8/lib/python3.8/site-packages/airflow/example_dags/example_dataset_alias.py for tasks to queue
[2024-11-26T15:24:01.931-0600] {logging_mixin.py:190} INFO - [2024-11-26T15:24:01.931-0600] {dagbag.py:588} INFO - Filling up the DagBag from /Library/Frameworks/Python.framework/Versions/3.8/lib/python3.8/site-packages/airflow/example_dags/example_dataset_alias.py
[2024-11-26T15:24:01.984-0600] {processor.py:925} INFO - DAG(s) 'dataset_s3_bucket_producer', 'dataset_alias_example_alias_consumer', 'dataset_alias_example_alias_producer', 'dataset_s3_bucket_consumer' retrieved from /Library/Frameworks/Python.framework/Versions/3.8/lib/python3.8/site-packages/airflow/example_dags/example_dataset_alias.py
[2024-11-26T15:24:01.992-0600] {logging_mixin.py:190} INFO - [2024-11-26T15:24:01.992-0600] {dag.py:3239} INFO - Sync 4 DAGs
[2024-11-26T15:24:01.998-0600] {logging_mixin.py:190} INFO - [2024-11-26T15:24:01.998-0600] {dag.py:4180} INFO - Setting next_dagrun for dataset_alias_example_alias_consumer to None, run_after=None
[2024-11-26T15:24:01.999-0600] {logging_mixin.py:190} INFO - [2024-11-26T15:24:01.999-0600] {dag.py:4180} INFO - Setting next_dagrun for dataset_alias_example_alias_producer to None, run_after=None
[2024-11-26T15:24:01.999-0600] {logging_mixin.py:190} INFO - [2024-11-26T15:24:01.999-0600] {dag.py:4180} INFO - Setting next_dagrun for dataset_s3_bucket_consumer to None, run_after=None
[2024-11-26T15:24:01.999-0600] {logging_mixin.py:190} INFO - [2024-11-26T15:24:01.999-0600] {dag.py:4180} INFO - Setting next_dagrun for dataset_s3_bucket_producer to None, run_after=None
[2024-11-26T15:24:02.005-0600] {processor.py:208} INFO - Processing /Library/Frameworks/Python.framework/Versions/3.8/lib/python3.8/site-packages/airflow/example_dags/example_dataset_alias.py took 0.076 seconds
[2024-11-26T15:34:12.279-0600] {processor.py:186} INFO - Started process (PID=23549) to work on /Library/Frameworks/Python.framework/Versions/3.8/lib/python3.8/site-packages/airflow/example_dags/example_dataset_alias.py
[2024-11-26T15:34:12.280-0600] {processor.py:914} INFO - Processing file /Library/Frameworks/Python.framework/Versions/3.8/lib/python3.8/site-packages/airflow/example_dags/example_dataset_alias.py for tasks to queue
[2024-11-26T15:34:12.281-0600] {logging_mixin.py:190} INFO - [2024-11-26T15:34:12.281-0600] {dagbag.py:588} INFO - Filling up the DagBag from /Library/Frameworks/Python.framework/Versions/3.8/lib/python3.8/site-packages/airflow/example_dags/example_dataset_alias.py
[2024-11-26T15:34:12.333-0600] {processor.py:925} INFO - DAG(s) 'dataset_alias_example_alias_producer', 'dataset_s3_bucket_consumer', 'dataset_s3_bucket_producer', 'dataset_alias_example_alias_consumer' retrieved from /Library/Frameworks/Python.framework/Versions/3.8/lib/python3.8/site-packages/airflow/example_dags/example_dataset_alias.py
[2024-11-26T15:34:12.341-0600] {logging_mixin.py:190} INFO - [2024-11-26T15:34:12.341-0600] {dag.py:3239} INFO - Sync 4 DAGs
[2024-11-26T15:34:12.347-0600] {logging_mixin.py:190} INFO - [2024-11-26T15:34:12.347-0600] {dag.py:4180} INFO - Setting next_dagrun for dataset_alias_example_alias_consumer to None, run_after=None
[2024-11-26T15:34:12.348-0600] {logging_mixin.py:190} INFO - [2024-11-26T15:34:12.348-0600] {dag.py:4180} INFO - Setting next_dagrun for dataset_alias_example_alias_producer to None, run_after=None
[2024-11-26T15:34:12.348-0600] {logging_mixin.py:190} INFO - [2024-11-26T15:34:12.348-0600] {dag.py:4180} INFO - Setting next_dagrun for dataset_s3_bucket_consumer to None, run_after=None
[2024-11-26T15:34:12.348-0600] {logging_mixin.py:190} INFO - [2024-11-26T15:34:12.348-0600] {dag.py:4180} INFO - Setting next_dagrun for dataset_s3_bucket_producer to None, run_after=None
[2024-11-26T15:34:12.354-0600] {processor.py:208} INFO - Processing /Library/Frameworks/Python.framework/Versions/3.8/lib/python3.8/site-packages/airflow/example_dags/example_dataset_alias.py took 0.076 seconds
[2024-11-26T15:36:29.644-0600] {processor.py:186} INFO - Started process (PID=23815) to work on /Library/Frameworks/Python.framework/Versions/3.8/lib/python3.8/site-packages/airflow/example_dags/example_dataset_alias.py
[2024-11-26T15:36:29.645-0600] {processor.py:914} INFO - Processing file /Library/Frameworks/Python.framework/Versions/3.8/lib/python3.8/site-packages/airflow/example_dags/example_dataset_alias.py for tasks to queue
[2024-11-26T15:36:29.645-0600] {logging_mixin.py:190} INFO - [2024-11-26T15:36:29.645-0600] {dagbag.py:588} INFO - Filling up the DagBag from /Library/Frameworks/Python.framework/Versions/3.8/lib/python3.8/site-packages/airflow/example_dags/example_dataset_alias.py
[2024-11-26T15:36:29.699-0600] {processor.py:925} INFO - DAG(s) 'dataset_alias_example_alias_producer', 'dataset_alias_example_alias_consumer', 'dataset_s3_bucket_producer', 'dataset_s3_bucket_consumer' retrieved from /Library/Frameworks/Python.framework/Versions/3.8/lib/python3.8/site-packages/airflow/example_dags/example_dataset_alias.py
[2024-11-26T15:36:29.707-0600] {logging_mixin.py:190} INFO - [2024-11-26T15:36:29.707-0600] {dag.py:3239} INFO - Sync 4 DAGs
[2024-11-26T15:36:29.714-0600] {logging_mixin.py:190} INFO - [2024-11-26T15:36:29.713-0600] {dag.py:4180} INFO - Setting next_dagrun for dataset_alias_example_alias_consumer to None, run_after=None
[2024-11-26T15:36:29.714-0600] {logging_mixin.py:190} INFO - [2024-11-26T15:36:29.714-0600] {dag.py:4180} INFO - Setting next_dagrun for dataset_alias_example_alias_producer to None, run_after=None
[2024-11-26T15:36:29.715-0600] {logging_mixin.py:190} INFO - [2024-11-26T15:36:29.715-0600] {dag.py:4180} INFO - Setting next_dagrun for dataset_s3_bucket_consumer to None, run_after=None
[2024-11-26T15:36:29.715-0600] {logging_mixin.py:190} INFO - [2024-11-26T15:36:29.715-0600] {dag.py:4180} INFO - Setting next_dagrun for dataset_s3_bucket_producer to None, run_after=None
[2024-11-26T15:36:29.721-0600] {processor.py:208} INFO - Processing /Library/Frameworks/Python.framework/Versions/3.8/lib/python3.8/site-packages/airflow/example_dags/example_dataset_alias.py took 0.079 seconds
[2024-11-26T15:38:46.572-0600] {processor.py:186} INFO - Started process (PID=24070) to work on /Library/Frameworks/Python.framework/Versions/3.8/lib/python3.8/site-packages/airflow/example_dags/example_dataset_alias.py
[2024-11-26T15:38:46.572-0600] {processor.py:914} INFO - Processing file /Library/Frameworks/Python.framework/Versions/3.8/lib/python3.8/site-packages/airflow/example_dags/example_dataset_alias.py for tasks to queue
[2024-11-26T15:38:46.573-0600] {logging_mixin.py:190} INFO - [2024-11-26T15:38:46.573-0600] {dagbag.py:588} INFO - Filling up the DagBag from /Library/Frameworks/Python.framework/Versions/3.8/lib/python3.8/site-packages/airflow/example_dags/example_dataset_alias.py
[2024-11-26T15:38:46.626-0600] {processor.py:925} INFO - DAG(s) 'dataset_alias_example_alias_producer', 'dataset_alias_example_alias_consumer', 'dataset_s3_bucket_producer', 'dataset_s3_bucket_consumer' retrieved from /Library/Frameworks/Python.framework/Versions/3.8/lib/python3.8/site-packages/airflow/example_dags/example_dataset_alias.py
[2024-11-26T15:38:46.633-0600] {logging_mixin.py:190} INFO - [2024-11-26T15:38:46.633-0600] {dag.py:3239} INFO - Sync 4 DAGs
[2024-11-26T15:38:46.640-0600] {logging_mixin.py:190} INFO - [2024-11-26T15:38:46.640-0600] {dag.py:4180} INFO - Setting next_dagrun for dataset_alias_example_alias_consumer to None, run_after=None
[2024-11-26T15:38:46.640-0600] {logging_mixin.py:190} INFO - [2024-11-26T15:38:46.640-0600] {dag.py:4180} INFO - Setting next_dagrun for dataset_alias_example_alias_producer to None, run_after=None
[2024-11-26T15:38:46.641-0600] {logging_mixin.py:190} INFO - [2024-11-26T15:38:46.641-0600] {dag.py:4180} INFO - Setting next_dagrun for dataset_s3_bucket_consumer to None, run_after=None
[2024-11-26T15:38:46.641-0600] {logging_mixin.py:190} INFO - [2024-11-26T15:38:46.641-0600] {dag.py:4180} INFO - Setting next_dagrun for dataset_s3_bucket_producer to None, run_after=None
[2024-11-26T15:38:46.647-0600] {processor.py:208} INFO - Processing /Library/Frameworks/Python.framework/Versions/3.8/lib/python3.8/site-packages/airflow/example_dags/example_dataset_alias.py took 0.076 seconds
[2024-11-26T15:41:00.318-0600] {processor.py:186} INFO - Started process (PID=24330) to work on /Library/Frameworks/Python.framework/Versions/3.8/lib/python3.8/site-packages/airflow/example_dags/example_dataset_alias.py
[2024-11-26T15:41:00.319-0600] {processor.py:914} INFO - Processing file /Library/Frameworks/Python.framework/Versions/3.8/lib/python3.8/site-packages/airflow/example_dags/example_dataset_alias.py for tasks to queue
[2024-11-26T15:41:00.319-0600] {logging_mixin.py:190} INFO - [2024-11-26T15:41:00.319-0600] {dagbag.py:588} INFO - Filling up the DagBag from /Library/Frameworks/Python.framework/Versions/3.8/lib/python3.8/site-packages/airflow/example_dags/example_dataset_alias.py
[2024-11-26T15:41:00.373-0600] {processor.py:925} INFO - DAG(s) 'dataset_s3_bucket_producer', 'dataset_alias_example_alias_consumer', 'dataset_alias_example_alias_producer', 'dataset_s3_bucket_consumer' retrieved from /Library/Frameworks/Python.framework/Versions/3.8/lib/python3.8/site-packages/airflow/example_dags/example_dataset_alias.py
[2024-11-26T15:41:00.381-0600] {logging_mixin.py:190} INFO - [2024-11-26T15:41:00.381-0600] {dag.py:3239} INFO - Sync 4 DAGs
[2024-11-26T15:41:00.387-0600] {logging_mixin.py:190} INFO - [2024-11-26T15:41:00.387-0600] {dag.py:4180} INFO - Setting next_dagrun for dataset_alias_example_alias_consumer to None, run_after=None
[2024-11-26T15:41:00.388-0600] {logging_mixin.py:190} INFO - [2024-11-26T15:41:00.387-0600] {dag.py:4180} INFO - Setting next_dagrun for dataset_alias_example_alias_producer to None, run_after=None
[2024-11-26T15:41:00.388-0600] {logging_mixin.py:190} INFO - [2024-11-26T15:41:00.388-0600] {dag.py:4180} INFO - Setting next_dagrun for dataset_s3_bucket_consumer to None, run_after=None
[2024-11-26T15:41:00.388-0600] {logging_mixin.py:190} INFO - [2024-11-26T15:41:00.388-0600] {dag.py:4180} INFO - Setting next_dagrun for dataset_s3_bucket_producer to None, run_after=None
[2024-11-26T15:41:00.394-0600] {processor.py:208} INFO - Processing /Library/Frameworks/Python.framework/Versions/3.8/lib/python3.8/site-packages/airflow/example_dags/example_dataset_alias.py took 0.077 seconds
[2024-11-26T15:43:15.993-0600] {processor.py:186} INFO - Started process (PID=24578) to work on /Library/Frameworks/Python.framework/Versions/3.8/lib/python3.8/site-packages/airflow/example_dags/example_dataset_alias.py
[2024-11-26T15:43:15.993-0600] {processor.py:914} INFO - Processing file /Library/Frameworks/Python.framework/Versions/3.8/lib/python3.8/site-packages/airflow/example_dags/example_dataset_alias.py for tasks to queue
[2024-11-26T15:43:15.994-0600] {logging_mixin.py:190} INFO - [2024-11-26T15:43:15.993-0600] {dagbag.py:588} INFO - Filling up the DagBag from /Library/Frameworks/Python.framework/Versions/3.8/lib/python3.8/site-packages/airflow/example_dags/example_dataset_alias.py
[2024-11-26T15:43:16.049-0600] {processor.py:925} INFO - DAG(s) 'dataset_alias_example_alias_producer', 'dataset_s3_bucket_producer', 'dataset_s3_bucket_consumer', 'dataset_alias_example_alias_consumer' retrieved from /Library/Frameworks/Python.framework/Versions/3.8/lib/python3.8/site-packages/airflow/example_dags/example_dataset_alias.py
[2024-11-26T15:43:16.057-0600] {logging_mixin.py:190} INFO - [2024-11-26T15:43:16.057-0600] {dag.py:3239} INFO - Sync 4 DAGs
[2024-11-26T15:43:16.064-0600] {logging_mixin.py:190} INFO - [2024-11-26T15:43:16.064-0600] {dag.py:4180} INFO - Setting next_dagrun for dataset_alias_example_alias_consumer to None, run_after=None
[2024-11-26T15:43:16.065-0600] {logging_mixin.py:190} INFO - [2024-11-26T15:43:16.065-0600] {dag.py:4180} INFO - Setting next_dagrun for dataset_alias_example_alias_producer to None, run_after=None
[2024-11-26T15:43:16.065-0600] {logging_mixin.py:190} INFO - [2024-11-26T15:43:16.065-0600] {dag.py:4180} INFO - Setting next_dagrun for dataset_s3_bucket_consumer to None, run_after=None
[2024-11-26T15:43:16.065-0600] {logging_mixin.py:190} INFO - [2024-11-26T15:43:16.065-0600] {dag.py:4180} INFO - Setting next_dagrun for dataset_s3_bucket_producer to None, run_after=None
[2024-11-26T15:43:16.072-0600] {processor.py:208} INFO - Processing /Library/Frameworks/Python.framework/Versions/3.8/lib/python3.8/site-packages/airflow/example_dags/example_dataset_alias.py took 0.080 seconds
[2024-11-26T15:45:31.765-0600] {processor.py:186} INFO - Started process (PID=24830) to work on /Library/Frameworks/Python.framework/Versions/3.8/lib/python3.8/site-packages/airflow/example_dags/example_dataset_alias.py
[2024-11-26T15:45:31.766-0600] {processor.py:914} INFO - Processing file /Library/Frameworks/Python.framework/Versions/3.8/lib/python3.8/site-packages/airflow/example_dags/example_dataset_alias.py for tasks to queue
[2024-11-26T15:45:31.766-0600] {logging_mixin.py:190} INFO - [2024-11-26T15:45:31.766-0600] {dagbag.py:588} INFO - Filling up the DagBag from /Library/Frameworks/Python.framework/Versions/3.8/lib/python3.8/site-packages/airflow/example_dags/example_dataset_alias.py
[2024-11-26T15:45:31.822-0600] {processor.py:925} INFO - DAG(s) 'dataset_s3_bucket_producer', 'dataset_s3_bucket_consumer', 'dataset_alias_example_alias_consumer', 'dataset_alias_example_alias_producer' retrieved from /Library/Frameworks/Python.framework/Versions/3.8/lib/python3.8/site-packages/airflow/example_dags/example_dataset_alias.py
[2024-11-26T15:45:31.830-0600] {logging_mixin.py:190} INFO - [2024-11-26T15:45:31.830-0600] {dag.py:3239} INFO - Sync 4 DAGs
[2024-11-26T15:45:31.836-0600] {logging_mixin.py:190} INFO - [2024-11-26T15:45:31.836-0600] {dag.py:4180} INFO - Setting next_dagrun for dataset_alias_example_alias_consumer to None, run_after=None
[2024-11-26T15:45:31.837-0600] {logging_mixin.py:190} INFO - [2024-11-26T15:45:31.837-0600] {dag.py:4180} INFO - Setting next_dagrun for dataset_alias_example_alias_producer to None, run_after=None
[2024-11-26T15:45:31.837-0600] {logging_mixin.py:190} INFO - [2024-11-26T15:45:31.837-0600] {dag.py:4180} INFO - Setting next_dagrun for dataset_s3_bucket_consumer to None, run_after=None
[2024-11-26T15:45:31.837-0600] {logging_mixin.py:190} INFO - [2024-11-26T15:45:31.837-0600] {dag.py:4180} INFO - Setting next_dagrun for dataset_s3_bucket_producer to None, run_after=None
[2024-11-26T15:45:31.844-0600] {processor.py:208} INFO - Processing /Library/Frameworks/Python.framework/Versions/3.8/lib/python3.8/site-packages/airflow/example_dags/example_dataset_alias.py took 0.080 seconds
[2024-11-26T15:47:43.104-0600] {processor.py:186} INFO - Started process (PID=25083) to work on /Library/Frameworks/Python.framework/Versions/3.8/lib/python3.8/site-packages/airflow/example_dags/example_dataset_alias.py
[2024-11-26T15:47:43.105-0600] {processor.py:914} INFO - Processing file /Library/Frameworks/Python.framework/Versions/3.8/lib/python3.8/site-packages/airflow/example_dags/example_dataset_alias.py for tasks to queue
[2024-11-26T15:47:43.105-0600] {logging_mixin.py:190} INFO - [2024-11-26T15:47:43.105-0600] {dagbag.py:588} INFO - Filling up the DagBag from /Library/Frameworks/Python.framework/Versions/3.8/lib/python3.8/site-packages/airflow/example_dags/example_dataset_alias.py
[2024-11-26T15:47:43.160-0600] {processor.py:925} INFO - DAG(s) 'dataset_alias_example_alias_producer', 'dataset_s3_bucket_consumer', 'dataset_alias_example_alias_consumer', 'dataset_s3_bucket_producer' retrieved from /Library/Frameworks/Python.framework/Versions/3.8/lib/python3.8/site-packages/airflow/example_dags/example_dataset_alias.py
[2024-11-26T15:47:43.168-0600] {logging_mixin.py:190} INFO - [2024-11-26T15:47:43.168-0600] {dag.py:3239} INFO - Sync 4 DAGs
[2024-11-26T15:47:43.174-0600] {logging_mixin.py:190} INFO - [2024-11-26T15:47:43.174-0600] {dag.py:4180} INFO - Setting next_dagrun for dataset_alias_example_alias_consumer to None, run_after=None
[2024-11-26T15:47:43.175-0600] {logging_mixin.py:190} INFO - [2024-11-26T15:47:43.175-0600] {dag.py:4180} INFO - Setting next_dagrun for dataset_alias_example_alias_producer to None, run_after=None
[2024-11-26T15:47:43.175-0600] {logging_mixin.py:190} INFO - [2024-11-26T15:47:43.175-0600] {dag.py:4180} INFO - Setting next_dagrun for dataset_s3_bucket_consumer to None, run_after=None
[2024-11-26T15:47:43.175-0600] {logging_mixin.py:190} INFO - [2024-11-26T15:47:43.175-0600] {dag.py:4180} INFO - Setting next_dagrun for dataset_s3_bucket_producer to None, run_after=None
[2024-11-26T15:47:43.181-0600] {processor.py:208} INFO - Processing /Library/Frameworks/Python.framework/Versions/3.8/lib/python3.8/site-packages/airflow/example_dags/example_dataset_alias.py took 0.078 seconds
[2024-11-26T15:49:56.490-0600] {processor.py:186} INFO - Started process (PID=25340) to work on /Library/Frameworks/Python.framework/Versions/3.8/lib/python3.8/site-packages/airflow/example_dags/example_dataset_alias.py
[2024-11-26T15:49:56.491-0600] {processor.py:914} INFO - Processing file /Library/Frameworks/Python.framework/Versions/3.8/lib/python3.8/site-packages/airflow/example_dags/example_dataset_alias.py for tasks to queue
[2024-11-26T15:49:56.491-0600] {logging_mixin.py:190} INFO - [2024-11-26T15:49:56.491-0600] {dagbag.py:588} INFO - Filling up the DagBag from /Library/Frameworks/Python.framework/Versions/3.8/lib/python3.8/site-packages/airflow/example_dags/example_dataset_alias.py
[2024-11-26T15:49:56.547-0600] {processor.py:925} INFO - DAG(s) 'dataset_s3_bucket_producer', 'dataset_s3_bucket_consumer', 'dataset_alias_example_alias_producer', 'dataset_alias_example_alias_consumer' retrieved from /Library/Frameworks/Python.framework/Versions/3.8/lib/python3.8/site-packages/airflow/example_dags/example_dataset_alias.py
[2024-11-26T15:49:56.555-0600] {logging_mixin.py:190} INFO - [2024-11-26T15:49:56.555-0600] {dag.py:3239} INFO - Sync 4 DAGs
[2024-11-26T15:49:56.562-0600] {logging_mixin.py:190} INFO - [2024-11-26T15:49:56.562-0600] {dag.py:4180} INFO - Setting next_dagrun for dataset_alias_example_alias_consumer to None, run_after=None
[2024-11-26T15:49:56.562-0600] {logging_mixin.py:190} INFO - [2024-11-26T15:49:56.562-0600] {dag.py:4180} INFO - Setting next_dagrun for dataset_alias_example_alias_producer to None, run_after=None
[2024-11-26T15:49:56.563-0600] {logging_mixin.py:190} INFO - [2024-11-26T15:49:56.563-0600] {dag.py:4180} INFO - Setting next_dagrun for dataset_s3_bucket_consumer to None, run_after=None
[2024-11-26T15:49:56.563-0600] {logging_mixin.py:190} INFO - [2024-11-26T15:49:56.563-0600] {dag.py:4180} INFO - Setting next_dagrun for dataset_s3_bucket_producer to None, run_after=None
[2024-11-26T15:49:56.569-0600] {processor.py:208} INFO - Processing /Library/Frameworks/Python.framework/Versions/3.8/lib/python3.8/site-packages/airflow/example_dags/example_dataset_alias.py took 0.081 seconds
[2024-11-26T15:52:11.643-0600] {processor.py:186} INFO - Started process (PID=25599) to work on /Library/Frameworks/Python.framework/Versions/3.8/lib/python3.8/site-packages/airflow/example_dags/example_dataset_alias.py
[2024-11-26T15:52:11.645-0600] {processor.py:914} INFO - Processing file /Library/Frameworks/Python.framework/Versions/3.8/lib/python3.8/site-packages/airflow/example_dags/example_dataset_alias.py for tasks to queue
[2024-11-26T15:52:11.645-0600] {logging_mixin.py:190} INFO - [2024-11-26T15:52:11.645-0600] {dagbag.py:588} INFO - Filling up the DagBag from /Library/Frameworks/Python.framework/Versions/3.8/lib/python3.8/site-packages/airflow/example_dags/example_dataset_alias.py
[2024-11-26T15:52:11.699-0600] {processor.py:925} INFO - DAG(s) 'dataset_s3_bucket_consumer', 'dataset_s3_bucket_producer', 'dataset_alias_example_alias_consumer', 'dataset_alias_example_alias_producer' retrieved from /Library/Frameworks/Python.framework/Versions/3.8/lib/python3.8/site-packages/airflow/example_dags/example_dataset_alias.py
[2024-11-26T15:52:11.706-0600] {logging_mixin.py:190} INFO - [2024-11-26T15:52:11.706-0600] {dag.py:3239} INFO - Sync 4 DAGs
[2024-11-26T15:52:11.713-0600] {logging_mixin.py:190} INFO - [2024-11-26T15:52:11.712-0600] {dag.py:4180} INFO - Setting next_dagrun for dataset_alias_example_alias_consumer to None, run_after=None
[2024-11-26T15:52:11.713-0600] {logging_mixin.py:190} INFO - [2024-11-26T15:52:11.713-0600] {dag.py:4180} INFO - Setting next_dagrun for dataset_alias_example_alias_producer to None, run_after=None
[2024-11-26T15:52:11.714-0600] {logging_mixin.py:190} INFO - [2024-11-26T15:52:11.713-0600] {dag.py:4180} INFO - Setting next_dagrun for dataset_s3_bucket_consumer to None, run_after=None
[2024-11-26T15:52:11.714-0600] {logging_mixin.py:190} INFO - [2024-11-26T15:52:11.714-0600] {dag.py:4180} INFO - Setting next_dagrun for dataset_s3_bucket_producer to None, run_after=None
[2024-11-26T15:52:11.720-0600] {processor.py:208} INFO - Processing /Library/Frameworks/Python.framework/Versions/3.8/lib/python3.8/site-packages/airflow/example_dags/example_dataset_alias.py took 0.079 seconds
[2024-11-26T15:54:37.186-0600] {processor.py:186} INFO - Started process (PID=25862) to work on /Library/Frameworks/Python.framework/Versions/3.8/lib/python3.8/site-packages/airflow/example_dags/example_dataset_alias.py
[2024-11-26T15:54:37.187-0600] {processor.py:914} INFO - Processing file /Library/Frameworks/Python.framework/Versions/3.8/lib/python3.8/site-packages/airflow/example_dags/example_dataset_alias.py for tasks to queue
[2024-11-26T15:54:37.187-0600] {logging_mixin.py:190} INFO - [2024-11-26T15:54:37.187-0600] {dagbag.py:588} INFO - Filling up the DagBag from /Library/Frameworks/Python.framework/Versions/3.8/lib/python3.8/site-packages/airflow/example_dags/example_dataset_alias.py
[2024-11-26T15:54:37.241-0600] {processor.py:925} INFO - DAG(s) 'dataset_alias_example_alias_producer', 'dataset_s3_bucket_producer', 'dataset_s3_bucket_consumer', 'dataset_alias_example_alias_consumer' retrieved from /Library/Frameworks/Python.framework/Versions/3.8/lib/python3.8/site-packages/airflow/example_dags/example_dataset_alias.py
[2024-11-26T15:54:37.249-0600] {logging_mixin.py:190} INFO - [2024-11-26T15:54:37.249-0600] {dag.py:3239} INFO - Sync 4 DAGs
[2024-11-26T15:54:37.255-0600] {logging_mixin.py:190} INFO - [2024-11-26T15:54:37.255-0600] {dag.py:4180} INFO - Setting next_dagrun for dataset_alias_example_alias_consumer to None, run_after=None
[2024-11-26T15:54:37.256-0600] {logging_mixin.py:190} INFO - [2024-11-26T15:54:37.256-0600] {dag.py:4180} INFO - Setting next_dagrun for dataset_alias_example_alias_producer to None, run_after=None
[2024-11-26T15:54:37.256-0600] {logging_mixin.py:190} INFO - [2024-11-26T15:54:37.256-0600] {dag.py:4180} INFO - Setting next_dagrun for dataset_s3_bucket_consumer to None, run_after=None
[2024-11-26T15:54:37.256-0600] {logging_mixin.py:190} INFO - [2024-11-26T15:54:37.256-0600] {dag.py:4180} INFO - Setting next_dagrun for dataset_s3_bucket_producer to None, run_after=None
[2024-11-26T15:54:37.262-0600] {processor.py:208} INFO - Processing /Library/Frameworks/Python.framework/Versions/3.8/lib/python3.8/site-packages/airflow/example_dags/example_dataset_alias.py took 0.078 seconds
[2024-11-26T15:56:54.419-0600] {processor.py:186} INFO - Started process (PID=26175) to work on /Library/Frameworks/Python.framework/Versions/3.8/lib/python3.8/site-packages/airflow/example_dags/example_dataset_alias.py
[2024-11-26T15:56:54.420-0600] {processor.py:914} INFO - Processing file /Library/Frameworks/Python.framework/Versions/3.8/lib/python3.8/site-packages/airflow/example_dags/example_dataset_alias.py for tasks to queue
[2024-11-26T15:56:54.421-0600] {logging_mixin.py:190} INFO - [2024-11-26T15:56:54.421-0600] {dagbag.py:588} INFO - Filling up the DagBag from /Library/Frameworks/Python.framework/Versions/3.8/lib/python3.8/site-packages/airflow/example_dags/example_dataset_alias.py
[2024-11-26T15:56:54.474-0600] {processor.py:925} INFO - DAG(s) 'dataset_s3_bucket_producer', 'dataset_alias_example_alias_producer', 'dataset_s3_bucket_consumer', 'dataset_alias_example_alias_consumer' retrieved from /Library/Frameworks/Python.framework/Versions/3.8/lib/python3.8/site-packages/airflow/example_dags/example_dataset_alias.py
[2024-11-26T15:56:54.481-0600] {logging_mixin.py:190} INFO - [2024-11-26T15:56:54.481-0600] {dag.py:3239} INFO - Sync 4 DAGs
[2024-11-26T15:56:54.487-0600] {logging_mixin.py:190} INFO - [2024-11-26T15:56:54.487-0600] {dag.py:4180} INFO - Setting next_dagrun for dataset_alias_example_alias_consumer to None, run_after=None
[2024-11-26T15:56:54.488-0600] {logging_mixin.py:190} INFO - [2024-11-26T15:56:54.488-0600] {dag.py:4180} INFO - Setting next_dagrun for dataset_alias_example_alias_producer to None, run_after=None
[2024-11-26T15:56:54.488-0600] {logging_mixin.py:190} INFO - [2024-11-26T15:56:54.488-0600] {dag.py:4180} INFO - Setting next_dagrun for dataset_s3_bucket_consumer to None, run_after=None
[2024-11-26T15:56:54.488-0600] {logging_mixin.py:190} INFO - [2024-11-26T15:56:54.488-0600] {dag.py:4180} INFO - Setting next_dagrun for dataset_s3_bucket_producer to None, run_after=None
[2024-11-26T15:56:54.495-0600] {processor.py:208} INFO - Processing /Library/Frameworks/Python.framework/Versions/3.8/lib/python3.8/site-packages/airflow/example_dags/example_dataset_alias.py took 0.077 seconds
[2024-11-26T15:59:08.927-0600] {processor.py:186} INFO - Started process (PID=26442) to work on /Library/Frameworks/Python.framework/Versions/3.8/lib/python3.8/site-packages/airflow/example_dags/example_dataset_alias.py
[2024-11-26T15:59:08.927-0600] {processor.py:914} INFO - Processing file /Library/Frameworks/Python.framework/Versions/3.8/lib/python3.8/site-packages/airflow/example_dags/example_dataset_alias.py for tasks to queue
[2024-11-26T15:59:08.927-0600] {logging_mixin.py:190} INFO - [2024-11-26T15:59:08.927-0600] {dagbag.py:588} INFO - Filling up the DagBag from /Library/Frameworks/Python.framework/Versions/3.8/lib/python3.8/site-packages/airflow/example_dags/example_dataset_alias.py
[2024-11-26T15:59:08.981-0600] {processor.py:925} INFO - DAG(s) 'dataset_s3_bucket_producer', 'dataset_s3_bucket_consumer', 'dataset_alias_example_alias_consumer', 'dataset_alias_example_alias_producer' retrieved from /Library/Frameworks/Python.framework/Versions/3.8/lib/python3.8/site-packages/airflow/example_dags/example_dataset_alias.py
[2024-11-26T15:59:08.989-0600] {logging_mixin.py:190} INFO - [2024-11-26T15:59:08.988-0600] {dag.py:3239} INFO - Sync 4 DAGs
[2024-11-26T15:59:08.995-0600] {logging_mixin.py:190} INFO - [2024-11-26T15:59:08.995-0600] {dag.py:4180} INFO - Setting next_dagrun for dataset_alias_example_alias_consumer to None, run_after=None
[2024-11-26T15:59:08.995-0600] {logging_mixin.py:190} INFO - [2024-11-26T15:59:08.995-0600] {dag.py:4180} INFO - Setting next_dagrun for dataset_alias_example_alias_producer to None, run_after=None
[2024-11-26T15:59:08.996-0600] {logging_mixin.py:190} INFO - [2024-11-26T15:59:08.996-0600] {dag.py:4180} INFO - Setting next_dagrun for dataset_s3_bucket_consumer to None, run_after=None
[2024-11-26T15:59:08.996-0600] {logging_mixin.py:190} INFO - [2024-11-26T15:59:08.996-0600] {dag.py:4180} INFO - Setting next_dagrun for dataset_s3_bucket_producer to None, run_after=None
[2024-11-26T15:59:09.002-0600] {processor.py:208} INFO - Processing /Library/Frameworks/Python.framework/Versions/3.8/lib/python3.8/site-packages/airflow/example_dags/example_dataset_alias.py took 0.077 seconds
[2024-11-26T16:01:26.350-0600] {processor.py:186} INFO - Started process (PID=26717) to work on /Library/Frameworks/Python.framework/Versions/3.8/lib/python3.8/site-packages/airflow/example_dags/example_dataset_alias.py
[2024-11-26T16:01:26.351-0600] {processor.py:914} INFO - Processing file /Library/Frameworks/Python.framework/Versions/3.8/lib/python3.8/site-packages/airflow/example_dags/example_dataset_alias.py for tasks to queue
[2024-11-26T16:01:26.351-0600] {logging_mixin.py:190} INFO - [2024-11-26T16:01:26.351-0600] {dagbag.py:588} INFO - Filling up the DagBag from /Library/Frameworks/Python.framework/Versions/3.8/lib/python3.8/site-packages/airflow/example_dags/example_dataset_alias.py
[2024-11-26T16:01:26.407-0600] {processor.py:925} INFO - DAG(s) 'dataset_s3_bucket_producer', 'dataset_alias_example_alias_consumer', 'dataset_s3_bucket_consumer', 'dataset_alias_example_alias_producer' retrieved from /Library/Frameworks/Python.framework/Versions/3.8/lib/python3.8/site-packages/airflow/example_dags/example_dataset_alias.py
[2024-11-26T16:01:26.415-0600] {logging_mixin.py:190} INFO - [2024-11-26T16:01:26.415-0600] {dag.py:3239} INFO - Sync 4 DAGs
[2024-11-26T16:01:26.421-0600] {logging_mixin.py:190} INFO - [2024-11-26T16:01:26.421-0600] {dag.py:4180} INFO - Setting next_dagrun for dataset_alias_example_alias_consumer to None, run_after=None
[2024-11-26T16:01:26.422-0600] {logging_mixin.py:190} INFO - [2024-11-26T16:01:26.422-0600] {dag.py:4180} INFO - Setting next_dagrun for dataset_alias_example_alias_producer to None, run_after=None
[2024-11-26T16:01:26.422-0600] {logging_mixin.py:190} INFO - [2024-11-26T16:01:26.422-0600] {dag.py:4180} INFO - Setting next_dagrun for dataset_s3_bucket_consumer to None, run_after=None
[2024-11-26T16:01:26.423-0600] {logging_mixin.py:190} INFO - [2024-11-26T16:01:26.423-0600] {dag.py:4180} INFO - Setting next_dagrun for dataset_s3_bucket_producer to None, run_after=None
[2024-11-26T16:01:26.429-0600] {processor.py:208} INFO - Processing /Library/Frameworks/Python.framework/Versions/3.8/lib/python3.8/site-packages/airflow/example_dags/example_dataset_alias.py took 0.080 seconds
[2024-11-26T16:03:37.891-0600] {processor.py:186} INFO - Started process (PID=26963) to work on /Library/Frameworks/Python.framework/Versions/3.8/lib/python3.8/site-packages/airflow/example_dags/example_dataset_alias.py
[2024-11-26T16:03:37.892-0600] {processor.py:914} INFO - Processing file /Library/Frameworks/Python.framework/Versions/3.8/lib/python3.8/site-packages/airflow/example_dags/example_dataset_alias.py for tasks to queue
[2024-11-26T16:03:37.893-0600] {logging_mixin.py:190} INFO - [2024-11-26T16:03:37.893-0600] {dagbag.py:588} INFO - Filling up the DagBag from /Library/Frameworks/Python.framework/Versions/3.8/lib/python3.8/site-packages/airflow/example_dags/example_dataset_alias.py
[2024-11-26T16:03:37.949-0600] {processor.py:925} INFO - DAG(s) 'dataset_s3_bucket_consumer', 'dataset_alias_example_alias_producer', 'dataset_s3_bucket_producer', 'dataset_alias_example_alias_consumer' retrieved from /Library/Frameworks/Python.framework/Versions/3.8/lib/python3.8/site-packages/airflow/example_dags/example_dataset_alias.py
[2024-11-26T16:03:37.956-0600] {logging_mixin.py:190} INFO - [2024-11-26T16:03:37.956-0600] {dag.py:3239} INFO - Sync 4 DAGs
[2024-11-26T16:03:37.962-0600] {logging_mixin.py:190} INFO - [2024-11-26T16:03:37.962-0600] {dag.py:4180} INFO - Setting next_dagrun for dataset_alias_example_alias_consumer to None, run_after=None
[2024-11-26T16:03:37.963-0600] {logging_mixin.py:190} INFO - [2024-11-26T16:03:37.963-0600] {dag.py:4180} INFO - Setting next_dagrun for dataset_alias_example_alias_producer to None, run_after=None
[2024-11-26T16:03:37.963-0600] {logging_mixin.py:190} INFO - [2024-11-26T16:03:37.963-0600] {dag.py:4180} INFO - Setting next_dagrun for dataset_s3_bucket_consumer to None, run_after=None
[2024-11-26T16:03:37.964-0600] {logging_mixin.py:190} INFO - [2024-11-26T16:03:37.964-0600] {dag.py:4180} INFO - Setting next_dagrun for dataset_s3_bucket_producer to None, run_after=None
[2024-11-26T16:03:37.970-0600] {processor.py:208} INFO - Processing /Library/Frameworks/Python.framework/Versions/3.8/lib/python3.8/site-packages/airflow/example_dags/example_dataset_alias.py took 0.080 seconds
[2024-11-26T16:05:57.972-0600] {processor.py:186} INFO - Started process (PID=27212) to work on /Library/Frameworks/Python.framework/Versions/3.8/lib/python3.8/site-packages/airflow/example_dags/example_dataset_alias.py
[2024-11-26T16:05:57.972-0600] {processor.py:914} INFO - Processing file /Library/Frameworks/Python.framework/Versions/3.8/lib/python3.8/site-packages/airflow/example_dags/example_dataset_alias.py for tasks to queue
[2024-11-26T16:05:57.972-0600] {logging_mixin.py:190} INFO - [2024-11-26T16:05:57.972-0600] {dagbag.py:588} INFO - Filling up the DagBag from /Library/Frameworks/Python.framework/Versions/3.8/lib/python3.8/site-packages/airflow/example_dags/example_dataset_alias.py
[2024-11-26T16:05:58.025-0600] {processor.py:925} INFO - DAG(s) 'dataset_s3_bucket_consumer', 'dataset_alias_example_alias_producer', 'dataset_s3_bucket_producer', 'dataset_alias_example_alias_consumer' retrieved from /Library/Frameworks/Python.framework/Versions/3.8/lib/python3.8/site-packages/airflow/example_dags/example_dataset_alias.py
[2024-11-26T16:05:58.032-0600] {logging_mixin.py:190} INFO - [2024-11-26T16:05:58.032-0600] {dag.py:3239} INFO - Sync 4 DAGs
[2024-11-26T16:05:58.038-0600] {logging_mixin.py:190} INFO - [2024-11-26T16:05:58.038-0600] {dag.py:4180} INFO - Setting next_dagrun for dataset_alias_example_alias_consumer to None, run_after=None
[2024-11-26T16:05:58.039-0600] {logging_mixin.py:190} INFO - [2024-11-26T16:05:58.039-0600] {dag.py:4180} INFO - Setting next_dagrun for dataset_alias_example_alias_producer to None, run_after=None
[2024-11-26T16:05:58.039-0600] {logging_mixin.py:190} INFO - [2024-11-26T16:05:58.039-0600] {dag.py:4180} INFO - Setting next_dagrun for dataset_s3_bucket_consumer to None, run_after=None
[2024-11-26T16:05:58.040-0600] {logging_mixin.py:190} INFO - [2024-11-26T16:05:58.040-0600] {dag.py:4180} INFO - Setting next_dagrun for dataset_s3_bucket_producer to None, run_after=None
[2024-11-26T16:05:58.046-0600] {processor.py:208} INFO - Processing /Library/Frameworks/Python.framework/Versions/3.8/lib/python3.8/site-packages/airflow/example_dags/example_dataset_alias.py took 0.075 seconds
[2024-11-26T17:45:23.216-0600] {processor.py:186} INFO - Started process (PID=27505) to work on /Library/Frameworks/Python.framework/Versions/3.8/lib/python3.8/site-packages/airflow/example_dags/example_dataset_alias.py
[2024-11-26T17:45:23.216-0600] {processor.py:914} INFO - Processing file /Library/Frameworks/Python.framework/Versions/3.8/lib/python3.8/site-packages/airflow/example_dags/example_dataset_alias.py for tasks to queue
[2024-11-26T17:45:23.217-0600] {logging_mixin.py:190} INFO - [2024-11-26T17:45:23.217-0600] {dagbag.py:588} INFO - Filling up the DagBag from /Library/Frameworks/Python.framework/Versions/3.8/lib/python3.8/site-packages/airflow/example_dags/example_dataset_alias.py
[2024-11-26T17:45:23.268-0600] {processor.py:925} INFO - DAG(s) 'dataset_s3_bucket_producer', 'dataset_alias_example_alias_producer', 'dataset_alias_example_alias_consumer', 'dataset_s3_bucket_consumer' retrieved from /Library/Frameworks/Python.framework/Versions/3.8/lib/python3.8/site-packages/airflow/example_dags/example_dataset_alias.py
[2024-11-26T17:45:23.275-0600] {logging_mixin.py:190} INFO - [2024-11-26T17:45:23.275-0600] {dag.py:3239} INFO - Sync 4 DAGs
[2024-11-26T17:45:23.281-0600] {logging_mixin.py:190} INFO - [2024-11-26T17:45:23.281-0600] {dag.py:4180} INFO - Setting next_dagrun for dataset_alias_example_alias_consumer to None, run_after=None
[2024-11-26T17:45:23.281-0600] {logging_mixin.py:190} INFO - [2024-11-26T17:45:23.281-0600] {dag.py:4180} INFO - Setting next_dagrun for dataset_alias_example_alias_producer to None, run_after=None
[2024-11-26T17:45:23.282-0600] {logging_mixin.py:190} INFO - [2024-11-26T17:45:23.282-0600] {dag.py:4180} INFO - Setting next_dagrun for dataset_s3_bucket_consumer to None, run_after=None
[2024-11-26T17:45:23.282-0600] {logging_mixin.py:190} INFO - [2024-11-26T17:45:23.282-0600] {dag.py:4180} INFO - Setting next_dagrun for dataset_s3_bucket_producer to None, run_after=None
[2024-11-26T17:45:23.288-0600] {processor.py:208} INFO - Processing /Library/Frameworks/Python.framework/Versions/3.8/lib/python3.8/site-packages/airflow/example_dags/example_dataset_alias.py took 0.073 seconds
