[2024-11-26T14:17:35.253-0600] {processor.py:186} INFO - Started process (PID=17833) to work on /Users/beprathap/PycharmProjects/YouTube-airflow/airflow-venv/lib/python3.8/site-packages/airflow/example_dags/tutorial_dag.py
[2024-11-26T14:17:35.253-0600] {processor.py:914} INFO - Processing file /Users/beprathap/PycharmProjects/YouTube-airflow/airflow-venv/lib/python3.8/site-packages/airflow/example_dags/tutorial_dag.py for tasks to queue
[2024-11-26T14:17:35.253-0600] {logging_mixin.py:190} INFO - [2024-11-26T14:17:35.253-0600] {dagbag.py:588} INFO - Filling up the DagBag from /Users/beprathap/PycharmProjects/YouTube-airflow/airflow-venv/lib/python3.8/site-packages/airflow/example_dags/tutorial_dag.py
[2024-11-26T14:17:35.261-0600] {processor.py:925} INFO - DAG(s) 'tutorial_dag' retrieved from /Users/beprathap/PycharmProjects/YouTube-airflow/airflow-venv/lib/python3.8/site-packages/airflow/example_dags/tutorial_dag.py
[2024-11-26T14:17:35.318-0600] {logging_mixin.py:190} INFO - [2024-11-26T14:17:35.318-0600] {override.py:1901} INFO - Created Permission View: can edit on DAG:tutorial_dag
[2024-11-26T14:17:35.320-0600] {logging_mixin.py:190} INFO - [2024-11-26T14:17:35.320-0600] {override.py:1901} INFO - Created Permission View: can read on DAG:tutorial_dag
[2024-11-26T14:17:35.322-0600] {logging_mixin.py:190} INFO - [2024-11-26T14:17:35.322-0600] {override.py:1901} INFO - Created Permission View: can delete on DAG:tutorial_dag
[2024-11-26T14:17:35.324-0600] {logging_mixin.py:190} INFO - [2024-11-26T14:17:35.324-0600] {override.py:1901} INFO - Created Permission View: can create on DAG Run:tutorial_dag
[2024-11-26T14:17:35.325-0600] {logging_mixin.py:190} INFO - [2024-11-26T14:17:35.325-0600] {override.py:1901} INFO - Created Permission View: menu access on DAG Run:tutorial_dag
[2024-11-26T14:17:35.327-0600] {logging_mixin.py:190} INFO - [2024-11-26T14:17:35.327-0600] {override.py:1901} INFO - Created Permission View: can read on DAG Run:tutorial_dag
[2024-11-26T14:17:35.328-0600] {logging_mixin.py:190} INFO - [2024-11-26T14:17:35.328-0600] {override.py:1901} INFO - Created Permission View: can delete on DAG Run:tutorial_dag
[2024-11-26T14:17:35.328-0600] {logging_mixin.py:190} INFO - [2024-11-26T14:17:35.328-0600] {dag.py:3239} INFO - Sync 1 DAGs
[2024-11-26T14:17:35.332-0600] {logging_mixin.py:190} INFO - [2024-11-26T14:17:35.332-0600] {dag.py:3262} INFO - Creating ORM DAG for tutorial_dag
[2024-11-26T14:17:35.332-0600] {logging_mixin.py:190} INFO - [2024-11-26T14:17:35.332-0600] {dag.py:4180} INFO - Setting next_dagrun for tutorial_dag to None, run_after=None
[2024-11-26T14:17:35.337-0600] {processor.py:208} INFO - Processing /Users/beprathap/PycharmProjects/YouTube-airflow/airflow-venv/lib/python3.8/site-packages/airflow/example_dags/tutorial_dag.py took 0.085 seconds
[2024-11-26T14:19:15.488-0600] {processor.py:186} INFO - Started process (PID=18010) to work on /Users/beprathap/PycharmProjects/YouTube-airflow/airflow-venv/lib/python3.8/site-packages/airflow/example_dags/tutorial_dag.py
[2024-11-26T14:19:15.488-0600] {processor.py:914} INFO - Processing file /Users/beprathap/PycharmProjects/YouTube-airflow/airflow-venv/lib/python3.8/site-packages/airflow/example_dags/tutorial_dag.py for tasks to queue
[2024-11-26T14:19:15.489-0600] {logging_mixin.py:190} INFO - [2024-11-26T14:19:15.489-0600] {dagbag.py:588} INFO - Filling up the DagBag from /Users/beprathap/PycharmProjects/YouTube-airflow/airflow-venv/lib/python3.8/site-packages/airflow/example_dags/tutorial_dag.py
[2024-11-26T14:19:15.497-0600] {processor.py:925} INFO - DAG(s) 'tutorial_dag' retrieved from /Users/beprathap/PycharmProjects/YouTube-airflow/airflow-venv/lib/python3.8/site-packages/airflow/example_dags/tutorial_dag.py
[2024-11-26T14:19:15.530-0600] {logging_mixin.py:190} INFO - [2024-11-26T14:19:15.530-0600] {dag.py:3239} INFO - Sync 1 DAGs
[2024-11-26T14:19:15.533-0600] {logging_mixin.py:190} INFO - [2024-11-26T14:19:15.533-0600] {dag.py:4180} INFO - Setting next_dagrun for tutorial_dag to None, run_after=None
[2024-11-26T14:19:15.539-0600] {processor.py:208} INFO - Processing /Users/beprathap/PycharmProjects/YouTube-airflow/airflow-venv/lib/python3.8/site-packages/airflow/example_dags/tutorial_dag.py took 0.052 seconds
[2024-11-26T14:20:22.422-0600] {processor.py:186} INFO - Started process (PID=18137) to work on /Users/beprathap/PycharmProjects/YouTube-airflow/airflow-venv/lib/python3.8/site-packages/airflow/example_dags/tutorial_dag.py
[2024-11-26T14:20:22.422-0600] {processor.py:914} INFO - Processing file /Users/beprathap/PycharmProjects/YouTube-airflow/airflow-venv/lib/python3.8/site-packages/airflow/example_dags/tutorial_dag.py for tasks to queue
[2024-11-26T14:20:22.422-0600] {logging_mixin.py:190} INFO - [2024-11-26T14:20:22.422-0600] {dagbag.py:588} INFO - Filling up the DagBag from /Users/beprathap/PycharmProjects/YouTube-airflow/airflow-venv/lib/python3.8/site-packages/airflow/example_dags/tutorial_dag.py
[2024-11-26T14:20:22.430-0600] {processor.py:925} INFO - DAG(s) 'tutorial_dag' retrieved from /Users/beprathap/PycharmProjects/YouTube-airflow/airflow-venv/lib/python3.8/site-packages/airflow/example_dags/tutorial_dag.py
[2024-11-26T14:20:22.462-0600] {logging_mixin.py:190} INFO - [2024-11-26T14:20:22.462-0600] {dag.py:3239} INFO - Sync 1 DAGs
[2024-11-26T14:20:22.465-0600] {logging_mixin.py:190} INFO - [2024-11-26T14:20:22.465-0600] {dag.py:4180} INFO - Setting next_dagrun for tutorial_dag to None, run_after=None
[2024-11-26T14:20:22.471-0600] {processor.py:208} INFO - Processing /Users/beprathap/PycharmProjects/YouTube-airflow/airflow-venv/lib/python3.8/site-packages/airflow/example_dags/tutorial_dag.py took 0.050 seconds
[2024-11-26T14:21:29.535-0600] {processor.py:186} INFO - Started process (PID=18271) to work on /Users/beprathap/PycharmProjects/YouTube-airflow/airflow-venv/lib/python3.8/site-packages/airflow/example_dags/tutorial_dag.py
[2024-11-26T14:21:29.536-0600] {processor.py:914} INFO - Processing file /Users/beprathap/PycharmProjects/YouTube-airflow/airflow-venv/lib/python3.8/site-packages/airflow/example_dags/tutorial_dag.py for tasks to queue
[2024-11-26T14:21:29.536-0600] {logging_mixin.py:190} INFO - [2024-11-26T14:21:29.536-0600] {dagbag.py:588} INFO - Filling up the DagBag from /Users/beprathap/PycharmProjects/YouTube-airflow/airflow-venv/lib/python3.8/site-packages/airflow/example_dags/tutorial_dag.py
[2024-11-26T14:21:29.544-0600] {processor.py:925} INFO - DAG(s) 'tutorial_dag' retrieved from /Users/beprathap/PycharmProjects/YouTube-airflow/airflow-venv/lib/python3.8/site-packages/airflow/example_dags/tutorial_dag.py
[2024-11-26T14:21:29.576-0600] {logging_mixin.py:190} INFO - [2024-11-26T14:21:29.576-0600] {dag.py:3239} INFO - Sync 1 DAGs
[2024-11-26T14:21:29.579-0600] {logging_mixin.py:190} INFO - [2024-11-26T14:21:29.579-0600] {dag.py:4180} INFO - Setting next_dagrun for tutorial_dag to None, run_after=None
[2024-11-26T14:21:29.584-0600] {processor.py:208} INFO - Processing /Users/beprathap/PycharmProjects/YouTube-airflow/airflow-venv/lib/python3.8/site-packages/airflow/example_dags/tutorial_dag.py took 0.050 seconds
[2024-11-26T14:22:36.272-0600] {processor.py:186} INFO - Started process (PID=18396) to work on /Users/beprathap/PycharmProjects/YouTube-airflow/airflow-venv/lib/python3.8/site-packages/airflow/example_dags/tutorial_dag.py
[2024-11-26T14:22:36.272-0600] {processor.py:914} INFO - Processing file /Users/beprathap/PycharmProjects/YouTube-airflow/airflow-venv/lib/python3.8/site-packages/airflow/example_dags/tutorial_dag.py for tasks to queue
[2024-11-26T14:22:36.273-0600] {logging_mixin.py:190} INFO - [2024-11-26T14:22:36.273-0600] {dagbag.py:588} INFO - Filling up the DagBag from /Users/beprathap/PycharmProjects/YouTube-airflow/airflow-venv/lib/python3.8/site-packages/airflow/example_dags/tutorial_dag.py
[2024-11-26T14:22:36.280-0600] {processor.py:925} INFO - DAG(s) 'tutorial_dag' retrieved from /Users/beprathap/PycharmProjects/YouTube-airflow/airflow-venv/lib/python3.8/site-packages/airflow/example_dags/tutorial_dag.py
[2024-11-26T14:22:36.313-0600] {logging_mixin.py:190} INFO - [2024-11-26T14:22:36.313-0600] {dag.py:3239} INFO - Sync 1 DAGs
[2024-11-26T14:22:36.316-0600] {logging_mixin.py:190} INFO - [2024-11-26T14:22:36.316-0600] {dag.py:4180} INFO - Setting next_dagrun for tutorial_dag to None, run_after=None
[2024-11-26T14:22:36.321-0600] {processor.py:208} INFO - Processing /Users/beprathap/PycharmProjects/YouTube-airflow/airflow-venv/lib/python3.8/site-packages/airflow/example_dags/tutorial_dag.py took 0.050 seconds
[2024-11-26T14:23:40.216-0600] {processor.py:186} INFO - Started process (PID=18542) to work on /Users/beprathap/PycharmProjects/YouTube-airflow/airflow-venv/lib/python3.8/site-packages/airflow/example_dags/tutorial_dag.py
[2024-11-26T14:23:40.217-0600] {processor.py:914} INFO - Processing file /Users/beprathap/PycharmProjects/YouTube-airflow/airflow-venv/lib/python3.8/site-packages/airflow/example_dags/tutorial_dag.py for tasks to queue
[2024-11-26T14:23:40.217-0600] {logging_mixin.py:190} INFO - [2024-11-26T14:23:40.217-0600] {dagbag.py:588} INFO - Filling up the DagBag from /Users/beprathap/PycharmProjects/YouTube-airflow/airflow-venv/lib/python3.8/site-packages/airflow/example_dags/tutorial_dag.py
[2024-11-26T14:23:40.224-0600] {processor.py:925} INFO - DAG(s) 'tutorial_dag' retrieved from /Users/beprathap/PycharmProjects/YouTube-airflow/airflow-venv/lib/python3.8/site-packages/airflow/example_dags/tutorial_dag.py
[2024-11-26T14:23:40.257-0600] {logging_mixin.py:190} INFO - [2024-11-26T14:23:40.257-0600] {dag.py:3239} INFO - Sync 1 DAGs
[2024-11-26T14:23:40.261-0600] {logging_mixin.py:190} INFO - [2024-11-26T14:23:40.261-0600] {dag.py:4180} INFO - Setting next_dagrun for tutorial_dag to None, run_after=None
[2024-11-26T14:23:40.266-0600] {processor.py:208} INFO - Processing /Users/beprathap/PycharmProjects/YouTube-airflow/airflow-venv/lib/python3.8/site-packages/airflow/example_dags/tutorial_dag.py took 0.052 seconds
[2024-11-26T14:24:47.355-0600] {processor.py:186} INFO - Started process (PID=18670) to work on /Users/beprathap/PycharmProjects/YouTube-airflow/airflow-venv/lib/python3.8/site-packages/airflow/example_dags/tutorial_dag.py
[2024-11-26T14:24:47.356-0600] {processor.py:914} INFO - Processing file /Users/beprathap/PycharmProjects/YouTube-airflow/airflow-venv/lib/python3.8/site-packages/airflow/example_dags/tutorial_dag.py for tasks to queue
[2024-11-26T14:24:47.356-0600] {logging_mixin.py:190} INFO - [2024-11-26T14:24:47.356-0600] {dagbag.py:588} INFO - Filling up the DagBag from /Users/beprathap/PycharmProjects/YouTube-airflow/airflow-venv/lib/python3.8/site-packages/airflow/example_dags/tutorial_dag.py
[2024-11-26T14:24:47.364-0600] {processor.py:925} INFO - DAG(s) 'tutorial_dag' retrieved from /Users/beprathap/PycharmProjects/YouTube-airflow/airflow-venv/lib/python3.8/site-packages/airflow/example_dags/tutorial_dag.py
[2024-11-26T14:24:47.398-0600] {logging_mixin.py:190} INFO - [2024-11-26T14:24:47.397-0600] {dag.py:3239} INFO - Sync 1 DAGs
[2024-11-26T14:24:47.401-0600] {logging_mixin.py:190} INFO - [2024-11-26T14:24:47.401-0600] {dag.py:4180} INFO - Setting next_dagrun for tutorial_dag to None, run_after=None
[2024-11-26T14:24:47.406-0600] {processor.py:208} INFO - Processing /Users/beprathap/PycharmProjects/YouTube-airflow/airflow-venv/lib/python3.8/site-packages/airflow/example_dags/tutorial_dag.py took 0.052 seconds
[2024-11-26T14:25:51.443-0600] {processor.py:186} INFO - Started process (PID=18796) to work on /Users/beprathap/PycharmProjects/YouTube-airflow/airflow-venv/lib/python3.8/site-packages/airflow/example_dags/tutorial_dag.py
[2024-11-26T14:25:51.443-0600] {processor.py:914} INFO - Processing file /Users/beprathap/PycharmProjects/YouTube-airflow/airflow-venv/lib/python3.8/site-packages/airflow/example_dags/tutorial_dag.py for tasks to queue
[2024-11-26T14:25:51.444-0600] {logging_mixin.py:190} INFO - [2024-11-26T14:25:51.444-0600] {dagbag.py:588} INFO - Filling up the DagBag from /Users/beprathap/PycharmProjects/YouTube-airflow/airflow-venv/lib/python3.8/site-packages/airflow/example_dags/tutorial_dag.py
[2024-11-26T14:25:51.451-0600] {processor.py:925} INFO - DAG(s) 'tutorial_dag' retrieved from /Users/beprathap/PycharmProjects/YouTube-airflow/airflow-venv/lib/python3.8/site-packages/airflow/example_dags/tutorial_dag.py
[2024-11-26T14:25:51.484-0600] {logging_mixin.py:190} INFO - [2024-11-26T14:25:51.484-0600] {dag.py:3239} INFO - Sync 1 DAGs
[2024-11-26T14:25:51.488-0600] {logging_mixin.py:190} INFO - [2024-11-26T14:25:51.488-0600] {dag.py:4180} INFO - Setting next_dagrun for tutorial_dag to None, run_after=None
[2024-11-26T14:25:51.493-0600] {processor.py:208} INFO - Processing /Users/beprathap/PycharmProjects/YouTube-airflow/airflow-venv/lib/python3.8/site-packages/airflow/example_dags/tutorial_dag.py took 0.052 seconds
[2024-11-26T14:26:53.446-0600] {processor.py:186} INFO - Started process (PID=18910) to work on /Users/beprathap/PycharmProjects/YouTube-airflow/airflow-venv/lib/python3.8/site-packages/airflow/example_dags/tutorial_dag.py
[2024-11-26T14:26:53.447-0600] {processor.py:914} INFO - Processing file /Users/beprathap/PycharmProjects/YouTube-airflow/airflow-venv/lib/python3.8/site-packages/airflow/example_dags/tutorial_dag.py for tasks to queue
[2024-11-26T14:26:53.447-0600] {logging_mixin.py:190} INFO - [2024-11-26T14:26:53.447-0600] {dagbag.py:588} INFO - Filling up the DagBag from /Users/beprathap/PycharmProjects/YouTube-airflow/airflow-venv/lib/python3.8/site-packages/airflow/example_dags/tutorial_dag.py
[2024-11-26T14:26:53.455-0600] {processor.py:925} INFO - DAG(s) 'tutorial_dag' retrieved from /Users/beprathap/PycharmProjects/YouTube-airflow/airflow-venv/lib/python3.8/site-packages/airflow/example_dags/tutorial_dag.py
[2024-11-26T14:26:53.489-0600] {logging_mixin.py:190} INFO - [2024-11-26T14:26:53.489-0600] {dag.py:3239} INFO - Sync 1 DAGs
[2024-11-26T14:26:53.492-0600] {logging_mixin.py:190} INFO - [2024-11-26T14:26:53.492-0600] {dag.py:4180} INFO - Setting next_dagrun for tutorial_dag to None, run_after=None
[2024-11-26T14:26:53.498-0600] {processor.py:208} INFO - Processing /Users/beprathap/PycharmProjects/YouTube-airflow/airflow-venv/lib/python3.8/site-packages/airflow/example_dags/tutorial_dag.py took 0.053 seconds
[2024-11-26T14:27:58.281-0600] {processor.py:186} INFO - Started process (PID=19025) to work on /Users/beprathap/PycharmProjects/YouTube-airflow/airflow-venv/lib/python3.8/site-packages/airflow/example_dags/tutorial_dag.py
[2024-11-26T14:27:58.281-0600] {processor.py:914} INFO - Processing file /Users/beprathap/PycharmProjects/YouTube-airflow/airflow-venv/lib/python3.8/site-packages/airflow/example_dags/tutorial_dag.py for tasks to queue
[2024-11-26T14:27:58.281-0600] {logging_mixin.py:190} INFO - [2024-11-26T14:27:58.281-0600] {dagbag.py:588} INFO - Filling up the DagBag from /Users/beprathap/PycharmProjects/YouTube-airflow/airflow-venv/lib/python3.8/site-packages/airflow/example_dags/tutorial_dag.py
[2024-11-26T14:27:58.289-0600] {processor.py:925} INFO - DAG(s) 'tutorial_dag' retrieved from /Users/beprathap/PycharmProjects/YouTube-airflow/airflow-venv/lib/python3.8/site-packages/airflow/example_dags/tutorial_dag.py
[2024-11-26T14:27:58.322-0600] {logging_mixin.py:190} INFO - [2024-11-26T14:27:58.322-0600] {dag.py:3239} INFO - Sync 1 DAGs
[2024-11-26T14:27:58.326-0600] {logging_mixin.py:190} INFO - [2024-11-26T14:27:58.326-0600] {dag.py:4180} INFO - Setting next_dagrun for tutorial_dag to None, run_after=None
[2024-11-26T14:27:58.331-0600] {processor.py:208} INFO - Processing /Users/beprathap/PycharmProjects/YouTube-airflow/airflow-venv/lib/python3.8/site-packages/airflow/example_dags/tutorial_dag.py took 0.052 seconds
[2024-11-26T14:29:01.947-0600] {processor.py:186} INFO - Started process (PID=19139) to work on /Users/beprathap/PycharmProjects/YouTube-airflow/airflow-venv/lib/python3.8/site-packages/airflow/example_dags/tutorial_dag.py
[2024-11-26T14:29:01.947-0600] {processor.py:914} INFO - Processing file /Users/beprathap/PycharmProjects/YouTube-airflow/airflow-venv/lib/python3.8/site-packages/airflow/example_dags/tutorial_dag.py for tasks to queue
[2024-11-26T14:29:01.947-0600] {logging_mixin.py:190} INFO - [2024-11-26T14:29:01.947-0600] {dagbag.py:588} INFO - Filling up the DagBag from /Users/beprathap/PycharmProjects/YouTube-airflow/airflow-venv/lib/python3.8/site-packages/airflow/example_dags/tutorial_dag.py
[2024-11-26T14:29:01.955-0600] {processor.py:925} INFO - DAG(s) 'tutorial_dag' retrieved from /Users/beprathap/PycharmProjects/YouTube-airflow/airflow-venv/lib/python3.8/site-packages/airflow/example_dags/tutorial_dag.py
[2024-11-26T14:29:01.989-0600] {logging_mixin.py:190} INFO - [2024-11-26T14:29:01.988-0600] {dag.py:3239} INFO - Sync 1 DAGs
[2024-11-26T14:29:01.992-0600] {logging_mixin.py:190} INFO - [2024-11-26T14:29:01.992-0600] {dag.py:4180} INFO - Setting next_dagrun for tutorial_dag to None, run_after=None
[2024-11-26T14:29:01.997-0600] {processor.py:208} INFO - Processing /Users/beprathap/PycharmProjects/YouTube-airflow/airflow-venv/lib/python3.8/site-packages/airflow/example_dags/tutorial_dag.py took 0.052 seconds
[2024-11-26T14:30:05.593-0600] {processor.py:186} INFO - Started process (PID=19270) to work on /Users/beprathap/PycharmProjects/YouTube-airflow/airflow-venv/lib/python3.8/site-packages/airflow/example_dags/tutorial_dag.py
[2024-11-26T14:30:05.594-0600] {processor.py:914} INFO - Processing file /Users/beprathap/PycharmProjects/YouTube-airflow/airflow-venv/lib/python3.8/site-packages/airflow/example_dags/tutorial_dag.py for tasks to queue
[2024-11-26T14:30:05.594-0600] {logging_mixin.py:190} INFO - [2024-11-26T14:30:05.594-0600] {dagbag.py:588} INFO - Filling up the DagBag from /Users/beprathap/PycharmProjects/YouTube-airflow/airflow-venv/lib/python3.8/site-packages/airflow/example_dags/tutorial_dag.py
[2024-11-26T14:30:05.601-0600] {processor.py:925} INFO - DAG(s) 'tutorial_dag' retrieved from /Users/beprathap/PycharmProjects/YouTube-airflow/airflow-venv/lib/python3.8/site-packages/airflow/example_dags/tutorial_dag.py
[2024-11-26T14:30:05.635-0600] {logging_mixin.py:190} INFO - [2024-11-26T14:30:05.635-0600] {dag.py:3239} INFO - Sync 1 DAGs
[2024-11-26T14:30:05.639-0600] {logging_mixin.py:190} INFO - [2024-11-26T14:30:05.639-0600] {dag.py:4180} INFO - Setting next_dagrun for tutorial_dag to None, run_after=None
[2024-11-26T14:30:05.644-0600] {processor.py:208} INFO - Processing /Users/beprathap/PycharmProjects/YouTube-airflow/airflow-venv/lib/python3.8/site-packages/airflow/example_dags/tutorial_dag.py took 0.052 seconds
[2024-11-26T14:35:57.514-0600] {processor.py:186} INFO - Started process (PID=19509) to work on /Users/beprathap/PycharmProjects/YouTube-airflow/airflow-venv/lib/python3.8/site-packages/airflow/example_dags/tutorial_dag.py
[2024-11-26T14:35:57.514-0600] {processor.py:914} INFO - Processing file /Users/beprathap/PycharmProjects/YouTube-airflow/airflow-venv/lib/python3.8/site-packages/airflow/example_dags/tutorial_dag.py for tasks to queue
[2024-11-26T14:35:57.514-0600] {logging_mixin.py:190} INFO - [2024-11-26T14:35:57.514-0600] {dagbag.py:588} INFO - Filling up the DagBag from /Users/beprathap/PycharmProjects/YouTube-airflow/airflow-venv/lib/python3.8/site-packages/airflow/example_dags/tutorial_dag.py
[2024-11-26T14:35:57.522-0600] {processor.py:925} INFO - DAG(s) 'tutorial_dag' retrieved from /Users/beprathap/PycharmProjects/YouTube-airflow/airflow-venv/lib/python3.8/site-packages/airflow/example_dags/tutorial_dag.py
[2024-11-26T14:35:57.555-0600] {logging_mixin.py:190} INFO - [2024-11-26T14:35:57.555-0600] {dag.py:3239} INFO - Sync 1 DAGs
[2024-11-26T14:35:57.558-0600] {logging_mixin.py:190} INFO - [2024-11-26T14:35:57.558-0600] {dag.py:4180} INFO - Setting next_dagrun for tutorial_dag to None, run_after=None
[2024-11-26T14:35:57.563-0600] {processor.py:208} INFO - Processing /Users/beprathap/PycharmProjects/YouTube-airflow/airflow-venv/lib/python3.8/site-packages/airflow/example_dags/tutorial_dag.py took 0.051 seconds
[2024-11-26T14:37:37.554-0600] {processor.py:186} INFO - Started process (PID=19684) to work on /Users/beprathap/PycharmProjects/YouTube-airflow/airflow-venv/lib/python3.8/site-packages/airflow/example_dags/tutorial_dag.py
[2024-11-26T14:37:37.555-0600] {processor.py:914} INFO - Processing file /Users/beprathap/PycharmProjects/YouTube-airflow/airflow-venv/lib/python3.8/site-packages/airflow/example_dags/tutorial_dag.py for tasks to queue
[2024-11-26T14:37:37.555-0600] {logging_mixin.py:190} INFO - [2024-11-26T14:37:37.555-0600] {dagbag.py:588} INFO - Filling up the DagBag from /Users/beprathap/PycharmProjects/YouTube-airflow/airflow-venv/lib/python3.8/site-packages/airflow/example_dags/tutorial_dag.py
[2024-11-26T14:37:37.563-0600] {processor.py:925} INFO - DAG(s) 'tutorial_dag' retrieved from /Users/beprathap/PycharmProjects/YouTube-airflow/airflow-venv/lib/python3.8/site-packages/airflow/example_dags/tutorial_dag.py
[2024-11-26T14:37:37.596-0600] {logging_mixin.py:190} INFO - [2024-11-26T14:37:37.596-0600] {dag.py:3239} INFO - Sync 1 DAGs
[2024-11-26T14:37:37.599-0600] {logging_mixin.py:190} INFO - [2024-11-26T14:37:37.599-0600] {dag.py:4180} INFO - Setting next_dagrun for tutorial_dag to None, run_after=None
[2024-11-26T14:37:37.605-0600] {processor.py:208} INFO - Processing /Users/beprathap/PycharmProjects/YouTube-airflow/airflow-venv/lib/python3.8/site-packages/airflow/example_dags/tutorial_dag.py took 0.052 seconds
[2024-11-26T14:38:46.536-0600] {processor.py:186} INFO - Started process (PID=19815) to work on /Users/beprathap/PycharmProjects/YouTube-airflow/airflow-venv/lib/python3.8/site-packages/airflow/example_dags/tutorial_dag.py
[2024-11-26T14:38:46.536-0600] {processor.py:914} INFO - Processing file /Users/beprathap/PycharmProjects/YouTube-airflow/airflow-venv/lib/python3.8/site-packages/airflow/example_dags/tutorial_dag.py for tasks to queue
[2024-11-26T14:38:46.537-0600] {logging_mixin.py:190} INFO - [2024-11-26T14:38:46.537-0600] {dagbag.py:588} INFO - Filling up the DagBag from /Users/beprathap/PycharmProjects/YouTube-airflow/airflow-venv/lib/python3.8/site-packages/airflow/example_dags/tutorial_dag.py
[2024-11-26T14:38:46.544-0600] {processor.py:925} INFO - DAG(s) 'tutorial_dag' retrieved from /Users/beprathap/PycharmProjects/YouTube-airflow/airflow-venv/lib/python3.8/site-packages/airflow/example_dags/tutorial_dag.py
[2024-11-26T14:38:46.578-0600] {logging_mixin.py:190} INFO - [2024-11-26T14:38:46.578-0600] {dag.py:3239} INFO - Sync 1 DAGs
[2024-11-26T14:38:46.581-0600] {logging_mixin.py:190} INFO - [2024-11-26T14:38:46.581-0600] {dag.py:4180} INFO - Setting next_dagrun for tutorial_dag to None, run_after=None
[2024-11-26T14:38:46.586-0600] {processor.py:208} INFO - Processing /Users/beprathap/PycharmProjects/YouTube-airflow/airflow-venv/lib/python3.8/site-packages/airflow/example_dags/tutorial_dag.py took 0.052 seconds
[2024-11-26T14:39:56.149-0600] {processor.py:186} INFO - Started process (PID=19950) to work on /Users/beprathap/PycharmProjects/YouTube-airflow/airflow-venv/lib/python3.8/site-packages/airflow/example_dags/tutorial_dag.py
[2024-11-26T14:39:56.149-0600] {processor.py:914} INFO - Processing file /Users/beprathap/PycharmProjects/YouTube-airflow/airflow-venv/lib/python3.8/site-packages/airflow/example_dags/tutorial_dag.py for tasks to queue
[2024-11-26T14:39:56.149-0600] {logging_mixin.py:190} INFO - [2024-11-26T14:39:56.149-0600] {dagbag.py:588} INFO - Filling up the DagBag from /Users/beprathap/PycharmProjects/YouTube-airflow/airflow-venv/lib/python3.8/site-packages/airflow/example_dags/tutorial_dag.py
[2024-11-26T14:39:56.157-0600] {processor.py:925} INFO - DAG(s) 'tutorial_dag' retrieved from /Users/beprathap/PycharmProjects/YouTube-airflow/airflow-venv/lib/python3.8/site-packages/airflow/example_dags/tutorial_dag.py
[2024-11-26T14:39:56.192-0600] {logging_mixin.py:190} INFO - [2024-11-26T14:39:56.192-0600] {dag.py:3239} INFO - Sync 1 DAGs
[2024-11-26T14:39:56.196-0600] {logging_mixin.py:190} INFO - [2024-11-26T14:39:56.196-0600] {dag.py:4180} INFO - Setting next_dagrun for tutorial_dag to None, run_after=None
[2024-11-26T14:39:56.201-0600] {processor.py:208} INFO - Processing /Users/beprathap/PycharmProjects/YouTube-airflow/airflow-venv/lib/python3.8/site-packages/airflow/example_dags/tutorial_dag.py took 0.054 seconds
[2024-11-26T14:41:04.041-0600] {processor.py:186} INFO - Started process (PID=20071) to work on /Users/beprathap/PycharmProjects/YouTube-airflow/airflow-venv/lib/python3.8/site-packages/airflow/example_dags/tutorial_dag.py
[2024-11-26T14:41:04.041-0600] {processor.py:914} INFO - Processing file /Users/beprathap/PycharmProjects/YouTube-airflow/airflow-venv/lib/python3.8/site-packages/airflow/example_dags/tutorial_dag.py for tasks to queue
[2024-11-26T14:41:04.041-0600] {logging_mixin.py:190} INFO - [2024-11-26T14:41:04.041-0600] {dagbag.py:588} INFO - Filling up the DagBag from /Users/beprathap/PycharmProjects/YouTube-airflow/airflow-venv/lib/python3.8/site-packages/airflow/example_dags/tutorial_dag.py
[2024-11-26T14:41:04.049-0600] {processor.py:925} INFO - DAG(s) 'tutorial_dag' retrieved from /Users/beprathap/PycharmProjects/YouTube-airflow/airflow-venv/lib/python3.8/site-packages/airflow/example_dags/tutorial_dag.py
[2024-11-26T14:41:04.082-0600] {logging_mixin.py:190} INFO - [2024-11-26T14:41:04.082-0600] {dag.py:3239} INFO - Sync 1 DAGs
[2024-11-26T14:41:04.085-0600] {logging_mixin.py:190} INFO - [2024-11-26T14:41:04.085-0600] {dag.py:4180} INFO - Setting next_dagrun for tutorial_dag to None, run_after=None
[2024-11-26T14:41:04.090-0600] {processor.py:208} INFO - Processing /Users/beprathap/PycharmProjects/YouTube-airflow/airflow-venv/lib/python3.8/site-packages/airflow/example_dags/tutorial_dag.py took 0.051 seconds
[2024-11-26T14:42:06.314-0600] {processor.py:186} INFO - Started process (PID=20189) to work on /Users/beprathap/PycharmProjects/YouTube-airflow/airflow-venv/lib/python3.8/site-packages/airflow/example_dags/tutorial_dag.py
[2024-11-26T14:42:06.315-0600] {processor.py:914} INFO - Processing file /Users/beprathap/PycharmProjects/YouTube-airflow/airflow-venv/lib/python3.8/site-packages/airflow/example_dags/tutorial_dag.py for tasks to queue
[2024-11-26T14:42:06.315-0600] {logging_mixin.py:190} INFO - [2024-11-26T14:42:06.315-0600] {dagbag.py:588} INFO - Filling up the DagBag from /Users/beprathap/PycharmProjects/YouTube-airflow/airflow-venv/lib/python3.8/site-packages/airflow/example_dags/tutorial_dag.py
[2024-11-26T14:42:06.322-0600] {processor.py:925} INFO - DAG(s) 'tutorial_dag' retrieved from /Users/beprathap/PycharmProjects/YouTube-airflow/airflow-venv/lib/python3.8/site-packages/airflow/example_dags/tutorial_dag.py
[2024-11-26T14:42:06.356-0600] {logging_mixin.py:190} INFO - [2024-11-26T14:42:06.356-0600] {dag.py:3239} INFO - Sync 1 DAGs
[2024-11-26T14:42:06.359-0600] {logging_mixin.py:190} INFO - [2024-11-26T14:42:06.359-0600] {dag.py:4180} INFO - Setting next_dagrun for tutorial_dag to None, run_after=None
[2024-11-26T14:42:06.364-0600] {processor.py:208} INFO - Processing /Users/beprathap/PycharmProjects/YouTube-airflow/airflow-venv/lib/python3.8/site-packages/airflow/example_dags/tutorial_dag.py took 0.051 seconds
[2024-11-26T14:43:12.966-0600] {processor.py:186} INFO - Started process (PID=20307) to work on /Users/beprathap/PycharmProjects/YouTube-airflow/airflow-venv/lib/python3.8/site-packages/airflow/example_dags/tutorial_dag.py
[2024-11-26T14:43:12.966-0600] {processor.py:914} INFO - Processing file /Users/beprathap/PycharmProjects/YouTube-airflow/airflow-venv/lib/python3.8/site-packages/airflow/example_dags/tutorial_dag.py for tasks to queue
[2024-11-26T14:43:12.967-0600] {logging_mixin.py:190} INFO - [2024-11-26T14:43:12.967-0600] {dagbag.py:588} INFO - Filling up the DagBag from /Users/beprathap/PycharmProjects/YouTube-airflow/airflow-venv/lib/python3.8/site-packages/airflow/example_dags/tutorial_dag.py
[2024-11-26T14:43:12.974-0600] {processor.py:925} INFO - DAG(s) 'tutorial_dag' retrieved from /Users/beprathap/PycharmProjects/YouTube-airflow/airflow-venv/lib/python3.8/site-packages/airflow/example_dags/tutorial_dag.py
[2024-11-26T14:43:13.009-0600] {logging_mixin.py:190} INFO - [2024-11-26T14:43:13.009-0600] {dag.py:3239} INFO - Sync 1 DAGs
[2024-11-26T14:43:13.012-0600] {logging_mixin.py:190} INFO - [2024-11-26T14:43:13.012-0600] {dag.py:4180} INFO - Setting next_dagrun for tutorial_dag to None, run_after=None
[2024-11-26T14:43:13.018-0600] {processor.py:208} INFO - Processing /Users/beprathap/PycharmProjects/YouTube-airflow/airflow-venv/lib/python3.8/site-packages/airflow/example_dags/tutorial_dag.py took 0.053 seconds
[2024-11-26T14:44:19.990-0600] {processor.py:186} INFO - Started process (PID=20437) to work on /Users/beprathap/PycharmProjects/YouTube-airflow/airflow-venv/lib/python3.8/site-packages/airflow/example_dags/tutorial_dag.py
[2024-11-26T14:44:19.991-0600] {processor.py:914} INFO - Processing file /Users/beprathap/PycharmProjects/YouTube-airflow/airflow-venv/lib/python3.8/site-packages/airflow/example_dags/tutorial_dag.py for tasks to queue
[2024-11-26T14:44:19.991-0600] {logging_mixin.py:190} INFO - [2024-11-26T14:44:19.991-0600] {dagbag.py:588} INFO - Filling up the DagBag from /Users/beprathap/PycharmProjects/YouTube-airflow/airflow-venv/lib/python3.8/site-packages/airflow/example_dags/tutorial_dag.py
[2024-11-26T14:44:19.999-0600] {processor.py:925} INFO - DAG(s) 'tutorial_dag' retrieved from /Users/beprathap/PycharmProjects/YouTube-airflow/airflow-venv/lib/python3.8/site-packages/airflow/example_dags/tutorial_dag.py
[2024-11-26T14:44:20.033-0600] {logging_mixin.py:190} INFO - [2024-11-26T14:44:20.033-0600] {dag.py:3239} INFO - Sync 1 DAGs
[2024-11-26T14:44:20.037-0600] {logging_mixin.py:190} INFO - [2024-11-26T14:44:20.037-0600] {dag.py:4180} INFO - Setting next_dagrun for tutorial_dag to None, run_after=None
[2024-11-26T14:44:20.042-0600] {processor.py:208} INFO - Processing /Users/beprathap/PycharmProjects/YouTube-airflow/airflow-venv/lib/python3.8/site-packages/airflow/example_dags/tutorial_dag.py took 0.053 seconds
[2024-11-26T14:45:24.532-0600] {processor.py:186} INFO - Started process (PID=20573) to work on /Users/beprathap/PycharmProjects/YouTube-airflow/airflow-venv/lib/python3.8/site-packages/airflow/example_dags/tutorial_dag.py
[2024-11-26T14:45:24.533-0600] {processor.py:914} INFO - Processing file /Users/beprathap/PycharmProjects/YouTube-airflow/airflow-venv/lib/python3.8/site-packages/airflow/example_dags/tutorial_dag.py for tasks to queue
[2024-11-26T14:45:24.533-0600] {logging_mixin.py:190} INFO - [2024-11-26T14:45:24.533-0600] {dagbag.py:588} INFO - Filling up the DagBag from /Users/beprathap/PycharmProjects/YouTube-airflow/airflow-venv/lib/python3.8/site-packages/airflow/example_dags/tutorial_dag.py
[2024-11-26T14:45:24.541-0600] {processor.py:925} INFO - DAG(s) 'tutorial_dag' retrieved from /Users/beprathap/PycharmProjects/YouTube-airflow/airflow-venv/lib/python3.8/site-packages/airflow/example_dags/tutorial_dag.py
[2024-11-26T14:45:24.574-0600] {logging_mixin.py:190} INFO - [2024-11-26T14:45:24.574-0600] {dag.py:3239} INFO - Sync 1 DAGs
[2024-11-26T14:45:24.578-0600] {logging_mixin.py:190} INFO - [2024-11-26T14:45:24.578-0600] {dag.py:4180} INFO - Setting next_dagrun for tutorial_dag to None, run_after=None
[2024-11-26T14:45:24.583-0600] {processor.py:208} INFO - Processing /Users/beprathap/PycharmProjects/YouTube-airflow/airflow-venv/lib/python3.8/site-packages/airflow/example_dags/tutorial_dag.py took 0.052 seconds
[2024-11-26T14:46:31.760-0600] {processor.py:186} INFO - Started process (PID=20703) to work on /Users/beprathap/PycharmProjects/YouTube-airflow/airflow-venv/lib/python3.8/site-packages/airflow/example_dags/tutorial_dag.py
[2024-11-26T14:46:31.761-0600] {processor.py:914} INFO - Processing file /Users/beprathap/PycharmProjects/YouTube-airflow/airflow-venv/lib/python3.8/site-packages/airflow/example_dags/tutorial_dag.py for tasks to queue
[2024-11-26T14:46:31.761-0600] {logging_mixin.py:190} INFO - [2024-11-26T14:46:31.761-0600] {dagbag.py:588} INFO - Filling up the DagBag from /Users/beprathap/PycharmProjects/YouTube-airflow/airflow-venv/lib/python3.8/site-packages/airflow/example_dags/tutorial_dag.py
[2024-11-26T14:46:31.769-0600] {processor.py:925} INFO - DAG(s) 'tutorial_dag' retrieved from /Users/beprathap/PycharmProjects/YouTube-airflow/airflow-venv/lib/python3.8/site-packages/airflow/example_dags/tutorial_dag.py
[2024-11-26T14:46:31.802-0600] {logging_mixin.py:190} INFO - [2024-11-26T14:46:31.802-0600] {dag.py:3239} INFO - Sync 1 DAGs
[2024-11-26T14:46:31.806-0600] {logging_mixin.py:190} INFO - [2024-11-26T14:46:31.806-0600] {dag.py:4180} INFO - Setting next_dagrun for tutorial_dag to None, run_after=None
[2024-11-26T14:46:31.811-0600] {processor.py:208} INFO - Processing /Users/beprathap/PycharmProjects/YouTube-airflow/airflow-venv/lib/python3.8/site-packages/airflow/example_dags/tutorial_dag.py took 0.052 seconds
[2024-11-26T14:47:39.473-0600] {processor.py:186} INFO - Started process (PID=20835) to work on /Users/beprathap/PycharmProjects/YouTube-airflow/airflow-venv/lib/python3.8/site-packages/airflow/example_dags/tutorial_dag.py
[2024-11-26T14:47:39.473-0600] {processor.py:914} INFO - Processing file /Users/beprathap/PycharmProjects/YouTube-airflow/airflow-venv/lib/python3.8/site-packages/airflow/example_dags/tutorial_dag.py for tasks to queue
[2024-11-26T14:47:39.474-0600] {logging_mixin.py:190} INFO - [2024-11-26T14:47:39.474-0600] {dagbag.py:588} INFO - Filling up the DagBag from /Users/beprathap/PycharmProjects/YouTube-airflow/airflow-venv/lib/python3.8/site-packages/airflow/example_dags/tutorial_dag.py
[2024-11-26T14:47:39.482-0600] {processor.py:925} INFO - DAG(s) 'tutorial_dag' retrieved from /Users/beprathap/PycharmProjects/YouTube-airflow/airflow-venv/lib/python3.8/site-packages/airflow/example_dags/tutorial_dag.py
[2024-11-26T14:47:39.515-0600] {logging_mixin.py:190} INFO - [2024-11-26T14:47:39.515-0600] {dag.py:3239} INFO - Sync 1 DAGs
[2024-11-26T14:47:39.519-0600] {logging_mixin.py:190} INFO - [2024-11-26T14:47:39.519-0600] {dag.py:4180} INFO - Setting next_dagrun for tutorial_dag to None, run_after=None
[2024-11-26T14:47:39.524-0600] {processor.py:208} INFO - Processing /Users/beprathap/PycharmProjects/YouTube-airflow/airflow-venv/lib/python3.8/site-packages/airflow/example_dags/tutorial_dag.py took 0.052 seconds
[2024-11-26T14:48:48.914-0600] {processor.py:186} INFO - Started process (PID=20964) to work on /Users/beprathap/PycharmProjects/YouTube-airflow/airflow-venv/lib/python3.8/site-packages/airflow/example_dags/tutorial_dag.py
[2024-11-26T14:48:48.915-0600] {processor.py:914} INFO - Processing file /Users/beprathap/PycharmProjects/YouTube-airflow/airflow-venv/lib/python3.8/site-packages/airflow/example_dags/tutorial_dag.py for tasks to queue
[2024-11-26T14:48:48.915-0600] {logging_mixin.py:190} INFO - [2024-11-26T14:48:48.915-0600] {dagbag.py:588} INFO - Filling up the DagBag from /Users/beprathap/PycharmProjects/YouTube-airflow/airflow-venv/lib/python3.8/site-packages/airflow/example_dags/tutorial_dag.py
[2024-11-26T14:48:48.923-0600] {processor.py:925} INFO - DAG(s) 'tutorial_dag' retrieved from /Users/beprathap/PycharmProjects/YouTube-airflow/airflow-venv/lib/python3.8/site-packages/airflow/example_dags/tutorial_dag.py
[2024-11-26T14:48:48.957-0600] {logging_mixin.py:190} INFO - [2024-11-26T14:48:48.957-0600] {dag.py:3239} INFO - Sync 1 DAGs
[2024-11-26T14:48:48.961-0600] {logging_mixin.py:190} INFO - [2024-11-26T14:48:48.961-0600] {dag.py:4180} INFO - Setting next_dagrun for tutorial_dag to None, run_after=None
[2024-11-26T14:48:48.966-0600] {processor.py:208} INFO - Processing /Users/beprathap/PycharmProjects/YouTube-airflow/airflow-venv/lib/python3.8/site-packages/airflow/example_dags/tutorial_dag.py took 0.053 seconds
[2024-11-26T15:01:14.658-0600] {processor.py:186} INFO - Started process (PID=21322) to work on /Library/Frameworks/Python.framework/Versions/3.8/lib/python3.8/site-packages/airflow/example_dags/tutorial_dag.py
[2024-11-26T15:01:14.659-0600] {processor.py:914} INFO - Processing file /Library/Frameworks/Python.framework/Versions/3.8/lib/python3.8/site-packages/airflow/example_dags/tutorial_dag.py for tasks to queue
[2024-11-26T15:01:14.659-0600] {logging_mixin.py:190} INFO - [2024-11-26T15:01:14.659-0600] {dagbag.py:588} INFO - Filling up the DagBag from /Library/Frameworks/Python.framework/Versions/3.8/lib/python3.8/site-packages/airflow/example_dags/tutorial_dag.py
[2024-11-26T15:01:14.667-0600] {processor.py:925} INFO - DAG(s) 'tutorial_dag' retrieved from /Library/Frameworks/Python.framework/Versions/3.8/lib/python3.8/site-packages/airflow/example_dags/tutorial_dag.py
[2024-11-26T15:01:14.727-0600] {logging_mixin.py:190} INFO - [2024-11-26T15:01:14.727-0600] {dag.py:3239} INFO - Sync 1 DAGs
[2024-11-26T15:01:14.731-0600] {logging_mixin.py:190} INFO - [2024-11-26T15:01:14.731-0600] {dag.py:4180} INFO - Setting next_dagrun for tutorial_dag to None, run_after=None
[2024-11-26T15:01:14.737-0600] {processor.py:208} INFO - Processing /Library/Frameworks/Python.framework/Versions/3.8/lib/python3.8/site-packages/airflow/example_dags/tutorial_dag.py took 0.080 seconds
[2024-11-26T15:02:57.254-0600] {processor.py:186} INFO - Started process (PID=21521) to work on /Library/Frameworks/Python.framework/Versions/3.8/lib/python3.8/site-packages/airflow/example_dags/tutorial_dag.py
[2024-11-26T15:02:57.255-0600] {processor.py:914} INFO - Processing file /Library/Frameworks/Python.framework/Versions/3.8/lib/python3.8/site-packages/airflow/example_dags/tutorial_dag.py for tasks to queue
[2024-11-26T15:02:57.255-0600] {logging_mixin.py:190} INFO - [2024-11-26T15:02:57.255-0600] {dagbag.py:588} INFO - Filling up the DagBag from /Library/Frameworks/Python.framework/Versions/3.8/lib/python3.8/site-packages/airflow/example_dags/tutorial_dag.py
[2024-11-26T15:02:57.264-0600] {processor.py:925} INFO - DAG(s) 'tutorial_dag' retrieved from /Library/Frameworks/Python.framework/Versions/3.8/lib/python3.8/site-packages/airflow/example_dags/tutorial_dag.py
[2024-11-26T15:02:57.299-0600] {logging_mixin.py:190} INFO - [2024-11-26T15:02:57.299-0600] {dag.py:3239} INFO - Sync 1 DAGs
[2024-11-26T15:02:57.303-0600] {logging_mixin.py:190} INFO - [2024-11-26T15:02:57.303-0600] {dag.py:4180} INFO - Setting next_dagrun for tutorial_dag to None, run_after=None
[2024-11-26T15:02:57.309-0600] {processor.py:208} INFO - Processing /Library/Frameworks/Python.framework/Versions/3.8/lib/python3.8/site-packages/airflow/example_dags/tutorial_dag.py took 0.055 seconds
[2024-11-26T15:04:06.664-0600] {processor.py:186} INFO - Started process (PID=21645) to work on /Library/Frameworks/Python.framework/Versions/3.8/lib/python3.8/site-packages/airflow/example_dags/tutorial_dag.py
[2024-11-26T15:04:06.665-0600] {processor.py:914} INFO - Processing file /Library/Frameworks/Python.framework/Versions/3.8/lib/python3.8/site-packages/airflow/example_dags/tutorial_dag.py for tasks to queue
[2024-11-26T15:04:06.665-0600] {logging_mixin.py:190} INFO - [2024-11-26T15:04:06.665-0600] {dagbag.py:588} INFO - Filling up the DagBag from /Library/Frameworks/Python.framework/Versions/3.8/lib/python3.8/site-packages/airflow/example_dags/tutorial_dag.py
[2024-11-26T15:04:06.673-0600] {processor.py:925} INFO - DAG(s) 'tutorial_dag' retrieved from /Library/Frameworks/Python.framework/Versions/3.8/lib/python3.8/site-packages/airflow/example_dags/tutorial_dag.py
[2024-11-26T15:04:06.707-0600] {logging_mixin.py:190} INFO - [2024-11-26T15:04:06.707-0600] {dag.py:3239} INFO - Sync 1 DAGs
[2024-11-26T15:04:06.711-0600] {logging_mixin.py:190} INFO - [2024-11-26T15:04:06.711-0600] {dag.py:4180} INFO - Setting next_dagrun for tutorial_dag to None, run_after=None
[2024-11-26T15:04:06.717-0600] {processor.py:208} INFO - Processing /Library/Frameworks/Python.framework/Versions/3.8/lib/python3.8/site-packages/airflow/example_dags/tutorial_dag.py took 0.053 seconds
[2024-11-26T15:05:16.765-0600] {processor.py:186} INFO - Started process (PID=21772) to work on /Library/Frameworks/Python.framework/Versions/3.8/lib/python3.8/site-packages/airflow/example_dags/tutorial_dag.py
[2024-11-26T15:05:16.765-0600] {processor.py:914} INFO - Processing file /Library/Frameworks/Python.framework/Versions/3.8/lib/python3.8/site-packages/airflow/example_dags/tutorial_dag.py for tasks to queue
[2024-11-26T15:05:16.765-0600] {logging_mixin.py:190} INFO - [2024-11-26T15:05:16.765-0600] {dagbag.py:588} INFO - Filling up the DagBag from /Library/Frameworks/Python.framework/Versions/3.8/lib/python3.8/site-packages/airflow/example_dags/tutorial_dag.py
[2024-11-26T15:05:16.774-0600] {processor.py:925} INFO - DAG(s) 'tutorial_dag' retrieved from /Library/Frameworks/Python.framework/Versions/3.8/lib/python3.8/site-packages/airflow/example_dags/tutorial_dag.py
[2024-11-26T15:05:16.808-0600] {logging_mixin.py:190} INFO - [2024-11-26T15:05:16.808-0600] {dag.py:3239} INFO - Sync 1 DAGs
[2024-11-26T15:05:16.811-0600] {logging_mixin.py:190} INFO - [2024-11-26T15:05:16.811-0600] {dag.py:4180} INFO - Setting next_dagrun for tutorial_dag to None, run_after=None
[2024-11-26T15:05:16.817-0600] {processor.py:208} INFO - Processing /Library/Frameworks/Python.framework/Versions/3.8/lib/python3.8/site-packages/airflow/example_dags/tutorial_dag.py took 0.054 seconds
[2024-11-26T15:06:27.648-0600] {processor.py:186} INFO - Started process (PID=21892) to work on /Library/Frameworks/Python.framework/Versions/3.8/lib/python3.8/site-packages/airflow/example_dags/tutorial_dag.py
[2024-11-26T15:06:27.649-0600] {processor.py:914} INFO - Processing file /Library/Frameworks/Python.framework/Versions/3.8/lib/python3.8/site-packages/airflow/example_dags/tutorial_dag.py for tasks to queue
[2024-11-26T15:06:27.649-0600] {logging_mixin.py:190} INFO - [2024-11-26T15:06:27.649-0600] {dagbag.py:588} INFO - Filling up the DagBag from /Library/Frameworks/Python.framework/Versions/3.8/lib/python3.8/site-packages/airflow/example_dags/tutorial_dag.py
[2024-11-26T15:06:27.657-0600] {processor.py:925} INFO - DAG(s) 'tutorial_dag' retrieved from /Library/Frameworks/Python.framework/Versions/3.8/lib/python3.8/site-packages/airflow/example_dags/tutorial_dag.py
[2024-11-26T15:06:27.690-0600] {logging_mixin.py:190} INFO - [2024-11-26T15:06:27.690-0600] {dag.py:3239} INFO - Sync 1 DAGs
[2024-11-26T15:06:27.693-0600] {logging_mixin.py:190} INFO - [2024-11-26T15:06:27.693-0600] {dag.py:4180} INFO - Setting next_dagrun for tutorial_dag to None, run_after=None
[2024-11-26T15:06:27.698-0600] {processor.py:208} INFO - Processing /Library/Frameworks/Python.framework/Versions/3.8/lib/python3.8/site-packages/airflow/example_dags/tutorial_dag.py took 0.051 seconds
[2024-11-26T15:07:38.542-0600] {processor.py:186} INFO - Started process (PID=22069) to work on /Library/Frameworks/Python.framework/Versions/3.8/lib/python3.8/site-packages/airflow/example_dags/tutorial_dag.py
[2024-11-26T15:07:38.542-0600] {processor.py:914} INFO - Processing file /Library/Frameworks/Python.framework/Versions/3.8/lib/python3.8/site-packages/airflow/example_dags/tutorial_dag.py for tasks to queue
[2024-11-26T15:07:38.543-0600] {logging_mixin.py:190} INFO - [2024-11-26T15:07:38.543-0600] {dagbag.py:588} INFO - Filling up the DagBag from /Library/Frameworks/Python.framework/Versions/3.8/lib/python3.8/site-packages/airflow/example_dags/tutorial_dag.py
[2024-11-26T15:07:38.550-0600] {processor.py:925} INFO - DAG(s) 'tutorial_dag' retrieved from /Library/Frameworks/Python.framework/Versions/3.8/lib/python3.8/site-packages/airflow/example_dags/tutorial_dag.py
[2024-11-26T15:07:38.584-0600] {logging_mixin.py:190} INFO - [2024-11-26T15:07:38.584-0600] {dag.py:3239} INFO - Sync 1 DAGs
[2024-11-26T15:07:38.587-0600] {logging_mixin.py:190} INFO - [2024-11-26T15:07:38.587-0600] {dag.py:4180} INFO - Setting next_dagrun for tutorial_dag to None, run_after=None
[2024-11-26T15:07:38.592-0600] {processor.py:208} INFO - Processing /Library/Frameworks/Python.framework/Versions/3.8/lib/python3.8/site-packages/airflow/example_dags/tutorial_dag.py took 0.052 seconds
[2024-11-26T15:16:14.785-0600] {processor.py:186} INFO - Started process (PID=22326) to work on /Library/Frameworks/Python.framework/Versions/3.8/lib/python3.8/site-packages/airflow/example_dags/tutorial_dag.py
[2024-11-26T15:16:14.786-0600] {processor.py:914} INFO - Processing file /Library/Frameworks/Python.framework/Versions/3.8/lib/python3.8/site-packages/airflow/example_dags/tutorial_dag.py for tasks to queue
[2024-11-26T15:16:14.786-0600] {logging_mixin.py:190} INFO - [2024-11-26T15:16:14.786-0600] {dagbag.py:588} INFO - Filling up the DagBag from /Library/Frameworks/Python.framework/Versions/3.8/lib/python3.8/site-packages/airflow/example_dags/tutorial_dag.py
[2024-11-26T15:16:14.794-0600] {processor.py:925} INFO - DAG(s) 'tutorial_dag' retrieved from /Library/Frameworks/Python.framework/Versions/3.8/lib/python3.8/site-packages/airflow/example_dags/tutorial_dag.py
[2024-11-26T15:16:14.827-0600] {logging_mixin.py:190} INFO - [2024-11-26T15:16:14.827-0600] {dag.py:3239} INFO - Sync 1 DAGs
[2024-11-26T15:16:14.830-0600] {logging_mixin.py:190} INFO - [2024-11-26T15:16:14.830-0600] {dag.py:4180} INFO - Setting next_dagrun for tutorial_dag to None, run_after=None
[2024-11-26T15:16:14.835-0600] {processor.py:208} INFO - Processing /Library/Frameworks/Python.framework/Versions/3.8/lib/python3.8/site-packages/airflow/example_dags/tutorial_dag.py took 0.052 seconds
[2024-11-26T15:17:53.652-0600] {processor.py:186} INFO - Started process (PID=22522) to work on /Library/Frameworks/Python.framework/Versions/3.8/lib/python3.8/site-packages/airflow/example_dags/tutorial_dag.py
[2024-11-26T15:17:53.652-0600] {processor.py:914} INFO - Processing file /Library/Frameworks/Python.framework/Versions/3.8/lib/python3.8/site-packages/airflow/example_dags/tutorial_dag.py for tasks to queue
[2024-11-26T15:17:53.652-0600] {logging_mixin.py:190} INFO - [2024-11-26T15:17:53.652-0600] {dagbag.py:588} INFO - Filling up the DagBag from /Library/Frameworks/Python.framework/Versions/3.8/lib/python3.8/site-packages/airflow/example_dags/tutorial_dag.py
[2024-11-26T15:17:53.661-0600] {processor.py:925} INFO - DAG(s) 'tutorial_dag' retrieved from /Library/Frameworks/Python.framework/Versions/3.8/lib/python3.8/site-packages/airflow/example_dags/tutorial_dag.py
[2024-11-26T15:17:53.695-0600] {logging_mixin.py:190} INFO - [2024-11-26T15:17:53.695-0600] {dag.py:3239} INFO - Sync 1 DAGs
[2024-11-26T15:17:53.698-0600] {logging_mixin.py:190} INFO - [2024-11-26T15:17:53.698-0600] {dag.py:4180} INFO - Setting next_dagrun for tutorial_dag to None, run_after=None
[2024-11-26T15:17:53.703-0600] {processor.py:208} INFO - Processing /Library/Frameworks/Python.framework/Versions/3.8/lib/python3.8/site-packages/airflow/example_dags/tutorial_dag.py took 0.053 seconds
[2024-11-26T15:19:00.440-0600] {processor.py:186} INFO - Started process (PID=22661) to work on /Library/Frameworks/Python.framework/Versions/3.8/lib/python3.8/site-packages/airflow/example_dags/tutorial_dag.py
[2024-11-26T15:19:00.440-0600] {processor.py:914} INFO - Processing file /Library/Frameworks/Python.framework/Versions/3.8/lib/python3.8/site-packages/airflow/example_dags/tutorial_dag.py for tasks to queue
[2024-11-26T15:19:00.441-0600] {logging_mixin.py:190} INFO - [2024-11-26T15:19:00.441-0600] {dagbag.py:588} INFO - Filling up the DagBag from /Library/Frameworks/Python.framework/Versions/3.8/lib/python3.8/site-packages/airflow/example_dags/tutorial_dag.py
[2024-11-26T15:19:00.449-0600] {processor.py:925} INFO - DAG(s) 'tutorial_dag' retrieved from /Library/Frameworks/Python.framework/Versions/3.8/lib/python3.8/site-packages/airflow/example_dags/tutorial_dag.py
[2024-11-26T15:19:00.482-0600] {logging_mixin.py:190} INFO - [2024-11-26T15:19:00.482-0600] {dag.py:3239} INFO - Sync 1 DAGs
[2024-11-26T15:19:00.485-0600] {logging_mixin.py:190} INFO - [2024-11-26T15:19:00.485-0600] {dag.py:4180} INFO - Setting next_dagrun for tutorial_dag to None, run_after=None
[2024-11-26T15:19:00.490-0600] {processor.py:208} INFO - Processing /Library/Frameworks/Python.framework/Versions/3.8/lib/python3.8/site-packages/airflow/example_dags/tutorial_dag.py took 0.052 seconds
[2024-11-26T15:20:08.187-0600] {processor.py:186} INFO - Started process (PID=22786) to work on /Library/Frameworks/Python.framework/Versions/3.8/lib/python3.8/site-packages/airflow/example_dags/tutorial_dag.py
[2024-11-26T15:20:08.187-0600] {processor.py:914} INFO - Processing file /Library/Frameworks/Python.framework/Versions/3.8/lib/python3.8/site-packages/airflow/example_dags/tutorial_dag.py for tasks to queue
[2024-11-26T15:20:08.187-0600] {logging_mixin.py:190} INFO - [2024-11-26T15:20:08.187-0600] {dagbag.py:588} INFO - Filling up the DagBag from /Library/Frameworks/Python.framework/Versions/3.8/lib/python3.8/site-packages/airflow/example_dags/tutorial_dag.py
[2024-11-26T15:20:08.195-0600] {processor.py:925} INFO - DAG(s) 'tutorial_dag' retrieved from /Library/Frameworks/Python.framework/Versions/3.8/lib/python3.8/site-packages/airflow/example_dags/tutorial_dag.py
[2024-11-26T15:20:08.228-0600] {logging_mixin.py:190} INFO - [2024-11-26T15:20:08.228-0600] {dag.py:3239} INFO - Sync 1 DAGs
[2024-11-26T15:20:08.232-0600] {logging_mixin.py:190} INFO - [2024-11-26T15:20:08.232-0600] {dag.py:4180} INFO - Setting next_dagrun for tutorial_dag to None, run_after=None
[2024-11-26T15:20:08.237-0600] {processor.py:208} INFO - Processing /Library/Frameworks/Python.framework/Versions/3.8/lib/python3.8/site-packages/airflow/example_dags/tutorial_dag.py took 0.052 seconds
[2024-11-26T15:21:15.366-0600] {processor.py:186} INFO - Started process (PID=22914) to work on /Library/Frameworks/Python.framework/Versions/3.8/lib/python3.8/site-packages/airflow/example_dags/tutorial_dag.py
[2024-11-26T15:21:15.366-0600] {processor.py:914} INFO - Processing file /Library/Frameworks/Python.framework/Versions/3.8/lib/python3.8/site-packages/airflow/example_dags/tutorial_dag.py for tasks to queue
[2024-11-26T15:21:15.367-0600] {logging_mixin.py:190} INFO - [2024-11-26T15:21:15.367-0600] {dagbag.py:588} INFO - Filling up the DagBag from /Library/Frameworks/Python.framework/Versions/3.8/lib/python3.8/site-packages/airflow/example_dags/tutorial_dag.py
[2024-11-26T15:21:15.374-0600] {processor.py:925} INFO - DAG(s) 'tutorial_dag' retrieved from /Library/Frameworks/Python.framework/Versions/3.8/lib/python3.8/site-packages/airflow/example_dags/tutorial_dag.py
[2024-11-26T15:21:15.408-0600] {logging_mixin.py:190} INFO - [2024-11-26T15:21:15.408-0600] {dag.py:3239} INFO - Sync 1 DAGs
[2024-11-26T15:21:15.412-0600] {logging_mixin.py:190} INFO - [2024-11-26T15:21:15.411-0600] {dag.py:4180} INFO - Setting next_dagrun for tutorial_dag to None, run_after=None
[2024-11-26T15:21:15.417-0600] {processor.py:208} INFO - Processing /Library/Frameworks/Python.framework/Versions/3.8/lib/python3.8/site-packages/airflow/example_dags/tutorial_dag.py took 0.052 seconds
[2024-11-26T15:22:22.713-0600] {processor.py:186} INFO - Started process (PID=23052) to work on /Library/Frameworks/Python.framework/Versions/3.8/lib/python3.8/site-packages/airflow/example_dags/tutorial_dag.py
[2024-11-26T15:22:22.713-0600] {processor.py:914} INFO - Processing file /Library/Frameworks/Python.framework/Versions/3.8/lib/python3.8/site-packages/airflow/example_dags/tutorial_dag.py for tasks to queue
[2024-11-26T15:22:22.714-0600] {logging_mixin.py:190} INFO - [2024-11-26T15:22:22.714-0600] {dagbag.py:588} INFO - Filling up the DagBag from /Library/Frameworks/Python.framework/Versions/3.8/lib/python3.8/site-packages/airflow/example_dags/tutorial_dag.py
[2024-11-26T15:22:22.721-0600] {processor.py:925} INFO - DAG(s) 'tutorial_dag' retrieved from /Library/Frameworks/Python.framework/Versions/3.8/lib/python3.8/site-packages/airflow/example_dags/tutorial_dag.py
[2024-11-26T15:22:22.756-0600] {logging_mixin.py:190} INFO - [2024-11-26T15:22:22.756-0600] {dag.py:3239} INFO - Sync 1 DAGs
[2024-11-26T15:22:22.760-0600] {logging_mixin.py:190} INFO - [2024-11-26T15:22:22.760-0600] {dag.py:4180} INFO - Setting next_dagrun for tutorial_dag to None, run_after=None
[2024-11-26T15:22:22.765-0600] {processor.py:208} INFO - Processing /Library/Frameworks/Python.framework/Versions/3.8/lib/python3.8/site-packages/airflow/example_dags/tutorial_dag.py took 0.054 seconds
[2024-11-26T15:23:30.541-0600] {processor.py:186} INFO - Started process (PID=23190) to work on /Library/Frameworks/Python.framework/Versions/3.8/lib/python3.8/site-packages/airflow/example_dags/tutorial_dag.py
[2024-11-26T15:23:30.541-0600] {processor.py:914} INFO - Processing file /Library/Frameworks/Python.framework/Versions/3.8/lib/python3.8/site-packages/airflow/example_dags/tutorial_dag.py for tasks to queue
[2024-11-26T15:23:30.541-0600] {logging_mixin.py:190} INFO - [2024-11-26T15:23:30.541-0600] {dagbag.py:588} INFO - Filling up the DagBag from /Library/Frameworks/Python.framework/Versions/3.8/lib/python3.8/site-packages/airflow/example_dags/tutorial_dag.py
[2024-11-26T15:23:30.549-0600] {processor.py:925} INFO - DAG(s) 'tutorial_dag' retrieved from /Library/Frameworks/Python.framework/Versions/3.8/lib/python3.8/site-packages/airflow/example_dags/tutorial_dag.py
[2024-11-26T15:23:30.582-0600] {logging_mixin.py:190} INFO - [2024-11-26T15:23:30.582-0600] {dag.py:3239} INFO - Sync 1 DAGs
[2024-11-26T15:23:30.586-0600] {logging_mixin.py:190} INFO - [2024-11-26T15:23:30.586-0600] {dag.py:4180} INFO - Setting next_dagrun for tutorial_dag to None, run_after=None
[2024-11-26T15:23:30.591-0600] {processor.py:208} INFO - Processing /Library/Frameworks/Python.framework/Versions/3.8/lib/python3.8/site-packages/airflow/example_dags/tutorial_dag.py took 0.052 seconds
[2024-11-26T15:33:09.632-0600] {processor.py:186} INFO - Started process (PID=23434) to work on /Library/Frameworks/Python.framework/Versions/3.8/lib/python3.8/site-packages/airflow/example_dags/tutorial_dag.py
[2024-11-26T15:33:09.633-0600] {processor.py:914} INFO - Processing file /Library/Frameworks/Python.framework/Versions/3.8/lib/python3.8/site-packages/airflow/example_dags/tutorial_dag.py for tasks to queue
[2024-11-26T15:33:09.633-0600] {logging_mixin.py:190} INFO - [2024-11-26T15:33:09.633-0600] {dagbag.py:588} INFO - Filling up the DagBag from /Library/Frameworks/Python.framework/Versions/3.8/lib/python3.8/site-packages/airflow/example_dags/tutorial_dag.py
[2024-11-26T15:33:09.641-0600] {processor.py:925} INFO - DAG(s) 'tutorial_dag' retrieved from /Library/Frameworks/Python.framework/Versions/3.8/lib/python3.8/site-packages/airflow/example_dags/tutorial_dag.py
[2024-11-26T15:33:09.674-0600] {logging_mixin.py:190} INFO - [2024-11-26T15:33:09.673-0600] {dag.py:3239} INFO - Sync 1 DAGs
[2024-11-26T15:33:09.677-0600] {logging_mixin.py:190} INFO - [2024-11-26T15:33:09.677-0600] {dag.py:4180} INFO - Setting next_dagrun for tutorial_dag to None, run_after=None
[2024-11-26T15:33:09.682-0600] {processor.py:208} INFO - Processing /Library/Frameworks/Python.framework/Versions/3.8/lib/python3.8/site-packages/airflow/example_dags/tutorial_dag.py took 0.052 seconds
[2024-11-26T15:34:49.241-0600] {processor.py:186} INFO - Started process (PID=23624) to work on /Library/Frameworks/Python.framework/Versions/3.8/lib/python3.8/site-packages/airflow/example_dags/tutorial_dag.py
[2024-11-26T15:34:49.242-0600] {processor.py:914} INFO - Processing file /Library/Frameworks/Python.framework/Versions/3.8/lib/python3.8/site-packages/airflow/example_dags/tutorial_dag.py for tasks to queue
[2024-11-26T15:34:49.242-0600] {logging_mixin.py:190} INFO - [2024-11-26T15:34:49.242-0600] {dagbag.py:588} INFO - Filling up the DagBag from /Library/Frameworks/Python.framework/Versions/3.8/lib/python3.8/site-packages/airflow/example_dags/tutorial_dag.py
[2024-11-26T15:34:49.250-0600] {processor.py:925} INFO - DAG(s) 'tutorial_dag' retrieved from /Library/Frameworks/Python.framework/Versions/3.8/lib/python3.8/site-packages/airflow/example_dags/tutorial_dag.py
[2024-11-26T15:34:49.283-0600] {logging_mixin.py:190} INFO - [2024-11-26T15:34:49.282-0600] {dag.py:3239} INFO - Sync 1 DAGs
[2024-11-26T15:34:49.286-0600] {logging_mixin.py:190} INFO - [2024-11-26T15:34:49.286-0600] {dag.py:4180} INFO - Setting next_dagrun for tutorial_dag to None, run_after=None
[2024-11-26T15:34:49.291-0600] {processor.py:208} INFO - Processing /Library/Frameworks/Python.framework/Versions/3.8/lib/python3.8/site-packages/airflow/example_dags/tutorial_dag.py took 0.051 seconds
[2024-11-26T15:35:57.282-0600] {processor.py:186} INFO - Started process (PID=23752) to work on /Library/Frameworks/Python.framework/Versions/3.8/lib/python3.8/site-packages/airflow/example_dags/tutorial_dag.py
[2024-11-26T15:35:57.282-0600] {processor.py:914} INFO - Processing file /Library/Frameworks/Python.framework/Versions/3.8/lib/python3.8/site-packages/airflow/example_dags/tutorial_dag.py for tasks to queue
[2024-11-26T15:35:57.282-0600] {logging_mixin.py:190} INFO - [2024-11-26T15:35:57.282-0600] {dagbag.py:588} INFO - Filling up the DagBag from /Library/Frameworks/Python.framework/Versions/3.8/lib/python3.8/site-packages/airflow/example_dags/tutorial_dag.py
[2024-11-26T15:35:57.291-0600] {processor.py:925} INFO - DAG(s) 'tutorial_dag' retrieved from /Library/Frameworks/Python.framework/Versions/3.8/lib/python3.8/site-packages/airflow/example_dags/tutorial_dag.py
[2024-11-26T15:35:57.326-0600] {logging_mixin.py:190} INFO - [2024-11-26T15:35:57.326-0600] {dag.py:3239} INFO - Sync 1 DAGs
[2024-11-26T15:35:57.330-0600] {logging_mixin.py:190} INFO - [2024-11-26T15:35:57.330-0600] {dag.py:4180} INFO - Setting next_dagrun for tutorial_dag to None, run_after=None
[2024-11-26T15:35:57.335-0600] {processor.py:208} INFO - Processing /Library/Frameworks/Python.framework/Versions/3.8/lib/python3.8/site-packages/airflow/example_dags/tutorial_dag.py took 0.055 seconds
[2024-11-26T15:37:04.040-0600] {processor.py:186} INFO - Started process (PID=23879) to work on /Library/Frameworks/Python.framework/Versions/3.8/lib/python3.8/site-packages/airflow/example_dags/tutorial_dag.py
[2024-11-26T15:37:04.041-0600] {processor.py:914} INFO - Processing file /Library/Frameworks/Python.framework/Versions/3.8/lib/python3.8/site-packages/airflow/example_dags/tutorial_dag.py for tasks to queue
[2024-11-26T15:37:04.041-0600] {logging_mixin.py:190} INFO - [2024-11-26T15:37:04.041-0600] {dagbag.py:588} INFO - Filling up the DagBag from /Library/Frameworks/Python.framework/Versions/3.8/lib/python3.8/site-packages/airflow/example_dags/tutorial_dag.py
[2024-11-26T15:37:04.050-0600] {processor.py:925} INFO - DAG(s) 'tutorial_dag' retrieved from /Library/Frameworks/Python.framework/Versions/3.8/lib/python3.8/site-packages/airflow/example_dags/tutorial_dag.py
[2024-11-26T15:37:04.085-0600] {logging_mixin.py:190} INFO - [2024-11-26T15:37:04.085-0600] {dag.py:3239} INFO - Sync 1 DAGs
[2024-11-26T15:37:04.088-0600] {logging_mixin.py:190} INFO - [2024-11-26T15:37:04.088-0600] {dag.py:4180} INFO - Setting next_dagrun for tutorial_dag to None, run_after=None
[2024-11-26T15:37:04.094-0600] {processor.py:208} INFO - Processing /Library/Frameworks/Python.framework/Versions/3.8/lib/python3.8/site-packages/airflow/example_dags/tutorial_dag.py took 0.055 seconds
[2024-11-26T15:38:13.965-0600] {processor.py:186} INFO - Started process (PID=24012) to work on /Library/Frameworks/Python.framework/Versions/3.8/lib/python3.8/site-packages/airflow/example_dags/tutorial_dag.py
[2024-11-26T15:38:13.965-0600] {processor.py:914} INFO - Processing file /Library/Frameworks/Python.framework/Versions/3.8/lib/python3.8/site-packages/airflow/example_dags/tutorial_dag.py for tasks to queue
[2024-11-26T15:38:13.965-0600] {logging_mixin.py:190} INFO - [2024-11-26T15:38:13.965-0600] {dagbag.py:588} INFO - Filling up the DagBag from /Library/Frameworks/Python.framework/Versions/3.8/lib/python3.8/site-packages/airflow/example_dags/tutorial_dag.py
[2024-11-26T15:38:13.973-0600] {processor.py:925} INFO - DAG(s) 'tutorial_dag' retrieved from /Library/Frameworks/Python.framework/Versions/3.8/lib/python3.8/site-packages/airflow/example_dags/tutorial_dag.py
[2024-11-26T15:38:14.007-0600] {logging_mixin.py:190} INFO - [2024-11-26T15:38:14.006-0600] {dag.py:3239} INFO - Sync 1 DAGs
[2024-11-26T15:38:14.010-0600] {logging_mixin.py:190} INFO - [2024-11-26T15:38:14.010-0600] {dag.py:4180} INFO - Setting next_dagrun for tutorial_dag to None, run_after=None
[2024-11-26T15:38:14.015-0600] {processor.py:208} INFO - Processing /Library/Frameworks/Python.framework/Versions/3.8/lib/python3.8/site-packages/airflow/example_dags/tutorial_dag.py took 0.052 seconds
[2024-11-26T15:39:19.627-0600] {processor.py:186} INFO - Started process (PID=24136) to work on /Library/Frameworks/Python.framework/Versions/3.8/lib/python3.8/site-packages/airflow/example_dags/tutorial_dag.py
[2024-11-26T15:39:19.628-0600] {processor.py:914} INFO - Processing file /Library/Frameworks/Python.framework/Versions/3.8/lib/python3.8/site-packages/airflow/example_dags/tutorial_dag.py for tasks to queue
[2024-11-26T15:39:19.628-0600] {logging_mixin.py:190} INFO - [2024-11-26T15:39:19.628-0600] {dagbag.py:588} INFO - Filling up the DagBag from /Library/Frameworks/Python.framework/Versions/3.8/lib/python3.8/site-packages/airflow/example_dags/tutorial_dag.py
[2024-11-26T15:39:19.636-0600] {processor.py:925} INFO - DAG(s) 'tutorial_dag' retrieved from /Library/Frameworks/Python.framework/Versions/3.8/lib/python3.8/site-packages/airflow/example_dags/tutorial_dag.py
[2024-11-26T15:39:19.669-0600] {logging_mixin.py:190} INFO - [2024-11-26T15:39:19.669-0600] {dag.py:3239} INFO - Sync 1 DAGs
[2024-11-26T15:39:19.673-0600] {logging_mixin.py:190} INFO - [2024-11-26T15:39:19.673-0600] {dag.py:4180} INFO - Setting next_dagrun for tutorial_dag to None, run_after=None
[2024-11-26T15:39:19.678-0600] {processor.py:208} INFO - Processing /Library/Frameworks/Python.framework/Versions/3.8/lib/python3.8/site-packages/airflow/example_dags/tutorial_dag.py took 0.053 seconds
[2024-11-26T15:40:25.244-0600] {processor.py:186} INFO - Started process (PID=24270) to work on /Library/Frameworks/Python.framework/Versions/3.8/lib/python3.8/site-packages/airflow/example_dags/tutorial_dag.py
[2024-11-26T15:40:25.245-0600] {processor.py:914} INFO - Processing file /Library/Frameworks/Python.framework/Versions/3.8/lib/python3.8/site-packages/airflow/example_dags/tutorial_dag.py for tasks to queue
[2024-11-26T15:40:25.245-0600] {logging_mixin.py:190} INFO - [2024-11-26T15:40:25.245-0600] {dagbag.py:588} INFO - Filling up the DagBag from /Library/Frameworks/Python.framework/Versions/3.8/lib/python3.8/site-packages/airflow/example_dags/tutorial_dag.py
[2024-11-26T15:40:25.254-0600] {processor.py:925} INFO - DAG(s) 'tutorial_dag' retrieved from /Library/Frameworks/Python.framework/Versions/3.8/lib/python3.8/site-packages/airflow/example_dags/tutorial_dag.py
[2024-11-26T15:40:25.288-0600] {logging_mixin.py:190} INFO - [2024-11-26T15:40:25.288-0600] {dag.py:3239} INFO - Sync 1 DAGs
[2024-11-26T15:40:25.292-0600] {logging_mixin.py:190} INFO - [2024-11-26T15:40:25.292-0600] {dag.py:4180} INFO - Setting next_dagrun for tutorial_dag to None, run_after=None
[2024-11-26T15:40:25.297-0600] {processor.py:208} INFO - Processing /Library/Frameworks/Python.framework/Versions/3.8/lib/python3.8/site-packages/airflow/example_dags/tutorial_dag.py took 0.055 seconds
[2024-11-26T15:41:34.884-0600] {processor.py:186} INFO - Started process (PID=24393) to work on /Library/Frameworks/Python.framework/Versions/3.8/lib/python3.8/site-packages/airflow/example_dags/tutorial_dag.py
[2024-11-26T15:41:34.884-0600] {processor.py:914} INFO - Processing file /Library/Frameworks/Python.framework/Versions/3.8/lib/python3.8/site-packages/airflow/example_dags/tutorial_dag.py for tasks to queue
[2024-11-26T15:41:34.884-0600] {logging_mixin.py:190} INFO - [2024-11-26T15:41:34.884-0600] {dagbag.py:588} INFO - Filling up the DagBag from /Library/Frameworks/Python.framework/Versions/3.8/lib/python3.8/site-packages/airflow/example_dags/tutorial_dag.py
[2024-11-26T15:41:34.892-0600] {processor.py:925} INFO - DAG(s) 'tutorial_dag' retrieved from /Library/Frameworks/Python.framework/Versions/3.8/lib/python3.8/site-packages/airflow/example_dags/tutorial_dag.py
[2024-11-26T15:41:34.926-0600] {logging_mixin.py:190} INFO - [2024-11-26T15:41:34.926-0600] {dag.py:3239} INFO - Sync 1 DAGs
[2024-11-26T15:41:34.929-0600] {logging_mixin.py:190} INFO - [2024-11-26T15:41:34.929-0600] {dag.py:4180} INFO - Setting next_dagrun for tutorial_dag to None, run_after=None
[2024-11-26T15:41:34.935-0600] {processor.py:208} INFO - Processing /Library/Frameworks/Python.framework/Versions/3.8/lib/python3.8/site-packages/airflow/example_dags/tutorial_dag.py took 0.052 seconds
[2024-11-26T15:42:43.492-0600] {processor.py:186} INFO - Started process (PID=24516) to work on /Library/Frameworks/Python.framework/Versions/3.8/lib/python3.8/site-packages/airflow/example_dags/tutorial_dag.py
[2024-11-26T15:42:43.492-0600] {processor.py:914} INFO - Processing file /Library/Frameworks/Python.framework/Versions/3.8/lib/python3.8/site-packages/airflow/example_dags/tutorial_dag.py for tasks to queue
[2024-11-26T15:42:43.493-0600] {logging_mixin.py:190} INFO - [2024-11-26T15:42:43.493-0600] {dagbag.py:588} INFO - Filling up the DagBag from /Library/Frameworks/Python.framework/Versions/3.8/lib/python3.8/site-packages/airflow/example_dags/tutorial_dag.py
[2024-11-26T15:42:43.500-0600] {processor.py:925} INFO - DAG(s) 'tutorial_dag' retrieved from /Library/Frameworks/Python.framework/Versions/3.8/lib/python3.8/site-packages/airflow/example_dags/tutorial_dag.py
[2024-11-26T15:42:43.534-0600] {logging_mixin.py:190} INFO - [2024-11-26T15:42:43.534-0600] {dag.py:3239} INFO - Sync 1 DAGs
[2024-11-26T15:42:43.538-0600] {logging_mixin.py:190} INFO - [2024-11-26T15:42:43.538-0600] {dag.py:4180} INFO - Setting next_dagrun for tutorial_dag to None, run_after=None
[2024-11-26T15:42:43.543-0600] {processor.py:208} INFO - Processing /Library/Frameworks/Python.framework/Versions/3.8/lib/python3.8/site-packages/airflow/example_dags/tutorial_dag.py took 0.052 seconds
[2024-11-26T15:43:52.159-0600] {processor.py:186} INFO - Started process (PID=24645) to work on /Library/Frameworks/Python.framework/Versions/3.8/lib/python3.8/site-packages/airflow/example_dags/tutorial_dag.py
[2024-11-26T15:43:52.160-0600] {processor.py:914} INFO - Processing file /Library/Frameworks/Python.framework/Versions/3.8/lib/python3.8/site-packages/airflow/example_dags/tutorial_dag.py for tasks to queue
[2024-11-26T15:43:52.160-0600] {logging_mixin.py:190} INFO - [2024-11-26T15:43:52.160-0600] {dagbag.py:588} INFO - Filling up the DagBag from /Library/Frameworks/Python.framework/Versions/3.8/lib/python3.8/site-packages/airflow/example_dags/tutorial_dag.py
[2024-11-26T15:43:52.167-0600] {processor.py:925} INFO - DAG(s) 'tutorial_dag' retrieved from /Library/Frameworks/Python.framework/Versions/3.8/lib/python3.8/site-packages/airflow/example_dags/tutorial_dag.py
[2024-11-26T15:43:52.201-0600] {logging_mixin.py:190} INFO - [2024-11-26T15:43:52.201-0600] {dag.py:3239} INFO - Sync 1 DAGs
[2024-11-26T15:43:52.204-0600] {logging_mixin.py:190} INFO - [2024-11-26T15:43:52.204-0600] {dag.py:4180} INFO - Setting next_dagrun for tutorial_dag to None, run_after=None
[2024-11-26T15:43:52.210-0600] {processor.py:208} INFO - Processing /Library/Frameworks/Python.framework/Versions/3.8/lib/python3.8/site-packages/airflow/example_dags/tutorial_dag.py took 0.052 seconds
[2024-11-26T15:45:01.181-0600] {processor.py:186} INFO - Started process (PID=24773) to work on /Library/Frameworks/Python.framework/Versions/3.8/lib/python3.8/site-packages/airflow/example_dags/tutorial_dag.py
[2024-11-26T15:45:01.182-0600] {processor.py:914} INFO - Processing file /Library/Frameworks/Python.framework/Versions/3.8/lib/python3.8/site-packages/airflow/example_dags/tutorial_dag.py for tasks to queue
[2024-11-26T15:45:01.182-0600] {logging_mixin.py:190} INFO - [2024-11-26T15:45:01.182-0600] {dagbag.py:588} INFO - Filling up the DagBag from /Library/Frameworks/Python.framework/Versions/3.8/lib/python3.8/site-packages/airflow/example_dags/tutorial_dag.py
[2024-11-26T15:45:01.190-0600] {processor.py:925} INFO - DAG(s) 'tutorial_dag' retrieved from /Library/Frameworks/Python.framework/Versions/3.8/lib/python3.8/site-packages/airflow/example_dags/tutorial_dag.py
[2024-11-26T15:45:01.224-0600] {logging_mixin.py:190} INFO - [2024-11-26T15:45:01.224-0600] {dag.py:3239} INFO - Sync 1 DAGs
[2024-11-26T15:45:01.228-0600] {logging_mixin.py:190} INFO - [2024-11-26T15:45:01.228-0600] {dag.py:4180} INFO - Setting next_dagrun for tutorial_dag to None, run_after=None
[2024-11-26T15:45:01.233-0600] {processor.py:208} INFO - Processing /Library/Frameworks/Python.framework/Versions/3.8/lib/python3.8/site-packages/airflow/example_dags/tutorial_dag.py took 0.053 seconds
[2024-11-26T15:46:09.127-0600] {processor.py:186} INFO - Started process (PID=24896) to work on /Library/Frameworks/Python.framework/Versions/3.8/lib/python3.8/site-packages/airflow/example_dags/tutorial_dag.py
[2024-11-26T15:46:09.127-0600] {processor.py:914} INFO - Processing file /Library/Frameworks/Python.framework/Versions/3.8/lib/python3.8/site-packages/airflow/example_dags/tutorial_dag.py for tasks to queue
[2024-11-26T15:46:09.128-0600] {logging_mixin.py:190} INFO - [2024-11-26T15:46:09.128-0600] {dagbag.py:588} INFO - Filling up the DagBag from /Library/Frameworks/Python.framework/Versions/3.8/lib/python3.8/site-packages/airflow/example_dags/tutorial_dag.py
[2024-11-26T15:46:09.135-0600] {processor.py:925} INFO - DAG(s) 'tutorial_dag' retrieved from /Library/Frameworks/Python.framework/Versions/3.8/lib/python3.8/site-packages/airflow/example_dags/tutorial_dag.py
[2024-11-26T15:46:09.170-0600] {logging_mixin.py:190} INFO - [2024-11-26T15:46:09.170-0600] {dag.py:3239} INFO - Sync 1 DAGs
[2024-11-26T15:46:09.174-0600] {logging_mixin.py:190} INFO - [2024-11-26T15:46:09.174-0600] {dag.py:4180} INFO - Setting next_dagrun for tutorial_dag to None, run_after=None
[2024-11-26T15:46:09.179-0600] {processor.py:208} INFO - Processing /Library/Frameworks/Python.framework/Versions/3.8/lib/python3.8/site-packages/airflow/example_dags/tutorial_dag.py took 0.054 seconds
[2024-11-26T15:47:13.417-0600] {processor.py:186} INFO - Started process (PID=25021) to work on /Library/Frameworks/Python.framework/Versions/3.8/lib/python3.8/site-packages/airflow/example_dags/tutorial_dag.py
[2024-11-26T15:47:13.418-0600] {processor.py:914} INFO - Processing file /Library/Frameworks/Python.framework/Versions/3.8/lib/python3.8/site-packages/airflow/example_dags/tutorial_dag.py for tasks to queue
[2024-11-26T15:47:13.418-0600] {logging_mixin.py:190} INFO - [2024-11-26T15:47:13.418-0600] {dagbag.py:588} INFO - Filling up the DagBag from /Library/Frameworks/Python.framework/Versions/3.8/lib/python3.8/site-packages/airflow/example_dags/tutorial_dag.py
[2024-11-26T15:47:13.426-0600] {processor.py:925} INFO - DAG(s) 'tutorial_dag' retrieved from /Library/Frameworks/Python.framework/Versions/3.8/lib/python3.8/site-packages/airflow/example_dags/tutorial_dag.py
[2024-11-26T15:47:13.459-0600] {logging_mixin.py:190} INFO - [2024-11-26T15:47:13.459-0600] {dag.py:3239} INFO - Sync 1 DAGs
[2024-11-26T15:47:13.463-0600] {logging_mixin.py:190} INFO - [2024-11-26T15:47:13.463-0600] {dag.py:4180} INFO - Setting next_dagrun for tutorial_dag to None, run_after=None
[2024-11-26T15:47:13.468-0600] {processor.py:208} INFO - Processing /Library/Frameworks/Python.framework/Versions/3.8/lib/python3.8/site-packages/airflow/example_dags/tutorial_dag.py took 0.052 seconds
[2024-11-26T15:48:20.233-0600] {processor.py:186} INFO - Started process (PID=25151) to work on /Library/Frameworks/Python.framework/Versions/3.8/lib/python3.8/site-packages/airflow/example_dags/tutorial_dag.py
[2024-11-26T15:48:20.234-0600] {processor.py:914} INFO - Processing file /Library/Frameworks/Python.framework/Versions/3.8/lib/python3.8/site-packages/airflow/example_dags/tutorial_dag.py for tasks to queue
[2024-11-26T15:48:20.234-0600] {logging_mixin.py:190} INFO - [2024-11-26T15:48:20.234-0600] {dagbag.py:588} INFO - Filling up the DagBag from /Library/Frameworks/Python.framework/Versions/3.8/lib/python3.8/site-packages/airflow/example_dags/tutorial_dag.py
[2024-11-26T15:48:20.242-0600] {processor.py:925} INFO - DAG(s) 'tutorial_dag' retrieved from /Library/Frameworks/Python.framework/Versions/3.8/lib/python3.8/site-packages/airflow/example_dags/tutorial_dag.py
[2024-11-26T15:48:20.275-0600] {logging_mixin.py:190} INFO - [2024-11-26T15:48:20.275-0600] {dag.py:3239} INFO - Sync 1 DAGs
[2024-11-26T15:48:20.279-0600] {logging_mixin.py:190} INFO - [2024-11-26T15:48:20.279-0600] {dag.py:4180} INFO - Setting next_dagrun for tutorial_dag to None, run_after=None
[2024-11-26T15:48:20.285-0600] {processor.py:208} INFO - Processing /Library/Frameworks/Python.framework/Versions/3.8/lib/python3.8/site-packages/airflow/example_dags/tutorial_dag.py took 0.053 seconds
[2024-11-26T15:49:26.649-0600] {processor.py:186} INFO - Started process (PID=25277) to work on /Library/Frameworks/Python.framework/Versions/3.8/lib/python3.8/site-packages/airflow/example_dags/tutorial_dag.py
[2024-11-26T15:49:26.650-0600] {processor.py:914} INFO - Processing file /Library/Frameworks/Python.framework/Versions/3.8/lib/python3.8/site-packages/airflow/example_dags/tutorial_dag.py for tasks to queue
[2024-11-26T15:49:26.650-0600] {logging_mixin.py:190} INFO - [2024-11-26T15:49:26.650-0600] {dagbag.py:588} INFO - Filling up the DagBag from /Library/Frameworks/Python.framework/Versions/3.8/lib/python3.8/site-packages/airflow/example_dags/tutorial_dag.py
[2024-11-26T15:49:26.658-0600] {processor.py:925} INFO - DAG(s) 'tutorial_dag' retrieved from /Library/Frameworks/Python.framework/Versions/3.8/lib/python3.8/site-packages/airflow/example_dags/tutorial_dag.py
[2024-11-26T15:49:26.693-0600] {logging_mixin.py:190} INFO - [2024-11-26T15:49:26.693-0600] {dag.py:3239} INFO - Sync 1 DAGs
[2024-11-26T15:49:26.696-0600] {logging_mixin.py:190} INFO - [2024-11-26T15:49:26.696-0600] {dag.py:4180} INFO - Setting next_dagrun for tutorial_dag to None, run_after=None
[2024-11-26T15:49:26.702-0600] {processor.py:208} INFO - Processing /Library/Frameworks/Python.framework/Versions/3.8/lib/python3.8/site-packages/airflow/example_dags/tutorial_dag.py took 0.054 seconds
[2024-11-26T15:50:32.684-0600] {processor.py:186} INFO - Started process (PID=25409) to work on /Library/Frameworks/Python.framework/Versions/3.8/lib/python3.8/site-packages/airflow/example_dags/tutorial_dag.py
[2024-11-26T15:50:32.685-0600] {processor.py:914} INFO - Processing file /Library/Frameworks/Python.framework/Versions/3.8/lib/python3.8/site-packages/airflow/example_dags/tutorial_dag.py for tasks to queue
[2024-11-26T15:50:32.685-0600] {logging_mixin.py:190} INFO - [2024-11-26T15:50:32.685-0600] {dagbag.py:588} INFO - Filling up the DagBag from /Library/Frameworks/Python.framework/Versions/3.8/lib/python3.8/site-packages/airflow/example_dags/tutorial_dag.py
[2024-11-26T15:50:32.693-0600] {processor.py:925} INFO - DAG(s) 'tutorial_dag' retrieved from /Library/Frameworks/Python.framework/Versions/3.8/lib/python3.8/site-packages/airflow/example_dags/tutorial_dag.py
[2024-11-26T15:50:32.729-0600] {logging_mixin.py:190} INFO - [2024-11-26T15:50:32.729-0600] {dag.py:3239} INFO - Sync 1 DAGs
[2024-11-26T15:50:32.732-0600] {logging_mixin.py:190} INFO - [2024-11-26T15:50:32.732-0600] {dag.py:4180} INFO - Setting next_dagrun for tutorial_dag to None, run_after=None
[2024-11-26T15:50:32.738-0600] {processor.py:208} INFO - Processing /Library/Frameworks/Python.framework/Versions/3.8/lib/python3.8/site-packages/airflow/example_dags/tutorial_dag.py took 0.055 seconds
[2024-11-26T15:51:42.710-0600] {processor.py:186} INFO - Started process (PID=25544) to work on /Library/Frameworks/Python.framework/Versions/3.8/lib/python3.8/site-packages/airflow/example_dags/tutorial_dag.py
[2024-11-26T15:51:42.711-0600] {processor.py:914} INFO - Processing file /Library/Frameworks/Python.framework/Versions/3.8/lib/python3.8/site-packages/airflow/example_dags/tutorial_dag.py for tasks to queue
[2024-11-26T15:51:42.712-0600] {logging_mixin.py:190} INFO - [2024-11-26T15:51:42.712-0600] {dagbag.py:588} INFO - Filling up the DagBag from /Library/Frameworks/Python.framework/Versions/3.8/lib/python3.8/site-packages/airflow/example_dags/tutorial_dag.py
[2024-11-26T15:51:42.720-0600] {processor.py:925} INFO - DAG(s) 'tutorial_dag' retrieved from /Library/Frameworks/Python.framework/Versions/3.8/lib/python3.8/site-packages/airflow/example_dags/tutorial_dag.py
[2024-11-26T15:51:42.754-0600] {logging_mixin.py:190} INFO - [2024-11-26T15:51:42.754-0600] {dag.py:3239} INFO - Sync 1 DAGs
[2024-11-26T15:51:42.758-0600] {logging_mixin.py:190} INFO - [2024-11-26T15:51:42.758-0600] {dag.py:4180} INFO - Setting next_dagrun for tutorial_dag to None, run_after=None
[2024-11-26T15:51:42.763-0600] {processor.py:208} INFO - Processing /Library/Frameworks/Python.framework/Versions/3.8/lib/python3.8/site-packages/airflow/example_dags/tutorial_dag.py took 0.054 seconds
[2024-11-26T15:52:49.265-0600] {processor.py:186} INFO - Started process (PID=25671) to work on /Library/Frameworks/Python.framework/Versions/3.8/lib/python3.8/site-packages/airflow/example_dags/tutorial_dag.py
[2024-11-26T15:52:49.266-0600] {processor.py:914} INFO - Processing file /Library/Frameworks/Python.framework/Versions/3.8/lib/python3.8/site-packages/airflow/example_dags/tutorial_dag.py for tasks to queue
[2024-11-26T15:52:49.266-0600] {logging_mixin.py:190} INFO - [2024-11-26T15:52:49.266-0600] {dagbag.py:588} INFO - Filling up the DagBag from /Library/Frameworks/Python.framework/Versions/3.8/lib/python3.8/site-packages/airflow/example_dags/tutorial_dag.py
[2024-11-26T15:52:49.274-0600] {processor.py:925} INFO - DAG(s) 'tutorial_dag' retrieved from /Library/Frameworks/Python.framework/Versions/3.8/lib/python3.8/site-packages/airflow/example_dags/tutorial_dag.py
[2024-11-26T15:52:49.307-0600] {logging_mixin.py:190} INFO - [2024-11-26T15:52:49.307-0600] {dag.py:3239} INFO - Sync 1 DAGs
[2024-11-26T15:52:49.311-0600] {logging_mixin.py:190} INFO - [2024-11-26T15:52:49.311-0600] {dag.py:4180} INFO - Setting next_dagrun for tutorial_dag to None, run_after=None
[2024-11-26T15:52:49.316-0600] {processor.py:208} INFO - Processing /Library/Frameworks/Python.framework/Versions/3.8/lib/python3.8/site-packages/airflow/example_dags/tutorial_dag.py took 0.052 seconds
[2024-11-26T15:54:00.340-0600] {processor.py:186} INFO - Started process (PID=25793) to work on /Library/Frameworks/Python.framework/Versions/3.8/lib/python3.8/site-packages/airflow/example_dags/tutorial_dag.py
[2024-11-26T15:54:00.341-0600] {processor.py:914} INFO - Processing file /Library/Frameworks/Python.framework/Versions/3.8/lib/python3.8/site-packages/airflow/example_dags/tutorial_dag.py for tasks to queue
[2024-11-26T15:54:00.342-0600] {logging_mixin.py:190} INFO - [2024-11-26T15:54:00.342-0600] {dagbag.py:588} INFO - Filling up the DagBag from /Library/Frameworks/Python.framework/Versions/3.8/lib/python3.8/site-packages/airflow/example_dags/tutorial_dag.py
[2024-11-26T15:54:00.350-0600] {processor.py:925} INFO - DAG(s) 'tutorial_dag' retrieved from /Library/Frameworks/Python.framework/Versions/3.8/lib/python3.8/site-packages/airflow/example_dags/tutorial_dag.py
[2024-11-26T15:54:00.385-0600] {logging_mixin.py:190} INFO - [2024-11-26T15:54:00.385-0600] {dag.py:3239} INFO - Sync 1 DAGs
[2024-11-26T15:54:00.389-0600] {logging_mixin.py:190} INFO - [2024-11-26T15:54:00.389-0600] {dag.py:4180} INFO - Setting next_dagrun for tutorial_dag to None, run_after=None
[2024-11-26T15:54:00.394-0600] {processor.py:208} INFO - Processing /Library/Frameworks/Python.framework/Versions/3.8/lib/python3.8/site-packages/airflow/example_dags/tutorial_dag.py took 0.055 seconds
[2024-11-26T15:55:11.967-0600] {processor.py:186} INFO - Started process (PID=25932) to work on /Library/Frameworks/Python.framework/Versions/3.8/lib/python3.8/site-packages/airflow/example_dags/tutorial_dag.py
[2024-11-26T15:55:11.968-0600] {processor.py:914} INFO - Processing file /Library/Frameworks/Python.framework/Versions/3.8/lib/python3.8/site-packages/airflow/example_dags/tutorial_dag.py for tasks to queue
[2024-11-26T15:55:11.969-0600] {logging_mixin.py:190} INFO - [2024-11-26T15:55:11.969-0600] {dagbag.py:588} INFO - Filling up the DagBag from /Library/Frameworks/Python.framework/Versions/3.8/lib/python3.8/site-packages/airflow/example_dags/tutorial_dag.py
[2024-11-26T15:55:11.977-0600] {processor.py:925} INFO - DAG(s) 'tutorial_dag' retrieved from /Library/Frameworks/Python.framework/Versions/3.8/lib/python3.8/site-packages/airflow/example_dags/tutorial_dag.py
[2024-11-26T15:55:12.010-0600] {logging_mixin.py:190} INFO - [2024-11-26T15:55:12.010-0600] {dag.py:3239} INFO - Sync 1 DAGs
[2024-11-26T15:55:12.013-0600] {logging_mixin.py:190} INFO - [2024-11-26T15:55:12.013-0600] {dag.py:4180} INFO - Setting next_dagrun for tutorial_dag to None, run_after=None
[2024-11-26T15:55:12.019-0600] {processor.py:208} INFO - Processing /Library/Frameworks/Python.framework/Versions/3.8/lib/python3.8/site-packages/airflow/example_dags/tutorial_dag.py took 0.053 seconds
[2024-11-26T15:56:21.828-0600] {processor.py:186} INFO - Started process (PID=26115) to work on /Library/Frameworks/Python.framework/Versions/3.8/lib/python3.8/site-packages/airflow/example_dags/tutorial_dag.py
[2024-11-26T15:56:21.829-0600] {processor.py:914} INFO - Processing file /Library/Frameworks/Python.framework/Versions/3.8/lib/python3.8/site-packages/airflow/example_dags/tutorial_dag.py for tasks to queue
[2024-11-26T15:56:21.829-0600] {logging_mixin.py:190} INFO - [2024-11-26T15:56:21.829-0600] {dagbag.py:588} INFO - Filling up the DagBag from /Library/Frameworks/Python.framework/Versions/3.8/lib/python3.8/site-packages/airflow/example_dags/tutorial_dag.py
[2024-11-26T15:56:21.838-0600] {processor.py:925} INFO - DAG(s) 'tutorial_dag' retrieved from /Library/Frameworks/Python.framework/Versions/3.8/lib/python3.8/site-packages/airflow/example_dags/tutorial_dag.py
[2024-11-26T15:56:21.873-0600] {logging_mixin.py:190} INFO - [2024-11-26T15:56:21.872-0600] {dag.py:3239} INFO - Sync 1 DAGs
[2024-11-26T15:56:21.876-0600] {logging_mixin.py:190} INFO - [2024-11-26T15:56:21.876-0600] {dag.py:4180} INFO - Setting next_dagrun for tutorial_dag to None, run_after=None
[2024-11-26T15:56:21.881-0600] {processor.py:208} INFO - Processing /Library/Frameworks/Python.framework/Versions/3.8/lib/python3.8/site-packages/airflow/example_dags/tutorial_dag.py took 0.055 seconds
[2024-11-26T15:57:30.673-0600] {processor.py:186} INFO - Started process (PID=26238) to work on /Library/Frameworks/Python.framework/Versions/3.8/lib/python3.8/site-packages/airflow/example_dags/tutorial_dag.py
[2024-11-26T15:57:30.674-0600] {processor.py:914} INFO - Processing file /Library/Frameworks/Python.framework/Versions/3.8/lib/python3.8/site-packages/airflow/example_dags/tutorial_dag.py for tasks to queue
[2024-11-26T15:57:30.674-0600] {logging_mixin.py:190} INFO - [2024-11-26T15:57:30.674-0600] {dagbag.py:588} INFO - Filling up the DagBag from /Library/Frameworks/Python.framework/Versions/3.8/lib/python3.8/site-packages/airflow/example_dags/tutorial_dag.py
[2024-11-26T15:57:30.682-0600] {processor.py:925} INFO - DAG(s) 'tutorial_dag' retrieved from /Library/Frameworks/Python.framework/Versions/3.8/lib/python3.8/site-packages/airflow/example_dags/tutorial_dag.py
[2024-11-26T15:57:30.716-0600] {logging_mixin.py:190} INFO - [2024-11-26T15:57:30.716-0600] {dag.py:3239} INFO - Sync 1 DAGs
[2024-11-26T15:57:30.720-0600] {logging_mixin.py:190} INFO - [2024-11-26T15:57:30.720-0600] {dag.py:4180} INFO - Setting next_dagrun for tutorial_dag to None, run_after=None
[2024-11-26T15:57:30.725-0600] {processor.py:208} INFO - Processing /Library/Frameworks/Python.framework/Versions/3.8/lib/python3.8/site-packages/airflow/example_dags/tutorial_dag.py took 0.053 seconds
[2024-11-26T15:58:38.282-0600] {processor.py:186} INFO - Started process (PID=26377) to work on /Library/Frameworks/Python.framework/Versions/3.8/lib/python3.8/site-packages/airflow/example_dags/tutorial_dag.py
[2024-11-26T15:58:38.282-0600] {processor.py:914} INFO - Processing file /Library/Frameworks/Python.framework/Versions/3.8/lib/python3.8/site-packages/airflow/example_dags/tutorial_dag.py for tasks to queue
[2024-11-26T15:58:38.282-0600] {logging_mixin.py:190} INFO - [2024-11-26T15:58:38.282-0600] {dagbag.py:588} INFO - Filling up the DagBag from /Library/Frameworks/Python.framework/Versions/3.8/lib/python3.8/site-packages/airflow/example_dags/tutorial_dag.py
[2024-11-26T15:58:38.291-0600] {processor.py:925} INFO - DAG(s) 'tutorial_dag' retrieved from /Library/Frameworks/Python.framework/Versions/3.8/lib/python3.8/site-packages/airflow/example_dags/tutorial_dag.py
[2024-11-26T15:58:38.325-0600] {logging_mixin.py:190} INFO - [2024-11-26T15:58:38.325-0600] {dag.py:3239} INFO - Sync 1 DAGs
[2024-11-26T15:58:38.329-0600] {logging_mixin.py:190} INFO - [2024-11-26T15:58:38.329-0600] {dag.py:4180} INFO - Setting next_dagrun for tutorial_dag to None, run_after=None
[2024-11-26T15:58:38.334-0600] {processor.py:208} INFO - Processing /Library/Frameworks/Python.framework/Versions/3.8/lib/python3.8/site-packages/airflow/example_dags/tutorial_dag.py took 0.054 seconds
[2024-11-26T15:59:46.093-0600] {processor.py:186} INFO - Started process (PID=26512) to work on /Library/Frameworks/Python.framework/Versions/3.8/lib/python3.8/site-packages/airflow/example_dags/tutorial_dag.py
[2024-11-26T15:59:46.093-0600] {processor.py:914} INFO - Processing file /Library/Frameworks/Python.framework/Versions/3.8/lib/python3.8/site-packages/airflow/example_dags/tutorial_dag.py for tasks to queue
[2024-11-26T15:59:46.094-0600] {logging_mixin.py:190} INFO - [2024-11-26T15:59:46.094-0600] {dagbag.py:588} INFO - Filling up the DagBag from /Library/Frameworks/Python.framework/Versions/3.8/lib/python3.8/site-packages/airflow/example_dags/tutorial_dag.py
[2024-11-26T15:59:46.102-0600] {processor.py:925} INFO - DAG(s) 'tutorial_dag' retrieved from /Library/Frameworks/Python.framework/Versions/3.8/lib/python3.8/site-packages/airflow/example_dags/tutorial_dag.py
[2024-11-26T15:59:46.137-0600] {logging_mixin.py:190} INFO - [2024-11-26T15:59:46.136-0600] {dag.py:3239} INFO - Sync 1 DAGs
[2024-11-26T15:59:46.140-0600] {logging_mixin.py:190} INFO - [2024-11-26T15:59:46.140-0600] {dag.py:4180} INFO - Setting next_dagrun for tutorial_dag to None, run_after=None
[2024-11-26T15:59:46.145-0600] {processor.py:208} INFO - Processing /Library/Frameworks/Python.framework/Versions/3.8/lib/python3.8/site-packages/airflow/example_dags/tutorial_dag.py took 0.054 seconds
[2024-11-26T16:00:54.104-0600] {processor.py:186} INFO - Started process (PID=26645) to work on /Library/Frameworks/Python.framework/Versions/3.8/lib/python3.8/site-packages/airflow/example_dags/tutorial_dag.py
[2024-11-26T16:00:54.105-0600] {processor.py:914} INFO - Processing file /Library/Frameworks/Python.framework/Versions/3.8/lib/python3.8/site-packages/airflow/example_dags/tutorial_dag.py for tasks to queue
[2024-11-26T16:00:54.105-0600] {logging_mixin.py:190} INFO - [2024-11-26T16:00:54.105-0600] {dagbag.py:588} INFO - Filling up the DagBag from /Library/Frameworks/Python.framework/Versions/3.8/lib/python3.8/site-packages/airflow/example_dags/tutorial_dag.py
[2024-11-26T16:00:54.113-0600] {processor.py:925} INFO - DAG(s) 'tutorial_dag' retrieved from /Library/Frameworks/Python.framework/Versions/3.8/lib/python3.8/site-packages/airflow/example_dags/tutorial_dag.py
[2024-11-26T16:00:54.146-0600] {logging_mixin.py:190} INFO - [2024-11-26T16:00:54.146-0600] {dag.py:3239} INFO - Sync 1 DAGs
[2024-11-26T16:00:54.150-0600] {logging_mixin.py:190} INFO - [2024-11-26T16:00:54.150-0600] {dag.py:4180} INFO - Setting next_dagrun for tutorial_dag to None, run_after=None
[2024-11-26T16:00:54.155-0600] {processor.py:208} INFO - Processing /Library/Frameworks/Python.framework/Versions/3.8/lib/python3.8/site-packages/airflow/example_dags/tutorial_dag.py took 0.052 seconds
[2024-11-26T16:02:02.509-0600] {processor.py:186} INFO - Started process (PID=26782) to work on /Library/Frameworks/Python.framework/Versions/3.8/lib/python3.8/site-packages/airflow/example_dags/tutorial_dag.py
[2024-11-26T16:02:02.510-0600] {processor.py:914} INFO - Processing file /Library/Frameworks/Python.framework/Versions/3.8/lib/python3.8/site-packages/airflow/example_dags/tutorial_dag.py for tasks to queue
[2024-11-26T16:02:02.511-0600] {logging_mixin.py:190} INFO - [2024-11-26T16:02:02.511-0600] {dagbag.py:588} INFO - Filling up the DagBag from /Library/Frameworks/Python.framework/Versions/3.8/lib/python3.8/site-packages/airflow/example_dags/tutorial_dag.py
[2024-11-26T16:02:02.519-0600] {processor.py:925} INFO - DAG(s) 'tutorial_dag' retrieved from /Library/Frameworks/Python.framework/Versions/3.8/lib/python3.8/site-packages/airflow/example_dags/tutorial_dag.py
[2024-11-26T16:02:02.554-0600] {logging_mixin.py:190} INFO - [2024-11-26T16:02:02.554-0600] {dag.py:3239} INFO - Sync 1 DAGs
[2024-11-26T16:02:02.558-0600] {logging_mixin.py:190} INFO - [2024-11-26T16:02:02.558-0600] {dag.py:4180} INFO - Setting next_dagrun for tutorial_dag to None, run_after=None
[2024-11-26T16:02:02.563-0600] {processor.py:208} INFO - Processing /Library/Frameworks/Python.framework/Versions/3.8/lib/python3.8/site-packages/airflow/example_dags/tutorial_dag.py took 0.055 seconds
[2024-11-26T16:03:09.096-0600] {processor.py:186} INFO - Started process (PID=26906) to work on /Library/Frameworks/Python.framework/Versions/3.8/lib/python3.8/site-packages/airflow/example_dags/tutorial_dag.py
[2024-11-26T16:03:09.097-0600] {processor.py:914} INFO - Processing file /Library/Frameworks/Python.framework/Versions/3.8/lib/python3.8/site-packages/airflow/example_dags/tutorial_dag.py for tasks to queue
[2024-11-26T16:03:09.097-0600] {logging_mixin.py:190} INFO - [2024-11-26T16:03:09.097-0600] {dagbag.py:588} INFO - Filling up the DagBag from /Library/Frameworks/Python.framework/Versions/3.8/lib/python3.8/site-packages/airflow/example_dags/tutorial_dag.py
[2024-11-26T16:03:09.105-0600] {processor.py:925} INFO - DAG(s) 'tutorial_dag' retrieved from /Library/Frameworks/Python.framework/Versions/3.8/lib/python3.8/site-packages/airflow/example_dags/tutorial_dag.py
[2024-11-26T16:03:09.139-0600] {logging_mixin.py:190} INFO - [2024-11-26T16:03:09.139-0600] {dag.py:3239} INFO - Sync 1 DAGs
[2024-11-26T16:03:09.142-0600] {logging_mixin.py:190} INFO - [2024-11-26T16:03:09.142-0600] {dag.py:4180} INFO - Setting next_dagrun for tutorial_dag to None, run_after=None
[2024-11-26T16:03:09.148-0600] {processor.py:208} INFO - Processing /Library/Frameworks/Python.framework/Versions/3.8/lib/python3.8/site-packages/airflow/example_dags/tutorial_dag.py took 0.053 seconds
[2024-11-26T16:04:14.621-0600] {processor.py:186} INFO - Started process (PID=27027) to work on /Library/Frameworks/Python.framework/Versions/3.8/lib/python3.8/site-packages/airflow/example_dags/tutorial_dag.py
[2024-11-26T16:04:14.621-0600] {processor.py:914} INFO - Processing file /Library/Frameworks/Python.framework/Versions/3.8/lib/python3.8/site-packages/airflow/example_dags/tutorial_dag.py for tasks to queue
[2024-11-26T16:04:14.621-0600] {logging_mixin.py:190} INFO - [2024-11-26T16:04:14.621-0600] {dagbag.py:588} INFO - Filling up the DagBag from /Library/Frameworks/Python.framework/Versions/3.8/lib/python3.8/site-packages/airflow/example_dags/tutorial_dag.py
[2024-11-26T16:04:14.629-0600] {processor.py:925} INFO - DAG(s) 'tutorial_dag' retrieved from /Library/Frameworks/Python.framework/Versions/3.8/lib/python3.8/site-packages/airflow/example_dags/tutorial_dag.py
[2024-11-26T16:04:14.662-0600] {logging_mixin.py:190} INFO - [2024-11-26T16:04:14.662-0600] {dag.py:3239} INFO - Sync 1 DAGs
[2024-11-26T16:04:14.666-0600] {logging_mixin.py:190} INFO - [2024-11-26T16:04:14.666-0600] {dag.py:4180} INFO - Setting next_dagrun for tutorial_dag to None, run_after=None
[2024-11-26T16:04:14.671-0600] {processor.py:208} INFO - Processing /Library/Frameworks/Python.framework/Versions/3.8/lib/python3.8/site-packages/airflow/example_dags/tutorial_dag.py took 0.051 seconds
[2024-11-26T16:05:23.523-0600] {processor.py:186} INFO - Started process (PID=27152) to work on /Library/Frameworks/Python.framework/Versions/3.8/lib/python3.8/site-packages/airflow/example_dags/tutorial_dag.py
[2024-11-26T16:05:23.523-0600] {processor.py:914} INFO - Processing file /Library/Frameworks/Python.framework/Versions/3.8/lib/python3.8/site-packages/airflow/example_dags/tutorial_dag.py for tasks to queue
[2024-11-26T16:05:23.524-0600] {logging_mixin.py:190} INFO - [2024-11-26T16:05:23.524-0600] {dagbag.py:588} INFO - Filling up the DagBag from /Library/Frameworks/Python.framework/Versions/3.8/lib/python3.8/site-packages/airflow/example_dags/tutorial_dag.py
[2024-11-26T16:05:23.531-0600] {processor.py:925} INFO - DAG(s) 'tutorial_dag' retrieved from /Library/Frameworks/Python.framework/Versions/3.8/lib/python3.8/site-packages/airflow/example_dags/tutorial_dag.py
[2024-11-26T16:05:23.564-0600] {logging_mixin.py:190} INFO - [2024-11-26T16:05:23.564-0600] {dag.py:3239} INFO - Sync 1 DAGs
[2024-11-26T16:05:23.568-0600] {logging_mixin.py:190} INFO - [2024-11-26T16:05:23.568-0600] {dag.py:4180} INFO - Setting next_dagrun for tutorial_dag to None, run_after=None
[2024-11-26T16:05:23.573-0600] {processor.py:208} INFO - Processing /Library/Frameworks/Python.framework/Versions/3.8/lib/python3.8/site-packages/airflow/example_dags/tutorial_dag.py took 0.052 seconds
[2024-11-26T16:21:31.092-0600] {processor.py:186} INFO - Started process (PID=27280) to work on /Library/Frameworks/Python.framework/Versions/3.8/lib/python3.8/site-packages/airflow/example_dags/tutorial_dag.py
[2024-11-26T16:21:31.092-0600] {processor.py:914} INFO - Processing file /Library/Frameworks/Python.framework/Versions/3.8/lib/python3.8/site-packages/airflow/example_dags/tutorial_dag.py for tasks to queue
[2024-11-26T16:21:31.092-0600] {logging_mixin.py:190} INFO - [2024-11-26T16:21:31.092-0600] {dagbag.py:588} INFO - Filling up the DagBag from /Library/Frameworks/Python.framework/Versions/3.8/lib/python3.8/site-packages/airflow/example_dags/tutorial_dag.py
[2024-11-26T16:21:31.100-0600] {processor.py:925} INFO - DAG(s) 'tutorial_dag' retrieved from /Library/Frameworks/Python.framework/Versions/3.8/lib/python3.8/site-packages/airflow/example_dags/tutorial_dag.py
[2024-11-26T16:21:31.131-0600] {logging_mixin.py:190} INFO - [2024-11-26T16:21:31.131-0600] {dag.py:3239} INFO - Sync 1 DAGs
[2024-11-26T16:21:31.134-0600] {logging_mixin.py:190} INFO - [2024-11-26T16:21:31.134-0600] {dag.py:4180} INFO - Setting next_dagrun for tutorial_dag to None, run_after=None
[2024-11-26T16:21:31.139-0600] {processor.py:208} INFO - Processing /Library/Frameworks/Python.framework/Versions/3.8/lib/python3.8/site-packages/airflow/example_dags/tutorial_dag.py took 0.049 seconds
[2024-11-26T17:18:48.009-0600] {processor.py:186} INFO - Started process (PID=27411) to work on /Library/Frameworks/Python.framework/Versions/3.8/lib/python3.8/site-packages/airflow/example_dags/tutorial_dag.py
[2024-11-26T17:18:48.010-0600] {processor.py:914} INFO - Processing file /Library/Frameworks/Python.framework/Versions/3.8/lib/python3.8/site-packages/airflow/example_dags/tutorial_dag.py for tasks to queue
[2024-11-26T17:18:48.010-0600] {logging_mixin.py:190} INFO - [2024-11-26T17:18:48.010-0600] {dagbag.py:588} INFO - Filling up the DagBag from /Library/Frameworks/Python.framework/Versions/3.8/lib/python3.8/site-packages/airflow/example_dags/tutorial_dag.py
[2024-11-26T17:18:48.018-0600] {processor.py:925} INFO - DAG(s) 'tutorial_dag' retrieved from /Library/Frameworks/Python.framework/Versions/3.8/lib/python3.8/site-packages/airflow/example_dags/tutorial_dag.py
[2024-11-26T17:18:48.049-0600] {logging_mixin.py:190} INFO - [2024-11-26T17:18:48.049-0600] {dag.py:3239} INFO - Sync 1 DAGs
[2024-11-26T17:18:48.052-0600] {logging_mixin.py:190} INFO - [2024-11-26T17:18:48.052-0600] {dag.py:4180} INFO - Setting next_dagrun for tutorial_dag to None, run_after=None
[2024-11-26T17:18:48.057-0600] {processor.py:208} INFO - Processing /Library/Frameworks/Python.framework/Versions/3.8/lib/python3.8/site-packages/airflow/example_dags/tutorial_dag.py took 0.049 seconds
