[2024-11-26T18:24:13.853-0600] {processor.py:186} INFO - Started process (PID=27555) to work on /Library/Frameworks/Python.framework/Versions/3.8/lib/python3.8/site-packages/airflow/example_dags/plugins/event_listener.py
[2024-11-26T18:24:13.853-0600] {processor.py:914} INFO - Processing file /Library/Frameworks/Python.framework/Versions/3.8/lib/python3.8/site-packages/airflow/example_dags/plugins/event_listener.py for tasks to queue
[2024-11-26T18:24:13.853-0600] {logging_mixin.py:190} INFO - [2024-11-26T18:24:13.853-0600] {dagbag.py:588} INFO - Filling up the DagBag from /Library/Frameworks/Python.framework/Versions/3.8/lib/python3.8/site-packages/airflow/example_dags/plugins/event_listener.py
[2024-11-26T18:24:13.854-0600] {processor.py:927} WARNING - No viable dags retrieved from /Library/Frameworks/Python.framework/Versions/3.8/lib/python3.8/site-packages/airflow/example_dags/plugins/event_listener.py
[2024-11-26T18:24:13.883-0600] {processor.py:208} INFO - Processing /Library/Frameworks/Python.framework/Versions/3.8/lib/python3.8/site-packages/airflow/example_dags/plugins/event_listener.py took 0.032 seconds
[2024-11-26T19:33:36.302-0600] {processor.py:186} INFO - Started process (PID=27753) to work on /Library/Frameworks/Python.framework/Versions/3.8/lib/python3.8/site-packages/airflow/example_dags/plugins/event_listener.py
[2024-11-26T19:33:36.302-0600] {processor.py:914} INFO - Processing file /Library/Frameworks/Python.framework/Versions/3.8/lib/python3.8/site-packages/airflow/example_dags/plugins/event_listener.py for tasks to queue
[2024-11-26T19:33:36.302-0600] {logging_mixin.py:190} INFO - [2024-11-26T19:33:36.302-0600] {dagbag.py:588} INFO - Filling up the DagBag from /Library/Frameworks/Python.framework/Versions/3.8/lib/python3.8/site-packages/airflow/example_dags/plugins/event_listener.py
[2024-11-26T19:33:36.303-0600] {processor.py:927} WARNING - No viable dags retrieved from /Library/Frameworks/Python.framework/Versions/3.8/lib/python3.8/site-packages/airflow/example_dags/plugins/event_listener.py
[2024-11-26T19:33:36.333-0600] {processor.py:208} INFO - Processing /Library/Frameworks/Python.framework/Versions/3.8/lib/python3.8/site-packages/airflow/example_dags/plugins/event_listener.py took 0.033 seconds
[2024-11-26T20:06:45.741-0600] {processor.py:186} INFO - Started process (PID=27936) to work on /Library/Frameworks/Python.framework/Versions/3.8/lib/python3.8/site-packages/airflow/example_dags/plugins/event_listener.py
[2024-11-26T20:06:45.741-0600] {processor.py:914} INFO - Processing file /Library/Frameworks/Python.framework/Versions/3.8/lib/python3.8/site-packages/airflow/example_dags/plugins/event_listener.py for tasks to queue
[2024-11-26T20:06:45.742-0600] {logging_mixin.py:190} INFO - [2024-11-26T20:06:45.742-0600] {dagbag.py:588} INFO - Filling up the DagBag from /Library/Frameworks/Python.framework/Versions/3.8/lib/python3.8/site-packages/airflow/example_dags/plugins/event_listener.py
[2024-11-26T20:06:45.742-0600] {processor.py:927} WARNING - No viable dags retrieved from /Library/Frameworks/Python.framework/Versions/3.8/lib/python3.8/site-packages/airflow/example_dags/plugins/event_listener.py
[2024-11-26T20:06:45.772-0600] {processor.py:208} INFO - Processing /Library/Frameworks/Python.framework/Versions/3.8/lib/python3.8/site-packages/airflow/example_dags/plugins/event_listener.py took 0.032 seconds
[2024-11-26T20:07:58.087-0600] {processor.py:186} INFO - Started process (PID=28085) to work on /Library/Frameworks/Python.framework/Versions/3.8/lib/python3.8/site-packages/airflow/example_dags/plugins/event_listener.py
[2024-11-26T20:07:58.088-0600] {processor.py:914} INFO - Processing file /Library/Frameworks/Python.framework/Versions/3.8/lib/python3.8/site-packages/airflow/example_dags/plugins/event_listener.py for tasks to queue
[2024-11-26T20:07:58.088-0600] {logging_mixin.py:190} INFO - [2024-11-26T20:07:58.088-0600] {dagbag.py:588} INFO - Filling up the DagBag from /Library/Frameworks/Python.framework/Versions/3.8/lib/python3.8/site-packages/airflow/example_dags/plugins/event_listener.py
[2024-11-26T20:07:58.088-0600] {processor.py:927} WARNING - No viable dags retrieved from /Library/Frameworks/Python.framework/Versions/3.8/lib/python3.8/site-packages/airflow/example_dags/plugins/event_listener.py
[2024-11-26T20:07:58.118-0600] {processor.py:208} INFO - Processing /Library/Frameworks/Python.framework/Versions/3.8/lib/python3.8/site-packages/airflow/example_dags/plugins/event_listener.py took 0.032 seconds
[2024-11-26T20:10:52.637-0600] {processor.py:186} INFO - Started process (PID=28205) to work on /Library/Frameworks/Python.framework/Versions/3.8/lib/python3.8/site-packages/airflow/example_dags/plugins/event_listener.py
[2024-11-26T20:10:52.637-0600] {processor.py:914} INFO - Processing file /Library/Frameworks/Python.framework/Versions/3.8/lib/python3.8/site-packages/airflow/example_dags/plugins/event_listener.py for tasks to queue
[2024-11-26T20:10:52.638-0600] {logging_mixin.py:190} INFO - [2024-11-26T20:10:52.638-0600] {dagbag.py:588} INFO - Filling up the DagBag from /Library/Frameworks/Python.framework/Versions/3.8/lib/python3.8/site-packages/airflow/example_dags/plugins/event_listener.py
[2024-11-26T20:10:52.638-0600] {processor.py:927} WARNING - No viable dags retrieved from /Library/Frameworks/Python.framework/Versions/3.8/lib/python3.8/site-packages/airflow/example_dags/plugins/event_listener.py
[2024-11-26T20:10:52.668-0600] {processor.py:208} INFO - Processing /Library/Frameworks/Python.framework/Versions/3.8/lib/python3.8/site-packages/airflow/example_dags/plugins/event_listener.py took 0.032 seconds
[2024-11-26T20:11:58.467-0600] {processor.py:186} INFO - Started process (PID=28323) to work on /Library/Frameworks/Python.framework/Versions/3.8/lib/python3.8/site-packages/airflow/example_dags/plugins/event_listener.py
[2024-11-26T20:11:58.468-0600] {processor.py:914} INFO - Processing file /Library/Frameworks/Python.framework/Versions/3.8/lib/python3.8/site-packages/airflow/example_dags/plugins/event_listener.py for tasks to queue
[2024-11-26T20:11:58.468-0600] {logging_mixin.py:190} INFO - [2024-11-26T20:11:58.468-0600] {dagbag.py:588} INFO - Filling up the DagBag from /Library/Frameworks/Python.framework/Versions/3.8/lib/python3.8/site-packages/airflow/example_dags/plugins/event_listener.py
[2024-11-26T20:11:58.468-0600] {processor.py:927} WARNING - No viable dags retrieved from /Library/Frameworks/Python.framework/Versions/3.8/lib/python3.8/site-packages/airflow/example_dags/plugins/event_listener.py
[2024-11-26T20:11:58.499-0600] {processor.py:208} INFO - Processing /Library/Frameworks/Python.framework/Versions/3.8/lib/python3.8/site-packages/airflow/example_dags/plugins/event_listener.py took 0.033 seconds
[2024-11-26T20:50:16.738-0600] {processor.py:186} INFO - Started process (PID=28462) to work on /Library/Frameworks/Python.framework/Versions/3.8/lib/python3.8/site-packages/airflow/example_dags/plugins/event_listener.py
[2024-11-26T20:50:16.738-0600] {processor.py:914} INFO - Processing file /Library/Frameworks/Python.framework/Versions/3.8/lib/python3.8/site-packages/airflow/example_dags/plugins/event_listener.py for tasks to queue
[2024-11-26T20:50:16.738-0600] {logging_mixin.py:190} INFO - [2024-11-26T20:50:16.738-0600] {dagbag.py:588} INFO - Filling up the DagBag from /Library/Frameworks/Python.framework/Versions/3.8/lib/python3.8/site-packages/airflow/example_dags/plugins/event_listener.py
[2024-11-26T20:50:16.739-0600] {processor.py:927} WARNING - No viable dags retrieved from /Library/Frameworks/Python.framework/Versions/3.8/lib/python3.8/site-packages/airflow/example_dags/plugins/event_listener.py
[2024-11-26T20:50:16.769-0600] {processor.py:208} INFO - Processing /Library/Frameworks/Python.framework/Versions/3.8/lib/python3.8/site-packages/airflow/example_dags/plugins/event_listener.py took 0.032 seconds
[2024-11-26T20:51:45.554-0600] {processor.py:186} INFO - Started process (PID=28661) to work on /Library/Frameworks/Python.framework/Versions/3.8/lib/python3.8/site-packages/airflow/example_dags/plugins/event_listener.py
[2024-11-26T20:51:45.555-0600] {processor.py:914} INFO - Processing file /Library/Frameworks/Python.framework/Versions/3.8/lib/python3.8/site-packages/airflow/example_dags/plugins/event_listener.py for tasks to queue
[2024-11-26T20:51:45.555-0600] {logging_mixin.py:190} INFO - [2024-11-26T20:51:45.555-0600] {dagbag.py:588} INFO - Filling up the DagBag from /Library/Frameworks/Python.framework/Versions/3.8/lib/python3.8/site-packages/airflow/example_dags/plugins/event_listener.py
[2024-11-26T20:51:45.555-0600] {processor.py:927} WARNING - No viable dags retrieved from /Library/Frameworks/Python.framework/Versions/3.8/lib/python3.8/site-packages/airflow/example_dags/plugins/event_listener.py
[2024-11-26T20:51:45.586-0600] {processor.py:208} INFO - Processing /Library/Frameworks/Python.framework/Versions/3.8/lib/python3.8/site-packages/airflow/example_dags/plugins/event_listener.py took 0.033 seconds
[2024-11-26T20:52:53.357-0600] {processor.py:186} INFO - Started process (PID=28816) to work on /Library/Frameworks/Python.framework/Versions/3.8/lib/python3.8/site-packages/airflow/example_dags/plugins/event_listener.py
[2024-11-26T20:52:53.357-0600] {processor.py:914} INFO - Processing file /Library/Frameworks/Python.framework/Versions/3.8/lib/python3.8/site-packages/airflow/example_dags/plugins/event_listener.py for tasks to queue
[2024-11-26T20:52:53.358-0600] {logging_mixin.py:190} INFO - [2024-11-26T20:52:53.358-0600] {dagbag.py:588} INFO - Filling up the DagBag from /Library/Frameworks/Python.framework/Versions/3.8/lib/python3.8/site-packages/airflow/example_dags/plugins/event_listener.py
[2024-11-26T20:52:53.358-0600] {processor.py:927} WARNING - No viable dags retrieved from /Library/Frameworks/Python.framework/Versions/3.8/lib/python3.8/site-packages/airflow/example_dags/plugins/event_listener.py
[2024-11-26T20:52:53.389-0600] {processor.py:208} INFO - Processing /Library/Frameworks/Python.framework/Versions/3.8/lib/python3.8/site-packages/airflow/example_dags/plugins/event_listener.py took 0.033 seconds
