[2024-11-26T18:07:22.143-0600] {processor.py:186} INFO - Started process (PID=27548) to work on /Library/Frameworks/Python.framework/Versions/3.8/lib/python3.8/site-packages/airflow/example_dags/plugins/workday.py
[2024-11-26T18:07:22.143-0600] {processor.py:914} INFO - Processing file /Library/Frameworks/Python.framework/Versions/3.8/lib/python3.8/site-packages/airflow/example_dags/plugins/workday.py for tasks to queue
[2024-11-26T18:07:22.144-0600] {logging_mixin.py:190} INFO - [2024-11-26T18:07:22.144-0600] {dagbag.py:588} INFO - Filling up the DagBag from /Library/Frameworks/Python.framework/Versions/3.8/lib/python3.8/site-packages/airflow/example_dags/plugins/workday.py
[2024-11-26T18:07:22.144-0600] {logging_mixin.py:190} INFO - [2024-11-26T18:07:22.144-0600] {workday.py:41} WARNING - Could not import pandas. Holidays will not be considered.
[2024-11-26T18:07:22.144-0600] {processor.py:927} WARNING - No viable dags retrieved from /Library/Frameworks/Python.framework/Versions/3.8/lib/python3.8/site-packages/airflow/example_dags/plugins/workday.py
[2024-11-26T18:07:22.174-0600] {processor.py:208} INFO - Processing /Library/Frameworks/Python.framework/Versions/3.8/lib/python3.8/site-packages/airflow/example_dags/plugins/workday.py took 0.032 seconds
[2024-11-26T19:33:32.717-0600] {processor.py:186} INFO - Started process (PID=27746) to work on /Library/Frameworks/Python.framework/Versions/3.8/lib/python3.8/site-packages/airflow/example_dags/plugins/workday.py
[2024-11-26T19:33:32.717-0600] {processor.py:914} INFO - Processing file /Library/Frameworks/Python.framework/Versions/3.8/lib/python3.8/site-packages/airflow/example_dags/plugins/workday.py for tasks to queue
[2024-11-26T19:33:32.718-0600] {logging_mixin.py:190} INFO - [2024-11-26T19:33:32.718-0600] {dagbag.py:588} INFO - Filling up the DagBag from /Library/Frameworks/Python.framework/Versions/3.8/lib/python3.8/site-packages/airflow/example_dags/plugins/workday.py
[2024-11-26T19:33:32.718-0600] {logging_mixin.py:190} INFO - [2024-11-26T19:33:32.718-0600] {workday.py:41} WARNING - Could not import pandas. Holidays will not be considered.
[2024-11-26T19:33:32.718-0600] {processor.py:927} WARNING - No viable dags retrieved from /Library/Frameworks/Python.framework/Versions/3.8/lib/python3.8/site-packages/airflow/example_dags/plugins/workday.py
[2024-11-26T19:33:32.748-0600] {processor.py:208} INFO - Processing /Library/Frameworks/Python.framework/Versions/3.8/lib/python3.8/site-packages/airflow/example_dags/plugins/workday.py took 0.032 seconds
[2024-11-26T20:06:42.222-0600] {processor.py:186} INFO - Started process (PID=27930) to work on /Library/Frameworks/Python.framework/Versions/3.8/lib/python3.8/site-packages/airflow/example_dags/plugins/workday.py
[2024-11-26T20:06:42.223-0600] {processor.py:914} INFO - Processing file /Library/Frameworks/Python.framework/Versions/3.8/lib/python3.8/site-packages/airflow/example_dags/plugins/workday.py for tasks to queue
[2024-11-26T20:06:42.223-0600] {logging_mixin.py:190} INFO - [2024-11-26T20:06:42.223-0600] {dagbag.py:588} INFO - Filling up the DagBag from /Library/Frameworks/Python.framework/Versions/3.8/lib/python3.8/site-packages/airflow/example_dags/plugins/workday.py
[2024-11-26T20:06:42.223-0600] {logging_mixin.py:190} INFO - [2024-11-26T20:06:42.223-0600] {workday.py:41} WARNING - Could not import pandas. Holidays will not be considered.
[2024-11-26T20:06:42.223-0600] {processor.py:927} WARNING - No viable dags retrieved from /Library/Frameworks/Python.framework/Versions/3.8/lib/python3.8/site-packages/airflow/example_dags/plugins/workday.py
[2024-11-26T20:06:42.253-0600] {processor.py:208} INFO - Processing /Library/Frameworks/Python.framework/Versions/3.8/lib/python3.8/site-packages/airflow/example_dags/plugins/workday.py took 0.032 seconds
[2024-11-26T20:07:54.550-0600] {processor.py:186} INFO - Started process (PID=28079) to work on /Library/Frameworks/Python.framework/Versions/3.8/lib/python3.8/site-packages/airflow/example_dags/plugins/workday.py
[2024-11-26T20:07:54.550-0600] {processor.py:914} INFO - Processing file /Library/Frameworks/Python.framework/Versions/3.8/lib/python3.8/site-packages/airflow/example_dags/plugins/workday.py for tasks to queue
[2024-11-26T20:07:54.551-0600] {logging_mixin.py:190} INFO - [2024-11-26T20:07:54.550-0600] {dagbag.py:588} INFO - Filling up the DagBag from /Library/Frameworks/Python.framework/Versions/3.8/lib/python3.8/site-packages/airflow/example_dags/plugins/workday.py
[2024-11-26T20:07:54.551-0600] {logging_mixin.py:190} INFO - [2024-11-26T20:07:54.551-0600] {workday.py:41} WARNING - Could not import pandas. Holidays will not be considered.
[2024-11-26T20:07:54.551-0600] {processor.py:927} WARNING - No viable dags retrieved from /Library/Frameworks/Python.framework/Versions/3.8/lib/python3.8/site-packages/airflow/example_dags/plugins/workday.py
[2024-11-26T20:07:54.581-0600] {processor.py:208} INFO - Processing /Library/Frameworks/Python.framework/Versions/3.8/lib/python3.8/site-packages/airflow/example_dags/plugins/workday.py took 0.032 seconds
[2024-11-26T20:10:49.690-0600] {processor.py:186} INFO - Started process (PID=28199) to work on /Library/Frameworks/Python.framework/Versions/3.8/lib/python3.8/site-packages/airflow/example_dags/plugins/workday.py
[2024-11-26T20:10:49.691-0600] {processor.py:914} INFO - Processing file /Library/Frameworks/Python.framework/Versions/3.8/lib/python3.8/site-packages/airflow/example_dags/plugins/workday.py for tasks to queue
[2024-11-26T20:10:49.692-0600] {logging_mixin.py:190} INFO - [2024-11-26T20:10:49.692-0600] {dagbag.py:588} INFO - Filling up the DagBag from /Library/Frameworks/Python.framework/Versions/3.8/lib/python3.8/site-packages/airflow/example_dags/plugins/workday.py
[2024-11-26T20:10:49.692-0600] {logging_mixin.py:190} INFO - [2024-11-26T20:10:49.692-0600] {workday.py:41} WARNING - Could not import pandas. Holidays will not be considered.
[2024-11-26T20:10:49.692-0600] {processor.py:927} WARNING - No viable dags retrieved from /Library/Frameworks/Python.framework/Versions/3.8/lib/python3.8/site-packages/airflow/example_dags/plugins/workday.py
[2024-11-26T20:10:49.722-0600] {processor.py:208} INFO - Processing /Library/Frameworks/Python.framework/Versions/3.8/lib/python3.8/site-packages/airflow/example_dags/plugins/workday.py took 0.033 seconds
[2024-11-26T20:11:54.950-0600] {processor.py:186} INFO - Started process (PID=28317) to work on /Library/Frameworks/Python.framework/Versions/3.8/lib/python3.8/site-packages/airflow/example_dags/plugins/workday.py
[2024-11-26T20:11:54.951-0600] {processor.py:914} INFO - Processing file /Library/Frameworks/Python.framework/Versions/3.8/lib/python3.8/site-packages/airflow/example_dags/plugins/workday.py for tasks to queue
[2024-11-26T20:11:54.951-0600] {logging_mixin.py:190} INFO - [2024-11-26T20:11:54.951-0600] {dagbag.py:588} INFO - Filling up the DagBag from /Library/Frameworks/Python.framework/Versions/3.8/lib/python3.8/site-packages/airflow/example_dags/plugins/workday.py
[2024-11-26T20:11:54.951-0600] {logging_mixin.py:190} INFO - [2024-11-26T20:11:54.951-0600] {workday.py:41} WARNING - Could not import pandas. Holidays will not be considered.
[2024-11-26T20:11:54.951-0600] {processor.py:927} WARNING - No viable dags retrieved from /Library/Frameworks/Python.framework/Versions/3.8/lib/python3.8/site-packages/airflow/example_dags/plugins/workday.py
[2024-11-26T20:11:54.982-0600] {processor.py:208} INFO - Processing /Library/Frameworks/Python.framework/Versions/3.8/lib/python3.8/site-packages/airflow/example_dags/plugins/workday.py took 0.033 seconds
[2024-11-26T20:50:13.202-0600] {processor.py:186} INFO - Started process (PID=28454) to work on /Library/Frameworks/Python.framework/Versions/3.8/lib/python3.8/site-packages/airflow/example_dags/plugins/workday.py
[2024-11-26T20:50:13.203-0600] {processor.py:914} INFO - Processing file /Library/Frameworks/Python.framework/Versions/3.8/lib/python3.8/site-packages/airflow/example_dags/plugins/workday.py for tasks to queue
[2024-11-26T20:50:13.203-0600] {logging_mixin.py:190} INFO - [2024-11-26T20:50:13.203-0600] {dagbag.py:588} INFO - Filling up the DagBag from /Library/Frameworks/Python.framework/Versions/3.8/lib/python3.8/site-packages/airflow/example_dags/plugins/workday.py
[2024-11-26T20:50:13.204-0600] {logging_mixin.py:190} INFO - [2024-11-26T20:50:13.204-0600] {workday.py:41} WARNING - Could not import pandas. Holidays will not be considered.
[2024-11-26T20:50:13.204-0600] {processor.py:927} WARNING - No viable dags retrieved from /Library/Frameworks/Python.framework/Versions/3.8/lib/python3.8/site-packages/airflow/example_dags/plugins/workday.py
[2024-11-26T20:50:13.234-0600] {processor.py:208} INFO - Processing /Library/Frameworks/Python.framework/Versions/3.8/lib/python3.8/site-packages/airflow/example_dags/plugins/workday.py took 0.033 seconds
[2024-11-26T20:51:41.997-0600] {processor.py:186} INFO - Started process (PID=28650) to work on /Library/Frameworks/Python.framework/Versions/3.8/lib/python3.8/site-packages/airflow/example_dags/plugins/workday.py
[2024-11-26T20:51:41.997-0600] {processor.py:914} INFO - Processing file /Library/Frameworks/Python.framework/Versions/3.8/lib/python3.8/site-packages/airflow/example_dags/plugins/workday.py for tasks to queue
[2024-11-26T20:51:41.997-0600] {logging_mixin.py:190} INFO - [2024-11-26T20:51:41.997-0600] {dagbag.py:588} INFO - Filling up the DagBag from /Library/Frameworks/Python.framework/Versions/3.8/lib/python3.8/site-packages/airflow/example_dags/plugins/workday.py
[2024-11-26T20:51:41.998-0600] {logging_mixin.py:190} INFO - [2024-11-26T20:51:41.998-0600] {workday.py:41} WARNING - Could not import pandas. Holidays will not be considered.
[2024-11-26T20:51:41.998-0600] {processor.py:927} WARNING - No viable dags retrieved from /Library/Frameworks/Python.framework/Versions/3.8/lib/python3.8/site-packages/airflow/example_dags/plugins/workday.py
[2024-11-26T20:51:42.028-0600] {processor.py:208} INFO - Processing /Library/Frameworks/Python.framework/Versions/3.8/lib/python3.8/site-packages/airflow/example_dags/plugins/workday.py took 0.032 seconds
[2024-11-26T20:52:51.198-0600] {processor.py:186} INFO - Started process (PID=28810) to work on /Library/Frameworks/Python.framework/Versions/3.8/lib/python3.8/site-packages/airflow/example_dags/plugins/workday.py
[2024-11-26T20:52:51.198-0600] {processor.py:914} INFO - Processing file /Library/Frameworks/Python.framework/Versions/3.8/lib/python3.8/site-packages/airflow/example_dags/plugins/workday.py for tasks to queue
[2024-11-26T20:52:51.199-0600] {logging_mixin.py:190} INFO - [2024-11-26T20:52:51.199-0600] {dagbag.py:588} INFO - Filling up the DagBag from /Library/Frameworks/Python.framework/Versions/3.8/lib/python3.8/site-packages/airflow/example_dags/plugins/workday.py
[2024-11-26T20:52:51.199-0600] {logging_mixin.py:190} INFO - [2024-11-26T20:52:51.199-0600] {workday.py:41} WARNING - Could not import pandas. Holidays will not be considered.
[2024-11-26T20:52:51.199-0600] {processor.py:927} WARNING - No viable dags retrieved from /Library/Frameworks/Python.framework/Versions/3.8/lib/python3.8/site-packages/airflow/example_dags/plugins/workday.py
[2024-11-26T20:52:51.229-0600] {processor.py:208} INFO - Processing /Library/Frameworks/Python.framework/Versions/3.8/lib/python3.8/site-packages/airflow/example_dags/plugins/workday.py took 0.032 seconds
