[2024-11-28T19:37:46.069-0600] {processor.py:186} INFO - Started process (PID=39361) to work on /Library/Frameworks/Python.framework/Versions/3.8/lib/python3.8/site-packages/airflow/example_dags/example_dataset_alias.py
[2024-11-28T19:37:46.070-0600] {processor.py:914} INFO - Processing file /Library/Frameworks/Python.framework/Versions/3.8/lib/python3.8/site-packages/airflow/example_dags/example_dataset_alias.py for tasks to queue
[2024-11-28T19:37:46.070-0600] {logging_mixin.py:190} INFO - [2024-11-28T19:37:46.070-0600] {dagbag.py:588} INFO - Filling up the DagBag from /Library/Frameworks/Python.framework/Versions/3.8/lib/python3.8/site-packages/airflow/example_dags/example_dataset_alias.py
[2024-11-28T19:37:46.121-0600] {processor.py:925} INFO - DAG(s) 'dataset_s3_bucket_producer', 'dataset_alias_example_alias_consumer', 'dataset_alias_example_alias_producer', 'dataset_s3_bucket_consumer' retrieved from /Library/Frameworks/Python.framework/Versions/3.8/lib/python3.8/site-packages/airflow/example_dags/example_dataset_alias.py
[2024-11-28T19:37:46.128-0600] {logging_mixin.py:190} INFO - [2024-11-28T19:37:46.128-0600] {dag.py:3239} INFO - Sync 4 DAGs
[2024-11-28T19:37:46.134-0600] {logging_mixin.py:190} INFO - [2024-11-28T19:37:46.134-0600] {dag.py:4180} INFO - Setting next_dagrun for dataset_alias_example_alias_consumer to None, run_after=None
[2024-11-28T19:37:46.135-0600] {logging_mixin.py:190} INFO - [2024-11-28T19:37:46.135-0600] {dag.py:4180} INFO - Setting next_dagrun for dataset_alias_example_alias_producer to None, run_after=None
[2024-11-28T19:37:46.135-0600] {logging_mixin.py:190} INFO - [2024-11-28T19:37:46.135-0600] {dag.py:4180} INFO - Setting next_dagrun for dataset_s3_bucket_consumer to None, run_after=None
[2024-11-28T19:37:46.135-0600] {logging_mixin.py:190} INFO - [2024-11-28T19:37:46.135-0600] {dag.py:4180} INFO - Setting next_dagrun for dataset_s3_bucket_producer to None, run_after=None
[2024-11-28T19:37:46.141-0600] {processor.py:208} INFO - Processing /Library/Frameworks/Python.framework/Versions/3.8/lib/python3.8/site-packages/airflow/example_dags/example_dataset_alias.py took 0.073 seconds
[2024-11-28T19:39:49.953-0600] {processor.py:186} INFO - Started process (PID=39613) to work on /Library/Frameworks/Python.framework/Versions/3.8/lib/python3.8/site-packages/airflow/example_dags/example_dataset_alias.py
[2024-11-28T19:39:49.954-0600] {processor.py:914} INFO - Processing file /Library/Frameworks/Python.framework/Versions/3.8/lib/python3.8/site-packages/airflow/example_dags/example_dataset_alias.py for tasks to queue
[2024-11-28T19:39:49.954-0600] {logging_mixin.py:190} INFO - [2024-11-28T19:39:49.954-0600] {dagbag.py:588} INFO - Filling up the DagBag from /Library/Frameworks/Python.framework/Versions/3.8/lib/python3.8/site-packages/airflow/example_dags/example_dataset_alias.py
[2024-11-28T19:39:50.006-0600] {processor.py:925} INFO - DAG(s) 'dataset_alias_example_alias_producer', 'dataset_s3_bucket_producer', 'dataset_s3_bucket_consumer', 'dataset_alias_example_alias_consumer' retrieved from /Library/Frameworks/Python.framework/Versions/3.8/lib/python3.8/site-packages/airflow/example_dags/example_dataset_alias.py
[2024-11-28T19:39:50.014-0600] {logging_mixin.py:190} INFO - [2024-11-28T19:39:50.013-0600] {dag.py:3239} INFO - Sync 4 DAGs
[2024-11-28T19:39:50.019-0600] {logging_mixin.py:190} INFO - [2024-11-28T19:39:50.019-0600] {dag.py:4180} INFO - Setting next_dagrun for dataset_alias_example_alias_consumer to None, run_after=None
[2024-11-28T19:39:50.020-0600] {logging_mixin.py:190} INFO - [2024-11-28T19:39:50.020-0600] {dag.py:4180} INFO - Setting next_dagrun for dataset_alias_example_alias_producer to None, run_after=None
[2024-11-28T19:39:50.020-0600] {logging_mixin.py:190} INFO - [2024-11-28T19:39:50.020-0600] {dag.py:4180} INFO - Setting next_dagrun for dataset_s3_bucket_consumer to None, run_after=None
[2024-11-28T19:39:50.021-0600] {logging_mixin.py:190} INFO - [2024-11-28T19:39:50.021-0600] {dag.py:4180} INFO - Setting next_dagrun for dataset_s3_bucket_producer to None, run_after=None
[2024-11-28T19:39:50.027-0600] {processor.py:208} INFO - Processing /Library/Frameworks/Python.framework/Versions/3.8/lib/python3.8/site-packages/airflow/example_dags/example_dataset_alias.py took 0.075 seconds
