[2024-11-28T19:37:44.267-0600] {processor.py:186} INFO - Started process (PID=39358) to work on /Library/Frameworks/Python.framework/Versions/3.8/lib/python3.8/site-packages/airflow/example_dags/example_dataset_alias_with_no_taskflow.py
[2024-11-28T19:37:44.268-0600] {processor.py:914} INFO - Processing file /Library/Frameworks/Python.framework/Versions/3.8/lib/python3.8/site-packages/airflow/example_dags/example_dataset_alias_with_no_taskflow.py for tasks to queue
[2024-11-28T19:37:44.268-0600] {logging_mixin.py:190} INFO - [2024-11-28T19:37:44.268-0600] {dagbag.py:588} INFO - Filling up the DagBag from /Library/Frameworks/Python.framework/Versions/3.8/lib/python3.8/site-packages/airflow/example_dags/example_dataset_alias_with_no_taskflow.py
[2024-11-28T19:37:44.317-0600] {processor.py:925} INFO - DAG(s) 'dataset_alias_example_alias_consumer_with_no_taskflow', 'dataset_s3_bucket_consumer_with_no_taskflow', 'dataset_s3_bucket_producer_with_no_taskflow', 'dataset_alias_example_alias_producer_with_no_taskflow' retrieved from /Library/Frameworks/Python.framework/Versions/3.8/lib/python3.8/site-packages/airflow/example_dags/example_dataset_alias_with_no_taskflow.py
[2024-11-28T19:37:44.324-0600] {logging_mixin.py:190} INFO - [2024-11-28T19:37:44.324-0600] {dag.py:3239} INFO - Sync 4 DAGs
[2024-11-28T19:37:44.330-0600] {logging_mixin.py:190} INFO - [2024-11-28T19:37:44.330-0600] {dag.py:4180} INFO - Setting next_dagrun for dataset_alias_example_alias_consumer_with_no_taskflow to None, run_after=None
[2024-11-28T19:37:44.331-0600] {logging_mixin.py:190} INFO - [2024-11-28T19:37:44.330-0600] {dag.py:4180} INFO - Setting next_dagrun for dataset_alias_example_alias_producer_with_no_taskflow to None, run_after=None
[2024-11-28T19:37:44.331-0600] {logging_mixin.py:190} INFO - [2024-11-28T19:37:44.331-0600] {dag.py:4180} INFO - Setting next_dagrun for dataset_s3_bucket_consumer_with_no_taskflow to None, run_after=None
[2024-11-28T19:37:44.331-0600] {logging_mixin.py:190} INFO - [2024-11-28T19:37:44.331-0600] {dag.py:4180} INFO - Setting next_dagrun for dataset_s3_bucket_producer_with_no_taskflow to None, run_after=None
[2024-11-28T19:37:44.337-0600] {processor.py:208} INFO - Processing /Library/Frameworks/Python.framework/Versions/3.8/lib/python3.8/site-packages/airflow/example_dags/example_dataset_alias_with_no_taskflow.py took 0.071 seconds
[2024-11-28T19:39:48.577-0600] {processor.py:186} INFO - Started process (PID=39610) to work on /Library/Frameworks/Python.framework/Versions/3.8/lib/python3.8/site-packages/airflow/example_dags/example_dataset_alias_with_no_taskflow.py
[2024-11-28T19:39:48.578-0600] {processor.py:914} INFO - Processing file /Library/Frameworks/Python.framework/Versions/3.8/lib/python3.8/site-packages/airflow/example_dags/example_dataset_alias_with_no_taskflow.py for tasks to queue
[2024-11-28T19:39:48.578-0600] {logging_mixin.py:190} INFO - [2024-11-28T19:39:48.578-0600] {dagbag.py:588} INFO - Filling up the DagBag from /Library/Frameworks/Python.framework/Versions/3.8/lib/python3.8/site-packages/airflow/example_dags/example_dataset_alias_with_no_taskflow.py
[2024-11-28T19:39:48.628-0600] {processor.py:925} INFO - DAG(s) 'dataset_s3_bucket_producer_with_no_taskflow', 'dataset_alias_example_alias_consumer_with_no_taskflow', 'dataset_alias_example_alias_producer_with_no_taskflow', 'dataset_s3_bucket_consumer_with_no_taskflow' retrieved from /Library/Frameworks/Python.framework/Versions/3.8/lib/python3.8/site-packages/airflow/example_dags/example_dataset_alias_with_no_taskflow.py
[2024-11-28T19:39:48.636-0600] {logging_mixin.py:190} INFO - [2024-11-28T19:39:48.636-0600] {dag.py:3239} INFO - Sync 4 DAGs
[2024-11-28T19:39:48.641-0600] {logging_mixin.py:190} INFO - [2024-11-28T19:39:48.641-0600] {dag.py:4180} INFO - Setting next_dagrun for dataset_alias_example_alias_consumer_with_no_taskflow to None, run_after=None
[2024-11-28T19:39:48.642-0600] {logging_mixin.py:190} INFO - [2024-11-28T19:39:48.642-0600] {dag.py:4180} INFO - Setting next_dagrun for dataset_alias_example_alias_producer_with_no_taskflow to None, run_after=None
[2024-11-28T19:39:48.642-0600] {logging_mixin.py:190} INFO - [2024-11-28T19:39:48.642-0600] {dag.py:4180} INFO - Setting next_dagrun for dataset_s3_bucket_consumer_with_no_taskflow to None, run_after=None
[2024-11-28T19:39:48.642-0600] {logging_mixin.py:190} INFO - [2024-11-28T19:39:48.642-0600] {dag.py:4180} INFO - Setting next_dagrun for dataset_s3_bucket_producer_with_no_taskflow to None, run_after=None
[2024-11-28T19:39:48.649-0600] {processor.py:208} INFO - Processing /Library/Frameworks/Python.framework/Versions/3.8/lib/python3.8/site-packages/airflow/example_dags/example_dataset_alias_with_no_taskflow.py took 0.073 seconds
