[2024-11-28T19:37:42.435-0600] {processor.py:186} INFO - Started process (PID=39355) to work on /Library/Frameworks/Python.framework/Versions/3.8/lib/python3.8/site-packages/airflow/example_dags/example_datasets.py
[2024-11-28T19:37:42.436-0600] {processor.py:914} INFO - Processing file /Library/Frameworks/Python.framework/Versions/3.8/lib/python3.8/site-packages/airflow/example_dags/example_datasets.py for tasks to queue
[2024-11-28T19:37:42.436-0600] {logging_mixin.py:190} INFO - [2024-11-28T19:37:42.436-0600] {dagbag.py:588} INFO - Filling up the DagBag from /Library/Frameworks/Python.framework/Versions/3.8/lib/python3.8/site-packages/airflow/example_dags/example_datasets.py
[2024-11-28T19:37:42.453-0600] {processor.py:925} INFO - DAG(s) 'consume_1_or_2_with_dataset_expressions', 'dataset_produces_1', 'conditional_dataset_and_time_based_timetable', 'consume_1_or_both_2_and_3_with_dataset_expressions', 'dataset_consumes_unknown_never_scheduled', 'dataset_consumes_1', 'dataset_consumes_1_and_2', 'consume_1_and_2_with_dataset_expressions', 'dataset_consumes_1_never_scheduled', 'dataset_produces_2' retrieved from /Library/Frameworks/Python.framework/Versions/3.8/lib/python3.8/site-packages/airflow/example_dags/example_datasets.py
[2024-11-28T19:37:42.494-0600] {logging_mixin.py:190} INFO - [2024-11-28T19:37:42.493-0600] {dag.py:3239} INFO - Sync 10 DAGs
[2024-11-28T19:37:42.500-0600] {logging_mixin.py:190} INFO - [2024-11-28T19:37:42.500-0600] {dag.py:4180} INFO - Setting next_dagrun for conditional_dataset_and_time_based_timetable to 2024-11-27 01:00:00+00:00, run_after=2024-11-27 01:00:00+00:00
[2024-11-28T19:37:42.501-0600] {logging_mixin.py:190} INFO - [2024-11-28T19:37:42.501-0600] {dag.py:4180} INFO - Setting next_dagrun for consume_1_and_2_with_dataset_expressions to None, run_after=None
[2024-11-28T19:37:42.501-0600] {logging_mixin.py:190} INFO - [2024-11-28T19:37:42.501-0600] {dag.py:4180} INFO - Setting next_dagrun for consume_1_or_2_with_dataset_expressions to None, run_after=None
[2024-11-28T19:37:42.501-0600] {logging_mixin.py:190} INFO - [2024-11-28T19:37:42.501-0600] {dag.py:4180} INFO - Setting next_dagrun for consume_1_or_both_2_and_3_with_dataset_expressions to None, run_after=None
[2024-11-28T19:37:42.502-0600] {logging_mixin.py:190} INFO - [2024-11-28T19:37:42.502-0600] {dag.py:4180} INFO - Setting next_dagrun for dataset_consumes_1 to None, run_after=None
[2024-11-28T19:37:42.502-0600] {logging_mixin.py:190} INFO - [2024-11-28T19:37:42.502-0600] {dag.py:4180} INFO - Setting next_dagrun for dataset_consumes_1_and_2 to None, run_after=None
[2024-11-28T19:37:42.502-0600] {logging_mixin.py:190} INFO - [2024-11-28T19:37:42.502-0600] {dag.py:4180} INFO - Setting next_dagrun for dataset_consumes_1_never_scheduled to None, run_after=None
[2024-11-28T19:37:42.502-0600] {logging_mixin.py:190} INFO - [2024-11-28T19:37:42.502-0600] {dag.py:4180} INFO - Setting next_dagrun for dataset_consumes_unknown_never_scheduled to None, run_after=None
[2024-11-28T19:37:42.503-0600] {logging_mixin.py:190} INFO - [2024-11-28T19:37:42.503-0600] {dag.py:4180} INFO - Setting next_dagrun for dataset_produces_1 to 2024-11-28 00:00:00+00:00, run_after=2024-11-29 00:00:00+00:00
[2024-11-28T19:37:42.503-0600] {logging_mixin.py:190} INFO - [2024-11-28T19:37:42.503-0600] {dag.py:4180} INFO - Setting next_dagrun for dataset_produces_2 to None, run_after=None
[2024-11-28T19:37:42.512-0600] {processor.py:208} INFO - Processing /Library/Frameworks/Python.framework/Versions/3.8/lib/python3.8/site-packages/airflow/example_dags/example_datasets.py took 0.078 seconds
[2024-11-28T19:39:47.752-0600] {processor.py:186} INFO - Started process (PID=39607) to work on /Library/Frameworks/Python.framework/Versions/3.8/lib/python3.8/site-packages/airflow/example_dags/example_datasets.py
[2024-11-28T19:39:47.753-0600] {processor.py:914} INFO - Processing file /Library/Frameworks/Python.framework/Versions/3.8/lib/python3.8/site-packages/airflow/example_dags/example_datasets.py for tasks to queue
[2024-11-28T19:39:47.753-0600] {logging_mixin.py:190} INFO - [2024-11-28T19:39:47.753-0600] {dagbag.py:588} INFO - Filling up the DagBag from /Library/Frameworks/Python.framework/Versions/3.8/lib/python3.8/site-packages/airflow/example_dags/example_datasets.py
[2024-11-28T19:39:47.777-0600] {processor.py:925} INFO - DAG(s) 'dataset_consumes_unknown_never_scheduled', 'dataset_consumes_1_and_2', 'dataset_consumes_1', 'dataset_produces_1', 'dataset_produces_2', 'dataset_consumes_1_never_scheduled', 'conditional_dataset_and_time_based_timetable', 'consume_1_and_2_with_dataset_expressions', 'consume_1_or_2_with_dataset_expressions', 'consume_1_or_both_2_and_3_with_dataset_expressions' retrieved from /Library/Frameworks/Python.framework/Versions/3.8/lib/python3.8/site-packages/airflow/example_dags/example_datasets.py
[2024-11-28T19:39:47.818-0600] {logging_mixin.py:190} INFO - [2024-11-28T19:39:47.818-0600] {dag.py:3239} INFO - Sync 10 DAGs
[2024-11-28T19:39:47.824-0600] {logging_mixin.py:190} INFO - [2024-11-28T19:39:47.824-0600] {dag.py:4180} INFO - Setting next_dagrun for conditional_dataset_and_time_based_timetable to 2024-11-27 01:00:00+00:00, run_after=2024-11-27 01:00:00+00:00
[2024-11-28T19:39:47.825-0600] {logging_mixin.py:190} INFO - [2024-11-28T19:39:47.825-0600] {dag.py:4180} INFO - Setting next_dagrun for consume_1_and_2_with_dataset_expressions to None, run_after=None
[2024-11-28T19:39:47.825-0600] {logging_mixin.py:190} INFO - [2024-11-28T19:39:47.825-0600] {dag.py:4180} INFO - Setting next_dagrun for consume_1_or_2_with_dataset_expressions to None, run_after=None
[2024-11-28T19:39:47.826-0600] {logging_mixin.py:190} INFO - [2024-11-28T19:39:47.826-0600] {dag.py:4180} INFO - Setting next_dagrun for consume_1_or_both_2_and_3_with_dataset_expressions to None, run_after=None
[2024-11-28T19:39:47.826-0600] {logging_mixin.py:190} INFO - [2024-11-28T19:39:47.826-0600] {dag.py:4180} INFO - Setting next_dagrun for dataset_consumes_1 to None, run_after=None
[2024-11-28T19:39:47.826-0600] {logging_mixin.py:190} INFO - [2024-11-28T19:39:47.826-0600] {dag.py:4180} INFO - Setting next_dagrun for dataset_consumes_1_and_2 to None, run_after=None
[2024-11-28T19:39:47.826-0600] {logging_mixin.py:190} INFO - [2024-11-28T19:39:47.826-0600] {dag.py:4180} INFO - Setting next_dagrun for dataset_consumes_1_never_scheduled to None, run_after=None
[2024-11-28T19:39:47.826-0600] {logging_mixin.py:190} INFO - [2024-11-28T19:39:47.826-0600] {dag.py:4180} INFO - Setting next_dagrun for dataset_consumes_unknown_never_scheduled to None, run_after=None
[2024-11-28T19:39:47.827-0600] {logging_mixin.py:190} INFO - [2024-11-28T19:39:47.827-0600] {dag.py:4180} INFO - Setting next_dagrun for dataset_produces_1 to 2024-11-28 00:00:00+00:00, run_after=2024-11-29 00:00:00+00:00
[2024-11-28T19:39:47.827-0600] {logging_mixin.py:190} INFO - [2024-11-28T19:39:47.827-0600] {dag.py:4180} INFO - Setting next_dagrun for dataset_produces_2 to None, run_after=None
[2024-11-28T19:39:47.836-0600] {processor.py:208} INFO - Processing /Library/Frameworks/Python.framework/Versions/3.8/lib/python3.8/site-packages/airflow/example_dags/example_datasets.py took 0.085 seconds
