[2024-11-28T19:36:54.624-0600] {processor.py:186} INFO - Started process (PID=39260) to work on /Library/Frameworks/Python.framework/Versions/3.8/lib/python3.8/site-packages/airflow/example_dags/example_trigger_controller_dag.py
[2024-11-28T19:36:54.624-0600] {processor.py:914} INFO - Processing file /Library/Frameworks/Python.framework/Versions/3.8/lib/python3.8/site-packages/airflow/example_dags/example_trigger_controller_dag.py for tasks to queue
[2024-11-28T19:36:54.624-0600] {logging_mixin.py:190} INFO - [2024-11-28T19:36:54.624-0600] {dagbag.py:588} INFO - Filling up the DagBag from /Library/Frameworks/Python.framework/Versions/3.8/lib/python3.8/site-packages/airflow/example_dags/example_trigger_controller_dag.py
[2024-11-28T19:36:54.629-0600] {processor.py:925} INFO - DAG(s) 'example_trigger_controller_dag' retrieved from /Library/Frameworks/Python.framework/Versions/3.8/lib/python3.8/site-packages/airflow/example_dags/example_trigger_controller_dag.py
[2024-11-28T19:36:54.661-0600] {logging_mixin.py:190} INFO - [2024-11-28T19:36:54.661-0600] {dag.py:3239} INFO - Sync 1 DAGs
[2024-11-28T19:36:54.667-0600] {logging_mixin.py:190} INFO - [2024-11-28T19:36:54.667-0600] {dag.py:4180} INFO - Setting next_dagrun for example_trigger_controller_dag to 2021-01-01 00:00:00+00:00, run_after=2021-01-01 00:00:00+00:00
[2024-11-28T19:36:54.672-0600] {processor.py:208} INFO - Processing /Library/Frameworks/Python.framework/Versions/3.8/lib/python3.8/site-packages/airflow/example_dags/example_trigger_controller_dag.py took 0.050 seconds
[2024-11-28T19:38:28.350-0600] {processor.py:186} INFO - Started process (PID=39444) to work on /Library/Frameworks/Python.framework/Versions/3.8/lib/python3.8/site-packages/airflow/example_dags/example_trigger_controller_dag.py
[2024-11-28T19:38:28.351-0600] {processor.py:914} INFO - Processing file /Library/Frameworks/Python.framework/Versions/3.8/lib/python3.8/site-packages/airflow/example_dags/example_trigger_controller_dag.py for tasks to queue
[2024-11-28T19:38:28.351-0600] {logging_mixin.py:190} INFO - [2024-11-28T19:38:28.351-0600] {dagbag.py:588} INFO - Filling up the DagBag from /Library/Frameworks/Python.framework/Versions/3.8/lib/python3.8/site-packages/airflow/example_dags/example_trigger_controller_dag.py
[2024-11-28T19:38:28.355-0600] {processor.py:925} INFO - DAG(s) 'example_trigger_controller_dag' retrieved from /Library/Frameworks/Python.framework/Versions/3.8/lib/python3.8/site-packages/airflow/example_dags/example_trigger_controller_dag.py
[2024-11-28T19:38:28.387-0600] {logging_mixin.py:190} INFO - [2024-11-28T19:38:28.386-0600] {dag.py:3239} INFO - Sync 1 DAGs
[2024-11-28T19:38:28.392-0600] {logging_mixin.py:190} INFO - [2024-11-28T19:38:28.392-0600] {dag.py:4180} INFO - Setting next_dagrun for example_trigger_controller_dag to 2021-01-01 00:00:00+00:00, run_after=2021-01-01 00:00:00+00:00
[2024-11-28T19:38:28.397-0600] {processor.py:208} INFO - Processing /Library/Frameworks/Python.framework/Versions/3.8/lib/python3.8/site-packages/airflow/example_dags/example_trigger_controller_dag.py took 0.049 seconds
[2024-11-28T19:39:31.104-0600] {processor.py:186} INFO - Started process (PID=39575) to work on /Library/Frameworks/Python.framework/Versions/3.8/lib/python3.8/site-packages/airflow/example_dags/example_trigger_controller_dag.py
[2024-11-28T19:39:31.105-0600] {processor.py:914} INFO - Processing file /Library/Frameworks/Python.framework/Versions/3.8/lib/python3.8/site-packages/airflow/example_dags/example_trigger_controller_dag.py for tasks to queue
[2024-11-28T19:39:31.106-0600] {logging_mixin.py:190} INFO - [2024-11-28T19:39:31.106-0600] {dagbag.py:588} INFO - Filling up the DagBag from /Library/Frameworks/Python.framework/Versions/3.8/lib/python3.8/site-packages/airflow/example_dags/example_trigger_controller_dag.py
[2024-11-28T19:39:31.109-0600] {processor.py:925} INFO - DAG(s) 'example_trigger_controller_dag' retrieved from /Library/Frameworks/Python.framework/Versions/3.8/lib/python3.8/site-packages/airflow/example_dags/example_trigger_controller_dag.py
[2024-11-28T19:39:31.141-0600] {logging_mixin.py:190} INFO - [2024-11-28T19:39:31.141-0600] {dag.py:3239} INFO - Sync 1 DAGs
[2024-11-28T19:39:31.147-0600] {logging_mixin.py:190} INFO - [2024-11-28T19:39:31.147-0600] {dag.py:4180} INFO - Setting next_dagrun for example_trigger_controller_dag to 2021-01-01 00:00:00+00:00, run_after=2021-01-01 00:00:00+00:00
[2024-11-28T19:39:31.152-0600] {processor.py:208} INFO - Processing /Library/Frameworks/Python.framework/Versions/3.8/lib/python3.8/site-packages/airflow/example_dags/example_trigger_controller_dag.py took 0.049 seconds
[2024-11-28T19:40:34.189-0600] {processor.py:186} INFO - Started process (PID=39696) to work on /Library/Frameworks/Python.framework/Versions/3.8/lib/python3.8/site-packages/airflow/example_dags/example_trigger_controller_dag.py
[2024-11-28T19:40:34.190-0600] {processor.py:914} INFO - Processing file /Library/Frameworks/Python.framework/Versions/3.8/lib/python3.8/site-packages/airflow/example_dags/example_trigger_controller_dag.py for tasks to queue
[2024-11-28T19:40:34.190-0600] {logging_mixin.py:190} INFO - [2024-11-28T19:40:34.190-0600] {dagbag.py:588} INFO - Filling up the DagBag from /Library/Frameworks/Python.framework/Versions/3.8/lib/python3.8/site-packages/airflow/example_dags/example_trigger_controller_dag.py
[2024-11-28T19:40:34.194-0600] {processor.py:925} INFO - DAG(s) 'example_trigger_controller_dag' retrieved from /Library/Frameworks/Python.framework/Versions/3.8/lib/python3.8/site-packages/airflow/example_dags/example_trigger_controller_dag.py
[2024-11-28T19:40:34.226-0600] {logging_mixin.py:190} INFO - [2024-11-28T19:40:34.226-0600] {dag.py:3239} INFO - Sync 1 DAGs
[2024-11-28T19:40:34.232-0600] {logging_mixin.py:190} INFO - [2024-11-28T19:40:34.232-0600] {dag.py:4180} INFO - Setting next_dagrun for example_trigger_controller_dag to 2021-01-01 00:00:00+00:00, run_after=2021-01-01 00:00:00+00:00
[2024-11-28T19:40:34.237-0600] {processor.py:208} INFO - Processing /Library/Frameworks/Python.framework/Versions/3.8/lib/python3.8/site-packages/airflow/example_dags/example_trigger_controller_dag.py took 0.049 seconds
