[2024-11-28T19:36:47.346-0600] {processor.py:186} INFO - Started process (PID=39245) to work on /Library/Frameworks/Python.framework/Versions/3.8/lib/python3.8/site-packages/airflow/example_dags/example_xcomargs.py
[2024-11-28T19:36:47.346-0600] {processor.py:914} INFO - Processing file /Library/Frameworks/Python.framework/Versions/3.8/lib/python3.8/site-packages/airflow/example_dags/example_xcomargs.py for tasks to queue
[2024-11-28T19:36:47.347-0600] {logging_mixin.py:190} INFO - [2024-11-28T19:36:47.346-0600] {dagbag.py:588} INFO - Filling up the DagBag from /Library/Frameworks/Python.framework/Versions/3.8/lib/python3.8/site-packages/airflow/example_dags/example_xcomargs.py
[2024-11-28T19:36:47.360-0600] {processor.py:925} INFO - DAG(s) 'example_xcom_args', 'example_xcom_args_with_operators' retrieved from /Library/Frameworks/Python.framework/Versions/3.8/lib/python3.8/site-packages/airflow/example_dags/example_xcomargs.py
[2024-11-28T19:36:47.396-0600] {logging_mixin.py:190} INFO - [2024-11-28T19:36:47.396-0600] {dag.py:3239} INFO - Sync 2 DAGs
[2024-11-28T19:36:47.400-0600] {logging_mixin.py:190} INFO - [2024-11-28T19:36:47.400-0600] {dag.py:4180} INFO - Setting next_dagrun for example_xcom_args to None, run_after=None
[2024-11-28T19:36:47.401-0600] {logging_mixin.py:190} INFO - [2024-11-28T19:36:47.401-0600] {dag.py:4180} INFO - Setting next_dagrun for example_xcom_args_with_operators to None, run_after=None
[2024-11-28T19:36:47.405-0600] {processor.py:208} INFO - Processing /Library/Frameworks/Python.framework/Versions/3.8/lib/python3.8/site-packages/airflow/example_dags/example_xcomargs.py took 0.061 seconds
[2024-11-28T19:38:22.559-0600] {processor.py:186} INFO - Started process (PID=39432) to work on /Library/Frameworks/Python.framework/Versions/3.8/lib/python3.8/site-packages/airflow/example_dags/example_xcomargs.py
[2024-11-28T19:38:22.559-0600] {processor.py:914} INFO - Processing file /Library/Frameworks/Python.framework/Versions/3.8/lib/python3.8/site-packages/airflow/example_dags/example_xcomargs.py for tasks to queue
[2024-11-28T19:38:22.560-0600] {logging_mixin.py:190} INFO - [2024-11-28T19:38:22.560-0600] {dagbag.py:588} INFO - Filling up the DagBag from /Library/Frameworks/Python.framework/Versions/3.8/lib/python3.8/site-packages/airflow/example_dags/example_xcomargs.py
[2024-11-28T19:38:22.573-0600] {processor.py:925} INFO - DAG(s) 'example_xcom_args_with_operators', 'example_xcom_args' retrieved from /Library/Frameworks/Python.framework/Versions/3.8/lib/python3.8/site-packages/airflow/example_dags/example_xcomargs.py
[2024-11-28T19:38:22.608-0600] {logging_mixin.py:190} INFO - [2024-11-28T19:38:22.608-0600] {dag.py:3239} INFO - Sync 2 DAGs
[2024-11-28T19:38:22.611-0600] {logging_mixin.py:190} INFO - [2024-11-28T19:38:22.611-0600] {dag.py:4180} INFO - Setting next_dagrun for example_xcom_args to None, run_after=None
[2024-11-28T19:38:22.612-0600] {logging_mixin.py:190} INFO - [2024-11-28T19:38:22.612-0600] {dag.py:4180} INFO - Setting next_dagrun for example_xcom_args_with_operators to None, run_after=None
[2024-11-28T19:38:22.617-0600] {processor.py:208} INFO - Processing /Library/Frameworks/Python.framework/Versions/3.8/lib/python3.8/site-packages/airflow/example_dags/example_xcomargs.py took 0.059 seconds
[2024-11-28T19:39:24.914-0600] {processor.py:186} INFO - Started process (PID=39553) to work on /Library/Frameworks/Python.framework/Versions/3.8/lib/python3.8/site-packages/airflow/example_dags/example_xcomargs.py
[2024-11-28T19:39:24.915-0600] {processor.py:914} INFO - Processing file /Library/Frameworks/Python.framework/Versions/3.8/lib/python3.8/site-packages/airflow/example_dags/example_xcomargs.py for tasks to queue
[2024-11-28T19:39:24.915-0600] {logging_mixin.py:190} INFO - [2024-11-28T19:39:24.915-0600] {dagbag.py:588} INFO - Filling up the DagBag from /Library/Frameworks/Python.framework/Versions/3.8/lib/python3.8/site-packages/airflow/example_dags/example_xcomargs.py
[2024-11-28T19:39:24.928-0600] {processor.py:925} INFO - DAG(s) 'example_xcom_args_with_operators', 'example_xcom_args' retrieved from /Library/Frameworks/Python.framework/Versions/3.8/lib/python3.8/site-packages/airflow/example_dags/example_xcomargs.py
[2024-11-28T19:39:24.964-0600] {logging_mixin.py:190} INFO - [2024-11-28T19:39:24.964-0600] {dag.py:3239} INFO - Sync 2 DAGs
[2024-11-28T19:39:24.967-0600] {logging_mixin.py:190} INFO - [2024-11-28T19:39:24.967-0600] {dag.py:4180} INFO - Setting next_dagrun for example_xcom_args to None, run_after=None
[2024-11-28T19:39:24.968-0600] {logging_mixin.py:190} INFO - [2024-11-28T19:39:24.968-0600] {dag.py:4180} INFO - Setting next_dagrun for example_xcom_args_with_operators to None, run_after=None
[2024-11-28T19:39:24.973-0600] {processor.py:208} INFO - Processing /Library/Frameworks/Python.framework/Versions/3.8/lib/python3.8/site-packages/airflow/example_dags/example_xcomargs.py took 0.061 seconds
[2024-11-28T19:40:26.839-0600] {processor.py:186} INFO - Started process (PID=39684) to work on /Library/Frameworks/Python.framework/Versions/3.8/lib/python3.8/site-packages/airflow/example_dags/example_xcomargs.py
[2024-11-28T19:40:26.840-0600] {processor.py:914} INFO - Processing file /Library/Frameworks/Python.framework/Versions/3.8/lib/python3.8/site-packages/airflow/example_dags/example_xcomargs.py for tasks to queue
[2024-11-28T19:40:26.841-0600] {logging_mixin.py:190} INFO - [2024-11-28T19:40:26.841-0600] {dagbag.py:588} INFO - Filling up the DagBag from /Library/Frameworks/Python.framework/Versions/3.8/lib/python3.8/site-packages/airflow/example_dags/example_xcomargs.py
[2024-11-28T19:40:26.853-0600] {processor.py:925} INFO - DAG(s) 'example_xcom_args', 'example_xcom_args_with_operators' retrieved from /Library/Frameworks/Python.framework/Versions/3.8/lib/python3.8/site-packages/airflow/example_dags/example_xcomargs.py
[2024-11-28T19:40:26.886-0600] {logging_mixin.py:190} INFO - [2024-11-28T19:40:26.886-0600] {dag.py:3239} INFO - Sync 2 DAGs
[2024-11-28T19:40:26.890-0600] {logging_mixin.py:190} INFO - [2024-11-28T19:40:26.890-0600] {dag.py:4180} INFO - Setting next_dagrun for example_xcom_args to None, run_after=None
[2024-11-28T19:40:26.891-0600] {logging_mixin.py:190} INFO - [2024-11-28T19:40:26.891-0600] {dag.py:4180} INFO - Setting next_dagrun for example_xcom_args_with_operators to None, run_after=None
[2024-11-28T19:40:26.895-0600] {processor.py:208} INFO - Processing /Library/Frameworks/Python.framework/Versions/3.8/lib/python3.8/site-packages/airflow/example_dags/example_xcomargs.py took 0.057 seconds
