[2024-11-28T19:36:52.813-0600] {processor.py:186} INFO - Started process (PID=39255) to work on /Library/Frameworks/Python.framework/Versions/3.8/lib/python3.8/site-packages/airflow/example_dags/example_trigger_target_dag.py
[2024-11-28T19:36:52.814-0600] {processor.py:914} INFO - Processing file /Library/Frameworks/Python.framework/Versions/3.8/lib/python3.8/site-packages/airflow/example_dags/example_trigger_target_dag.py for tasks to queue
[2024-11-28T19:36:52.814-0600] {logging_mixin.py:190} INFO - [2024-11-28T19:36:52.814-0600] {dagbag.py:588} INFO - Filling up the DagBag from /Library/Frameworks/Python.framework/Versions/3.8/lib/python3.8/site-packages/airflow/example_dags/example_trigger_target_dag.py
[2024-11-28T19:36:52.828-0600] {processor.py:925} INFO - DAG(s) 'example_trigger_target_dag' retrieved from /Library/Frameworks/Python.framework/Versions/3.8/lib/python3.8/site-packages/airflow/example_dags/example_trigger_target_dag.py
[2024-11-28T19:36:52.863-0600] {logging_mixin.py:190} INFO - [2024-11-28T19:36:52.863-0600] {dag.py:3239} INFO - Sync 1 DAGs
[2024-11-28T19:36:52.867-0600] {logging_mixin.py:190} INFO - [2024-11-28T19:36:52.867-0600] {dag.py:4180} INFO - Setting next_dagrun for example_trigger_target_dag to None, run_after=None
[2024-11-28T19:36:52.872-0600] {processor.py:208} INFO - Processing /Library/Frameworks/Python.framework/Versions/3.8/lib/python3.8/site-packages/airflow/example_dags/example_trigger_target_dag.py took 0.060 seconds
[2024-11-28T19:38:26.531-0600] {processor.py:186} INFO - Started process (PID=39441) to work on /Library/Frameworks/Python.framework/Versions/3.8/lib/python3.8/site-packages/airflow/example_dags/example_trigger_target_dag.py
[2024-11-28T19:38:26.532-0600] {processor.py:914} INFO - Processing file /Library/Frameworks/Python.framework/Versions/3.8/lib/python3.8/site-packages/airflow/example_dags/example_trigger_target_dag.py for tasks to queue
[2024-11-28T19:38:26.533-0600] {logging_mixin.py:190} INFO - [2024-11-28T19:38:26.533-0600] {dagbag.py:588} INFO - Filling up the DagBag from /Library/Frameworks/Python.framework/Versions/3.8/lib/python3.8/site-packages/airflow/example_dags/example_trigger_target_dag.py
[2024-11-28T19:38:26.545-0600] {processor.py:925} INFO - DAG(s) 'example_trigger_target_dag' retrieved from /Library/Frameworks/Python.framework/Versions/3.8/lib/python3.8/site-packages/airflow/example_dags/example_trigger_target_dag.py
[2024-11-28T19:38:26.578-0600] {logging_mixin.py:190} INFO - [2024-11-28T19:38:26.578-0600] {dag.py:3239} INFO - Sync 1 DAGs
[2024-11-28T19:38:26.581-0600] {logging_mixin.py:190} INFO - [2024-11-28T19:38:26.581-0600] {dag.py:4180} INFO - Setting next_dagrun for example_trigger_target_dag to None, run_after=None
[2024-11-28T19:38:26.586-0600] {processor.py:208} INFO - Processing /Library/Frameworks/Python.framework/Versions/3.8/lib/python3.8/site-packages/airflow/example_dags/example_trigger_target_dag.py took 0.056 seconds
[2024-11-28T19:39:29.312-0600] {processor.py:186} INFO - Started process (PID=39572) to work on /Library/Frameworks/Python.framework/Versions/3.8/lib/python3.8/site-packages/airflow/example_dags/example_trigger_target_dag.py
[2024-11-28T19:39:29.313-0600] {processor.py:914} INFO - Processing file /Library/Frameworks/Python.framework/Versions/3.8/lib/python3.8/site-packages/airflow/example_dags/example_trigger_target_dag.py for tasks to queue
[2024-11-28T19:39:29.313-0600] {logging_mixin.py:190} INFO - [2024-11-28T19:39:29.313-0600] {dagbag.py:588} INFO - Filling up the DagBag from /Library/Frameworks/Python.framework/Versions/3.8/lib/python3.8/site-packages/airflow/example_dags/example_trigger_target_dag.py
[2024-11-28T19:39:29.325-0600] {processor.py:925} INFO - DAG(s) 'example_trigger_target_dag' retrieved from /Library/Frameworks/Python.framework/Versions/3.8/lib/python3.8/site-packages/airflow/example_dags/example_trigger_target_dag.py
[2024-11-28T19:39:29.358-0600] {logging_mixin.py:190} INFO - [2024-11-28T19:39:29.358-0600] {dag.py:3239} INFO - Sync 1 DAGs
[2024-11-28T19:39:29.362-0600] {logging_mixin.py:190} INFO - [2024-11-28T19:39:29.362-0600] {dag.py:4180} INFO - Setting next_dagrun for example_trigger_target_dag to None, run_after=None
[2024-11-28T19:39:29.367-0600] {processor.py:208} INFO - Processing /Library/Frameworks/Python.framework/Versions/3.8/lib/python3.8/site-packages/airflow/example_dags/example_trigger_target_dag.py took 0.056 seconds
[2024-11-28T19:40:32.386-0600] {processor.py:186} INFO - Started process (PID=39693) to work on /Library/Frameworks/Python.framework/Versions/3.8/lib/python3.8/site-packages/airflow/example_dags/example_trigger_target_dag.py
[2024-11-28T19:40:32.387-0600] {processor.py:914} INFO - Processing file /Library/Frameworks/Python.framework/Versions/3.8/lib/python3.8/site-packages/airflow/example_dags/example_trigger_target_dag.py for tasks to queue
[2024-11-28T19:40:32.387-0600] {logging_mixin.py:190} INFO - [2024-11-28T19:40:32.387-0600] {dagbag.py:588} INFO - Filling up the DagBag from /Library/Frameworks/Python.framework/Versions/3.8/lib/python3.8/site-packages/airflow/example_dags/example_trigger_target_dag.py
[2024-11-28T19:40:32.401-0600] {processor.py:925} INFO - DAG(s) 'example_trigger_target_dag' retrieved from /Library/Frameworks/Python.framework/Versions/3.8/lib/python3.8/site-packages/airflow/example_dags/example_trigger_target_dag.py
[2024-11-28T19:40:32.435-0600] {logging_mixin.py:190} INFO - [2024-11-28T19:40:32.435-0600] {dag.py:3239} INFO - Sync 1 DAGs
[2024-11-28T19:40:32.439-0600] {logging_mixin.py:190} INFO - [2024-11-28T19:40:32.438-0600] {dag.py:4180} INFO - Setting next_dagrun for example_trigger_target_dag to None, run_after=None
[2024-11-28T19:40:32.444-0600] {processor.py:208} INFO - Processing /Library/Frameworks/Python.framework/Versions/3.8/lib/python3.8/site-packages/airflow/example_dags/example_trigger_target_dag.py took 0.059 seconds
