[2024-11-28T19:37:27.536-0600] {processor.py:186} INFO - Started process (PID=39328) to work on /Library/Frameworks/Python.framework/Versions/3.8/lib/python3.8/site-packages/airflow/example_dags/example_local_kubernetes_executor.py
[2024-11-28T19:37:27.537-0600] {processor.py:914} INFO - Processing file /Library/Frameworks/Python.framework/Versions/3.8/lib/python3.8/site-packages/airflow/example_dags/example_local_kubernetes_executor.py for tasks to queue
[2024-11-28T19:37:27.537-0600] {logging_mixin.py:190} INFO - [2024-11-28T19:37:27.537-0600] {dagbag.py:588} INFO - Filling up the DagBag from /Library/Frameworks/Python.framework/Versions/3.8/lib/python3.8/site-packages/airflow/example_dags/example_local_kubernetes_executor.py
[2024-11-28T19:37:27.549-0600] {logging_mixin.py:190} INFO - [2024-11-28T19:37:27.549-0600] {example_local_kubernetes_executor.py:40} WARNING - Could not import DAGs in example_local_kubernetes_executor.py
Traceback (most recent call last):
  File "/Library/Frameworks/Python.framework/Versions/3.8/lib/python3.8/site-packages/airflow/example_dags/example_local_kubernetes_executor.py", line 38, in <module>
    from kubernetes.client import models as k8s
ModuleNotFoundError: No module named 'kubernetes'
[2024-11-28T19:37:27.549-0600] {logging_mixin.py:190} INFO - [2024-11-28T19:37:27.549-0600] {example_local_kubernetes_executor.py:41} WARNING - Install Kubernetes dependencies with: pip install apache-airflow[cncf.kubernetes]
[2024-11-28T19:37:27.549-0600] {processor.py:927} WARNING - No viable dags retrieved from /Library/Frameworks/Python.framework/Versions/3.8/lib/python3.8/site-packages/airflow/example_dags/example_local_kubernetes_executor.py
[2024-11-28T19:37:27.578-0600] {processor.py:208} INFO - Processing /Library/Frameworks/Python.framework/Versions/3.8/lib/python3.8/site-packages/airflow/example_dags/example_local_kubernetes_executor.py took 0.042 seconds
[2024-11-28T19:39:01.195-0600] {processor.py:186} INFO - Started process (PID=39507) to work on /Library/Frameworks/Python.framework/Versions/3.8/lib/python3.8/site-packages/airflow/example_dags/example_local_kubernetes_executor.py
[2024-11-28T19:39:01.196-0600] {processor.py:914} INFO - Processing file /Library/Frameworks/Python.framework/Versions/3.8/lib/python3.8/site-packages/airflow/example_dags/example_local_kubernetes_executor.py for tasks to queue
[2024-11-28T19:39:01.197-0600] {logging_mixin.py:190} INFO - [2024-11-28T19:39:01.197-0600] {dagbag.py:588} INFO - Filling up the DagBag from /Library/Frameworks/Python.framework/Versions/3.8/lib/python3.8/site-packages/airflow/example_dags/example_local_kubernetes_executor.py
[2024-11-28T19:39:01.209-0600] {logging_mixin.py:190} INFO - [2024-11-28T19:39:01.209-0600] {example_local_kubernetes_executor.py:40} WARNING - Could not import DAGs in example_local_kubernetes_executor.py
Traceback (most recent call last):
  File "/Library/Frameworks/Python.framework/Versions/3.8/lib/python3.8/site-packages/airflow/example_dags/example_local_kubernetes_executor.py", line 38, in <module>
    from kubernetes.client import models as k8s
ModuleNotFoundError: No module named 'kubernetes'
[2024-11-28T19:39:01.209-0600] {logging_mixin.py:190} INFO - [2024-11-28T19:39:01.209-0600] {example_local_kubernetes_executor.py:41} WARNING - Install Kubernetes dependencies with: pip install apache-airflow[cncf.kubernetes]
[2024-11-28T19:39:01.209-0600] {processor.py:927} WARNING - No viable dags retrieved from /Library/Frameworks/Python.framework/Versions/3.8/lib/python3.8/site-packages/airflow/example_dags/example_local_kubernetes_executor.py
[2024-11-28T19:39:01.238-0600] {processor.py:208} INFO - Processing /Library/Frameworks/Python.framework/Versions/3.8/lib/python3.8/site-packages/airflow/example_dags/example_local_kubernetes_executor.py took 0.044 seconds
