[2024-11-28T19:36:39.959-0600] {processor.py:186} INFO - Started process (PID=39220) to work on /Library/Frameworks/Python.framework/Versions/3.8/lib/python3.8/site-packages/airflow/example_dags/tutorial_taskflow_api.py
[2024-11-28T19:36:39.959-0600] {processor.py:914} INFO - Processing file /Library/Frameworks/Python.framework/Versions/3.8/lib/python3.8/site-packages/airflow/example_dags/tutorial_taskflow_api.py for tasks to queue
[2024-11-28T19:36:39.960-0600] {logging_mixin.py:190} INFO - [2024-11-28T19:36:39.960-0600] {dagbag.py:588} INFO - Filling up the DagBag from /Library/Frameworks/Python.framework/Versions/3.8/lib/python3.8/site-packages/airflow/example_dags/tutorial_taskflow_api.py
[2024-11-28T19:36:39.973-0600] {processor.py:925} INFO - DAG(s) 'tutorial_taskflow_api' retrieved from /Library/Frameworks/Python.framework/Versions/3.8/lib/python3.8/site-packages/airflow/example_dags/tutorial_taskflow_api.py
[2024-11-28T19:36:40.008-0600] {logging_mixin.py:190} INFO - [2024-11-28T19:36:40.008-0600] {dag.py:3239} INFO - Sync 1 DAGs
[2024-11-28T19:36:40.012-0600] {logging_mixin.py:190} INFO - [2024-11-28T19:36:40.011-0600] {dag.py:4180} INFO - Setting next_dagrun for tutorial_taskflow_api to None, run_after=None
[2024-11-28T19:36:40.017-0600] {processor.py:208} INFO - Processing /Library/Frameworks/Python.framework/Versions/3.8/lib/python3.8/site-packages/airflow/example_dags/tutorial_taskflow_api.py took 0.059 seconds
[2024-11-28T19:38:15.190-0600] {processor.py:186} INFO - Started process (PID=39420) to work on /Library/Frameworks/Python.framework/Versions/3.8/lib/python3.8/site-packages/airflow/example_dags/tutorial_taskflow_api.py
[2024-11-28T19:38:15.190-0600] {processor.py:914} INFO - Processing file /Library/Frameworks/Python.framework/Versions/3.8/lib/python3.8/site-packages/airflow/example_dags/tutorial_taskflow_api.py for tasks to queue
[2024-11-28T19:38:15.191-0600] {logging_mixin.py:190} INFO - [2024-11-28T19:38:15.190-0600] {dagbag.py:588} INFO - Filling up the DagBag from /Library/Frameworks/Python.framework/Versions/3.8/lib/python3.8/site-packages/airflow/example_dags/tutorial_taskflow_api.py
[2024-11-28T19:38:15.202-0600] {processor.py:925} INFO - DAG(s) 'tutorial_taskflow_api' retrieved from /Library/Frameworks/Python.framework/Versions/3.8/lib/python3.8/site-packages/airflow/example_dags/tutorial_taskflow_api.py
[2024-11-28T19:38:15.236-0600] {logging_mixin.py:190} INFO - [2024-11-28T19:38:15.236-0600] {dag.py:3239} INFO - Sync 1 DAGs
[2024-11-28T19:38:15.239-0600] {logging_mixin.py:190} INFO - [2024-11-28T19:38:15.239-0600] {dag.py:4180} INFO - Setting next_dagrun for tutorial_taskflow_api to None, run_after=None
[2024-11-28T19:38:15.244-0600] {processor.py:208} INFO - Processing /Library/Frameworks/Python.framework/Versions/3.8/lib/python3.8/site-packages/airflow/example_dags/tutorial_taskflow_api.py took 0.056 seconds
[2024-11-28T19:39:18.741-0600] {processor.py:186} INFO - Started process (PID=39541) to work on /Library/Frameworks/Python.framework/Versions/3.8/lib/python3.8/site-packages/airflow/example_dags/tutorial_taskflow_api.py
[2024-11-28T19:39:18.741-0600] {processor.py:914} INFO - Processing file /Library/Frameworks/Python.framework/Versions/3.8/lib/python3.8/site-packages/airflow/example_dags/tutorial_taskflow_api.py for tasks to queue
[2024-11-28T19:39:18.741-0600] {logging_mixin.py:190} INFO - [2024-11-28T19:39:18.741-0600] {dagbag.py:588} INFO - Filling up the DagBag from /Library/Frameworks/Python.framework/Versions/3.8/lib/python3.8/site-packages/airflow/example_dags/tutorial_taskflow_api.py
[2024-11-28T19:39:18.753-0600] {processor.py:925} INFO - DAG(s) 'tutorial_taskflow_api' retrieved from /Library/Frameworks/Python.framework/Versions/3.8/lib/python3.8/site-packages/airflow/example_dags/tutorial_taskflow_api.py
[2024-11-28T19:39:18.785-0600] {logging_mixin.py:190} INFO - [2024-11-28T19:39:18.785-0600] {dag.py:3239} INFO - Sync 1 DAGs
[2024-11-28T19:39:18.788-0600] {logging_mixin.py:190} INFO - [2024-11-28T19:39:18.788-0600] {dag.py:4180} INFO - Setting next_dagrun for tutorial_taskflow_api to None, run_after=None
[2024-11-28T19:39:18.793-0600] {processor.py:208} INFO - Processing /Library/Frameworks/Python.framework/Versions/3.8/lib/python3.8/site-packages/airflow/example_dags/tutorial_taskflow_api.py took 0.054 seconds
[2024-11-28T19:40:20.189-0600] {processor.py:186} INFO - Started process (PID=39672) to work on /Library/Frameworks/Python.framework/Versions/3.8/lib/python3.8/site-packages/airflow/example_dags/tutorial_taskflow_api.py
[2024-11-28T19:40:20.190-0600] {processor.py:914} INFO - Processing file /Library/Frameworks/Python.framework/Versions/3.8/lib/python3.8/site-packages/airflow/example_dags/tutorial_taskflow_api.py for tasks to queue
[2024-11-28T19:40:20.190-0600] {logging_mixin.py:190} INFO - [2024-11-28T19:40:20.190-0600] {dagbag.py:588} INFO - Filling up the DagBag from /Library/Frameworks/Python.framework/Versions/3.8/lib/python3.8/site-packages/airflow/example_dags/tutorial_taskflow_api.py
[2024-11-28T19:40:20.202-0600] {processor.py:925} INFO - DAG(s) 'tutorial_taskflow_api' retrieved from /Library/Frameworks/Python.framework/Versions/3.8/lib/python3.8/site-packages/airflow/example_dags/tutorial_taskflow_api.py
[2024-11-28T19:40:20.237-0600] {logging_mixin.py:190} INFO - [2024-11-28T19:40:20.237-0600] {dag.py:3239} INFO - Sync 1 DAGs
[2024-11-28T19:40:20.241-0600] {logging_mixin.py:190} INFO - [2024-11-28T19:40:20.241-0600] {dag.py:4180} INFO - Setting next_dagrun for tutorial_taskflow_api to None, run_after=None
[2024-11-28T19:40:20.246-0600] {processor.py:208} INFO - Processing /Library/Frameworks/Python.framework/Versions/3.8/lib/python3.8/site-packages/airflow/example_dags/tutorial_taskflow_api.py took 0.058 seconds
