[2024-11-28T19:36:36.829-0600] {processor.py:186} INFO - Started process (PID=39208) to work on /Library/Frameworks/Python.framework/Versions/3.8/lib/python3.8/site-packages/airflow/example_dags/tutorial_taskflow_templates.py
[2024-11-28T19:36:36.830-0600] {processor.py:914} INFO - Processing file /Library/Frameworks/Python.framework/Versions/3.8/lib/python3.8/site-packages/airflow/example_dags/tutorial_taskflow_templates.py for tasks to queue
[2024-11-28T19:36:36.830-0600] {logging_mixin.py:190} INFO - [2024-11-28T19:36:36.830-0600] {dagbag.py:588} INFO - Filling up the DagBag from /Library/Frameworks/Python.framework/Versions/3.8/lib/python3.8/site-packages/airflow/example_dags/tutorial_taskflow_templates.py
[2024-11-28T19:36:36.847-0600] {processor.py:925} INFO - DAG(s) 'tutorial_taskflow_templates' retrieved from /Library/Frameworks/Python.framework/Versions/3.8/lib/python3.8/site-packages/airflow/example_dags/tutorial_taskflow_templates.py
[2024-11-28T19:36:36.881-0600] {logging_mixin.py:190} INFO - [2024-11-28T19:36:36.881-0600] {dag.py:3239} INFO - Sync 1 DAGs
[2024-11-28T19:36:36.887-0600] {logging_mixin.py:190} INFO - [2024-11-28T19:36:36.887-0600] {dag.py:4180} INFO - Setting next_dagrun for tutorial_taskflow_templates to 2024-11-28 00:00:00+00:00, run_after=2024-11-29 00:00:00+00:00
[2024-11-28T19:36:36.892-0600] {processor.py:208} INFO - Processing /Library/Frameworks/Python.framework/Versions/3.8/lib/python3.8/site-packages/airflow/example_dags/tutorial_taskflow_templates.py took 0.064 seconds
[2024-11-28T19:38:12.066-0600] {processor.py:186} INFO - Started process (PID=39413) to work on /Library/Frameworks/Python.framework/Versions/3.8/lib/python3.8/site-packages/airflow/example_dags/tutorial_taskflow_templates.py
[2024-11-28T19:38:12.066-0600] {processor.py:914} INFO - Processing file /Library/Frameworks/Python.framework/Versions/3.8/lib/python3.8/site-packages/airflow/example_dags/tutorial_taskflow_templates.py for tasks to queue
[2024-11-28T19:38:12.067-0600] {logging_mixin.py:190} INFO - [2024-11-28T19:38:12.067-0600] {dagbag.py:588} INFO - Filling up the DagBag from /Library/Frameworks/Python.framework/Versions/3.8/lib/python3.8/site-packages/airflow/example_dags/tutorial_taskflow_templates.py
[2024-11-28T19:38:12.085-0600] {processor.py:925} INFO - DAG(s) 'tutorial_taskflow_templates' retrieved from /Library/Frameworks/Python.framework/Versions/3.8/lib/python3.8/site-packages/airflow/example_dags/tutorial_taskflow_templates.py
[2024-11-28T19:38:12.118-0600] {logging_mixin.py:190} INFO - [2024-11-28T19:38:12.118-0600] {dag.py:3239} INFO - Sync 1 DAGs
[2024-11-28T19:38:12.124-0600] {logging_mixin.py:190} INFO - [2024-11-28T19:38:12.124-0600] {dag.py:4180} INFO - Setting next_dagrun for tutorial_taskflow_templates to 2024-11-28 00:00:00+00:00, run_after=2024-11-29 00:00:00+00:00
[2024-11-28T19:38:12.129-0600] {processor.py:208} INFO - Processing /Library/Frameworks/Python.framework/Versions/3.8/lib/python3.8/site-packages/airflow/example_dags/tutorial_taskflow_templates.py took 0.065 seconds
[2024-11-28T19:39:15.887-0600] {processor.py:186} INFO - Started process (PID=39535) to work on /Library/Frameworks/Python.framework/Versions/3.8/lib/python3.8/site-packages/airflow/example_dags/tutorial_taskflow_templates.py
[2024-11-28T19:39:15.888-0600] {processor.py:914} INFO - Processing file /Library/Frameworks/Python.framework/Versions/3.8/lib/python3.8/site-packages/airflow/example_dags/tutorial_taskflow_templates.py for tasks to queue
[2024-11-28T19:39:15.888-0600] {logging_mixin.py:190} INFO - [2024-11-28T19:39:15.888-0600] {dagbag.py:588} INFO - Filling up the DagBag from /Library/Frameworks/Python.framework/Versions/3.8/lib/python3.8/site-packages/airflow/example_dags/tutorial_taskflow_templates.py
[2024-11-28T19:39:15.906-0600] {processor.py:925} INFO - DAG(s) 'tutorial_taskflow_templates' retrieved from /Library/Frameworks/Python.framework/Versions/3.8/lib/python3.8/site-packages/airflow/example_dags/tutorial_taskflow_templates.py
[2024-11-28T19:39:15.939-0600] {logging_mixin.py:190} INFO - [2024-11-28T19:39:15.939-0600] {dag.py:3239} INFO - Sync 1 DAGs
[2024-11-28T19:39:15.945-0600] {logging_mixin.py:190} INFO - [2024-11-28T19:39:15.945-0600] {dag.py:4180} INFO - Setting next_dagrun for tutorial_taskflow_templates to 2024-11-28 00:00:00+00:00, run_after=2024-11-29 00:00:00+00:00
[2024-11-28T19:39:15.950-0600] {processor.py:208} INFO - Processing /Library/Frameworks/Python.framework/Versions/3.8/lib/python3.8/site-packages/airflow/example_dags/tutorial_taskflow_templates.py took 0.064 seconds
[2024-11-28T19:40:17.414-0600] {processor.py:186} INFO - Started process (PID=39666) to work on /Library/Frameworks/Python.framework/Versions/3.8/lib/python3.8/site-packages/airflow/example_dags/tutorial_taskflow_templates.py
[2024-11-28T19:40:17.414-0600] {processor.py:914} INFO - Processing file /Library/Frameworks/Python.framework/Versions/3.8/lib/python3.8/site-packages/airflow/example_dags/tutorial_taskflow_templates.py for tasks to queue
[2024-11-28T19:40:17.414-0600] {logging_mixin.py:190} INFO - [2024-11-28T19:40:17.414-0600] {dagbag.py:588} INFO - Filling up the DagBag from /Library/Frameworks/Python.framework/Versions/3.8/lib/python3.8/site-packages/airflow/example_dags/tutorial_taskflow_templates.py
[2024-11-28T19:40:17.431-0600] {processor.py:925} INFO - DAG(s) 'tutorial_taskflow_templates' retrieved from /Library/Frameworks/Python.framework/Versions/3.8/lib/python3.8/site-packages/airflow/example_dags/tutorial_taskflow_templates.py
[2024-11-28T19:40:17.468-0600] {logging_mixin.py:190} INFO - [2024-11-28T19:40:17.467-0600] {dag.py:3239} INFO - Sync 1 DAGs
[2024-11-28T19:40:17.474-0600] {logging_mixin.py:190} INFO - [2024-11-28T19:40:17.474-0600] {dag.py:4180} INFO - Setting next_dagrun for tutorial_taskflow_templates to 2024-11-28 00:00:00+00:00, run_after=2024-11-29 00:00:00+00:00
[2024-11-28T19:40:17.479-0600] {processor.py:208} INFO - Processing /Library/Frameworks/Python.framework/Versions/3.8/lib/python3.8/site-packages/airflow/example_dags/tutorial_taskflow_templates.py took 0.067 seconds
