[2024-11-28T11:47:52.145-0600] {processor.py:186} INFO - Started process (PID=34518) to work on /Library/Frameworks/Python.framework/Versions/3.8/lib/python3.8/site-packages/airflow/example_dags/example_dag_decorator.py
[2024-11-28T11:47:52.145-0600] {processor.py:914} INFO - Processing file /Library/Frameworks/Python.framework/Versions/3.8/lib/python3.8/site-packages/airflow/example_dags/example_dag_decorator.py for tasks to queue
[2024-11-28T11:47:52.145-0600] {logging_mixin.py:190} INFO - [2024-11-28T11:47:52.145-0600] {dagbag.py:588} INFO - Filling up the DagBag from /Library/Frameworks/Python.framework/Versions/3.8/lib/python3.8/site-packages/airflow/example_dags/example_dag_decorator.py
[2024-11-28T11:47:52.206-0600] {processor.py:925} INFO - DAG(s) 'example_dag_decorator' retrieved from /Library/Frameworks/Python.framework/Versions/3.8/lib/python3.8/site-packages/airflow/example_dags/example_dag_decorator.py
[2024-11-28T11:47:52.275-0600] {logging_mixin.py:190} INFO - [2024-11-28T11:47:52.275-0600] {dag.py:3239} INFO - Sync 1 DAGs
[2024-11-28T11:47:52.278-0600] {logging_mixin.py:190} INFO - [2024-11-28T11:47:52.278-0600] {dag.py:4180} INFO - Setting next_dagrun for example_dag_decorator to None, run_after=None
[2024-11-28T11:47:52.283-0600] {processor.py:208} INFO - Processing /Library/Frameworks/Python.framework/Versions/3.8/lib/python3.8/site-packages/airflow/example_dags/example_dag_decorator.py took 0.140 seconds
[2024-11-28T11:50:08.657-0600] {processor.py:186} INFO - Started process (PID=34787) to work on /Library/Frameworks/Python.framework/Versions/3.8/lib/python3.8/site-packages/airflow/example_dags/example_dag_decorator.py
[2024-11-28T11:50:08.658-0600] {processor.py:914} INFO - Processing file /Library/Frameworks/Python.framework/Versions/3.8/lib/python3.8/site-packages/airflow/example_dags/example_dag_decorator.py for tasks to queue
[2024-11-28T11:50:08.658-0600] {logging_mixin.py:190} INFO - [2024-11-28T11:50:08.658-0600] {dagbag.py:588} INFO - Filling up the DagBag from /Library/Frameworks/Python.framework/Versions/3.8/lib/python3.8/site-packages/airflow/example_dags/example_dag_decorator.py
[2024-11-28T11:50:08.719-0600] {processor.py:925} INFO - DAG(s) 'example_dag_decorator' retrieved from /Library/Frameworks/Python.framework/Versions/3.8/lib/python3.8/site-packages/airflow/example_dags/example_dag_decorator.py
[2024-11-28T11:50:08.791-0600] {logging_mixin.py:190} INFO - [2024-11-28T11:50:08.791-0600] {dag.py:3239} INFO - Sync 1 DAGs
[2024-11-28T11:50:08.795-0600] {logging_mixin.py:190} INFO - [2024-11-28T11:50:08.795-0600] {dag.py:4180} INFO - Setting next_dagrun for example_dag_decorator to None, run_after=None
[2024-11-28T11:50:08.800-0600] {processor.py:208} INFO - Processing /Library/Frameworks/Python.framework/Versions/3.8/lib/python3.8/site-packages/airflow/example_dags/example_dag_decorator.py took 0.144 seconds
[2024-11-28T11:52:20.869-0600] {processor.py:186} INFO - Started process (PID=35039) to work on /Library/Frameworks/Python.framework/Versions/3.8/lib/python3.8/site-packages/airflow/example_dags/example_dag_decorator.py
[2024-11-28T11:52:20.870-0600] {processor.py:914} INFO - Processing file /Library/Frameworks/Python.framework/Versions/3.8/lib/python3.8/site-packages/airflow/example_dags/example_dag_decorator.py for tasks to queue
[2024-11-28T11:52:20.871-0600] {logging_mixin.py:190} INFO - [2024-11-28T11:52:20.871-0600] {dagbag.py:588} INFO - Filling up the DagBag from /Library/Frameworks/Python.framework/Versions/3.8/lib/python3.8/site-packages/airflow/example_dags/example_dag_decorator.py
[2024-11-28T11:52:20.923-0600] {processor.py:925} INFO - DAG(s) 'example_dag_decorator' retrieved from /Library/Frameworks/Python.framework/Versions/3.8/lib/python3.8/site-packages/airflow/example_dags/example_dag_decorator.py
[2024-11-28T11:52:20.986-0600] {logging_mixin.py:190} INFO - [2024-11-28T11:52:20.986-0600] {dag.py:3239} INFO - Sync 1 DAGs
[2024-11-28T11:52:20.990-0600] {logging_mixin.py:190} INFO - [2024-11-28T11:52:20.990-0600] {dag.py:4180} INFO - Setting next_dagrun for example_dag_decorator to None, run_after=None
[2024-11-28T11:52:20.996-0600] {processor.py:208} INFO - Processing /Library/Frameworks/Python.framework/Versions/3.8/lib/python3.8/site-packages/airflow/example_dags/example_dag_decorator.py took 0.128 seconds
[2024-11-28T11:54:32.066-0600] {processor.py:186} INFO - Started process (PID=35335) to work on /Library/Frameworks/Python.framework/Versions/3.8/lib/python3.8/site-packages/airflow/example_dags/example_dag_decorator.py
[2024-11-28T11:54:32.067-0600] {processor.py:914} INFO - Processing file /Library/Frameworks/Python.framework/Versions/3.8/lib/python3.8/site-packages/airflow/example_dags/example_dag_decorator.py for tasks to queue
[2024-11-28T11:54:32.068-0600] {logging_mixin.py:190} INFO - [2024-11-28T11:54:32.068-0600] {dagbag.py:588} INFO - Filling up the DagBag from /Library/Frameworks/Python.framework/Versions/3.8/lib/python3.8/site-packages/airflow/example_dags/example_dag_decorator.py
[2024-11-28T11:54:32.128-0600] {processor.py:925} INFO - DAG(s) 'example_dag_decorator' retrieved from /Library/Frameworks/Python.framework/Versions/3.8/lib/python3.8/site-packages/airflow/example_dags/example_dag_decorator.py
[2024-11-28T11:54:32.204-0600] {logging_mixin.py:190} INFO - [2024-11-28T11:54:32.204-0600] {dag.py:3239} INFO - Sync 1 DAGs
[2024-11-28T11:54:32.208-0600] {logging_mixin.py:190} INFO - [2024-11-28T11:54:32.208-0600] {dag.py:4180} INFO - Setting next_dagrun for example_dag_decorator to None, run_after=None
[2024-11-28T11:54:32.213-0600] {processor.py:208} INFO - Processing /Library/Frameworks/Python.framework/Versions/3.8/lib/python3.8/site-packages/airflow/example_dags/example_dag_decorator.py took 0.149 seconds
[2024-11-28T11:56:45.623-0600] {processor.py:186} INFO - Started process (PID=35590) to work on /Library/Frameworks/Python.framework/Versions/3.8/lib/python3.8/site-packages/airflow/example_dags/example_dag_decorator.py
[2024-11-28T11:56:45.624-0600] {processor.py:914} INFO - Processing file /Library/Frameworks/Python.framework/Versions/3.8/lib/python3.8/site-packages/airflow/example_dags/example_dag_decorator.py for tasks to queue
[2024-11-28T11:56:45.625-0600] {logging_mixin.py:190} INFO - [2024-11-28T11:56:45.625-0600] {dagbag.py:588} INFO - Filling up the DagBag from /Library/Frameworks/Python.framework/Versions/3.8/lib/python3.8/site-packages/airflow/example_dags/example_dag_decorator.py
[2024-11-28T11:56:45.680-0600] {processor.py:925} INFO - DAG(s) 'example_dag_decorator' retrieved from /Library/Frameworks/Python.framework/Versions/3.8/lib/python3.8/site-packages/airflow/example_dags/example_dag_decorator.py
[2024-11-28T11:56:45.752-0600] {logging_mixin.py:190} INFO - [2024-11-28T11:56:45.752-0600] {dag.py:3239} INFO - Sync 1 DAGs
[2024-11-28T11:56:45.756-0600] {logging_mixin.py:190} INFO - [2024-11-28T11:56:45.756-0600] {dag.py:4180} INFO - Setting next_dagrun for example_dag_decorator to None, run_after=None
[2024-11-28T11:56:45.761-0600] {processor.py:208} INFO - Processing /Library/Frameworks/Python.framework/Versions/3.8/lib/python3.8/site-packages/airflow/example_dags/example_dag_decorator.py took 0.139 seconds
[2024-11-28T11:59:00.069-0600] {processor.py:186} INFO - Started process (PID=35840) to work on /Library/Frameworks/Python.framework/Versions/3.8/lib/python3.8/site-packages/airflow/example_dags/example_dag_decorator.py
[2024-11-28T11:59:00.069-0600] {processor.py:914} INFO - Processing file /Library/Frameworks/Python.framework/Versions/3.8/lib/python3.8/site-packages/airflow/example_dags/example_dag_decorator.py for tasks to queue
[2024-11-28T11:59:00.070-0600] {logging_mixin.py:190} INFO - [2024-11-28T11:59:00.070-0600] {dagbag.py:588} INFO - Filling up the DagBag from /Library/Frameworks/Python.framework/Versions/3.8/lib/python3.8/site-packages/airflow/example_dags/example_dag_decorator.py
[2024-11-28T11:59:00.129-0600] {processor.py:925} INFO - DAG(s) 'example_dag_decorator' retrieved from /Library/Frameworks/Python.framework/Versions/3.8/lib/python3.8/site-packages/airflow/example_dags/example_dag_decorator.py
[2024-11-28T11:59:00.199-0600] {logging_mixin.py:190} INFO - [2024-11-28T11:59:00.199-0600] {dag.py:3239} INFO - Sync 1 DAGs
[2024-11-28T11:59:00.203-0600] {logging_mixin.py:190} INFO - [2024-11-28T11:59:00.202-0600] {dag.py:4180} INFO - Setting next_dagrun for example_dag_decorator to None, run_after=None
[2024-11-28T11:59:00.208-0600] {processor.py:208} INFO - Processing /Library/Frameworks/Python.framework/Versions/3.8/lib/python3.8/site-packages/airflow/example_dags/example_dag_decorator.py took 0.140 seconds
[2024-11-28T12:01:17.535-0600] {processor.py:186} INFO - Started process (PID=36099) to work on /Library/Frameworks/Python.framework/Versions/3.8/lib/python3.8/site-packages/airflow/example_dags/example_dag_decorator.py
[2024-11-28T12:01:17.536-0600] {processor.py:914} INFO - Processing file /Library/Frameworks/Python.framework/Versions/3.8/lib/python3.8/site-packages/airflow/example_dags/example_dag_decorator.py for tasks to queue
[2024-11-28T12:01:17.537-0600] {logging_mixin.py:190} INFO - [2024-11-28T12:01:17.537-0600] {dagbag.py:588} INFO - Filling up the DagBag from /Library/Frameworks/Python.framework/Versions/3.8/lib/python3.8/site-packages/airflow/example_dags/example_dag_decorator.py
[2024-11-28T12:01:17.592-0600] {processor.py:925} INFO - DAG(s) 'example_dag_decorator' retrieved from /Library/Frameworks/Python.framework/Versions/3.8/lib/python3.8/site-packages/airflow/example_dags/example_dag_decorator.py
[2024-11-28T12:01:17.665-0600] {logging_mixin.py:190} INFO - [2024-11-28T12:01:17.665-0600] {dag.py:3239} INFO - Sync 1 DAGs
[2024-11-28T12:01:17.669-0600] {logging_mixin.py:190} INFO - [2024-11-28T12:01:17.669-0600] {dag.py:4180} INFO - Setting next_dagrun for example_dag_decorator to None, run_after=None
[2024-11-28T12:01:17.674-0600] {processor.py:208} INFO - Processing /Library/Frameworks/Python.framework/Versions/3.8/lib/python3.8/site-packages/airflow/example_dags/example_dag_decorator.py took 0.140 seconds
[2024-11-28T12:03:29.183-0600] {processor.py:186} INFO - Started process (PID=36345) to work on /Library/Frameworks/Python.framework/Versions/3.8/lib/python3.8/site-packages/airflow/example_dags/example_dag_decorator.py
[2024-11-28T12:03:29.184-0600] {processor.py:914} INFO - Processing file /Library/Frameworks/Python.framework/Versions/3.8/lib/python3.8/site-packages/airflow/example_dags/example_dag_decorator.py for tasks to queue
[2024-11-28T12:03:29.184-0600] {logging_mixin.py:190} INFO - [2024-11-28T12:03:29.184-0600] {dagbag.py:588} INFO - Filling up the DagBag from /Library/Frameworks/Python.framework/Versions/3.8/lib/python3.8/site-packages/airflow/example_dags/example_dag_decorator.py
[2024-11-28T12:03:29.246-0600] {processor.py:925} INFO - DAG(s) 'example_dag_decorator' retrieved from /Library/Frameworks/Python.framework/Versions/3.8/lib/python3.8/site-packages/airflow/example_dags/example_dag_decorator.py
[2024-11-28T12:03:29.319-0600] {logging_mixin.py:190} INFO - [2024-11-28T12:03:29.319-0600] {dag.py:3239} INFO - Sync 1 DAGs
[2024-11-28T12:03:29.323-0600] {logging_mixin.py:190} INFO - [2024-11-28T12:03:29.323-0600] {dag.py:4180} INFO - Setting next_dagrun for example_dag_decorator to None, run_after=None
[2024-11-28T12:03:29.328-0600] {processor.py:208} INFO - Processing /Library/Frameworks/Python.framework/Versions/3.8/lib/python3.8/site-packages/airflow/example_dags/example_dag_decorator.py took 0.147 seconds
[2024-11-28T12:05:41.681-0600] {processor.py:186} INFO - Started process (PID=36596) to work on /Library/Frameworks/Python.framework/Versions/3.8/lib/python3.8/site-packages/airflow/example_dags/example_dag_decorator.py
[2024-11-28T12:05:41.682-0600] {processor.py:914} INFO - Processing file /Library/Frameworks/Python.framework/Versions/3.8/lib/python3.8/site-packages/airflow/example_dags/example_dag_decorator.py for tasks to queue
[2024-11-28T12:05:41.683-0600] {logging_mixin.py:190} INFO - [2024-11-28T12:05:41.683-0600] {dagbag.py:588} INFO - Filling up the DagBag from /Library/Frameworks/Python.framework/Versions/3.8/lib/python3.8/site-packages/airflow/example_dags/example_dag_decorator.py
[2024-11-28T12:05:41.745-0600] {processor.py:925} INFO - DAG(s) 'example_dag_decorator' retrieved from /Library/Frameworks/Python.framework/Versions/3.8/lib/python3.8/site-packages/airflow/example_dags/example_dag_decorator.py
[2024-11-28T12:05:41.819-0600] {logging_mixin.py:190} INFO - [2024-11-28T12:05:41.819-0600] {dag.py:3239} INFO - Sync 1 DAGs
[2024-11-28T12:05:41.822-0600] {logging_mixin.py:190} INFO - [2024-11-28T12:05:41.822-0600] {dag.py:4180} INFO - Setting next_dagrun for example_dag_decorator to None, run_after=None
[2024-11-28T12:05:41.828-0600] {processor.py:208} INFO - Processing /Library/Frameworks/Python.framework/Versions/3.8/lib/python3.8/site-packages/airflow/example_dags/example_dag_decorator.py took 0.147 seconds
[2024-11-28T12:07:50.651-0600] {processor.py:186} INFO - Started process (PID=36839) to work on /Library/Frameworks/Python.framework/Versions/3.8/lib/python3.8/site-packages/airflow/example_dags/example_dag_decorator.py
[2024-11-28T12:07:50.652-0600] {processor.py:914} INFO - Processing file /Library/Frameworks/Python.framework/Versions/3.8/lib/python3.8/site-packages/airflow/example_dags/example_dag_decorator.py for tasks to queue
[2024-11-28T12:07:50.653-0600] {logging_mixin.py:190} INFO - [2024-11-28T12:07:50.653-0600] {dagbag.py:588} INFO - Filling up the DagBag from /Library/Frameworks/Python.framework/Versions/3.8/lib/python3.8/site-packages/airflow/example_dags/example_dag_decorator.py
[2024-11-28T12:07:50.707-0600] {processor.py:925} INFO - DAG(s) 'example_dag_decorator' retrieved from /Library/Frameworks/Python.framework/Versions/3.8/lib/python3.8/site-packages/airflow/example_dags/example_dag_decorator.py
[2024-11-28T12:07:50.778-0600] {logging_mixin.py:190} INFO - [2024-11-28T12:07:50.778-0600] {dag.py:3239} INFO - Sync 1 DAGs
[2024-11-28T12:07:50.782-0600] {logging_mixin.py:190} INFO - [2024-11-28T12:07:50.782-0600] {dag.py:4180} INFO - Setting next_dagrun for example_dag_decorator to None, run_after=None
[2024-11-28T12:07:50.787-0600] {processor.py:208} INFO - Processing /Library/Frameworks/Python.framework/Versions/3.8/lib/python3.8/site-packages/airflow/example_dags/example_dag_decorator.py took 0.137 seconds
[2024-11-28T12:10:10.508-0600] {processor.py:186} INFO - Started process (PID=37094) to work on /Library/Frameworks/Python.framework/Versions/3.8/lib/python3.8/site-packages/airflow/example_dags/example_dag_decorator.py
[2024-11-28T12:10:10.510-0600] {processor.py:914} INFO - Processing file /Library/Frameworks/Python.framework/Versions/3.8/lib/python3.8/site-packages/airflow/example_dags/example_dag_decorator.py for tasks to queue
[2024-11-28T12:10:10.510-0600] {logging_mixin.py:190} INFO - [2024-11-28T12:10:10.510-0600] {dagbag.py:588} INFO - Filling up the DagBag from /Library/Frameworks/Python.framework/Versions/3.8/lib/python3.8/site-packages/airflow/example_dags/example_dag_decorator.py
[2024-11-28T12:10:10.572-0600] {processor.py:925} INFO - DAG(s) 'example_dag_decorator' retrieved from /Library/Frameworks/Python.framework/Versions/3.8/lib/python3.8/site-packages/airflow/example_dags/example_dag_decorator.py
[2024-11-28T12:10:10.645-0600] {logging_mixin.py:190} INFO - [2024-11-28T12:10:10.645-0600] {dag.py:3239} INFO - Sync 1 DAGs
[2024-11-28T12:10:10.649-0600] {logging_mixin.py:190} INFO - [2024-11-28T12:10:10.649-0600] {dag.py:4180} INFO - Setting next_dagrun for example_dag_decorator to None, run_after=None
[2024-11-28T12:10:10.654-0600] {processor.py:208} INFO - Processing /Library/Frameworks/Python.framework/Versions/3.8/lib/python3.8/site-packages/airflow/example_dags/example_dag_decorator.py took 0.147 seconds
