[2024-11-28T11:47:29.611-0600] {processor.py:186} INFO - Started process (PID=34472) to work on /Library/Frameworks/Python.framework/Versions/3.8/lib/python3.8/site-packages/airflow/example_dags/example_outlet_event_extra.py
[2024-11-28T11:47:29.611-0600] {processor.py:914} INFO - Processing file /Library/Frameworks/Python.framework/Versions/3.8/lib/python3.8/site-packages/airflow/example_dags/example_outlet_event_extra.py for tasks to queue
[2024-11-28T11:47:29.611-0600] {logging_mixin.py:190} INFO - [2024-11-28T11:47:29.611-0600] {dagbag.py:588} INFO - Filling up the DagBag from /Library/Frameworks/Python.framework/Versions/3.8/lib/python3.8/site-packages/airflow/example_dags/example_outlet_event_extra.py
[2024-11-28T11:47:29.646-0600] {processor.py:925} INFO - DAG(s) 'dataset_with_extra_by_yield', 'dataset_with_extra_by_context', 'dataset_with_extra_from_classic_operator' retrieved from /Library/Frameworks/Python.framework/Versions/3.8/lib/python3.8/site-packages/airflow/example_dags/example_outlet_event_extra.py
[2024-11-28T11:47:29.680-0600] {logging_mixin.py:190} INFO - [2024-11-28T11:47:29.680-0600] {dag.py:3239} INFO - Sync 3 DAGs
[2024-11-28T11:47:29.687-0600] {logging_mixin.py:190} INFO - [2024-11-28T11:47:29.687-0600] {dag.py:4180} INFO - Setting next_dagrun for dataset_with_extra_by_context to 2024-11-27 00:00:00+00:00, run_after=2024-11-28 00:00:00+00:00
[2024-11-28T11:47:29.688-0600] {logging_mixin.py:190} INFO - [2024-11-28T11:47:29.688-0600] {dag.py:4180} INFO - Setting next_dagrun for dataset_with_extra_by_yield to 2024-11-27 00:00:00+00:00, run_after=2024-11-28 00:00:00+00:00
[2024-11-28T11:47:29.689-0600] {logging_mixin.py:190} INFO - [2024-11-28T11:47:29.689-0600] {dag.py:4180} INFO - Setting next_dagrun for dataset_with_extra_from_classic_operator to 2024-11-27 00:00:00+00:00, run_after=2024-11-28 00:00:00+00:00
[2024-11-28T11:47:29.694-0600] {processor.py:208} INFO - Processing /Library/Frameworks/Python.framework/Versions/3.8/lib/python3.8/site-packages/airflow/example_dags/example_outlet_event_extra.py took 0.085 seconds
[2024-11-28T11:49:05.551-0600] {processor.py:186} INFO - Started process (PID=34655) to work on /Library/Frameworks/Python.framework/Versions/3.8/lib/python3.8/site-packages/airflow/example_dags/example_outlet_event_extra.py
[2024-11-28T11:49:05.552-0600] {processor.py:914} INFO - Processing file /Library/Frameworks/Python.framework/Versions/3.8/lib/python3.8/site-packages/airflow/example_dags/example_outlet_event_extra.py for tasks to queue
[2024-11-28T11:49:05.552-0600] {logging_mixin.py:190} INFO - [2024-11-28T11:49:05.552-0600] {dagbag.py:588} INFO - Filling up the DagBag from /Library/Frameworks/Python.framework/Versions/3.8/lib/python3.8/site-packages/airflow/example_dags/example_outlet_event_extra.py
[2024-11-28T11:49:05.586-0600] {processor.py:925} INFO - DAG(s) 'dataset_with_extra_from_classic_operator', 'dataset_with_extra_by_yield', 'dataset_with_extra_by_context' retrieved from /Library/Frameworks/Python.framework/Versions/3.8/lib/python3.8/site-packages/airflow/example_dags/example_outlet_event_extra.py
[2024-11-28T11:49:05.621-0600] {logging_mixin.py:190} INFO - [2024-11-28T11:49:05.621-0600] {dag.py:3239} INFO - Sync 3 DAGs
[2024-11-28T11:49:05.628-0600] {logging_mixin.py:190} INFO - [2024-11-28T11:49:05.627-0600] {dag.py:4180} INFO - Setting next_dagrun for dataset_with_extra_by_context to 2024-11-27 00:00:00+00:00, run_after=2024-11-28 00:00:00+00:00
[2024-11-28T11:49:05.629-0600] {logging_mixin.py:190} INFO - [2024-11-28T11:49:05.629-0600] {dag.py:4180} INFO - Setting next_dagrun for dataset_with_extra_by_yield to 2024-11-27 00:00:00+00:00, run_after=2024-11-28 00:00:00+00:00
[2024-11-28T11:49:05.630-0600] {logging_mixin.py:190} INFO - [2024-11-28T11:49:05.630-0600] {dag.py:4180} INFO - Setting next_dagrun for dataset_with_extra_from_classic_operator to 2024-11-27 00:00:00+00:00, run_after=2024-11-28 00:00:00+00:00
[2024-11-28T11:49:05.635-0600] {processor.py:208} INFO - Processing /Library/Frameworks/Python.framework/Versions/3.8/lib/python3.8/site-packages/airflow/example_dags/example_outlet_event_extra.py took 0.086 seconds
[2024-11-28T11:51:22.029-0600] {processor.py:186} INFO - Started process (PID=34926) to work on /Library/Frameworks/Python.framework/Versions/3.8/lib/python3.8/site-packages/airflow/example_dags/example_outlet_event_extra.py
[2024-11-28T11:51:22.029-0600] {processor.py:914} INFO - Processing file /Library/Frameworks/Python.framework/Versions/3.8/lib/python3.8/site-packages/airflow/example_dags/example_outlet_event_extra.py for tasks to queue
[2024-11-28T11:51:22.029-0600] {logging_mixin.py:190} INFO - [2024-11-28T11:51:22.029-0600] {dagbag.py:588} INFO - Filling up the DagBag from /Library/Frameworks/Python.framework/Versions/3.8/lib/python3.8/site-packages/airflow/example_dags/example_outlet_event_extra.py
[2024-11-28T11:51:22.063-0600] {processor.py:925} INFO - DAG(s) 'dataset_with_extra_from_classic_operator', 'dataset_with_extra_by_yield', 'dataset_with_extra_by_context' retrieved from /Library/Frameworks/Python.framework/Versions/3.8/lib/python3.8/site-packages/airflow/example_dags/example_outlet_event_extra.py
[2024-11-28T11:51:22.099-0600] {logging_mixin.py:190} INFO - [2024-11-28T11:51:22.099-0600] {dag.py:3239} INFO - Sync 3 DAGs
[2024-11-28T11:51:22.105-0600] {logging_mixin.py:190} INFO - [2024-11-28T11:51:22.105-0600] {dag.py:4180} INFO - Setting next_dagrun for dataset_with_extra_by_context to 2024-11-27 00:00:00+00:00, run_after=2024-11-28 00:00:00+00:00
[2024-11-28T11:51:22.107-0600] {logging_mixin.py:190} INFO - [2024-11-28T11:51:22.107-0600] {dag.py:4180} INFO - Setting next_dagrun for dataset_with_extra_by_yield to 2024-11-27 00:00:00+00:00, run_after=2024-11-28 00:00:00+00:00
[2024-11-28T11:51:22.108-0600] {logging_mixin.py:190} INFO - [2024-11-28T11:51:22.108-0600] {dag.py:4180} INFO - Setting next_dagrun for dataset_with_extra_from_classic_operator to 2024-11-27 00:00:00+00:00, run_after=2024-11-28 00:00:00+00:00
[2024-11-28T11:51:22.114-0600] {processor.py:208} INFO - Processing /Library/Frameworks/Python.framework/Versions/3.8/lib/python3.8/site-packages/airflow/example_dags/example_outlet_event_extra.py took 0.086 seconds
[2024-11-28T11:53:32.149-0600] {processor.py:186} INFO - Started process (PID=35201) to work on /Library/Frameworks/Python.framework/Versions/3.8/lib/python3.8/site-packages/airflow/example_dags/example_outlet_event_extra.py
[2024-11-28T11:53:32.150-0600] {processor.py:914} INFO - Processing file /Library/Frameworks/Python.framework/Versions/3.8/lib/python3.8/site-packages/airflow/example_dags/example_outlet_event_extra.py for tasks to queue
[2024-11-28T11:53:32.150-0600] {logging_mixin.py:190} INFO - [2024-11-28T11:53:32.150-0600] {dagbag.py:588} INFO - Filling up the DagBag from /Library/Frameworks/Python.framework/Versions/3.8/lib/python3.8/site-packages/airflow/example_dags/example_outlet_event_extra.py
[2024-11-28T11:53:32.179-0600] {processor.py:925} INFO - DAG(s) 'dataset_with_extra_by_yield', 'dataset_with_extra_from_classic_operator', 'dataset_with_extra_by_context' retrieved from /Library/Frameworks/Python.framework/Versions/3.8/lib/python3.8/site-packages/airflow/example_dags/example_outlet_event_extra.py
[2024-11-28T11:53:32.215-0600] {logging_mixin.py:190} INFO - [2024-11-28T11:53:32.215-0600] {dag.py:3239} INFO - Sync 3 DAGs
[2024-11-28T11:53:32.222-0600] {logging_mixin.py:190} INFO - [2024-11-28T11:53:32.222-0600] {dag.py:4180} INFO - Setting next_dagrun for dataset_with_extra_by_context to 2024-11-27 00:00:00+00:00, run_after=2024-11-28 00:00:00+00:00
[2024-11-28T11:53:32.224-0600] {logging_mixin.py:190} INFO - [2024-11-28T11:53:32.224-0600] {dag.py:4180} INFO - Setting next_dagrun for dataset_with_extra_by_yield to 2024-11-27 00:00:00+00:00, run_after=2024-11-28 00:00:00+00:00
[2024-11-28T11:53:32.225-0600] {logging_mixin.py:190} INFO - [2024-11-28T11:53:32.224-0600] {dag.py:4180} INFO - Setting next_dagrun for dataset_with_extra_from_classic_operator to 2024-11-27 00:00:00+00:00, run_after=2024-11-28 00:00:00+00:00
[2024-11-28T11:53:32.230-0600] {processor.py:208} INFO - Processing /Library/Frameworks/Python.framework/Versions/3.8/lib/python3.8/site-packages/airflow/example_dags/example_outlet_event_extra.py took 0.083 seconds
[2024-11-28T11:55:44.672-0600] {processor.py:186} INFO - Started process (PID=35470) to work on /Library/Frameworks/Python.framework/Versions/3.8/lib/python3.8/site-packages/airflow/example_dags/example_outlet_event_extra.py
[2024-11-28T11:55:44.674-0600] {processor.py:914} INFO - Processing file /Library/Frameworks/Python.framework/Versions/3.8/lib/python3.8/site-packages/airflow/example_dags/example_outlet_event_extra.py for tasks to queue
[2024-11-28T11:55:44.674-0600] {logging_mixin.py:190} INFO - [2024-11-28T11:55:44.674-0600] {dagbag.py:588} INFO - Filling up the DagBag from /Library/Frameworks/Python.framework/Versions/3.8/lib/python3.8/site-packages/airflow/example_dags/example_outlet_event_extra.py
[2024-11-28T11:55:44.699-0600] {processor.py:925} INFO - DAG(s) 'dataset_with_extra_by_yield', 'dataset_with_extra_by_context', 'dataset_with_extra_from_classic_operator' retrieved from /Library/Frameworks/Python.framework/Versions/3.8/lib/python3.8/site-packages/airflow/example_dags/example_outlet_event_extra.py
[2024-11-28T11:55:44.735-0600] {logging_mixin.py:190} INFO - [2024-11-28T11:55:44.735-0600] {dag.py:3239} INFO - Sync 3 DAGs
[2024-11-28T11:55:44.741-0600] {logging_mixin.py:190} INFO - [2024-11-28T11:55:44.741-0600] {dag.py:4180} INFO - Setting next_dagrun for dataset_with_extra_by_context to 2024-11-27 00:00:00+00:00, run_after=2024-11-28 00:00:00+00:00
[2024-11-28T11:55:44.743-0600] {logging_mixin.py:190} INFO - [2024-11-28T11:55:44.743-0600] {dag.py:4180} INFO - Setting next_dagrun for dataset_with_extra_by_yield to 2024-11-27 00:00:00+00:00, run_after=2024-11-28 00:00:00+00:00
[2024-11-28T11:55:44.744-0600] {logging_mixin.py:190} INFO - [2024-11-28T11:55:44.744-0600] {dag.py:4180} INFO - Setting next_dagrun for dataset_with_extra_from_classic_operator to 2024-11-27 00:00:00+00:00, run_after=2024-11-28 00:00:00+00:00
[2024-11-28T11:55:44.750-0600] {processor.py:208} INFO - Processing /Library/Frameworks/Python.framework/Versions/3.8/lib/python3.8/site-packages/airflow/example_dags/example_outlet_event_extra.py took 0.079 seconds
[2024-11-28T11:57:58.898-0600] {processor.py:186} INFO - Started process (PID=35730) to work on /Library/Frameworks/Python.framework/Versions/3.8/lib/python3.8/site-packages/airflow/example_dags/example_outlet_event_extra.py
[2024-11-28T11:57:58.899-0600] {processor.py:914} INFO - Processing file /Library/Frameworks/Python.framework/Versions/3.8/lib/python3.8/site-packages/airflow/example_dags/example_outlet_event_extra.py for tasks to queue
[2024-11-28T11:57:58.899-0600] {logging_mixin.py:190} INFO - [2024-11-28T11:57:58.899-0600] {dagbag.py:588} INFO - Filling up the DagBag from /Library/Frameworks/Python.framework/Versions/3.8/lib/python3.8/site-packages/airflow/example_dags/example_outlet_event_extra.py
[2024-11-28T11:57:58.934-0600] {processor.py:925} INFO - DAG(s) 'dataset_with_extra_by_context', 'dataset_with_extra_by_yield', 'dataset_with_extra_from_classic_operator' retrieved from /Library/Frameworks/Python.framework/Versions/3.8/lib/python3.8/site-packages/airflow/example_dags/example_outlet_event_extra.py
[2024-11-28T11:57:58.969-0600] {logging_mixin.py:190} INFO - [2024-11-28T11:57:58.969-0600] {dag.py:3239} INFO - Sync 3 DAGs
[2024-11-28T11:57:58.976-0600] {logging_mixin.py:190} INFO - [2024-11-28T11:57:58.976-0600] {dag.py:4180} INFO - Setting next_dagrun for dataset_with_extra_by_context to 2024-11-27 00:00:00+00:00, run_after=2024-11-28 00:00:00+00:00
[2024-11-28T11:57:58.977-0600] {logging_mixin.py:190} INFO - [2024-11-28T11:57:58.977-0600] {dag.py:4180} INFO - Setting next_dagrun for dataset_with_extra_by_yield to 2024-11-27 00:00:00+00:00, run_after=2024-11-28 00:00:00+00:00
[2024-11-28T11:57:58.978-0600] {logging_mixin.py:190} INFO - [2024-11-28T11:57:58.978-0600] {dag.py:4180} INFO - Setting next_dagrun for dataset_with_extra_from_classic_operator to 2024-11-27 00:00:00+00:00, run_after=2024-11-28 00:00:00+00:00
[2024-11-28T11:57:58.983-0600] {processor.py:208} INFO - Processing /Library/Frameworks/Python.framework/Versions/3.8/lib/python3.8/site-packages/airflow/example_dags/example_outlet_event_extra.py took 0.087 seconds
[2024-11-28T12:00:14.153-0600] {processor.py:186} INFO - Started process (PID=35979) to work on /Library/Frameworks/Python.framework/Versions/3.8/lib/python3.8/site-packages/airflow/example_dags/example_outlet_event_extra.py
[2024-11-28T12:00:14.154-0600] {processor.py:914} INFO - Processing file /Library/Frameworks/Python.framework/Versions/3.8/lib/python3.8/site-packages/airflow/example_dags/example_outlet_event_extra.py for tasks to queue
[2024-11-28T12:00:14.154-0600] {logging_mixin.py:190} INFO - [2024-11-28T12:00:14.154-0600] {dagbag.py:588} INFO - Filling up the DagBag from /Library/Frameworks/Python.framework/Versions/3.8/lib/python3.8/site-packages/airflow/example_dags/example_outlet_event_extra.py
[2024-11-28T12:00:14.183-0600] {processor.py:925} INFO - DAG(s) 'dataset_with_extra_by_yield', 'dataset_with_extra_by_context', 'dataset_with_extra_from_classic_operator' retrieved from /Library/Frameworks/Python.framework/Versions/3.8/lib/python3.8/site-packages/airflow/example_dags/example_outlet_event_extra.py
[2024-11-28T12:00:14.218-0600] {logging_mixin.py:190} INFO - [2024-11-28T12:00:14.218-0600] {dag.py:3239} INFO - Sync 3 DAGs
[2024-11-28T12:00:14.225-0600] {logging_mixin.py:190} INFO - [2024-11-28T12:00:14.224-0600] {dag.py:4180} INFO - Setting next_dagrun for dataset_with_extra_by_context to 2024-11-27 00:00:00+00:00, run_after=2024-11-28 00:00:00+00:00
[2024-11-28T12:00:14.226-0600] {logging_mixin.py:190} INFO - [2024-11-28T12:00:14.226-0600] {dag.py:4180} INFO - Setting next_dagrun for dataset_with_extra_by_yield to 2024-11-27 00:00:00+00:00, run_after=2024-11-28 00:00:00+00:00
[2024-11-28T12:00:14.227-0600] {logging_mixin.py:190} INFO - [2024-11-28T12:00:14.227-0600] {dag.py:4180} INFO - Setting next_dagrun for dataset_with_extra_from_classic_operator to 2024-11-27 00:00:00+00:00, run_after=2024-11-28 00:00:00+00:00
[2024-11-28T12:00:14.232-0600] {processor.py:208} INFO - Processing /Library/Frameworks/Python.framework/Versions/3.8/lib/python3.8/site-packages/airflow/example_dags/example_outlet_event_extra.py took 0.081 seconds
[2024-11-28T12:02:28.910-0600] {processor.py:186} INFO - Started process (PID=36231) to work on /Library/Frameworks/Python.framework/Versions/3.8/lib/python3.8/site-packages/airflow/example_dags/example_outlet_event_extra.py
[2024-11-28T12:02:28.911-0600] {processor.py:914} INFO - Processing file /Library/Frameworks/Python.framework/Versions/3.8/lib/python3.8/site-packages/airflow/example_dags/example_outlet_event_extra.py for tasks to queue
[2024-11-28T12:02:28.911-0600] {logging_mixin.py:190} INFO - [2024-11-28T12:02:28.911-0600] {dagbag.py:588} INFO - Filling up the DagBag from /Library/Frameworks/Python.framework/Versions/3.8/lib/python3.8/site-packages/airflow/example_dags/example_outlet_event_extra.py
[2024-11-28T12:02:28.941-0600] {processor.py:925} INFO - DAG(s) 'dataset_with_extra_by_context', 'dataset_with_extra_from_classic_operator', 'dataset_with_extra_by_yield' retrieved from /Library/Frameworks/Python.framework/Versions/3.8/lib/python3.8/site-packages/airflow/example_dags/example_outlet_event_extra.py
[2024-11-28T12:02:28.976-0600] {logging_mixin.py:190} INFO - [2024-11-28T12:02:28.976-0600] {dag.py:3239} INFO - Sync 3 DAGs
[2024-11-28T12:02:28.983-0600] {logging_mixin.py:190} INFO - [2024-11-28T12:02:28.983-0600] {dag.py:4180} INFO - Setting next_dagrun for dataset_with_extra_by_context to 2024-11-27 00:00:00+00:00, run_after=2024-11-28 00:00:00+00:00
[2024-11-28T12:02:28.984-0600] {logging_mixin.py:190} INFO - [2024-11-28T12:02:28.984-0600] {dag.py:4180} INFO - Setting next_dagrun for dataset_with_extra_by_yield to 2024-11-27 00:00:00+00:00, run_after=2024-11-28 00:00:00+00:00
[2024-11-28T12:02:28.985-0600] {logging_mixin.py:190} INFO - [2024-11-28T12:02:28.985-0600] {dag.py:4180} INFO - Setting next_dagrun for dataset_with_extra_from_classic_operator to 2024-11-27 00:00:00+00:00, run_after=2024-11-28 00:00:00+00:00
[2024-11-28T12:02:28.991-0600] {processor.py:208} INFO - Processing /Library/Frameworks/Python.framework/Versions/3.8/lib/python3.8/site-packages/airflow/example_dags/example_outlet_event_extra.py took 0.082 seconds
[2024-11-28T12:04:43.053-0600] {processor.py:186} INFO - Started process (PID=36484) to work on /Library/Frameworks/Python.framework/Versions/3.8/lib/python3.8/site-packages/airflow/example_dags/example_outlet_event_extra.py
[2024-11-28T12:04:43.053-0600] {processor.py:914} INFO - Processing file /Library/Frameworks/Python.framework/Versions/3.8/lib/python3.8/site-packages/airflow/example_dags/example_outlet_event_extra.py for tasks to queue
[2024-11-28T12:04:43.053-0600] {logging_mixin.py:190} INFO - [2024-11-28T12:04:43.053-0600] {dagbag.py:588} INFO - Filling up the DagBag from /Library/Frameworks/Python.framework/Versions/3.8/lib/python3.8/site-packages/airflow/example_dags/example_outlet_event_extra.py
[2024-11-28T12:04:43.092-0600] {processor.py:925} INFO - DAG(s) 'dataset_with_extra_by_context', 'dataset_with_extra_by_yield', 'dataset_with_extra_from_classic_operator' retrieved from /Library/Frameworks/Python.framework/Versions/3.8/lib/python3.8/site-packages/airflow/example_dags/example_outlet_event_extra.py
[2024-11-28T12:04:43.135-0600] {logging_mixin.py:190} INFO - [2024-11-28T12:04:43.135-0600] {dag.py:3239} INFO - Sync 3 DAGs
[2024-11-28T12:04:43.143-0600] {logging_mixin.py:190} INFO - [2024-11-28T12:04:43.143-0600] {dag.py:4180} INFO - Setting next_dagrun for dataset_with_extra_by_context to 2024-11-27 00:00:00+00:00, run_after=2024-11-28 00:00:00+00:00
[2024-11-28T12:04:43.145-0600] {logging_mixin.py:190} INFO - [2024-11-28T12:04:43.145-0600] {dag.py:4180} INFO - Setting next_dagrun for dataset_with_extra_by_yield to 2024-11-27 00:00:00+00:00, run_after=2024-11-28 00:00:00+00:00
[2024-11-28T12:04:43.146-0600] {logging_mixin.py:190} INFO - [2024-11-28T12:04:43.146-0600] {dag.py:4180} INFO - Setting next_dagrun for dataset_with_extra_from_classic_operator to 2024-11-27 00:00:00+00:00, run_after=2024-11-28 00:00:00+00:00
[2024-11-28T12:04:43.154-0600] {processor.py:208} INFO - Processing /Library/Frameworks/Python.framework/Versions/3.8/lib/python3.8/site-packages/airflow/example_dags/example_outlet_event_extra.py took 0.104 seconds
[2024-11-28T12:06:51.632-0600] {processor.py:186} INFO - Started process (PID=36730) to work on /Library/Frameworks/Python.framework/Versions/3.8/lib/python3.8/site-packages/airflow/example_dags/example_outlet_event_extra.py
[2024-11-28T12:06:51.632-0600] {processor.py:914} INFO - Processing file /Library/Frameworks/Python.framework/Versions/3.8/lib/python3.8/site-packages/airflow/example_dags/example_outlet_event_extra.py for tasks to queue
[2024-11-28T12:06:51.632-0600] {logging_mixin.py:190} INFO - [2024-11-28T12:06:51.632-0600] {dagbag.py:588} INFO - Filling up the DagBag from /Library/Frameworks/Python.framework/Versions/3.8/lib/python3.8/site-packages/airflow/example_dags/example_outlet_event_extra.py
[2024-11-28T12:06:51.656-0600] {processor.py:925} INFO - DAG(s) 'dataset_with_extra_from_classic_operator', 'dataset_with_extra_by_yield', 'dataset_with_extra_by_context' retrieved from /Library/Frameworks/Python.framework/Versions/3.8/lib/python3.8/site-packages/airflow/example_dags/example_outlet_event_extra.py
[2024-11-28T12:06:51.691-0600] {logging_mixin.py:190} INFO - [2024-11-28T12:06:51.691-0600] {dag.py:3239} INFO - Sync 3 DAGs
[2024-11-28T12:06:51.698-0600] {logging_mixin.py:190} INFO - [2024-11-28T12:06:51.698-0600] {dag.py:4180} INFO - Setting next_dagrun for dataset_with_extra_by_context to 2024-11-27 00:00:00+00:00, run_after=2024-11-28 00:00:00+00:00
[2024-11-28T12:06:51.699-0600] {logging_mixin.py:190} INFO - [2024-11-28T12:06:51.699-0600] {dag.py:4180} INFO - Setting next_dagrun for dataset_with_extra_by_yield to 2024-11-27 00:00:00+00:00, run_after=2024-11-28 00:00:00+00:00
[2024-11-28T12:06:51.700-0600] {logging_mixin.py:190} INFO - [2024-11-28T12:06:51.700-0600] {dag.py:4180} INFO - Setting next_dagrun for dataset_with_extra_from_classic_operator to 2024-11-27 00:00:00+00:00, run_after=2024-11-28 00:00:00+00:00
[2024-11-28T12:06:51.706-0600] {processor.py:208} INFO - Processing /Library/Frameworks/Python.framework/Versions/3.8/lib/python3.8/site-packages/airflow/example_dags/example_outlet_event_extra.py took 0.076 seconds
[2024-11-28T12:09:05.337-0600] {processor.py:186} INFO - Started process (PID=36972) to work on /Library/Frameworks/Python.framework/Versions/3.8/lib/python3.8/site-packages/airflow/example_dags/example_outlet_event_extra.py
[2024-11-28T12:09:05.338-0600] {processor.py:914} INFO - Processing file /Library/Frameworks/Python.framework/Versions/3.8/lib/python3.8/site-packages/airflow/example_dags/example_outlet_event_extra.py for tasks to queue
[2024-11-28T12:09:05.338-0600] {logging_mixin.py:190} INFO - [2024-11-28T12:09:05.338-0600] {dagbag.py:588} INFO - Filling up the DagBag from /Library/Frameworks/Python.framework/Versions/3.8/lib/python3.8/site-packages/airflow/example_dags/example_outlet_event_extra.py
[2024-11-28T12:09:05.371-0600] {processor.py:925} INFO - DAG(s) 'dataset_with_extra_by_yield', 'dataset_with_extra_from_classic_operator', 'dataset_with_extra_by_context' retrieved from /Library/Frameworks/Python.framework/Versions/3.8/lib/python3.8/site-packages/airflow/example_dags/example_outlet_event_extra.py
[2024-11-28T12:09:05.406-0600] {logging_mixin.py:190} INFO - [2024-11-28T12:09:05.406-0600] {dag.py:3239} INFO - Sync 3 DAGs
[2024-11-28T12:09:05.413-0600] {logging_mixin.py:190} INFO - [2024-11-28T12:09:05.413-0600] {dag.py:4180} INFO - Setting next_dagrun for dataset_with_extra_by_context to 2024-11-27 00:00:00+00:00, run_after=2024-11-28 00:00:00+00:00
[2024-11-28T12:09:05.414-0600] {logging_mixin.py:190} INFO - [2024-11-28T12:09:05.414-0600] {dag.py:4180} INFO - Setting next_dagrun for dataset_with_extra_by_yield to 2024-11-27 00:00:00+00:00, run_after=2024-11-28 00:00:00+00:00
[2024-11-28T12:09:05.415-0600] {logging_mixin.py:190} INFO - [2024-11-28T12:09:05.415-0600] {dag.py:4180} INFO - Setting next_dagrun for dataset_with_extra_from_classic_operator to 2024-11-27 00:00:00+00:00, run_after=2024-11-28 00:00:00+00:00
[2024-11-28T12:09:05.420-0600] {processor.py:208} INFO - Processing /Library/Frameworks/Python.framework/Versions/3.8/lib/python3.8/site-packages/airflow/example_dags/example_outlet_event_extra.py took 0.085 seconds
[2024-11-28T12:11:23.795-0600] {processor.py:186} INFO - Started process (PID=37260) to work on /Library/Frameworks/Python.framework/Versions/3.8/lib/python3.8/site-packages/airflow/example_dags/example_outlet_event_extra.py
[2024-11-28T12:11:23.796-0600] {processor.py:914} INFO - Processing file /Library/Frameworks/Python.framework/Versions/3.8/lib/python3.8/site-packages/airflow/example_dags/example_outlet_event_extra.py for tasks to queue
[2024-11-28T12:11:23.797-0600] {logging_mixin.py:190} INFO - [2024-11-28T12:11:23.796-0600] {dagbag.py:588} INFO - Filling up the DagBag from /Library/Frameworks/Python.framework/Versions/3.8/lib/python3.8/site-packages/airflow/example_dags/example_outlet_event_extra.py
[2024-11-28T12:11:23.822-0600] {processor.py:925} INFO - DAG(s) 'dataset_with_extra_by_context', 'dataset_with_extra_by_yield', 'dataset_with_extra_from_classic_operator' retrieved from /Library/Frameworks/Python.framework/Versions/3.8/lib/python3.8/site-packages/airflow/example_dags/example_outlet_event_extra.py
[2024-11-28T12:11:23.858-0600] {logging_mixin.py:190} INFO - [2024-11-28T12:11:23.858-0600] {dag.py:3239} INFO - Sync 3 DAGs
[2024-11-28T12:11:23.865-0600] {logging_mixin.py:190} INFO - [2024-11-28T12:11:23.865-0600] {dag.py:4180} INFO - Setting next_dagrun for dataset_with_extra_by_context to 2024-11-27 00:00:00+00:00, run_after=2024-11-28 00:00:00+00:00
[2024-11-28T12:11:23.866-0600] {logging_mixin.py:190} INFO - [2024-11-28T12:11:23.866-0600] {dag.py:4180} INFO - Setting next_dagrun for dataset_with_extra_by_yield to 2024-11-27 00:00:00+00:00, run_after=2024-11-28 00:00:00+00:00
[2024-11-28T12:11:23.867-0600] {logging_mixin.py:190} INFO - [2024-11-28T12:11:23.867-0600] {dag.py:4180} INFO - Setting next_dagrun for dataset_with_extra_from_classic_operator to 2024-11-27 00:00:00+00:00, run_after=2024-11-28 00:00:00+00:00
[2024-11-28T12:11:23.873-0600] {processor.py:208} INFO - Processing /Library/Frameworks/Python.framework/Versions/3.8/lib/python3.8/site-packages/airflow/example_dags/example_outlet_event_extra.py took 0.079 seconds
