[2024-11-28T11:47:03.842-0600] {processor.py:186} INFO - Started process (PID=34422) to work on /Library/Frameworks/Python.framework/Versions/3.8/lib/python3.8/site-packages/airflow/example_dags/example_task_group.py
[2024-11-28T11:47:03.842-0600] {processor.py:914} INFO - Processing file /Library/Frameworks/Python.framework/Versions/3.8/lib/python3.8/site-packages/airflow/example_dags/example_task_group.py for tasks to queue
[2024-11-28T11:47:03.843-0600] {logging_mixin.py:190} INFO - [2024-11-28T11:47:03.843-0600] {dagbag.py:588} INFO - Filling up the DagBag from /Library/Frameworks/Python.framework/Versions/3.8/lib/python3.8/site-packages/airflow/example_dags/example_task_group.py
[2024-11-28T11:47:03.846-0600] {processor.py:925} INFO - DAG(s) 'example_task_group' retrieved from /Library/Frameworks/Python.framework/Versions/3.8/lib/python3.8/site-packages/airflow/example_dags/example_task_group.py
[2024-11-28T11:47:03.879-0600] {logging_mixin.py:190} INFO - [2024-11-28T11:47:03.879-0600] {dag.py:3239} INFO - Sync 1 DAGs
[2024-11-28T11:47:03.883-0600] {logging_mixin.py:190} INFO - [2024-11-28T11:47:03.883-0600] {dag.py:4180} INFO - Setting next_dagrun for example_task_group to None, run_after=None
[2024-11-28T11:47:03.888-0600] {processor.py:208} INFO - Processing /Library/Frameworks/Python.framework/Versions/3.8/lib/python3.8/site-packages/airflow/example_dags/example_task_group.py took 0.047 seconds
[2024-11-28T11:48:38.765-0600] {processor.py:186} INFO - Started process (PID=34610) to work on /Library/Frameworks/Python.framework/Versions/3.8/lib/python3.8/site-packages/airflow/example_dags/example_task_group.py
[2024-11-28T11:48:38.766-0600] {processor.py:914} INFO - Processing file /Library/Frameworks/Python.framework/Versions/3.8/lib/python3.8/site-packages/airflow/example_dags/example_task_group.py for tasks to queue
[2024-11-28T11:48:38.766-0600] {logging_mixin.py:190} INFO - [2024-11-28T11:48:38.766-0600] {dagbag.py:588} INFO - Filling up the DagBag from /Library/Frameworks/Python.framework/Versions/3.8/lib/python3.8/site-packages/airflow/example_dags/example_task_group.py
[2024-11-28T11:48:38.769-0600] {processor.py:925} INFO - DAG(s) 'example_task_group' retrieved from /Library/Frameworks/Python.framework/Versions/3.8/lib/python3.8/site-packages/airflow/example_dags/example_task_group.py
[2024-11-28T11:48:38.805-0600] {logging_mixin.py:190} INFO - [2024-11-28T11:48:38.805-0600] {dag.py:3239} INFO - Sync 1 DAGs
[2024-11-28T11:48:38.809-0600] {logging_mixin.py:190} INFO - [2024-11-28T11:48:38.809-0600] {dag.py:4180} INFO - Setting next_dagrun for example_task_group to None, run_after=None
[2024-11-28T11:48:38.814-0600] {processor.py:208} INFO - Processing /Library/Frameworks/Python.framework/Versions/3.8/lib/python3.8/site-packages/airflow/example_dags/example_task_group.py took 0.050 seconds
[2024-11-28T11:49:47.138-0600] {processor.py:186} INFO - Started process (PID=34751) to work on /Library/Frameworks/Python.framework/Versions/3.8/lib/python3.8/site-packages/airflow/example_dags/example_task_group.py
[2024-11-28T11:49:47.139-0600] {processor.py:914} INFO - Processing file /Library/Frameworks/Python.framework/Versions/3.8/lib/python3.8/site-packages/airflow/example_dags/example_task_group.py for tasks to queue
[2024-11-28T11:49:47.139-0600] {logging_mixin.py:190} INFO - [2024-11-28T11:49:47.139-0600] {dagbag.py:588} INFO - Filling up the DagBag from /Library/Frameworks/Python.framework/Versions/3.8/lib/python3.8/site-packages/airflow/example_dags/example_task_group.py
[2024-11-28T11:49:47.143-0600] {processor.py:925} INFO - DAG(s) 'example_task_group' retrieved from /Library/Frameworks/Python.framework/Versions/3.8/lib/python3.8/site-packages/airflow/example_dags/example_task_group.py
[2024-11-28T11:49:47.178-0600] {logging_mixin.py:190} INFO - [2024-11-28T11:49:47.178-0600] {dag.py:3239} INFO - Sync 1 DAGs
[2024-11-28T11:49:47.182-0600] {logging_mixin.py:190} INFO - [2024-11-28T11:49:47.182-0600] {dag.py:4180} INFO - Setting next_dagrun for example_task_group to None, run_after=None
[2024-11-28T11:49:47.187-0600] {processor.py:208} INFO - Processing /Library/Frameworks/Python.framework/Versions/3.8/lib/python3.8/site-packages/airflow/example_dags/example_task_group.py took 0.050 seconds
[2024-11-28T11:50:55.341-0600] {processor.py:186} INFO - Started process (PID=34879) to work on /Library/Frameworks/Python.framework/Versions/3.8/lib/python3.8/site-packages/airflow/example_dags/example_task_group.py
[2024-11-28T11:50:55.342-0600] {processor.py:914} INFO - Processing file /Library/Frameworks/Python.framework/Versions/3.8/lib/python3.8/site-packages/airflow/example_dags/example_task_group.py for tasks to queue
[2024-11-28T11:50:55.342-0600] {logging_mixin.py:190} INFO - [2024-11-28T11:50:55.342-0600] {dagbag.py:588} INFO - Filling up the DagBag from /Library/Frameworks/Python.framework/Versions/3.8/lib/python3.8/site-packages/airflow/example_dags/example_task_group.py
[2024-11-28T11:50:55.346-0600] {processor.py:925} INFO - DAG(s) 'example_task_group' retrieved from /Library/Frameworks/Python.framework/Versions/3.8/lib/python3.8/site-packages/airflow/example_dags/example_task_group.py
[2024-11-28T11:50:55.381-0600] {logging_mixin.py:190} INFO - [2024-11-28T11:50:55.381-0600] {dag.py:3239} INFO - Sync 1 DAGs
[2024-11-28T11:50:55.385-0600] {logging_mixin.py:190} INFO - [2024-11-28T11:50:55.385-0600] {dag.py:4180} INFO - Setting next_dagrun for example_task_group to None, run_after=None
[2024-11-28T11:50:55.390-0600] {processor.py:208} INFO - Processing /Library/Frameworks/Python.framework/Versions/3.8/lib/python3.8/site-packages/airflow/example_dags/example_task_group.py took 0.051 seconds
[2024-11-28T11:52:01.817-0600] {processor.py:186} INFO - Started process (PID=35004) to work on /Library/Frameworks/Python.framework/Versions/3.8/lib/python3.8/site-packages/airflow/example_dags/example_task_group.py
[2024-11-28T11:52:01.818-0600] {processor.py:914} INFO - Processing file /Library/Frameworks/Python.framework/Versions/3.8/lib/python3.8/site-packages/airflow/example_dags/example_task_group.py for tasks to queue
[2024-11-28T11:52:01.818-0600] {logging_mixin.py:190} INFO - [2024-11-28T11:52:01.818-0600] {dagbag.py:588} INFO - Filling up the DagBag from /Library/Frameworks/Python.framework/Versions/3.8/lib/python3.8/site-packages/airflow/example_dags/example_task_group.py
[2024-11-28T11:52:01.821-0600] {processor.py:925} INFO - DAG(s) 'example_task_group' retrieved from /Library/Frameworks/Python.framework/Versions/3.8/lib/python3.8/site-packages/airflow/example_dags/example_task_group.py
[2024-11-28T11:52:01.856-0600] {logging_mixin.py:190} INFO - [2024-11-28T11:52:01.856-0600] {dag.py:3239} INFO - Sync 1 DAGs
[2024-11-28T11:52:01.860-0600] {logging_mixin.py:190} INFO - [2024-11-28T11:52:01.860-0600] {dag.py:4180} INFO - Setting next_dagrun for example_task_group to None, run_after=None
[2024-11-28T11:52:01.865-0600] {processor.py:208} INFO - Processing /Library/Frameworks/Python.framework/Versions/3.8/lib/python3.8/site-packages/airflow/example_dags/example_task_group.py took 0.049 seconds
[2024-11-28T11:53:07.330-0600] {processor.py:186} INFO - Started process (PID=35132) to work on /Library/Frameworks/Python.framework/Versions/3.8/lib/python3.8/site-packages/airflow/example_dags/example_task_group.py
[2024-11-28T11:53:07.331-0600] {processor.py:914} INFO - Processing file /Library/Frameworks/Python.framework/Versions/3.8/lib/python3.8/site-packages/airflow/example_dags/example_task_group.py for tasks to queue
[2024-11-28T11:53:07.332-0600] {logging_mixin.py:190} INFO - [2024-11-28T11:53:07.332-0600] {dagbag.py:588} INFO - Filling up the DagBag from /Library/Frameworks/Python.framework/Versions/3.8/lib/python3.8/site-packages/airflow/example_dags/example_task_group.py
[2024-11-28T11:53:07.335-0600] {processor.py:925} INFO - DAG(s) 'example_task_group' retrieved from /Library/Frameworks/Python.framework/Versions/3.8/lib/python3.8/site-packages/airflow/example_dags/example_task_group.py
[2024-11-28T11:53:07.371-0600] {logging_mixin.py:190} INFO - [2024-11-28T11:53:07.371-0600] {dag.py:3239} INFO - Sync 1 DAGs
[2024-11-28T11:53:07.376-0600] {logging_mixin.py:190} INFO - [2024-11-28T11:53:07.376-0600] {dag.py:4180} INFO - Setting next_dagrun for example_task_group to None, run_after=None
[2024-11-28T11:53:07.381-0600] {processor.py:208} INFO - Processing /Library/Frameworks/Python.framework/Versions/3.8/lib/python3.8/site-packages/airflow/example_dags/example_task_group.py took 0.052 seconds
[2024-11-28T11:54:15.038-0600] {processor.py:186} INFO - Started process (PID=35302) to work on /Library/Frameworks/Python.framework/Versions/3.8/lib/python3.8/site-packages/airflow/example_dags/example_task_group.py
[2024-11-28T11:54:15.039-0600] {processor.py:914} INFO - Processing file /Library/Frameworks/Python.framework/Versions/3.8/lib/python3.8/site-packages/airflow/example_dags/example_task_group.py for tasks to queue
[2024-11-28T11:54:15.039-0600] {logging_mixin.py:190} INFO - [2024-11-28T11:54:15.039-0600] {dagbag.py:588} INFO - Filling up the DagBag from /Library/Frameworks/Python.framework/Versions/3.8/lib/python3.8/site-packages/airflow/example_dags/example_task_group.py
[2024-11-28T11:54:15.043-0600] {processor.py:925} INFO - DAG(s) 'example_task_group' retrieved from /Library/Frameworks/Python.framework/Versions/3.8/lib/python3.8/site-packages/airflow/example_dags/example_task_group.py
[2024-11-28T11:54:15.078-0600] {logging_mixin.py:190} INFO - [2024-11-28T11:54:15.078-0600] {dag.py:3239} INFO - Sync 1 DAGs
[2024-11-28T11:54:15.082-0600] {logging_mixin.py:190} INFO - [2024-11-28T11:54:15.082-0600] {dag.py:4180} INFO - Setting next_dagrun for example_task_group to None, run_after=None
[2024-11-28T11:54:15.087-0600] {processor.py:208} INFO - Processing /Library/Frameworks/Python.framework/Versions/3.8/lib/python3.8/site-packages/airflow/example_dags/example_task_group.py took 0.051 seconds
[2024-11-28T11:55:19.852-0600] {processor.py:186} INFO - Started process (PID=35427) to work on /Library/Frameworks/Python.framework/Versions/3.8/lib/python3.8/site-packages/airflow/example_dags/example_task_group.py
[2024-11-28T11:55:19.852-0600] {processor.py:914} INFO - Processing file /Library/Frameworks/Python.framework/Versions/3.8/lib/python3.8/site-packages/airflow/example_dags/example_task_group.py for tasks to queue
[2024-11-28T11:55:19.853-0600] {logging_mixin.py:190} INFO - [2024-11-28T11:55:19.853-0600] {dagbag.py:588} INFO - Filling up the DagBag from /Library/Frameworks/Python.framework/Versions/3.8/lib/python3.8/site-packages/airflow/example_dags/example_task_group.py
[2024-11-28T11:55:19.856-0600] {processor.py:925} INFO - DAG(s) 'example_task_group' retrieved from /Library/Frameworks/Python.framework/Versions/3.8/lib/python3.8/site-packages/airflow/example_dags/example_task_group.py
[2024-11-28T11:55:19.891-0600] {logging_mixin.py:190} INFO - [2024-11-28T11:55:19.891-0600] {dag.py:3239} INFO - Sync 1 DAGs
[2024-11-28T11:55:19.895-0600] {logging_mixin.py:190} INFO - [2024-11-28T11:55:19.895-0600] {dag.py:4180} INFO - Setting next_dagrun for example_task_group to None, run_after=None
[2024-11-28T11:55:19.900-0600] {processor.py:208} INFO - Processing /Library/Frameworks/Python.framework/Versions/3.8/lib/python3.8/site-packages/airflow/example_dags/example_task_group.py took 0.049 seconds
[2024-11-28T11:56:26.505-0600] {processor.py:186} INFO - Started process (PID=35551) to work on /Library/Frameworks/Python.framework/Versions/3.8/lib/python3.8/site-packages/airflow/example_dags/example_task_group.py
[2024-11-28T11:56:26.505-0600] {processor.py:914} INFO - Processing file /Library/Frameworks/Python.framework/Versions/3.8/lib/python3.8/site-packages/airflow/example_dags/example_task_group.py for tasks to queue
[2024-11-28T11:56:26.505-0600] {logging_mixin.py:190} INFO - [2024-11-28T11:56:26.505-0600] {dagbag.py:588} INFO - Filling up the DagBag from /Library/Frameworks/Python.framework/Versions/3.8/lib/python3.8/site-packages/airflow/example_dags/example_task_group.py
[2024-11-28T11:56:26.508-0600] {processor.py:925} INFO - DAG(s) 'example_task_group' retrieved from /Library/Frameworks/Python.framework/Versions/3.8/lib/python3.8/site-packages/airflow/example_dags/example_task_group.py
[2024-11-28T11:56:26.544-0600] {logging_mixin.py:190} INFO - [2024-11-28T11:56:26.544-0600] {dag.py:3239} INFO - Sync 1 DAGs
[2024-11-28T11:56:26.548-0600] {logging_mixin.py:190} INFO - [2024-11-28T11:56:26.548-0600] {dag.py:4180} INFO - Setting next_dagrun for example_task_group to None, run_after=None
[2024-11-28T11:56:26.554-0600] {processor.py:208} INFO - Processing /Library/Frameworks/Python.framework/Versions/3.8/lib/python3.8/site-packages/airflow/example_dags/example_task_group.py took 0.050 seconds
[2024-11-28T11:57:34.699-0600] {processor.py:186} INFO - Started process (PID=35685) to work on /Library/Frameworks/Python.framework/Versions/3.8/lib/python3.8/site-packages/airflow/example_dags/example_task_group.py
[2024-11-28T11:57:34.700-0600] {processor.py:914} INFO - Processing file /Library/Frameworks/Python.framework/Versions/3.8/lib/python3.8/site-packages/airflow/example_dags/example_task_group.py for tasks to queue
[2024-11-28T11:57:34.701-0600] {logging_mixin.py:190} INFO - [2024-11-28T11:57:34.701-0600] {dagbag.py:588} INFO - Filling up the DagBag from /Library/Frameworks/Python.framework/Versions/3.8/lib/python3.8/site-packages/airflow/example_dags/example_task_group.py
[2024-11-28T11:57:34.704-0600] {processor.py:925} INFO - DAG(s) 'example_task_group' retrieved from /Library/Frameworks/Python.framework/Versions/3.8/lib/python3.8/site-packages/airflow/example_dags/example_task_group.py
[2024-11-28T11:57:34.741-0600] {logging_mixin.py:190} INFO - [2024-11-28T11:57:34.741-0600] {dag.py:3239} INFO - Sync 1 DAGs
[2024-11-28T11:57:34.745-0600] {logging_mixin.py:190} INFO - [2024-11-28T11:57:34.745-0600] {dag.py:4180} INFO - Setting next_dagrun for example_task_group to None, run_after=None
[2024-11-28T11:57:34.750-0600] {processor.py:208} INFO - Processing /Library/Frameworks/Python.framework/Versions/3.8/lib/python3.8/site-packages/airflow/example_dags/example_task_group.py took 0.053 seconds
[2024-11-28T11:58:41.592-0600] {processor.py:186} INFO - Started process (PID=35806) to work on /Library/Frameworks/Python.framework/Versions/3.8/lib/python3.8/site-packages/airflow/example_dags/example_task_group.py
[2024-11-28T11:58:41.592-0600] {processor.py:914} INFO - Processing file /Library/Frameworks/Python.framework/Versions/3.8/lib/python3.8/site-packages/airflow/example_dags/example_task_group.py for tasks to queue
[2024-11-28T11:58:41.593-0600] {logging_mixin.py:190} INFO - [2024-11-28T11:58:41.593-0600] {dagbag.py:588} INFO - Filling up the DagBag from /Library/Frameworks/Python.framework/Versions/3.8/lib/python3.8/site-packages/airflow/example_dags/example_task_group.py
[2024-11-28T11:58:41.596-0600] {processor.py:925} INFO - DAG(s) 'example_task_group' retrieved from /Library/Frameworks/Python.framework/Versions/3.8/lib/python3.8/site-packages/airflow/example_dags/example_task_group.py
[2024-11-28T11:58:41.631-0600] {logging_mixin.py:190} INFO - [2024-11-28T11:58:41.631-0600] {dag.py:3239} INFO - Sync 1 DAGs
[2024-11-28T11:58:41.635-0600] {logging_mixin.py:190} INFO - [2024-11-28T11:58:41.635-0600] {dag.py:4180} INFO - Setting next_dagrun for example_task_group to None, run_after=None
[2024-11-28T11:58:41.640-0600] {processor.py:208} INFO - Processing /Library/Frameworks/Python.framework/Versions/3.8/lib/python3.8/site-packages/airflow/example_dags/example_task_group.py took 0.050 seconds
[2024-11-28T11:59:51.132-0600] {processor.py:186} INFO - Started process (PID=35931) to work on /Library/Frameworks/Python.framework/Versions/3.8/lib/python3.8/site-packages/airflow/example_dags/example_task_group.py
[2024-11-28T11:59:51.134-0600] {processor.py:914} INFO - Processing file /Library/Frameworks/Python.framework/Versions/3.8/lib/python3.8/site-packages/airflow/example_dags/example_task_group.py for tasks to queue
[2024-11-28T11:59:51.134-0600] {logging_mixin.py:190} INFO - [2024-11-28T11:59:51.134-0600] {dagbag.py:588} INFO - Filling up the DagBag from /Library/Frameworks/Python.framework/Versions/3.8/lib/python3.8/site-packages/airflow/example_dags/example_task_group.py
[2024-11-28T11:59:51.137-0600] {processor.py:925} INFO - DAG(s) 'example_task_group' retrieved from /Library/Frameworks/Python.framework/Versions/3.8/lib/python3.8/site-packages/airflow/example_dags/example_task_group.py
[2024-11-28T11:59:51.171-0600] {logging_mixin.py:190} INFO - [2024-11-28T11:59:51.171-0600] {dag.py:3239} INFO - Sync 1 DAGs
[2024-11-28T11:59:51.175-0600] {logging_mixin.py:190} INFO - [2024-11-28T11:59:51.175-0600] {dag.py:4180} INFO - Setting next_dagrun for example_task_group to None, run_after=None
[2024-11-28T11:59:51.180-0600] {processor.py:208} INFO - Processing /Library/Frameworks/Python.framework/Versions/3.8/lib/python3.8/site-packages/airflow/example_dags/example_task_group.py took 0.049 seconds
[2024-11-28T12:00:57.961-0600] {processor.py:186} INFO - Started process (PID=36063) to work on /Library/Frameworks/Python.framework/Versions/3.8/lib/python3.8/site-packages/airflow/example_dags/example_task_group.py
[2024-11-28T12:00:57.963-0600] {processor.py:914} INFO - Processing file /Library/Frameworks/Python.framework/Versions/3.8/lib/python3.8/site-packages/airflow/example_dags/example_task_group.py for tasks to queue
[2024-11-28T12:00:57.963-0600] {logging_mixin.py:190} INFO - [2024-11-28T12:00:57.963-0600] {dagbag.py:588} INFO - Filling up the DagBag from /Library/Frameworks/Python.framework/Versions/3.8/lib/python3.8/site-packages/airflow/example_dags/example_task_group.py
[2024-11-28T12:00:57.966-0600] {processor.py:925} INFO - DAG(s) 'example_task_group' retrieved from /Library/Frameworks/Python.framework/Versions/3.8/lib/python3.8/site-packages/airflow/example_dags/example_task_group.py
[2024-11-28T12:00:58.001-0600] {logging_mixin.py:190} INFO - [2024-11-28T12:00:58.001-0600] {dag.py:3239} INFO - Sync 1 DAGs
[2024-11-28T12:00:58.005-0600] {logging_mixin.py:190} INFO - [2024-11-28T12:00:58.005-0600] {dag.py:4180} INFO - Setting next_dagrun for example_task_group to None, run_after=None
[2024-11-28T12:00:58.011-0600] {processor.py:208} INFO - Processing /Library/Frameworks/Python.framework/Versions/3.8/lib/python3.8/site-packages/airflow/example_dags/example_task_group.py took 0.051 seconds
[2024-11-28T12:02:06.384-0600] {processor.py:186} INFO - Started process (PID=36187) to work on /Library/Frameworks/Python.framework/Versions/3.8/lib/python3.8/site-packages/airflow/example_dags/example_task_group.py
[2024-11-28T12:02:06.384-0600] {processor.py:914} INFO - Processing file /Library/Frameworks/Python.framework/Versions/3.8/lib/python3.8/site-packages/airflow/example_dags/example_task_group.py for tasks to queue
[2024-11-28T12:02:06.384-0600] {logging_mixin.py:190} INFO - [2024-11-28T12:02:06.384-0600] {dagbag.py:588} INFO - Filling up the DagBag from /Library/Frameworks/Python.framework/Versions/3.8/lib/python3.8/site-packages/airflow/example_dags/example_task_group.py
[2024-11-28T12:02:06.388-0600] {processor.py:925} INFO - DAG(s) 'example_task_group' retrieved from /Library/Frameworks/Python.framework/Versions/3.8/lib/python3.8/site-packages/airflow/example_dags/example_task_group.py
[2024-11-28T12:02:06.423-0600] {logging_mixin.py:190} INFO - [2024-11-28T12:02:06.423-0600] {dag.py:3239} INFO - Sync 1 DAGs
[2024-11-28T12:02:06.427-0600] {logging_mixin.py:190} INFO - [2024-11-28T12:02:06.427-0600] {dag.py:4180} INFO - Setting next_dagrun for example_task_group to None, run_after=None
[2024-11-28T12:02:06.432-0600] {processor.py:208} INFO - Processing /Library/Frameworks/Python.framework/Versions/3.8/lib/python3.8/site-packages/airflow/example_dags/example_task_group.py took 0.049 seconds
[2024-11-28T12:03:11.513-0600] {processor.py:186} INFO - Started process (PID=36312) to work on /Library/Frameworks/Python.framework/Versions/3.8/lib/python3.8/site-packages/airflow/example_dags/example_task_group.py
[2024-11-28T12:03:11.514-0600] {processor.py:914} INFO - Processing file /Library/Frameworks/Python.framework/Versions/3.8/lib/python3.8/site-packages/airflow/example_dags/example_task_group.py for tasks to queue
[2024-11-28T12:03:11.514-0600] {logging_mixin.py:190} INFO - [2024-11-28T12:03:11.514-0600] {dagbag.py:588} INFO - Filling up the DagBag from /Library/Frameworks/Python.framework/Versions/3.8/lib/python3.8/site-packages/airflow/example_dags/example_task_group.py
[2024-11-28T12:03:11.518-0600] {processor.py:925} INFO - DAG(s) 'example_task_group' retrieved from /Library/Frameworks/Python.framework/Versions/3.8/lib/python3.8/site-packages/airflow/example_dags/example_task_group.py
[2024-11-28T12:03:11.554-0600] {logging_mixin.py:190} INFO - [2024-11-28T12:03:11.554-0600] {dag.py:3239} INFO - Sync 1 DAGs
[2024-11-28T12:03:11.558-0600] {logging_mixin.py:190} INFO - [2024-11-28T12:03:11.558-0600] {dag.py:4180} INFO - Setting next_dagrun for example_task_group to None, run_after=None
[2024-11-28T12:03:11.563-0600] {processor.py:208} INFO - Processing /Library/Frameworks/Python.framework/Versions/3.8/lib/python3.8/site-packages/airflow/example_dags/example_task_group.py took 0.051 seconds
[2024-11-28T12:04:19.637-0600] {processor.py:186} INFO - Started process (PID=36438) to work on /Library/Frameworks/Python.framework/Versions/3.8/lib/python3.8/site-packages/airflow/example_dags/example_task_group.py
[2024-11-28T12:04:19.638-0600] {processor.py:914} INFO - Processing file /Library/Frameworks/Python.framework/Versions/3.8/lib/python3.8/site-packages/airflow/example_dags/example_task_group.py for tasks to queue
[2024-11-28T12:04:19.638-0600] {logging_mixin.py:190} INFO - [2024-11-28T12:04:19.638-0600] {dagbag.py:588} INFO - Filling up the DagBag from /Library/Frameworks/Python.framework/Versions/3.8/lib/python3.8/site-packages/airflow/example_dags/example_task_group.py
[2024-11-28T12:04:19.641-0600] {processor.py:925} INFO - DAG(s) 'example_task_group' retrieved from /Library/Frameworks/Python.framework/Versions/3.8/lib/python3.8/site-packages/airflow/example_dags/example_task_group.py
[2024-11-28T12:04:19.676-0600] {logging_mixin.py:190} INFO - [2024-11-28T12:04:19.676-0600] {dag.py:3239} INFO - Sync 1 DAGs
[2024-11-28T12:04:19.680-0600] {logging_mixin.py:190} INFO - [2024-11-28T12:04:19.680-0600] {dag.py:4180} INFO - Setting next_dagrun for example_task_group to None, run_after=None
[2024-11-28T12:04:19.685-0600] {processor.py:208} INFO - Processing /Library/Frameworks/Python.framework/Versions/3.8/lib/python3.8/site-packages/airflow/example_dags/example_task_group.py took 0.050 seconds
[2024-11-28T12:05:24.552-0600] {processor.py:186} INFO - Started process (PID=36565) to work on /Library/Frameworks/Python.framework/Versions/3.8/lib/python3.8/site-packages/airflow/example_dags/example_task_group.py
[2024-11-28T12:05:24.552-0600] {processor.py:914} INFO - Processing file /Library/Frameworks/Python.framework/Versions/3.8/lib/python3.8/site-packages/airflow/example_dags/example_task_group.py for tasks to queue
[2024-11-28T12:05:24.552-0600] {logging_mixin.py:190} INFO - [2024-11-28T12:05:24.552-0600] {dagbag.py:588} INFO - Filling up the DagBag from /Library/Frameworks/Python.framework/Versions/3.8/lib/python3.8/site-packages/airflow/example_dags/example_task_group.py
[2024-11-28T12:05:24.555-0600] {processor.py:925} INFO - DAG(s) 'example_task_group' retrieved from /Library/Frameworks/Python.framework/Versions/3.8/lib/python3.8/site-packages/airflow/example_dags/example_task_group.py
[2024-11-28T12:05:24.592-0600] {logging_mixin.py:190} INFO - [2024-11-28T12:05:24.592-0600] {dag.py:3239} INFO - Sync 1 DAGs
[2024-11-28T12:05:24.597-0600] {logging_mixin.py:190} INFO - [2024-11-28T12:05:24.596-0600] {dag.py:4180} INFO - Setting next_dagrun for example_task_group to None, run_after=None
[2024-11-28T12:05:24.602-0600] {processor.py:208} INFO - Processing /Library/Frameworks/Python.framework/Versions/3.8/lib/python3.8/site-packages/airflow/example_dags/example_task_group.py took 0.052 seconds
[2024-11-28T12:06:29.608-0600] {processor.py:186} INFO - Started process (PID=36688) to work on /Library/Frameworks/Python.framework/Versions/3.8/lib/python3.8/site-packages/airflow/example_dags/example_task_group.py
[2024-11-28T12:06:29.608-0600] {processor.py:914} INFO - Processing file /Library/Frameworks/Python.framework/Versions/3.8/lib/python3.8/site-packages/airflow/example_dags/example_task_group.py for tasks to queue
[2024-11-28T12:06:29.609-0600] {logging_mixin.py:190} INFO - [2024-11-28T12:06:29.608-0600] {dagbag.py:588} INFO - Filling up the DagBag from /Library/Frameworks/Python.framework/Versions/3.8/lib/python3.8/site-packages/airflow/example_dags/example_task_group.py
[2024-11-28T12:06:29.611-0600] {processor.py:925} INFO - DAG(s) 'example_task_group' retrieved from /Library/Frameworks/Python.framework/Versions/3.8/lib/python3.8/site-packages/airflow/example_dags/example_task_group.py
[2024-11-28T12:06:29.646-0600] {logging_mixin.py:190} INFO - [2024-11-28T12:06:29.646-0600] {dag.py:3239} INFO - Sync 1 DAGs
[2024-11-28T12:06:29.650-0600] {logging_mixin.py:190} INFO - [2024-11-28T12:06:29.650-0600] {dag.py:4180} INFO - Setting next_dagrun for example_task_group to None, run_after=None
[2024-11-28T12:06:29.656-0600] {processor.py:208} INFO - Processing /Library/Frameworks/Python.framework/Versions/3.8/lib/python3.8/site-packages/airflow/example_dags/example_task_group.py took 0.049 seconds
[2024-11-28T12:07:32.651-0600] {processor.py:186} INFO - Started process (PID=36809) to work on /Library/Frameworks/Python.framework/Versions/3.8/lib/python3.8/site-packages/airflow/example_dags/example_task_group.py
[2024-11-28T12:07:32.652-0600] {processor.py:914} INFO - Processing file /Library/Frameworks/Python.framework/Versions/3.8/lib/python3.8/site-packages/airflow/example_dags/example_task_group.py for tasks to queue
[2024-11-28T12:07:32.653-0600] {logging_mixin.py:190} INFO - [2024-11-28T12:07:32.653-0600] {dagbag.py:588} INFO - Filling up the DagBag from /Library/Frameworks/Python.framework/Versions/3.8/lib/python3.8/site-packages/airflow/example_dags/example_task_group.py
[2024-11-28T12:07:32.656-0600] {processor.py:925} INFO - DAG(s) 'example_task_group' retrieved from /Library/Frameworks/Python.framework/Versions/3.8/lib/python3.8/site-packages/airflow/example_dags/example_task_group.py
[2024-11-28T12:07:32.693-0600] {logging_mixin.py:190} INFO - [2024-11-28T12:07:32.693-0600] {dag.py:3239} INFO - Sync 1 DAGs
[2024-11-28T12:07:32.697-0600] {logging_mixin.py:190} INFO - [2024-11-28T12:07:32.697-0600] {dag.py:4180} INFO - Setting next_dagrun for example_task_group to None, run_after=None
[2024-11-28T12:07:32.702-0600] {processor.py:208} INFO - Processing /Library/Frameworks/Python.framework/Versions/3.8/lib/python3.8/site-packages/airflow/example_dags/example_task_group.py took 0.052 seconds
[2024-11-28T12:08:38.714-0600] {processor.py:186} INFO - Started process (PID=36927) to work on /Library/Frameworks/Python.framework/Versions/3.8/lib/python3.8/site-packages/airflow/example_dags/example_task_group.py
[2024-11-28T12:08:38.715-0600] {processor.py:914} INFO - Processing file /Library/Frameworks/Python.framework/Versions/3.8/lib/python3.8/site-packages/airflow/example_dags/example_task_group.py for tasks to queue
[2024-11-28T12:08:38.716-0600] {logging_mixin.py:190} INFO - [2024-11-28T12:08:38.715-0600] {dagbag.py:588} INFO - Filling up the DagBag from /Library/Frameworks/Python.framework/Versions/3.8/lib/python3.8/site-packages/airflow/example_dags/example_task_group.py
[2024-11-28T12:08:38.719-0600] {processor.py:925} INFO - DAG(s) 'example_task_group' retrieved from /Library/Frameworks/Python.framework/Versions/3.8/lib/python3.8/site-packages/airflow/example_dags/example_task_group.py
[2024-11-28T12:08:38.754-0600] {logging_mixin.py:190} INFO - [2024-11-28T12:08:38.754-0600] {dag.py:3239} INFO - Sync 1 DAGs
[2024-11-28T12:08:38.758-0600] {logging_mixin.py:190} INFO - [2024-11-28T12:08:38.758-0600] {dag.py:4180} INFO - Setting next_dagrun for example_task_group to None, run_after=None
[2024-11-28T12:08:38.763-0600] {processor.py:208} INFO - Processing /Library/Frameworks/Python.framework/Versions/3.8/lib/python3.8/site-packages/airflow/example_dags/example_task_group.py took 0.050 seconds
[2024-11-28T12:09:50.158-0600] {processor.py:186} INFO - Started process (PID=37057) to work on /Library/Frameworks/Python.framework/Versions/3.8/lib/python3.8/site-packages/airflow/example_dags/example_task_group.py
[2024-11-28T12:09:50.159-0600] {processor.py:914} INFO - Processing file /Library/Frameworks/Python.framework/Versions/3.8/lib/python3.8/site-packages/airflow/example_dags/example_task_group.py for tasks to queue
[2024-11-28T12:09:50.159-0600] {logging_mixin.py:190} INFO - [2024-11-28T12:09:50.159-0600] {dagbag.py:588} INFO - Filling up the DagBag from /Library/Frameworks/Python.framework/Versions/3.8/lib/python3.8/site-packages/airflow/example_dags/example_task_group.py
[2024-11-28T12:09:50.162-0600] {processor.py:925} INFO - DAG(s) 'example_task_group' retrieved from /Library/Frameworks/Python.framework/Versions/3.8/lib/python3.8/site-packages/airflow/example_dags/example_task_group.py
[2024-11-28T12:09:50.199-0600] {logging_mixin.py:190} INFO - [2024-11-28T12:09:50.199-0600] {dag.py:3239} INFO - Sync 1 DAGs
[2024-11-28T12:09:50.203-0600] {logging_mixin.py:190} INFO - [2024-11-28T12:09:50.203-0600] {dag.py:4180} INFO - Setting next_dagrun for example_task_group to None, run_after=None
[2024-11-28T12:09:50.208-0600] {processor.py:208} INFO - Processing /Library/Frameworks/Python.framework/Versions/3.8/lib/python3.8/site-packages/airflow/example_dags/example_task_group.py took 0.052 seconds
[2024-11-28T12:10:59.283-0600] {processor.py:186} INFO - Started process (PID=37207) to work on /Library/Frameworks/Python.framework/Versions/3.8/lib/python3.8/site-packages/airflow/example_dags/example_task_group.py
[2024-11-28T12:10:59.284-0600] {processor.py:914} INFO - Processing file /Library/Frameworks/Python.framework/Versions/3.8/lib/python3.8/site-packages/airflow/example_dags/example_task_group.py for tasks to queue
[2024-11-28T12:10:59.285-0600] {logging_mixin.py:190} INFO - [2024-11-28T12:10:59.285-0600] {dagbag.py:588} INFO - Filling up the DagBag from /Library/Frameworks/Python.framework/Versions/3.8/lib/python3.8/site-packages/airflow/example_dags/example_task_group.py
[2024-11-28T12:10:59.288-0600] {processor.py:925} INFO - DAG(s) 'example_task_group' retrieved from /Library/Frameworks/Python.framework/Versions/3.8/lib/python3.8/site-packages/airflow/example_dags/example_task_group.py
[2024-11-28T12:10:59.324-0600] {logging_mixin.py:190} INFO - [2024-11-28T12:10:59.323-0600] {dag.py:3239} INFO - Sync 1 DAGs
[2024-11-28T12:10:59.328-0600] {logging_mixin.py:190} INFO - [2024-11-28T12:10:59.327-0600] {dag.py:4180} INFO - Setting next_dagrun for example_task_group to None, run_after=None
[2024-11-28T12:10:59.333-0600] {processor.py:208} INFO - Processing /Library/Frameworks/Python.framework/Versions/3.8/lib/python3.8/site-packages/airflow/example_dags/example_task_group.py took 0.051 seconds
