[2024-11-28T11:48:01.189-0600] {processor.py:186} INFO - Started process (PID=34534) to work on /Library/Frameworks/Python.framework/Versions/3.8/lib/python3.8/site-packages/airflow/example_dags/example_branch_labels.py
[2024-11-28T11:48:01.190-0600] {processor.py:914} INFO - Processing file /Library/Frameworks/Python.framework/Versions/3.8/lib/python3.8/site-packages/airflow/example_dags/example_branch_labels.py for tasks to queue
[2024-11-28T11:48:01.190-0600] {logging_mixin.py:190} INFO - [2024-11-28T11:48:01.190-0600] {dagbag.py:588} INFO - Filling up the DagBag from /Library/Frameworks/Python.framework/Versions/3.8/lib/python3.8/site-packages/airflow/example_dags/example_branch_labels.py
[2024-11-28T11:48:01.193-0600] {processor.py:925} INFO - DAG(s) 'example_branch_labels' retrieved from /Library/Frameworks/Python.framework/Versions/3.8/lib/python3.8/site-packages/airflow/example_dags/example_branch_labels.py
[2024-11-28T11:48:01.229-0600] {logging_mixin.py:190} INFO - [2024-11-28T11:48:01.228-0600] {dag.py:3239} INFO - Sync 1 DAGs
[2024-11-28T11:48:01.235-0600] {logging_mixin.py:190} INFO - [2024-11-28T11:48:01.235-0600] {dag.py:4180} INFO - Setting next_dagrun for example_branch_labels to 2024-11-27 00:00:00+00:00, run_after=2024-11-28 00:00:00+00:00
[2024-11-28T11:48:01.240-0600] {processor.py:208} INFO - Processing /Library/Frameworks/Python.framework/Versions/3.8/lib/python3.8/site-packages/airflow/example_dags/example_branch_labels.py took 0.052 seconds
[2024-11-28T11:50:16.401-0600] {processor.py:186} INFO - Started process (PID=34803) to work on /Library/Frameworks/Python.framework/Versions/3.8/lib/python3.8/site-packages/airflow/example_dags/example_branch_labels.py
[2024-11-28T11:50:16.402-0600] {processor.py:914} INFO - Processing file /Library/Frameworks/Python.framework/Versions/3.8/lib/python3.8/site-packages/airflow/example_dags/example_branch_labels.py for tasks to queue
[2024-11-28T11:50:16.402-0600] {logging_mixin.py:190} INFO - [2024-11-28T11:50:16.402-0600] {dagbag.py:588} INFO - Filling up the DagBag from /Library/Frameworks/Python.framework/Versions/3.8/lib/python3.8/site-packages/airflow/example_dags/example_branch_labels.py
[2024-11-28T11:50:16.406-0600] {processor.py:925} INFO - DAG(s) 'example_branch_labels' retrieved from /Library/Frameworks/Python.framework/Versions/3.8/lib/python3.8/site-packages/airflow/example_dags/example_branch_labels.py
[2024-11-28T11:50:16.442-0600] {logging_mixin.py:190} INFO - [2024-11-28T11:50:16.442-0600] {dag.py:3239} INFO - Sync 1 DAGs
[2024-11-28T11:50:16.449-0600] {logging_mixin.py:190} INFO - [2024-11-28T11:50:16.448-0600] {dag.py:4180} INFO - Setting next_dagrun for example_branch_labels to 2024-11-27 00:00:00+00:00, run_after=2024-11-28 00:00:00+00:00
[2024-11-28T11:50:16.454-0600] {processor.py:208} INFO - Processing /Library/Frameworks/Python.framework/Versions/3.8/lib/python3.8/site-packages/airflow/example_dags/example_branch_labels.py took 0.054 seconds
[2024-11-28T11:52:29.821-0600] {processor.py:186} INFO - Started process (PID=35054) to work on /Library/Frameworks/Python.framework/Versions/3.8/lib/python3.8/site-packages/airflow/example_dags/example_branch_labels.py
[2024-11-28T11:52:29.821-0600] {processor.py:914} INFO - Processing file /Library/Frameworks/Python.framework/Versions/3.8/lib/python3.8/site-packages/airflow/example_dags/example_branch_labels.py for tasks to queue
[2024-11-28T11:52:29.822-0600] {logging_mixin.py:190} INFO - [2024-11-28T11:52:29.822-0600] {dagbag.py:588} INFO - Filling up the DagBag from /Library/Frameworks/Python.framework/Versions/3.8/lib/python3.8/site-packages/airflow/example_dags/example_branch_labels.py
[2024-11-28T11:52:29.825-0600] {processor.py:925} INFO - DAG(s) 'example_branch_labels' retrieved from /Library/Frameworks/Python.framework/Versions/3.8/lib/python3.8/site-packages/airflow/example_dags/example_branch_labels.py
[2024-11-28T11:52:29.859-0600] {logging_mixin.py:190} INFO - [2024-11-28T11:52:29.858-0600] {dag.py:3239} INFO - Sync 1 DAGs
[2024-11-28T11:52:29.865-0600] {logging_mixin.py:190} INFO - [2024-11-28T11:52:29.865-0600] {dag.py:4180} INFO - Setting next_dagrun for example_branch_labels to 2024-11-27 00:00:00+00:00, run_after=2024-11-28 00:00:00+00:00
[2024-11-28T11:52:29.869-0600] {processor.py:208} INFO - Processing /Library/Frameworks/Python.framework/Versions/3.8/lib/python3.8/site-packages/airflow/example_dags/example_branch_labels.py took 0.050 seconds
[2024-11-28T11:54:40.204-0600] {processor.py:186} INFO - Started process (PID=35350) to work on /Library/Frameworks/Python.framework/Versions/3.8/lib/python3.8/site-packages/airflow/example_dags/example_branch_labels.py
[2024-11-28T11:54:40.205-0600] {processor.py:914} INFO - Processing file /Library/Frameworks/Python.framework/Versions/3.8/lib/python3.8/site-packages/airflow/example_dags/example_branch_labels.py for tasks to queue
[2024-11-28T11:54:40.206-0600] {logging_mixin.py:190} INFO - [2024-11-28T11:54:40.206-0600] {dagbag.py:588} INFO - Filling up the DagBag from /Library/Frameworks/Python.framework/Versions/3.8/lib/python3.8/site-packages/airflow/example_dags/example_branch_labels.py
[2024-11-28T11:54:40.209-0600] {processor.py:925} INFO - DAG(s) 'example_branch_labels' retrieved from /Library/Frameworks/Python.framework/Versions/3.8/lib/python3.8/site-packages/airflow/example_dags/example_branch_labels.py
[2024-11-28T11:54:40.244-0600] {logging_mixin.py:190} INFO - [2024-11-28T11:54:40.244-0600] {dag.py:3239} INFO - Sync 1 DAGs
[2024-11-28T11:54:40.250-0600] {logging_mixin.py:190} INFO - [2024-11-28T11:54:40.250-0600] {dag.py:4180} INFO - Setting next_dagrun for example_branch_labels to 2024-11-27 00:00:00+00:00, run_after=2024-11-28 00:00:00+00:00
[2024-11-28T11:54:40.255-0600] {processor.py:208} INFO - Processing /Library/Frameworks/Python.framework/Versions/3.8/lib/python3.8/site-packages/airflow/example_dags/example_branch_labels.py took 0.052 seconds
[2024-11-28T11:56:54.632-0600] {processor.py:186} INFO - Started process (PID=35609) to work on /Library/Frameworks/Python.framework/Versions/3.8/lib/python3.8/site-packages/airflow/example_dags/example_branch_labels.py
[2024-11-28T11:56:54.632-0600] {processor.py:914} INFO - Processing file /Library/Frameworks/Python.framework/Versions/3.8/lib/python3.8/site-packages/airflow/example_dags/example_branch_labels.py for tasks to queue
[2024-11-28T11:56:54.633-0600] {logging_mixin.py:190} INFO - [2024-11-28T11:56:54.633-0600] {dagbag.py:588} INFO - Filling up the DagBag from /Library/Frameworks/Python.framework/Versions/3.8/lib/python3.8/site-packages/airflow/example_dags/example_branch_labels.py
[2024-11-28T11:56:54.637-0600] {processor.py:925} INFO - DAG(s) 'example_branch_labels' retrieved from /Library/Frameworks/Python.framework/Versions/3.8/lib/python3.8/site-packages/airflow/example_dags/example_branch_labels.py
[2024-11-28T11:56:54.672-0600] {logging_mixin.py:190} INFO - [2024-11-28T11:56:54.672-0600] {dag.py:3239} INFO - Sync 1 DAGs
[2024-11-28T11:56:54.679-0600] {logging_mixin.py:190} INFO - [2024-11-28T11:56:54.679-0600] {dag.py:4180} INFO - Setting next_dagrun for example_branch_labels to 2024-11-27 00:00:00+00:00, run_after=2024-11-28 00:00:00+00:00
[2024-11-28T11:56:54.684-0600] {processor.py:208} INFO - Processing /Library/Frameworks/Python.framework/Versions/3.8/lib/python3.8/site-packages/airflow/example_dags/example_branch_labels.py took 0.053 seconds
[2024-11-28T11:59:09.106-0600] {processor.py:186} INFO - Started process (PID=35857) to work on /Library/Frameworks/Python.framework/Versions/3.8/lib/python3.8/site-packages/airflow/example_dags/example_branch_labels.py
[2024-11-28T11:59:09.107-0600] {processor.py:914} INFO - Processing file /Library/Frameworks/Python.framework/Versions/3.8/lib/python3.8/site-packages/airflow/example_dags/example_branch_labels.py for tasks to queue
[2024-11-28T11:59:09.107-0600] {logging_mixin.py:190} INFO - [2024-11-28T11:59:09.107-0600] {dagbag.py:588} INFO - Filling up the DagBag from /Library/Frameworks/Python.framework/Versions/3.8/lib/python3.8/site-packages/airflow/example_dags/example_branch_labels.py
[2024-11-28T11:59:09.110-0600] {processor.py:925} INFO - DAG(s) 'example_branch_labels' retrieved from /Library/Frameworks/Python.framework/Versions/3.8/lib/python3.8/site-packages/airflow/example_dags/example_branch_labels.py
[2024-11-28T11:59:09.144-0600] {logging_mixin.py:190} INFO - [2024-11-28T11:59:09.144-0600] {dag.py:3239} INFO - Sync 1 DAGs
[2024-11-28T11:59:09.150-0600] {logging_mixin.py:190} INFO - [2024-11-28T11:59:09.150-0600] {dag.py:4180} INFO - Setting next_dagrun for example_branch_labels to 2024-11-27 00:00:00+00:00, run_after=2024-11-28 00:00:00+00:00
[2024-11-28T11:59:09.155-0600] {processor.py:208} INFO - Processing /Library/Frameworks/Python.framework/Versions/3.8/lib/python3.8/site-packages/airflow/example_dags/example_branch_labels.py took 0.050 seconds
[2024-11-28T12:01:25.968-0600] {processor.py:186} INFO - Started process (PID=36115) to work on /Library/Frameworks/Python.framework/Versions/3.8/lib/python3.8/site-packages/airflow/example_dags/example_branch_labels.py
[2024-11-28T12:01:25.970-0600] {processor.py:914} INFO - Processing file /Library/Frameworks/Python.framework/Versions/3.8/lib/python3.8/site-packages/airflow/example_dags/example_branch_labels.py for tasks to queue
[2024-11-28T12:01:25.970-0600] {logging_mixin.py:190} INFO - [2024-11-28T12:01:25.970-0600] {dagbag.py:588} INFO - Filling up the DagBag from /Library/Frameworks/Python.framework/Versions/3.8/lib/python3.8/site-packages/airflow/example_dags/example_branch_labels.py
[2024-11-28T12:01:25.973-0600] {processor.py:925} INFO - DAG(s) 'example_branch_labels' retrieved from /Library/Frameworks/Python.framework/Versions/3.8/lib/python3.8/site-packages/airflow/example_dags/example_branch_labels.py
[2024-11-28T12:01:26.008-0600] {logging_mixin.py:190} INFO - [2024-11-28T12:01:26.007-0600] {dag.py:3239} INFO - Sync 1 DAGs
[2024-11-28T12:01:26.014-0600] {logging_mixin.py:190} INFO - [2024-11-28T12:01:26.014-0600] {dag.py:4180} INFO - Setting next_dagrun for example_branch_labels to 2024-11-27 00:00:00+00:00, run_after=2024-11-28 00:00:00+00:00
[2024-11-28T12:01:26.019-0600] {processor.py:208} INFO - Processing /Library/Frameworks/Python.framework/Versions/3.8/lib/python3.8/site-packages/airflow/example_dags/example_branch_labels.py took 0.052 seconds
[2024-11-28T12:03:36.887-0600] {processor.py:186} INFO - Started process (PID=36361) to work on /Library/Frameworks/Python.framework/Versions/3.8/lib/python3.8/site-packages/airflow/example_dags/example_branch_labels.py
[2024-11-28T12:03:36.888-0600] {processor.py:914} INFO - Processing file /Library/Frameworks/Python.framework/Versions/3.8/lib/python3.8/site-packages/airflow/example_dags/example_branch_labels.py for tasks to queue
[2024-11-28T12:03:36.888-0600] {logging_mixin.py:190} INFO - [2024-11-28T12:03:36.888-0600] {dagbag.py:588} INFO - Filling up the DagBag from /Library/Frameworks/Python.framework/Versions/3.8/lib/python3.8/site-packages/airflow/example_dags/example_branch_labels.py
[2024-11-28T12:03:36.892-0600] {processor.py:925} INFO - DAG(s) 'example_branch_labels' retrieved from /Library/Frameworks/Python.framework/Versions/3.8/lib/python3.8/site-packages/airflow/example_dags/example_branch_labels.py
[2024-11-28T12:03:36.927-0600] {logging_mixin.py:190} INFO - [2024-11-28T12:03:36.927-0600] {dag.py:3239} INFO - Sync 1 DAGs
[2024-11-28T12:03:36.934-0600] {logging_mixin.py:190} INFO - [2024-11-28T12:03:36.933-0600] {dag.py:4180} INFO - Setting next_dagrun for example_branch_labels to 2024-11-27 00:00:00+00:00, run_after=2024-11-28 00:00:00+00:00
[2024-11-28T12:03:36.941-0600] {processor.py:208} INFO - Processing /Library/Frameworks/Python.framework/Versions/3.8/lib/python3.8/site-packages/airflow/example_dags/example_branch_labels.py took 0.055 seconds
[2024-11-28T12:05:50.634-0600] {processor.py:186} INFO - Started process (PID=36615) to work on /Library/Frameworks/Python.framework/Versions/3.8/lib/python3.8/site-packages/airflow/example_dags/example_branch_labels.py
[2024-11-28T12:05:50.635-0600] {processor.py:914} INFO - Processing file /Library/Frameworks/Python.framework/Versions/3.8/lib/python3.8/site-packages/airflow/example_dags/example_branch_labels.py for tasks to queue
[2024-11-28T12:05:50.636-0600] {logging_mixin.py:190} INFO - [2024-11-28T12:05:50.635-0600] {dagbag.py:588} INFO - Filling up the DagBag from /Library/Frameworks/Python.framework/Versions/3.8/lib/python3.8/site-packages/airflow/example_dags/example_branch_labels.py
[2024-11-28T12:05:50.638-0600] {processor.py:925} INFO - DAG(s) 'example_branch_labels' retrieved from /Library/Frameworks/Python.framework/Versions/3.8/lib/python3.8/site-packages/airflow/example_dags/example_branch_labels.py
[2024-11-28T12:05:50.673-0600] {logging_mixin.py:190} INFO - [2024-11-28T12:05:50.673-0600] {dag.py:3239} INFO - Sync 1 DAGs
[2024-11-28T12:05:50.680-0600] {logging_mixin.py:190} INFO - [2024-11-28T12:05:50.680-0600] {dag.py:4180} INFO - Setting next_dagrun for example_branch_labels to 2024-11-27 00:00:00+00:00, run_after=2024-11-28 00:00:00+00:00
[2024-11-28T12:05:50.685-0600] {processor.py:208} INFO - Processing /Library/Frameworks/Python.framework/Versions/3.8/lib/python3.8/site-packages/airflow/example_dags/example_branch_labels.py took 0.052 seconds
[2024-11-28T12:07:59.141-0600] {processor.py:186} INFO - Started process (PID=36854) to work on /Library/Frameworks/Python.framework/Versions/3.8/lib/python3.8/site-packages/airflow/example_dags/example_branch_labels.py
[2024-11-28T12:07:59.142-0600] {processor.py:914} INFO - Processing file /Library/Frameworks/Python.framework/Versions/3.8/lib/python3.8/site-packages/airflow/example_dags/example_branch_labels.py for tasks to queue
[2024-11-28T12:07:59.142-0600] {logging_mixin.py:190} INFO - [2024-11-28T12:07:59.142-0600] {dagbag.py:588} INFO - Filling up the DagBag from /Library/Frameworks/Python.framework/Versions/3.8/lib/python3.8/site-packages/airflow/example_dags/example_branch_labels.py
[2024-11-28T12:07:59.145-0600] {processor.py:925} INFO - DAG(s) 'example_branch_labels' retrieved from /Library/Frameworks/Python.framework/Versions/3.8/lib/python3.8/site-packages/airflow/example_dags/example_branch_labels.py
[2024-11-28T12:07:59.180-0600] {logging_mixin.py:190} INFO - [2024-11-28T12:07:59.180-0600] {dag.py:3239} INFO - Sync 1 DAGs
[2024-11-28T12:07:59.186-0600] {logging_mixin.py:190} INFO - [2024-11-28T12:07:59.186-0600] {dag.py:4180} INFO - Setting next_dagrun for example_branch_labels to 2024-11-27 00:00:00+00:00, run_after=2024-11-28 00:00:00+00:00
[2024-11-28T12:07:59.191-0600] {processor.py:208} INFO - Processing /Library/Frameworks/Python.framework/Versions/3.8/lib/python3.8/site-packages/airflow/example_dags/example_branch_labels.py took 0.052 seconds
[2024-11-28T12:10:19.703-0600] {processor.py:186} INFO - Started process (PID=37111) to work on /Library/Frameworks/Python.framework/Versions/3.8/lib/python3.8/site-packages/airflow/example_dags/example_branch_labels.py
[2024-11-28T12:10:19.704-0600] {processor.py:914} INFO - Processing file /Library/Frameworks/Python.framework/Versions/3.8/lib/python3.8/site-packages/airflow/example_dags/example_branch_labels.py for tasks to queue
[2024-11-28T12:10:19.705-0600] {logging_mixin.py:190} INFO - [2024-11-28T12:10:19.705-0600] {dagbag.py:588} INFO - Filling up the DagBag from /Library/Frameworks/Python.framework/Versions/3.8/lib/python3.8/site-packages/airflow/example_dags/example_branch_labels.py
[2024-11-28T12:10:19.708-0600] {processor.py:925} INFO - DAG(s) 'example_branch_labels' retrieved from /Library/Frameworks/Python.framework/Versions/3.8/lib/python3.8/site-packages/airflow/example_dags/example_branch_labels.py
[2024-11-28T12:10:19.743-0600] {logging_mixin.py:190} INFO - [2024-11-28T12:10:19.743-0600] {dag.py:3239} INFO - Sync 1 DAGs
[2024-11-28T12:10:19.749-0600] {logging_mixin.py:190} INFO - [2024-11-28T12:10:19.749-0600] {dag.py:4180} INFO - Setting next_dagrun for example_branch_labels to 2024-11-27 00:00:00+00:00, run_after=2024-11-28 00:00:00+00:00
[2024-11-28T12:10:19.754-0600] {processor.py:208} INFO - Processing /Library/Frameworks/Python.framework/Versions/3.8/lib/python3.8/site-packages/airflow/example_dags/example_branch_labels.py took 0.053 seconds
