[2024-11-28T11:47:46.679-0600] {processor.py:186} INFO - Started process (PID=34509) to work on /Library/Frameworks/Python.framework/Versions/3.8/lib/python3.8/site-packages/airflow/example_dags/example_datasets.py
[2024-11-28T11:47:46.679-0600] {processor.py:914} INFO - Processing file /Library/Frameworks/Python.framework/Versions/3.8/lib/python3.8/site-packages/airflow/example_dags/example_datasets.py for tasks to queue
[2024-11-28T11:47:46.679-0600] {logging_mixin.py:190} INFO - [2024-11-28T11:47:46.679-0600] {dagbag.py:588} INFO - Filling up the DagBag from /Library/Frameworks/Python.framework/Versions/3.8/lib/python3.8/site-packages/airflow/example_dags/example_datasets.py
[2024-11-28T11:47:46.693-0600] {processor.py:925} INFO - DAG(s) 'consume_1_or_2_with_dataset_expressions', 'dataset_produces_1', 'consume_1_and_2_with_dataset_expressions', 'dataset_consumes_1_and_2', 'conditional_dataset_and_time_based_timetable', 'dataset_consumes_1', 'dataset_produces_2', 'consume_1_or_both_2_and_3_with_dataset_expressions', 'dataset_consumes_unknown_never_scheduled', 'dataset_consumes_1_never_scheduled' retrieved from /Library/Frameworks/Python.framework/Versions/3.8/lib/python3.8/site-packages/airflow/example_dags/example_datasets.py
[2024-11-28T11:47:46.734-0600] {logging_mixin.py:190} INFO - [2024-11-28T11:47:46.734-0600] {dag.py:3239} INFO - Sync 10 DAGs
[2024-11-28T11:47:46.740-0600] {logging_mixin.py:190} INFO - [2024-11-28T11:47:46.740-0600] {dag.py:4180} INFO - Setting next_dagrun for conditional_dataset_and_time_based_timetable to 2024-11-27 01:00:00+00:00, run_after=2024-11-27 01:00:00+00:00
[2024-11-28T11:47:46.741-0600] {logging_mixin.py:190} INFO - [2024-11-28T11:47:46.741-0600] {dag.py:4180} INFO - Setting next_dagrun for consume_1_and_2_with_dataset_expressions to None, run_after=None
[2024-11-28T11:47:46.741-0600] {logging_mixin.py:190} INFO - [2024-11-28T11:47:46.741-0600] {dag.py:4180} INFO - Setting next_dagrun for consume_1_or_2_with_dataset_expressions to None, run_after=None
[2024-11-28T11:47:46.742-0600] {logging_mixin.py:190} INFO - [2024-11-28T11:47:46.742-0600] {dag.py:4180} INFO - Setting next_dagrun for consume_1_or_both_2_and_3_with_dataset_expressions to None, run_after=None
[2024-11-28T11:47:46.742-0600] {logging_mixin.py:190} INFO - [2024-11-28T11:47:46.742-0600] {dag.py:4180} INFO - Setting next_dagrun for dataset_consumes_1 to None, run_after=None
[2024-11-28T11:47:46.742-0600] {logging_mixin.py:190} INFO - [2024-11-28T11:47:46.742-0600] {dag.py:4180} INFO - Setting next_dagrun for dataset_consumes_1_and_2 to None, run_after=None
[2024-11-28T11:47:46.742-0600] {logging_mixin.py:190} INFO - [2024-11-28T11:47:46.742-0600] {dag.py:4180} INFO - Setting next_dagrun for dataset_consumes_1_never_scheduled to None, run_after=None
[2024-11-28T11:47:46.743-0600] {logging_mixin.py:190} INFO - [2024-11-28T11:47:46.743-0600] {dag.py:4180} INFO - Setting next_dagrun for dataset_consumes_unknown_never_scheduled to None, run_after=None
[2024-11-28T11:47:46.743-0600] {logging_mixin.py:190} INFO - [2024-11-28T11:47:46.743-0600] {dag.py:4180} INFO - Setting next_dagrun for dataset_produces_1 to 2024-11-27 00:00:00+00:00, run_after=2024-11-28 00:00:00+00:00
[2024-11-28T11:47:46.744-0600] {logging_mixin.py:190} INFO - [2024-11-28T11:47:46.744-0600] {dag.py:4180} INFO - Setting next_dagrun for dataset_produces_2 to None, run_after=None
[2024-11-28T11:47:46.753-0600] {processor.py:208} INFO - Processing /Library/Frameworks/Python.framework/Versions/3.8/lib/python3.8/site-packages/airflow/example_dags/example_datasets.py took 0.076 seconds
[2024-11-28T11:50:03.225-0600] {processor.py:186} INFO - Started process (PID=34778) to work on /Library/Frameworks/Python.framework/Versions/3.8/lib/python3.8/site-packages/airflow/example_dags/example_datasets.py
[2024-11-28T11:50:03.225-0600] {processor.py:914} INFO - Processing file /Library/Frameworks/Python.framework/Versions/3.8/lib/python3.8/site-packages/airflow/example_dags/example_datasets.py for tasks to queue
[2024-11-28T11:50:03.225-0600] {logging_mixin.py:190} INFO - [2024-11-28T11:50:03.225-0600] {dagbag.py:588} INFO - Filling up the DagBag from /Library/Frameworks/Python.framework/Versions/3.8/lib/python3.8/site-packages/airflow/example_dags/example_datasets.py
[2024-11-28T11:50:03.241-0600] {processor.py:925} INFO - DAG(s) 'consume_1_or_2_with_dataset_expressions', 'consume_1_or_both_2_and_3_with_dataset_expressions', 'dataset_produces_2', 'dataset_produces_1', 'dataset_consumes_1_never_scheduled', 'dataset_consumes_unknown_never_scheduled', 'dataset_consumes_1', 'dataset_consumes_1_and_2', 'conditional_dataset_and_time_based_timetable', 'consume_1_and_2_with_dataset_expressions' retrieved from /Library/Frameworks/Python.framework/Versions/3.8/lib/python3.8/site-packages/airflow/example_dags/example_datasets.py
[2024-11-28T11:50:03.282-0600] {logging_mixin.py:190} INFO - [2024-11-28T11:50:03.282-0600] {dag.py:3239} INFO - Sync 10 DAGs
[2024-11-28T11:50:03.289-0600] {logging_mixin.py:190} INFO - [2024-11-28T11:50:03.289-0600] {dag.py:4180} INFO - Setting next_dagrun for conditional_dataset_and_time_based_timetable to 2024-11-27 01:00:00+00:00, run_after=2024-11-27 01:00:00+00:00
[2024-11-28T11:50:03.290-0600] {logging_mixin.py:190} INFO - [2024-11-28T11:50:03.290-0600] {dag.py:4180} INFO - Setting next_dagrun for consume_1_and_2_with_dataset_expressions to None, run_after=None
[2024-11-28T11:50:03.290-0600] {logging_mixin.py:190} INFO - [2024-11-28T11:50:03.290-0600] {dag.py:4180} INFO - Setting next_dagrun for consume_1_or_2_with_dataset_expressions to None, run_after=None
[2024-11-28T11:50:03.291-0600] {logging_mixin.py:190} INFO - [2024-11-28T11:50:03.291-0600] {dag.py:4180} INFO - Setting next_dagrun for consume_1_or_both_2_and_3_with_dataset_expressions to None, run_after=None
[2024-11-28T11:50:03.291-0600] {logging_mixin.py:190} INFO - [2024-11-28T11:50:03.291-0600] {dag.py:4180} INFO - Setting next_dagrun for dataset_consumes_1 to None, run_after=None
[2024-11-28T11:50:03.291-0600] {logging_mixin.py:190} INFO - [2024-11-28T11:50:03.291-0600] {dag.py:4180} INFO - Setting next_dagrun for dataset_consumes_1_and_2 to None, run_after=None
[2024-11-28T11:50:03.291-0600] {logging_mixin.py:190} INFO - [2024-11-28T11:50:03.291-0600] {dag.py:4180} INFO - Setting next_dagrun for dataset_consumes_1_never_scheduled to None, run_after=None
[2024-11-28T11:50:03.292-0600] {logging_mixin.py:190} INFO - [2024-11-28T11:50:03.292-0600] {dag.py:4180} INFO - Setting next_dagrun for dataset_consumes_unknown_never_scheduled to None, run_after=None
[2024-11-28T11:50:03.292-0600] {logging_mixin.py:190} INFO - [2024-11-28T11:50:03.292-0600] {dag.py:4180} INFO - Setting next_dagrun for dataset_produces_1 to 2024-11-27 00:00:00+00:00, run_after=2024-11-28 00:00:00+00:00
[2024-11-28T11:50:03.293-0600] {logging_mixin.py:190} INFO - [2024-11-28T11:50:03.293-0600] {dag.py:4180} INFO - Setting next_dagrun for dataset_produces_2 to None, run_after=None
[2024-11-28T11:50:03.301-0600] {processor.py:208} INFO - Processing /Library/Frameworks/Python.framework/Versions/3.8/lib/python3.8/site-packages/airflow/example_dags/example_datasets.py took 0.078 seconds
[2024-11-28T11:52:15.459-0600] {processor.py:186} INFO - Started process (PID=35030) to work on /Library/Frameworks/Python.framework/Versions/3.8/lib/python3.8/site-packages/airflow/example_dags/example_datasets.py
[2024-11-28T11:52:15.459-0600] {processor.py:914} INFO - Processing file /Library/Frameworks/Python.framework/Versions/3.8/lib/python3.8/site-packages/airflow/example_dags/example_datasets.py for tasks to queue
[2024-11-28T11:52:15.460-0600] {logging_mixin.py:190} INFO - [2024-11-28T11:52:15.460-0600] {dagbag.py:588} INFO - Filling up the DagBag from /Library/Frameworks/Python.framework/Versions/3.8/lib/python3.8/site-packages/airflow/example_dags/example_datasets.py
[2024-11-28T11:52:15.474-0600] {processor.py:925} INFO - DAG(s) 'dataset_consumes_1_and_2', 'dataset_consumes_1', 'consume_1_and_2_with_dataset_expressions', 'dataset_consumes_unknown_never_scheduled', 'conditional_dataset_and_time_based_timetable', 'consume_1_or_2_with_dataset_expressions', 'consume_1_or_both_2_and_3_with_dataset_expressions', 'dataset_produces_1', 'dataset_consumes_1_never_scheduled', 'dataset_produces_2' retrieved from /Library/Frameworks/Python.framework/Versions/3.8/lib/python3.8/site-packages/airflow/example_dags/example_datasets.py
[2024-11-28T11:52:15.516-0600] {logging_mixin.py:190} INFO - [2024-11-28T11:52:15.516-0600] {dag.py:3239} INFO - Sync 10 DAGs
[2024-11-28T11:52:15.522-0600] {logging_mixin.py:190} INFO - [2024-11-28T11:52:15.522-0600] {dag.py:4180} INFO - Setting next_dagrun for conditional_dataset_and_time_based_timetable to 2024-11-27 01:00:00+00:00, run_after=2024-11-27 01:00:00+00:00
[2024-11-28T11:52:15.523-0600] {logging_mixin.py:190} INFO - [2024-11-28T11:52:15.523-0600] {dag.py:4180} INFO - Setting next_dagrun for consume_1_and_2_with_dataset_expressions to None, run_after=None
[2024-11-28T11:52:15.524-0600] {logging_mixin.py:190} INFO - [2024-11-28T11:52:15.524-0600] {dag.py:4180} INFO - Setting next_dagrun for consume_1_or_2_with_dataset_expressions to None, run_after=None
[2024-11-28T11:52:15.524-0600] {logging_mixin.py:190} INFO - [2024-11-28T11:52:15.524-0600] {dag.py:4180} INFO - Setting next_dagrun for consume_1_or_both_2_and_3_with_dataset_expressions to None, run_after=None
[2024-11-28T11:52:15.524-0600] {logging_mixin.py:190} INFO - [2024-11-28T11:52:15.524-0600] {dag.py:4180} INFO - Setting next_dagrun for dataset_consumes_1 to None, run_after=None
[2024-11-28T11:52:15.524-0600] {logging_mixin.py:190} INFO - [2024-11-28T11:52:15.524-0600] {dag.py:4180} INFO - Setting next_dagrun for dataset_consumes_1_and_2 to None, run_after=None
[2024-11-28T11:52:15.525-0600] {logging_mixin.py:190} INFO - [2024-11-28T11:52:15.525-0600] {dag.py:4180} INFO - Setting next_dagrun for dataset_consumes_1_never_scheduled to None, run_after=None
[2024-11-28T11:52:15.525-0600] {logging_mixin.py:190} INFO - [2024-11-28T11:52:15.525-0600] {dag.py:4180} INFO - Setting next_dagrun for dataset_consumes_unknown_never_scheduled to None, run_after=None
[2024-11-28T11:52:15.526-0600] {logging_mixin.py:190} INFO - [2024-11-28T11:52:15.526-0600] {dag.py:4180} INFO - Setting next_dagrun for dataset_produces_1 to 2024-11-27 00:00:00+00:00, run_after=2024-11-28 00:00:00+00:00
[2024-11-28T11:52:15.526-0600] {logging_mixin.py:190} INFO - [2024-11-28T11:52:15.526-0600] {dag.py:4180} INFO - Setting next_dagrun for dataset_produces_2 to None, run_after=None
[2024-11-28T11:52:15.535-0600] {processor.py:208} INFO - Processing /Library/Frameworks/Python.framework/Versions/3.8/lib/python3.8/site-packages/airflow/example_dags/example_datasets.py took 0.077 seconds
[2024-11-28T11:54:27.609-0600] {processor.py:186} INFO - Started process (PID=35326) to work on /Library/Frameworks/Python.framework/Versions/3.8/lib/python3.8/site-packages/airflow/example_dags/example_datasets.py
[2024-11-28T11:54:27.610-0600] {processor.py:914} INFO - Processing file /Library/Frameworks/Python.framework/Versions/3.8/lib/python3.8/site-packages/airflow/example_dags/example_datasets.py for tasks to queue
[2024-11-28T11:54:27.610-0600] {logging_mixin.py:190} INFO - [2024-11-28T11:54:27.610-0600] {dagbag.py:588} INFO - Filling up the DagBag from /Library/Frameworks/Python.framework/Versions/3.8/lib/python3.8/site-packages/airflow/example_dags/example_datasets.py
[2024-11-28T11:54:27.625-0600] {processor.py:925} INFO - DAG(s) 'consume_1_and_2_with_dataset_expressions', 'dataset_produces_2', 'dataset_consumes_unknown_never_scheduled', 'dataset_consumes_1_and_2', 'consume_1_or_both_2_and_3_with_dataset_expressions', 'dataset_consumes_1', 'dataset_produces_1', 'dataset_consumes_1_never_scheduled', 'consume_1_or_2_with_dataset_expressions', 'conditional_dataset_and_time_based_timetable' retrieved from /Library/Frameworks/Python.framework/Versions/3.8/lib/python3.8/site-packages/airflow/example_dags/example_datasets.py
[2024-11-28T11:54:27.666-0600] {logging_mixin.py:190} INFO - [2024-11-28T11:54:27.666-0600] {dag.py:3239} INFO - Sync 10 DAGs
[2024-11-28T11:54:27.672-0600] {logging_mixin.py:190} INFO - [2024-11-28T11:54:27.672-0600] {dag.py:4180} INFO - Setting next_dagrun for conditional_dataset_and_time_based_timetable to 2024-11-27 01:00:00+00:00, run_after=2024-11-27 01:00:00+00:00
[2024-11-28T11:54:27.673-0600] {logging_mixin.py:190} INFO - [2024-11-28T11:54:27.673-0600] {dag.py:4180} INFO - Setting next_dagrun for consume_1_and_2_with_dataset_expressions to None, run_after=None
[2024-11-28T11:54:27.673-0600] {logging_mixin.py:190} INFO - [2024-11-28T11:54:27.673-0600] {dag.py:4180} INFO - Setting next_dagrun for consume_1_or_2_with_dataset_expressions to None, run_after=None
[2024-11-28T11:54:27.674-0600] {logging_mixin.py:190} INFO - [2024-11-28T11:54:27.674-0600] {dag.py:4180} INFO - Setting next_dagrun for consume_1_or_both_2_and_3_with_dataset_expressions to None, run_after=None
[2024-11-28T11:54:27.674-0600] {logging_mixin.py:190} INFO - [2024-11-28T11:54:27.674-0600] {dag.py:4180} INFO - Setting next_dagrun for dataset_consumes_1 to None, run_after=None
[2024-11-28T11:54:27.674-0600] {logging_mixin.py:190} INFO - [2024-11-28T11:54:27.674-0600] {dag.py:4180} INFO - Setting next_dagrun for dataset_consumes_1_and_2 to None, run_after=None
[2024-11-28T11:54:27.674-0600] {logging_mixin.py:190} INFO - [2024-11-28T11:54:27.674-0600] {dag.py:4180} INFO - Setting next_dagrun for dataset_consumes_1_never_scheduled to None, run_after=None
[2024-11-28T11:54:27.675-0600] {logging_mixin.py:190} INFO - [2024-11-28T11:54:27.675-0600] {dag.py:4180} INFO - Setting next_dagrun for dataset_consumes_unknown_never_scheduled to None, run_after=None
[2024-11-28T11:54:27.675-0600] {logging_mixin.py:190} INFO - [2024-11-28T11:54:27.675-0600] {dag.py:4180} INFO - Setting next_dagrun for dataset_produces_1 to 2024-11-27 00:00:00+00:00, run_after=2024-11-28 00:00:00+00:00
[2024-11-28T11:54:27.676-0600] {logging_mixin.py:190} INFO - [2024-11-28T11:54:27.676-0600] {dag.py:4180} INFO - Setting next_dagrun for dataset_produces_2 to None, run_after=None
[2024-11-28T11:54:27.684-0600] {processor.py:208} INFO - Processing /Library/Frameworks/Python.framework/Versions/3.8/lib/python3.8/site-packages/airflow/example_dags/example_datasets.py took 0.077 seconds
[2024-11-28T11:56:41.323-0600] {processor.py:186} INFO - Started process (PID=35581) to work on /Library/Frameworks/Python.framework/Versions/3.8/lib/python3.8/site-packages/airflow/example_dags/example_datasets.py
[2024-11-28T11:56:41.324-0600] {processor.py:914} INFO - Processing file /Library/Frameworks/Python.framework/Versions/3.8/lib/python3.8/site-packages/airflow/example_dags/example_datasets.py for tasks to queue
[2024-11-28T11:56:41.325-0600] {logging_mixin.py:190} INFO - [2024-11-28T11:56:41.325-0600] {dagbag.py:588} INFO - Filling up the DagBag from /Library/Frameworks/Python.framework/Versions/3.8/lib/python3.8/site-packages/airflow/example_dags/example_datasets.py
[2024-11-28T11:56:41.340-0600] {processor.py:925} INFO - DAG(s) 'dataset_consumes_1_and_2', 'conditional_dataset_and_time_based_timetable', 'consume_1_and_2_with_dataset_expressions', 'dataset_produces_1', 'dataset_consumes_1_never_scheduled', 'dataset_consumes_1', 'consume_1_or_2_with_dataset_expressions', 'consume_1_or_both_2_and_3_with_dataset_expressions', 'dataset_produces_2', 'dataset_consumes_unknown_never_scheduled' retrieved from /Library/Frameworks/Python.framework/Versions/3.8/lib/python3.8/site-packages/airflow/example_dags/example_datasets.py
[2024-11-28T11:56:41.381-0600] {logging_mixin.py:190} INFO - [2024-11-28T11:56:41.381-0600] {dag.py:3239} INFO - Sync 10 DAGs
[2024-11-28T11:56:41.388-0600] {logging_mixin.py:190} INFO - [2024-11-28T11:56:41.388-0600] {dag.py:4180} INFO - Setting next_dagrun for conditional_dataset_and_time_based_timetable to 2024-11-27 01:00:00+00:00, run_after=2024-11-27 01:00:00+00:00
[2024-11-28T11:56:41.389-0600] {logging_mixin.py:190} INFO - [2024-11-28T11:56:41.389-0600] {dag.py:4180} INFO - Setting next_dagrun for consume_1_and_2_with_dataset_expressions to None, run_after=None
[2024-11-28T11:56:41.389-0600] {logging_mixin.py:190} INFO - [2024-11-28T11:56:41.389-0600] {dag.py:4180} INFO - Setting next_dagrun for consume_1_or_2_with_dataset_expressions to None, run_after=None
[2024-11-28T11:56:41.390-0600] {logging_mixin.py:190} INFO - [2024-11-28T11:56:41.390-0600] {dag.py:4180} INFO - Setting next_dagrun for consume_1_or_both_2_and_3_with_dataset_expressions to None, run_after=None
[2024-11-28T11:56:41.390-0600] {logging_mixin.py:190} INFO - [2024-11-28T11:56:41.390-0600] {dag.py:4180} INFO - Setting next_dagrun for dataset_consumes_1 to None, run_after=None
[2024-11-28T11:56:41.390-0600] {logging_mixin.py:190} INFO - [2024-11-28T11:56:41.390-0600] {dag.py:4180} INFO - Setting next_dagrun for dataset_consumes_1_and_2 to None, run_after=None
[2024-11-28T11:56:41.390-0600] {logging_mixin.py:190} INFO - [2024-11-28T11:56:41.390-0600] {dag.py:4180} INFO - Setting next_dagrun for dataset_consumes_1_never_scheduled to None, run_after=None
[2024-11-28T11:56:41.391-0600] {logging_mixin.py:190} INFO - [2024-11-28T11:56:41.390-0600] {dag.py:4180} INFO - Setting next_dagrun for dataset_consumes_unknown_never_scheduled to None, run_after=None
[2024-11-28T11:56:41.391-0600] {logging_mixin.py:190} INFO - [2024-11-28T11:56:41.391-0600] {dag.py:4180} INFO - Setting next_dagrun for dataset_produces_1 to 2024-11-27 00:00:00+00:00, run_after=2024-11-28 00:00:00+00:00
[2024-11-28T11:56:41.392-0600] {logging_mixin.py:190} INFO - [2024-11-28T11:56:41.391-0600] {dag.py:4180} INFO - Setting next_dagrun for dataset_produces_2 to None, run_after=None
[2024-11-28T11:56:41.400-0600] {processor.py:208} INFO - Processing /Library/Frameworks/Python.framework/Versions/3.8/lib/python3.8/site-packages/airflow/example_dags/example_datasets.py took 0.078 seconds
[2024-11-28T11:58:54.662-0600] {processor.py:186} INFO - Started process (PID=35831) to work on /Library/Frameworks/Python.framework/Versions/3.8/lib/python3.8/site-packages/airflow/example_dags/example_datasets.py
[2024-11-28T11:58:54.663-0600] {processor.py:914} INFO - Processing file /Library/Frameworks/Python.framework/Versions/3.8/lib/python3.8/site-packages/airflow/example_dags/example_datasets.py for tasks to queue
[2024-11-28T11:58:54.664-0600] {logging_mixin.py:190} INFO - [2024-11-28T11:58:54.664-0600] {dagbag.py:588} INFO - Filling up the DagBag from /Library/Frameworks/Python.framework/Versions/3.8/lib/python3.8/site-packages/airflow/example_dags/example_datasets.py
[2024-11-28T11:58:54.679-0600] {processor.py:925} INFO - DAG(s) 'dataset_consumes_unknown_never_scheduled', 'conditional_dataset_and_time_based_timetable', 'consume_1_or_both_2_and_3_with_dataset_expressions', 'dataset_consumes_1_never_scheduled', 'dataset_produces_2', 'dataset_consumes_1', 'dataset_consumes_1_and_2', 'consume_1_and_2_with_dataset_expressions', 'dataset_produces_1', 'consume_1_or_2_with_dataset_expressions' retrieved from /Library/Frameworks/Python.framework/Versions/3.8/lib/python3.8/site-packages/airflow/example_dags/example_datasets.py
[2024-11-28T11:58:54.720-0600] {logging_mixin.py:190} INFO - [2024-11-28T11:58:54.720-0600] {dag.py:3239} INFO - Sync 10 DAGs
[2024-11-28T11:58:54.727-0600] {logging_mixin.py:190} INFO - [2024-11-28T11:58:54.727-0600] {dag.py:4180} INFO - Setting next_dagrun for conditional_dataset_and_time_based_timetable to 2024-11-27 01:00:00+00:00, run_after=2024-11-27 01:00:00+00:00
[2024-11-28T11:58:54.728-0600] {logging_mixin.py:190} INFO - [2024-11-28T11:58:54.728-0600] {dag.py:4180} INFO - Setting next_dagrun for consume_1_and_2_with_dataset_expressions to None, run_after=None
[2024-11-28T11:58:54.728-0600] {logging_mixin.py:190} INFO - [2024-11-28T11:58:54.728-0600] {dag.py:4180} INFO - Setting next_dagrun for consume_1_or_2_with_dataset_expressions to None, run_after=None
[2024-11-28T11:58:54.728-0600] {logging_mixin.py:190} INFO - [2024-11-28T11:58:54.728-0600] {dag.py:4180} INFO - Setting next_dagrun for consume_1_or_both_2_and_3_with_dataset_expressions to None, run_after=None
[2024-11-28T11:58:54.728-0600] {logging_mixin.py:190} INFO - [2024-11-28T11:58:54.728-0600] {dag.py:4180} INFO - Setting next_dagrun for dataset_consumes_1 to None, run_after=None
[2024-11-28T11:58:54.729-0600] {logging_mixin.py:190} INFO - [2024-11-28T11:58:54.729-0600] {dag.py:4180} INFO - Setting next_dagrun for dataset_consumes_1_and_2 to None, run_after=None
[2024-11-28T11:58:54.729-0600] {logging_mixin.py:190} INFO - [2024-11-28T11:58:54.729-0600] {dag.py:4180} INFO - Setting next_dagrun for dataset_consumes_1_never_scheduled to None, run_after=None
[2024-11-28T11:58:54.729-0600] {logging_mixin.py:190} INFO - [2024-11-28T11:58:54.729-0600] {dag.py:4180} INFO - Setting next_dagrun for dataset_consumes_unknown_never_scheduled to None, run_after=None
[2024-11-28T11:58:54.730-0600] {logging_mixin.py:190} INFO - [2024-11-28T11:58:54.730-0600] {dag.py:4180} INFO - Setting next_dagrun for dataset_produces_1 to 2024-11-27 00:00:00+00:00, run_after=2024-11-28 00:00:00+00:00
[2024-11-28T11:58:54.730-0600] {logging_mixin.py:190} INFO - [2024-11-28T11:58:54.730-0600] {dag.py:4180} INFO - Setting next_dagrun for dataset_produces_2 to None, run_after=None
[2024-11-28T11:58:54.739-0600] {processor.py:208} INFO - Processing /Library/Frameworks/Python.framework/Versions/3.8/lib/python3.8/site-packages/airflow/example_dags/example_datasets.py took 0.078 seconds
[2024-11-28T12:01:11.974-0600] {processor.py:186} INFO - Started process (PID=36090) to work on /Library/Frameworks/Python.framework/Versions/3.8/lib/python3.8/site-packages/airflow/example_dags/example_datasets.py
[2024-11-28T12:01:11.975-0600] {processor.py:914} INFO - Processing file /Library/Frameworks/Python.framework/Versions/3.8/lib/python3.8/site-packages/airflow/example_dags/example_datasets.py for tasks to queue
[2024-11-28T12:01:11.975-0600] {logging_mixin.py:190} INFO - [2024-11-28T12:01:11.975-0600] {dagbag.py:588} INFO - Filling up the DagBag from /Library/Frameworks/Python.framework/Versions/3.8/lib/python3.8/site-packages/airflow/example_dags/example_datasets.py
[2024-11-28T12:01:12.001-0600] {processor.py:925} INFO - DAG(s) 'conditional_dataset_and_time_based_timetable', 'dataset_consumes_1', 'consume_1_or_2_with_dataset_expressions', 'dataset_consumes_1_never_scheduled', 'dataset_consumes_unknown_never_scheduled', 'consume_1_and_2_with_dataset_expressions', 'dataset_produces_2', 'dataset_produces_1', 'consume_1_or_both_2_and_3_with_dataset_expressions', 'dataset_consumes_1_and_2' retrieved from /Library/Frameworks/Python.framework/Versions/3.8/lib/python3.8/site-packages/airflow/example_dags/example_datasets.py
[2024-11-28T12:01:12.042-0600] {logging_mixin.py:190} INFO - [2024-11-28T12:01:12.042-0600] {dag.py:3239} INFO - Sync 10 DAGs
[2024-11-28T12:01:12.049-0600] {logging_mixin.py:190} INFO - [2024-11-28T12:01:12.049-0600] {dag.py:4180} INFO - Setting next_dagrun for conditional_dataset_and_time_based_timetable to 2024-11-27 01:00:00+00:00, run_after=2024-11-27 01:00:00+00:00
[2024-11-28T12:01:12.050-0600] {logging_mixin.py:190} INFO - [2024-11-28T12:01:12.050-0600] {dag.py:4180} INFO - Setting next_dagrun for consume_1_and_2_with_dataset_expressions to None, run_after=None
[2024-11-28T12:01:12.050-0600] {logging_mixin.py:190} INFO - [2024-11-28T12:01:12.050-0600] {dag.py:4180} INFO - Setting next_dagrun for consume_1_or_2_with_dataset_expressions to None, run_after=None
[2024-11-28T12:01:12.050-0600] {logging_mixin.py:190} INFO - [2024-11-28T12:01:12.050-0600] {dag.py:4180} INFO - Setting next_dagrun for consume_1_or_both_2_and_3_with_dataset_expressions to None, run_after=None
[2024-11-28T12:01:12.050-0600] {logging_mixin.py:190} INFO - [2024-11-28T12:01:12.050-0600] {dag.py:4180} INFO - Setting next_dagrun for dataset_consumes_1 to None, run_after=None
[2024-11-28T12:01:12.051-0600] {logging_mixin.py:190} INFO - [2024-11-28T12:01:12.051-0600] {dag.py:4180} INFO - Setting next_dagrun for dataset_consumes_1_and_2 to None, run_after=None
[2024-11-28T12:01:12.051-0600] {logging_mixin.py:190} INFO - [2024-11-28T12:01:12.051-0600] {dag.py:4180} INFO - Setting next_dagrun for dataset_consumes_1_never_scheduled to None, run_after=None
[2024-11-28T12:01:12.051-0600] {logging_mixin.py:190} INFO - [2024-11-28T12:01:12.051-0600] {dag.py:4180} INFO - Setting next_dagrun for dataset_consumes_unknown_never_scheduled to None, run_after=None
[2024-11-28T12:01:12.052-0600] {logging_mixin.py:190} INFO - [2024-11-28T12:01:12.052-0600] {dag.py:4180} INFO - Setting next_dagrun for dataset_produces_1 to 2024-11-27 00:00:00+00:00, run_after=2024-11-28 00:00:00+00:00
[2024-11-28T12:01:12.052-0600] {logging_mixin.py:190} INFO - [2024-11-28T12:01:12.052-0600] {dag.py:4180} INFO - Setting next_dagrun for dataset_produces_2 to None, run_after=None
[2024-11-28T12:01:12.061-0600] {processor.py:208} INFO - Processing /Library/Frameworks/Python.framework/Versions/3.8/lib/python3.8/site-packages/airflow/example_dags/example_datasets.py took 0.088 seconds
[2024-11-28T12:03:23.656-0600] {processor.py:186} INFO - Started process (PID=36335) to work on /Library/Frameworks/Python.framework/Versions/3.8/lib/python3.8/site-packages/airflow/example_dags/example_datasets.py
[2024-11-28T12:03:23.658-0600] {processor.py:914} INFO - Processing file /Library/Frameworks/Python.framework/Versions/3.8/lib/python3.8/site-packages/airflow/example_dags/example_datasets.py for tasks to queue
[2024-11-28T12:03:23.659-0600] {logging_mixin.py:190} INFO - [2024-11-28T12:03:23.658-0600] {dagbag.py:588} INFO - Filling up the DagBag from /Library/Frameworks/Python.framework/Versions/3.8/lib/python3.8/site-packages/airflow/example_dags/example_datasets.py
[2024-11-28T12:03:23.674-0600] {processor.py:925} INFO - DAG(s) 'dataset_produces_2', 'dataset_produces_1', 'consume_1_or_2_with_dataset_expressions', 'dataset_consumes_unknown_never_scheduled', 'dataset_consumes_1_and_2', 'dataset_consumes_1_never_scheduled', 'dataset_consumes_1', 'consume_1_and_2_with_dataset_expressions', 'conditional_dataset_and_time_based_timetable', 'consume_1_or_both_2_and_3_with_dataset_expressions' retrieved from /Library/Frameworks/Python.framework/Versions/3.8/lib/python3.8/site-packages/airflow/example_dags/example_datasets.py
[2024-11-28T12:03:23.715-0600] {logging_mixin.py:190} INFO - [2024-11-28T12:03:23.715-0600] {dag.py:3239} INFO - Sync 10 DAGs
[2024-11-28T12:03:23.722-0600] {logging_mixin.py:190} INFO - [2024-11-28T12:03:23.722-0600] {dag.py:4180} INFO - Setting next_dagrun for conditional_dataset_and_time_based_timetable to 2024-11-27 01:00:00+00:00, run_after=2024-11-27 01:00:00+00:00
[2024-11-28T12:03:23.723-0600] {logging_mixin.py:190} INFO - [2024-11-28T12:03:23.723-0600] {dag.py:4180} INFO - Setting next_dagrun for consume_1_and_2_with_dataset_expressions to None, run_after=None
[2024-11-28T12:03:23.723-0600] {logging_mixin.py:190} INFO - [2024-11-28T12:03:23.723-0600] {dag.py:4180} INFO - Setting next_dagrun for consume_1_or_2_with_dataset_expressions to None, run_after=None
[2024-11-28T12:03:23.724-0600] {logging_mixin.py:190} INFO - [2024-11-28T12:03:23.724-0600] {dag.py:4180} INFO - Setting next_dagrun for consume_1_or_both_2_and_3_with_dataset_expressions to None, run_after=None
[2024-11-28T12:03:23.724-0600] {logging_mixin.py:190} INFO - [2024-11-28T12:03:23.724-0600] {dag.py:4180} INFO - Setting next_dagrun for dataset_consumes_1 to None, run_after=None
[2024-11-28T12:03:23.724-0600] {logging_mixin.py:190} INFO - [2024-11-28T12:03:23.724-0600] {dag.py:4180} INFO - Setting next_dagrun for dataset_consumes_1_and_2 to None, run_after=None
[2024-11-28T12:03:23.724-0600] {logging_mixin.py:190} INFO - [2024-11-28T12:03:23.724-0600] {dag.py:4180} INFO - Setting next_dagrun for dataset_consumes_1_never_scheduled to None, run_after=None
[2024-11-28T12:03:23.725-0600] {logging_mixin.py:190} INFO - [2024-11-28T12:03:23.725-0600] {dag.py:4180} INFO - Setting next_dagrun for dataset_consumes_unknown_never_scheduled to None, run_after=None
[2024-11-28T12:03:23.725-0600] {logging_mixin.py:190} INFO - [2024-11-28T12:03:23.725-0600] {dag.py:4180} INFO - Setting next_dagrun for dataset_produces_1 to 2024-11-27 00:00:00+00:00, run_after=2024-11-28 00:00:00+00:00
[2024-11-28T12:03:23.726-0600] {logging_mixin.py:190} INFO - [2024-11-28T12:03:23.726-0600] {dag.py:4180} INFO - Setting next_dagrun for dataset_produces_2 to None, run_after=None
[2024-11-28T12:03:23.734-0600] {processor.py:208} INFO - Processing /Library/Frameworks/Python.framework/Versions/3.8/lib/python3.8/site-packages/airflow/example_dags/example_datasets.py took 0.080 seconds
[2024-11-28T12:05:36.865-0600] {processor.py:186} INFO - Started process (PID=36587) to work on /Library/Frameworks/Python.framework/Versions/3.8/lib/python3.8/site-packages/airflow/example_dags/example_datasets.py
[2024-11-28T12:05:36.865-0600] {processor.py:914} INFO - Processing file /Library/Frameworks/Python.framework/Versions/3.8/lib/python3.8/site-packages/airflow/example_dags/example_datasets.py for tasks to queue
[2024-11-28T12:05:36.866-0600] {logging_mixin.py:190} INFO - [2024-11-28T12:05:36.866-0600] {dagbag.py:588} INFO - Filling up the DagBag from /Library/Frameworks/Python.framework/Versions/3.8/lib/python3.8/site-packages/airflow/example_dags/example_datasets.py
[2024-11-28T12:05:36.882-0600] {processor.py:925} INFO - DAG(s) 'consume_1_or_both_2_and_3_with_dataset_expressions', 'dataset_consumes_1_and_2', 'dataset_consumes_1', 'consume_1_and_2_with_dataset_expressions', 'dataset_consumes_unknown_never_scheduled', 'dataset_produces_1', 'conditional_dataset_and_time_based_timetable', 'dataset_consumes_1_never_scheduled', 'consume_1_or_2_with_dataset_expressions', 'dataset_produces_2' retrieved from /Library/Frameworks/Python.framework/Versions/3.8/lib/python3.8/site-packages/airflow/example_dags/example_datasets.py
[2024-11-28T12:05:36.923-0600] {logging_mixin.py:190} INFO - [2024-11-28T12:05:36.923-0600] {dag.py:3239} INFO - Sync 10 DAGs
[2024-11-28T12:05:36.930-0600] {logging_mixin.py:190} INFO - [2024-11-28T12:05:36.930-0600] {dag.py:4180} INFO - Setting next_dagrun for conditional_dataset_and_time_based_timetable to 2024-11-27 01:00:00+00:00, run_after=2024-11-27 01:00:00+00:00
[2024-11-28T12:05:36.931-0600] {logging_mixin.py:190} INFO - [2024-11-28T12:05:36.931-0600] {dag.py:4180} INFO - Setting next_dagrun for consume_1_and_2_with_dataset_expressions to None, run_after=None
[2024-11-28T12:05:36.931-0600] {logging_mixin.py:190} INFO - [2024-11-28T12:05:36.931-0600] {dag.py:4180} INFO - Setting next_dagrun for consume_1_or_2_with_dataset_expressions to None, run_after=None
[2024-11-28T12:05:36.931-0600] {logging_mixin.py:190} INFO - [2024-11-28T12:05:36.931-0600] {dag.py:4180} INFO - Setting next_dagrun for consume_1_or_both_2_and_3_with_dataset_expressions to None, run_after=None
[2024-11-28T12:05:36.932-0600] {logging_mixin.py:190} INFO - [2024-11-28T12:05:36.932-0600] {dag.py:4180} INFO - Setting next_dagrun for dataset_consumes_1 to None, run_after=None
[2024-11-28T12:05:36.932-0600] {logging_mixin.py:190} INFO - [2024-11-28T12:05:36.932-0600] {dag.py:4180} INFO - Setting next_dagrun for dataset_consumes_1_and_2 to None, run_after=None
[2024-11-28T12:05:36.932-0600] {logging_mixin.py:190} INFO - [2024-11-28T12:05:36.932-0600] {dag.py:4180} INFO - Setting next_dagrun for dataset_consumes_1_never_scheduled to None, run_after=None
[2024-11-28T12:05:36.932-0600] {logging_mixin.py:190} INFO - [2024-11-28T12:05:36.932-0600] {dag.py:4180} INFO - Setting next_dagrun for dataset_consumes_unknown_never_scheduled to None, run_after=None
[2024-11-28T12:05:36.933-0600] {logging_mixin.py:190} INFO - [2024-11-28T12:05:36.933-0600] {dag.py:4180} INFO - Setting next_dagrun for dataset_produces_1 to 2024-11-27 00:00:00+00:00, run_after=2024-11-28 00:00:00+00:00
[2024-11-28T12:05:36.933-0600] {logging_mixin.py:190} INFO - [2024-11-28T12:05:36.933-0600] {dag.py:4180} INFO - Setting next_dagrun for dataset_produces_2 to None, run_after=None
[2024-11-28T12:05:36.942-0600] {processor.py:208} INFO - Processing /Library/Frameworks/Python.framework/Versions/3.8/lib/python3.8/site-packages/airflow/example_dags/example_datasets.py took 0.079 seconds
[2024-11-28T12:07:45.142-0600] {processor.py:186} INFO - Started process (PID=36830) to work on /Library/Frameworks/Python.framework/Versions/3.8/lib/python3.8/site-packages/airflow/example_dags/example_datasets.py
[2024-11-28T12:07:45.143-0600] {processor.py:914} INFO - Processing file /Library/Frameworks/Python.framework/Versions/3.8/lib/python3.8/site-packages/airflow/example_dags/example_datasets.py for tasks to queue
[2024-11-28T12:07:45.144-0600] {logging_mixin.py:190} INFO - [2024-11-28T12:07:45.143-0600] {dagbag.py:588} INFO - Filling up the DagBag from /Library/Frameworks/Python.framework/Versions/3.8/lib/python3.8/site-packages/airflow/example_dags/example_datasets.py
[2024-11-28T12:07:45.165-0600] {processor.py:925} INFO - DAG(s) 'dataset_consumes_1', 'consume_1_or_2_with_dataset_expressions', 'dataset_consumes_1_never_scheduled', 'dataset_consumes_unknown_never_scheduled', 'dataset_produces_1', 'consume_1_or_both_2_and_3_with_dataset_expressions', 'dataset_produces_2', 'conditional_dataset_and_time_based_timetable', 'dataset_consumes_1_and_2', 'consume_1_and_2_with_dataset_expressions' retrieved from /Library/Frameworks/Python.framework/Versions/3.8/lib/python3.8/site-packages/airflow/example_dags/example_datasets.py
[2024-11-28T12:07:45.206-0600] {logging_mixin.py:190} INFO - [2024-11-28T12:07:45.206-0600] {dag.py:3239} INFO - Sync 10 DAGs
[2024-11-28T12:07:45.213-0600] {logging_mixin.py:190} INFO - [2024-11-28T12:07:45.213-0600] {dag.py:4180} INFO - Setting next_dagrun for conditional_dataset_and_time_based_timetable to 2024-11-27 01:00:00+00:00, run_after=2024-11-27 01:00:00+00:00
[2024-11-28T12:07:45.214-0600] {logging_mixin.py:190} INFO - [2024-11-28T12:07:45.214-0600] {dag.py:4180} INFO - Setting next_dagrun for consume_1_and_2_with_dataset_expressions to None, run_after=None
[2024-11-28T12:07:45.214-0600] {logging_mixin.py:190} INFO - [2024-11-28T12:07:45.214-0600] {dag.py:4180} INFO - Setting next_dagrun for consume_1_or_2_with_dataset_expressions to None, run_after=None
[2024-11-28T12:07:45.215-0600] {logging_mixin.py:190} INFO - [2024-11-28T12:07:45.214-0600] {dag.py:4180} INFO - Setting next_dagrun for consume_1_or_both_2_and_3_with_dataset_expressions to None, run_after=None
[2024-11-28T12:07:45.215-0600] {logging_mixin.py:190} INFO - [2024-11-28T12:07:45.215-0600] {dag.py:4180} INFO - Setting next_dagrun for dataset_consumes_1 to None, run_after=None
[2024-11-28T12:07:45.215-0600] {logging_mixin.py:190} INFO - [2024-11-28T12:07:45.215-0600] {dag.py:4180} INFO - Setting next_dagrun for dataset_consumes_1_and_2 to None, run_after=None
[2024-11-28T12:07:45.215-0600] {logging_mixin.py:190} INFO - [2024-11-28T12:07:45.215-0600] {dag.py:4180} INFO - Setting next_dagrun for dataset_consumes_1_never_scheduled to None, run_after=None
[2024-11-28T12:07:45.216-0600] {logging_mixin.py:190} INFO - [2024-11-28T12:07:45.216-0600] {dag.py:4180} INFO - Setting next_dagrun for dataset_consumes_unknown_never_scheduled to None, run_after=None
[2024-11-28T12:07:45.216-0600] {logging_mixin.py:190} INFO - [2024-11-28T12:07:45.216-0600] {dag.py:4180} INFO - Setting next_dagrun for dataset_produces_1 to 2024-11-27 00:00:00+00:00, run_after=2024-11-28 00:00:00+00:00
[2024-11-28T12:07:45.217-0600] {logging_mixin.py:190} INFO - [2024-11-28T12:07:45.217-0600] {dag.py:4180} INFO - Setting next_dagrun for dataset_produces_2 to None, run_after=None
[2024-11-28T12:07:45.225-0600] {processor.py:208} INFO - Processing /Library/Frameworks/Python.framework/Versions/3.8/lib/python3.8/site-packages/airflow/example_dags/example_datasets.py took 0.084 seconds
[2024-11-28T12:10:05.044-0600] {processor.py:186} INFO - Started process (PID=37085) to work on /Library/Frameworks/Python.framework/Versions/3.8/lib/python3.8/site-packages/airflow/example_dags/example_datasets.py
[2024-11-28T12:10:05.045-0600] {processor.py:914} INFO - Processing file /Library/Frameworks/Python.framework/Versions/3.8/lib/python3.8/site-packages/airflow/example_dags/example_datasets.py for tasks to queue
[2024-11-28T12:10:05.045-0600] {logging_mixin.py:190} INFO - [2024-11-28T12:10:05.045-0600] {dagbag.py:588} INFO - Filling up the DagBag from /Library/Frameworks/Python.framework/Versions/3.8/lib/python3.8/site-packages/airflow/example_dags/example_datasets.py
[2024-11-28T12:10:05.065-0600] {processor.py:925} INFO - DAG(s) 'conditional_dataset_and_time_based_timetable', 'consume_1_and_2_with_dataset_expressions', 'consume_1_or_2_with_dataset_expressions', 'consume_1_or_both_2_and_3_with_dataset_expressions', 'dataset_consumes_1_never_scheduled', 'dataset_consumes_1_and_2', 'dataset_consumes_unknown_never_scheduled', 'dataset_produces_1', 'dataset_produces_2', 'dataset_consumes_1' retrieved from /Library/Frameworks/Python.framework/Versions/3.8/lib/python3.8/site-packages/airflow/example_dags/example_datasets.py
[2024-11-28T12:10:05.107-0600] {logging_mixin.py:190} INFO - [2024-11-28T12:10:05.107-0600] {dag.py:3239} INFO - Sync 10 DAGs
[2024-11-28T12:10:05.114-0600] {logging_mixin.py:190} INFO - [2024-11-28T12:10:05.114-0600] {dag.py:4180} INFO - Setting next_dagrun for conditional_dataset_and_time_based_timetable to 2024-11-27 01:00:00+00:00, run_after=2024-11-27 01:00:00+00:00
[2024-11-28T12:10:05.115-0600] {logging_mixin.py:190} INFO - [2024-11-28T12:10:05.114-0600] {dag.py:4180} INFO - Setting next_dagrun for consume_1_and_2_with_dataset_expressions to None, run_after=None
[2024-11-28T12:10:05.115-0600] {logging_mixin.py:190} INFO - [2024-11-28T12:10:05.115-0600] {dag.py:4180} INFO - Setting next_dagrun for consume_1_or_2_with_dataset_expressions to None, run_after=None
[2024-11-28T12:10:05.115-0600] {logging_mixin.py:190} INFO - [2024-11-28T12:10:05.115-0600] {dag.py:4180} INFO - Setting next_dagrun for consume_1_or_both_2_and_3_with_dataset_expressions to None, run_after=None
[2024-11-28T12:10:05.115-0600] {logging_mixin.py:190} INFO - [2024-11-28T12:10:05.115-0600] {dag.py:4180} INFO - Setting next_dagrun for dataset_consumes_1 to None, run_after=None
[2024-11-28T12:10:05.116-0600] {logging_mixin.py:190} INFO - [2024-11-28T12:10:05.116-0600] {dag.py:4180} INFO - Setting next_dagrun for dataset_consumes_1_and_2 to None, run_after=None
[2024-11-28T12:10:05.116-0600] {logging_mixin.py:190} INFO - [2024-11-28T12:10:05.116-0600] {dag.py:4180} INFO - Setting next_dagrun for dataset_consumes_1_never_scheduled to None, run_after=None
[2024-11-28T12:10:05.116-0600] {logging_mixin.py:190} INFO - [2024-11-28T12:10:05.116-0600] {dag.py:4180} INFO - Setting next_dagrun for dataset_consumes_unknown_never_scheduled to None, run_after=None
[2024-11-28T12:10:05.117-0600] {logging_mixin.py:190} INFO - [2024-11-28T12:10:05.117-0600] {dag.py:4180} INFO - Setting next_dagrun for dataset_produces_1 to 2024-11-27 00:00:00+00:00, run_after=2024-11-28 00:00:00+00:00
[2024-11-28T12:10:05.117-0600] {logging_mixin.py:190} INFO - [2024-11-28T12:10:05.117-0600] {dag.py:4180} INFO - Setting next_dagrun for dataset_produces_2 to None, run_after=None
[2024-11-28T12:10:05.126-0600] {processor.py:208} INFO - Processing /Library/Frameworks/Python.framework/Versions/3.8/lib/python3.8/site-packages/airflow/example_dags/example_datasets.py took 0.084 seconds
