[2024-11-28T11:47:35.474-0600] {processor.py:186} INFO - Started process (PID=34488) to work on /Library/Frameworks/Python.framework/Versions/3.8/lib/python3.8/site-packages/airflow/example_dags/example_latest_only.py
[2024-11-28T11:47:35.475-0600] {processor.py:914} INFO - Processing file /Library/Frameworks/Python.framework/Versions/3.8/lib/python3.8/site-packages/airflow/example_dags/example_latest_only.py for tasks to queue
[2024-11-28T11:47:35.475-0600] {logging_mixin.py:190} INFO - [2024-11-28T11:47:35.475-0600] {dagbag.py:588} INFO - Filling up the DagBag from /Library/Frameworks/Python.framework/Versions/3.8/lib/python3.8/site-packages/airflow/example_dags/example_latest_only.py
[2024-11-28T11:47:35.478-0600] {processor.py:925} INFO - DAG(s) 'latest_only' retrieved from /Library/Frameworks/Python.framework/Versions/3.8/lib/python3.8/site-packages/airflow/example_dags/example_latest_only.py
[2024-11-28T11:47:35.511-0600] {logging_mixin.py:190} INFO - [2024-11-28T11:47:35.511-0600] {dag.py:3239} INFO - Sync 1 DAGs
[2024-11-28T11:47:35.517-0600] {logging_mixin.py:190} INFO - [2024-11-28T11:47:35.517-0600] {dag.py:4180} INFO - Setting next_dagrun for latest_only to 2024-11-28 12:00:00+00:00, run_after=2024-11-28 16:00:00+00:00
[2024-11-28T11:47:35.522-0600] {processor.py:208} INFO - Processing /Library/Frameworks/Python.framework/Versions/3.8/lib/python3.8/site-packages/airflow/example_dags/example_latest_only.py took 0.049 seconds
[2024-11-28T11:49:12.524-0600] {processor.py:186} INFO - Started process (PID=34670) to work on /Library/Frameworks/Python.framework/Versions/3.8/lib/python3.8/site-packages/airflow/example_dags/example_latest_only.py
[2024-11-28T11:49:12.525-0600] {processor.py:914} INFO - Processing file /Library/Frameworks/Python.framework/Versions/3.8/lib/python3.8/site-packages/airflow/example_dags/example_latest_only.py for tasks to queue
[2024-11-28T11:49:12.525-0600] {logging_mixin.py:190} INFO - [2024-11-28T11:49:12.525-0600] {dagbag.py:588} INFO - Filling up the DagBag from /Library/Frameworks/Python.framework/Versions/3.8/lib/python3.8/site-packages/airflow/example_dags/example_latest_only.py
[2024-11-28T11:49:12.528-0600] {processor.py:925} INFO - DAG(s) 'latest_only' retrieved from /Library/Frameworks/Python.framework/Versions/3.8/lib/python3.8/site-packages/airflow/example_dags/example_latest_only.py
[2024-11-28T11:49:12.561-0600] {logging_mixin.py:190} INFO - [2024-11-28T11:49:12.561-0600] {dag.py:3239} INFO - Sync 1 DAGs
[2024-11-28T11:49:12.567-0600] {logging_mixin.py:190} INFO - [2024-11-28T11:49:12.567-0600] {dag.py:4180} INFO - Setting next_dagrun for latest_only to 2024-11-28 12:00:00+00:00, run_after=2024-11-28 16:00:00+00:00
[2024-11-28T11:49:12.572-0600] {processor.py:208} INFO - Processing /Library/Frameworks/Python.framework/Versions/3.8/lib/python3.8/site-packages/airflow/example_dags/example_latest_only.py took 0.048 seconds
[2024-11-28T11:51:28.739-0600] {processor.py:186} INFO - Started process (PID=34939) to work on /Library/Frameworks/Python.framework/Versions/3.8/lib/python3.8/site-packages/airflow/example_dags/example_latest_only.py
[2024-11-28T11:51:28.741-0600] {processor.py:914} INFO - Processing file /Library/Frameworks/Python.framework/Versions/3.8/lib/python3.8/site-packages/airflow/example_dags/example_latest_only.py for tasks to queue
[2024-11-28T11:51:28.741-0600] {logging_mixin.py:190} INFO - [2024-11-28T11:51:28.741-0600] {dagbag.py:588} INFO - Filling up the DagBag from /Library/Frameworks/Python.framework/Versions/3.8/lib/python3.8/site-packages/airflow/example_dags/example_latest_only.py
[2024-11-28T11:51:28.744-0600] {processor.py:925} INFO - DAG(s) 'latest_only' retrieved from /Library/Frameworks/Python.framework/Versions/3.8/lib/python3.8/site-packages/airflow/example_dags/example_latest_only.py
[2024-11-28T11:51:28.778-0600] {logging_mixin.py:190} INFO - [2024-11-28T11:51:28.778-0600] {dag.py:3239} INFO - Sync 1 DAGs
[2024-11-28T11:51:28.784-0600] {logging_mixin.py:190} INFO - [2024-11-28T11:51:28.784-0600] {dag.py:4180} INFO - Setting next_dagrun for latest_only to 2024-11-28 12:00:00+00:00, run_after=2024-11-28 16:00:00+00:00
[2024-11-28T11:51:28.789-0600] {processor.py:208} INFO - Processing /Library/Frameworks/Python.framework/Versions/3.8/lib/python3.8/site-packages/airflow/example_dags/example_latest_only.py took 0.051 seconds
[2024-11-28T11:53:39.485-0600] {processor.py:186} INFO - Started process (PID=35213) to work on /Library/Frameworks/Python.framework/Versions/3.8/lib/python3.8/site-packages/airflow/example_dags/example_latest_only.py
[2024-11-28T11:53:39.486-0600] {processor.py:914} INFO - Processing file /Library/Frameworks/Python.framework/Versions/3.8/lib/python3.8/site-packages/airflow/example_dags/example_latest_only.py for tasks to queue
[2024-11-28T11:53:39.486-0600] {logging_mixin.py:190} INFO - [2024-11-28T11:53:39.486-0600] {dagbag.py:588} INFO - Filling up the DagBag from /Library/Frameworks/Python.framework/Versions/3.8/lib/python3.8/site-packages/airflow/example_dags/example_latest_only.py
[2024-11-28T11:53:39.489-0600] {processor.py:925} INFO - DAG(s) 'latest_only' retrieved from /Library/Frameworks/Python.framework/Versions/3.8/lib/python3.8/site-packages/airflow/example_dags/example_latest_only.py
[2024-11-28T11:53:39.525-0600] {logging_mixin.py:190} INFO - [2024-11-28T11:53:39.524-0600] {dag.py:3239} INFO - Sync 1 DAGs
[2024-11-28T11:53:39.531-0600] {logging_mixin.py:190} INFO - [2024-11-28T11:53:39.531-0600] {dag.py:4180} INFO - Setting next_dagrun for latest_only to 2024-11-28 12:00:00+00:00, run_after=2024-11-28 16:00:00+00:00
[2024-11-28T11:53:39.536-0600] {processor.py:208} INFO - Processing /Library/Frameworks/Python.framework/Versions/3.8/lib/python3.8/site-packages/airflow/example_dags/example_latest_only.py took 0.052 seconds
[2024-11-28T11:55:51.873-0600] {processor.py:186} INFO - Started process (PID=35482) to work on /Library/Frameworks/Python.framework/Versions/3.8/lib/python3.8/site-packages/airflow/example_dags/example_latest_only.py
[2024-11-28T11:55:51.873-0600] {processor.py:914} INFO - Processing file /Library/Frameworks/Python.framework/Versions/3.8/lib/python3.8/site-packages/airflow/example_dags/example_latest_only.py for tasks to queue
[2024-11-28T11:55:51.873-0600] {logging_mixin.py:190} INFO - [2024-11-28T11:55:51.873-0600] {dagbag.py:588} INFO - Filling up the DagBag from /Library/Frameworks/Python.framework/Versions/3.8/lib/python3.8/site-packages/airflow/example_dags/example_latest_only.py
[2024-11-28T11:55:51.877-0600] {processor.py:925} INFO - DAG(s) 'latest_only' retrieved from /Library/Frameworks/Python.framework/Versions/3.8/lib/python3.8/site-packages/airflow/example_dags/example_latest_only.py
[2024-11-28T11:55:51.911-0600] {logging_mixin.py:190} INFO - [2024-11-28T11:55:51.911-0600] {dag.py:3239} INFO - Sync 1 DAGs
[2024-11-28T11:55:51.917-0600] {logging_mixin.py:190} INFO - [2024-11-28T11:55:51.917-0600] {dag.py:4180} INFO - Setting next_dagrun for latest_only to 2024-11-28 12:00:00+00:00, run_after=2024-11-28 16:00:00+00:00
[2024-11-28T11:55:51.922-0600] {processor.py:208} INFO - Processing /Library/Frameworks/Python.framework/Versions/3.8/lib/python3.8/site-packages/airflow/example_dags/example_latest_only.py took 0.050 seconds
[2024-11-28T11:58:06.121-0600] {processor.py:186} INFO - Started process (PID=35742) to work on /Library/Frameworks/Python.framework/Versions/3.8/lib/python3.8/site-packages/airflow/example_dags/example_latest_only.py
[2024-11-28T11:58:06.122-0600] {processor.py:914} INFO - Processing file /Library/Frameworks/Python.framework/Versions/3.8/lib/python3.8/site-packages/airflow/example_dags/example_latest_only.py for tasks to queue
[2024-11-28T11:58:06.122-0600] {logging_mixin.py:190} INFO - [2024-11-28T11:58:06.122-0600] {dagbag.py:588} INFO - Filling up the DagBag from /Library/Frameworks/Python.framework/Versions/3.8/lib/python3.8/site-packages/airflow/example_dags/example_latest_only.py
[2024-11-28T11:58:06.125-0600] {processor.py:925} INFO - DAG(s) 'latest_only' retrieved from /Library/Frameworks/Python.framework/Versions/3.8/lib/python3.8/site-packages/airflow/example_dags/example_latest_only.py
[2024-11-28T11:58:06.158-0600] {logging_mixin.py:190} INFO - [2024-11-28T11:58:06.158-0600] {dag.py:3239} INFO - Sync 1 DAGs
[2024-11-28T11:58:06.164-0600] {logging_mixin.py:190} INFO - [2024-11-28T11:58:06.164-0600] {dag.py:4180} INFO - Setting next_dagrun for latest_only to 2024-11-28 12:00:00+00:00, run_after=2024-11-28 16:00:00+00:00
[2024-11-28T11:58:06.169-0600] {processor.py:208} INFO - Processing /Library/Frameworks/Python.framework/Versions/3.8/lib/python3.8/site-packages/airflow/example_dags/example_latest_only.py took 0.050 seconds
[2024-11-28T12:00:21.406-0600] {processor.py:186} INFO - Started process (PID=35992) to work on /Library/Frameworks/Python.framework/Versions/3.8/lib/python3.8/site-packages/airflow/example_dags/example_latest_only.py
[2024-11-28T12:00:21.408-0600] {processor.py:914} INFO - Processing file /Library/Frameworks/Python.framework/Versions/3.8/lib/python3.8/site-packages/airflow/example_dags/example_latest_only.py for tasks to queue
[2024-11-28T12:00:21.408-0600] {logging_mixin.py:190} INFO - [2024-11-28T12:00:21.408-0600] {dagbag.py:588} INFO - Filling up the DagBag from /Library/Frameworks/Python.framework/Versions/3.8/lib/python3.8/site-packages/airflow/example_dags/example_latest_only.py
[2024-11-28T12:00:21.411-0600] {processor.py:925} INFO - DAG(s) 'latest_only' retrieved from /Library/Frameworks/Python.framework/Versions/3.8/lib/python3.8/site-packages/airflow/example_dags/example_latest_only.py
[2024-11-28T12:00:21.446-0600] {logging_mixin.py:190} INFO - [2024-11-28T12:00:21.446-0600] {dag.py:3239} INFO - Sync 1 DAGs
[2024-11-28T12:00:21.452-0600] {logging_mixin.py:190} INFO - [2024-11-28T12:00:21.452-0600] {dag.py:4180} INFO - Setting next_dagrun for latest_only to 2024-11-28 12:00:00+00:00, run_after=2024-11-28 16:00:00+00:00
[2024-11-28T12:00:21.457-0600] {processor.py:208} INFO - Processing /Library/Frameworks/Python.framework/Versions/3.8/lib/python3.8/site-packages/airflow/example_dags/example_latest_only.py took 0.052 seconds
[2024-11-28T12:02:35.325-0600] {processor.py:186} INFO - Started process (PID=36243) to work on /Library/Frameworks/Python.framework/Versions/3.8/lib/python3.8/site-packages/airflow/example_dags/example_latest_only.py
[2024-11-28T12:02:35.326-0600] {processor.py:914} INFO - Processing file /Library/Frameworks/Python.framework/Versions/3.8/lib/python3.8/site-packages/airflow/example_dags/example_latest_only.py for tasks to queue
[2024-11-28T12:02:35.326-0600] {logging_mixin.py:190} INFO - [2024-11-28T12:02:35.326-0600] {dagbag.py:588} INFO - Filling up the DagBag from /Library/Frameworks/Python.framework/Versions/3.8/lib/python3.8/site-packages/airflow/example_dags/example_latest_only.py
[2024-11-28T12:02:35.329-0600] {processor.py:925} INFO - DAG(s) 'latest_only' retrieved from /Library/Frameworks/Python.framework/Versions/3.8/lib/python3.8/site-packages/airflow/example_dags/example_latest_only.py
[2024-11-28T12:02:35.363-0600] {logging_mixin.py:190} INFO - [2024-11-28T12:02:35.363-0600] {dag.py:3239} INFO - Sync 1 DAGs
[2024-11-28T12:02:35.369-0600] {logging_mixin.py:190} INFO - [2024-11-28T12:02:35.369-0600] {dag.py:4180} INFO - Setting next_dagrun for latest_only to 2024-11-28 12:00:00+00:00, run_after=2024-11-28 16:00:00+00:00
[2024-11-28T12:02:35.374-0600] {processor.py:208} INFO - Processing /Library/Frameworks/Python.framework/Versions/3.8/lib/python3.8/site-packages/airflow/example_dags/example_latest_only.py took 0.050 seconds
[2024-11-28T12:04:50.377-0600] {processor.py:186} INFO - Started process (PID=36496) to work on /Library/Frameworks/Python.framework/Versions/3.8/lib/python3.8/site-packages/airflow/example_dags/example_latest_only.py
[2024-11-28T12:04:50.378-0600] {processor.py:914} INFO - Processing file /Library/Frameworks/Python.framework/Versions/3.8/lib/python3.8/site-packages/airflow/example_dags/example_latest_only.py for tasks to queue
[2024-11-28T12:04:50.379-0600] {logging_mixin.py:190} INFO - [2024-11-28T12:04:50.379-0600] {dagbag.py:588} INFO - Filling up the DagBag from /Library/Frameworks/Python.framework/Versions/3.8/lib/python3.8/site-packages/airflow/example_dags/example_latest_only.py
[2024-11-28T12:04:50.381-0600] {processor.py:925} INFO - DAG(s) 'latest_only' retrieved from /Library/Frameworks/Python.framework/Versions/3.8/lib/python3.8/site-packages/airflow/example_dags/example_latest_only.py
[2024-11-28T12:04:50.415-0600] {logging_mixin.py:190} INFO - [2024-11-28T12:04:50.415-0600] {dag.py:3239} INFO - Sync 1 DAGs
[2024-11-28T12:04:50.421-0600] {logging_mixin.py:190} INFO - [2024-11-28T12:04:50.421-0600] {dag.py:4180} INFO - Setting next_dagrun for latest_only to 2024-11-28 12:00:00+00:00, run_after=2024-11-28 16:00:00+00:00
[2024-11-28T12:04:50.426-0600] {processor.py:208} INFO - Processing /Library/Frameworks/Python.framework/Versions/3.8/lib/python3.8/site-packages/airflow/example_dags/example_latest_only.py took 0.050 seconds
[2024-11-28T12:06:57.445-0600] {processor.py:186} INFO - Started process (PID=36742) to work on /Library/Frameworks/Python.framework/Versions/3.8/lib/python3.8/site-packages/airflow/example_dags/example_latest_only.py
[2024-11-28T12:06:57.446-0600] {processor.py:914} INFO - Processing file /Library/Frameworks/Python.framework/Versions/3.8/lib/python3.8/site-packages/airflow/example_dags/example_latest_only.py for tasks to queue
[2024-11-28T12:06:57.446-0600] {logging_mixin.py:190} INFO - [2024-11-28T12:06:57.446-0600] {dagbag.py:588} INFO - Filling up the DagBag from /Library/Frameworks/Python.framework/Versions/3.8/lib/python3.8/site-packages/airflow/example_dags/example_latest_only.py
[2024-11-28T12:06:57.449-0600] {processor.py:925} INFO - DAG(s) 'latest_only' retrieved from /Library/Frameworks/Python.framework/Versions/3.8/lib/python3.8/site-packages/airflow/example_dags/example_latest_only.py
[2024-11-28T12:06:57.483-0600] {logging_mixin.py:190} INFO - [2024-11-28T12:06:57.483-0600] {dag.py:3239} INFO - Sync 1 DAGs
[2024-11-28T12:06:57.489-0600] {logging_mixin.py:190} INFO - [2024-11-28T12:06:57.489-0600] {dag.py:4180} INFO - Setting next_dagrun for latest_only to 2024-11-28 12:00:00+00:00, run_after=2024-11-28 16:00:00+00:00
[2024-11-28T12:06:57.494-0600] {processor.py:208} INFO - Processing /Library/Frameworks/Python.framework/Versions/3.8/lib/python3.8/site-packages/airflow/example_dags/example_latest_only.py took 0.050 seconds
[2024-11-28T12:09:12.615-0600] {processor.py:186} INFO - Started process (PID=36987) to work on /Library/Frameworks/Python.framework/Versions/3.8/lib/python3.8/site-packages/airflow/example_dags/example_latest_only.py
[2024-11-28T12:09:12.616-0600] {processor.py:914} INFO - Processing file /Library/Frameworks/Python.framework/Versions/3.8/lib/python3.8/site-packages/airflow/example_dags/example_latest_only.py for tasks to queue
[2024-11-28T12:09:12.617-0600] {logging_mixin.py:190} INFO - [2024-11-28T12:09:12.617-0600] {dagbag.py:588} INFO - Filling up the DagBag from /Library/Frameworks/Python.framework/Versions/3.8/lib/python3.8/site-packages/airflow/example_dags/example_latest_only.py
[2024-11-28T12:09:12.619-0600] {processor.py:925} INFO - DAG(s) 'latest_only' retrieved from /Library/Frameworks/Python.framework/Versions/3.8/lib/python3.8/site-packages/airflow/example_dags/example_latest_only.py
[2024-11-28T12:09:12.653-0600] {logging_mixin.py:190} INFO - [2024-11-28T12:09:12.653-0600] {dag.py:3239} INFO - Sync 1 DAGs
[2024-11-28T12:09:12.659-0600] {logging_mixin.py:190} INFO - [2024-11-28T12:09:12.659-0600] {dag.py:4180} INFO - Setting next_dagrun for latest_only to 2024-11-28 12:00:00+00:00, run_after=2024-11-28 16:00:00+00:00
[2024-11-28T12:09:12.664-0600] {processor.py:208} INFO - Processing /Library/Frameworks/Python.framework/Versions/3.8/lib/python3.8/site-packages/airflow/example_dags/example_latest_only.py took 0.050 seconds
[2024-11-28T12:11:31.019-0600] {processor.py:186} INFO - Started process (PID=37274) to work on /Library/Frameworks/Python.framework/Versions/3.8/lib/python3.8/site-packages/airflow/example_dags/example_latest_only.py
[2024-11-28T12:11:31.023-0600] {processor.py:914} INFO - Processing file /Library/Frameworks/Python.framework/Versions/3.8/lib/python3.8/site-packages/airflow/example_dags/example_latest_only.py for tasks to queue
[2024-11-28T12:11:31.023-0600] {logging_mixin.py:190} INFO - [2024-11-28T12:11:31.023-0600] {dagbag.py:588} INFO - Filling up the DagBag from /Library/Frameworks/Python.framework/Versions/3.8/lib/python3.8/site-packages/airflow/example_dags/example_latest_only.py
[2024-11-28T12:11:31.025-0600] {processor.py:925} INFO - DAG(s) 'latest_only' retrieved from /Library/Frameworks/Python.framework/Versions/3.8/lib/python3.8/site-packages/airflow/example_dags/example_latest_only.py
[2024-11-28T12:11:31.060-0600] {logging_mixin.py:190} INFO - [2024-11-28T12:11:31.060-0600] {dag.py:3239} INFO - Sync 1 DAGs
[2024-11-28T12:11:31.067-0600] {logging_mixin.py:190} INFO - [2024-11-28T12:11:31.066-0600] {dag.py:4180} INFO - Setting next_dagrun for latest_only to 2024-11-28 12:00:00+00:00, run_after=2024-11-28 16:00:00+00:00
[2024-11-28T12:11:31.072-0600] {processor.py:208} INFO - Processing /Library/Frameworks/Python.framework/Versions/3.8/lib/python3.8/site-packages/airflow/example_dags/example_latest_only.py took 0.055 seconds
