[2024-11-28T11:47:43.472-0600] {processor.py:186} INFO - Started process (PID=34503) to work on /Library/Frameworks/Python.framework/Versions/3.8/lib/python3.8/site-packages/airflow/example_dags/example_dynamic_task_mapping.py
[2024-11-28T11:47:43.473-0600] {processor.py:914} INFO - Processing file /Library/Frameworks/Python.framework/Versions/3.8/lib/python3.8/site-packages/airflow/example_dags/example_dynamic_task_mapping.py for tasks to queue
[2024-11-28T11:47:43.473-0600] {logging_mixin.py:190} INFO - [2024-11-28T11:47:43.473-0600] {dagbag.py:588} INFO - Filling up the DagBag from /Library/Frameworks/Python.framework/Versions/3.8/lib/python3.8/site-packages/airflow/example_dags/example_dynamic_task_mapping.py
[2024-11-28T11:47:43.486-0600] {processor.py:925} INFO - DAG(s) 'example_dynamic_task_mapping' retrieved from /Library/Frameworks/Python.framework/Versions/3.8/lib/python3.8/site-packages/airflow/example_dags/example_dynamic_task_mapping.py
[2024-11-28T11:47:43.519-0600] {logging_mixin.py:190} INFO - [2024-11-28T11:47:43.519-0600] {dag.py:3239} INFO - Sync 1 DAGs
[2024-11-28T11:47:43.523-0600] {logging_mixin.py:190} INFO - [2024-11-28T11:47:43.523-0600] {dag.py:4180} INFO - Setting next_dagrun for example_dynamic_task_mapping to None, run_after=None
[2024-11-28T11:47:43.528-0600] {processor.py:208} INFO - Processing /Library/Frameworks/Python.framework/Versions/3.8/lib/python3.8/site-packages/airflow/example_dags/example_dynamic_task_mapping.py took 0.057 seconds
[2024-11-28T11:49:59.678-0600] {processor.py:186} INFO - Started process (PID=34772) to work on /Library/Frameworks/Python.framework/Versions/3.8/lib/python3.8/site-packages/airflow/example_dags/example_dynamic_task_mapping.py
[2024-11-28T11:49:59.679-0600] {processor.py:914} INFO - Processing file /Library/Frameworks/Python.framework/Versions/3.8/lib/python3.8/site-packages/airflow/example_dags/example_dynamic_task_mapping.py for tasks to queue
[2024-11-28T11:49:59.679-0600] {logging_mixin.py:190} INFO - [2024-11-28T11:49:59.679-0600] {dagbag.py:588} INFO - Filling up the DagBag from /Library/Frameworks/Python.framework/Versions/3.8/lib/python3.8/site-packages/airflow/example_dags/example_dynamic_task_mapping.py
[2024-11-28T11:49:59.691-0600] {processor.py:925} INFO - DAG(s) 'example_dynamic_task_mapping' retrieved from /Library/Frameworks/Python.framework/Versions/3.8/lib/python3.8/site-packages/airflow/example_dags/example_dynamic_task_mapping.py
[2024-11-28T11:49:59.724-0600] {logging_mixin.py:190} INFO - [2024-11-28T11:49:59.724-0600] {dag.py:3239} INFO - Sync 1 DAGs
[2024-11-28T11:49:59.727-0600] {logging_mixin.py:190} INFO - [2024-11-28T11:49:59.727-0600] {dag.py:4180} INFO - Setting next_dagrun for example_dynamic_task_mapping to None, run_after=None
[2024-11-28T11:49:59.732-0600] {processor.py:208} INFO - Processing /Library/Frameworks/Python.framework/Versions/3.8/lib/python3.8/site-packages/airflow/example_dags/example_dynamic_task_mapping.py took 0.055 seconds
[2024-11-28T11:52:11.849-0600] {processor.py:186} INFO - Started process (PID=35024) to work on /Library/Frameworks/Python.framework/Versions/3.8/lib/python3.8/site-packages/airflow/example_dags/example_dynamic_task_mapping.py
[2024-11-28T11:52:11.850-0600] {processor.py:914} INFO - Processing file /Library/Frameworks/Python.framework/Versions/3.8/lib/python3.8/site-packages/airflow/example_dags/example_dynamic_task_mapping.py for tasks to queue
[2024-11-28T11:52:11.850-0600] {logging_mixin.py:190} INFO - [2024-11-28T11:52:11.850-0600] {dagbag.py:588} INFO - Filling up the DagBag from /Library/Frameworks/Python.framework/Versions/3.8/lib/python3.8/site-packages/airflow/example_dags/example_dynamic_task_mapping.py
[2024-11-28T11:52:11.864-0600] {processor.py:925} INFO - DAG(s) 'example_dynamic_task_mapping' retrieved from /Library/Frameworks/Python.framework/Versions/3.8/lib/python3.8/site-packages/airflow/example_dags/example_dynamic_task_mapping.py
[2024-11-28T11:52:11.900-0600] {logging_mixin.py:190} INFO - [2024-11-28T11:52:11.899-0600] {dag.py:3239} INFO - Sync 1 DAGs
[2024-11-28T11:52:11.903-0600] {logging_mixin.py:190} INFO - [2024-11-28T11:52:11.903-0600] {dag.py:4180} INFO - Setting next_dagrun for example_dynamic_task_mapping to None, run_after=None
[2024-11-28T11:52:11.908-0600] {processor.py:208} INFO - Processing /Library/Frameworks/Python.framework/Versions/3.8/lib/python3.8/site-packages/airflow/example_dags/example_dynamic_task_mapping.py took 0.061 seconds
[2024-11-28T11:54:24.997-0600] {processor.py:186} INFO - Started process (PID=35320) to work on /Library/Frameworks/Python.framework/Versions/3.8/lib/python3.8/site-packages/airflow/example_dags/example_dynamic_task_mapping.py
[2024-11-28T11:54:24.998-0600] {processor.py:914} INFO - Processing file /Library/Frameworks/Python.framework/Versions/3.8/lib/python3.8/site-packages/airflow/example_dags/example_dynamic_task_mapping.py for tasks to queue
[2024-11-28T11:54:24.999-0600] {logging_mixin.py:190} INFO - [2024-11-28T11:54:24.999-0600] {dagbag.py:588} INFO - Filling up the DagBag from /Library/Frameworks/Python.framework/Versions/3.8/lib/python3.8/site-packages/airflow/example_dags/example_dynamic_task_mapping.py
[2024-11-28T11:54:25.010-0600] {processor.py:925} INFO - DAG(s) 'example_dynamic_task_mapping' retrieved from /Library/Frameworks/Python.framework/Versions/3.8/lib/python3.8/site-packages/airflow/example_dags/example_dynamic_task_mapping.py
[2024-11-28T11:54:25.043-0600] {logging_mixin.py:190} INFO - [2024-11-28T11:54:25.043-0600] {dag.py:3239} INFO - Sync 1 DAGs
[2024-11-28T11:54:25.046-0600] {logging_mixin.py:190} INFO - [2024-11-28T11:54:25.046-0600] {dag.py:4180} INFO - Setting next_dagrun for example_dynamic_task_mapping to None, run_after=None
[2024-11-28T11:54:25.051-0600] {processor.py:208} INFO - Processing /Library/Frameworks/Python.framework/Versions/3.8/lib/python3.8/site-packages/airflow/example_dags/example_dynamic_task_mapping.py took 0.055 seconds
[2024-11-28T11:56:37.700-0600] {processor.py:186} INFO - Started process (PID=35575) to work on /Library/Frameworks/Python.framework/Versions/3.8/lib/python3.8/site-packages/airflow/example_dags/example_dynamic_task_mapping.py
[2024-11-28T11:56:37.701-0600] {processor.py:914} INFO - Processing file /Library/Frameworks/Python.framework/Versions/3.8/lib/python3.8/site-packages/airflow/example_dags/example_dynamic_task_mapping.py for tasks to queue
[2024-11-28T11:56:37.701-0600] {logging_mixin.py:190} INFO - [2024-11-28T11:56:37.701-0600] {dagbag.py:588} INFO - Filling up the DagBag from /Library/Frameworks/Python.framework/Versions/3.8/lib/python3.8/site-packages/airflow/example_dags/example_dynamic_task_mapping.py
[2024-11-28T11:56:37.713-0600] {processor.py:925} INFO - DAG(s) 'example_dynamic_task_mapping' retrieved from /Library/Frameworks/Python.framework/Versions/3.8/lib/python3.8/site-packages/airflow/example_dags/example_dynamic_task_mapping.py
[2024-11-28T11:56:37.747-0600] {logging_mixin.py:190} INFO - [2024-11-28T11:56:37.747-0600] {dag.py:3239} INFO - Sync 1 DAGs
[2024-11-28T11:56:37.750-0600] {logging_mixin.py:190} INFO - [2024-11-28T11:56:37.750-0600] {dag.py:4180} INFO - Setting next_dagrun for example_dynamic_task_mapping to None, run_after=None
[2024-11-28T11:56:37.755-0600] {processor.py:208} INFO - Processing /Library/Frameworks/Python.framework/Versions/3.8/lib/python3.8/site-packages/airflow/example_dags/example_dynamic_task_mapping.py took 0.057 seconds
[2024-11-28T11:58:51.689-0600] {processor.py:186} INFO - Started process (PID=35824) to work on /Library/Frameworks/Python.framework/Versions/3.8/lib/python3.8/site-packages/airflow/example_dags/example_dynamic_task_mapping.py
[2024-11-28T11:58:51.690-0600] {processor.py:914} INFO - Processing file /Library/Frameworks/Python.framework/Versions/3.8/lib/python3.8/site-packages/airflow/example_dags/example_dynamic_task_mapping.py for tasks to queue
[2024-11-28T11:58:51.691-0600] {logging_mixin.py:190} INFO - [2024-11-28T11:58:51.691-0600] {dagbag.py:588} INFO - Filling up the DagBag from /Library/Frameworks/Python.framework/Versions/3.8/lib/python3.8/site-packages/airflow/example_dags/example_dynamic_task_mapping.py
[2024-11-28T11:58:51.702-0600] {processor.py:925} INFO - DAG(s) 'example_dynamic_task_mapping' retrieved from /Library/Frameworks/Python.framework/Versions/3.8/lib/python3.8/site-packages/airflow/example_dags/example_dynamic_task_mapping.py
[2024-11-28T11:58:51.736-0600] {logging_mixin.py:190} INFO - [2024-11-28T11:58:51.735-0600] {dag.py:3239} INFO - Sync 1 DAGs
[2024-11-28T11:58:51.739-0600] {logging_mixin.py:190} INFO - [2024-11-28T11:58:51.739-0600] {dag.py:4180} INFO - Setting next_dagrun for example_dynamic_task_mapping to None, run_after=None
[2024-11-28T11:58:51.744-0600] {processor.py:208} INFO - Processing /Library/Frameworks/Python.framework/Versions/3.8/lib/python3.8/site-packages/airflow/example_dags/example_dynamic_task_mapping.py took 0.056 seconds
[2024-11-28T12:01:08.769-0600] {processor.py:186} INFO - Started process (PID=36083) to work on /Library/Frameworks/Python.framework/Versions/3.8/lib/python3.8/site-packages/airflow/example_dags/example_dynamic_task_mapping.py
[2024-11-28T12:01:08.771-0600] {processor.py:914} INFO - Processing file /Library/Frameworks/Python.framework/Versions/3.8/lib/python3.8/site-packages/airflow/example_dags/example_dynamic_task_mapping.py for tasks to queue
[2024-11-28T12:01:08.771-0600] {logging_mixin.py:190} INFO - [2024-11-28T12:01:08.771-0600] {dagbag.py:588} INFO - Filling up the DagBag from /Library/Frameworks/Python.framework/Versions/3.8/lib/python3.8/site-packages/airflow/example_dags/example_dynamic_task_mapping.py
[2024-11-28T12:01:08.783-0600] {processor.py:925} INFO - DAG(s) 'example_dynamic_task_mapping' retrieved from /Library/Frameworks/Python.framework/Versions/3.8/lib/python3.8/site-packages/airflow/example_dags/example_dynamic_task_mapping.py
[2024-11-28T12:01:08.818-0600] {logging_mixin.py:190} INFO - [2024-11-28T12:01:08.817-0600] {dag.py:3239} INFO - Sync 1 DAGs
[2024-11-28T12:01:08.821-0600] {logging_mixin.py:190} INFO - [2024-11-28T12:01:08.821-0600] {dag.py:4180} INFO - Setting next_dagrun for example_dynamic_task_mapping to None, run_after=None
[2024-11-28T12:01:08.826-0600] {processor.py:208} INFO - Processing /Library/Frameworks/Python.framework/Versions/3.8/lib/python3.8/site-packages/airflow/example_dags/example_dynamic_task_mapping.py took 0.058 seconds
[2024-11-28T12:03:19.970-0600] {processor.py:186} INFO - Started process (PID=36329) to work on /Library/Frameworks/Python.framework/Versions/3.8/lib/python3.8/site-packages/airflow/example_dags/example_dynamic_task_mapping.py
[2024-11-28T12:03:19.971-0600] {processor.py:914} INFO - Processing file /Library/Frameworks/Python.framework/Versions/3.8/lib/python3.8/site-packages/airflow/example_dags/example_dynamic_task_mapping.py for tasks to queue
[2024-11-28T12:03:19.971-0600] {logging_mixin.py:190} INFO - [2024-11-28T12:03:19.971-0600] {dagbag.py:588} INFO - Filling up the DagBag from /Library/Frameworks/Python.framework/Versions/3.8/lib/python3.8/site-packages/airflow/example_dags/example_dynamic_task_mapping.py
[2024-11-28T12:03:19.983-0600] {processor.py:925} INFO - DAG(s) 'example_dynamic_task_mapping' retrieved from /Library/Frameworks/Python.framework/Versions/3.8/lib/python3.8/site-packages/airflow/example_dags/example_dynamic_task_mapping.py
[2024-11-28T12:03:20.017-0600] {logging_mixin.py:190} INFO - [2024-11-28T12:03:20.017-0600] {dag.py:3239} INFO - Sync 1 DAGs
[2024-11-28T12:03:20.021-0600] {logging_mixin.py:190} INFO - [2024-11-28T12:03:20.020-0600] {dag.py:4180} INFO - Setting next_dagrun for example_dynamic_task_mapping to None, run_after=None
[2024-11-28T12:03:20.026-0600] {processor.py:208} INFO - Processing /Library/Frameworks/Python.framework/Versions/3.8/lib/python3.8/site-packages/airflow/example_dags/example_dynamic_task_mapping.py took 0.057 seconds
[2024-11-28T12:05:33.221-0600] {processor.py:186} INFO - Started process (PID=36581) to work on /Library/Frameworks/Python.framework/Versions/3.8/lib/python3.8/site-packages/airflow/example_dags/example_dynamic_task_mapping.py
[2024-11-28T12:05:33.223-0600] {processor.py:914} INFO - Processing file /Library/Frameworks/Python.framework/Versions/3.8/lib/python3.8/site-packages/airflow/example_dags/example_dynamic_task_mapping.py for tasks to queue
[2024-11-28T12:05:33.223-0600] {logging_mixin.py:190} INFO - [2024-11-28T12:05:33.223-0600] {dagbag.py:588} INFO - Filling up the DagBag from /Library/Frameworks/Python.framework/Versions/3.8/lib/python3.8/site-packages/airflow/example_dags/example_dynamic_task_mapping.py
[2024-11-28T12:05:33.235-0600] {processor.py:925} INFO - DAG(s) 'example_dynamic_task_mapping' retrieved from /Library/Frameworks/Python.framework/Versions/3.8/lib/python3.8/site-packages/airflow/example_dags/example_dynamic_task_mapping.py
[2024-11-28T12:05:33.268-0600] {logging_mixin.py:190} INFO - [2024-11-28T12:05:33.268-0600] {dag.py:3239} INFO - Sync 1 DAGs
[2024-11-28T12:05:33.272-0600] {logging_mixin.py:190} INFO - [2024-11-28T12:05:33.272-0600] {dag.py:4180} INFO - Setting next_dagrun for example_dynamic_task_mapping to None, run_after=None
[2024-11-28T12:05:33.277-0600] {processor.py:208} INFO - Processing /Library/Frameworks/Python.framework/Versions/3.8/lib/python3.8/site-packages/airflow/example_dags/example_dynamic_task_mapping.py took 0.057 seconds
[2024-11-28T12:07:41.529-0600] {processor.py:186} INFO - Started process (PID=36824) to work on /Library/Frameworks/Python.framework/Versions/3.8/lib/python3.8/site-packages/airflow/example_dags/example_dynamic_task_mapping.py
[2024-11-28T12:07:41.530-0600] {processor.py:914} INFO - Processing file /Library/Frameworks/Python.framework/Versions/3.8/lib/python3.8/site-packages/airflow/example_dags/example_dynamic_task_mapping.py for tasks to queue
[2024-11-28T12:07:41.531-0600] {logging_mixin.py:190} INFO - [2024-11-28T12:07:41.531-0600] {dagbag.py:588} INFO - Filling up the DagBag from /Library/Frameworks/Python.framework/Versions/3.8/lib/python3.8/site-packages/airflow/example_dags/example_dynamic_task_mapping.py
[2024-11-28T12:07:41.542-0600] {processor.py:925} INFO - DAG(s) 'example_dynamic_task_mapping' retrieved from /Library/Frameworks/Python.framework/Versions/3.8/lib/python3.8/site-packages/airflow/example_dags/example_dynamic_task_mapping.py
[2024-11-28T12:07:41.575-0600] {logging_mixin.py:190} INFO - [2024-11-28T12:07:41.575-0600] {dag.py:3239} INFO - Sync 1 DAGs
[2024-11-28T12:07:41.579-0600] {logging_mixin.py:190} INFO - [2024-11-28T12:07:41.579-0600] {dag.py:4180} INFO - Setting next_dagrun for example_dynamic_task_mapping to None, run_after=None
[2024-11-28T12:07:41.584-0600] {processor.py:208} INFO - Processing /Library/Frameworks/Python.framework/Versions/3.8/lib/python3.8/site-packages/airflow/example_dags/example_dynamic_task_mapping.py took 0.056 seconds
[2024-11-28T12:10:01.436-0600] {processor.py:186} INFO - Started process (PID=37079) to work on /Library/Frameworks/Python.framework/Versions/3.8/lib/python3.8/site-packages/airflow/example_dags/example_dynamic_task_mapping.py
[2024-11-28T12:10:01.438-0600] {processor.py:914} INFO - Processing file /Library/Frameworks/Python.framework/Versions/3.8/lib/python3.8/site-packages/airflow/example_dags/example_dynamic_task_mapping.py for tasks to queue
[2024-11-28T12:10:01.438-0600] {logging_mixin.py:190} INFO - [2024-11-28T12:10:01.438-0600] {dagbag.py:588} INFO - Filling up the DagBag from /Library/Frameworks/Python.framework/Versions/3.8/lib/python3.8/site-packages/airflow/example_dags/example_dynamic_task_mapping.py
[2024-11-28T12:10:01.450-0600] {processor.py:925} INFO - DAG(s) 'example_dynamic_task_mapping' retrieved from /Library/Frameworks/Python.framework/Versions/3.8/lib/python3.8/site-packages/airflow/example_dags/example_dynamic_task_mapping.py
[2024-11-28T12:10:01.483-0600] {logging_mixin.py:190} INFO - [2024-11-28T12:10:01.483-0600] {dag.py:3239} INFO - Sync 1 DAGs
[2024-11-28T12:10:01.487-0600] {logging_mixin.py:190} INFO - [2024-11-28T12:10:01.486-0600] {dag.py:4180} INFO - Setting next_dagrun for example_dynamic_task_mapping to None, run_after=None
[2024-11-28T12:10:01.492-0600] {processor.py:208} INFO - Processing /Library/Frameworks/Python.framework/Versions/3.8/lib/python3.8/site-packages/airflow/example_dags/example_dynamic_task_mapping.py took 0.057 seconds
