[2024-11-28T11:47:22.293-0600] {processor.py:186} INFO - Started process (PID=34458) to work on /Library/Frameworks/Python.framework/Versions/3.8/lib/python3.8/site-packages/airflow/example_dags/example_python_decorator.py
[2024-11-28T11:47:22.293-0600] {processor.py:914} INFO - Processing file /Library/Frameworks/Python.framework/Versions/3.8/lib/python3.8/site-packages/airflow/example_dags/example_python_decorator.py for tasks to queue
[2024-11-28T11:47:22.293-0600] {logging_mixin.py:190} INFO - [2024-11-28T11:47:22.293-0600] {dagbag.py:588} INFO - Filling up the DagBag from /Library/Frameworks/Python.framework/Versions/3.8/lib/python3.8/site-packages/airflow/example_dags/example_python_decorator.py
[2024-11-28T11:47:22.307-0600] {logging_mixin.py:190} INFO - [2024-11-28T11:47:22.307-0600] {example_python_decorator.py:80} WARNING - The virtalenv_python example task requires virtualenv, please install it.
[2024-11-28T11:47:22.308-0600] {processor.py:925} INFO - DAG(s) 'example_python_decorator' retrieved from /Library/Frameworks/Python.framework/Versions/3.8/lib/python3.8/site-packages/airflow/example_dags/example_python_decorator.py
[2024-11-28T11:47:22.344-0600] {logging_mixin.py:190} INFO - [2024-11-28T11:47:22.343-0600] {dag.py:3239} INFO - Sync 1 DAGs
[2024-11-28T11:47:22.347-0600] {logging_mixin.py:190} INFO - [2024-11-28T11:47:22.347-0600] {dag.py:4180} INFO - Setting next_dagrun for example_python_decorator to None, run_after=None
[2024-11-28T11:47:22.353-0600] {processor.py:208} INFO - Processing /Library/Frameworks/Python.framework/Versions/3.8/lib/python3.8/site-packages/airflow/example_dags/example_python_decorator.py took 0.061 seconds
[2024-11-28T11:48:58.393-0600] {processor.py:186} INFO - Started process (PID=34643) to work on /Library/Frameworks/Python.framework/Versions/3.8/lib/python3.8/site-packages/airflow/example_dags/example_python_decorator.py
[2024-11-28T11:48:58.395-0600] {processor.py:914} INFO - Processing file /Library/Frameworks/Python.framework/Versions/3.8/lib/python3.8/site-packages/airflow/example_dags/example_python_decorator.py for tasks to queue
[2024-11-28T11:48:58.395-0600] {logging_mixin.py:190} INFO - [2024-11-28T11:48:58.395-0600] {dagbag.py:588} INFO - Filling up the DagBag from /Library/Frameworks/Python.framework/Versions/3.8/lib/python3.8/site-packages/airflow/example_dags/example_python_decorator.py
[2024-11-28T11:48:58.406-0600] {logging_mixin.py:190} INFO - [2024-11-28T11:48:58.406-0600] {example_python_decorator.py:80} WARNING - The virtalenv_python example task requires virtualenv, please install it.
[2024-11-28T11:48:58.407-0600] {processor.py:925} INFO - DAG(s) 'example_python_decorator' retrieved from /Library/Frameworks/Python.framework/Versions/3.8/lib/python3.8/site-packages/airflow/example_dags/example_python_decorator.py
[2024-11-28T11:48:58.440-0600] {logging_mixin.py:190} INFO - [2024-11-28T11:48:58.440-0600] {dag.py:3239} INFO - Sync 1 DAGs
[2024-11-28T11:48:58.443-0600] {logging_mixin.py:190} INFO - [2024-11-28T11:48:58.443-0600] {dag.py:4180} INFO - Setting next_dagrun for example_python_decorator to None, run_after=None
[2024-11-28T11:48:58.448-0600] {processor.py:208} INFO - Processing /Library/Frameworks/Python.framework/Versions/3.8/lib/python3.8/site-packages/airflow/example_dags/example_python_decorator.py took 0.056 seconds
[2024-11-28T11:51:14.734-0600] {processor.py:186} INFO - Started process (PID=34914) to work on /Library/Frameworks/Python.framework/Versions/3.8/lib/python3.8/site-packages/airflow/example_dags/example_python_decorator.py
[2024-11-28T11:51:14.735-0600] {processor.py:914} INFO - Processing file /Library/Frameworks/Python.framework/Versions/3.8/lib/python3.8/site-packages/airflow/example_dags/example_python_decorator.py for tasks to queue
[2024-11-28T11:51:14.735-0600] {logging_mixin.py:190} INFO - [2024-11-28T11:51:14.735-0600] {dagbag.py:588} INFO - Filling up the DagBag from /Library/Frameworks/Python.framework/Versions/3.8/lib/python3.8/site-packages/airflow/example_dags/example_python_decorator.py
[2024-11-28T11:51:14.747-0600] {logging_mixin.py:190} INFO - [2024-11-28T11:51:14.747-0600] {example_python_decorator.py:80} WARNING - The virtalenv_python example task requires virtualenv, please install it.
[2024-11-28T11:51:14.747-0600] {processor.py:925} INFO - DAG(s) 'example_python_decorator' retrieved from /Library/Frameworks/Python.framework/Versions/3.8/lib/python3.8/site-packages/airflow/example_dags/example_python_decorator.py
[2024-11-28T11:51:14.781-0600] {logging_mixin.py:190} INFO - [2024-11-28T11:51:14.781-0600] {dag.py:3239} INFO - Sync 1 DAGs
[2024-11-28T11:51:14.784-0600] {logging_mixin.py:190} INFO - [2024-11-28T11:51:14.784-0600] {dag.py:4180} INFO - Setting next_dagrun for example_python_decorator to None, run_after=None
[2024-11-28T11:51:14.789-0600] {processor.py:208} INFO - Processing /Library/Frameworks/Python.framework/Versions/3.8/lib/python3.8/site-packages/airflow/example_dags/example_python_decorator.py took 0.057 seconds
[2024-11-28T11:53:25.081-0600] {processor.py:186} INFO - Started process (PID=35189) to work on /Library/Frameworks/Python.framework/Versions/3.8/lib/python3.8/site-packages/airflow/example_dags/example_python_decorator.py
[2024-11-28T11:53:25.082-0600] {processor.py:914} INFO - Processing file /Library/Frameworks/Python.framework/Versions/3.8/lib/python3.8/site-packages/airflow/example_dags/example_python_decorator.py for tasks to queue
[2024-11-28T11:53:25.083-0600] {logging_mixin.py:190} INFO - [2024-11-28T11:53:25.083-0600] {dagbag.py:588} INFO - Filling up the DagBag from /Library/Frameworks/Python.framework/Versions/3.8/lib/python3.8/site-packages/airflow/example_dags/example_python_decorator.py
[2024-11-28T11:53:25.095-0600] {logging_mixin.py:190} INFO - [2024-11-28T11:53:25.095-0600] {example_python_decorator.py:80} WARNING - The virtalenv_python example task requires virtualenv, please install it.
[2024-11-28T11:53:25.095-0600] {processor.py:925} INFO - DAG(s) 'example_python_decorator' retrieved from /Library/Frameworks/Python.framework/Versions/3.8/lib/python3.8/site-packages/airflow/example_dags/example_python_decorator.py
[2024-11-28T11:53:25.130-0600] {logging_mixin.py:190} INFO - [2024-11-28T11:53:25.130-0600] {dag.py:3239} INFO - Sync 1 DAGs
[2024-11-28T11:53:25.134-0600] {logging_mixin.py:190} INFO - [2024-11-28T11:53:25.134-0600] {dag.py:4180} INFO - Setting next_dagrun for example_python_decorator to None, run_after=None
[2024-11-28T11:53:25.139-0600] {processor.py:208} INFO - Processing /Library/Frameworks/Python.framework/Versions/3.8/lib/python3.8/site-packages/airflow/example_dags/example_python_decorator.py took 0.059 seconds
[2024-11-28T11:55:37.448-0600] {processor.py:186} INFO - Started process (PID=35458) to work on /Library/Frameworks/Python.framework/Versions/3.8/lib/python3.8/site-packages/airflow/example_dags/example_python_decorator.py
[2024-11-28T11:55:37.449-0600] {processor.py:914} INFO - Processing file /Library/Frameworks/Python.framework/Versions/3.8/lib/python3.8/site-packages/airflow/example_dags/example_python_decorator.py for tasks to queue
[2024-11-28T11:55:37.449-0600] {logging_mixin.py:190} INFO - [2024-11-28T11:55:37.449-0600] {dagbag.py:588} INFO - Filling up the DagBag from /Library/Frameworks/Python.framework/Versions/3.8/lib/python3.8/site-packages/airflow/example_dags/example_python_decorator.py
[2024-11-28T11:55:37.461-0600] {logging_mixin.py:190} INFO - [2024-11-28T11:55:37.461-0600] {example_python_decorator.py:80} WARNING - The virtalenv_python example task requires virtualenv, please install it.
[2024-11-28T11:55:37.461-0600] {processor.py:925} INFO - DAG(s) 'example_python_decorator' retrieved from /Library/Frameworks/Python.framework/Versions/3.8/lib/python3.8/site-packages/airflow/example_dags/example_python_decorator.py
[2024-11-28T11:55:37.496-0600] {logging_mixin.py:190} INFO - [2024-11-28T11:55:37.496-0600] {dag.py:3239} INFO - Sync 1 DAGs
[2024-11-28T11:55:37.499-0600] {logging_mixin.py:190} INFO - [2024-11-28T11:55:37.499-0600] {dag.py:4180} INFO - Setting next_dagrun for example_python_decorator to None, run_after=None
[2024-11-28T11:55:37.504-0600] {processor.py:208} INFO - Processing /Library/Frameworks/Python.framework/Versions/3.8/lib/python3.8/site-packages/airflow/example_dags/example_python_decorator.py took 0.058 seconds
[2024-11-28T11:57:51.687-0600] {processor.py:186} INFO - Started process (PID=35718) to work on /Library/Frameworks/Python.framework/Versions/3.8/lib/python3.8/site-packages/airflow/example_dags/example_python_decorator.py
[2024-11-28T11:57:51.688-0600] {processor.py:914} INFO - Processing file /Library/Frameworks/Python.framework/Versions/3.8/lib/python3.8/site-packages/airflow/example_dags/example_python_decorator.py for tasks to queue
[2024-11-28T11:57:51.689-0600] {logging_mixin.py:190} INFO - [2024-11-28T11:57:51.688-0600] {dagbag.py:588} INFO - Filling up the DagBag from /Library/Frameworks/Python.framework/Versions/3.8/lib/python3.8/site-packages/airflow/example_dags/example_python_decorator.py
[2024-11-28T11:57:51.700-0600] {logging_mixin.py:190} INFO - [2024-11-28T11:57:51.700-0600] {example_python_decorator.py:80} WARNING - The virtalenv_python example task requires virtualenv, please install it.
[2024-11-28T11:57:51.701-0600] {processor.py:925} INFO - DAG(s) 'example_python_decorator' retrieved from /Library/Frameworks/Python.framework/Versions/3.8/lib/python3.8/site-packages/airflow/example_dags/example_python_decorator.py
[2024-11-28T11:57:51.735-0600] {logging_mixin.py:190} INFO - [2024-11-28T11:57:51.735-0600] {dag.py:3239} INFO - Sync 1 DAGs
[2024-11-28T11:57:51.739-0600] {logging_mixin.py:190} INFO - [2024-11-28T11:57:51.739-0600] {dag.py:4180} INFO - Setting next_dagrun for example_python_decorator to None, run_after=None
[2024-11-28T11:57:51.744-0600] {processor.py:208} INFO - Processing /Library/Frameworks/Python.framework/Versions/3.8/lib/python3.8/site-packages/airflow/example_dags/example_python_decorator.py took 0.058 seconds
[2024-11-28T12:00:06.910-0600] {processor.py:186} INFO - Started process (PID=35966) to work on /Library/Frameworks/Python.framework/Versions/3.8/lib/python3.8/site-packages/airflow/example_dags/example_python_decorator.py
[2024-11-28T12:00:06.912-0600] {processor.py:914} INFO - Processing file /Library/Frameworks/Python.framework/Versions/3.8/lib/python3.8/site-packages/airflow/example_dags/example_python_decorator.py for tasks to queue
[2024-11-28T12:00:06.912-0600] {logging_mixin.py:190} INFO - [2024-11-28T12:00:06.912-0600] {dagbag.py:588} INFO - Filling up the DagBag from /Library/Frameworks/Python.framework/Versions/3.8/lib/python3.8/site-packages/airflow/example_dags/example_python_decorator.py
[2024-11-28T12:00:06.924-0600] {logging_mixin.py:190} INFO - [2024-11-28T12:00:06.924-0600] {example_python_decorator.py:80} WARNING - The virtalenv_python example task requires virtualenv, please install it.
[2024-11-28T12:00:06.925-0600] {processor.py:925} INFO - DAG(s) 'example_python_decorator' retrieved from /Library/Frameworks/Python.framework/Versions/3.8/lib/python3.8/site-packages/airflow/example_dags/example_python_decorator.py
[2024-11-28T12:00:06.959-0600] {logging_mixin.py:190} INFO - [2024-11-28T12:00:06.959-0600] {dag.py:3239} INFO - Sync 1 DAGs
[2024-11-28T12:00:06.962-0600] {logging_mixin.py:190} INFO - [2024-11-28T12:00:06.962-0600] {dag.py:4180} INFO - Setting next_dagrun for example_python_decorator to None, run_after=None
[2024-11-28T12:00:06.967-0600] {processor.py:208} INFO - Processing /Library/Frameworks/Python.framework/Versions/3.8/lib/python3.8/site-packages/airflow/example_dags/example_python_decorator.py took 0.058 seconds
[2024-11-28T12:02:22.534-0600] {processor.py:186} INFO - Started process (PID=36219) to work on /Library/Frameworks/Python.framework/Versions/3.8/lib/python3.8/site-packages/airflow/example_dags/example_python_decorator.py
[2024-11-28T12:02:22.535-0600] {processor.py:914} INFO - Processing file /Library/Frameworks/Python.framework/Versions/3.8/lib/python3.8/site-packages/airflow/example_dags/example_python_decorator.py for tasks to queue
[2024-11-28T12:02:22.536-0600] {logging_mixin.py:190} INFO - [2024-11-28T12:02:22.535-0600] {dagbag.py:588} INFO - Filling up the DagBag from /Library/Frameworks/Python.framework/Versions/3.8/lib/python3.8/site-packages/airflow/example_dags/example_python_decorator.py
[2024-11-28T12:02:22.548-0600] {logging_mixin.py:190} INFO - [2024-11-28T12:02:22.548-0600] {example_python_decorator.py:80} WARNING - The virtalenv_python example task requires virtualenv, please install it.
[2024-11-28T12:02:22.548-0600] {processor.py:925} INFO - DAG(s) 'example_python_decorator' retrieved from /Library/Frameworks/Python.framework/Versions/3.8/lib/python3.8/site-packages/airflow/example_dags/example_python_decorator.py
[2024-11-28T12:02:22.583-0600] {logging_mixin.py:190} INFO - [2024-11-28T12:02:22.583-0600] {dag.py:3239} INFO - Sync 1 DAGs
[2024-11-28T12:02:22.586-0600] {logging_mixin.py:190} INFO - [2024-11-28T12:02:22.586-0600] {dag.py:4180} INFO - Setting next_dagrun for example_python_decorator to None, run_after=None
[2024-11-28T12:02:22.592-0600] {processor.py:208} INFO - Processing /Library/Frameworks/Python.framework/Versions/3.8/lib/python3.8/site-packages/airflow/example_dags/example_python_decorator.py took 0.059 seconds
[2024-11-28T12:04:37.229-0600] {processor.py:186} INFO - Started process (PID=36472) to work on /Library/Frameworks/Python.framework/Versions/3.8/lib/python3.8/site-packages/airflow/example_dags/example_python_decorator.py
[2024-11-28T12:04:37.230-0600] {processor.py:914} INFO - Processing file /Library/Frameworks/Python.framework/Versions/3.8/lib/python3.8/site-packages/airflow/example_dags/example_python_decorator.py for tasks to queue
[2024-11-28T12:04:37.231-0600] {logging_mixin.py:190} INFO - [2024-11-28T12:04:37.231-0600] {dagbag.py:588} INFO - Filling up the DagBag from /Library/Frameworks/Python.framework/Versions/3.8/lib/python3.8/site-packages/airflow/example_dags/example_python_decorator.py
[2024-11-28T12:04:37.243-0600] {logging_mixin.py:190} INFO - [2024-11-28T12:04:37.243-0600] {example_python_decorator.py:80} WARNING - The virtalenv_python example task requires virtualenv, please install it.
[2024-11-28T12:04:37.243-0600] {processor.py:925} INFO - DAG(s) 'example_python_decorator' retrieved from /Library/Frameworks/Python.framework/Versions/3.8/lib/python3.8/site-packages/airflow/example_dags/example_python_decorator.py
[2024-11-28T12:04:37.279-0600] {logging_mixin.py:190} INFO - [2024-11-28T12:04:37.278-0600] {dag.py:3239} INFO - Sync 1 DAGs
[2024-11-28T12:04:37.282-0600] {logging_mixin.py:190} INFO - [2024-11-28T12:04:37.282-0600] {dag.py:4180} INFO - Setting next_dagrun for example_python_decorator to None, run_after=None
[2024-11-28T12:04:37.288-0600] {processor.py:208} INFO - Processing /Library/Frameworks/Python.framework/Versions/3.8/lib/python3.8/site-packages/airflow/example_dags/example_python_decorator.py took 0.060 seconds
[2024-11-28T12:06:44.375-0600] {processor.py:186} INFO - Started process (PID=36718) to work on /Library/Frameworks/Python.framework/Versions/3.8/lib/python3.8/site-packages/airflow/example_dags/example_python_decorator.py
[2024-11-28T12:06:44.376-0600] {processor.py:914} INFO - Processing file /Library/Frameworks/Python.framework/Versions/3.8/lib/python3.8/site-packages/airflow/example_dags/example_python_decorator.py for tasks to queue
[2024-11-28T12:06:44.376-0600] {logging_mixin.py:190} INFO - [2024-11-28T12:06:44.376-0600] {dagbag.py:588} INFO - Filling up the DagBag from /Library/Frameworks/Python.framework/Versions/3.8/lib/python3.8/site-packages/airflow/example_dags/example_python_decorator.py
[2024-11-28T12:06:44.387-0600] {logging_mixin.py:190} INFO - [2024-11-28T12:06:44.387-0600] {example_python_decorator.py:80} WARNING - The virtalenv_python example task requires virtualenv, please install it.
[2024-11-28T12:06:44.388-0600] {processor.py:925} INFO - DAG(s) 'example_python_decorator' retrieved from /Library/Frameworks/Python.framework/Versions/3.8/lib/python3.8/site-packages/airflow/example_dags/example_python_decorator.py
[2024-11-28T12:06:44.422-0600] {logging_mixin.py:190} INFO - [2024-11-28T12:06:44.422-0600] {dag.py:3239} INFO - Sync 1 DAGs
[2024-11-28T12:06:44.425-0600] {logging_mixin.py:190} INFO - [2024-11-28T12:06:44.425-0600] {dag.py:4180} INFO - Setting next_dagrun for example_python_decorator to None, run_after=None
[2024-11-28T12:06:44.431-0600] {processor.py:208} INFO - Processing /Library/Frameworks/Python.framework/Versions/3.8/lib/python3.8/site-packages/airflow/example_dags/example_python_decorator.py took 0.056 seconds
[2024-11-28T12:08:58.498-0600] {processor.py:186} INFO - Started process (PID=36960) to work on /Library/Frameworks/Python.framework/Versions/3.8/lib/python3.8/site-packages/airflow/example_dags/example_python_decorator.py
[2024-11-28T12:08:58.499-0600] {processor.py:914} INFO - Processing file /Library/Frameworks/Python.framework/Versions/3.8/lib/python3.8/site-packages/airflow/example_dags/example_python_decorator.py for tasks to queue
[2024-11-28T12:08:58.500-0600] {logging_mixin.py:190} INFO - [2024-11-28T12:08:58.500-0600] {dagbag.py:588} INFO - Filling up the DagBag from /Library/Frameworks/Python.framework/Versions/3.8/lib/python3.8/site-packages/airflow/example_dags/example_python_decorator.py
[2024-11-28T12:08:58.511-0600] {logging_mixin.py:190} INFO - [2024-11-28T12:08:58.511-0600] {example_python_decorator.py:80} WARNING - The virtalenv_python example task requires virtualenv, please install it.
[2024-11-28T12:08:58.512-0600] {processor.py:925} INFO - DAG(s) 'example_python_decorator' retrieved from /Library/Frameworks/Python.framework/Versions/3.8/lib/python3.8/site-packages/airflow/example_dags/example_python_decorator.py
[2024-11-28T12:08:58.547-0600] {logging_mixin.py:190} INFO - [2024-11-28T12:08:58.547-0600] {dag.py:3239} INFO - Sync 1 DAGs
[2024-11-28T12:08:58.550-0600] {logging_mixin.py:190} INFO - [2024-11-28T12:08:58.550-0600] {dag.py:4180} INFO - Setting next_dagrun for example_python_decorator to None, run_after=None
[2024-11-28T12:08:58.556-0600] {processor.py:208} INFO - Processing /Library/Frameworks/Python.framework/Versions/3.8/lib/python3.8/site-packages/airflow/example_dags/example_python_decorator.py took 0.058 seconds
[2024-11-28T12:11:16.989-0600] {processor.py:186} INFO - Started process (PID=37245) to work on /Library/Frameworks/Python.framework/Versions/3.8/lib/python3.8/site-packages/airflow/example_dags/example_python_decorator.py
[2024-11-28T12:11:16.990-0600] {processor.py:914} INFO - Processing file /Library/Frameworks/Python.framework/Versions/3.8/lib/python3.8/site-packages/airflow/example_dags/example_python_decorator.py for tasks to queue
[2024-11-28T12:11:16.990-0600] {logging_mixin.py:190} INFO - [2024-11-28T12:11:16.990-0600] {dagbag.py:588} INFO - Filling up the DagBag from /Library/Frameworks/Python.framework/Versions/3.8/lib/python3.8/site-packages/airflow/example_dags/example_python_decorator.py
[2024-11-28T12:11:17.002-0600] {logging_mixin.py:190} INFO - [2024-11-28T12:11:17.002-0600] {example_python_decorator.py:80} WARNING - The virtalenv_python example task requires virtualenv, please install it.
[2024-11-28T12:11:17.003-0600] {processor.py:925} INFO - DAG(s) 'example_python_decorator' retrieved from /Library/Frameworks/Python.framework/Versions/3.8/lib/python3.8/site-packages/airflow/example_dags/example_python_decorator.py
[2024-11-28T12:11:17.037-0600] {logging_mixin.py:190} INFO - [2024-11-28T12:11:17.037-0600] {dag.py:3239} INFO - Sync 1 DAGs
[2024-11-28T12:11:17.041-0600] {logging_mixin.py:190} INFO - [2024-11-28T12:11:17.041-0600] {dag.py:4180} INFO - Setting next_dagrun for example_python_decorator to None, run_after=None
[2024-11-28T12:11:17.046-0600] {processor.py:208} INFO - Processing /Library/Frameworks/Python.framework/Versions/3.8/lib/python3.8/site-packages/airflow/example_dags/example_python_decorator.py took 0.058 seconds
