[2024-11-28T11:47:18.586-0600] {processor.py:186} INFO - Started process (PID=34451) to work on /Library/Frameworks/Python.framework/Versions/3.8/lib/python3.8/site-packages/airflow/example_dags/example_sensor_decorator.py
[2024-11-28T11:47:18.586-0600] {processor.py:914} INFO - Processing file /Library/Frameworks/Python.framework/Versions/3.8/lib/python3.8/site-packages/airflow/example_dags/example_sensor_decorator.py for tasks to queue
[2024-11-28T11:47:18.587-0600] {logging_mixin.py:190} INFO - [2024-11-28T11:47:18.586-0600] {dagbag.py:588} INFO - Filling up the DagBag from /Library/Frameworks/Python.framework/Versions/3.8/lib/python3.8/site-packages/airflow/example_dags/example_sensor_decorator.py
[2024-11-28T11:47:18.600-0600] {processor.py:925} INFO - DAG(s) 'example_sensor_decorator' retrieved from /Library/Frameworks/Python.framework/Versions/3.8/lib/python3.8/site-packages/airflow/example_dags/example_sensor_decorator.py
[2024-11-28T11:47:18.630-0600] {logging_mixin.py:190} INFO - [2024-11-28T11:47:18.630-0600] {workday.py:41} WARNING - Could not import pandas. Holidays will not be considered.
[2024-11-28T11:47:18.636-0600] {logging_mixin.py:190} INFO - [2024-11-28T11:47:18.636-0600] {dag.py:3239} INFO - Sync 1 DAGs
[2024-11-28T11:47:18.639-0600] {logging_mixin.py:190} INFO - [2024-11-28T11:47:18.639-0600] {dag.py:4180} INFO - Setting next_dagrun for example_sensor_decorator to None, run_after=None
[2024-11-28T11:47:18.645-0600] {processor.py:208} INFO - Processing /Library/Frameworks/Python.framework/Versions/3.8/lib/python3.8/site-packages/airflow/example_dags/example_sensor_decorator.py took 0.060 seconds
[2024-11-28T11:48:54.841-0600] {processor.py:186} INFO - Started process (PID=34637) to work on /Library/Frameworks/Python.framework/Versions/3.8/lib/python3.8/site-packages/airflow/example_dags/example_sensor_decorator.py
[2024-11-28T11:48:54.842-0600] {processor.py:914} INFO - Processing file /Library/Frameworks/Python.framework/Versions/3.8/lib/python3.8/site-packages/airflow/example_dags/example_sensor_decorator.py for tasks to queue
[2024-11-28T11:48:54.843-0600] {logging_mixin.py:190} INFO - [2024-11-28T11:48:54.843-0600] {dagbag.py:588} INFO - Filling up the DagBag from /Library/Frameworks/Python.framework/Versions/3.8/lib/python3.8/site-packages/airflow/example_dags/example_sensor_decorator.py
[2024-11-28T11:48:54.854-0600] {processor.py:925} INFO - DAG(s) 'example_sensor_decorator' retrieved from /Library/Frameworks/Python.framework/Versions/3.8/lib/python3.8/site-packages/airflow/example_dags/example_sensor_decorator.py
[2024-11-28T11:48:54.884-0600] {logging_mixin.py:190} INFO - [2024-11-28T11:48:54.884-0600] {workday.py:41} WARNING - Could not import pandas. Holidays will not be considered.
[2024-11-28T11:48:54.890-0600] {logging_mixin.py:190} INFO - [2024-11-28T11:48:54.889-0600] {dag.py:3239} INFO - Sync 1 DAGs
[2024-11-28T11:48:54.893-0600] {logging_mixin.py:190} INFO - [2024-11-28T11:48:54.893-0600] {dag.py:4180} INFO - Setting next_dagrun for example_sensor_decorator to None, run_after=None
[2024-11-28T11:48:54.898-0600] {processor.py:208} INFO - Processing /Library/Frameworks/Python.framework/Versions/3.8/lib/python3.8/site-packages/airflow/example_dags/example_sensor_decorator.py took 0.058 seconds
[2024-11-28T11:51:11.479-0600] {processor.py:186} INFO - Started process (PID=34907) to work on /Library/Frameworks/Python.framework/Versions/3.8/lib/python3.8/site-packages/airflow/example_dags/example_sensor_decorator.py
[2024-11-28T11:51:11.480-0600] {processor.py:914} INFO - Processing file /Library/Frameworks/Python.framework/Versions/3.8/lib/python3.8/site-packages/airflow/example_dags/example_sensor_decorator.py for tasks to queue
[2024-11-28T11:51:11.481-0600] {logging_mixin.py:190} INFO - [2024-11-28T11:51:11.481-0600] {dagbag.py:588} INFO - Filling up the DagBag from /Library/Frameworks/Python.framework/Versions/3.8/lib/python3.8/site-packages/airflow/example_dags/example_sensor_decorator.py
[2024-11-28T11:51:11.492-0600] {processor.py:925} INFO - DAG(s) 'example_sensor_decorator' retrieved from /Library/Frameworks/Python.framework/Versions/3.8/lib/python3.8/site-packages/airflow/example_dags/example_sensor_decorator.py
[2024-11-28T11:51:11.522-0600] {logging_mixin.py:190} INFO - [2024-11-28T11:51:11.522-0600] {workday.py:41} WARNING - Could not import pandas. Holidays will not be considered.
[2024-11-28T11:51:11.528-0600] {logging_mixin.py:190} INFO - [2024-11-28T11:51:11.528-0600] {dag.py:3239} INFO - Sync 1 DAGs
[2024-11-28T11:51:11.531-0600] {logging_mixin.py:190} INFO - [2024-11-28T11:51:11.531-0600] {dag.py:4180} INFO - Setting next_dagrun for example_sensor_decorator to None, run_after=None
[2024-11-28T11:51:11.536-0600] {processor.py:208} INFO - Processing /Library/Frameworks/Python.framework/Versions/3.8/lib/python3.8/site-packages/airflow/example_dags/example_sensor_decorator.py took 0.058 seconds
[2024-11-28T11:53:21.328-0600] {processor.py:186} INFO - Started process (PID=35161) to work on /Library/Frameworks/Python.framework/Versions/3.8/lib/python3.8/site-packages/airflow/example_dags/example_sensor_decorator.py
[2024-11-28T11:53:21.329-0600] {processor.py:914} INFO - Processing file /Library/Frameworks/Python.framework/Versions/3.8/lib/python3.8/site-packages/airflow/example_dags/example_sensor_decorator.py for tasks to queue
[2024-11-28T11:53:21.329-0600] {logging_mixin.py:190} INFO - [2024-11-28T11:53:21.329-0600] {dagbag.py:588} INFO - Filling up the DagBag from /Library/Frameworks/Python.framework/Versions/3.8/lib/python3.8/site-packages/airflow/example_dags/example_sensor_decorator.py
[2024-11-28T11:53:21.341-0600] {processor.py:925} INFO - DAG(s) 'example_sensor_decorator' retrieved from /Library/Frameworks/Python.framework/Versions/3.8/lib/python3.8/site-packages/airflow/example_dags/example_sensor_decorator.py
[2024-11-28T11:53:21.372-0600] {logging_mixin.py:190} INFO - [2024-11-28T11:53:21.372-0600] {workday.py:41} WARNING - Could not import pandas. Holidays will not be considered.
[2024-11-28T11:53:21.378-0600] {logging_mixin.py:190} INFO - [2024-11-28T11:53:21.378-0600] {dag.py:3239} INFO - Sync 1 DAGs
[2024-11-28T11:53:21.382-0600] {logging_mixin.py:190} INFO - [2024-11-28T11:53:21.382-0600] {dag.py:4180} INFO - Setting next_dagrun for example_sensor_decorator to None, run_after=None
[2024-11-28T11:53:21.389-0600] {processor.py:208} INFO - Processing /Library/Frameworks/Python.framework/Versions/3.8/lib/python3.8/site-packages/airflow/example_dags/example_sensor_decorator.py took 0.063 seconds
[2024-11-28T11:55:34.225-0600] {processor.py:186} INFO - Started process (PID=35452) to work on /Library/Frameworks/Python.framework/Versions/3.8/lib/python3.8/site-packages/airflow/example_dags/example_sensor_decorator.py
[2024-11-28T11:55:34.226-0600] {processor.py:914} INFO - Processing file /Library/Frameworks/Python.framework/Versions/3.8/lib/python3.8/site-packages/airflow/example_dags/example_sensor_decorator.py for tasks to queue
[2024-11-28T11:55:34.226-0600] {logging_mixin.py:190} INFO - [2024-11-28T11:55:34.226-0600] {dagbag.py:588} INFO - Filling up the DagBag from /Library/Frameworks/Python.framework/Versions/3.8/lib/python3.8/site-packages/airflow/example_dags/example_sensor_decorator.py
[2024-11-28T11:55:34.238-0600] {processor.py:925} INFO - DAG(s) 'example_sensor_decorator' retrieved from /Library/Frameworks/Python.framework/Versions/3.8/lib/python3.8/site-packages/airflow/example_dags/example_sensor_decorator.py
[2024-11-28T11:55:34.269-0600] {logging_mixin.py:190} INFO - [2024-11-28T11:55:34.269-0600] {workday.py:41} WARNING - Could not import pandas. Holidays will not be considered.
[2024-11-28T11:55:34.275-0600] {logging_mixin.py:190} INFO - [2024-11-28T11:55:34.275-0600] {dag.py:3239} INFO - Sync 1 DAGs
[2024-11-28T11:55:34.278-0600] {logging_mixin.py:190} INFO - [2024-11-28T11:55:34.278-0600] {dag.py:4180} INFO - Setting next_dagrun for example_sensor_decorator to None, run_after=None
[2024-11-28T11:55:34.284-0600] {processor.py:208} INFO - Processing /Library/Frameworks/Python.framework/Versions/3.8/lib/python3.8/site-packages/airflow/example_dags/example_sensor_decorator.py took 0.060 seconds
[2024-11-28T11:57:48.076-0600] {processor.py:186} INFO - Started process (PID=35712) to work on /Library/Frameworks/Python.framework/Versions/3.8/lib/python3.8/site-packages/airflow/example_dags/example_sensor_decorator.py
[2024-11-28T11:57:48.077-0600] {processor.py:914} INFO - Processing file /Library/Frameworks/Python.framework/Versions/3.8/lib/python3.8/site-packages/airflow/example_dags/example_sensor_decorator.py for tasks to queue
[2024-11-28T11:57:48.077-0600] {logging_mixin.py:190} INFO - [2024-11-28T11:57:48.077-0600] {dagbag.py:588} INFO - Filling up the DagBag from /Library/Frameworks/Python.framework/Versions/3.8/lib/python3.8/site-packages/airflow/example_dags/example_sensor_decorator.py
[2024-11-28T11:57:48.089-0600] {processor.py:925} INFO - DAG(s) 'example_sensor_decorator' retrieved from /Library/Frameworks/Python.framework/Versions/3.8/lib/python3.8/site-packages/airflow/example_dags/example_sensor_decorator.py
[2024-11-28T11:57:48.120-0600] {logging_mixin.py:190} INFO - [2024-11-28T11:57:48.120-0600] {workday.py:41} WARNING - Could not import pandas. Holidays will not be considered.
[2024-11-28T11:57:48.126-0600] {logging_mixin.py:190} INFO - [2024-11-28T11:57:48.126-0600] {dag.py:3239} INFO - Sync 1 DAGs
[2024-11-28T11:57:48.130-0600] {logging_mixin.py:190} INFO - [2024-11-28T11:57:48.130-0600] {dag.py:4180} INFO - Setting next_dagrun for example_sensor_decorator to None, run_after=None
[2024-11-28T11:57:48.135-0600] {processor.py:208} INFO - Processing /Library/Frameworks/Python.framework/Versions/3.8/lib/python3.8/site-packages/airflow/example_dags/example_sensor_decorator.py took 0.060 seconds
[2024-11-28T12:00:04.878-0600] {processor.py:186} INFO - Started process (PID=35958) to work on /Library/Frameworks/Python.framework/Versions/3.8/lib/python3.8/site-packages/airflow/example_dags/example_sensor_decorator.py
[2024-11-28T12:00:04.879-0600] {processor.py:914} INFO - Processing file /Library/Frameworks/Python.framework/Versions/3.8/lib/python3.8/site-packages/airflow/example_dags/example_sensor_decorator.py for tasks to queue
[2024-11-28T12:00:04.880-0600] {logging_mixin.py:190} INFO - [2024-11-28T12:00:04.879-0600] {dagbag.py:588} INFO - Filling up the DagBag from /Library/Frameworks/Python.framework/Versions/3.8/lib/python3.8/site-packages/airflow/example_dags/example_sensor_decorator.py
[2024-11-28T12:00:04.891-0600] {processor.py:925} INFO - DAG(s) 'example_sensor_decorator' retrieved from /Library/Frameworks/Python.framework/Versions/3.8/lib/python3.8/site-packages/airflow/example_dags/example_sensor_decorator.py
[2024-11-28T12:00:04.922-0600] {logging_mixin.py:190} INFO - [2024-11-28T12:00:04.922-0600] {workday.py:41} WARNING - Could not import pandas. Holidays will not be considered.
[2024-11-28T12:00:04.928-0600] {logging_mixin.py:190} INFO - [2024-11-28T12:00:04.928-0600] {dag.py:3239} INFO - Sync 1 DAGs
[2024-11-28T12:00:04.931-0600] {logging_mixin.py:190} INFO - [2024-11-28T12:00:04.931-0600] {dag.py:4180} INFO - Setting next_dagrun for example_sensor_decorator to None, run_after=None
[2024-11-28T12:00:04.937-0600] {processor.py:208} INFO - Processing /Library/Frameworks/Python.framework/Versions/3.8/lib/python3.8/site-packages/airflow/example_dags/example_sensor_decorator.py took 0.060 seconds
[2024-11-28T12:02:19.630-0600] {processor.py:186} INFO - Started process (PID=36213) to work on /Library/Frameworks/Python.framework/Versions/3.8/lib/python3.8/site-packages/airflow/example_dags/example_sensor_decorator.py
[2024-11-28T12:02:19.631-0600] {processor.py:914} INFO - Processing file /Library/Frameworks/Python.framework/Versions/3.8/lib/python3.8/site-packages/airflow/example_dags/example_sensor_decorator.py for tasks to queue
[2024-11-28T12:02:19.631-0600] {logging_mixin.py:190} INFO - [2024-11-28T12:02:19.631-0600] {dagbag.py:588} INFO - Filling up the DagBag from /Library/Frameworks/Python.framework/Versions/3.8/lib/python3.8/site-packages/airflow/example_dags/example_sensor_decorator.py
[2024-11-28T12:02:19.644-0600] {processor.py:925} INFO - DAG(s) 'example_sensor_decorator' retrieved from /Library/Frameworks/Python.framework/Versions/3.8/lib/python3.8/site-packages/airflow/example_dags/example_sensor_decorator.py
[2024-11-28T12:02:19.675-0600] {logging_mixin.py:190} INFO - [2024-11-28T12:02:19.675-0600] {workday.py:41} WARNING - Could not import pandas. Holidays will not be considered.
[2024-11-28T12:02:19.681-0600] {logging_mixin.py:190} INFO - [2024-11-28T12:02:19.681-0600] {dag.py:3239} INFO - Sync 1 DAGs
[2024-11-28T12:02:19.685-0600] {logging_mixin.py:190} INFO - [2024-11-28T12:02:19.684-0600] {dag.py:4180} INFO - Setting next_dagrun for example_sensor_decorator to None, run_after=None
[2024-11-28T12:02:19.690-0600] {processor.py:208} INFO - Processing /Library/Frameworks/Python.framework/Versions/3.8/lib/python3.8/site-packages/airflow/example_dags/example_sensor_decorator.py took 0.062 seconds
[2024-11-28T12:04:33.672-0600] {processor.py:186} INFO - Started process (PID=36465) to work on /Library/Frameworks/Python.framework/Versions/3.8/lib/python3.8/site-packages/airflow/example_dags/example_sensor_decorator.py
[2024-11-28T12:04:33.673-0600] {processor.py:914} INFO - Processing file /Library/Frameworks/Python.framework/Versions/3.8/lib/python3.8/site-packages/airflow/example_dags/example_sensor_decorator.py for tasks to queue
[2024-11-28T12:04:33.673-0600] {logging_mixin.py:190} INFO - [2024-11-28T12:04:33.673-0600] {dagbag.py:588} INFO - Filling up the DagBag from /Library/Frameworks/Python.framework/Versions/3.8/lib/python3.8/site-packages/airflow/example_dags/example_sensor_decorator.py
[2024-11-28T12:04:33.686-0600] {processor.py:925} INFO - DAG(s) 'example_sensor_decorator' retrieved from /Library/Frameworks/Python.framework/Versions/3.8/lib/python3.8/site-packages/airflow/example_dags/example_sensor_decorator.py
[2024-11-28T12:04:33.718-0600] {logging_mixin.py:190} INFO - [2024-11-28T12:04:33.718-0600] {workday.py:41} WARNING - Could not import pandas. Holidays will not be considered.
[2024-11-28T12:04:33.724-0600] {logging_mixin.py:190} INFO - [2024-11-28T12:04:33.724-0600] {dag.py:3239} INFO - Sync 1 DAGs
[2024-11-28T12:04:33.728-0600] {logging_mixin.py:190} INFO - [2024-11-28T12:04:33.728-0600] {dag.py:4180} INFO - Setting next_dagrun for example_sensor_decorator to None, run_after=None
[2024-11-28T12:04:33.733-0600] {processor.py:208} INFO - Processing /Library/Frameworks/Python.framework/Versions/3.8/lib/python3.8/site-packages/airflow/example_dags/example_sensor_decorator.py took 0.062 seconds
[2024-11-28T12:06:40.708-0600] {processor.py:186} INFO - Started process (PID=36712) to work on /Library/Frameworks/Python.framework/Versions/3.8/lib/python3.8/site-packages/airflow/example_dags/example_sensor_decorator.py
[2024-11-28T12:06:40.709-0600] {processor.py:914} INFO - Processing file /Library/Frameworks/Python.framework/Versions/3.8/lib/python3.8/site-packages/airflow/example_dags/example_sensor_decorator.py for tasks to queue
[2024-11-28T12:06:40.709-0600] {logging_mixin.py:190} INFO - [2024-11-28T12:06:40.709-0600] {dagbag.py:588} INFO - Filling up the DagBag from /Library/Frameworks/Python.framework/Versions/3.8/lib/python3.8/site-packages/airflow/example_dags/example_sensor_decorator.py
[2024-11-28T12:06:40.720-0600] {processor.py:925} INFO - DAG(s) 'example_sensor_decorator' retrieved from /Library/Frameworks/Python.framework/Versions/3.8/lib/python3.8/site-packages/airflow/example_dags/example_sensor_decorator.py
[2024-11-28T12:06:40.751-0600] {logging_mixin.py:190} INFO - [2024-11-28T12:06:40.751-0600] {workday.py:41} WARNING - Could not import pandas. Holidays will not be considered.
[2024-11-28T12:06:40.757-0600] {logging_mixin.py:190} INFO - [2024-11-28T12:06:40.757-0600] {dag.py:3239} INFO - Sync 1 DAGs
[2024-11-28T12:06:40.761-0600] {logging_mixin.py:190} INFO - [2024-11-28T12:06:40.761-0600] {dag.py:4180} INFO - Setting next_dagrun for example_sensor_decorator to None, run_after=None
[2024-11-28T12:06:40.766-0600] {processor.py:208} INFO - Processing /Library/Frameworks/Python.framework/Versions/3.8/lib/python3.8/site-packages/airflow/example_dags/example_sensor_decorator.py took 0.059 seconds
[2024-11-28T12:08:54.910-0600] {processor.py:186} INFO - Started process (PID=36954) to work on /Library/Frameworks/Python.framework/Versions/3.8/lib/python3.8/site-packages/airflow/example_dags/example_sensor_decorator.py
[2024-11-28T12:08:54.911-0600] {processor.py:914} INFO - Processing file /Library/Frameworks/Python.framework/Versions/3.8/lib/python3.8/site-packages/airflow/example_dags/example_sensor_decorator.py for tasks to queue
[2024-11-28T12:08:54.911-0600] {logging_mixin.py:190} INFO - [2024-11-28T12:08:54.911-0600] {dagbag.py:588} INFO - Filling up the DagBag from /Library/Frameworks/Python.framework/Versions/3.8/lib/python3.8/site-packages/airflow/example_dags/example_sensor_decorator.py
[2024-11-28T12:08:54.923-0600] {processor.py:925} INFO - DAG(s) 'example_sensor_decorator' retrieved from /Library/Frameworks/Python.framework/Versions/3.8/lib/python3.8/site-packages/airflow/example_dags/example_sensor_decorator.py
[2024-11-28T12:08:54.955-0600] {logging_mixin.py:190} INFO - [2024-11-28T12:08:54.955-0600] {workday.py:41} WARNING - Could not import pandas. Holidays will not be considered.
[2024-11-28T12:08:54.961-0600] {logging_mixin.py:190} INFO - [2024-11-28T12:08:54.961-0600] {dag.py:3239} INFO - Sync 1 DAGs
[2024-11-28T12:08:54.964-0600] {logging_mixin.py:190} INFO - [2024-11-28T12:08:54.964-0600] {dag.py:4180} INFO - Setting next_dagrun for example_sensor_decorator to None, run_after=None
[2024-11-28T12:08:54.970-0600] {processor.py:208} INFO - Processing /Library/Frameworks/Python.framework/Versions/3.8/lib/python3.8/site-packages/airflow/example_dags/example_sensor_decorator.py took 0.061 seconds
[2024-11-28T12:11:13.382-0600] {processor.py:186} INFO - Started process (PID=37238) to work on /Library/Frameworks/Python.framework/Versions/3.8/lib/python3.8/site-packages/airflow/example_dags/example_sensor_decorator.py
[2024-11-28T12:11:13.383-0600] {processor.py:914} INFO - Processing file /Library/Frameworks/Python.framework/Versions/3.8/lib/python3.8/site-packages/airflow/example_dags/example_sensor_decorator.py for tasks to queue
[2024-11-28T12:11:13.383-0600] {logging_mixin.py:190} INFO - [2024-11-28T12:11:13.383-0600] {dagbag.py:588} INFO - Filling up the DagBag from /Library/Frameworks/Python.framework/Versions/3.8/lib/python3.8/site-packages/airflow/example_dags/example_sensor_decorator.py
[2024-11-28T12:11:13.395-0600] {processor.py:925} INFO - DAG(s) 'example_sensor_decorator' retrieved from /Library/Frameworks/Python.framework/Versions/3.8/lib/python3.8/site-packages/airflow/example_dags/example_sensor_decorator.py
[2024-11-28T12:11:13.426-0600] {logging_mixin.py:190} INFO - [2024-11-28T12:11:13.426-0600] {workday.py:41} WARNING - Could not import pandas. Holidays will not be considered.
[2024-11-28T12:11:13.432-0600] {logging_mixin.py:190} INFO - [2024-11-28T12:11:13.432-0600] {dag.py:3239} INFO - Sync 1 DAGs
[2024-11-28T12:11:13.436-0600] {logging_mixin.py:190} INFO - [2024-11-28T12:11:13.436-0600] {dag.py:4180} INFO - Setting next_dagrun for example_sensor_decorator to None, run_after=None
[2024-11-28T12:11:13.441-0600] {processor.py:208} INFO - Processing /Library/Frameworks/Python.framework/Versions/3.8/lib/python3.8/site-packages/airflow/example_dags/example_sensor_decorator.py took 0.061 seconds
