[2024-11-28T11:47:27.785-0600] {processor.py:186} INFO - Started process (PID=34468) to work on /Library/Frameworks/Python.framework/Versions/3.8/lib/python3.8/site-packages/airflow/example_dags/example_params_trigger_ui.py
[2024-11-28T11:47:27.785-0600] {processor.py:914} INFO - Processing file /Library/Frameworks/Python.framework/Versions/3.8/lib/python3.8/site-packages/airflow/example_dags/example_params_trigger_ui.py for tasks to queue
[2024-11-28T11:47:27.786-0600] {logging_mixin.py:190} INFO - [2024-11-28T11:47:27.786-0600] {dagbag.py:588} INFO - Filling up the DagBag from /Library/Frameworks/Python.framework/Versions/3.8/lib/python3.8/site-packages/airflow/example_dags/example_params_trigger_ui.py
[2024-11-28T11:47:27.799-0600] {processor.py:925} INFO - DAG(s) 'example_params_trigger_ui' retrieved from /Library/Frameworks/Python.framework/Versions/3.8/lib/python3.8/site-packages/airflow/example_dags/example_params_trigger_ui.py
[2024-11-28T11:47:27.841-0600] {logging_mixin.py:190} INFO - [2024-11-28T11:47:27.841-0600] {dag.py:3239} INFO - Sync 1 DAGs
[2024-11-28T11:47:27.845-0600] {logging_mixin.py:190} INFO - [2024-11-28T11:47:27.845-0600] {dag.py:4180} INFO - Setting next_dagrun for example_params_trigger_ui to None, run_after=None
[2024-11-28T11:47:27.852-0600] {processor.py:208} INFO - Processing /Library/Frameworks/Python.framework/Versions/3.8/lib/python3.8/site-packages/airflow/example_dags/example_params_trigger_ui.py took 0.069 seconds
[2024-11-28T11:49:03.767-0600] {processor.py:186} INFO - Started process (PID=34652) to work on /Library/Frameworks/Python.framework/Versions/3.8/lib/python3.8/site-packages/airflow/example_dags/example_params_trigger_ui.py
[2024-11-28T11:49:03.768-0600] {processor.py:914} INFO - Processing file /Library/Frameworks/Python.framework/Versions/3.8/lib/python3.8/site-packages/airflow/example_dags/example_params_trigger_ui.py for tasks to queue
[2024-11-28T11:49:03.768-0600] {logging_mixin.py:190} INFO - [2024-11-28T11:49:03.768-0600] {dagbag.py:588} INFO - Filling up the DagBag from /Library/Frameworks/Python.framework/Versions/3.8/lib/python3.8/site-packages/airflow/example_dags/example_params_trigger_ui.py
[2024-11-28T11:49:03.781-0600] {processor.py:925} INFO - DAG(s) 'example_params_trigger_ui' retrieved from /Library/Frameworks/Python.framework/Versions/3.8/lib/python3.8/site-packages/airflow/example_dags/example_params_trigger_ui.py
[2024-11-28T11:49:03.823-0600] {logging_mixin.py:190} INFO - [2024-11-28T11:49:03.823-0600] {dag.py:3239} INFO - Sync 1 DAGs
[2024-11-28T11:49:03.826-0600] {logging_mixin.py:190} INFO - [2024-11-28T11:49:03.826-0600] {dag.py:4180} INFO - Setting next_dagrun for example_params_trigger_ui to None, run_after=None
[2024-11-28T11:49:03.831-0600] {processor.py:208} INFO - Processing /Library/Frameworks/Python.framework/Versions/3.8/lib/python3.8/site-packages/airflow/example_dags/example_params_trigger_ui.py took 0.065 seconds
[2024-11-28T11:51:20.181-0600] {processor.py:186} INFO - Started process (PID=34923) to work on /Library/Frameworks/Python.framework/Versions/3.8/lib/python3.8/site-packages/airflow/example_dags/example_params_trigger_ui.py
[2024-11-28T11:51:20.182-0600] {processor.py:914} INFO - Processing file /Library/Frameworks/Python.framework/Versions/3.8/lib/python3.8/site-packages/airflow/example_dags/example_params_trigger_ui.py for tasks to queue
[2024-11-28T11:51:20.183-0600] {logging_mixin.py:190} INFO - [2024-11-28T11:51:20.183-0600] {dagbag.py:588} INFO - Filling up the DagBag from /Library/Frameworks/Python.framework/Versions/3.8/lib/python3.8/site-packages/airflow/example_dags/example_params_trigger_ui.py
[2024-11-28T11:51:20.195-0600] {processor.py:925} INFO - DAG(s) 'example_params_trigger_ui' retrieved from /Library/Frameworks/Python.framework/Versions/3.8/lib/python3.8/site-packages/airflow/example_dags/example_params_trigger_ui.py
[2024-11-28T11:51:20.239-0600] {logging_mixin.py:190} INFO - [2024-11-28T11:51:20.239-0600] {dag.py:3239} INFO - Sync 1 DAGs
[2024-11-28T11:51:20.243-0600] {logging_mixin.py:190} INFO - [2024-11-28T11:51:20.242-0600] {dag.py:4180} INFO - Setting next_dagrun for example_params_trigger_ui to None, run_after=None
[2024-11-28T11:51:20.248-0600] {processor.py:208} INFO - Processing /Library/Frameworks/Python.framework/Versions/3.8/lib/python3.8/site-packages/airflow/example_dags/example_params_trigger_ui.py took 0.068 seconds
[2024-11-28T11:53:30.580-0600] {processor.py:186} INFO - Started process (PID=35198) to work on /Library/Frameworks/Python.framework/Versions/3.8/lib/python3.8/site-packages/airflow/example_dags/example_params_trigger_ui.py
[2024-11-28T11:53:30.581-0600] {processor.py:914} INFO - Processing file /Library/Frameworks/Python.framework/Versions/3.8/lib/python3.8/site-packages/airflow/example_dags/example_params_trigger_ui.py for tasks to queue
[2024-11-28T11:53:30.581-0600] {logging_mixin.py:190} INFO - [2024-11-28T11:53:30.581-0600] {dagbag.py:588} INFO - Filling up the DagBag from /Library/Frameworks/Python.framework/Versions/3.8/lib/python3.8/site-packages/airflow/example_dags/example_params_trigger_ui.py
[2024-11-28T11:53:30.594-0600] {processor.py:925} INFO - DAG(s) 'example_params_trigger_ui' retrieved from /Library/Frameworks/Python.framework/Versions/3.8/lib/python3.8/site-packages/airflow/example_dags/example_params_trigger_ui.py
[2024-11-28T11:53:30.637-0600] {logging_mixin.py:190} INFO - [2024-11-28T11:53:30.637-0600] {dag.py:3239} INFO - Sync 1 DAGs
[2024-11-28T11:53:30.641-0600] {logging_mixin.py:190} INFO - [2024-11-28T11:53:30.641-0600] {dag.py:4180} INFO - Setting next_dagrun for example_params_trigger_ui to None, run_after=None
[2024-11-28T11:53:30.646-0600] {processor.py:208} INFO - Processing /Library/Frameworks/Python.framework/Versions/3.8/lib/python3.8/site-packages/airflow/example_dags/example_params_trigger_ui.py took 0.067 seconds
[2024-11-28T11:55:42.873-0600] {processor.py:186} INFO - Started process (PID=35467) to work on /Library/Frameworks/Python.framework/Versions/3.8/lib/python3.8/site-packages/airflow/example_dags/example_params_trigger_ui.py
[2024-11-28T11:55:42.874-0600] {processor.py:914} INFO - Processing file /Library/Frameworks/Python.framework/Versions/3.8/lib/python3.8/site-packages/airflow/example_dags/example_params_trigger_ui.py for tasks to queue
[2024-11-28T11:55:42.875-0600] {logging_mixin.py:190} INFO - [2024-11-28T11:55:42.875-0600] {dagbag.py:588} INFO - Filling up the DagBag from /Library/Frameworks/Python.framework/Versions/3.8/lib/python3.8/site-packages/airflow/example_dags/example_params_trigger_ui.py
[2024-11-28T11:55:42.887-0600] {processor.py:925} INFO - DAG(s) 'example_params_trigger_ui' retrieved from /Library/Frameworks/Python.framework/Versions/3.8/lib/python3.8/site-packages/airflow/example_dags/example_params_trigger_ui.py
[2024-11-28T11:55:42.930-0600] {logging_mixin.py:190} INFO - [2024-11-28T11:55:42.930-0600] {dag.py:3239} INFO - Sync 1 DAGs
[2024-11-28T11:55:42.933-0600] {logging_mixin.py:190} INFO - [2024-11-28T11:55:42.933-0600] {dag.py:4180} INFO - Setting next_dagrun for example_params_trigger_ui to None, run_after=None
[2024-11-28T11:55:42.939-0600] {processor.py:208} INFO - Processing /Library/Frameworks/Python.framework/Versions/3.8/lib/python3.8/site-packages/airflow/example_dags/example_params_trigger_ui.py took 0.067 seconds
[2024-11-28T11:57:57.108-0600] {processor.py:186} INFO - Started process (PID=35727) to work on /Library/Frameworks/Python.framework/Versions/3.8/lib/python3.8/site-packages/airflow/example_dags/example_params_trigger_ui.py
[2024-11-28T11:57:57.109-0600] {processor.py:914} INFO - Processing file /Library/Frameworks/Python.framework/Versions/3.8/lib/python3.8/site-packages/airflow/example_dags/example_params_trigger_ui.py for tasks to queue
[2024-11-28T11:57:57.109-0600] {logging_mixin.py:190} INFO - [2024-11-28T11:57:57.109-0600] {dagbag.py:588} INFO - Filling up the DagBag from /Library/Frameworks/Python.framework/Versions/3.8/lib/python3.8/site-packages/airflow/example_dags/example_params_trigger_ui.py
[2024-11-28T11:57:57.122-0600] {processor.py:925} INFO - DAG(s) 'example_params_trigger_ui' retrieved from /Library/Frameworks/Python.framework/Versions/3.8/lib/python3.8/site-packages/airflow/example_dags/example_params_trigger_ui.py
[2024-11-28T11:57:57.166-0600] {logging_mixin.py:190} INFO - [2024-11-28T11:57:57.166-0600] {dag.py:3239} INFO - Sync 1 DAGs
[2024-11-28T11:57:57.169-0600] {logging_mixin.py:190} INFO - [2024-11-28T11:57:57.169-0600] {dag.py:4180} INFO - Setting next_dagrun for example_params_trigger_ui to None, run_after=None
[2024-11-28T11:57:57.175-0600] {processor.py:208} INFO - Processing /Library/Frameworks/Python.framework/Versions/3.8/lib/python3.8/site-packages/airflow/example_dags/example_params_trigger_ui.py took 0.068 seconds
[2024-11-28T12:00:12.348-0600] {processor.py:186} INFO - Started process (PID=35976) to work on /Library/Frameworks/Python.framework/Versions/3.8/lib/python3.8/site-packages/airflow/example_dags/example_params_trigger_ui.py
[2024-11-28T12:00:12.349-0600] {processor.py:914} INFO - Processing file /Library/Frameworks/Python.framework/Versions/3.8/lib/python3.8/site-packages/airflow/example_dags/example_params_trigger_ui.py for tasks to queue
[2024-11-28T12:00:12.350-0600] {logging_mixin.py:190} INFO - [2024-11-28T12:00:12.350-0600] {dagbag.py:588} INFO - Filling up the DagBag from /Library/Frameworks/Python.framework/Versions/3.8/lib/python3.8/site-packages/airflow/example_dags/example_params_trigger_ui.py
[2024-11-28T12:00:12.362-0600] {processor.py:925} INFO - DAG(s) 'example_params_trigger_ui' retrieved from /Library/Frameworks/Python.framework/Versions/3.8/lib/python3.8/site-packages/airflow/example_dags/example_params_trigger_ui.py
[2024-11-28T12:00:12.405-0600] {logging_mixin.py:190} INFO - [2024-11-28T12:00:12.405-0600] {dag.py:3239} INFO - Sync 1 DAGs
[2024-11-28T12:00:12.409-0600] {logging_mixin.py:190} INFO - [2024-11-28T12:00:12.409-0600] {dag.py:4180} INFO - Setting next_dagrun for example_params_trigger_ui to None, run_after=None
[2024-11-28T12:00:12.414-0600] {processor.py:208} INFO - Processing /Library/Frameworks/Python.framework/Versions/3.8/lib/python3.8/site-packages/airflow/example_dags/example_params_trigger_ui.py took 0.067 seconds
[2024-11-28T12:02:27.244-0600] {processor.py:186} INFO - Started process (PID=36228) to work on /Library/Frameworks/Python.framework/Versions/3.8/lib/python3.8/site-packages/airflow/example_dags/example_params_trigger_ui.py
[2024-11-28T12:02:27.246-0600] {processor.py:914} INFO - Processing file /Library/Frameworks/Python.framework/Versions/3.8/lib/python3.8/site-packages/airflow/example_dags/example_params_trigger_ui.py for tasks to queue
[2024-11-28T12:02:27.246-0600] {logging_mixin.py:190} INFO - [2024-11-28T12:02:27.246-0600] {dagbag.py:588} INFO - Filling up the DagBag from /Library/Frameworks/Python.framework/Versions/3.8/lib/python3.8/site-packages/airflow/example_dags/example_params_trigger_ui.py
[2024-11-28T12:02:27.258-0600] {processor.py:925} INFO - DAG(s) 'example_params_trigger_ui' retrieved from /Library/Frameworks/Python.framework/Versions/3.8/lib/python3.8/site-packages/airflow/example_dags/example_params_trigger_ui.py
[2024-11-28T12:02:27.301-0600] {logging_mixin.py:190} INFO - [2024-11-28T12:02:27.301-0600] {dag.py:3239} INFO - Sync 1 DAGs
[2024-11-28T12:02:27.305-0600] {logging_mixin.py:190} INFO - [2024-11-28T12:02:27.305-0600] {dag.py:4180} INFO - Setting next_dagrun for example_params_trigger_ui to None, run_after=None
[2024-11-28T12:02:27.310-0600] {processor.py:208} INFO - Processing /Library/Frameworks/Python.framework/Versions/3.8/lib/python3.8/site-packages/airflow/example_dags/example_params_trigger_ui.py took 0.067 seconds
[2024-11-28T12:04:41.735-0600] {processor.py:186} INFO - Started process (PID=36481) to work on /Library/Frameworks/Python.framework/Versions/3.8/lib/python3.8/site-packages/airflow/example_dags/example_params_trigger_ui.py
[2024-11-28T12:04:41.735-0600] {processor.py:914} INFO - Processing file /Library/Frameworks/Python.framework/Versions/3.8/lib/python3.8/site-packages/airflow/example_dags/example_params_trigger_ui.py for tasks to queue
[2024-11-28T12:04:41.736-0600] {logging_mixin.py:190} INFO - [2024-11-28T12:04:41.736-0600] {dagbag.py:588} INFO - Filling up the DagBag from /Library/Frameworks/Python.framework/Versions/3.8/lib/python3.8/site-packages/airflow/example_dags/example_params_trigger_ui.py
[2024-11-28T12:04:41.748-0600] {processor.py:925} INFO - DAG(s) 'example_params_trigger_ui' retrieved from /Library/Frameworks/Python.framework/Versions/3.8/lib/python3.8/site-packages/airflow/example_dags/example_params_trigger_ui.py
[2024-11-28T12:04:41.792-0600] {logging_mixin.py:190} INFO - [2024-11-28T12:04:41.791-0600] {dag.py:3239} INFO - Sync 1 DAGs
[2024-11-28T12:04:41.795-0600] {logging_mixin.py:190} INFO - [2024-11-28T12:04:41.795-0600] {dag.py:4180} INFO - Setting next_dagrun for example_params_trigger_ui to None, run_after=None
[2024-11-28T12:04:41.801-0600] {processor.py:208} INFO - Processing /Library/Frameworks/Python.framework/Versions/3.8/lib/python3.8/site-packages/airflow/example_dags/example_params_trigger_ui.py took 0.067 seconds
[2024-11-28T12:06:49.812-0600] {processor.py:186} INFO - Started process (PID=36727) to work on /Library/Frameworks/Python.framework/Versions/3.8/lib/python3.8/site-packages/airflow/example_dags/example_params_trigger_ui.py
[2024-11-28T12:06:49.812-0600] {processor.py:914} INFO - Processing file /Library/Frameworks/Python.framework/Versions/3.8/lib/python3.8/site-packages/airflow/example_dags/example_params_trigger_ui.py for tasks to queue
[2024-11-28T12:06:49.813-0600] {logging_mixin.py:190} INFO - [2024-11-28T12:06:49.813-0600] {dagbag.py:588} INFO - Filling up the DagBag from /Library/Frameworks/Python.framework/Versions/3.8/lib/python3.8/site-packages/airflow/example_dags/example_params_trigger_ui.py
[2024-11-28T12:06:49.826-0600] {processor.py:925} INFO - DAG(s) 'example_params_trigger_ui' retrieved from /Library/Frameworks/Python.framework/Versions/3.8/lib/python3.8/site-packages/airflow/example_dags/example_params_trigger_ui.py
[2024-11-28T12:06:49.870-0600] {logging_mixin.py:190} INFO - [2024-11-28T12:06:49.870-0600] {dag.py:3239} INFO - Sync 1 DAGs
[2024-11-28T12:06:49.874-0600] {logging_mixin.py:190} INFO - [2024-11-28T12:06:49.874-0600] {dag.py:4180} INFO - Setting next_dagrun for example_params_trigger_ui to None, run_after=None
[2024-11-28T12:06:49.879-0600] {processor.py:208} INFO - Processing /Library/Frameworks/Python.framework/Versions/3.8/lib/python3.8/site-packages/airflow/example_dags/example_params_trigger_ui.py took 0.069 seconds
[2024-11-28T12:09:03.540-0600] {processor.py:186} INFO - Started process (PID=36969) to work on /Library/Frameworks/Python.framework/Versions/3.8/lib/python3.8/site-packages/airflow/example_dags/example_params_trigger_ui.py
[2024-11-28T12:09:03.540-0600] {processor.py:914} INFO - Processing file /Library/Frameworks/Python.framework/Versions/3.8/lib/python3.8/site-packages/airflow/example_dags/example_params_trigger_ui.py for tasks to queue
[2024-11-28T12:09:03.541-0600] {logging_mixin.py:190} INFO - [2024-11-28T12:09:03.540-0600] {dagbag.py:588} INFO - Filling up the DagBag from /Library/Frameworks/Python.framework/Versions/3.8/lib/python3.8/site-packages/airflow/example_dags/example_params_trigger_ui.py
[2024-11-28T12:09:03.553-0600] {processor.py:925} INFO - DAG(s) 'example_params_trigger_ui' retrieved from /Library/Frameworks/Python.framework/Versions/3.8/lib/python3.8/site-packages/airflow/example_dags/example_params_trigger_ui.py
[2024-11-28T12:09:03.596-0600] {logging_mixin.py:190} INFO - [2024-11-28T12:09:03.596-0600] {dag.py:3239} INFO - Sync 1 DAGs
[2024-11-28T12:09:03.600-0600] {logging_mixin.py:190} INFO - [2024-11-28T12:09:03.600-0600] {dag.py:4180} INFO - Setting next_dagrun for example_params_trigger_ui to None, run_after=None
[2024-11-28T12:09:03.605-0600] {processor.py:208} INFO - Processing /Library/Frameworks/Python.framework/Versions/3.8/lib/python3.8/site-packages/airflow/example_dags/example_params_trigger_ui.py took 0.067 seconds
[2024-11-28T12:11:22.481-0600] {processor.py:186} INFO - Started process (PID=37257) to work on /Library/Frameworks/Python.framework/Versions/3.8/lib/python3.8/site-packages/airflow/example_dags/example_params_trigger_ui.py
[2024-11-28T12:11:22.482-0600] {processor.py:914} INFO - Processing file /Library/Frameworks/Python.framework/Versions/3.8/lib/python3.8/site-packages/airflow/example_dags/example_params_trigger_ui.py for tasks to queue
[2024-11-28T12:11:22.482-0600] {logging_mixin.py:190} INFO - [2024-11-28T12:11:22.482-0600] {dagbag.py:588} INFO - Filling up the DagBag from /Library/Frameworks/Python.framework/Versions/3.8/lib/python3.8/site-packages/airflow/example_dags/example_params_trigger_ui.py
[2024-11-28T12:11:22.494-0600] {processor.py:925} INFO - DAG(s) 'example_params_trigger_ui' retrieved from /Library/Frameworks/Python.framework/Versions/3.8/lib/python3.8/site-packages/airflow/example_dags/example_params_trigger_ui.py
[2024-11-28T12:11:22.538-0600] {logging_mixin.py:190} INFO - [2024-11-28T12:11:22.538-0600] {dag.py:3239} INFO - Sync 1 DAGs
[2024-11-28T12:11:22.542-0600] {logging_mixin.py:190} INFO - [2024-11-28T12:11:22.542-0600] {dag.py:4180} INFO - Setting next_dagrun for example_params_trigger_ui to None, run_after=None
[2024-11-28T12:11:22.547-0600] {processor.py:208} INFO - Processing /Library/Frameworks/Python.framework/Versions/3.8/lib/python3.8/site-packages/airflow/example_dags/example_params_trigger_ui.py took 0.068 seconds
