[2024-11-28T11:48:02.981-0600] {processor.py:186} INFO - Started process (PID=34537) to work on /Library/Frameworks/Python.framework/Versions/3.8/lib/python3.8/site-packages/airflow/example_dags/example_branch_day_of_week_operator.py
[2024-11-28T11:48:02.981-0600] {processor.py:914} INFO - Processing file /Library/Frameworks/Python.framework/Versions/3.8/lib/python3.8/site-packages/airflow/example_dags/example_branch_day_of_week_operator.py for tasks to queue
[2024-11-28T11:48:02.982-0600] {logging_mixin.py:190} INFO - [2024-11-28T11:48:02.982-0600] {dagbag.py:588} INFO - Filling up the DagBag from /Library/Frameworks/Python.framework/Versions/3.8/lib/python3.8/site-packages/airflow/example_dags/example_branch_day_of_week_operator.py
[2024-11-28T11:48:02.986-0600] {processor.py:925} INFO - DAG(s) 'example_weekday_branch_operator' retrieved from /Library/Frameworks/Python.framework/Versions/3.8/lib/python3.8/site-packages/airflow/example_dags/example_branch_day_of_week_operator.py
[2024-11-28T11:48:03.020-0600] {logging_mixin.py:190} INFO - [2024-11-28T11:48:03.020-0600] {dag.py:3239} INFO - Sync 1 DAGs
[2024-11-28T11:48:03.026-0600] {logging_mixin.py:190} INFO - [2024-11-28T11:48:03.026-0600] {dag.py:4180} INFO - Setting next_dagrun for example_weekday_branch_operator to 2024-11-27 00:00:00+00:00, run_after=2024-11-28 00:00:00+00:00
[2024-11-28T11:48:03.031-0600] {processor.py:208} INFO - Processing /Library/Frameworks/Python.framework/Versions/3.8/lib/python3.8/site-packages/airflow/example_dags/example_branch_day_of_week_operator.py took 0.051 seconds
[2024-11-28T11:50:18.216-0600] {processor.py:186} INFO - Started process (PID=34807) to work on /Library/Frameworks/Python.framework/Versions/3.8/lib/python3.8/site-packages/airflow/example_dags/example_branch_day_of_week_operator.py
[2024-11-28T11:50:18.216-0600] {processor.py:914} INFO - Processing file /Library/Frameworks/Python.framework/Versions/3.8/lib/python3.8/site-packages/airflow/example_dags/example_branch_day_of_week_operator.py for tasks to queue
[2024-11-28T11:50:18.216-0600] {logging_mixin.py:190} INFO - [2024-11-28T11:50:18.216-0600] {dagbag.py:588} INFO - Filling up the DagBag from /Library/Frameworks/Python.framework/Versions/3.8/lib/python3.8/site-packages/airflow/example_dags/example_branch_day_of_week_operator.py
[2024-11-28T11:50:18.221-0600] {processor.py:925} INFO - DAG(s) 'example_weekday_branch_operator' retrieved from /Library/Frameworks/Python.framework/Versions/3.8/lib/python3.8/site-packages/airflow/example_dags/example_branch_day_of_week_operator.py
[2024-11-28T11:50:18.256-0600] {logging_mixin.py:190} INFO - [2024-11-28T11:50:18.256-0600] {dag.py:3239} INFO - Sync 1 DAGs
[2024-11-28T11:50:18.262-0600] {logging_mixin.py:190} INFO - [2024-11-28T11:50:18.262-0600] {dag.py:4180} INFO - Setting next_dagrun for example_weekday_branch_operator to 2024-11-27 00:00:00+00:00, run_after=2024-11-28 00:00:00+00:00
[2024-11-28T11:50:18.267-0600] {processor.py:208} INFO - Processing /Library/Frameworks/Python.framework/Versions/3.8/lib/python3.8/site-packages/airflow/example_dags/example_branch_day_of_week_operator.py took 0.053 seconds
[2024-11-28T11:52:31.281-0600] {processor.py:186} INFO - Started process (PID=35057) to work on /Library/Frameworks/Python.framework/Versions/3.8/lib/python3.8/site-packages/airflow/example_dags/example_branch_day_of_week_operator.py
[2024-11-28T11:52:31.281-0600] {processor.py:914} INFO - Processing file /Library/Frameworks/Python.framework/Versions/3.8/lib/python3.8/site-packages/airflow/example_dags/example_branch_day_of_week_operator.py for tasks to queue
[2024-11-28T11:52:31.281-0600] {logging_mixin.py:190} INFO - [2024-11-28T11:52:31.281-0600] {dagbag.py:588} INFO - Filling up the DagBag from /Library/Frameworks/Python.framework/Versions/3.8/lib/python3.8/site-packages/airflow/example_dags/example_branch_day_of_week_operator.py
[2024-11-28T11:52:31.285-0600] {processor.py:925} INFO - DAG(s) 'example_weekday_branch_operator' retrieved from /Library/Frameworks/Python.framework/Versions/3.8/lib/python3.8/site-packages/airflow/example_dags/example_branch_day_of_week_operator.py
[2024-11-28T11:52:31.321-0600] {logging_mixin.py:190} INFO - [2024-11-28T11:52:31.321-0600] {dag.py:3239} INFO - Sync 1 DAGs
[2024-11-28T11:52:31.327-0600] {logging_mixin.py:190} INFO - [2024-11-28T11:52:31.327-0600] {dag.py:4180} INFO - Setting next_dagrun for example_weekday_branch_operator to 2024-11-27 00:00:00+00:00, run_after=2024-11-28 00:00:00+00:00
[2024-11-28T11:52:31.332-0600] {processor.py:208} INFO - Processing /Library/Frameworks/Python.framework/Versions/3.8/lib/python3.8/site-packages/airflow/example_dags/example_branch_day_of_week_operator.py took 0.053 seconds
[2024-11-28T11:54:41.992-0600] {processor.py:186} INFO - Started process (PID=35353) to work on /Library/Frameworks/Python.framework/Versions/3.8/lib/python3.8/site-packages/airflow/example_dags/example_branch_day_of_week_operator.py
[2024-11-28T11:54:41.993-0600] {processor.py:914} INFO - Processing file /Library/Frameworks/Python.framework/Versions/3.8/lib/python3.8/site-packages/airflow/example_dags/example_branch_day_of_week_operator.py for tasks to queue
[2024-11-28T11:54:41.993-0600] {logging_mixin.py:190} INFO - [2024-11-28T11:54:41.993-0600] {dagbag.py:588} INFO - Filling up the DagBag from /Library/Frameworks/Python.framework/Versions/3.8/lib/python3.8/site-packages/airflow/example_dags/example_branch_day_of_week_operator.py
[2024-11-28T11:54:41.997-0600] {processor.py:925} INFO - DAG(s) 'example_weekday_branch_operator' retrieved from /Library/Frameworks/Python.framework/Versions/3.8/lib/python3.8/site-packages/airflow/example_dags/example_branch_day_of_week_operator.py
[2024-11-28T11:54:42.031-0600] {logging_mixin.py:190} INFO - [2024-11-28T11:54:42.031-0600] {dag.py:3239} INFO - Sync 1 DAGs
[2024-11-28T11:54:42.037-0600] {logging_mixin.py:190} INFO - [2024-11-28T11:54:42.037-0600] {dag.py:4180} INFO - Setting next_dagrun for example_weekday_branch_operator to 2024-11-27 00:00:00+00:00, run_after=2024-11-28 00:00:00+00:00
[2024-11-28T11:54:42.042-0600] {processor.py:208} INFO - Processing /Library/Frameworks/Python.framework/Versions/3.8/lib/python3.8/site-packages/airflow/example_dags/example_branch_day_of_week_operator.py took 0.051 seconds
[2024-11-28T11:56:56.430-0600] {processor.py:186} INFO - Started process (PID=35612) to work on /Library/Frameworks/Python.framework/Versions/3.8/lib/python3.8/site-packages/airflow/example_dags/example_branch_day_of_week_operator.py
[2024-11-28T11:56:56.431-0600] {processor.py:914} INFO - Processing file /Library/Frameworks/Python.framework/Versions/3.8/lib/python3.8/site-packages/airflow/example_dags/example_branch_day_of_week_operator.py for tasks to queue
[2024-11-28T11:56:56.431-0600] {logging_mixin.py:190} INFO - [2024-11-28T11:56:56.431-0600] {dagbag.py:588} INFO - Filling up the DagBag from /Library/Frameworks/Python.framework/Versions/3.8/lib/python3.8/site-packages/airflow/example_dags/example_branch_day_of_week_operator.py
[2024-11-28T11:56:56.435-0600] {processor.py:925} INFO - DAG(s) 'example_weekday_branch_operator' retrieved from /Library/Frameworks/Python.framework/Versions/3.8/lib/python3.8/site-packages/airflow/example_dags/example_branch_day_of_week_operator.py
[2024-11-28T11:56:56.470-0600] {logging_mixin.py:190} INFO - [2024-11-28T11:56:56.470-0600] {dag.py:3239} INFO - Sync 1 DAGs
[2024-11-28T11:56:56.476-0600] {logging_mixin.py:190} INFO - [2024-11-28T11:56:56.476-0600] {dag.py:4180} INFO - Setting next_dagrun for example_weekday_branch_operator to 2024-11-27 00:00:00+00:00, run_after=2024-11-28 00:00:00+00:00
[2024-11-28T11:56:56.481-0600] {processor.py:208} INFO - Processing /Library/Frameworks/Python.framework/Versions/3.8/lib/python3.8/site-packages/airflow/example_dags/example_branch_day_of_week_operator.py took 0.053 seconds
[2024-11-28T11:59:10.891-0600] {processor.py:186} INFO - Started process (PID=35861) to work on /Library/Frameworks/Python.framework/Versions/3.8/lib/python3.8/site-packages/airflow/example_dags/example_branch_day_of_week_operator.py
[2024-11-28T11:59:10.892-0600] {processor.py:914} INFO - Processing file /Library/Frameworks/Python.framework/Versions/3.8/lib/python3.8/site-packages/airflow/example_dags/example_branch_day_of_week_operator.py for tasks to queue
[2024-11-28T11:59:10.892-0600] {logging_mixin.py:190} INFO - [2024-11-28T11:59:10.892-0600] {dagbag.py:588} INFO - Filling up the DagBag from /Library/Frameworks/Python.framework/Versions/3.8/lib/python3.8/site-packages/airflow/example_dags/example_branch_day_of_week_operator.py
[2024-11-28T11:59:10.896-0600] {processor.py:925} INFO - DAG(s) 'example_weekday_branch_operator' retrieved from /Library/Frameworks/Python.framework/Versions/3.8/lib/python3.8/site-packages/airflow/example_dags/example_branch_day_of_week_operator.py
[2024-11-28T11:59:10.930-0600] {logging_mixin.py:190} INFO - [2024-11-28T11:59:10.930-0600] {dag.py:3239} INFO - Sync 1 DAGs
[2024-11-28T11:59:10.936-0600] {logging_mixin.py:190} INFO - [2024-11-28T11:59:10.936-0600] {dag.py:4180} INFO - Setting next_dagrun for example_weekday_branch_operator to 2024-11-27 00:00:00+00:00, run_after=2024-11-28 00:00:00+00:00
[2024-11-28T11:59:10.941-0600] {processor.py:208} INFO - Processing /Library/Frameworks/Python.framework/Versions/3.8/lib/python3.8/site-packages/airflow/example_dags/example_branch_day_of_week_operator.py took 0.052 seconds
[2024-11-28T12:01:27.761-0600] {processor.py:186} INFO - Started process (PID=36118) to work on /Library/Frameworks/Python.framework/Versions/3.8/lib/python3.8/site-packages/airflow/example_dags/example_branch_day_of_week_operator.py
[2024-11-28T12:01:27.762-0600] {processor.py:914} INFO - Processing file /Library/Frameworks/Python.framework/Versions/3.8/lib/python3.8/site-packages/airflow/example_dags/example_branch_day_of_week_operator.py for tasks to queue
[2024-11-28T12:01:27.762-0600] {logging_mixin.py:190} INFO - [2024-11-28T12:01:27.762-0600] {dagbag.py:588} INFO - Filling up the DagBag from /Library/Frameworks/Python.framework/Versions/3.8/lib/python3.8/site-packages/airflow/example_dags/example_branch_day_of_week_operator.py
[2024-11-28T12:01:27.767-0600] {processor.py:925} INFO - DAG(s) 'example_weekday_branch_operator' retrieved from /Library/Frameworks/Python.framework/Versions/3.8/lib/python3.8/site-packages/airflow/example_dags/example_branch_day_of_week_operator.py
[2024-11-28T12:01:27.801-0600] {logging_mixin.py:190} INFO - [2024-11-28T12:01:27.801-0600] {dag.py:3239} INFO - Sync 1 DAGs
[2024-11-28T12:01:27.807-0600] {logging_mixin.py:190} INFO - [2024-11-28T12:01:27.807-0600] {dag.py:4180} INFO - Setting next_dagrun for example_weekday_branch_operator to 2024-11-27 00:00:00+00:00, run_after=2024-11-28 00:00:00+00:00
[2024-11-28T12:01:27.812-0600] {processor.py:208} INFO - Processing /Library/Frameworks/Python.framework/Versions/3.8/lib/python3.8/site-packages/airflow/example_dags/example_branch_day_of_week_operator.py took 0.052 seconds
[2024-11-28T12:03:38.740-0600] {processor.py:186} INFO - Started process (PID=36365) to work on /Library/Frameworks/Python.framework/Versions/3.8/lib/python3.8/site-packages/airflow/example_dags/example_branch_day_of_week_operator.py
[2024-11-28T12:03:38.741-0600] {processor.py:914} INFO - Processing file /Library/Frameworks/Python.framework/Versions/3.8/lib/python3.8/site-packages/airflow/example_dags/example_branch_day_of_week_operator.py for tasks to queue
[2024-11-28T12:03:38.741-0600] {logging_mixin.py:190} INFO - [2024-11-28T12:03:38.741-0600] {dagbag.py:588} INFO - Filling up the DagBag from /Library/Frameworks/Python.framework/Versions/3.8/lib/python3.8/site-packages/airflow/example_dags/example_branch_day_of_week_operator.py
[2024-11-28T12:03:38.745-0600] {processor.py:925} INFO - DAG(s) 'example_weekday_branch_operator' retrieved from /Library/Frameworks/Python.framework/Versions/3.8/lib/python3.8/site-packages/airflow/example_dags/example_branch_day_of_week_operator.py
[2024-11-28T12:03:38.781-0600] {logging_mixin.py:190} INFO - [2024-11-28T12:03:38.781-0600] {dag.py:3239} INFO - Sync 1 DAGs
[2024-11-28T12:03:38.787-0600] {logging_mixin.py:190} INFO - [2024-11-28T12:03:38.787-0600] {dag.py:4180} INFO - Setting next_dagrun for example_weekday_branch_operator to 2024-11-27 00:00:00+00:00, run_after=2024-11-28 00:00:00+00:00
[2024-11-28T12:03:38.793-0600] {processor.py:208} INFO - Processing /Library/Frameworks/Python.framework/Versions/3.8/lib/python3.8/site-packages/airflow/example_dags/example_branch_day_of_week_operator.py took 0.054 seconds
[2024-11-28T12:05:52.423-0600] {processor.py:186} INFO - Started process (PID=36618) to work on /Library/Frameworks/Python.framework/Versions/3.8/lib/python3.8/site-packages/airflow/example_dags/example_branch_day_of_week_operator.py
[2024-11-28T12:05:52.425-0600] {processor.py:914} INFO - Processing file /Library/Frameworks/Python.framework/Versions/3.8/lib/python3.8/site-packages/airflow/example_dags/example_branch_day_of_week_operator.py for tasks to queue
[2024-11-28T12:05:52.425-0600] {logging_mixin.py:190} INFO - [2024-11-28T12:05:52.425-0600] {dagbag.py:588} INFO - Filling up the DagBag from /Library/Frameworks/Python.framework/Versions/3.8/lib/python3.8/site-packages/airflow/example_dags/example_branch_day_of_week_operator.py
[2024-11-28T12:05:52.429-0600] {processor.py:925} INFO - DAG(s) 'example_weekday_branch_operator' retrieved from /Library/Frameworks/Python.framework/Versions/3.8/lib/python3.8/site-packages/airflow/example_dags/example_branch_day_of_week_operator.py
[2024-11-28T12:05:52.464-0600] {logging_mixin.py:190} INFO - [2024-11-28T12:05:52.464-0600] {dag.py:3239} INFO - Sync 1 DAGs
[2024-11-28T12:05:52.470-0600] {logging_mixin.py:190} INFO - [2024-11-28T12:05:52.470-0600] {dag.py:4180} INFO - Setting next_dagrun for example_weekday_branch_operator to 2024-11-27 00:00:00+00:00, run_after=2024-11-28 00:00:00+00:00
[2024-11-28T12:05:52.475-0600] {processor.py:208} INFO - Processing /Library/Frameworks/Python.framework/Versions/3.8/lib/python3.8/site-packages/airflow/example_dags/example_branch_day_of_week_operator.py took 0.054 seconds
[2024-11-28T12:08:00.941-0600] {processor.py:186} INFO - Started process (PID=36857) to work on /Library/Frameworks/Python.framework/Versions/3.8/lib/python3.8/site-packages/airflow/example_dags/example_branch_day_of_week_operator.py
[2024-11-28T12:08:00.942-0600] {processor.py:914} INFO - Processing file /Library/Frameworks/Python.framework/Versions/3.8/lib/python3.8/site-packages/airflow/example_dags/example_branch_day_of_week_operator.py for tasks to queue
[2024-11-28T12:08:00.942-0600] {logging_mixin.py:190} INFO - [2024-11-28T12:08:00.942-0600] {dagbag.py:588} INFO - Filling up the DagBag from /Library/Frameworks/Python.framework/Versions/3.8/lib/python3.8/site-packages/airflow/example_dags/example_branch_day_of_week_operator.py
[2024-11-28T12:08:00.946-0600] {processor.py:925} INFO - DAG(s) 'example_weekday_branch_operator' retrieved from /Library/Frameworks/Python.framework/Versions/3.8/lib/python3.8/site-packages/airflow/example_dags/example_branch_day_of_week_operator.py
[2024-11-28T12:08:00.982-0600] {logging_mixin.py:190} INFO - [2024-11-28T12:08:00.982-0600] {dag.py:3239} INFO - Sync 1 DAGs
[2024-11-28T12:08:00.988-0600] {logging_mixin.py:190} INFO - [2024-11-28T12:08:00.988-0600] {dag.py:4180} INFO - Setting next_dagrun for example_weekday_branch_operator to 2024-11-27 00:00:00+00:00, run_after=2024-11-28 00:00:00+00:00
[2024-11-28T12:08:00.993-0600] {processor.py:208} INFO - Processing /Library/Frameworks/Python.framework/Versions/3.8/lib/python3.8/site-packages/airflow/example_dags/example_branch_day_of_week_operator.py took 0.053 seconds
[2024-11-28T12:10:20.901-0600] {processor.py:186} INFO - Started process (PID=37114) to work on /Library/Frameworks/Python.framework/Versions/3.8/lib/python3.8/site-packages/airflow/example_dags/example_branch_day_of_week_operator.py
[2024-11-28T12:10:20.902-0600] {processor.py:914} INFO - Processing file /Library/Frameworks/Python.framework/Versions/3.8/lib/python3.8/site-packages/airflow/example_dags/example_branch_day_of_week_operator.py for tasks to queue
[2024-11-28T12:10:20.902-0600] {logging_mixin.py:190} INFO - [2024-11-28T12:10:20.902-0600] {dagbag.py:588} INFO - Filling up the DagBag from /Library/Frameworks/Python.framework/Versions/3.8/lib/python3.8/site-packages/airflow/example_dags/example_branch_day_of_week_operator.py
[2024-11-28T12:10:20.906-0600] {processor.py:925} INFO - DAG(s) 'example_weekday_branch_operator' retrieved from /Library/Frameworks/Python.framework/Versions/3.8/lib/python3.8/site-packages/airflow/example_dags/example_branch_day_of_week_operator.py
[2024-11-28T12:10:20.943-0600] {logging_mixin.py:190} INFO - [2024-11-28T12:10:20.942-0600] {dag.py:3239} INFO - Sync 1 DAGs
[2024-11-28T12:10:20.949-0600] {logging_mixin.py:190} INFO - [2024-11-28T12:10:20.949-0600] {dag.py:4180} INFO - Setting next_dagrun for example_weekday_branch_operator to 2024-11-27 00:00:00+00:00, run_after=2024-11-28 00:00:00+00:00
[2024-11-28T12:10:20.956-0600] {processor.py:208} INFO - Processing /Library/Frameworks/Python.framework/Versions/3.8/lib/python3.8/site-packages/airflow/example_dags/example_branch_day_of_week_operator.py took 0.057 seconds
