[2024-11-28T11:47:48.502-0600] {processor.py:186} INFO - Started process (PID=34512) to work on /Library/Frameworks/Python.framework/Versions/3.8/lib/python3.8/site-packages/airflow/example_dags/example_dataset_alias_with_no_taskflow.py
[2024-11-28T11:47:48.502-0600] {processor.py:914} INFO - Processing file /Library/Frameworks/Python.framework/Versions/3.8/lib/python3.8/site-packages/airflow/example_dags/example_dataset_alias_with_no_taskflow.py for tasks to queue
[2024-11-28T11:47:48.503-0600] {logging_mixin.py:190} INFO - [2024-11-28T11:47:48.503-0600] {dagbag.py:588} INFO - Filling up the DagBag from /Library/Frameworks/Python.framework/Versions/3.8/lib/python3.8/site-packages/airflow/example_dags/example_dataset_alias_with_no_taskflow.py
[2024-11-28T11:47:48.552-0600] {processor.py:925} INFO - DAG(s) 'dataset_s3_bucket_producer_with_no_taskflow', 'dataset_alias_example_alias_consumer_with_no_taskflow', 'dataset_alias_example_alias_producer_with_no_taskflow', 'dataset_s3_bucket_consumer_with_no_taskflow' retrieved from /Library/Frameworks/Python.framework/Versions/3.8/lib/python3.8/site-packages/airflow/example_dags/example_dataset_alias_with_no_taskflow.py
[2024-11-28T11:47:48.559-0600] {logging_mixin.py:190} INFO - [2024-11-28T11:47:48.559-0600] {dag.py:3239} INFO - Sync 4 DAGs
[2024-11-28T11:47:48.564-0600] {logging_mixin.py:190} INFO - [2024-11-28T11:47:48.564-0600] {dag.py:4180} INFO - Setting next_dagrun for dataset_alias_example_alias_consumer_with_no_taskflow to None, run_after=None
[2024-11-28T11:47:48.565-0600] {logging_mixin.py:190} INFO - [2024-11-28T11:47:48.565-0600] {dag.py:4180} INFO - Setting next_dagrun for dataset_alias_example_alias_producer_with_no_taskflow to None, run_after=None
[2024-11-28T11:47:48.565-0600] {logging_mixin.py:190} INFO - [2024-11-28T11:47:48.565-0600] {dag.py:4180} INFO - Setting next_dagrun for dataset_s3_bucket_consumer_with_no_taskflow to None, run_after=None
[2024-11-28T11:47:48.566-0600] {logging_mixin.py:190} INFO - [2024-11-28T11:47:48.565-0600] {dag.py:4180} INFO - Setting next_dagrun for dataset_s3_bucket_producer_with_no_taskflow to None, run_after=None
[2024-11-28T11:47:48.572-0600] {processor.py:208} INFO - Processing /Library/Frameworks/Python.framework/Versions/3.8/lib/python3.8/site-packages/airflow/example_dags/example_dataset_alias_with_no_taskflow.py took 0.071 seconds
[2024-11-28T11:50:05.036-0600] {processor.py:186} INFO - Started process (PID=34781) to work on /Library/Frameworks/Python.framework/Versions/3.8/lib/python3.8/site-packages/airflow/example_dags/example_dataset_alias_with_no_taskflow.py
[2024-11-28T11:50:05.036-0600] {processor.py:914} INFO - Processing file /Library/Frameworks/Python.framework/Versions/3.8/lib/python3.8/site-packages/airflow/example_dags/example_dataset_alias_with_no_taskflow.py for tasks to queue
[2024-11-28T11:50:05.037-0600] {logging_mixin.py:190} INFO - [2024-11-28T11:50:05.037-0600] {dagbag.py:588} INFO - Filling up the DagBag from /Library/Frameworks/Python.framework/Versions/3.8/lib/python3.8/site-packages/airflow/example_dags/example_dataset_alias_with_no_taskflow.py
[2024-11-28T11:50:05.085-0600] {processor.py:925} INFO - DAG(s) 'dataset_alias_example_alias_consumer_with_no_taskflow', 'dataset_s3_bucket_consumer_with_no_taskflow', 'dataset_alias_example_alias_producer_with_no_taskflow', 'dataset_s3_bucket_producer_with_no_taskflow' retrieved from /Library/Frameworks/Python.framework/Versions/3.8/lib/python3.8/site-packages/airflow/example_dags/example_dataset_alias_with_no_taskflow.py
[2024-11-28T11:50:05.092-0600] {logging_mixin.py:190} INFO - [2024-11-28T11:50:05.092-0600] {dag.py:3239} INFO - Sync 4 DAGs
[2024-11-28T11:50:05.098-0600] {logging_mixin.py:190} INFO - [2024-11-28T11:50:05.098-0600] {dag.py:4180} INFO - Setting next_dagrun for dataset_alias_example_alias_consumer_with_no_taskflow to None, run_after=None
[2024-11-28T11:50:05.098-0600] {logging_mixin.py:190} INFO - [2024-11-28T11:50:05.098-0600] {dag.py:4180} INFO - Setting next_dagrun for dataset_alias_example_alias_producer_with_no_taskflow to None, run_after=None
[2024-11-28T11:50:05.099-0600] {logging_mixin.py:190} INFO - [2024-11-28T11:50:05.099-0600] {dag.py:4180} INFO - Setting next_dagrun for dataset_s3_bucket_consumer_with_no_taskflow to None, run_after=None
[2024-11-28T11:50:05.099-0600] {logging_mixin.py:190} INFO - [2024-11-28T11:50:05.099-0600] {dag.py:4180} INFO - Setting next_dagrun for dataset_s3_bucket_producer_with_no_taskflow to None, run_after=None
[2024-11-28T11:50:05.105-0600] {processor.py:208} INFO - Processing /Library/Frameworks/Python.framework/Versions/3.8/lib/python3.8/site-packages/airflow/example_dags/example_dataset_alias_with_no_taskflow.py took 0.071 seconds
[2024-11-28T11:52:17.223-0600] {processor.py:186} INFO - Started process (PID=35033) to work on /Library/Frameworks/Python.framework/Versions/3.8/lib/python3.8/site-packages/airflow/example_dags/example_dataset_alias_with_no_taskflow.py
[2024-11-28T11:52:17.224-0600] {processor.py:914} INFO - Processing file /Library/Frameworks/Python.framework/Versions/3.8/lib/python3.8/site-packages/airflow/example_dags/example_dataset_alias_with_no_taskflow.py for tasks to queue
[2024-11-28T11:52:17.224-0600] {logging_mixin.py:190} INFO - [2024-11-28T11:52:17.224-0600] {dagbag.py:588} INFO - Filling up the DagBag from /Library/Frameworks/Python.framework/Versions/3.8/lib/python3.8/site-packages/airflow/example_dags/example_dataset_alias_with_no_taskflow.py
[2024-11-28T11:52:17.275-0600] {processor.py:925} INFO - DAG(s) 'dataset_alias_example_alias_producer_with_no_taskflow', 'dataset_s3_bucket_consumer_with_no_taskflow', 'dataset_alias_example_alias_consumer_with_no_taskflow', 'dataset_s3_bucket_producer_with_no_taskflow' retrieved from /Library/Frameworks/Python.framework/Versions/3.8/lib/python3.8/site-packages/airflow/example_dags/example_dataset_alias_with_no_taskflow.py
[2024-11-28T11:52:17.283-0600] {logging_mixin.py:190} INFO - [2024-11-28T11:52:17.283-0600] {dag.py:3239} INFO - Sync 4 DAGs
[2024-11-28T11:52:17.289-0600] {logging_mixin.py:190} INFO - [2024-11-28T11:52:17.289-0600] {dag.py:4180} INFO - Setting next_dagrun for dataset_alias_example_alias_consumer_with_no_taskflow to None, run_after=None
[2024-11-28T11:52:17.289-0600] {logging_mixin.py:190} INFO - [2024-11-28T11:52:17.289-0600] {dag.py:4180} INFO - Setting next_dagrun for dataset_alias_example_alias_producer_with_no_taskflow to None, run_after=None
[2024-11-28T11:52:17.289-0600] {logging_mixin.py:190} INFO - [2024-11-28T11:52:17.289-0600] {dag.py:4180} INFO - Setting next_dagrun for dataset_s3_bucket_consumer_with_no_taskflow to None, run_after=None
[2024-11-28T11:52:17.290-0600] {logging_mixin.py:190} INFO - [2024-11-28T11:52:17.290-0600] {dag.py:4180} INFO - Setting next_dagrun for dataset_s3_bucket_producer_with_no_taskflow to None, run_after=None
[2024-11-28T11:52:17.296-0600] {processor.py:208} INFO - Processing /Library/Frameworks/Python.framework/Versions/3.8/lib/python3.8/site-packages/airflow/example_dags/example_dataset_alias_with_no_taskflow.py took 0.075 seconds
[2024-11-28T11:54:29.429-0600] {processor.py:186} INFO - Started process (PID=35329) to work on /Library/Frameworks/Python.framework/Versions/3.8/lib/python3.8/site-packages/airflow/example_dags/example_dataset_alias_with_no_taskflow.py
[2024-11-28T11:54:29.430-0600] {processor.py:914} INFO - Processing file /Library/Frameworks/Python.framework/Versions/3.8/lib/python3.8/site-packages/airflow/example_dags/example_dataset_alias_with_no_taskflow.py for tasks to queue
[2024-11-28T11:54:29.431-0600] {logging_mixin.py:190} INFO - [2024-11-28T11:54:29.431-0600] {dagbag.py:588} INFO - Filling up the DagBag from /Library/Frameworks/Python.framework/Versions/3.8/lib/python3.8/site-packages/airflow/example_dags/example_dataset_alias_with_no_taskflow.py
[2024-11-28T11:54:29.480-0600] {processor.py:925} INFO - DAG(s) 'dataset_s3_bucket_consumer_with_no_taskflow', 'dataset_alias_example_alias_producer_with_no_taskflow', 'dataset_alias_example_alias_consumer_with_no_taskflow', 'dataset_s3_bucket_producer_with_no_taskflow' retrieved from /Library/Frameworks/Python.framework/Versions/3.8/lib/python3.8/site-packages/airflow/example_dags/example_dataset_alias_with_no_taskflow.py
[2024-11-28T11:54:29.487-0600] {logging_mixin.py:190} INFO - [2024-11-28T11:54:29.487-0600] {dag.py:3239} INFO - Sync 4 DAGs
[2024-11-28T11:54:29.493-0600] {logging_mixin.py:190} INFO - [2024-11-28T11:54:29.493-0600] {dag.py:4180} INFO - Setting next_dagrun for dataset_alias_example_alias_consumer_with_no_taskflow to None, run_after=None
[2024-11-28T11:54:29.494-0600] {logging_mixin.py:190} INFO - [2024-11-28T11:54:29.494-0600] {dag.py:4180} INFO - Setting next_dagrun for dataset_alias_example_alias_producer_with_no_taskflow to None, run_after=None
[2024-11-28T11:54:29.494-0600] {logging_mixin.py:190} INFO - [2024-11-28T11:54:29.494-0600] {dag.py:4180} INFO - Setting next_dagrun for dataset_s3_bucket_consumer_with_no_taskflow to None, run_after=None
[2024-11-28T11:54:29.494-0600] {logging_mixin.py:190} INFO - [2024-11-28T11:54:29.494-0600] {dag.py:4180} INFO - Setting next_dagrun for dataset_s3_bucket_producer_with_no_taskflow to None, run_after=None
[2024-11-28T11:54:29.501-0600] {processor.py:208} INFO - Processing /Library/Frameworks/Python.framework/Versions/3.8/lib/python3.8/site-packages/airflow/example_dags/example_dataset_alias_with_no_taskflow.py took 0.073 seconds
[2024-11-28T11:56:42.292-0600] {processor.py:186} INFO - Started process (PID=35584) to work on /Library/Frameworks/Python.framework/Versions/3.8/lib/python3.8/site-packages/airflow/example_dags/example_dataset_alias_with_no_taskflow.py
[2024-11-28T11:56:42.294-0600] {processor.py:914} INFO - Processing file /Library/Frameworks/Python.framework/Versions/3.8/lib/python3.8/site-packages/airflow/example_dags/example_dataset_alias_with_no_taskflow.py for tasks to queue
[2024-11-28T11:56:42.294-0600] {logging_mixin.py:190} INFO - [2024-11-28T11:56:42.294-0600] {dagbag.py:588} INFO - Filling up the DagBag from /Library/Frameworks/Python.framework/Versions/3.8/lib/python3.8/site-packages/airflow/example_dags/example_dataset_alias_with_no_taskflow.py
[2024-11-28T11:56:42.344-0600] {processor.py:925} INFO - DAG(s) 'dataset_alias_example_alias_consumer_with_no_taskflow', 'dataset_s3_bucket_consumer_with_no_taskflow', 'dataset_s3_bucket_producer_with_no_taskflow', 'dataset_alias_example_alias_producer_with_no_taskflow' retrieved from /Library/Frameworks/Python.framework/Versions/3.8/lib/python3.8/site-packages/airflow/example_dags/example_dataset_alias_with_no_taskflow.py
[2024-11-28T11:56:42.352-0600] {logging_mixin.py:190} INFO - [2024-11-28T11:56:42.352-0600] {dag.py:3239} INFO - Sync 4 DAGs
[2024-11-28T11:56:42.357-0600] {logging_mixin.py:190} INFO - [2024-11-28T11:56:42.357-0600] {dag.py:4180} INFO - Setting next_dagrun for dataset_alias_example_alias_consumer_with_no_taskflow to None, run_after=None
[2024-11-28T11:56:42.358-0600] {logging_mixin.py:190} INFO - [2024-11-28T11:56:42.358-0600] {dag.py:4180} INFO - Setting next_dagrun for dataset_alias_example_alias_producer_with_no_taskflow to None, run_after=None
[2024-11-28T11:56:42.358-0600] {logging_mixin.py:190} INFO - [2024-11-28T11:56:42.358-0600] {dag.py:4180} INFO - Setting next_dagrun for dataset_s3_bucket_consumer_with_no_taskflow to None, run_after=None
[2024-11-28T11:56:42.359-0600] {logging_mixin.py:190} INFO - [2024-11-28T11:56:42.359-0600] {dag.py:4180} INFO - Setting next_dagrun for dataset_s3_bucket_producer_with_no_taskflow to None, run_after=None
[2024-11-28T11:56:42.365-0600] {processor.py:208} INFO - Processing /Library/Frameworks/Python.framework/Versions/3.8/lib/python3.8/site-packages/airflow/example_dags/example_dataset_alias_with_no_taskflow.py took 0.074 seconds
[2024-11-28T11:58:56.456-0600] {processor.py:186} INFO - Started process (PID=35834) to work on /Library/Frameworks/Python.framework/Versions/3.8/lib/python3.8/site-packages/airflow/example_dags/example_dataset_alias_with_no_taskflow.py
[2024-11-28T11:58:56.457-0600] {processor.py:914} INFO - Processing file /Library/Frameworks/Python.framework/Versions/3.8/lib/python3.8/site-packages/airflow/example_dags/example_dataset_alias_with_no_taskflow.py for tasks to queue
[2024-11-28T11:58:56.457-0600] {logging_mixin.py:190} INFO - [2024-11-28T11:58:56.457-0600] {dagbag.py:588} INFO - Filling up the DagBag from /Library/Frameworks/Python.framework/Versions/3.8/lib/python3.8/site-packages/airflow/example_dags/example_dataset_alias_with_no_taskflow.py
[2024-11-28T11:58:56.506-0600] {processor.py:925} INFO - DAG(s) 'dataset_s3_bucket_producer_with_no_taskflow', 'dataset_s3_bucket_consumer_with_no_taskflow', 'dataset_alias_example_alias_consumer_with_no_taskflow', 'dataset_alias_example_alias_producer_with_no_taskflow' retrieved from /Library/Frameworks/Python.framework/Versions/3.8/lib/python3.8/site-packages/airflow/example_dags/example_dataset_alias_with_no_taskflow.py
[2024-11-28T11:58:56.513-0600] {logging_mixin.py:190} INFO - [2024-11-28T11:58:56.513-0600] {dag.py:3239} INFO - Sync 4 DAGs
[2024-11-28T11:58:56.519-0600] {logging_mixin.py:190} INFO - [2024-11-28T11:58:56.519-0600] {dag.py:4180} INFO - Setting next_dagrun for dataset_alias_example_alias_consumer_with_no_taskflow to None, run_after=None
[2024-11-28T11:58:56.519-0600] {logging_mixin.py:190} INFO - [2024-11-28T11:58:56.519-0600] {dag.py:4180} INFO - Setting next_dagrun for dataset_alias_example_alias_producer_with_no_taskflow to None, run_after=None
[2024-11-28T11:58:56.520-0600] {logging_mixin.py:190} INFO - [2024-11-28T11:58:56.520-0600] {dag.py:4180} INFO - Setting next_dagrun for dataset_s3_bucket_consumer_with_no_taskflow to None, run_after=None
[2024-11-28T11:58:56.520-0600] {logging_mixin.py:190} INFO - [2024-11-28T11:58:56.520-0600] {dag.py:4180} INFO - Setting next_dagrun for dataset_s3_bucket_producer_with_no_taskflow to None, run_after=None
[2024-11-28T11:58:56.526-0600] {processor.py:208} INFO - Processing /Library/Frameworks/Python.framework/Versions/3.8/lib/python3.8/site-packages/airflow/example_dags/example_dataset_alias_with_no_taskflow.py took 0.072 seconds
[2024-11-28T12:01:13.822-0600] {processor.py:186} INFO - Started process (PID=36093) to work on /Library/Frameworks/Python.framework/Versions/3.8/lib/python3.8/site-packages/airflow/example_dags/example_dataset_alias_with_no_taskflow.py
[2024-11-28T12:01:13.823-0600] {processor.py:914} INFO - Processing file /Library/Frameworks/Python.framework/Versions/3.8/lib/python3.8/site-packages/airflow/example_dags/example_dataset_alias_with_no_taskflow.py for tasks to queue
[2024-11-28T12:01:13.823-0600] {logging_mixin.py:190} INFO - [2024-11-28T12:01:13.823-0600] {dagbag.py:588} INFO - Filling up the DagBag from /Library/Frameworks/Python.framework/Versions/3.8/lib/python3.8/site-packages/airflow/example_dags/example_dataset_alias_with_no_taskflow.py
[2024-11-28T12:01:13.873-0600] {processor.py:925} INFO - DAG(s) 'dataset_s3_bucket_consumer_with_no_taskflow', 'dataset_alias_example_alias_consumer_with_no_taskflow', 'dataset_alias_example_alias_producer_with_no_taskflow', 'dataset_s3_bucket_producer_with_no_taskflow' retrieved from /Library/Frameworks/Python.framework/Versions/3.8/lib/python3.8/site-packages/airflow/example_dags/example_dataset_alias_with_no_taskflow.py
[2024-11-28T12:01:13.880-0600] {logging_mixin.py:190} INFO - [2024-11-28T12:01:13.880-0600] {dag.py:3239} INFO - Sync 4 DAGs
[2024-11-28T12:01:13.886-0600] {logging_mixin.py:190} INFO - [2024-11-28T12:01:13.886-0600] {dag.py:4180} INFO - Setting next_dagrun for dataset_alias_example_alias_consumer_with_no_taskflow to None, run_after=None
[2024-11-28T12:01:13.886-0600] {logging_mixin.py:190} INFO - [2024-11-28T12:01:13.886-0600] {dag.py:4180} INFO - Setting next_dagrun for dataset_alias_example_alias_producer_with_no_taskflow to None, run_after=None
[2024-11-28T12:01:13.887-0600] {logging_mixin.py:190} INFO - [2024-11-28T12:01:13.887-0600] {dag.py:4180} INFO - Setting next_dagrun for dataset_s3_bucket_consumer_with_no_taskflow to None, run_after=None
[2024-11-28T12:01:13.887-0600] {logging_mixin.py:190} INFO - [2024-11-28T12:01:13.887-0600] {dag.py:4180} INFO - Setting next_dagrun for dataset_s3_bucket_producer_with_no_taskflow to None, run_after=None
[2024-11-28T12:01:13.893-0600] {processor.py:208} INFO - Processing /Library/Frameworks/Python.framework/Versions/3.8/lib/python3.8/site-packages/airflow/example_dags/example_dataset_alias_with_no_taskflow.py took 0.073 seconds
[2024-11-28T12:03:25.490-0600] {processor.py:186} INFO - Started process (PID=36338) to work on /Library/Frameworks/Python.framework/Versions/3.8/lib/python3.8/site-packages/airflow/example_dags/example_dataset_alias_with_no_taskflow.py
[2024-11-28T12:03:25.491-0600] {processor.py:914} INFO - Processing file /Library/Frameworks/Python.framework/Versions/3.8/lib/python3.8/site-packages/airflow/example_dags/example_dataset_alias_with_no_taskflow.py for tasks to queue
[2024-11-28T12:03:25.492-0600] {logging_mixin.py:190} INFO - [2024-11-28T12:03:25.491-0600] {dagbag.py:588} INFO - Filling up the DagBag from /Library/Frameworks/Python.framework/Versions/3.8/lib/python3.8/site-packages/airflow/example_dags/example_dataset_alias_with_no_taskflow.py
[2024-11-28T12:03:25.540-0600] {processor.py:925} INFO - DAG(s) 'dataset_s3_bucket_producer_with_no_taskflow', 'dataset_alias_example_alias_consumer_with_no_taskflow', 'dataset_alias_example_alias_producer_with_no_taskflow', 'dataset_s3_bucket_consumer_with_no_taskflow' retrieved from /Library/Frameworks/Python.framework/Versions/3.8/lib/python3.8/site-packages/airflow/example_dags/example_dataset_alias_with_no_taskflow.py
[2024-11-28T12:03:25.548-0600] {logging_mixin.py:190} INFO - [2024-11-28T12:03:25.548-0600] {dag.py:3239} INFO - Sync 4 DAGs
[2024-11-28T12:03:25.554-0600] {logging_mixin.py:190} INFO - [2024-11-28T12:03:25.554-0600] {dag.py:4180} INFO - Setting next_dagrun for dataset_alias_example_alias_consumer_with_no_taskflow to None, run_after=None
[2024-11-28T12:03:25.555-0600] {logging_mixin.py:190} INFO - [2024-11-28T12:03:25.555-0600] {dag.py:4180} INFO - Setting next_dagrun for dataset_alias_example_alias_producer_with_no_taskflow to None, run_after=None
[2024-11-28T12:03:25.555-0600] {logging_mixin.py:190} INFO - [2024-11-28T12:03:25.555-0600] {dag.py:4180} INFO - Setting next_dagrun for dataset_s3_bucket_consumer_with_no_taskflow to None, run_after=None
[2024-11-28T12:03:25.556-0600] {logging_mixin.py:190} INFO - [2024-11-28T12:03:25.555-0600] {dag.py:4180} INFO - Setting next_dagrun for dataset_s3_bucket_producer_with_no_taskflow to None, run_after=None
[2024-11-28T12:03:25.563-0600] {processor.py:208} INFO - Processing /Library/Frameworks/Python.framework/Versions/3.8/lib/python3.8/site-packages/airflow/example_dags/example_dataset_alias_with_no_taskflow.py took 0.075 seconds
[2024-11-28T12:05:38.544-0600] {processor.py:186} INFO - Started process (PID=36590) to work on /Library/Frameworks/Python.framework/Versions/3.8/lib/python3.8/site-packages/airflow/example_dags/example_dataset_alias_with_no_taskflow.py
[2024-11-28T12:05:38.545-0600] {processor.py:914} INFO - Processing file /Library/Frameworks/Python.framework/Versions/3.8/lib/python3.8/site-packages/airflow/example_dags/example_dataset_alias_with_no_taskflow.py for tasks to queue
[2024-11-28T12:05:38.545-0600] {logging_mixin.py:190} INFO - [2024-11-28T12:05:38.545-0600] {dagbag.py:588} INFO - Filling up the DagBag from /Library/Frameworks/Python.framework/Versions/3.8/lib/python3.8/site-packages/airflow/example_dags/example_dataset_alias_with_no_taskflow.py
[2024-11-28T12:05:38.594-0600] {processor.py:925} INFO - DAG(s) 'dataset_alias_example_alias_consumer_with_no_taskflow', 'dataset_s3_bucket_consumer_with_no_taskflow', 'dataset_alias_example_alias_producer_with_no_taskflow', 'dataset_s3_bucket_producer_with_no_taskflow' retrieved from /Library/Frameworks/Python.framework/Versions/3.8/lib/python3.8/site-packages/airflow/example_dags/example_dataset_alias_with_no_taskflow.py
[2024-11-28T12:05:38.601-0600] {logging_mixin.py:190} INFO - [2024-11-28T12:05:38.601-0600] {dag.py:3239} INFO - Sync 4 DAGs
[2024-11-28T12:05:38.607-0600] {logging_mixin.py:190} INFO - [2024-11-28T12:05:38.607-0600] {dag.py:4180} INFO - Setting next_dagrun for dataset_alias_example_alias_consumer_with_no_taskflow to None, run_after=None
[2024-11-28T12:05:38.608-0600] {logging_mixin.py:190} INFO - [2024-11-28T12:05:38.608-0600] {dag.py:4180} INFO - Setting next_dagrun for dataset_alias_example_alias_producer_with_no_taskflow to None, run_after=None
[2024-11-28T12:05:38.608-0600] {logging_mixin.py:190} INFO - [2024-11-28T12:05:38.608-0600] {dag.py:4180} INFO - Setting next_dagrun for dataset_s3_bucket_consumer_with_no_taskflow to None, run_after=None
[2024-11-28T12:05:38.608-0600] {logging_mixin.py:190} INFO - [2024-11-28T12:05:38.608-0600] {dag.py:4180} INFO - Setting next_dagrun for dataset_s3_bucket_producer_with_no_taskflow to None, run_after=None
[2024-11-28T12:05:38.615-0600] {processor.py:208} INFO - Processing /Library/Frameworks/Python.framework/Versions/3.8/lib/python3.8/site-packages/airflow/example_dags/example_dataset_alias_with_no_taskflow.py took 0.073 seconds
[2024-11-28T12:07:46.978-0600] {processor.py:186} INFO - Started process (PID=36833) to work on /Library/Frameworks/Python.framework/Versions/3.8/lib/python3.8/site-packages/airflow/example_dags/example_dataset_alias_with_no_taskflow.py
[2024-11-28T12:07:46.979-0600] {processor.py:914} INFO - Processing file /Library/Frameworks/Python.framework/Versions/3.8/lib/python3.8/site-packages/airflow/example_dags/example_dataset_alias_with_no_taskflow.py for tasks to queue
[2024-11-28T12:07:46.980-0600] {logging_mixin.py:190} INFO - [2024-11-28T12:07:46.980-0600] {dagbag.py:588} INFO - Filling up the DagBag from /Library/Frameworks/Python.framework/Versions/3.8/lib/python3.8/site-packages/airflow/example_dags/example_dataset_alias_with_no_taskflow.py
[2024-11-28T12:07:47.029-0600] {processor.py:925} INFO - DAG(s) 'dataset_alias_example_alias_producer_with_no_taskflow', 'dataset_alias_example_alias_consumer_with_no_taskflow', 'dataset_s3_bucket_consumer_with_no_taskflow', 'dataset_s3_bucket_producer_with_no_taskflow' retrieved from /Library/Frameworks/Python.framework/Versions/3.8/lib/python3.8/site-packages/airflow/example_dags/example_dataset_alias_with_no_taskflow.py
[2024-11-28T12:07:47.037-0600] {logging_mixin.py:190} INFO - [2024-11-28T12:07:47.037-0600] {dag.py:3239} INFO - Sync 4 DAGs
[2024-11-28T12:07:47.043-0600] {logging_mixin.py:190} INFO - [2024-11-28T12:07:47.043-0600] {dag.py:4180} INFO - Setting next_dagrun for dataset_alias_example_alias_consumer_with_no_taskflow to None, run_after=None
[2024-11-28T12:07:47.043-0600] {logging_mixin.py:190} INFO - [2024-11-28T12:07:47.043-0600] {dag.py:4180} INFO - Setting next_dagrun for dataset_alias_example_alias_producer_with_no_taskflow to None, run_after=None
[2024-11-28T12:07:47.044-0600] {logging_mixin.py:190} INFO - [2024-11-28T12:07:47.044-0600] {dag.py:4180} INFO - Setting next_dagrun for dataset_s3_bucket_consumer_with_no_taskflow to None, run_after=None
[2024-11-28T12:07:47.044-0600] {logging_mixin.py:190} INFO - [2024-11-28T12:07:47.044-0600] {dag.py:4180} INFO - Setting next_dagrun for dataset_s3_bucket_producer_with_no_taskflow to None, run_after=None
[2024-11-28T12:07:47.051-0600] {processor.py:208} INFO - Processing /Library/Frameworks/Python.framework/Versions/3.8/lib/python3.8/site-packages/airflow/example_dags/example_dataset_alias_with_no_taskflow.py took 0.074 seconds
[2024-11-28T12:10:06.870-0600] {processor.py:186} INFO - Started process (PID=37088) to work on /Library/Frameworks/Python.framework/Versions/3.8/lib/python3.8/site-packages/airflow/example_dags/example_dataset_alias_with_no_taskflow.py
[2024-11-28T12:10:06.871-0600] {processor.py:914} INFO - Processing file /Library/Frameworks/Python.framework/Versions/3.8/lib/python3.8/site-packages/airflow/example_dags/example_dataset_alias_with_no_taskflow.py for tasks to queue
[2024-11-28T12:10:06.871-0600] {logging_mixin.py:190} INFO - [2024-11-28T12:10:06.871-0600] {dagbag.py:588} INFO - Filling up the DagBag from /Library/Frameworks/Python.framework/Versions/3.8/lib/python3.8/site-packages/airflow/example_dags/example_dataset_alias_with_no_taskflow.py
[2024-11-28T12:10:06.921-0600] {processor.py:925} INFO - DAG(s) 'dataset_s3_bucket_consumer_with_no_taskflow', 'dataset_alias_example_alias_consumer_with_no_taskflow', 'dataset_s3_bucket_producer_with_no_taskflow', 'dataset_alias_example_alias_producer_with_no_taskflow' retrieved from /Library/Frameworks/Python.framework/Versions/3.8/lib/python3.8/site-packages/airflow/example_dags/example_dataset_alias_with_no_taskflow.py
[2024-11-28T12:10:06.928-0600] {logging_mixin.py:190} INFO - [2024-11-28T12:10:06.928-0600] {dag.py:3239} INFO - Sync 4 DAGs
[2024-11-28T12:10:06.934-0600] {logging_mixin.py:190} INFO - [2024-11-28T12:10:06.934-0600] {dag.py:4180} INFO - Setting next_dagrun for dataset_alias_example_alias_consumer_with_no_taskflow to None, run_after=None
[2024-11-28T12:10:06.935-0600] {logging_mixin.py:190} INFO - [2024-11-28T12:10:06.935-0600] {dag.py:4180} INFO - Setting next_dagrun for dataset_alias_example_alias_producer_with_no_taskflow to None, run_after=None
[2024-11-28T12:10:06.935-0600] {logging_mixin.py:190} INFO - [2024-11-28T12:10:06.935-0600] {dag.py:4180} INFO - Setting next_dagrun for dataset_s3_bucket_consumer_with_no_taskflow to None, run_after=None
[2024-11-28T12:10:06.935-0600] {logging_mixin.py:190} INFO - [2024-11-28T12:10:06.935-0600] {dag.py:4180} INFO - Setting next_dagrun for dataset_s3_bucket_producer_with_no_taskflow to None, run_after=None
[2024-11-28T12:10:06.942-0600] {processor.py:208} INFO - Processing /Library/Frameworks/Python.framework/Versions/3.8/lib/python3.8/site-packages/airflow/example_dags/example_dataset_alias_with_no_taskflow.py took 0.073 seconds
