[2024-11-28T11:47:55.805-0600] {processor.py:186} INFO - Started process (PID=34524) to work on /Library/Frameworks/Python.framework/Versions/3.8/lib/python3.8/site-packages/airflow/example_dags/example_branch_python_dop_operator_3.py
[2024-11-28T11:47:55.805-0600] {processor.py:914} INFO - Processing file /Library/Frameworks/Python.framework/Versions/3.8/lib/python3.8/site-packages/airflow/example_dags/example_branch_python_dop_operator_3.py for tasks to queue
[2024-11-28T11:47:55.806-0600] {logging_mixin.py:190} INFO - [2024-11-28T11:47:55.806-0600] {dagbag.py:588} INFO - Filling up the DagBag from /Library/Frameworks/Python.framework/Versions/3.8/lib/python3.8/site-packages/airflow/example_dags/example_branch_python_dop_operator_3.py
[2024-11-28T11:47:55.818-0600] {processor.py:925} INFO - DAG(s) 'example_branch_dop_operator_v3' retrieved from /Library/Frameworks/Python.framework/Versions/3.8/lib/python3.8/site-packages/airflow/example_dags/example_branch_python_dop_operator_3.py
[2024-11-28T11:47:55.851-0600] {logging_mixin.py:190} INFO - [2024-11-28T11:47:55.851-0600] {dag.py:3239} INFO - Sync 1 DAGs
[2024-11-28T11:47:55.861-0600] {logging_mixin.py:190} INFO - [2024-11-28T11:47:55.861-0600] {dag.py:4180} INFO - Setting next_dagrun for example_branch_dop_operator_v3 to 2024-11-28 17:46:00+00:00, run_after=2024-11-28 17:47:00+00:00
[2024-11-28T11:47:55.867-0600] {processor.py:208} INFO - Processing /Library/Frameworks/Python.framework/Versions/3.8/lib/python3.8/site-packages/airflow/example_dags/example_branch_python_dop_operator_3.py took 0.063 seconds
[2024-11-28T11:50:11.903-0600] {processor.py:186} INFO - Started process (PID=34794) to work on /Library/Frameworks/Python.framework/Versions/3.8/lib/python3.8/site-packages/airflow/example_dags/example_branch_python_dop_operator_3.py
[2024-11-28T11:50:11.903-0600] {processor.py:914} INFO - Processing file /Library/Frameworks/Python.framework/Versions/3.8/lib/python3.8/site-packages/airflow/example_dags/example_branch_python_dop_operator_3.py for tasks to queue
[2024-11-28T11:50:11.904-0600] {logging_mixin.py:190} INFO - [2024-11-28T11:50:11.904-0600] {dagbag.py:588} INFO - Filling up the DagBag from /Library/Frameworks/Python.framework/Versions/3.8/lib/python3.8/site-packages/airflow/example_dags/example_branch_python_dop_operator_3.py
[2024-11-28T11:50:11.917-0600] {processor.py:925} INFO - DAG(s) 'example_branch_dop_operator_v3' retrieved from /Library/Frameworks/Python.framework/Versions/3.8/lib/python3.8/site-packages/airflow/example_dags/example_branch_python_dop_operator_3.py
[2024-11-28T11:50:11.950-0600] {logging_mixin.py:190} INFO - [2024-11-28T11:50:11.950-0600] {dag.py:3239} INFO - Sync 1 DAGs
[2024-11-28T11:50:11.957-0600] {logging_mixin.py:190} INFO - [2024-11-28T11:50:11.957-0600] {dag.py:4180} INFO - Setting next_dagrun for example_branch_dop_operator_v3 to 2024-11-28 17:49:00+00:00, run_after=2024-11-28 17:50:00+00:00
[2024-11-28T11:50:11.962-0600] {processor.py:208} INFO - Processing /Library/Frameworks/Python.framework/Versions/3.8/lib/python3.8/site-packages/airflow/example_dags/example_branch_python_dop_operator_3.py took 0.061 seconds
[2024-11-28T11:52:24.554-0600] {processor.py:186} INFO - Started process (PID=35045) to work on /Library/Frameworks/Python.framework/Versions/3.8/lib/python3.8/site-packages/airflow/example_dags/example_branch_python_dop_operator_3.py
[2024-11-28T11:52:24.554-0600] {processor.py:914} INFO - Processing file /Library/Frameworks/Python.framework/Versions/3.8/lib/python3.8/site-packages/airflow/example_dags/example_branch_python_dop_operator_3.py for tasks to queue
[2024-11-28T11:52:24.555-0600] {logging_mixin.py:190} INFO - [2024-11-28T11:52:24.554-0600] {dagbag.py:588} INFO - Filling up the DagBag from /Library/Frameworks/Python.framework/Versions/3.8/lib/python3.8/site-packages/airflow/example_dags/example_branch_python_dop_operator_3.py
[2024-11-28T11:52:24.566-0600] {processor.py:925} INFO - DAG(s) 'example_branch_dop_operator_v3' retrieved from /Library/Frameworks/Python.framework/Versions/3.8/lib/python3.8/site-packages/airflow/example_dags/example_branch_python_dop_operator_3.py
[2024-11-28T11:52:24.600-0600] {logging_mixin.py:190} INFO - [2024-11-28T11:52:24.600-0600] {dag.py:3239} INFO - Sync 1 DAGs
[2024-11-28T11:52:24.607-0600] {logging_mixin.py:190} INFO - [2024-11-28T11:52:24.607-0600] {dag.py:4180} INFO - Setting next_dagrun for example_branch_dop_operator_v3 to 2024-11-28 17:51:00+00:00, run_after=2024-11-28 17:52:00+00:00
[2024-11-28T11:52:24.613-0600] {processor.py:208} INFO - Processing /Library/Frameworks/Python.framework/Versions/3.8/lib/python3.8/site-packages/airflow/example_dags/example_branch_python_dop_operator_3.py took 0.060 seconds
[2024-11-28T11:54:34.802-0600] {processor.py:186} INFO - Started process (PID=35341) to work on /Library/Frameworks/Python.framework/Versions/3.8/lib/python3.8/site-packages/airflow/example_dags/example_branch_python_dop_operator_3.py
[2024-11-28T11:54:34.803-0600] {processor.py:914} INFO - Processing file /Library/Frameworks/Python.framework/Versions/3.8/lib/python3.8/site-packages/airflow/example_dags/example_branch_python_dop_operator_3.py for tasks to queue
[2024-11-28T11:54:34.803-0600] {logging_mixin.py:190} INFO - [2024-11-28T11:54:34.803-0600] {dagbag.py:588} INFO - Filling up the DagBag from /Library/Frameworks/Python.framework/Versions/3.8/lib/python3.8/site-packages/airflow/example_dags/example_branch_python_dop_operator_3.py
[2024-11-28T11:54:34.816-0600] {processor.py:925} INFO - DAG(s) 'example_branch_dop_operator_v3' retrieved from /Library/Frameworks/Python.framework/Versions/3.8/lib/python3.8/site-packages/airflow/example_dags/example_branch_python_dop_operator_3.py
[2024-11-28T11:54:34.852-0600] {logging_mixin.py:190} INFO - [2024-11-28T11:54:34.852-0600] {dag.py:3239} INFO - Sync 1 DAGs
[2024-11-28T11:54:34.860-0600] {logging_mixin.py:190} INFO - [2024-11-28T11:54:34.860-0600] {dag.py:4180} INFO - Setting next_dagrun for example_branch_dop_operator_v3 to 2024-11-28 17:53:00+00:00, run_after=2024-11-28 17:54:00+00:00
[2024-11-28T11:54:34.866-0600] {processor.py:208} INFO - Processing /Library/Frameworks/Python.framework/Versions/3.8/lib/python3.8/site-packages/airflow/example_dags/example_branch_python_dop_operator_3.py took 0.065 seconds
[2024-11-28T11:56:49.012-0600] {processor.py:186} INFO - Started process (PID=35596) to work on /Library/Frameworks/Python.framework/Versions/3.8/lib/python3.8/site-packages/airflow/example_dags/example_branch_python_dop_operator_3.py
[2024-11-28T11:56:49.013-0600] {processor.py:914} INFO - Processing file /Library/Frameworks/Python.framework/Versions/3.8/lib/python3.8/site-packages/airflow/example_dags/example_branch_python_dop_operator_3.py for tasks to queue
[2024-11-28T11:56:49.014-0600] {logging_mixin.py:190} INFO - [2024-11-28T11:56:49.014-0600] {dagbag.py:588} INFO - Filling up the DagBag from /Library/Frameworks/Python.framework/Versions/3.8/lib/python3.8/site-packages/airflow/example_dags/example_branch_python_dop_operator_3.py
[2024-11-28T11:56:49.026-0600] {processor.py:925} INFO - DAG(s) 'example_branch_dop_operator_v3' retrieved from /Library/Frameworks/Python.framework/Versions/3.8/lib/python3.8/site-packages/airflow/example_dags/example_branch_python_dop_operator_3.py
[2024-11-28T11:56:49.061-0600] {logging_mixin.py:190} INFO - [2024-11-28T11:56:49.061-0600] {dag.py:3239} INFO - Sync 1 DAGs
[2024-11-28T11:56:49.069-0600] {logging_mixin.py:190} INFO - [2024-11-28T11:56:49.069-0600] {dag.py:4180} INFO - Setting next_dagrun for example_branch_dop_operator_v3 to 2024-11-28 17:55:00+00:00, run_after=2024-11-28 17:56:00+00:00
[2024-11-28T11:56:49.075-0600] {processor.py:208} INFO - Processing /Library/Frameworks/Python.framework/Versions/3.8/lib/python3.8/site-packages/airflow/example_dags/example_branch_python_dop_operator_3.py took 0.064 seconds
[2024-11-28T11:59:03.749-0600] {processor.py:186} INFO - Started process (PID=35846) to work on /Library/Frameworks/Python.framework/Versions/3.8/lib/python3.8/site-packages/airflow/example_dags/example_branch_python_dop_operator_3.py
[2024-11-28T11:59:03.751-0600] {processor.py:914} INFO - Processing file /Library/Frameworks/Python.framework/Versions/3.8/lib/python3.8/site-packages/airflow/example_dags/example_branch_python_dop_operator_3.py for tasks to queue
[2024-11-28T11:59:03.751-0600] {logging_mixin.py:190} INFO - [2024-11-28T11:59:03.751-0600] {dagbag.py:588} INFO - Filling up the DagBag from /Library/Frameworks/Python.framework/Versions/3.8/lib/python3.8/site-packages/airflow/example_dags/example_branch_python_dop_operator_3.py
[2024-11-28T11:59:03.763-0600] {processor.py:925} INFO - DAG(s) 'example_branch_dop_operator_v3' retrieved from /Library/Frameworks/Python.framework/Versions/3.8/lib/python3.8/site-packages/airflow/example_dags/example_branch_python_dop_operator_3.py
[2024-11-28T11:59:03.796-0600] {logging_mixin.py:190} INFO - [2024-11-28T11:59:03.796-0600] {dag.py:3239} INFO - Sync 1 DAGs
[2024-11-28T11:59:03.803-0600] {logging_mixin.py:190} INFO - [2024-11-28T11:59:03.803-0600] {dag.py:4180} INFO - Setting next_dagrun for example_branch_dop_operator_v3 to 2024-11-28 17:58:00+00:00, run_after=2024-11-28 17:59:00+00:00
[2024-11-28T11:59:03.809-0600] {processor.py:208} INFO - Processing /Library/Frameworks/Python.framework/Versions/3.8/lib/python3.8/site-packages/airflow/example_dags/example_branch_python_dop_operator_3.py took 0.061 seconds
[2024-11-28T12:01:21.276-0600] {processor.py:186} INFO - Started process (PID=36106) to work on /Library/Frameworks/Python.framework/Versions/3.8/lib/python3.8/site-packages/airflow/example_dags/example_branch_python_dop_operator_3.py
[2024-11-28T12:01:21.277-0600] {processor.py:914} INFO - Processing file /Library/Frameworks/Python.framework/Versions/3.8/lib/python3.8/site-packages/airflow/example_dags/example_branch_python_dop_operator_3.py for tasks to queue
[2024-11-28T12:01:21.277-0600] {logging_mixin.py:190} INFO - [2024-11-28T12:01:21.277-0600] {dagbag.py:588} INFO - Filling up the DagBag from /Library/Frameworks/Python.framework/Versions/3.8/lib/python3.8/site-packages/airflow/example_dags/example_branch_python_dop_operator_3.py
[2024-11-28T12:01:21.290-0600] {processor.py:925} INFO - DAG(s) 'example_branch_dop_operator_v3' retrieved from /Library/Frameworks/Python.framework/Versions/3.8/lib/python3.8/site-packages/airflow/example_dags/example_branch_python_dop_operator_3.py
[2024-11-28T12:01:21.324-0600] {logging_mixin.py:190} INFO - [2024-11-28T12:01:21.324-0600] {dag.py:3239} INFO - Sync 1 DAGs
[2024-11-28T12:01:21.332-0600] {logging_mixin.py:190} INFO - [2024-11-28T12:01:21.332-0600] {dag.py:4180} INFO - Setting next_dagrun for example_branch_dop_operator_v3 to 2024-11-28 18:00:00+00:00, run_after=2024-11-28 18:01:00+00:00
[2024-11-28T12:01:21.338-0600] {processor.py:208} INFO - Processing /Library/Frameworks/Python.framework/Versions/3.8/lib/python3.8/site-packages/airflow/example_dags/example_branch_python_dop_operator_3.py took 0.063 seconds
[2024-11-28T12:03:32.204-0600] {processor.py:186} INFO - Started process (PID=36351) to work on /Library/Frameworks/Python.framework/Versions/3.8/lib/python3.8/site-packages/airflow/example_dags/example_branch_python_dop_operator_3.py
[2024-11-28T12:03:32.205-0600] {processor.py:914} INFO - Processing file /Library/Frameworks/Python.framework/Versions/3.8/lib/python3.8/site-packages/airflow/example_dags/example_branch_python_dop_operator_3.py for tasks to queue
[2024-11-28T12:03:32.205-0600] {logging_mixin.py:190} INFO - [2024-11-28T12:03:32.205-0600] {dagbag.py:588} INFO - Filling up the DagBag from /Library/Frameworks/Python.framework/Versions/3.8/lib/python3.8/site-packages/airflow/example_dags/example_branch_python_dop_operator_3.py
[2024-11-28T12:03:32.220-0600] {processor.py:925} INFO - DAG(s) 'example_branch_dop_operator_v3' retrieved from /Library/Frameworks/Python.framework/Versions/3.8/lib/python3.8/site-packages/airflow/example_dags/example_branch_python_dop_operator_3.py
[2024-11-28T12:03:32.259-0600] {logging_mixin.py:190} INFO - [2024-11-28T12:03:32.259-0600] {dag.py:3239} INFO - Sync 1 DAGs
[2024-11-28T12:03:32.269-0600] {logging_mixin.py:190} INFO - [2024-11-28T12:03:32.269-0600] {dag.py:4180} INFO - Setting next_dagrun for example_branch_dop_operator_v3 to 2024-11-28 18:02:00+00:00, run_after=2024-11-28 18:03:00+00:00
[2024-11-28T12:03:32.276-0600] {processor.py:208} INFO - Processing /Library/Frameworks/Python.framework/Versions/3.8/lib/python3.8/site-packages/airflow/example_dags/example_branch_python_dop_operator_3.py took 0.074 seconds
[2024-11-28T12:05:45.606-0600] {processor.py:186} INFO - Started process (PID=36606) to work on /Library/Frameworks/Python.framework/Versions/3.8/lib/python3.8/site-packages/airflow/example_dags/example_branch_python_dop_operator_3.py
[2024-11-28T12:05:45.607-0600] {processor.py:914} INFO - Processing file /Library/Frameworks/Python.framework/Versions/3.8/lib/python3.8/site-packages/airflow/example_dags/example_branch_python_dop_operator_3.py for tasks to queue
[2024-11-28T12:05:45.607-0600] {logging_mixin.py:190} INFO - [2024-11-28T12:05:45.607-0600] {dagbag.py:588} INFO - Filling up the DagBag from /Library/Frameworks/Python.framework/Versions/3.8/lib/python3.8/site-packages/airflow/example_dags/example_branch_python_dop_operator_3.py
[2024-11-28T12:05:45.620-0600] {processor.py:925} INFO - DAG(s) 'example_branch_dop_operator_v3' retrieved from /Library/Frameworks/Python.framework/Versions/3.8/lib/python3.8/site-packages/airflow/example_dags/example_branch_python_dop_operator_3.py
[2024-11-28T12:05:45.654-0600] {logging_mixin.py:190} INFO - [2024-11-28T12:05:45.654-0600] {dag.py:3239} INFO - Sync 1 DAGs
[2024-11-28T12:05:45.662-0600] {logging_mixin.py:190} INFO - [2024-11-28T12:05:45.662-0600] {dag.py:4180} INFO - Setting next_dagrun for example_branch_dop_operator_v3 to 2024-11-28 18:04:00+00:00, run_after=2024-11-28 18:05:00+00:00
[2024-11-28T12:05:45.668-0600] {processor.py:208} INFO - Processing /Library/Frameworks/Python.framework/Versions/3.8/lib/python3.8/site-packages/airflow/example_dags/example_branch_python_dop_operator_3.py took 0.063 seconds
[2024-11-28T12:07:54.146-0600] {processor.py:186} INFO - Started process (PID=36845) to work on /Library/Frameworks/Python.framework/Versions/3.8/lib/python3.8/site-packages/airflow/example_dags/example_branch_python_dop_operator_3.py
[2024-11-28T12:07:54.147-0600] {processor.py:914} INFO - Processing file /Library/Frameworks/Python.framework/Versions/3.8/lib/python3.8/site-packages/airflow/example_dags/example_branch_python_dop_operator_3.py for tasks to queue
[2024-11-28T12:07:54.147-0600] {logging_mixin.py:190} INFO - [2024-11-28T12:07:54.147-0600] {dagbag.py:588} INFO - Filling up the DagBag from /Library/Frameworks/Python.framework/Versions/3.8/lib/python3.8/site-packages/airflow/example_dags/example_branch_python_dop_operator_3.py
[2024-11-28T12:07:54.159-0600] {processor.py:925} INFO - DAG(s) 'example_branch_dop_operator_v3' retrieved from /Library/Frameworks/Python.framework/Versions/3.8/lib/python3.8/site-packages/airflow/example_dags/example_branch_python_dop_operator_3.py
[2024-11-28T12:07:54.193-0600] {logging_mixin.py:190} INFO - [2024-11-28T12:07:54.193-0600] {dag.py:3239} INFO - Sync 1 DAGs
[2024-11-28T12:07:54.202-0600] {logging_mixin.py:190} INFO - [2024-11-28T12:07:54.202-0600] {dag.py:4180} INFO - Setting next_dagrun for example_branch_dop_operator_v3 to 2024-11-28 18:06:00+00:00, run_after=2024-11-28 18:07:00+00:00
[2024-11-28T12:07:54.208-0600] {processor.py:208} INFO - Processing /Library/Frameworks/Python.framework/Versions/3.8/lib/python3.8/site-packages/airflow/example_dags/example_branch_python_dop_operator_3.py took 0.063 seconds
[2024-11-28T12:10:14.243-0600] {processor.py:186} INFO - Started process (PID=37101) to work on /Library/Frameworks/Python.framework/Versions/3.8/lib/python3.8/site-packages/airflow/example_dags/example_branch_python_dop_operator_3.py
[2024-11-28T12:10:14.244-0600] {processor.py:914} INFO - Processing file /Library/Frameworks/Python.framework/Versions/3.8/lib/python3.8/site-packages/airflow/example_dags/example_branch_python_dop_operator_3.py for tasks to queue
[2024-11-28T12:10:14.244-0600] {logging_mixin.py:190} INFO - [2024-11-28T12:10:14.244-0600] {dagbag.py:588} INFO - Filling up the DagBag from /Library/Frameworks/Python.framework/Versions/3.8/lib/python3.8/site-packages/airflow/example_dags/example_branch_python_dop_operator_3.py
[2024-11-28T12:10:14.257-0600] {processor.py:925} INFO - DAG(s) 'example_branch_dop_operator_v3' retrieved from /Library/Frameworks/Python.framework/Versions/3.8/lib/python3.8/site-packages/airflow/example_dags/example_branch_python_dop_operator_3.py
[2024-11-28T12:10:14.291-0600] {logging_mixin.py:190} INFO - [2024-11-28T12:10:14.291-0600] {dag.py:3239} INFO - Sync 1 DAGs
[2024-11-28T12:10:14.299-0600] {logging_mixin.py:190} INFO - [2024-11-28T12:10:14.298-0600] {dag.py:4180} INFO - Setting next_dagrun for example_branch_dop_operator_v3 to 2024-11-28 18:09:00+00:00, run_after=2024-11-28 18:10:00+00:00
[2024-11-28T12:10:14.304-0600] {processor.py:208} INFO - Processing /Library/Frameworks/Python.framework/Versions/3.8/lib/python3.8/site-packages/airflow/example_dags/example_branch_python_dop_operator_3.py took 0.062 seconds
