[2024-11-28T11:47:40.855-0600] {processor.py:186} INFO - Started process (PID=34497) to work on /Library/Frameworks/Python.framework/Versions/3.8/lib/python3.8/site-packages/airflow/example_dags/example_external_task_marker_dag.py
[2024-11-28T11:47:40.855-0600] {processor.py:914} INFO - Processing file /Library/Frameworks/Python.framework/Versions/3.8/lib/python3.8/site-packages/airflow/example_dags/example_external_task_marker_dag.py for tasks to queue
[2024-11-28T11:47:40.856-0600] {logging_mixin.py:190} INFO - [2024-11-28T11:47:40.856-0600] {dagbag.py:588} INFO - Filling up the DagBag from /Library/Frameworks/Python.framework/Versions/3.8/lib/python3.8/site-packages/airflow/example_dags/example_external_task_marker_dag.py
[2024-11-28T11:47:40.860-0600] {processor.py:925} INFO - DAG(s) 'example_external_task_marker_child', 'example_external_task_marker_parent' retrieved from /Library/Frameworks/Python.framework/Versions/3.8/lib/python3.8/site-packages/airflow/example_dags/example_external_task_marker_dag.py
[2024-11-28T11:47:40.891-0600] {logging_mixin.py:190} INFO - [2024-11-28T11:47:40.891-0600] {workday.py:41} WARNING - Could not import pandas. Holidays will not be considered.
[2024-11-28T11:47:40.897-0600] {logging_mixin.py:190} INFO - [2024-11-28T11:47:40.897-0600] {dag.py:3239} INFO - Sync 2 DAGs
[2024-11-28T11:47:40.901-0600] {logging_mixin.py:190} INFO - [2024-11-28T11:47:40.901-0600] {dag.py:4180} INFO - Setting next_dagrun for example_external_task_marker_child to None, run_after=None
[2024-11-28T11:47:40.902-0600] {logging_mixin.py:190} INFO - [2024-11-28T11:47:40.902-0600] {dag.py:4180} INFO - Setting next_dagrun for example_external_task_marker_parent to None, run_after=None
[2024-11-28T11:47:40.906-0600] {processor.py:208} INFO - Processing /Library/Frameworks/Python.framework/Versions/3.8/lib/python3.8/site-packages/airflow/example_dags/example_external_task_marker_dag.py took 0.052 seconds
[2024-11-28T11:49:56.117-0600] {processor.py:186} INFO - Started process (PID=34766) to work on /Library/Frameworks/Python.framework/Versions/3.8/lib/python3.8/site-packages/airflow/example_dags/example_external_task_marker_dag.py
[2024-11-28T11:49:56.118-0600] {processor.py:914} INFO - Processing file /Library/Frameworks/Python.framework/Versions/3.8/lib/python3.8/site-packages/airflow/example_dags/example_external_task_marker_dag.py for tasks to queue
[2024-11-28T11:49:56.118-0600] {logging_mixin.py:190} INFO - [2024-11-28T11:49:56.118-0600] {dagbag.py:588} INFO - Filling up the DagBag from /Library/Frameworks/Python.framework/Versions/3.8/lib/python3.8/site-packages/airflow/example_dags/example_external_task_marker_dag.py
[2024-11-28T11:49:56.123-0600] {processor.py:925} INFO - DAG(s) 'example_external_task_marker_parent', 'example_external_task_marker_child' retrieved from /Library/Frameworks/Python.framework/Versions/3.8/lib/python3.8/site-packages/airflow/example_dags/example_external_task_marker_dag.py
[2024-11-28T11:49:56.156-0600] {logging_mixin.py:190} INFO - [2024-11-28T11:49:56.156-0600] {workday.py:41} WARNING - Could not import pandas. Holidays will not be considered.
[2024-11-28T11:49:56.160-0600] {logging_mixin.py:190} INFO - [2024-11-28T11:49:56.159-0600] {dag.py:3239} INFO - Sync 2 DAGs
[2024-11-28T11:49:56.163-0600] {logging_mixin.py:190} INFO - [2024-11-28T11:49:56.163-0600] {dag.py:4180} INFO - Setting next_dagrun for example_external_task_marker_child to None, run_after=None
[2024-11-28T11:49:56.164-0600] {logging_mixin.py:190} INFO - [2024-11-28T11:49:56.164-0600] {dag.py:4180} INFO - Setting next_dagrun for example_external_task_marker_parent to None, run_after=None
[2024-11-28T11:49:56.169-0600] {processor.py:208} INFO - Processing /Library/Frameworks/Python.framework/Versions/3.8/lib/python3.8/site-packages/airflow/example_dags/example_external_task_marker_dag.py took 0.053 seconds
[2024-11-28T11:52:08.246-0600] {processor.py:186} INFO - Started process (PID=35017) to work on /Library/Frameworks/Python.framework/Versions/3.8/lib/python3.8/site-packages/airflow/example_dags/example_external_task_marker_dag.py
[2024-11-28T11:52:08.247-0600] {processor.py:914} INFO - Processing file /Library/Frameworks/Python.framework/Versions/3.8/lib/python3.8/site-packages/airflow/example_dags/example_external_task_marker_dag.py for tasks to queue
[2024-11-28T11:52:08.247-0600] {logging_mixin.py:190} INFO - [2024-11-28T11:52:08.247-0600] {dagbag.py:588} INFO - Filling up the DagBag from /Library/Frameworks/Python.framework/Versions/3.8/lib/python3.8/site-packages/airflow/example_dags/example_external_task_marker_dag.py
[2024-11-28T11:52:08.251-0600] {processor.py:925} INFO - DAG(s) 'example_external_task_marker_parent', 'example_external_task_marker_child' retrieved from /Library/Frameworks/Python.framework/Versions/3.8/lib/python3.8/site-packages/airflow/example_dags/example_external_task_marker_dag.py
[2024-11-28T11:52:08.284-0600] {logging_mixin.py:190} INFO - [2024-11-28T11:52:08.284-0600] {workday.py:41} WARNING - Could not import pandas. Holidays will not be considered.
[2024-11-28T11:52:08.288-0600] {logging_mixin.py:190} INFO - [2024-11-28T11:52:08.288-0600] {dag.py:3239} INFO - Sync 2 DAGs
[2024-11-28T11:52:08.292-0600] {logging_mixin.py:190} INFO - [2024-11-28T11:52:08.292-0600] {dag.py:4180} INFO - Setting next_dagrun for example_external_task_marker_child to None, run_after=None
[2024-11-28T11:52:08.293-0600] {logging_mixin.py:190} INFO - [2024-11-28T11:52:08.293-0600] {dag.py:4180} INFO - Setting next_dagrun for example_external_task_marker_parent to None, run_after=None
[2024-11-28T11:52:08.297-0600] {processor.py:208} INFO - Processing /Library/Frameworks/Python.framework/Versions/3.8/lib/python3.8/site-packages/airflow/example_dags/example_external_task_marker_dag.py took 0.053 seconds
[2024-11-28T11:54:21.407-0600] {processor.py:186} INFO - Started process (PID=35314) to work on /Library/Frameworks/Python.framework/Versions/3.8/lib/python3.8/site-packages/airflow/example_dags/example_external_task_marker_dag.py
[2024-11-28T11:54:21.408-0600] {processor.py:914} INFO - Processing file /Library/Frameworks/Python.framework/Versions/3.8/lib/python3.8/site-packages/airflow/example_dags/example_external_task_marker_dag.py for tasks to queue
[2024-11-28T11:54:21.408-0600] {logging_mixin.py:190} INFO - [2024-11-28T11:54:21.408-0600] {dagbag.py:588} INFO - Filling up the DagBag from /Library/Frameworks/Python.framework/Versions/3.8/lib/python3.8/site-packages/airflow/example_dags/example_external_task_marker_dag.py
[2024-11-28T11:54:21.412-0600] {processor.py:925} INFO - DAG(s) 'example_external_task_marker_child', 'example_external_task_marker_parent' retrieved from /Library/Frameworks/Python.framework/Versions/3.8/lib/python3.8/site-packages/airflow/example_dags/example_external_task_marker_dag.py
[2024-11-28T11:54:21.444-0600] {logging_mixin.py:190} INFO - [2024-11-28T11:54:21.444-0600] {workday.py:41} WARNING - Could not import pandas. Holidays will not be considered.
[2024-11-28T11:54:21.449-0600] {logging_mixin.py:190} INFO - [2024-11-28T11:54:21.449-0600] {dag.py:3239} INFO - Sync 2 DAGs
[2024-11-28T11:54:21.453-0600] {logging_mixin.py:190} INFO - [2024-11-28T11:54:21.453-0600] {dag.py:4180} INFO - Setting next_dagrun for example_external_task_marker_child to None, run_after=None
[2024-11-28T11:54:21.454-0600] {logging_mixin.py:190} INFO - [2024-11-28T11:54:21.454-0600] {dag.py:4180} INFO - Setting next_dagrun for example_external_task_marker_parent to None, run_after=None
[2024-11-28T11:54:21.459-0600] {processor.py:208} INFO - Processing /Library/Frameworks/Python.framework/Versions/3.8/lib/python3.8/site-packages/airflow/example_dags/example_external_task_marker_dag.py took 0.053 seconds
[2024-11-28T11:56:34.765-0600] {processor.py:186} INFO - Started process (PID=35568) to work on /Library/Frameworks/Python.framework/Versions/3.8/lib/python3.8/site-packages/airflow/example_dags/example_external_task_marker_dag.py
[2024-11-28T11:56:34.765-0600] {processor.py:914} INFO - Processing file /Library/Frameworks/Python.framework/Versions/3.8/lib/python3.8/site-packages/airflow/example_dags/example_external_task_marker_dag.py for tasks to queue
[2024-11-28T11:56:34.766-0600] {logging_mixin.py:190} INFO - [2024-11-28T11:56:34.766-0600] {dagbag.py:588} INFO - Filling up the DagBag from /Library/Frameworks/Python.framework/Versions/3.8/lib/python3.8/site-packages/airflow/example_dags/example_external_task_marker_dag.py
[2024-11-28T11:56:34.770-0600] {processor.py:925} INFO - DAG(s) 'example_external_task_marker_child', 'example_external_task_marker_parent' retrieved from /Library/Frameworks/Python.framework/Versions/3.8/lib/python3.8/site-packages/airflow/example_dags/example_external_task_marker_dag.py
[2024-11-28T11:56:34.804-0600] {logging_mixin.py:190} INFO - [2024-11-28T11:56:34.803-0600] {workday.py:41} WARNING - Could not import pandas. Holidays will not be considered.
[2024-11-28T11:56:34.810-0600] {logging_mixin.py:190} INFO - [2024-11-28T11:56:34.810-0600] {dag.py:3239} INFO - Sync 2 DAGs
[2024-11-28T11:56:34.815-0600] {logging_mixin.py:190} INFO - [2024-11-28T11:56:34.815-0600] {dag.py:4180} INFO - Setting next_dagrun for example_external_task_marker_child to None, run_after=None
[2024-11-28T11:56:34.816-0600] {logging_mixin.py:190} INFO - [2024-11-28T11:56:34.816-0600] {dag.py:4180} INFO - Setting next_dagrun for example_external_task_marker_parent to None, run_after=None
[2024-11-28T11:56:34.821-0600] {processor.py:208} INFO - Processing /Library/Frameworks/Python.framework/Versions/3.8/lib/python3.8/site-packages/airflow/example_dags/example_external_task_marker_dag.py took 0.058 seconds
[2024-11-28T11:58:48.093-0600] {processor.py:186} INFO - Started process (PID=35818) to work on /Library/Frameworks/Python.framework/Versions/3.8/lib/python3.8/site-packages/airflow/example_dags/example_external_task_marker_dag.py
[2024-11-28T11:58:48.094-0600] {processor.py:914} INFO - Processing file /Library/Frameworks/Python.framework/Versions/3.8/lib/python3.8/site-packages/airflow/example_dags/example_external_task_marker_dag.py for tasks to queue
[2024-11-28T11:58:48.094-0600] {logging_mixin.py:190} INFO - [2024-11-28T11:58:48.094-0600] {dagbag.py:588} INFO - Filling up the DagBag from /Library/Frameworks/Python.framework/Versions/3.8/lib/python3.8/site-packages/airflow/example_dags/example_external_task_marker_dag.py
[2024-11-28T11:58:48.098-0600] {processor.py:925} INFO - DAG(s) 'example_external_task_marker_parent', 'example_external_task_marker_child' retrieved from /Library/Frameworks/Python.framework/Versions/3.8/lib/python3.8/site-packages/airflow/example_dags/example_external_task_marker_dag.py
[2024-11-28T11:58:48.133-0600] {logging_mixin.py:190} INFO - [2024-11-28T11:58:48.133-0600] {workday.py:41} WARNING - Could not import pandas. Holidays will not be considered.
[2024-11-28T11:58:48.137-0600] {logging_mixin.py:190} INFO - [2024-11-28T11:58:48.137-0600] {dag.py:3239} INFO - Sync 2 DAGs
[2024-11-28T11:58:48.142-0600] {logging_mixin.py:190} INFO - [2024-11-28T11:58:48.142-0600] {dag.py:4180} INFO - Setting next_dagrun for example_external_task_marker_child to None, run_after=None
[2024-11-28T11:58:48.143-0600] {logging_mixin.py:190} INFO - [2024-11-28T11:58:48.143-0600] {dag.py:4180} INFO - Setting next_dagrun for example_external_task_marker_parent to None, run_after=None
[2024-11-28T11:58:48.147-0600] {processor.py:208} INFO - Processing /Library/Frameworks/Python.framework/Versions/3.8/lib/python3.8/site-packages/airflow/example_dags/example_external_task_marker_dag.py took 0.056 seconds
[2024-11-28T12:01:05.204-0600] {processor.py:186} INFO - Started process (PID=36077) to work on /Library/Frameworks/Python.framework/Versions/3.8/lib/python3.8/site-packages/airflow/example_dags/example_external_task_marker_dag.py
[2024-11-28T12:01:05.206-0600] {processor.py:914} INFO - Processing file /Library/Frameworks/Python.framework/Versions/3.8/lib/python3.8/site-packages/airflow/example_dags/example_external_task_marker_dag.py for tasks to queue
[2024-11-28T12:01:05.207-0600] {logging_mixin.py:190} INFO - [2024-11-28T12:01:05.206-0600] {dagbag.py:588} INFO - Filling up the DagBag from /Library/Frameworks/Python.framework/Versions/3.8/lib/python3.8/site-packages/airflow/example_dags/example_external_task_marker_dag.py
[2024-11-28T12:01:05.211-0600] {processor.py:925} INFO - DAG(s) 'example_external_task_marker_parent', 'example_external_task_marker_child' retrieved from /Library/Frameworks/Python.framework/Versions/3.8/lib/python3.8/site-packages/airflow/example_dags/example_external_task_marker_dag.py
[2024-11-28T12:01:05.244-0600] {logging_mixin.py:190} INFO - [2024-11-28T12:01:05.244-0600] {workday.py:41} WARNING - Could not import pandas. Holidays will not be considered.
[2024-11-28T12:01:05.248-0600] {logging_mixin.py:190} INFO - [2024-11-28T12:01:05.248-0600] {dag.py:3239} INFO - Sync 2 DAGs
[2024-11-28T12:01:05.252-0600] {logging_mixin.py:190} INFO - [2024-11-28T12:01:05.252-0600] {dag.py:4180} INFO - Setting next_dagrun for example_external_task_marker_child to None, run_after=None
[2024-11-28T12:01:05.253-0600] {logging_mixin.py:190} INFO - [2024-11-28T12:01:05.253-0600] {dag.py:4180} INFO - Setting next_dagrun for example_external_task_marker_parent to None, run_after=None
[2024-11-28T12:01:05.257-0600] {processor.py:208} INFO - Processing /Library/Frameworks/Python.framework/Versions/3.8/lib/python3.8/site-packages/airflow/example_dags/example_external_task_marker_dag.py took 0.055 seconds
[2024-11-28T12:03:16.290-0600] {processor.py:186} INFO - Started process (PID=36321) to work on /Library/Frameworks/Python.framework/Versions/3.8/lib/python3.8/site-packages/airflow/example_dags/example_external_task_marker_dag.py
[2024-11-28T12:03:16.291-0600] {processor.py:914} INFO - Processing file /Library/Frameworks/Python.framework/Versions/3.8/lib/python3.8/site-packages/airflow/example_dags/example_external_task_marker_dag.py for tasks to queue
[2024-11-28T12:03:16.291-0600] {logging_mixin.py:190} INFO - [2024-11-28T12:03:16.291-0600] {dagbag.py:588} INFO - Filling up the DagBag from /Library/Frameworks/Python.framework/Versions/3.8/lib/python3.8/site-packages/airflow/example_dags/example_external_task_marker_dag.py
[2024-11-28T12:03:16.295-0600] {processor.py:925} INFO - DAG(s) 'example_external_task_marker_parent', 'example_external_task_marker_child' retrieved from /Library/Frameworks/Python.framework/Versions/3.8/lib/python3.8/site-packages/airflow/example_dags/example_external_task_marker_dag.py
[2024-11-28T12:03:16.329-0600] {logging_mixin.py:190} INFO - [2024-11-28T12:03:16.329-0600] {workday.py:41} WARNING - Could not import pandas. Holidays will not be considered.
[2024-11-28T12:03:16.333-0600] {logging_mixin.py:190} INFO - [2024-11-28T12:03:16.332-0600] {dag.py:3239} INFO - Sync 2 DAGs
[2024-11-28T12:03:16.337-0600] {logging_mixin.py:190} INFO - [2024-11-28T12:03:16.337-0600] {dag.py:4180} INFO - Setting next_dagrun for example_external_task_marker_child to None, run_after=None
[2024-11-28T12:03:16.338-0600] {logging_mixin.py:190} INFO - [2024-11-28T12:03:16.337-0600] {dag.py:4180} INFO - Setting next_dagrun for example_external_task_marker_parent to None, run_after=None
[2024-11-28T12:03:16.342-0600] {processor.py:208} INFO - Processing /Library/Frameworks/Python.framework/Versions/3.8/lib/python3.8/site-packages/airflow/example_dags/example_external_task_marker_dag.py took 0.054 seconds
[2024-11-28T12:05:29.572-0600] {processor.py:186} INFO - Started process (PID=36575) to work on /Library/Frameworks/Python.framework/Versions/3.8/lib/python3.8/site-packages/airflow/example_dags/example_external_task_marker_dag.py
[2024-11-28T12:05:29.573-0600] {processor.py:914} INFO - Processing file /Library/Frameworks/Python.framework/Versions/3.8/lib/python3.8/site-packages/airflow/example_dags/example_external_task_marker_dag.py for tasks to queue
[2024-11-28T12:05:29.573-0600] {logging_mixin.py:190} INFO - [2024-11-28T12:05:29.573-0600] {dagbag.py:588} INFO - Filling up the DagBag from /Library/Frameworks/Python.framework/Versions/3.8/lib/python3.8/site-packages/airflow/example_dags/example_external_task_marker_dag.py
[2024-11-28T12:05:29.578-0600] {processor.py:925} INFO - DAG(s) 'example_external_task_marker_child', 'example_external_task_marker_parent' retrieved from /Library/Frameworks/Python.framework/Versions/3.8/lib/python3.8/site-packages/airflow/example_dags/example_external_task_marker_dag.py
[2024-11-28T12:05:29.609-0600] {logging_mixin.py:190} INFO - [2024-11-28T12:05:29.609-0600] {workday.py:41} WARNING - Could not import pandas. Holidays will not be considered.
[2024-11-28T12:05:29.615-0600] {logging_mixin.py:190} INFO - [2024-11-28T12:05:29.615-0600] {dag.py:3239} INFO - Sync 2 DAGs
[2024-11-28T12:05:29.619-0600] {logging_mixin.py:190} INFO - [2024-11-28T12:05:29.619-0600] {dag.py:4180} INFO - Setting next_dagrun for example_external_task_marker_child to None, run_after=None
[2024-11-28T12:05:29.620-0600] {logging_mixin.py:190} INFO - [2024-11-28T12:05:29.620-0600] {dag.py:4180} INFO - Setting next_dagrun for example_external_task_marker_parent to None, run_after=None
[2024-11-28T12:05:29.624-0600] {processor.py:208} INFO - Processing /Library/Frameworks/Python.framework/Versions/3.8/lib/python3.8/site-packages/airflow/example_dags/example_external_task_marker_dag.py took 0.054 seconds
[2024-11-28T12:07:38.080-0600] {processor.py:186} INFO - Started process (PID=36818) to work on /Library/Frameworks/Python.framework/Versions/3.8/lib/python3.8/site-packages/airflow/example_dags/example_external_task_marker_dag.py
[2024-11-28T12:07:38.081-0600] {processor.py:914} INFO - Processing file /Library/Frameworks/Python.framework/Versions/3.8/lib/python3.8/site-packages/airflow/example_dags/example_external_task_marker_dag.py for tasks to queue
[2024-11-28T12:07:38.081-0600] {logging_mixin.py:190} INFO - [2024-11-28T12:07:38.081-0600] {dagbag.py:588} INFO - Filling up the DagBag from /Library/Frameworks/Python.framework/Versions/3.8/lib/python3.8/site-packages/airflow/example_dags/example_external_task_marker_dag.py
[2024-11-28T12:07:38.086-0600] {processor.py:925} INFO - DAG(s) 'example_external_task_marker_parent', 'example_external_task_marker_child' retrieved from /Library/Frameworks/Python.framework/Versions/3.8/lib/python3.8/site-packages/airflow/example_dags/example_external_task_marker_dag.py
[2024-11-28T12:07:38.119-0600] {logging_mixin.py:190} INFO - [2024-11-28T12:07:38.119-0600] {workday.py:41} WARNING - Could not import pandas. Holidays will not be considered.
[2024-11-28T12:07:38.123-0600] {logging_mixin.py:190} INFO - [2024-11-28T12:07:38.123-0600] {dag.py:3239} INFO - Sync 2 DAGs
[2024-11-28T12:07:38.127-0600] {logging_mixin.py:190} INFO - [2024-11-28T12:07:38.127-0600] {dag.py:4180} INFO - Setting next_dagrun for example_external_task_marker_child to None, run_after=None
[2024-11-28T12:07:38.128-0600] {logging_mixin.py:190} INFO - [2024-11-28T12:07:38.128-0600] {dag.py:4180} INFO - Setting next_dagrun for example_external_task_marker_parent to None, run_after=None
[2024-11-28T12:07:38.133-0600] {processor.py:208} INFO - Processing /Library/Frameworks/Python.framework/Versions/3.8/lib/python3.8/site-packages/airflow/example_dags/example_external_task_marker_dag.py took 0.054 seconds
[2024-11-28T12:09:59.230-0600] {processor.py:186} INFO - Started process (PID=37072) to work on /Library/Frameworks/Python.framework/Versions/3.8/lib/python3.8/site-packages/airflow/example_dags/example_external_task_marker_dag.py
[2024-11-28T12:09:59.231-0600] {processor.py:914} INFO - Processing file /Library/Frameworks/Python.framework/Versions/3.8/lib/python3.8/site-packages/airflow/example_dags/example_external_task_marker_dag.py for tasks to queue
[2024-11-28T12:09:59.232-0600] {logging_mixin.py:190} INFO - [2024-11-28T12:09:59.232-0600] {dagbag.py:588} INFO - Filling up the DagBag from /Library/Frameworks/Python.framework/Versions/3.8/lib/python3.8/site-packages/airflow/example_dags/example_external_task_marker_dag.py
[2024-11-28T12:09:59.236-0600] {processor.py:925} INFO - DAG(s) 'example_external_task_marker_child', 'example_external_task_marker_parent' retrieved from /Library/Frameworks/Python.framework/Versions/3.8/lib/python3.8/site-packages/airflow/example_dags/example_external_task_marker_dag.py
[2024-11-28T12:09:59.269-0600] {logging_mixin.py:190} INFO - [2024-11-28T12:09:59.269-0600] {workday.py:41} WARNING - Could not import pandas. Holidays will not be considered.
[2024-11-28T12:09:59.275-0600] {logging_mixin.py:190} INFO - [2024-11-28T12:09:59.275-0600] {dag.py:3239} INFO - Sync 2 DAGs
[2024-11-28T12:09:59.279-0600] {logging_mixin.py:190} INFO - [2024-11-28T12:09:59.279-0600] {dag.py:4180} INFO - Setting next_dagrun for example_external_task_marker_child to None, run_after=None
[2024-11-28T12:09:59.280-0600] {logging_mixin.py:190} INFO - [2024-11-28T12:09:59.280-0600] {dag.py:4180} INFO - Setting next_dagrun for example_external_task_marker_parent to None, run_after=None
[2024-11-28T12:09:59.285-0600] {processor.py:208} INFO - Processing /Library/Frameworks/Python.framework/Versions/3.8/lib/python3.8/site-packages/airflow/example_dags/example_external_task_marker_dag.py took 0.056 seconds
