[2024-11-28T11:48:04.339-0600] {processor.py:186} INFO - Started process (PID=34540) to work on /Library/Frameworks/Python.framework/Versions/3.8/lib/python3.8/site-packages/airflow/example_dags/example_branch_datetime_operator.py
[2024-11-28T11:48:04.340-0600] {processor.py:914} INFO - Processing file /Library/Frameworks/Python.framework/Versions/3.8/lib/python3.8/site-packages/airflow/example_dags/example_branch_datetime_operator.py for tasks to queue
[2024-11-28T11:48:04.340-0600] {logging_mixin.py:190} INFO - [2024-11-28T11:48:04.340-0600] {dagbag.py:588} INFO - Filling up the DagBag from /Library/Frameworks/Python.framework/Versions/3.8/lib/python3.8/site-packages/airflow/example_dags/example_branch_datetime_operator.py
[2024-11-28T11:48:04.345-0600] {processor.py:925} INFO - DAG(s) 'example_branch_datetime_operator_3', 'example_branch_datetime_operator', 'example_branch_datetime_operator_2' retrieved from /Library/Frameworks/Python.framework/Versions/3.8/lib/python3.8/site-packages/airflow/example_dags/example_branch_datetime_operator.py
[2024-11-28T11:48:04.380-0600] {logging_mixin.py:190} INFO - [2024-11-28T11:48:04.380-0600] {dag.py:3239} INFO - Sync 3 DAGs
[2024-11-28T11:48:04.387-0600] {logging_mixin.py:190} INFO - [2024-11-28T11:48:04.387-0600] {dag.py:4180} INFO - Setting next_dagrun for example_branch_datetime_operator to 2024-11-27 00:00:00+00:00, run_after=2024-11-28 00:00:00+00:00
[2024-11-28T11:48:04.388-0600] {logging_mixin.py:190} INFO - [2024-11-28T11:48:04.388-0600] {dag.py:4180} INFO - Setting next_dagrun for example_branch_datetime_operator_2 to 2024-11-27 00:00:00+00:00, run_after=2024-11-28 00:00:00+00:00
[2024-11-28T11:48:04.389-0600] {logging_mixin.py:190} INFO - [2024-11-28T11:48:04.389-0600] {dag.py:4180} INFO - Setting next_dagrun for example_branch_datetime_operator_3 to 2024-11-27 00:00:00+00:00, run_after=2024-11-28 00:00:00+00:00
[2024-11-28T11:48:04.393-0600] {processor.py:208} INFO - Processing /Library/Frameworks/Python.framework/Versions/3.8/lib/python3.8/site-packages/airflow/example_dags/example_branch_datetime_operator.py took 0.055 seconds
[2024-11-28T11:50:20.006-0600] {processor.py:186} INFO - Started process (PID=34810) to work on /Library/Frameworks/Python.framework/Versions/3.8/lib/python3.8/site-packages/airflow/example_dags/example_branch_datetime_operator.py
[2024-11-28T11:50:20.007-0600] {processor.py:914} INFO - Processing file /Library/Frameworks/Python.framework/Versions/3.8/lib/python3.8/site-packages/airflow/example_dags/example_branch_datetime_operator.py for tasks to queue
[2024-11-28T11:50:20.007-0600] {logging_mixin.py:190} INFO - [2024-11-28T11:50:20.007-0600] {dagbag.py:588} INFO - Filling up the DagBag from /Library/Frameworks/Python.framework/Versions/3.8/lib/python3.8/site-packages/airflow/example_dags/example_branch_datetime_operator.py
[2024-11-28T11:50:20.012-0600] {processor.py:925} INFO - DAG(s) 'example_branch_datetime_operator_3', 'example_branch_datetime_operator_2', 'example_branch_datetime_operator' retrieved from /Library/Frameworks/Python.framework/Versions/3.8/lib/python3.8/site-packages/airflow/example_dags/example_branch_datetime_operator.py
[2024-11-28T11:50:20.049-0600] {logging_mixin.py:190} INFO - [2024-11-28T11:50:20.049-0600] {dag.py:3239} INFO - Sync 3 DAGs
[2024-11-28T11:50:20.055-0600] {logging_mixin.py:190} INFO - [2024-11-28T11:50:20.055-0600] {dag.py:4180} INFO - Setting next_dagrun for example_branch_datetime_operator to 2024-11-27 00:00:00+00:00, run_after=2024-11-28 00:00:00+00:00
[2024-11-28T11:50:20.056-0600] {logging_mixin.py:190} INFO - [2024-11-28T11:50:20.056-0600] {dag.py:4180} INFO - Setting next_dagrun for example_branch_datetime_operator_2 to 2024-11-27 00:00:00+00:00, run_after=2024-11-28 00:00:00+00:00
[2024-11-28T11:50:20.057-0600] {logging_mixin.py:190} INFO - [2024-11-28T11:50:20.057-0600] {dag.py:4180} INFO - Setting next_dagrun for example_branch_datetime_operator_3 to 2024-11-27 00:00:00+00:00, run_after=2024-11-28 00:00:00+00:00
[2024-11-28T11:50:20.062-0600] {processor.py:208} INFO - Processing /Library/Frameworks/Python.framework/Versions/3.8/lib/python3.8/site-packages/airflow/example_dags/example_branch_datetime_operator.py took 0.057 seconds
[2024-11-28T11:52:32.136-0600] {processor.py:186} INFO - Started process (PID=35061) to work on /Library/Frameworks/Python.framework/Versions/3.8/lib/python3.8/site-packages/airflow/example_dags/example_branch_datetime_operator.py
[2024-11-28T11:52:32.137-0600] {processor.py:914} INFO - Processing file /Library/Frameworks/Python.framework/Versions/3.8/lib/python3.8/site-packages/airflow/example_dags/example_branch_datetime_operator.py for tasks to queue
[2024-11-28T11:52:32.137-0600] {logging_mixin.py:190} INFO - [2024-11-28T11:52:32.137-0600] {dagbag.py:588} INFO - Filling up the DagBag from /Library/Frameworks/Python.framework/Versions/3.8/lib/python3.8/site-packages/airflow/example_dags/example_branch_datetime_operator.py
[2024-11-28T11:52:32.142-0600] {processor.py:925} INFO - DAG(s) 'example_branch_datetime_operator_2', 'example_branch_datetime_operator', 'example_branch_datetime_operator_3' retrieved from /Library/Frameworks/Python.framework/Versions/3.8/lib/python3.8/site-packages/airflow/example_dags/example_branch_datetime_operator.py
[2024-11-28T11:52:32.178-0600] {logging_mixin.py:190} INFO - [2024-11-28T11:52:32.178-0600] {dag.py:3239} INFO - Sync 3 DAGs
[2024-11-28T11:52:32.185-0600] {logging_mixin.py:190} INFO - [2024-11-28T11:52:32.185-0600] {dag.py:4180} INFO - Setting next_dagrun for example_branch_datetime_operator to 2024-11-27 00:00:00+00:00, run_after=2024-11-28 00:00:00+00:00
[2024-11-28T11:52:32.186-0600] {logging_mixin.py:190} INFO - [2024-11-28T11:52:32.186-0600] {dag.py:4180} INFO - Setting next_dagrun for example_branch_datetime_operator_2 to 2024-11-27 00:00:00+00:00, run_after=2024-11-28 00:00:00+00:00
[2024-11-28T11:52:32.187-0600] {logging_mixin.py:190} INFO - [2024-11-28T11:52:32.187-0600] {dag.py:4180} INFO - Setting next_dagrun for example_branch_datetime_operator_3 to 2024-11-27 00:00:00+00:00, run_after=2024-11-28 00:00:00+00:00
[2024-11-28T11:52:32.192-0600] {processor.py:208} INFO - Processing /Library/Frameworks/Python.framework/Versions/3.8/lib/python3.8/site-packages/airflow/example_dags/example_branch_datetime_operator.py took 0.057 seconds
[2024-11-28T11:54:43.776-0600] {processor.py:186} INFO - Started process (PID=35356) to work on /Library/Frameworks/Python.framework/Versions/3.8/lib/python3.8/site-packages/airflow/example_dags/example_branch_datetime_operator.py
[2024-11-28T11:54:43.777-0600] {processor.py:914} INFO - Processing file /Library/Frameworks/Python.framework/Versions/3.8/lib/python3.8/site-packages/airflow/example_dags/example_branch_datetime_operator.py for tasks to queue
[2024-11-28T11:54:43.777-0600] {logging_mixin.py:190} INFO - [2024-11-28T11:54:43.777-0600] {dagbag.py:588} INFO - Filling up the DagBag from /Library/Frameworks/Python.framework/Versions/3.8/lib/python3.8/site-packages/airflow/example_dags/example_branch_datetime_operator.py
[2024-11-28T11:54:43.782-0600] {processor.py:925} INFO - DAG(s) 'example_branch_datetime_operator_3', 'example_branch_datetime_operator', 'example_branch_datetime_operator_2' retrieved from /Library/Frameworks/Python.framework/Versions/3.8/lib/python3.8/site-packages/airflow/example_dags/example_branch_datetime_operator.py
[2024-11-28T11:54:43.818-0600] {logging_mixin.py:190} INFO - [2024-11-28T11:54:43.818-0600] {dag.py:3239} INFO - Sync 3 DAGs
[2024-11-28T11:54:43.824-0600] {logging_mixin.py:190} INFO - [2024-11-28T11:54:43.824-0600] {dag.py:4180} INFO - Setting next_dagrun for example_branch_datetime_operator to 2024-11-27 00:00:00+00:00, run_after=2024-11-28 00:00:00+00:00
[2024-11-28T11:54:43.826-0600] {logging_mixin.py:190} INFO - [2024-11-28T11:54:43.825-0600] {dag.py:4180} INFO - Setting next_dagrun for example_branch_datetime_operator_2 to 2024-11-27 00:00:00+00:00, run_after=2024-11-28 00:00:00+00:00
[2024-11-28T11:54:43.826-0600] {logging_mixin.py:190} INFO - [2024-11-28T11:54:43.826-0600] {dag.py:4180} INFO - Setting next_dagrun for example_branch_datetime_operator_3 to 2024-11-27 00:00:00+00:00, run_after=2024-11-28 00:00:00+00:00
[2024-11-28T11:54:43.831-0600] {processor.py:208} INFO - Processing /Library/Frameworks/Python.framework/Versions/3.8/lib/python3.8/site-packages/airflow/example_dags/example_branch_datetime_operator.py took 0.056 seconds
[2024-11-28T11:56:58.114-0600] {processor.py:186} INFO - Started process (PID=35615) to work on /Library/Frameworks/Python.framework/Versions/3.8/lib/python3.8/site-packages/airflow/example_dags/example_branch_datetime_operator.py
[2024-11-28T11:56:58.115-0600] {processor.py:914} INFO - Processing file /Library/Frameworks/Python.framework/Versions/3.8/lib/python3.8/site-packages/airflow/example_dags/example_branch_datetime_operator.py for tasks to queue
[2024-11-28T11:56:58.115-0600] {logging_mixin.py:190} INFO - [2024-11-28T11:56:58.115-0600] {dagbag.py:588} INFO - Filling up the DagBag from /Library/Frameworks/Python.framework/Versions/3.8/lib/python3.8/site-packages/airflow/example_dags/example_branch_datetime_operator.py
[2024-11-28T11:56:58.120-0600] {processor.py:925} INFO - DAG(s) 'example_branch_datetime_operator_3', 'example_branch_datetime_operator', 'example_branch_datetime_operator_2' retrieved from /Library/Frameworks/Python.framework/Versions/3.8/lib/python3.8/site-packages/airflow/example_dags/example_branch_datetime_operator.py
[2024-11-28T11:56:58.156-0600] {logging_mixin.py:190} INFO - [2024-11-28T11:56:58.156-0600] {dag.py:3239} INFO - Sync 3 DAGs
[2024-11-28T11:56:58.163-0600] {logging_mixin.py:190} INFO - [2024-11-28T11:56:58.163-0600] {dag.py:4180} INFO - Setting next_dagrun for example_branch_datetime_operator to 2024-11-27 00:00:00+00:00, run_after=2024-11-28 00:00:00+00:00
[2024-11-28T11:56:58.164-0600] {logging_mixin.py:190} INFO - [2024-11-28T11:56:58.164-0600] {dag.py:4180} INFO - Setting next_dagrun for example_branch_datetime_operator_2 to 2024-11-27 00:00:00+00:00, run_after=2024-11-28 00:00:00+00:00
[2024-11-28T11:56:58.165-0600] {logging_mixin.py:190} INFO - [2024-11-28T11:56:58.165-0600] {dag.py:4180} INFO - Setting next_dagrun for example_branch_datetime_operator_3 to 2024-11-27 00:00:00+00:00, run_after=2024-11-28 00:00:00+00:00
[2024-11-28T11:56:58.169-0600] {processor.py:208} INFO - Processing /Library/Frameworks/Python.framework/Versions/3.8/lib/python3.8/site-packages/airflow/example_dags/example_branch_datetime_operator.py took 0.057 seconds
[2024-11-28T11:59:12.678-0600] {processor.py:186} INFO - Started process (PID=35864) to work on /Library/Frameworks/Python.framework/Versions/3.8/lib/python3.8/site-packages/airflow/example_dags/example_branch_datetime_operator.py
[2024-11-28T11:59:12.680-0600] {processor.py:914} INFO - Processing file /Library/Frameworks/Python.framework/Versions/3.8/lib/python3.8/site-packages/airflow/example_dags/example_branch_datetime_operator.py for tasks to queue
[2024-11-28T11:59:12.680-0600] {logging_mixin.py:190} INFO - [2024-11-28T11:59:12.680-0600] {dagbag.py:588} INFO - Filling up the DagBag from /Library/Frameworks/Python.framework/Versions/3.8/lib/python3.8/site-packages/airflow/example_dags/example_branch_datetime_operator.py
[2024-11-28T11:59:12.685-0600] {processor.py:925} INFO - DAG(s) 'example_branch_datetime_operator', 'example_branch_datetime_operator_2', 'example_branch_datetime_operator_3' retrieved from /Library/Frameworks/Python.framework/Versions/3.8/lib/python3.8/site-packages/airflow/example_dags/example_branch_datetime_operator.py
[2024-11-28T11:59:12.721-0600] {logging_mixin.py:190} INFO - [2024-11-28T11:59:12.721-0600] {dag.py:3239} INFO - Sync 3 DAGs
[2024-11-28T11:59:12.727-0600] {logging_mixin.py:190} INFO - [2024-11-28T11:59:12.727-0600] {dag.py:4180} INFO - Setting next_dagrun for example_branch_datetime_operator to 2024-11-27 00:00:00+00:00, run_after=2024-11-28 00:00:00+00:00
[2024-11-28T11:59:12.729-0600] {logging_mixin.py:190} INFO - [2024-11-28T11:59:12.729-0600] {dag.py:4180} INFO - Setting next_dagrun for example_branch_datetime_operator_2 to 2024-11-27 00:00:00+00:00, run_after=2024-11-28 00:00:00+00:00
[2024-11-28T11:59:12.729-0600] {logging_mixin.py:190} INFO - [2024-11-28T11:59:12.729-0600] {dag.py:4180} INFO - Setting next_dagrun for example_branch_datetime_operator_3 to 2024-11-27 00:00:00+00:00, run_after=2024-11-28 00:00:00+00:00
[2024-11-28T11:59:12.734-0600] {processor.py:208} INFO - Processing /Library/Frameworks/Python.framework/Versions/3.8/lib/python3.8/site-packages/airflow/example_dags/example_branch_datetime_operator.py took 0.057 seconds
[2024-11-28T12:01:29.537-0600] {processor.py:186} INFO - Started process (PID=36121) to work on /Library/Frameworks/Python.framework/Versions/3.8/lib/python3.8/site-packages/airflow/example_dags/example_branch_datetime_operator.py
[2024-11-28T12:01:29.538-0600] {processor.py:914} INFO - Processing file /Library/Frameworks/Python.framework/Versions/3.8/lib/python3.8/site-packages/airflow/example_dags/example_branch_datetime_operator.py for tasks to queue
[2024-11-28T12:01:29.538-0600] {logging_mixin.py:190} INFO - [2024-11-28T12:01:29.538-0600] {dagbag.py:588} INFO - Filling up the DagBag from /Library/Frameworks/Python.framework/Versions/3.8/lib/python3.8/site-packages/airflow/example_dags/example_branch_datetime_operator.py
[2024-11-28T12:01:29.543-0600] {processor.py:925} INFO - DAG(s) 'example_branch_datetime_operator_3', 'example_branch_datetime_operator', 'example_branch_datetime_operator_2' retrieved from /Library/Frameworks/Python.framework/Versions/3.8/lib/python3.8/site-packages/airflow/example_dags/example_branch_datetime_operator.py
[2024-11-28T12:01:29.579-0600] {logging_mixin.py:190} INFO - [2024-11-28T12:01:29.579-0600] {dag.py:3239} INFO - Sync 3 DAGs
[2024-11-28T12:01:29.586-0600] {logging_mixin.py:190} INFO - [2024-11-28T12:01:29.586-0600] {dag.py:4180} INFO - Setting next_dagrun for example_branch_datetime_operator to 2024-11-27 00:00:00+00:00, run_after=2024-11-28 00:00:00+00:00
[2024-11-28T12:01:29.587-0600] {logging_mixin.py:190} INFO - [2024-11-28T12:01:29.587-0600] {dag.py:4180} INFO - Setting next_dagrun for example_branch_datetime_operator_2 to 2024-11-27 00:00:00+00:00, run_after=2024-11-28 00:00:00+00:00
[2024-11-28T12:01:29.588-0600] {logging_mixin.py:190} INFO - [2024-11-28T12:01:29.588-0600] {dag.py:4180} INFO - Setting next_dagrun for example_branch_datetime_operator_3 to 2024-11-27 00:00:00+00:00, run_after=2024-11-28 00:00:00+00:00
[2024-11-28T12:01:29.592-0600] {processor.py:208} INFO - Processing /Library/Frameworks/Python.framework/Versions/3.8/lib/python3.8/site-packages/airflow/example_dags/example_branch_datetime_operator.py took 0.057 seconds
[2024-11-28T12:03:40.560-0600] {processor.py:186} INFO - Started process (PID=36368) to work on /Library/Frameworks/Python.framework/Versions/3.8/lib/python3.8/site-packages/airflow/example_dags/example_branch_datetime_operator.py
[2024-11-28T12:03:40.561-0600] {processor.py:914} INFO - Processing file /Library/Frameworks/Python.framework/Versions/3.8/lib/python3.8/site-packages/airflow/example_dags/example_branch_datetime_operator.py for tasks to queue
[2024-11-28T12:03:40.561-0600] {logging_mixin.py:190} INFO - [2024-11-28T12:03:40.561-0600] {dagbag.py:588} INFO - Filling up the DagBag from /Library/Frameworks/Python.framework/Versions/3.8/lib/python3.8/site-packages/airflow/example_dags/example_branch_datetime_operator.py
[2024-11-28T12:03:40.566-0600] {processor.py:925} INFO - DAG(s) 'example_branch_datetime_operator', 'example_branch_datetime_operator_3', 'example_branch_datetime_operator_2' retrieved from /Library/Frameworks/Python.framework/Versions/3.8/lib/python3.8/site-packages/airflow/example_dags/example_branch_datetime_operator.py
[2024-11-28T12:03:40.603-0600] {logging_mixin.py:190} INFO - [2024-11-28T12:03:40.603-0600] {dag.py:3239} INFO - Sync 3 DAGs
[2024-11-28T12:03:40.610-0600] {logging_mixin.py:190} INFO - [2024-11-28T12:03:40.609-0600] {dag.py:4180} INFO - Setting next_dagrun for example_branch_datetime_operator to 2024-11-27 00:00:00+00:00, run_after=2024-11-28 00:00:00+00:00
[2024-11-28T12:03:40.611-0600] {logging_mixin.py:190} INFO - [2024-11-28T12:03:40.611-0600] {dag.py:4180} INFO - Setting next_dagrun for example_branch_datetime_operator_2 to 2024-11-27 00:00:00+00:00, run_after=2024-11-28 00:00:00+00:00
[2024-11-28T12:03:40.612-0600] {logging_mixin.py:190} INFO - [2024-11-28T12:03:40.612-0600] {dag.py:4180} INFO - Setting next_dagrun for example_branch_datetime_operator_3 to 2024-11-27 00:00:00+00:00, run_after=2024-11-28 00:00:00+00:00
[2024-11-28T12:03:40.616-0600] {processor.py:208} INFO - Processing /Library/Frameworks/Python.framework/Versions/3.8/lib/python3.8/site-packages/airflow/example_dags/example_branch_datetime_operator.py took 0.057 seconds
[2024-11-28T12:05:54.204-0600] {processor.py:186} INFO - Started process (PID=36621) to work on /Library/Frameworks/Python.framework/Versions/3.8/lib/python3.8/site-packages/airflow/example_dags/example_branch_datetime_operator.py
[2024-11-28T12:05:54.204-0600] {processor.py:914} INFO - Processing file /Library/Frameworks/Python.framework/Versions/3.8/lib/python3.8/site-packages/airflow/example_dags/example_branch_datetime_operator.py for tasks to queue
[2024-11-28T12:05:54.205-0600] {logging_mixin.py:190} INFO - [2024-11-28T12:05:54.205-0600] {dagbag.py:588} INFO - Filling up the DagBag from /Library/Frameworks/Python.framework/Versions/3.8/lib/python3.8/site-packages/airflow/example_dags/example_branch_datetime_operator.py
[2024-11-28T12:05:54.209-0600] {processor.py:925} INFO - DAG(s) 'example_branch_datetime_operator', 'example_branch_datetime_operator_2', 'example_branch_datetime_operator_3' retrieved from /Library/Frameworks/Python.framework/Versions/3.8/lib/python3.8/site-packages/airflow/example_dags/example_branch_datetime_operator.py
[2024-11-28T12:05:54.245-0600] {logging_mixin.py:190} INFO - [2024-11-28T12:05:54.245-0600] {dag.py:3239} INFO - Sync 3 DAGs
[2024-11-28T12:05:54.252-0600] {logging_mixin.py:190} INFO - [2024-11-28T12:05:54.252-0600] {dag.py:4180} INFO - Setting next_dagrun for example_branch_datetime_operator to 2024-11-27 00:00:00+00:00, run_after=2024-11-28 00:00:00+00:00
[2024-11-28T12:05:54.253-0600] {logging_mixin.py:190} INFO - [2024-11-28T12:05:54.253-0600] {dag.py:4180} INFO - Setting next_dagrun for example_branch_datetime_operator_2 to 2024-11-27 00:00:00+00:00, run_after=2024-11-28 00:00:00+00:00
[2024-11-28T12:05:54.254-0600] {logging_mixin.py:190} INFO - [2024-11-28T12:05:54.254-0600] {dag.py:4180} INFO - Setting next_dagrun for example_branch_datetime_operator_3 to 2024-11-27 00:00:00+00:00, run_after=2024-11-28 00:00:00+00:00
[2024-11-28T12:05:54.258-0600] {processor.py:208} INFO - Processing /Library/Frameworks/Python.framework/Versions/3.8/lib/python3.8/site-packages/airflow/example_dags/example_branch_datetime_operator.py took 0.056 seconds
[2024-11-28T12:08:02.745-0600] {processor.py:186} INFO - Started process (PID=36860) to work on /Library/Frameworks/Python.framework/Versions/3.8/lib/python3.8/site-packages/airflow/example_dags/example_branch_datetime_operator.py
[2024-11-28T12:08:02.746-0600] {processor.py:914} INFO - Processing file /Library/Frameworks/Python.framework/Versions/3.8/lib/python3.8/site-packages/airflow/example_dags/example_branch_datetime_operator.py for tasks to queue
[2024-11-28T12:08:02.746-0600] {logging_mixin.py:190} INFO - [2024-11-28T12:08:02.746-0600] {dagbag.py:588} INFO - Filling up the DagBag from /Library/Frameworks/Python.framework/Versions/3.8/lib/python3.8/site-packages/airflow/example_dags/example_branch_datetime_operator.py
[2024-11-28T12:08:02.751-0600] {processor.py:925} INFO - DAG(s) 'example_branch_datetime_operator_3', 'example_branch_datetime_operator', 'example_branch_datetime_operator_2' retrieved from /Library/Frameworks/Python.framework/Versions/3.8/lib/python3.8/site-packages/airflow/example_dags/example_branch_datetime_operator.py
[2024-11-28T12:08:02.787-0600] {logging_mixin.py:190} INFO - [2024-11-28T12:08:02.787-0600] {dag.py:3239} INFO - Sync 3 DAGs
[2024-11-28T12:08:02.793-0600] {logging_mixin.py:190} INFO - [2024-11-28T12:08:02.793-0600] {dag.py:4180} INFO - Setting next_dagrun for example_branch_datetime_operator to 2024-11-27 00:00:00+00:00, run_after=2024-11-28 00:00:00+00:00
[2024-11-28T12:08:02.795-0600] {logging_mixin.py:190} INFO - [2024-11-28T12:08:02.794-0600] {dag.py:4180} INFO - Setting next_dagrun for example_branch_datetime_operator_2 to 2024-11-27 00:00:00+00:00, run_after=2024-11-28 00:00:00+00:00
[2024-11-28T12:08:02.795-0600] {logging_mixin.py:190} INFO - [2024-11-28T12:08:02.795-0600] {dag.py:4180} INFO - Setting next_dagrun for example_branch_datetime_operator_3 to 2024-11-27 00:00:00+00:00, run_after=2024-11-28 00:00:00+00:00
[2024-11-28T12:08:02.800-0600] {processor.py:208} INFO - Processing /Library/Frameworks/Python.framework/Versions/3.8/lib/python3.8/site-packages/airflow/example_dags/example_branch_datetime_operator.py took 0.056 seconds
[2024-11-28T12:10:22.749-0600] {processor.py:186} INFO - Started process (PID=37117) to work on /Library/Frameworks/Python.framework/Versions/3.8/lib/python3.8/site-packages/airflow/example_dags/example_branch_datetime_operator.py
[2024-11-28T12:10:22.750-0600] {processor.py:914} INFO - Processing file /Library/Frameworks/Python.framework/Versions/3.8/lib/python3.8/site-packages/airflow/example_dags/example_branch_datetime_operator.py for tasks to queue
[2024-11-28T12:10:22.750-0600] {logging_mixin.py:190} INFO - [2024-11-28T12:10:22.750-0600] {dagbag.py:588} INFO - Filling up the DagBag from /Library/Frameworks/Python.framework/Versions/3.8/lib/python3.8/site-packages/airflow/example_dags/example_branch_datetime_operator.py
[2024-11-28T12:10:22.755-0600] {processor.py:925} INFO - DAG(s) 'example_branch_datetime_operator', 'example_branch_datetime_operator_2', 'example_branch_datetime_operator_3' retrieved from /Library/Frameworks/Python.framework/Versions/3.8/lib/python3.8/site-packages/airflow/example_dags/example_branch_datetime_operator.py
[2024-11-28T12:10:22.793-0600] {logging_mixin.py:190} INFO - [2024-11-28T12:10:22.793-0600] {dag.py:3239} INFO - Sync 3 DAGs
[2024-11-28T12:10:22.800-0600] {logging_mixin.py:190} INFO - [2024-11-28T12:10:22.800-0600] {dag.py:4180} INFO - Setting next_dagrun for example_branch_datetime_operator to 2024-11-27 00:00:00+00:00, run_after=2024-11-28 00:00:00+00:00
[2024-11-28T12:10:22.801-0600] {logging_mixin.py:190} INFO - [2024-11-28T12:10:22.801-0600] {dag.py:4180} INFO - Setting next_dagrun for example_branch_datetime_operator_2 to 2024-11-27 00:00:00+00:00, run_after=2024-11-28 00:00:00+00:00
[2024-11-28T12:10:22.802-0600] {logging_mixin.py:190} INFO - [2024-11-28T12:10:22.802-0600] {dag.py:4180} INFO - Setting next_dagrun for example_branch_datetime_operator_3 to 2024-11-27 00:00:00+00:00, run_after=2024-11-28 00:00:00+00:00
[2024-11-28T12:10:22.807-0600] {processor.py:208} INFO - Processing /Library/Frameworks/Python.framework/Versions/3.8/lib/python3.8/site-packages/airflow/example_dags/example_branch_datetime_operator.py took 0.059 seconds
