[2024-11-28T11:46:54.434-0600] {processor.py:186} INFO - Started process (PID=34404) to work on /Library/Frameworks/Python.framework/Versions/3.8/lib/python3.8/site-packages/airflow/example_dags/example_xcom.py
[2024-11-28T11:46:54.435-0600] {processor.py:914} INFO - Processing file /Library/Frameworks/Python.framework/Versions/3.8/lib/python3.8/site-packages/airflow/example_dags/example_xcom.py for tasks to queue
[2024-11-28T11:46:54.435-0600] {logging_mixin.py:190} INFO - [2024-11-28T11:46:54.435-0600] {dagbag.py:588} INFO - Filling up the DagBag from /Library/Frameworks/Python.framework/Versions/3.8/lib/python3.8/site-packages/airflow/example_dags/example_xcom.py
[2024-11-28T11:46:54.448-0600] {processor.py:925} INFO - DAG(s) 'example_xcom' retrieved from /Library/Frameworks/Python.framework/Versions/3.8/lib/python3.8/site-packages/airflow/example_dags/example_xcom.py
[2024-11-28T11:46:54.482-0600] {logging_mixin.py:190} INFO - [2024-11-28T11:46:54.482-0600] {dag.py:3239} INFO - Sync 1 DAGs
[2024-11-28T11:46:54.487-0600] {logging_mixin.py:190} INFO - [2024-11-28T11:46:54.487-0600] {dag.py:4180} INFO - Setting next_dagrun for example_xcom to 2021-01-01 00:00:00+00:00, run_after=2021-01-01 00:00:00+00:00
[2024-11-28T11:46:54.493-0600] {processor.py:208} INFO - Processing /Library/Frameworks/Python.framework/Versions/3.8/lib/python3.8/site-packages/airflow/example_dags/example_xcom.py took 0.060 seconds
[2024-11-28T11:48:30.317-0600] {processor.py:186} INFO - Started process (PID=34592) to work on /Library/Frameworks/Python.framework/Versions/3.8/lib/python3.8/site-packages/airflow/example_dags/example_xcom.py
[2024-11-28T11:48:30.318-0600] {processor.py:914} INFO - Processing file /Library/Frameworks/Python.framework/Versions/3.8/lib/python3.8/site-packages/airflow/example_dags/example_xcom.py for tasks to queue
[2024-11-28T11:48:30.318-0600] {logging_mixin.py:190} INFO - [2024-11-28T11:48:30.318-0600] {dagbag.py:588} INFO - Filling up the DagBag from /Library/Frameworks/Python.framework/Versions/3.8/lib/python3.8/site-packages/airflow/example_dags/example_xcom.py
[2024-11-28T11:48:30.331-0600] {processor.py:925} INFO - DAG(s) 'example_xcom' retrieved from /Library/Frameworks/Python.framework/Versions/3.8/lib/python3.8/site-packages/airflow/example_dags/example_xcom.py
[2024-11-28T11:48:30.365-0600] {logging_mixin.py:190} INFO - [2024-11-28T11:48:30.365-0600] {dag.py:3239} INFO - Sync 1 DAGs
[2024-11-28T11:48:30.371-0600] {logging_mixin.py:190} INFO - [2024-11-28T11:48:30.371-0600] {dag.py:4180} INFO - Setting next_dagrun for example_xcom to 2021-01-01 00:00:00+00:00, run_after=2021-01-01 00:00:00+00:00
[2024-11-28T11:48:30.376-0600] {processor.py:208} INFO - Processing /Library/Frameworks/Python.framework/Versions/3.8/lib/python3.8/site-packages/airflow/example_dags/example_xcom.py took 0.061 seconds
[2024-11-28T11:49:37.758-0600] {processor.py:186} INFO - Started process (PID=34733) to work on /Library/Frameworks/Python.framework/Versions/3.8/lib/python3.8/site-packages/airflow/example_dags/example_xcom.py
[2024-11-28T11:49:37.759-0600] {processor.py:914} INFO - Processing file /Library/Frameworks/Python.framework/Versions/3.8/lib/python3.8/site-packages/airflow/example_dags/example_xcom.py for tasks to queue
[2024-11-28T11:49:37.759-0600] {logging_mixin.py:190} INFO - [2024-11-28T11:49:37.759-0600] {dagbag.py:588} INFO - Filling up the DagBag from /Library/Frameworks/Python.framework/Versions/3.8/lib/python3.8/site-packages/airflow/example_dags/example_xcom.py
[2024-11-28T11:49:37.771-0600] {processor.py:925} INFO - DAG(s) 'example_xcom' retrieved from /Library/Frameworks/Python.framework/Versions/3.8/lib/python3.8/site-packages/airflow/example_dags/example_xcom.py
[2024-11-28T11:49:37.807-0600] {logging_mixin.py:190} INFO - [2024-11-28T11:49:37.807-0600] {dag.py:3239} INFO - Sync 1 DAGs
[2024-11-28T11:49:37.812-0600] {logging_mixin.py:190} INFO - [2024-11-28T11:49:37.812-0600] {dag.py:4180} INFO - Setting next_dagrun for example_xcom to 2021-01-01 00:00:00+00:00, run_after=2021-01-01 00:00:00+00:00
[2024-11-28T11:49:37.817-0600] {processor.py:208} INFO - Processing /Library/Frameworks/Python.framework/Versions/3.8/lib/python3.8/site-packages/airflow/example_dags/example_xcom.py took 0.061 seconds
[2024-11-28T11:50:44.555-0600] {processor.py:186} INFO - Started process (PID=34861) to work on /Library/Frameworks/Python.framework/Versions/3.8/lib/python3.8/site-packages/airflow/example_dags/example_xcom.py
[2024-11-28T11:50:44.556-0600] {processor.py:914} INFO - Processing file /Library/Frameworks/Python.framework/Versions/3.8/lib/python3.8/site-packages/airflow/example_dags/example_xcom.py for tasks to queue
[2024-11-28T11:50:44.557-0600] {logging_mixin.py:190} INFO - [2024-11-28T11:50:44.557-0600] {dagbag.py:588} INFO - Filling up the DagBag from /Library/Frameworks/Python.framework/Versions/3.8/lib/python3.8/site-packages/airflow/example_dags/example_xcom.py
[2024-11-28T11:50:44.569-0600] {processor.py:925} INFO - DAG(s) 'example_xcom' retrieved from /Library/Frameworks/Python.framework/Versions/3.8/lib/python3.8/site-packages/airflow/example_dags/example_xcom.py
[2024-11-28T11:50:44.603-0600] {logging_mixin.py:190} INFO - [2024-11-28T11:50:44.603-0600] {dag.py:3239} INFO - Sync 1 DAGs
[2024-11-28T11:50:44.609-0600] {logging_mixin.py:190} INFO - [2024-11-28T11:50:44.609-0600] {dag.py:4180} INFO - Setting next_dagrun for example_xcom to 2021-01-01 00:00:00+00:00, run_after=2021-01-01 00:00:00+00:00
[2024-11-28T11:50:44.614-0600] {processor.py:208} INFO - Processing /Library/Frameworks/Python.framework/Versions/3.8/lib/python3.8/site-packages/airflow/example_dags/example_xcom.py took 0.061 seconds
[2024-11-28T11:51:51.854-0600] {processor.py:186} INFO - Started process (PID=34986) to work on /Library/Frameworks/Python.framework/Versions/3.8/lib/python3.8/site-packages/airflow/example_dags/example_xcom.py
[2024-11-28T11:51:51.854-0600] {processor.py:914} INFO - Processing file /Library/Frameworks/Python.framework/Versions/3.8/lib/python3.8/site-packages/airflow/example_dags/example_xcom.py for tasks to queue
[2024-11-28T11:51:51.854-0600] {logging_mixin.py:190} INFO - [2024-11-28T11:51:51.854-0600] {dagbag.py:588} INFO - Filling up the DagBag from /Library/Frameworks/Python.framework/Versions/3.8/lib/python3.8/site-packages/airflow/example_dags/example_xcom.py
[2024-11-28T11:51:51.866-0600] {processor.py:925} INFO - DAG(s) 'example_xcom' retrieved from /Library/Frameworks/Python.framework/Versions/3.8/lib/python3.8/site-packages/airflow/example_dags/example_xcom.py
[2024-11-28T11:51:51.900-0600] {logging_mixin.py:190} INFO - [2024-11-28T11:51:51.900-0600] {dag.py:3239} INFO - Sync 1 DAGs
[2024-11-28T11:51:51.906-0600] {logging_mixin.py:190} INFO - [2024-11-28T11:51:51.906-0600] {dag.py:4180} INFO - Setting next_dagrun for example_xcom to 2021-01-01 00:00:00+00:00, run_after=2021-01-01 00:00:00+00:00
[2024-11-28T11:51:51.911-0600] {processor.py:208} INFO - Processing /Library/Frameworks/Python.framework/Versions/3.8/lib/python3.8/site-packages/airflow/example_dags/example_xcom.py took 0.059 seconds
[2024-11-28T11:52:57.881-0600] {processor.py:186} INFO - Started process (PID=35112) to work on /Library/Frameworks/Python.framework/Versions/3.8/lib/python3.8/site-packages/airflow/example_dags/example_xcom.py
[2024-11-28T11:52:57.882-0600] {processor.py:914} INFO - Processing file /Library/Frameworks/Python.framework/Versions/3.8/lib/python3.8/site-packages/airflow/example_dags/example_xcom.py for tasks to queue
[2024-11-28T11:52:57.882-0600] {logging_mixin.py:190} INFO - [2024-11-28T11:52:57.882-0600] {dagbag.py:588} INFO - Filling up the DagBag from /Library/Frameworks/Python.framework/Versions/3.8/lib/python3.8/site-packages/airflow/example_dags/example_xcom.py
[2024-11-28T11:52:57.894-0600] {processor.py:925} INFO - DAG(s) 'example_xcom' retrieved from /Library/Frameworks/Python.framework/Versions/3.8/lib/python3.8/site-packages/airflow/example_dags/example_xcom.py
[2024-11-28T11:52:57.933-0600] {logging_mixin.py:190} INFO - [2024-11-28T11:52:57.932-0600] {dag.py:3239} INFO - Sync 1 DAGs
[2024-11-28T11:52:57.940-0600] {logging_mixin.py:190} INFO - [2024-11-28T11:52:57.939-0600] {dag.py:4180} INFO - Setting next_dagrun for example_xcom to 2021-01-01 00:00:00+00:00, run_after=2021-01-01 00:00:00+00:00
[2024-11-28T11:52:57.946-0600] {processor.py:208} INFO - Processing /Library/Frameworks/Python.framework/Versions/3.8/lib/python3.8/site-packages/airflow/example_dags/example_xcom.py took 0.067 seconds
[2024-11-28T11:54:05.619-0600] {processor.py:186} INFO - Started process (PID=35281) to work on /Library/Frameworks/Python.framework/Versions/3.8/lib/python3.8/site-packages/airflow/example_dags/example_xcom.py
[2024-11-28T11:54:05.620-0600] {processor.py:914} INFO - Processing file /Library/Frameworks/Python.framework/Versions/3.8/lib/python3.8/site-packages/airflow/example_dags/example_xcom.py for tasks to queue
[2024-11-28T11:54:05.620-0600] {logging_mixin.py:190} INFO - [2024-11-28T11:54:05.620-0600] {dagbag.py:588} INFO - Filling up the DagBag from /Library/Frameworks/Python.framework/Versions/3.8/lib/python3.8/site-packages/airflow/example_dags/example_xcom.py
[2024-11-28T11:54:05.632-0600] {processor.py:925} INFO - DAG(s) 'example_xcom' retrieved from /Library/Frameworks/Python.framework/Versions/3.8/lib/python3.8/site-packages/airflow/example_dags/example_xcom.py
[2024-11-28T11:54:05.666-0600] {logging_mixin.py:190} INFO - [2024-11-28T11:54:05.665-0600] {dag.py:3239} INFO - Sync 1 DAGs
[2024-11-28T11:54:05.671-0600] {logging_mixin.py:190} INFO - [2024-11-28T11:54:05.671-0600] {dag.py:4180} INFO - Setting next_dagrun for example_xcom to 2021-01-01 00:00:00+00:00, run_after=2021-01-01 00:00:00+00:00
[2024-11-28T11:54:05.676-0600] {processor.py:208} INFO - Processing /Library/Frameworks/Python.framework/Versions/3.8/lib/python3.8/site-packages/airflow/example_dags/example_xcom.py took 0.059 seconds
[2024-11-28T11:55:09.024-0600] {processor.py:186} INFO - Started process (PID=35405) to work on /Library/Frameworks/Python.framework/Versions/3.8/lib/python3.8/site-packages/airflow/example_dags/example_xcom.py
[2024-11-28T11:55:09.024-0600] {processor.py:914} INFO - Processing file /Library/Frameworks/Python.framework/Versions/3.8/lib/python3.8/site-packages/airflow/example_dags/example_xcom.py for tasks to queue
[2024-11-28T11:55:09.024-0600] {logging_mixin.py:190} INFO - [2024-11-28T11:55:09.024-0600] {dagbag.py:588} INFO - Filling up the DagBag from /Library/Frameworks/Python.framework/Versions/3.8/lib/python3.8/site-packages/airflow/example_dags/example_xcom.py
[2024-11-28T11:55:09.037-0600] {processor.py:925} INFO - DAG(s) 'example_xcom' retrieved from /Library/Frameworks/Python.framework/Versions/3.8/lib/python3.8/site-packages/airflow/example_dags/example_xcom.py
[2024-11-28T11:55:09.072-0600] {logging_mixin.py:190} INFO - [2024-11-28T11:55:09.072-0600] {dag.py:3239} INFO - Sync 1 DAGs
[2024-11-28T11:55:09.077-0600] {logging_mixin.py:190} INFO - [2024-11-28T11:55:09.077-0600] {dag.py:4180} INFO - Setting next_dagrun for example_xcom to 2021-01-01 00:00:00+00:00, run_after=2021-01-01 00:00:00+00:00
[2024-11-28T11:55:09.083-0600] {processor.py:208} INFO - Processing /Library/Frameworks/Python.framework/Versions/3.8/lib/python3.8/site-packages/airflow/example_dags/example_xcom.py took 0.060 seconds
[2024-11-28T11:56:15.641-0600] {processor.py:186} INFO - Started process (PID=35530) to work on /Library/Frameworks/Python.framework/Versions/3.8/lib/python3.8/site-packages/airflow/example_dags/example_xcom.py
[2024-11-28T11:56:15.641-0600] {processor.py:914} INFO - Processing file /Library/Frameworks/Python.framework/Versions/3.8/lib/python3.8/site-packages/airflow/example_dags/example_xcom.py for tasks to queue
[2024-11-28T11:56:15.642-0600] {logging_mixin.py:190} INFO - [2024-11-28T11:56:15.642-0600] {dagbag.py:588} INFO - Filling up the DagBag from /Library/Frameworks/Python.framework/Versions/3.8/lib/python3.8/site-packages/airflow/example_dags/example_xcom.py
[2024-11-28T11:56:15.654-0600] {processor.py:925} INFO - DAG(s) 'example_xcom' retrieved from /Library/Frameworks/Python.framework/Versions/3.8/lib/python3.8/site-packages/airflow/example_dags/example_xcom.py
[2024-11-28T11:56:15.689-0600] {logging_mixin.py:190} INFO - [2024-11-28T11:56:15.689-0600] {dag.py:3239} INFO - Sync 1 DAGs
[2024-11-28T11:56:15.694-0600] {logging_mixin.py:190} INFO - [2024-11-28T11:56:15.694-0600] {dag.py:4180} INFO - Setting next_dagrun for example_xcom to 2021-01-01 00:00:00+00:00, run_after=2021-01-01 00:00:00+00:00
[2024-11-28T11:56:15.700-0600] {processor.py:208} INFO - Processing /Library/Frameworks/Python.framework/Versions/3.8/lib/python3.8/site-packages/airflow/example_dags/example_xcom.py took 0.060 seconds
[2024-11-28T11:57:25.261-0600] {processor.py:186} INFO - Started process (PID=35665) to work on /Library/Frameworks/Python.framework/Versions/3.8/lib/python3.8/site-packages/airflow/example_dags/example_xcom.py
[2024-11-28T11:57:25.262-0600] {processor.py:914} INFO - Processing file /Library/Frameworks/Python.framework/Versions/3.8/lib/python3.8/site-packages/airflow/example_dags/example_xcom.py for tasks to queue
[2024-11-28T11:57:25.262-0600] {logging_mixin.py:190} INFO - [2024-11-28T11:57:25.262-0600] {dagbag.py:588} INFO - Filling up the DagBag from /Library/Frameworks/Python.framework/Versions/3.8/lib/python3.8/site-packages/airflow/example_dags/example_xcom.py
[2024-11-28T11:57:25.274-0600] {processor.py:925} INFO - DAG(s) 'example_xcom' retrieved from /Library/Frameworks/Python.framework/Versions/3.8/lib/python3.8/site-packages/airflow/example_dags/example_xcom.py
[2024-11-28T11:57:25.309-0600] {logging_mixin.py:190} INFO - [2024-11-28T11:57:25.309-0600] {dag.py:3239} INFO - Sync 1 DAGs
[2024-11-28T11:57:25.314-0600] {logging_mixin.py:190} INFO - [2024-11-28T11:57:25.314-0600] {dag.py:4180} INFO - Setting next_dagrun for example_xcom to 2021-01-01 00:00:00+00:00, run_after=2021-01-01 00:00:00+00:00
[2024-11-28T11:57:25.320-0600] {processor.py:208} INFO - Processing /Library/Frameworks/Python.framework/Versions/3.8/lib/python3.8/site-packages/airflow/example_dags/example_xcom.py took 0.061 seconds
[2024-11-28T11:58:32.301-0600] {processor.py:186} INFO - Started process (PID=35788) to work on /Library/Frameworks/Python.framework/Versions/3.8/lib/python3.8/site-packages/airflow/example_dags/example_xcom.py
[2024-11-28T11:58:32.302-0600] {processor.py:914} INFO - Processing file /Library/Frameworks/Python.framework/Versions/3.8/lib/python3.8/site-packages/airflow/example_dags/example_xcom.py for tasks to queue
[2024-11-28T11:58:32.302-0600] {logging_mixin.py:190} INFO - [2024-11-28T11:58:32.302-0600] {dagbag.py:588} INFO - Filling up the DagBag from /Library/Frameworks/Python.framework/Versions/3.8/lib/python3.8/site-packages/airflow/example_dags/example_xcom.py
[2024-11-28T11:58:32.313-0600] {processor.py:925} INFO - DAG(s) 'example_xcom' retrieved from /Library/Frameworks/Python.framework/Versions/3.8/lib/python3.8/site-packages/airflow/example_dags/example_xcom.py
[2024-11-28T11:58:32.347-0600] {logging_mixin.py:190} INFO - [2024-11-28T11:58:32.347-0600] {dag.py:3239} INFO - Sync 1 DAGs
[2024-11-28T11:58:32.352-0600] {logging_mixin.py:190} INFO - [2024-11-28T11:58:32.352-0600] {dag.py:4180} INFO - Setting next_dagrun for example_xcom to 2021-01-01 00:00:00+00:00, run_after=2021-01-01 00:00:00+00:00
[2024-11-28T11:58:32.358-0600] {processor.py:208} INFO - Processing /Library/Frameworks/Python.framework/Versions/3.8/lib/python3.8/site-packages/airflow/example_dags/example_xcom.py took 0.058 seconds
[2024-11-28T11:59:40.739-0600] {processor.py:186} INFO - Started process (PID=35913) to work on /Library/Frameworks/Python.framework/Versions/3.8/lib/python3.8/site-packages/airflow/example_dags/example_xcom.py
[2024-11-28T11:59:40.740-0600] {processor.py:914} INFO - Processing file /Library/Frameworks/Python.framework/Versions/3.8/lib/python3.8/site-packages/airflow/example_dags/example_xcom.py for tasks to queue
[2024-11-28T11:59:40.741-0600] {logging_mixin.py:190} INFO - [2024-11-28T11:59:40.741-0600] {dagbag.py:588} INFO - Filling up the DagBag from /Library/Frameworks/Python.framework/Versions/3.8/lib/python3.8/site-packages/airflow/example_dags/example_xcom.py
[2024-11-28T11:59:40.753-0600] {processor.py:925} INFO - DAG(s) 'example_xcom' retrieved from /Library/Frameworks/Python.framework/Versions/3.8/lib/python3.8/site-packages/airflow/example_dags/example_xcom.py
[2024-11-28T11:59:40.787-0600] {logging_mixin.py:190} INFO - [2024-11-28T11:59:40.787-0600] {dag.py:3239} INFO - Sync 1 DAGs
[2024-11-28T11:59:40.793-0600] {logging_mixin.py:190} INFO - [2024-11-28T11:59:40.792-0600] {dag.py:4180} INFO - Setting next_dagrun for example_xcom to 2021-01-01 00:00:00+00:00, run_after=2021-01-01 00:00:00+00:00
[2024-11-28T11:59:40.798-0600] {processor.py:208} INFO - Processing /Library/Frameworks/Python.framework/Versions/3.8/lib/python3.8/site-packages/airflow/example_dags/example_xcom.py took 0.060 seconds
[2024-11-28T12:00:47.146-0600] {processor.py:186} INFO - Started process (PID=36044) to work on /Library/Frameworks/Python.framework/Versions/3.8/lib/python3.8/site-packages/airflow/example_dags/example_xcom.py
[2024-11-28T12:00:47.147-0600] {processor.py:914} INFO - Processing file /Library/Frameworks/Python.framework/Versions/3.8/lib/python3.8/site-packages/airflow/example_dags/example_xcom.py for tasks to queue
[2024-11-28T12:00:47.147-0600] {logging_mixin.py:190} INFO - [2024-11-28T12:00:47.147-0600] {dagbag.py:588} INFO - Filling up the DagBag from /Library/Frameworks/Python.framework/Versions/3.8/lib/python3.8/site-packages/airflow/example_dags/example_xcom.py
[2024-11-28T12:00:47.159-0600] {processor.py:925} INFO - DAG(s) 'example_xcom' retrieved from /Library/Frameworks/Python.framework/Versions/3.8/lib/python3.8/site-packages/airflow/example_dags/example_xcom.py
[2024-11-28T12:00:47.195-0600] {logging_mixin.py:190} INFO - [2024-11-28T12:00:47.195-0600] {dag.py:3239} INFO - Sync 1 DAGs
[2024-11-28T12:00:47.200-0600] {logging_mixin.py:190} INFO - [2024-11-28T12:00:47.200-0600] {dag.py:4180} INFO - Setting next_dagrun for example_xcom to 2021-01-01 00:00:00+00:00, run_after=2021-01-01 00:00:00+00:00
[2024-11-28T12:00:47.206-0600] {processor.py:208} INFO - Processing /Library/Frameworks/Python.framework/Versions/3.8/lib/python3.8/site-packages/airflow/example_dags/example_xcom.py took 0.061 seconds
[2024-11-28T12:01:55.925-0600] {processor.py:186} INFO - Started process (PID=36169) to work on /Library/Frameworks/Python.framework/Versions/3.8/lib/python3.8/site-packages/airflow/example_dags/example_xcom.py
[2024-11-28T12:01:55.925-0600] {processor.py:914} INFO - Processing file /Library/Frameworks/Python.framework/Versions/3.8/lib/python3.8/site-packages/airflow/example_dags/example_xcom.py for tasks to queue
[2024-11-28T12:01:55.926-0600] {logging_mixin.py:190} INFO - [2024-11-28T12:01:55.926-0600] {dagbag.py:588} INFO - Filling up the DagBag from /Library/Frameworks/Python.framework/Versions/3.8/lib/python3.8/site-packages/airflow/example_dags/example_xcom.py
[2024-11-28T12:01:55.939-0600] {processor.py:925} INFO - DAG(s) 'example_xcom' retrieved from /Library/Frameworks/Python.framework/Versions/3.8/lib/python3.8/site-packages/airflow/example_dags/example_xcom.py
[2024-11-28T12:01:55.974-0600] {logging_mixin.py:190} INFO - [2024-11-28T12:01:55.974-0600] {dag.py:3239} INFO - Sync 1 DAGs
[2024-11-28T12:01:55.979-0600] {logging_mixin.py:190} INFO - [2024-11-28T12:01:55.979-0600] {dag.py:4180} INFO - Setting next_dagrun for example_xcom to 2021-01-01 00:00:00+00:00, run_after=2021-01-01 00:00:00+00:00
[2024-11-28T12:01:55.985-0600] {processor.py:208} INFO - Processing /Library/Frameworks/Python.framework/Versions/3.8/lib/python3.8/site-packages/airflow/example_dags/example_xcom.py took 0.061 seconds
[2024-11-28T12:03:00.494-0600] {processor.py:186} INFO - Started process (PID=36291) to work on /Library/Frameworks/Python.framework/Versions/3.8/lib/python3.8/site-packages/airflow/example_dags/example_xcom.py
[2024-11-28T12:03:00.494-0600] {processor.py:914} INFO - Processing file /Library/Frameworks/Python.framework/Versions/3.8/lib/python3.8/site-packages/airflow/example_dags/example_xcom.py for tasks to queue
[2024-11-28T12:03:00.495-0600] {logging_mixin.py:190} INFO - [2024-11-28T12:03:00.495-0600] {dagbag.py:588} INFO - Filling up the DagBag from /Library/Frameworks/Python.framework/Versions/3.8/lib/python3.8/site-packages/airflow/example_dags/example_xcom.py
[2024-11-28T12:03:00.507-0600] {processor.py:925} INFO - DAG(s) 'example_xcom' retrieved from /Library/Frameworks/Python.framework/Versions/3.8/lib/python3.8/site-packages/airflow/example_dags/example_xcom.py
[2024-11-28T12:03:00.540-0600] {logging_mixin.py:190} INFO - [2024-11-28T12:03:00.540-0600] {dag.py:3239} INFO - Sync 1 DAGs
[2024-11-28T12:03:00.546-0600] {logging_mixin.py:190} INFO - [2024-11-28T12:03:00.545-0600] {dag.py:4180} INFO - Setting next_dagrun for example_xcom to 2021-01-01 00:00:00+00:00, run_after=2021-01-01 00:00:00+00:00
[2024-11-28T12:03:00.551-0600] {processor.py:208} INFO - Processing /Library/Frameworks/Python.framework/Versions/3.8/lib/python3.8/site-packages/airflow/example_dags/example_xcom.py took 0.058 seconds
[2024-11-28T12:04:09.314-0600] {processor.py:186} INFO - Started process (PID=36418) to work on /Library/Frameworks/Python.framework/Versions/3.8/lib/python3.8/site-packages/airflow/example_dags/example_xcom.py
[2024-11-28T12:04:09.315-0600] {processor.py:914} INFO - Processing file /Library/Frameworks/Python.framework/Versions/3.8/lib/python3.8/site-packages/airflow/example_dags/example_xcom.py for tasks to queue
[2024-11-28T12:04:09.316-0600] {logging_mixin.py:190} INFO - [2024-11-28T12:04:09.315-0600] {dagbag.py:588} INFO - Filling up the DagBag from /Library/Frameworks/Python.framework/Versions/3.8/lib/python3.8/site-packages/airflow/example_dags/example_xcom.py
[2024-11-28T12:04:09.327-0600] {processor.py:925} INFO - DAG(s) 'example_xcom' retrieved from /Library/Frameworks/Python.framework/Versions/3.8/lib/python3.8/site-packages/airflow/example_dags/example_xcom.py
[2024-11-28T12:04:09.362-0600] {logging_mixin.py:190} INFO - [2024-11-28T12:04:09.362-0600] {dag.py:3239} INFO - Sync 1 DAGs
[2024-11-28T12:04:09.367-0600] {logging_mixin.py:190} INFO - [2024-11-28T12:04:09.367-0600] {dag.py:4180} INFO - Setting next_dagrun for example_xcom to 2021-01-01 00:00:00+00:00, run_after=2021-01-01 00:00:00+00:00
[2024-11-28T12:04:09.373-0600] {processor.py:208} INFO - Processing /Library/Frameworks/Python.framework/Versions/3.8/lib/python3.8/site-packages/airflow/example_dags/example_xcom.py took 0.060 seconds
[2024-11-28T12:05:15.554-0600] {processor.py:186} INFO - Started process (PID=36547) to work on /Library/Frameworks/Python.framework/Versions/3.8/lib/python3.8/site-packages/airflow/example_dags/example_xcom.py
[2024-11-28T12:05:15.554-0600] {processor.py:914} INFO - Processing file /Library/Frameworks/Python.framework/Versions/3.8/lib/python3.8/site-packages/airflow/example_dags/example_xcom.py for tasks to queue
[2024-11-28T12:05:15.555-0600] {logging_mixin.py:190} INFO - [2024-11-28T12:05:15.554-0600] {dagbag.py:588} INFO - Filling up the DagBag from /Library/Frameworks/Python.framework/Versions/3.8/lib/python3.8/site-packages/airflow/example_dags/example_xcom.py
[2024-11-28T12:05:15.567-0600] {processor.py:925} INFO - DAG(s) 'example_xcom' retrieved from /Library/Frameworks/Python.framework/Versions/3.8/lib/python3.8/site-packages/airflow/example_dags/example_xcom.py
[2024-11-28T12:05:15.601-0600] {logging_mixin.py:190} INFO - [2024-11-28T12:05:15.601-0600] {dag.py:3239} INFO - Sync 1 DAGs
[2024-11-28T12:05:15.607-0600] {logging_mixin.py:190} INFO - [2024-11-28T12:05:15.607-0600] {dag.py:4180} INFO - Setting next_dagrun for example_xcom to 2021-01-01 00:00:00+00:00, run_after=2021-01-01 00:00:00+00:00
[2024-11-28T12:05:15.612-0600] {processor.py:208} INFO - Processing /Library/Frameworks/Python.framework/Versions/3.8/lib/python3.8/site-packages/airflow/example_dags/example_xcom.py took 0.060 seconds
[2024-11-28T12:06:20.226-0600] {processor.py:186} INFO - Started process (PID=36670) to work on /Library/Frameworks/Python.framework/Versions/3.8/lib/python3.8/site-packages/airflow/example_dags/example_xcom.py
[2024-11-28T12:06:20.226-0600] {processor.py:914} INFO - Processing file /Library/Frameworks/Python.framework/Versions/3.8/lib/python3.8/site-packages/airflow/example_dags/example_xcom.py for tasks to queue
[2024-11-28T12:06:20.226-0600] {logging_mixin.py:190} INFO - [2024-11-28T12:06:20.226-0600] {dagbag.py:588} INFO - Filling up the DagBag from /Library/Frameworks/Python.framework/Versions/3.8/lib/python3.8/site-packages/airflow/example_dags/example_xcom.py
[2024-11-28T12:06:20.238-0600] {processor.py:925} INFO - DAG(s) 'example_xcom' retrieved from /Library/Frameworks/Python.framework/Versions/3.8/lib/python3.8/site-packages/airflow/example_dags/example_xcom.py
[2024-11-28T12:06:20.275-0600] {logging_mixin.py:190} INFO - [2024-11-28T12:06:20.275-0600] {dag.py:3239} INFO - Sync 1 DAGs
[2024-11-28T12:06:20.281-0600] {logging_mixin.py:190} INFO - [2024-11-28T12:06:20.281-0600] {dag.py:4180} INFO - Setting next_dagrun for example_xcom to 2021-01-01 00:00:00+00:00, run_after=2021-01-01 00:00:00+00:00
[2024-11-28T12:06:20.287-0600] {processor.py:208} INFO - Processing /Library/Frameworks/Python.framework/Versions/3.8/lib/python3.8/site-packages/airflow/example_dags/example_xcom.py took 0.063 seconds
[2024-11-28T12:07:23.991-0600] {processor.py:186} INFO - Started process (PID=36791) to work on /Library/Frameworks/Python.framework/Versions/3.8/lib/python3.8/site-packages/airflow/example_dags/example_xcom.py
[2024-11-28T12:07:23.992-0600] {processor.py:914} INFO - Processing file /Library/Frameworks/Python.framework/Versions/3.8/lib/python3.8/site-packages/airflow/example_dags/example_xcom.py for tasks to queue
[2024-11-28T12:07:23.993-0600] {logging_mixin.py:190} INFO - [2024-11-28T12:07:23.993-0600] {dagbag.py:588} INFO - Filling up the DagBag from /Library/Frameworks/Python.framework/Versions/3.8/lib/python3.8/site-packages/airflow/example_dags/example_xcom.py
[2024-11-28T12:07:24.005-0600] {processor.py:925} INFO - DAG(s) 'example_xcom' retrieved from /Library/Frameworks/Python.framework/Versions/3.8/lib/python3.8/site-packages/airflow/example_dags/example_xcom.py
[2024-11-28T12:07:24.040-0600] {logging_mixin.py:190} INFO - [2024-11-28T12:07:24.040-0600] {dag.py:3239} INFO - Sync 1 DAGs
[2024-11-28T12:07:24.045-0600] {logging_mixin.py:190} INFO - [2024-11-28T12:07:24.045-0600] {dag.py:4180} INFO - Setting next_dagrun for example_xcom to 2021-01-01 00:00:00+00:00, run_after=2021-01-01 00:00:00+00:00
[2024-11-28T12:07:24.051-0600] {processor.py:208} INFO - Processing /Library/Frameworks/Python.framework/Versions/3.8/lib/python3.8/site-packages/airflow/example_dags/example_xcom.py took 0.061 seconds
[2024-11-28T12:08:29.711-0600] {processor.py:186} INFO - Started process (PID=36909) to work on /Library/Frameworks/Python.framework/Versions/3.8/lib/python3.8/site-packages/airflow/example_dags/example_xcom.py
[2024-11-28T12:08:29.712-0600] {processor.py:914} INFO - Processing file /Library/Frameworks/Python.framework/Versions/3.8/lib/python3.8/site-packages/airflow/example_dags/example_xcom.py for tasks to queue
[2024-11-28T12:08:29.713-0600] {logging_mixin.py:190} INFO - [2024-11-28T12:08:29.712-0600] {dagbag.py:588} INFO - Filling up the DagBag from /Library/Frameworks/Python.framework/Versions/3.8/lib/python3.8/site-packages/airflow/example_dags/example_xcom.py
[2024-11-28T12:08:29.724-0600] {processor.py:925} INFO - DAG(s) 'example_xcom' retrieved from /Library/Frameworks/Python.framework/Versions/3.8/lib/python3.8/site-packages/airflow/example_dags/example_xcom.py
[2024-11-28T12:08:29.758-0600] {logging_mixin.py:190} INFO - [2024-11-28T12:08:29.758-0600] {dag.py:3239} INFO - Sync 1 DAGs
[2024-11-28T12:08:29.763-0600] {logging_mixin.py:190} INFO - [2024-11-28T12:08:29.763-0600] {dag.py:4180} INFO - Setting next_dagrun for example_xcom to 2021-01-01 00:00:00+00:00, run_after=2021-01-01 00:00:00+00:00
[2024-11-28T12:08:29.769-0600] {processor.py:208} INFO - Processing /Library/Frameworks/Python.framework/Versions/3.8/lib/python3.8/site-packages/airflow/example_dags/example_xcom.py took 0.059 seconds
[2024-11-28T12:09:40.762-0600] {processor.py:186} INFO - Started process (PID=37039) to work on /Library/Frameworks/Python.framework/Versions/3.8/lib/python3.8/site-packages/airflow/example_dags/example_xcom.py
[2024-11-28T12:09:40.763-0600] {processor.py:914} INFO - Processing file /Library/Frameworks/Python.framework/Versions/3.8/lib/python3.8/site-packages/airflow/example_dags/example_xcom.py for tasks to queue
[2024-11-28T12:09:40.763-0600] {logging_mixin.py:190} INFO - [2024-11-28T12:09:40.763-0600] {dagbag.py:588} INFO - Filling up the DagBag from /Library/Frameworks/Python.framework/Versions/3.8/lib/python3.8/site-packages/airflow/example_dags/example_xcom.py
[2024-11-28T12:09:40.776-0600] {processor.py:925} INFO - DAG(s) 'example_xcom' retrieved from /Library/Frameworks/Python.framework/Versions/3.8/lib/python3.8/site-packages/airflow/example_dags/example_xcom.py
[2024-11-28T12:09:40.811-0600] {logging_mixin.py:190} INFO - [2024-11-28T12:09:40.811-0600] {dag.py:3239} INFO - Sync 1 DAGs
[2024-11-28T12:09:40.816-0600] {logging_mixin.py:190} INFO - [2024-11-28T12:09:40.816-0600] {dag.py:4180} INFO - Setting next_dagrun for example_xcom to 2021-01-01 00:00:00+00:00, run_after=2021-01-01 00:00:00+00:00
[2024-11-28T12:09:40.822-0600] {processor.py:208} INFO - Processing /Library/Frameworks/Python.framework/Versions/3.8/lib/python3.8/site-packages/airflow/example_dags/example_xcom.py took 0.061 seconds
[2024-11-28T12:10:49.234-0600] {processor.py:186} INFO - Started process (PID=37186) to work on /Library/Frameworks/Python.framework/Versions/3.8/lib/python3.8/site-packages/airflow/example_dags/example_xcom.py
[2024-11-28T12:10:49.236-0600] {processor.py:914} INFO - Processing file /Library/Frameworks/Python.framework/Versions/3.8/lib/python3.8/site-packages/airflow/example_dags/example_xcom.py for tasks to queue
[2024-11-28T12:10:49.236-0600] {logging_mixin.py:190} INFO - [2024-11-28T12:10:49.236-0600] {dagbag.py:588} INFO - Filling up the DagBag from /Library/Frameworks/Python.framework/Versions/3.8/lib/python3.8/site-packages/airflow/example_dags/example_xcom.py
[2024-11-28T12:10:49.248-0600] {processor.py:925} INFO - DAG(s) 'example_xcom' retrieved from /Library/Frameworks/Python.framework/Versions/3.8/lib/python3.8/site-packages/airflow/example_dags/example_xcom.py
[2024-11-28T12:10:49.282-0600] {logging_mixin.py:190} INFO - [2024-11-28T12:10:49.282-0600] {dag.py:3239} INFO - Sync 1 DAGs
[2024-11-28T12:10:49.288-0600] {logging_mixin.py:190} INFO - [2024-11-28T12:10:49.288-0600] {dag.py:4180} INFO - Setting next_dagrun for example_xcom to 2021-01-01 00:00:00+00:00, run_after=2021-01-01 00:00:00+00:00
[2024-11-28T12:10:49.294-0600] {processor.py:208} INFO - Processing /Library/Frameworks/Python.framework/Versions/3.8/lib/python3.8/site-packages/airflow/example_dags/example_xcom.py took 0.061 seconds
