[2024-11-28T11:47:45.297-0600] {processor.py:186} INFO - Started process (PID=34506) to work on /Library/Frameworks/Python.framework/Versions/3.8/lib/python3.8/site-packages/airflow/example_dags/example_display_name.py
[2024-11-28T11:47:45.297-0600] {processor.py:914} INFO - Processing file /Library/Frameworks/Python.framework/Versions/3.8/lib/python3.8/site-packages/airflow/example_dags/example_display_name.py for tasks to queue
[2024-11-28T11:47:45.297-0600] {logging_mixin.py:190} INFO - [2024-11-28T11:47:45.297-0600] {dagbag.py:588} INFO - Filling up the DagBag from /Library/Frameworks/Python.framework/Versions/3.8/lib/python3.8/site-packages/airflow/example_dags/example_display_name.py
[2024-11-28T11:47:45.312-0600] {processor.py:925} INFO - DAG(s) 'example_display_name' retrieved from /Library/Frameworks/Python.framework/Versions/3.8/lib/python3.8/site-packages/airflow/example_dags/example_display_name.py
[2024-11-28T11:47:45.350-0600] {logging_mixin.py:190} INFO - [2024-11-28T11:47:45.350-0600] {dag.py:3239} INFO - Sync 1 DAGs
[2024-11-28T11:47:45.354-0600] {logging_mixin.py:190} INFO - [2024-11-28T11:47:45.354-0600] {dag.py:4180} INFO - Setting next_dagrun for example_display_name to None, run_after=None
[2024-11-28T11:47:45.359-0600] {processor.py:208} INFO - Processing /Library/Frameworks/Python.framework/Versions/3.8/lib/python3.8/site-packages/airflow/example_dags/example_display_name.py took 0.064 seconds
[2024-11-28T11:50:01.433-0600] {processor.py:186} INFO - Started process (PID=34775) to work on /Library/Frameworks/Python.framework/Versions/3.8/lib/python3.8/site-packages/airflow/example_dags/example_display_name.py
[2024-11-28T11:50:01.433-0600] {processor.py:914} INFO - Processing file /Library/Frameworks/Python.framework/Versions/3.8/lib/python3.8/site-packages/airflow/example_dags/example_display_name.py for tasks to queue
[2024-11-28T11:50:01.434-0600] {logging_mixin.py:190} INFO - [2024-11-28T11:50:01.434-0600] {dagbag.py:588} INFO - Filling up the DagBag from /Library/Frameworks/Python.framework/Versions/3.8/lib/python3.8/site-packages/airflow/example_dags/example_display_name.py
[2024-11-28T11:50:01.446-0600] {processor.py:925} INFO - DAG(s) 'example_display_name' retrieved from /Library/Frameworks/Python.framework/Versions/3.8/lib/python3.8/site-packages/airflow/example_dags/example_display_name.py
[2024-11-28T11:50:01.479-0600] {logging_mixin.py:190} INFO - [2024-11-28T11:50:01.479-0600] {dag.py:3239} INFO - Sync 1 DAGs
[2024-11-28T11:50:01.482-0600] {logging_mixin.py:190} INFO - [2024-11-28T11:50:01.482-0600] {dag.py:4180} INFO - Setting next_dagrun for example_display_name to None, run_after=None
[2024-11-28T11:50:01.487-0600] {processor.py:208} INFO - Processing /Library/Frameworks/Python.framework/Versions/3.8/lib/python3.8/site-packages/airflow/example_dags/example_display_name.py took 0.055 seconds
[2024-11-28T11:52:13.672-0600] {processor.py:186} INFO - Started process (PID=35027) to work on /Library/Frameworks/Python.framework/Versions/3.8/lib/python3.8/site-packages/airflow/example_dags/example_display_name.py
[2024-11-28T11:52:13.673-0600] {processor.py:914} INFO - Processing file /Library/Frameworks/Python.framework/Versions/3.8/lib/python3.8/site-packages/airflow/example_dags/example_display_name.py for tasks to queue
[2024-11-28T11:52:13.674-0600] {logging_mixin.py:190} INFO - [2024-11-28T11:52:13.674-0600] {dagbag.py:588} INFO - Filling up the DagBag from /Library/Frameworks/Python.framework/Versions/3.8/lib/python3.8/site-packages/airflow/example_dags/example_display_name.py
[2024-11-28T11:52:13.685-0600] {processor.py:925} INFO - DAG(s) 'example_display_name' retrieved from /Library/Frameworks/Python.framework/Versions/3.8/lib/python3.8/site-packages/airflow/example_dags/example_display_name.py
[2024-11-28T11:52:13.718-0600] {logging_mixin.py:190} INFO - [2024-11-28T11:52:13.718-0600] {dag.py:3239} INFO - Sync 1 DAGs
[2024-11-28T11:52:13.721-0600] {logging_mixin.py:190} INFO - [2024-11-28T11:52:13.721-0600] {dag.py:4180} INFO - Setting next_dagrun for example_display_name to None, run_after=None
[2024-11-28T11:52:13.727-0600] {processor.py:208} INFO - Processing /Library/Frameworks/Python.framework/Versions/3.8/lib/python3.8/site-packages/airflow/example_dags/example_display_name.py took 0.056 seconds
[2024-11-28T11:54:25.811-0600] {processor.py:186} INFO - Started process (PID=35323) to work on /Library/Frameworks/Python.framework/Versions/3.8/lib/python3.8/site-packages/airflow/example_dags/example_display_name.py
[2024-11-28T11:54:25.813-0600] {processor.py:914} INFO - Processing file /Library/Frameworks/Python.framework/Versions/3.8/lib/python3.8/site-packages/airflow/example_dags/example_display_name.py for tasks to queue
[2024-11-28T11:54:25.813-0600] {logging_mixin.py:190} INFO - [2024-11-28T11:54:25.813-0600] {dagbag.py:588} INFO - Filling up the DagBag from /Library/Frameworks/Python.framework/Versions/3.8/lib/python3.8/site-packages/airflow/example_dags/example_display_name.py
[2024-11-28T11:54:25.825-0600] {processor.py:925} INFO - DAG(s) 'example_display_name' retrieved from /Library/Frameworks/Python.framework/Versions/3.8/lib/python3.8/site-packages/airflow/example_dags/example_display_name.py
[2024-11-28T11:54:25.858-0600] {logging_mixin.py:190} INFO - [2024-11-28T11:54:25.858-0600] {dag.py:3239} INFO - Sync 1 DAGs
[2024-11-28T11:54:25.861-0600] {logging_mixin.py:190} INFO - [2024-11-28T11:54:25.861-0600] {dag.py:4180} INFO - Setting next_dagrun for example_display_name to None, run_after=None
[2024-11-28T11:54:25.866-0600] {processor.py:208} INFO - Processing /Library/Frameworks/Python.framework/Versions/3.8/lib/python3.8/site-packages/airflow/example_dags/example_display_name.py took 0.057 seconds
[2024-11-28T11:56:39.506-0600] {processor.py:186} INFO - Started process (PID=35578) to work on /Library/Frameworks/Python.framework/Versions/3.8/lib/python3.8/site-packages/airflow/example_dags/example_display_name.py
[2024-11-28T11:56:39.508-0600] {processor.py:914} INFO - Processing file /Library/Frameworks/Python.framework/Versions/3.8/lib/python3.8/site-packages/airflow/example_dags/example_display_name.py for tasks to queue
[2024-11-28T11:56:39.508-0600] {logging_mixin.py:190} INFO - [2024-11-28T11:56:39.508-0600] {dagbag.py:588} INFO - Filling up the DagBag from /Library/Frameworks/Python.framework/Versions/3.8/lib/python3.8/site-packages/airflow/example_dags/example_display_name.py
[2024-11-28T11:56:39.520-0600] {processor.py:925} INFO - DAG(s) 'example_display_name' retrieved from /Library/Frameworks/Python.framework/Versions/3.8/lib/python3.8/site-packages/airflow/example_dags/example_display_name.py
[2024-11-28T11:56:39.554-0600] {logging_mixin.py:190} INFO - [2024-11-28T11:56:39.554-0600] {dag.py:3239} INFO - Sync 1 DAGs
[2024-11-28T11:56:39.557-0600] {logging_mixin.py:190} INFO - [2024-11-28T11:56:39.557-0600] {dag.py:4180} INFO - Setting next_dagrun for example_display_name to None, run_after=None
[2024-11-28T11:56:39.562-0600] {processor.py:208} INFO - Processing /Library/Frameworks/Python.framework/Versions/3.8/lib/python3.8/site-packages/airflow/example_dags/example_display_name.py took 0.057 seconds
[2024-11-28T11:58:52.822-0600] {processor.py:186} INFO - Started process (PID=35827) to work on /Library/Frameworks/Python.framework/Versions/3.8/lib/python3.8/site-packages/airflow/example_dags/example_display_name.py
[2024-11-28T11:58:52.822-0600] {processor.py:914} INFO - Processing file /Library/Frameworks/Python.framework/Versions/3.8/lib/python3.8/site-packages/airflow/example_dags/example_display_name.py for tasks to queue
[2024-11-28T11:58:52.823-0600] {logging_mixin.py:190} INFO - [2024-11-28T11:58:52.823-0600] {dagbag.py:588} INFO - Filling up the DagBag from /Library/Frameworks/Python.framework/Versions/3.8/lib/python3.8/site-packages/airflow/example_dags/example_display_name.py
[2024-11-28T11:58:52.836-0600] {processor.py:925} INFO - DAG(s) 'example_display_name' retrieved from /Library/Frameworks/Python.framework/Versions/3.8/lib/python3.8/site-packages/airflow/example_dags/example_display_name.py
[2024-11-28T11:58:52.873-0600] {logging_mixin.py:190} INFO - [2024-11-28T11:58:52.873-0600] {dag.py:3239} INFO - Sync 1 DAGs
[2024-11-28T11:58:52.877-0600] {logging_mixin.py:190} INFO - [2024-11-28T11:58:52.877-0600] {dag.py:4180} INFO - Setting next_dagrun for example_display_name to None, run_after=None
[2024-11-28T11:58:52.883-0600] {processor.py:208} INFO - Processing /Library/Frameworks/Python.framework/Versions/3.8/lib/python3.8/site-packages/airflow/example_dags/example_display_name.py took 0.063 seconds
[2024-11-28T12:01:10.169-0600] {processor.py:186} INFO - Started process (PID=36086) to work on /Library/Frameworks/Python.framework/Versions/3.8/lib/python3.8/site-packages/airflow/example_dags/example_display_name.py
[2024-11-28T12:01:10.170-0600] {processor.py:914} INFO - Processing file /Library/Frameworks/Python.framework/Versions/3.8/lib/python3.8/site-packages/airflow/example_dags/example_display_name.py for tasks to queue
[2024-11-28T12:01:10.170-0600] {logging_mixin.py:190} INFO - [2024-11-28T12:01:10.170-0600] {dagbag.py:588} INFO - Filling up the DagBag from /Library/Frameworks/Python.framework/Versions/3.8/lib/python3.8/site-packages/airflow/example_dags/example_display_name.py
[2024-11-28T12:01:10.182-0600] {processor.py:925} INFO - DAG(s) 'example_display_name' retrieved from /Library/Frameworks/Python.framework/Versions/3.8/lib/python3.8/site-packages/airflow/example_dags/example_display_name.py
[2024-11-28T12:01:10.215-0600] {logging_mixin.py:190} INFO - [2024-11-28T12:01:10.215-0600] {dag.py:3239} INFO - Sync 1 DAGs
[2024-11-28T12:01:10.218-0600] {logging_mixin.py:190} INFO - [2024-11-28T12:01:10.218-0600] {dag.py:4180} INFO - Setting next_dagrun for example_display_name to None, run_after=None
[2024-11-28T12:01:10.223-0600] {processor.py:208} INFO - Processing /Library/Frameworks/Python.framework/Versions/3.8/lib/python3.8/site-packages/airflow/example_dags/example_display_name.py took 0.056 seconds
[2024-11-28T12:03:21.809-0600] {processor.py:186} INFO - Started process (PID=36332) to work on /Library/Frameworks/Python.framework/Versions/3.8/lib/python3.8/site-packages/airflow/example_dags/example_display_name.py
[2024-11-28T12:03:21.811-0600] {processor.py:914} INFO - Processing file /Library/Frameworks/Python.framework/Versions/3.8/lib/python3.8/site-packages/airflow/example_dags/example_display_name.py for tasks to queue
[2024-11-28T12:03:21.811-0600] {logging_mixin.py:190} INFO - [2024-11-28T12:03:21.811-0600] {dagbag.py:588} INFO - Filling up the DagBag from /Library/Frameworks/Python.framework/Versions/3.8/lib/python3.8/site-packages/airflow/example_dags/example_display_name.py
[2024-11-28T12:03:21.823-0600] {processor.py:925} INFO - DAG(s) 'example_display_name' retrieved from /Library/Frameworks/Python.framework/Versions/3.8/lib/python3.8/site-packages/airflow/example_dags/example_display_name.py
[2024-11-28T12:03:21.858-0600] {logging_mixin.py:190} INFO - [2024-11-28T12:03:21.857-0600] {dag.py:3239} INFO - Sync 1 DAGs
[2024-11-28T12:03:21.861-0600] {logging_mixin.py:190} INFO - [2024-11-28T12:03:21.861-0600] {dag.py:4180} INFO - Setting next_dagrun for example_display_name to None, run_after=None
[2024-11-28T12:03:21.866-0600] {processor.py:208} INFO - Processing /Library/Frameworks/Python.framework/Versions/3.8/lib/python3.8/site-packages/airflow/example_dags/example_display_name.py took 0.059 seconds
[2024-11-28T12:05:35.043-0600] {processor.py:186} INFO - Started process (PID=36584) to work on /Library/Frameworks/Python.framework/Versions/3.8/lib/python3.8/site-packages/airflow/example_dags/example_display_name.py
[2024-11-28T12:05:35.044-0600] {processor.py:914} INFO - Processing file /Library/Frameworks/Python.framework/Versions/3.8/lib/python3.8/site-packages/airflow/example_dags/example_display_name.py for tasks to queue
[2024-11-28T12:05:35.044-0600] {logging_mixin.py:190} INFO - [2024-11-28T12:05:35.044-0600] {dagbag.py:588} INFO - Filling up the DagBag from /Library/Frameworks/Python.framework/Versions/3.8/lib/python3.8/site-packages/airflow/example_dags/example_display_name.py
[2024-11-28T12:05:35.057-0600] {processor.py:925} INFO - DAG(s) 'example_display_name' retrieved from /Library/Frameworks/Python.framework/Versions/3.8/lib/python3.8/site-packages/airflow/example_dags/example_display_name.py
[2024-11-28T12:05:35.093-0600] {logging_mixin.py:190} INFO - [2024-11-28T12:05:35.093-0600] {dag.py:3239} INFO - Sync 1 DAGs
[2024-11-28T12:05:35.097-0600] {logging_mixin.py:190} INFO - [2024-11-28T12:05:35.097-0600] {dag.py:4180} INFO - Setting next_dagrun for example_display_name to None, run_after=None
[2024-11-28T12:05:35.103-0600] {processor.py:208} INFO - Processing /Library/Frameworks/Python.framework/Versions/3.8/lib/python3.8/site-packages/airflow/example_dags/example_display_name.py took 0.061 seconds
[2024-11-28T12:07:43.341-0600] {processor.py:186} INFO - Started process (PID=36827) to work on /Library/Frameworks/Python.framework/Versions/3.8/lib/python3.8/site-packages/airflow/example_dags/example_display_name.py
[2024-11-28T12:07:43.343-0600] {processor.py:914} INFO - Processing file /Library/Frameworks/Python.framework/Versions/3.8/lib/python3.8/site-packages/airflow/example_dags/example_display_name.py for tasks to queue
[2024-11-28T12:07:43.344-0600] {logging_mixin.py:190} INFO - [2024-11-28T12:07:43.343-0600] {dagbag.py:588} INFO - Filling up the DagBag from /Library/Frameworks/Python.framework/Versions/3.8/lib/python3.8/site-packages/airflow/example_dags/example_display_name.py
[2024-11-28T12:07:43.355-0600] {processor.py:925} INFO - DAG(s) 'example_display_name' retrieved from /Library/Frameworks/Python.framework/Versions/3.8/lib/python3.8/site-packages/airflow/example_dags/example_display_name.py
[2024-11-28T12:07:43.388-0600] {logging_mixin.py:190} INFO - [2024-11-28T12:07:43.387-0600] {dag.py:3239} INFO - Sync 1 DAGs
[2024-11-28T12:07:43.391-0600] {logging_mixin.py:190} INFO - [2024-11-28T12:07:43.391-0600] {dag.py:4180} INFO - Setting next_dagrun for example_display_name to None, run_after=None
[2024-11-28T12:07:43.396-0600] {processor.py:208} INFO - Processing /Library/Frameworks/Python.framework/Versions/3.8/lib/python3.8/site-packages/airflow/example_dags/example_display_name.py took 0.056 seconds
[2024-11-28T12:10:03.228-0600] {processor.py:186} INFO - Started process (PID=37082) to work on /Library/Frameworks/Python.framework/Versions/3.8/lib/python3.8/site-packages/airflow/example_dags/example_display_name.py
[2024-11-28T12:10:03.229-0600] {processor.py:914} INFO - Processing file /Library/Frameworks/Python.framework/Versions/3.8/lib/python3.8/site-packages/airflow/example_dags/example_display_name.py for tasks to queue
[2024-11-28T12:10:03.229-0600] {logging_mixin.py:190} INFO - [2024-11-28T12:10:03.229-0600] {dagbag.py:588} INFO - Filling up the DagBag from /Library/Frameworks/Python.framework/Versions/3.8/lib/python3.8/site-packages/airflow/example_dags/example_display_name.py
[2024-11-28T12:10:03.241-0600] {processor.py:925} INFO - DAG(s) 'example_display_name' retrieved from /Library/Frameworks/Python.framework/Versions/3.8/lib/python3.8/site-packages/airflow/example_dags/example_display_name.py
[2024-11-28T12:10:03.275-0600] {logging_mixin.py:190} INFO - [2024-11-28T12:10:03.274-0600] {dag.py:3239} INFO - Sync 1 DAGs
[2024-11-28T12:10:03.278-0600] {logging_mixin.py:190} INFO - [2024-11-28T12:10:03.278-0600] {dag.py:4180} INFO - Setting next_dagrun for example_display_name to None, run_after=None
[2024-11-28T12:10:03.283-0600] {processor.py:208} INFO - Processing /Library/Frameworks/Python.framework/Versions/3.8/lib/python3.8/site-packages/airflow/example_dags/example_display_name.py took 0.057 seconds
