[2024-11-28T11:47:09.183-0600] {processor.py:186} INFO - Started process (PID=34431) to work on /Library/Frameworks/Python.framework/Versions/3.8/lib/python3.8/site-packages/airflow/example_dags/example_skip_dag.py
[2024-11-28T11:47:09.183-0600] {processor.py:914} INFO - Processing file /Library/Frameworks/Python.framework/Versions/3.8/lib/python3.8/site-packages/airflow/example_dags/example_skip_dag.py for tasks to queue
[2024-11-28T11:47:09.183-0600] {logging_mixin.py:190} INFO - [2024-11-28T11:47:09.183-0600] {dagbag.py:588} INFO - Filling up the DagBag from /Library/Frameworks/Python.framework/Versions/3.8/lib/python3.8/site-packages/airflow/example_dags/example_skip_dag.py
[2024-11-28T11:47:09.186-0600] {processor.py:925} INFO - DAG(s) 'example_skip_dag' retrieved from /Library/Frameworks/Python.framework/Versions/3.8/lib/python3.8/site-packages/airflow/example_dags/example_skip_dag.py
[2024-11-28T11:47:09.219-0600] {logging_mixin.py:190} INFO - [2024-11-28T11:47:09.219-0600] {dag.py:3239} INFO - Sync 1 DAGs
[2024-11-28T11:47:09.225-0600] {logging_mixin.py:190} INFO - [2024-11-28T11:47:09.225-0600] {dag.py:4180} INFO - Setting next_dagrun for example_skip_dag to 2024-11-27 00:00:00+00:00, run_after=2024-11-28 00:00:00+00:00
[2024-11-28T11:47:09.230-0600] {processor.py:208} INFO - Processing /Library/Frameworks/Python.framework/Versions/3.8/lib/python3.8/site-packages/airflow/example_dags/example_skip_dag.py took 0.049 seconds
[2024-11-28T11:48:44.146-0600] {processor.py:186} INFO - Started process (PID=34619) to work on /Library/Frameworks/Python.framework/Versions/3.8/lib/python3.8/site-packages/airflow/example_dags/example_skip_dag.py
[2024-11-28T11:48:44.148-0600] {processor.py:914} INFO - Processing file /Library/Frameworks/Python.framework/Versions/3.8/lib/python3.8/site-packages/airflow/example_dags/example_skip_dag.py for tasks to queue
[2024-11-28T11:48:44.148-0600] {logging_mixin.py:190} INFO - [2024-11-28T11:48:44.148-0600] {dagbag.py:588} INFO - Filling up the DagBag from /Library/Frameworks/Python.framework/Versions/3.8/lib/python3.8/site-packages/airflow/example_dags/example_skip_dag.py
[2024-11-28T11:48:44.151-0600] {processor.py:925} INFO - DAG(s) 'example_skip_dag' retrieved from /Library/Frameworks/Python.framework/Versions/3.8/lib/python3.8/site-packages/airflow/example_dags/example_skip_dag.py
[2024-11-28T11:48:44.185-0600] {logging_mixin.py:190} INFO - [2024-11-28T11:48:44.185-0600] {dag.py:3239} INFO - Sync 1 DAGs
[2024-11-28T11:48:44.191-0600] {logging_mixin.py:190} INFO - [2024-11-28T11:48:44.191-0600] {dag.py:4180} INFO - Setting next_dagrun for example_skip_dag to 2024-11-27 00:00:00+00:00, run_after=2024-11-28 00:00:00+00:00
[2024-11-28T11:48:44.196-0600] {processor.py:208} INFO - Processing /Library/Frameworks/Python.framework/Versions/3.8/lib/python3.8/site-packages/airflow/example_dags/example_skip_dag.py took 0.051 seconds
[2024-11-28T11:49:52.521-0600] {processor.py:186} INFO - Started process (PID=34760) to work on /Library/Frameworks/Python.framework/Versions/3.8/lib/python3.8/site-packages/airflow/example_dags/example_skip_dag.py
[2024-11-28T11:49:52.522-0600] {processor.py:914} INFO - Processing file /Library/Frameworks/Python.framework/Versions/3.8/lib/python3.8/site-packages/airflow/example_dags/example_skip_dag.py for tasks to queue
[2024-11-28T11:49:52.522-0600] {logging_mixin.py:190} INFO - [2024-11-28T11:49:52.522-0600] {dagbag.py:588} INFO - Filling up the DagBag from /Library/Frameworks/Python.framework/Versions/3.8/lib/python3.8/site-packages/airflow/example_dags/example_skip_dag.py
[2024-11-28T11:49:52.525-0600] {processor.py:925} INFO - DAG(s) 'example_skip_dag' retrieved from /Library/Frameworks/Python.framework/Versions/3.8/lib/python3.8/site-packages/airflow/example_dags/example_skip_dag.py
[2024-11-28T11:49:52.559-0600] {logging_mixin.py:190} INFO - [2024-11-28T11:49:52.559-0600] {dag.py:3239} INFO - Sync 1 DAGs
[2024-11-28T11:49:52.565-0600] {logging_mixin.py:190} INFO - [2024-11-28T11:49:52.565-0600] {dag.py:4180} INFO - Setting next_dagrun for example_skip_dag to 2024-11-27 00:00:00+00:00, run_after=2024-11-28 00:00:00+00:00
[2024-11-28T11:49:52.570-0600] {processor.py:208} INFO - Processing /Library/Frameworks/Python.framework/Versions/3.8/lib/python3.8/site-packages/airflow/example_dags/example_skip_dag.py took 0.050 seconds
[2024-11-28T11:51:00.696-0600] {processor.py:186} INFO - Started process (PID=34888) to work on /Library/Frameworks/Python.framework/Versions/3.8/lib/python3.8/site-packages/airflow/example_dags/example_skip_dag.py
[2024-11-28T11:51:00.697-0600] {processor.py:914} INFO - Processing file /Library/Frameworks/Python.framework/Versions/3.8/lib/python3.8/site-packages/airflow/example_dags/example_skip_dag.py for tasks to queue
[2024-11-28T11:51:00.698-0600] {logging_mixin.py:190} INFO - [2024-11-28T11:51:00.698-0600] {dagbag.py:588} INFO - Filling up the DagBag from /Library/Frameworks/Python.framework/Versions/3.8/lib/python3.8/site-packages/airflow/example_dags/example_skip_dag.py
[2024-11-28T11:51:00.700-0600] {processor.py:925} INFO - DAG(s) 'example_skip_dag' retrieved from /Library/Frameworks/Python.framework/Versions/3.8/lib/python3.8/site-packages/airflow/example_dags/example_skip_dag.py
[2024-11-28T11:51:00.735-0600] {logging_mixin.py:190} INFO - [2024-11-28T11:51:00.735-0600] {dag.py:3239} INFO - Sync 1 DAGs
[2024-11-28T11:51:00.741-0600] {logging_mixin.py:190} INFO - [2024-11-28T11:51:00.740-0600] {dag.py:4180} INFO - Setting next_dagrun for example_skip_dag to 2024-11-27 00:00:00+00:00, run_after=2024-11-28 00:00:00+00:00
[2024-11-28T11:51:00.745-0600] {processor.py:208} INFO - Processing /Library/Frameworks/Python.framework/Versions/3.8/lib/python3.8/site-packages/airflow/example_dags/example_skip_dag.py took 0.050 seconds
[2024-11-28T11:53:12.338-0600] {processor.py:186} INFO - Started process (PID=35142) to work on /Library/Frameworks/Python.framework/Versions/3.8/lib/python3.8/site-packages/airflow/example_dags/example_skip_dag.py
[2024-11-28T11:53:12.339-0600] {processor.py:914} INFO - Processing file /Library/Frameworks/Python.framework/Versions/3.8/lib/python3.8/site-packages/airflow/example_dags/example_skip_dag.py for tasks to queue
[2024-11-28T11:53:12.340-0600] {logging_mixin.py:190} INFO - [2024-11-28T11:53:12.339-0600] {dagbag.py:588} INFO - Filling up the DagBag from /Library/Frameworks/Python.framework/Versions/3.8/lib/python3.8/site-packages/airflow/example_dags/example_skip_dag.py
[2024-11-28T11:53:12.342-0600] {processor.py:925} INFO - DAG(s) 'example_skip_dag' retrieved from /Library/Frameworks/Python.framework/Versions/3.8/lib/python3.8/site-packages/airflow/example_dags/example_skip_dag.py
[2024-11-28T11:53:12.377-0600] {logging_mixin.py:190} INFO - [2024-11-28T11:53:12.377-0600] {dag.py:3239} INFO - Sync 1 DAGs
[2024-11-28T11:53:12.383-0600] {logging_mixin.py:190} INFO - [2024-11-28T11:53:12.383-0600] {dag.py:4180} INFO - Setting next_dagrun for example_skip_dag to 2024-11-27 00:00:00+00:00, run_after=2024-11-28 00:00:00+00:00
[2024-11-28T11:53:12.389-0600] {processor.py:208} INFO - Processing /Library/Frameworks/Python.framework/Versions/3.8/lib/python3.8/site-packages/airflow/example_dags/example_skip_dag.py took 0.052 seconds
[2024-11-28T11:55:23.449-0600] {processor.py:186} INFO - Started process (PID=35433) to work on /Library/Frameworks/Python.framework/Versions/3.8/lib/python3.8/site-packages/airflow/example_dags/example_skip_dag.py
[2024-11-28T11:55:23.450-0600] {processor.py:914} INFO - Processing file /Library/Frameworks/Python.framework/Versions/3.8/lib/python3.8/site-packages/airflow/example_dags/example_skip_dag.py for tasks to queue
[2024-11-28T11:55:23.450-0600] {logging_mixin.py:190} INFO - [2024-11-28T11:55:23.450-0600] {dagbag.py:588} INFO - Filling up the DagBag from /Library/Frameworks/Python.framework/Versions/3.8/lib/python3.8/site-packages/airflow/example_dags/example_skip_dag.py
[2024-11-28T11:55:23.453-0600] {processor.py:925} INFO - DAG(s) 'example_skip_dag' retrieved from /Library/Frameworks/Python.framework/Versions/3.8/lib/python3.8/site-packages/airflow/example_dags/example_skip_dag.py
[2024-11-28T11:55:23.488-0600] {logging_mixin.py:190} INFO - [2024-11-28T11:55:23.488-0600] {dag.py:3239} INFO - Sync 1 DAGs
[2024-11-28T11:55:23.494-0600] {logging_mixin.py:190} INFO - [2024-11-28T11:55:23.494-0600] {dag.py:4180} INFO - Setting next_dagrun for example_skip_dag to 2024-11-27 00:00:00+00:00, run_after=2024-11-28 00:00:00+00:00
[2024-11-28T11:55:23.499-0600] {processor.py:208} INFO - Processing /Library/Frameworks/Python.framework/Versions/3.8/lib/python3.8/site-packages/airflow/example_dags/example_skip_dag.py took 0.052 seconds
[2024-11-28T11:56:31.110-0600] {processor.py:186} INFO - Started process (PID=35562) to work on /Library/Frameworks/Python.framework/Versions/3.8/lib/python3.8/site-packages/airflow/example_dags/example_skip_dag.py
[2024-11-28T11:56:31.111-0600] {processor.py:914} INFO - Processing file /Library/Frameworks/Python.framework/Versions/3.8/lib/python3.8/site-packages/airflow/example_dags/example_skip_dag.py for tasks to queue
[2024-11-28T11:56:31.112-0600] {logging_mixin.py:190} INFO - [2024-11-28T11:56:31.112-0600] {dagbag.py:588} INFO - Filling up the DagBag from /Library/Frameworks/Python.framework/Versions/3.8/lib/python3.8/site-packages/airflow/example_dags/example_skip_dag.py
[2024-11-28T11:56:31.114-0600] {processor.py:925} INFO - DAG(s) 'example_skip_dag' retrieved from /Library/Frameworks/Python.framework/Versions/3.8/lib/python3.8/site-packages/airflow/example_dags/example_skip_dag.py
[2024-11-28T11:56:31.151-0600] {logging_mixin.py:190} INFO - [2024-11-28T11:56:31.151-0600] {dag.py:3239} INFO - Sync 1 DAGs
[2024-11-28T11:56:31.157-0600] {logging_mixin.py:190} INFO - [2024-11-28T11:56:31.157-0600] {dag.py:4180} INFO - Setting next_dagrun for example_skip_dag to 2024-11-27 00:00:00+00:00, run_after=2024-11-28 00:00:00+00:00
[2024-11-28T11:56:31.162-0600] {processor.py:208} INFO - Processing /Library/Frameworks/Python.framework/Versions/3.8/lib/python3.8/site-packages/airflow/example_dags/example_skip_dag.py took 0.053 seconds
[2024-11-28T11:57:39.588-0600] {processor.py:186} INFO - Started process (PID=35694) to work on /Library/Frameworks/Python.framework/Versions/3.8/lib/python3.8/site-packages/airflow/example_dags/example_skip_dag.py
[2024-11-28T11:57:39.589-0600] {processor.py:914} INFO - Processing file /Library/Frameworks/Python.framework/Versions/3.8/lib/python3.8/site-packages/airflow/example_dags/example_skip_dag.py for tasks to queue
[2024-11-28T11:57:39.590-0600] {logging_mixin.py:190} INFO - [2024-11-28T11:57:39.590-0600] {dagbag.py:588} INFO - Filling up the DagBag from /Library/Frameworks/Python.framework/Versions/3.8/lib/python3.8/site-packages/airflow/example_dags/example_skip_dag.py
[2024-11-28T11:57:39.593-0600] {processor.py:925} INFO - DAG(s) 'example_skip_dag' retrieved from /Library/Frameworks/Python.framework/Versions/3.8/lib/python3.8/site-packages/airflow/example_dags/example_skip_dag.py
[2024-11-28T11:57:39.628-0600] {logging_mixin.py:190} INFO - [2024-11-28T11:57:39.628-0600] {dag.py:3239} INFO - Sync 1 DAGs
[2024-11-28T11:57:39.634-0600] {logging_mixin.py:190} INFO - [2024-11-28T11:57:39.634-0600] {dag.py:4180} INFO - Setting next_dagrun for example_skip_dag to 2024-11-27 00:00:00+00:00, run_after=2024-11-28 00:00:00+00:00
[2024-11-28T11:57:39.639-0600] {processor.py:208} INFO - Processing /Library/Frameworks/Python.framework/Versions/3.8/lib/python3.8/site-packages/airflow/example_dags/example_skip_dag.py took 0.053 seconds
[2024-11-28T11:59:55.142-0600] {processor.py:186} INFO - Started process (PID=35940) to work on /Library/Frameworks/Python.framework/Versions/3.8/lib/python3.8/site-packages/airflow/example_dags/example_skip_dag.py
[2024-11-28T11:59:55.143-0600] {processor.py:914} INFO - Processing file /Library/Frameworks/Python.framework/Versions/3.8/lib/python3.8/site-packages/airflow/example_dags/example_skip_dag.py for tasks to queue
[2024-11-28T11:59:55.143-0600] {logging_mixin.py:190} INFO - [2024-11-28T11:59:55.143-0600] {dagbag.py:588} INFO - Filling up the DagBag from /Library/Frameworks/Python.framework/Versions/3.8/lib/python3.8/site-packages/airflow/example_dags/example_skip_dag.py
[2024-11-28T11:59:55.147-0600] {processor.py:925} INFO - DAG(s) 'example_skip_dag' retrieved from /Library/Frameworks/Python.framework/Versions/3.8/lib/python3.8/site-packages/airflow/example_dags/example_skip_dag.py
[2024-11-28T11:59:55.185-0600] {logging_mixin.py:190} INFO - [2024-11-28T11:59:55.185-0600] {dag.py:3239} INFO - Sync 1 DAGs
[2024-11-28T11:59:55.192-0600] {logging_mixin.py:190} INFO - [2024-11-28T11:59:55.191-0600] {dag.py:4180} INFO - Setting next_dagrun for example_skip_dag to 2024-11-27 00:00:00+00:00, run_after=2024-11-28 00:00:00+00:00
[2024-11-28T11:59:55.197-0600] {processor.py:208} INFO - Processing /Library/Frameworks/Python.framework/Versions/3.8/lib/python3.8/site-packages/airflow/example_dags/example_skip_dag.py took 0.056 seconds
[2024-11-28T12:01:03.404-0600] {processor.py:186} INFO - Started process (PID=36073) to work on /Library/Frameworks/Python.framework/Versions/3.8/lib/python3.8/site-packages/airflow/example_dags/example_skip_dag.py
[2024-11-28T12:01:03.406-0600] {processor.py:914} INFO - Processing file /Library/Frameworks/Python.framework/Versions/3.8/lib/python3.8/site-packages/airflow/example_dags/example_skip_dag.py for tasks to queue
[2024-11-28T12:01:03.406-0600] {logging_mixin.py:190} INFO - [2024-11-28T12:01:03.406-0600] {dagbag.py:588} INFO - Filling up the DagBag from /Library/Frameworks/Python.framework/Versions/3.8/lib/python3.8/site-packages/airflow/example_dags/example_skip_dag.py
[2024-11-28T12:01:03.409-0600] {processor.py:925} INFO - DAG(s) 'example_skip_dag' retrieved from /Library/Frameworks/Python.framework/Versions/3.8/lib/python3.8/site-packages/airflow/example_dags/example_skip_dag.py
[2024-11-28T12:01:03.443-0600] {logging_mixin.py:190} INFO - [2024-11-28T12:01:03.443-0600] {dag.py:3239} INFO - Sync 1 DAGs
[2024-11-28T12:01:03.449-0600] {logging_mixin.py:190} INFO - [2024-11-28T12:01:03.449-0600] {dag.py:4180} INFO - Setting next_dagrun for example_skip_dag to 2024-11-27 00:00:00+00:00, run_after=2024-11-28 00:00:00+00:00
[2024-11-28T12:01:03.454-0600] {processor.py:208} INFO - Processing /Library/Frameworks/Python.framework/Versions/3.8/lib/python3.8/site-packages/airflow/example_dags/example_skip_dag.py took 0.052 seconds
[2024-11-28T12:03:14.979-0600] {processor.py:186} INFO - Started process (PID=36318) to work on /Library/Frameworks/Python.framework/Versions/3.8/lib/python3.8/site-packages/airflow/example_dags/example_skip_dag.py
[2024-11-28T12:03:14.981-0600] {processor.py:914} INFO - Processing file /Library/Frameworks/Python.framework/Versions/3.8/lib/python3.8/site-packages/airflow/example_dags/example_skip_dag.py for tasks to queue
[2024-11-28T12:03:14.982-0600] {logging_mixin.py:190} INFO - [2024-11-28T12:03:14.982-0600] {dagbag.py:588} INFO - Filling up the DagBag from /Library/Frameworks/Python.framework/Versions/3.8/lib/python3.8/site-packages/airflow/example_dags/example_skip_dag.py
[2024-11-28T12:03:14.984-0600] {processor.py:925} INFO - DAG(s) 'example_skip_dag' retrieved from /Library/Frameworks/Python.framework/Versions/3.8/lib/python3.8/site-packages/airflow/example_dags/example_skip_dag.py
[2024-11-28T12:03:15.019-0600] {logging_mixin.py:190} INFO - [2024-11-28T12:03:15.019-0600] {dag.py:3239} INFO - Sync 1 DAGs
[2024-11-28T12:03:15.025-0600] {logging_mixin.py:190} INFO - [2024-11-28T12:03:15.025-0600] {dag.py:4180} INFO - Setting next_dagrun for example_skip_dag to 2024-11-27 00:00:00+00:00, run_after=2024-11-28 00:00:00+00:00
[2024-11-28T12:03:15.030-0600] {processor.py:208} INFO - Processing /Library/Frameworks/Python.framework/Versions/3.8/lib/python3.8/site-packages/airflow/example_dags/example_skip_dag.py took 0.052 seconds
[2024-11-28T12:04:24.258-0600] {processor.py:186} INFO - Started process (PID=36447) to work on /Library/Frameworks/Python.framework/Versions/3.8/lib/python3.8/site-packages/airflow/example_dags/example_skip_dag.py
[2024-11-28T12:04:24.260-0600] {processor.py:914} INFO - Processing file /Library/Frameworks/Python.framework/Versions/3.8/lib/python3.8/site-packages/airflow/example_dags/example_skip_dag.py for tasks to queue
[2024-11-28T12:04:24.260-0600] {logging_mixin.py:190} INFO - [2024-11-28T12:04:24.260-0600] {dagbag.py:588} INFO - Filling up the DagBag from /Library/Frameworks/Python.framework/Versions/3.8/lib/python3.8/site-packages/airflow/example_dags/example_skip_dag.py
[2024-11-28T12:04:24.263-0600] {processor.py:925} INFO - DAG(s) 'example_skip_dag' retrieved from /Library/Frameworks/Python.framework/Versions/3.8/lib/python3.8/site-packages/airflow/example_dags/example_skip_dag.py
[2024-11-28T12:04:24.298-0600] {logging_mixin.py:190} INFO - [2024-11-28T12:04:24.298-0600] {dag.py:3239} INFO - Sync 1 DAGs
[2024-11-28T12:04:24.304-0600] {logging_mixin.py:190} INFO - [2024-11-28T12:04:24.304-0600] {dag.py:4180} INFO - Setting next_dagrun for example_skip_dag to 2024-11-27 00:00:00+00:00, run_after=2024-11-28 00:00:00+00:00
[2024-11-28T12:04:24.309-0600] {processor.py:208} INFO - Processing /Library/Frameworks/Python.framework/Versions/3.8/lib/python3.8/site-packages/airflow/example_dags/example_skip_dag.py took 0.052 seconds
[2024-11-28T12:06:32.755-0600] {processor.py:186} INFO - Started process (PID=36694) to work on /Library/Frameworks/Python.framework/Versions/3.8/lib/python3.8/site-packages/airflow/example_dags/example_skip_dag.py
[2024-11-28T12:06:32.755-0600] {processor.py:914} INFO - Processing file /Library/Frameworks/Python.framework/Versions/3.8/lib/python3.8/site-packages/airflow/example_dags/example_skip_dag.py for tasks to queue
[2024-11-28T12:06:32.755-0600] {logging_mixin.py:190} INFO - [2024-11-28T12:06:32.755-0600] {dagbag.py:588} INFO - Filling up the DagBag from /Library/Frameworks/Python.framework/Versions/3.8/lib/python3.8/site-packages/airflow/example_dags/example_skip_dag.py
[2024-11-28T12:06:32.758-0600] {processor.py:925} INFO - DAG(s) 'example_skip_dag' retrieved from /Library/Frameworks/Python.framework/Versions/3.8/lib/python3.8/site-packages/airflow/example_dags/example_skip_dag.py
[2024-11-28T12:06:32.792-0600] {logging_mixin.py:190} INFO - [2024-11-28T12:06:32.792-0600] {dag.py:3239} INFO - Sync 1 DAGs
[2024-11-28T12:06:32.798-0600] {logging_mixin.py:190} INFO - [2024-11-28T12:06:32.798-0600] {dag.py:4180} INFO - Setting next_dagrun for example_skip_dag to 2024-11-27 00:00:00+00:00, run_after=2024-11-28 00:00:00+00:00
[2024-11-28T12:06:32.803-0600] {processor.py:208} INFO - Processing /Library/Frameworks/Python.framework/Versions/3.8/lib/python3.8/site-packages/airflow/example_dags/example_skip_dag.py took 0.050 seconds
[2024-11-28T12:08:44.099-0600] {processor.py:186} INFO - Started process (PID=36936) to work on /Library/Frameworks/Python.framework/Versions/3.8/lib/python3.8/site-packages/airflow/example_dags/example_skip_dag.py
[2024-11-28T12:08:44.100-0600] {processor.py:914} INFO - Processing file /Library/Frameworks/Python.framework/Versions/3.8/lib/python3.8/site-packages/airflow/example_dags/example_skip_dag.py for tasks to queue
[2024-11-28T12:08:44.100-0600] {logging_mixin.py:190} INFO - [2024-11-28T12:08:44.100-0600] {dagbag.py:588} INFO - Filling up the DagBag from /Library/Frameworks/Python.framework/Versions/3.8/lib/python3.8/site-packages/airflow/example_dags/example_skip_dag.py
[2024-11-28T12:08:44.103-0600] {processor.py:925} INFO - DAG(s) 'example_skip_dag' retrieved from /Library/Frameworks/Python.framework/Versions/3.8/lib/python3.8/site-packages/airflow/example_dags/example_skip_dag.py
[2024-11-28T12:08:44.140-0600] {logging_mixin.py:190} INFO - [2024-11-28T12:08:44.140-0600] {dag.py:3239} INFO - Sync 1 DAGs
[2024-11-28T12:08:44.146-0600] {logging_mixin.py:190} INFO - [2024-11-28T12:08:44.146-0600] {dag.py:4180} INFO - Setting next_dagrun for example_skip_dag to 2024-11-27 00:00:00+00:00, run_after=2024-11-28 00:00:00+00:00
[2024-11-28T12:08:44.151-0600] {processor.py:208} INFO - Processing /Library/Frameworks/Python.framework/Versions/3.8/lib/python3.8/site-packages/airflow/example_dags/example_skip_dag.py took 0.054 seconds
[2024-11-28T12:09:55.630-0600] {processor.py:186} INFO - Started process (PID=37066) to work on /Library/Frameworks/Python.framework/Versions/3.8/lib/python3.8/site-packages/airflow/example_dags/example_skip_dag.py
[2024-11-28T12:09:55.631-0600] {processor.py:914} INFO - Processing file /Library/Frameworks/Python.framework/Versions/3.8/lib/python3.8/site-packages/airflow/example_dags/example_skip_dag.py for tasks to queue
[2024-11-28T12:09:55.631-0600] {logging_mixin.py:190} INFO - [2024-11-28T12:09:55.631-0600] {dagbag.py:588} INFO - Filling up the DagBag from /Library/Frameworks/Python.framework/Versions/3.8/lib/python3.8/site-packages/airflow/example_dags/example_skip_dag.py
[2024-11-28T12:09:55.634-0600] {processor.py:925} INFO - DAG(s) 'example_skip_dag' retrieved from /Library/Frameworks/Python.framework/Versions/3.8/lib/python3.8/site-packages/airflow/example_dags/example_skip_dag.py
[2024-11-28T12:09:55.669-0600] {logging_mixin.py:190} INFO - [2024-11-28T12:09:55.669-0600] {dag.py:3239} INFO - Sync 1 DAGs
[2024-11-28T12:09:55.675-0600] {logging_mixin.py:190} INFO - [2024-11-28T12:09:55.675-0600] {dag.py:4180} INFO - Setting next_dagrun for example_skip_dag to 2024-11-27 00:00:00+00:00, run_after=2024-11-28 00:00:00+00:00
[2024-11-28T12:09:55.680-0600] {processor.py:208} INFO - Processing /Library/Frameworks/Python.framework/Versions/3.8/lib/python3.8/site-packages/airflow/example_dags/example_skip_dag.py took 0.051 seconds
[2024-11-28T12:11:04.709-0600] {processor.py:186} INFO - Started process (PID=37219) to work on /Library/Frameworks/Python.framework/Versions/3.8/lib/python3.8/site-packages/airflow/example_dags/example_skip_dag.py
[2024-11-28T12:11:04.710-0600] {processor.py:914} INFO - Processing file /Library/Frameworks/Python.framework/Versions/3.8/lib/python3.8/site-packages/airflow/example_dags/example_skip_dag.py for tasks to queue
[2024-11-28T12:11:04.710-0600] {logging_mixin.py:190} INFO - [2024-11-28T12:11:04.710-0600] {dagbag.py:588} INFO - Filling up the DagBag from /Library/Frameworks/Python.framework/Versions/3.8/lib/python3.8/site-packages/airflow/example_dags/example_skip_dag.py
[2024-11-28T12:11:04.712-0600] {processor.py:925} INFO - DAG(s) 'example_skip_dag' retrieved from /Library/Frameworks/Python.framework/Versions/3.8/lib/python3.8/site-packages/airflow/example_dags/example_skip_dag.py
[2024-11-28T12:11:04.748-0600] {logging_mixin.py:190} INFO - [2024-11-28T12:11:04.748-0600] {dag.py:3239} INFO - Sync 1 DAGs
[2024-11-28T12:11:04.754-0600] {logging_mixin.py:190} INFO - [2024-11-28T12:11:04.754-0600] {dag.py:4180} INFO - Setting next_dagrun for example_skip_dag to 2024-11-27 00:00:00+00:00, run_after=2024-11-28 00:00:00+00:00
[2024-11-28T12:11:04.759-0600] {processor.py:208} INFO - Processing /Library/Frameworks/Python.framework/Versions/3.8/lib/python3.8/site-packages/airflow/example_dags/example_skip_dag.py took 0.052 seconds
