[2024-11-28T11:47:20.472-0600] {processor.py:186} INFO - Started process (PID=34454) to work on /Library/Frameworks/Python.framework/Versions/3.8/lib/python3.8/site-packages/airflow/example_dags/example_python_operator.py
[2024-11-28T11:47:20.473-0600] {processor.py:914} INFO - Processing file /Library/Frameworks/Python.framework/Versions/3.8/lib/python3.8/site-packages/airflow/example_dags/example_python_operator.py for tasks to queue
[2024-11-28T11:47:20.473-0600] {logging_mixin.py:190} INFO - [2024-11-28T11:47:20.473-0600] {dagbag.py:588} INFO - Filling up the DagBag from /Library/Frameworks/Python.framework/Versions/3.8/lib/python3.8/site-packages/airflow/example_dags/example_python_operator.py
[2024-11-28T11:47:20.481-0600] {logging_mixin.py:190} INFO - [2024-11-28T11:47:20.481-0600] {example_python_operator.py:93} WARNING - The virtalenv_python example task requires virtualenv, please install it.
[2024-11-28T11:47:20.482-0600] {processor.py:925} INFO - DAG(s) 'example_python_operator' retrieved from /Library/Frameworks/Python.framework/Versions/3.8/lib/python3.8/site-packages/airflow/example_dags/example_python_operator.py
[2024-11-28T11:47:20.516-0600] {logging_mixin.py:190} INFO - [2024-11-28T11:47:20.516-0600] {dag.py:3239} INFO - Sync 1 DAGs
[2024-11-28T11:47:20.520-0600] {logging_mixin.py:190} INFO - [2024-11-28T11:47:20.520-0600] {dag.py:4180} INFO - Setting next_dagrun for example_python_operator to None, run_after=None
[2024-11-28T11:47:20.525-0600] {processor.py:208} INFO - Processing /Library/Frameworks/Python.framework/Versions/3.8/lib/python3.8/site-packages/airflow/example_dags/example_python_operator.py took 0.054 seconds
[2024-11-28T11:48:56.628-0600] {processor.py:186} INFO - Started process (PID=34640) to work on /Library/Frameworks/Python.framework/Versions/3.8/lib/python3.8/site-packages/airflow/example_dags/example_python_operator.py
[2024-11-28T11:48:56.629-0600] {processor.py:914} INFO - Processing file /Library/Frameworks/Python.framework/Versions/3.8/lib/python3.8/site-packages/airflow/example_dags/example_python_operator.py for tasks to queue
[2024-11-28T11:48:56.630-0600] {logging_mixin.py:190} INFO - [2024-11-28T11:48:56.630-0600] {dagbag.py:588} INFO - Filling up the DagBag from /Library/Frameworks/Python.framework/Versions/3.8/lib/python3.8/site-packages/airflow/example_dags/example_python_operator.py
[2024-11-28T11:48:56.637-0600] {logging_mixin.py:190} INFO - [2024-11-28T11:48:56.637-0600] {example_python_operator.py:93} WARNING - The virtalenv_python example task requires virtualenv, please install it.
[2024-11-28T11:48:56.638-0600] {processor.py:925} INFO - DAG(s) 'example_python_operator' retrieved from /Library/Frameworks/Python.framework/Versions/3.8/lib/python3.8/site-packages/airflow/example_dags/example_python_operator.py
[2024-11-28T11:48:56.671-0600] {logging_mixin.py:190} INFO - [2024-11-28T11:48:56.671-0600] {dag.py:3239} INFO - Sync 1 DAGs
[2024-11-28T11:48:56.674-0600] {logging_mixin.py:190} INFO - [2024-11-28T11:48:56.674-0600] {dag.py:4180} INFO - Setting next_dagrun for example_python_operator to None, run_after=None
[2024-11-28T11:48:56.679-0600] {processor.py:208} INFO - Processing /Library/Frameworks/Python.framework/Versions/3.8/lib/python3.8/site-packages/airflow/example_dags/example_python_operator.py took 0.052 seconds
[2024-11-28T11:51:12.930-0600] {processor.py:186} INFO - Started process (PID=34910) to work on /Library/Frameworks/Python.framework/Versions/3.8/lib/python3.8/site-packages/airflow/example_dags/example_python_operator.py
[2024-11-28T11:51:12.931-0600] {processor.py:914} INFO - Processing file /Library/Frameworks/Python.framework/Versions/3.8/lib/python3.8/site-packages/airflow/example_dags/example_python_operator.py for tasks to queue
[2024-11-28T11:51:12.931-0600] {logging_mixin.py:190} INFO - [2024-11-28T11:51:12.931-0600] {dagbag.py:588} INFO - Filling up the DagBag from /Library/Frameworks/Python.framework/Versions/3.8/lib/python3.8/site-packages/airflow/example_dags/example_python_operator.py
[2024-11-28T11:51:12.939-0600] {logging_mixin.py:190} INFO - [2024-11-28T11:51:12.939-0600] {example_python_operator.py:93} WARNING - The virtalenv_python example task requires virtualenv, please install it.
[2024-11-28T11:51:12.940-0600] {processor.py:925} INFO - DAG(s) 'example_python_operator' retrieved from /Library/Frameworks/Python.framework/Versions/3.8/lib/python3.8/site-packages/airflow/example_dags/example_python_operator.py
[2024-11-28T11:51:12.974-0600] {logging_mixin.py:190} INFO - [2024-11-28T11:51:12.974-0600] {dag.py:3239} INFO - Sync 1 DAGs
[2024-11-28T11:51:12.978-0600] {logging_mixin.py:190} INFO - [2024-11-28T11:51:12.978-0600] {dag.py:4180} INFO - Setting next_dagrun for example_python_operator to None, run_after=None
[2024-11-28T11:51:12.983-0600] {processor.py:208} INFO - Processing /Library/Frameworks/Python.framework/Versions/3.8/lib/python3.8/site-packages/airflow/example_dags/example_python_operator.py took 0.055 seconds
[2024-11-28T11:53:23.236-0600] {processor.py:186} INFO - Started process (PID=35175) to work on /Library/Frameworks/Python.framework/Versions/3.8/lib/python3.8/site-packages/airflow/example_dags/example_python_operator.py
[2024-11-28T11:53:23.237-0600] {processor.py:914} INFO - Processing file /Library/Frameworks/Python.framework/Versions/3.8/lib/python3.8/site-packages/airflow/example_dags/example_python_operator.py for tasks to queue
[2024-11-28T11:53:23.237-0600] {logging_mixin.py:190} INFO - [2024-11-28T11:53:23.237-0600] {dagbag.py:588} INFO - Filling up the DagBag from /Library/Frameworks/Python.framework/Versions/3.8/lib/python3.8/site-packages/airflow/example_dags/example_python_operator.py
[2024-11-28T11:53:23.248-0600] {logging_mixin.py:190} INFO - [2024-11-28T11:53:23.248-0600] {example_python_operator.py:93} WARNING - The virtalenv_python example task requires virtualenv, please install it.
[2024-11-28T11:53:23.250-0600] {processor.py:925} INFO - DAG(s) 'example_python_operator' retrieved from /Library/Frameworks/Python.framework/Versions/3.8/lib/python3.8/site-packages/airflow/example_dags/example_python_operator.py
[2024-11-28T11:53:23.288-0600] {logging_mixin.py:190} INFO - [2024-11-28T11:53:23.288-0600] {dag.py:3239} INFO - Sync 1 DAGs
[2024-11-28T11:53:23.292-0600] {logging_mixin.py:190} INFO - [2024-11-28T11:53:23.292-0600] {dag.py:4180} INFO - Setting next_dagrun for example_python_operator to None, run_after=None
[2024-11-28T11:53:23.299-0600] {processor.py:208} INFO - Processing /Library/Frameworks/Python.framework/Versions/3.8/lib/python3.8/site-packages/airflow/example_dags/example_python_operator.py took 0.064 seconds
[2024-11-28T11:55:35.633-0600] {processor.py:186} INFO - Started process (PID=35455) to work on /Library/Frameworks/Python.framework/Versions/3.8/lib/python3.8/site-packages/airflow/example_dags/example_python_operator.py
[2024-11-28T11:55:35.635-0600] {processor.py:914} INFO - Processing file /Library/Frameworks/Python.framework/Versions/3.8/lib/python3.8/site-packages/airflow/example_dags/example_python_operator.py for tasks to queue
[2024-11-28T11:55:35.635-0600] {logging_mixin.py:190} INFO - [2024-11-28T11:55:35.635-0600] {dagbag.py:588} INFO - Filling up the DagBag from /Library/Frameworks/Python.framework/Versions/3.8/lib/python3.8/site-packages/airflow/example_dags/example_python_operator.py
[2024-11-28T11:55:35.642-0600] {logging_mixin.py:190} INFO - [2024-11-28T11:55:35.642-0600] {example_python_operator.py:93} WARNING - The virtalenv_python example task requires virtualenv, please install it.
[2024-11-28T11:55:35.643-0600] {processor.py:925} INFO - DAG(s) 'example_python_operator' retrieved from /Library/Frameworks/Python.framework/Versions/3.8/lib/python3.8/site-packages/airflow/example_dags/example_python_operator.py
[2024-11-28T11:55:35.679-0600] {logging_mixin.py:190} INFO - [2024-11-28T11:55:35.679-0600] {dag.py:3239} INFO - Sync 1 DAGs
[2024-11-28T11:55:35.683-0600] {logging_mixin.py:190} INFO - [2024-11-28T11:55:35.683-0600] {dag.py:4180} INFO - Setting next_dagrun for example_python_operator to None, run_after=None
[2024-11-28T11:55:35.688-0600] {processor.py:208} INFO - Processing /Library/Frameworks/Python.framework/Versions/3.8/lib/python3.8/site-packages/airflow/example_dags/example_python_operator.py took 0.056 seconds
[2024-11-28T11:57:49.882-0600] {processor.py:186} INFO - Started process (PID=35715) to work on /Library/Frameworks/Python.framework/Versions/3.8/lib/python3.8/site-packages/airflow/example_dags/example_python_operator.py
[2024-11-28T11:57:49.883-0600] {processor.py:914} INFO - Processing file /Library/Frameworks/Python.framework/Versions/3.8/lib/python3.8/site-packages/airflow/example_dags/example_python_operator.py for tasks to queue
[2024-11-28T11:57:49.884-0600] {logging_mixin.py:190} INFO - [2024-11-28T11:57:49.884-0600] {dagbag.py:588} INFO - Filling up the DagBag from /Library/Frameworks/Python.framework/Versions/3.8/lib/python3.8/site-packages/airflow/example_dags/example_python_operator.py
[2024-11-28T11:57:49.891-0600] {logging_mixin.py:190} INFO - [2024-11-28T11:57:49.891-0600] {example_python_operator.py:93} WARNING - The virtalenv_python example task requires virtualenv, please install it.
[2024-11-28T11:57:49.892-0600] {processor.py:925} INFO - DAG(s) 'example_python_operator' retrieved from /Library/Frameworks/Python.framework/Versions/3.8/lib/python3.8/site-packages/airflow/example_dags/example_python_operator.py
[2024-11-28T11:57:49.926-0600] {logging_mixin.py:190} INFO - [2024-11-28T11:57:49.926-0600] {dag.py:3239} INFO - Sync 1 DAGs
[2024-11-28T11:57:49.930-0600] {logging_mixin.py:190} INFO - [2024-11-28T11:57:49.930-0600] {dag.py:4180} INFO - Setting next_dagrun for example_python_operator to None, run_after=None
[2024-11-28T11:57:49.935-0600] {processor.py:208} INFO - Processing /Library/Frameworks/Python.framework/Versions/3.8/lib/python3.8/site-packages/airflow/example_dags/example_python_operator.py took 0.054 seconds
[2024-11-28T12:00:05.928-0600] {processor.py:186} INFO - Started process (PID=35963) to work on /Library/Frameworks/Python.framework/Versions/3.8/lib/python3.8/site-packages/airflow/example_dags/example_python_operator.py
[2024-11-28T12:00:05.929-0600] {processor.py:914} INFO - Processing file /Library/Frameworks/Python.framework/Versions/3.8/lib/python3.8/site-packages/airflow/example_dags/example_python_operator.py for tasks to queue
[2024-11-28T12:00:05.930-0600] {logging_mixin.py:190} INFO - [2024-11-28T12:00:05.930-0600] {dagbag.py:588} INFO - Filling up the DagBag from /Library/Frameworks/Python.framework/Versions/3.8/lib/python3.8/site-packages/airflow/example_dags/example_python_operator.py
[2024-11-28T12:00:05.938-0600] {logging_mixin.py:190} INFO - [2024-11-28T12:00:05.937-0600] {example_python_operator.py:93} WARNING - The virtalenv_python example task requires virtualenv, please install it.
[2024-11-28T12:00:05.939-0600] {processor.py:925} INFO - DAG(s) 'example_python_operator' retrieved from /Library/Frameworks/Python.framework/Versions/3.8/lib/python3.8/site-packages/airflow/example_dags/example_python_operator.py
[2024-11-28T12:00:05.972-0600] {logging_mixin.py:190} INFO - [2024-11-28T12:00:05.972-0600] {dag.py:3239} INFO - Sync 1 DAGs
[2024-11-28T12:00:05.976-0600] {logging_mixin.py:190} INFO - [2024-11-28T12:00:05.976-0600] {dag.py:4180} INFO - Setting next_dagrun for example_python_operator to None, run_after=None
[2024-11-28T12:00:05.981-0600] {processor.py:208} INFO - Processing /Library/Frameworks/Python.framework/Versions/3.8/lib/python3.8/site-packages/airflow/example_dags/example_python_operator.py took 0.054 seconds
[2024-11-28T12:02:21.473-0600] {processor.py:186} INFO - Started process (PID=36216) to work on /Library/Frameworks/Python.framework/Versions/3.8/lib/python3.8/site-packages/airflow/example_dags/example_python_operator.py
[2024-11-28T12:02:21.473-0600] {processor.py:914} INFO - Processing file /Library/Frameworks/Python.framework/Versions/3.8/lib/python3.8/site-packages/airflow/example_dags/example_python_operator.py for tasks to queue
[2024-11-28T12:02:21.474-0600] {logging_mixin.py:190} INFO - [2024-11-28T12:02:21.473-0600] {dagbag.py:588} INFO - Filling up the DagBag from /Library/Frameworks/Python.framework/Versions/3.8/lib/python3.8/site-packages/airflow/example_dags/example_python_operator.py
[2024-11-28T12:02:21.481-0600] {logging_mixin.py:190} INFO - [2024-11-28T12:02:21.481-0600] {example_python_operator.py:93} WARNING - The virtalenv_python example task requires virtualenv, please install it.
[2024-11-28T12:02:21.482-0600] {processor.py:925} INFO - DAG(s) 'example_python_operator' retrieved from /Library/Frameworks/Python.framework/Versions/3.8/lib/python3.8/site-packages/airflow/example_dags/example_python_operator.py
[2024-11-28T12:02:21.516-0600] {logging_mixin.py:190} INFO - [2024-11-28T12:02:21.516-0600] {dag.py:3239} INFO - Sync 1 DAGs
[2024-11-28T12:02:21.519-0600] {logging_mixin.py:190} INFO - [2024-11-28T12:02:21.519-0600] {dag.py:4180} INFO - Setting next_dagrun for example_python_operator to None, run_after=None
[2024-11-28T12:02:21.524-0600] {processor.py:208} INFO - Processing /Library/Frameworks/Python.framework/Versions/3.8/lib/python3.8/site-packages/airflow/example_dags/example_python_operator.py took 0.053 seconds
[2024-11-28T12:04:35.441-0600] {processor.py:186} INFO - Started process (PID=36468) to work on /Library/Frameworks/Python.framework/Versions/3.8/lib/python3.8/site-packages/airflow/example_dags/example_python_operator.py
[2024-11-28T12:04:35.442-0600] {processor.py:914} INFO - Processing file /Library/Frameworks/Python.framework/Versions/3.8/lib/python3.8/site-packages/airflow/example_dags/example_python_operator.py for tasks to queue
[2024-11-28T12:04:35.442-0600] {logging_mixin.py:190} INFO - [2024-11-28T12:04:35.442-0600] {dagbag.py:588} INFO - Filling up the DagBag from /Library/Frameworks/Python.framework/Versions/3.8/lib/python3.8/site-packages/airflow/example_dags/example_python_operator.py
[2024-11-28T12:04:35.450-0600] {logging_mixin.py:190} INFO - [2024-11-28T12:04:35.450-0600] {example_python_operator.py:93} WARNING - The virtalenv_python example task requires virtualenv, please install it.
[2024-11-28T12:04:35.451-0600] {processor.py:925} INFO - DAG(s) 'example_python_operator' retrieved from /Library/Frameworks/Python.framework/Versions/3.8/lib/python3.8/site-packages/airflow/example_dags/example_python_operator.py
[2024-11-28T12:04:35.486-0600] {logging_mixin.py:190} INFO - [2024-11-28T12:04:35.486-0600] {dag.py:3239} INFO - Sync 1 DAGs
[2024-11-28T12:04:35.490-0600] {logging_mixin.py:190} INFO - [2024-11-28T12:04:35.490-0600] {dag.py:4180} INFO - Setting next_dagrun for example_python_operator to None, run_after=None
[2024-11-28T12:04:35.495-0600] {processor.py:208} INFO - Processing /Library/Frameworks/Python.framework/Versions/3.8/lib/python3.8/site-packages/airflow/example_dags/example_python_operator.py took 0.055 seconds
[2024-11-28T12:06:42.562-0600] {processor.py:186} INFO - Started process (PID=36715) to work on /Library/Frameworks/Python.framework/Versions/3.8/lib/python3.8/site-packages/airflow/example_dags/example_python_operator.py
[2024-11-28T12:06:42.563-0600] {processor.py:914} INFO - Processing file /Library/Frameworks/Python.framework/Versions/3.8/lib/python3.8/site-packages/airflow/example_dags/example_python_operator.py for tasks to queue
[2024-11-28T12:06:42.563-0600] {logging_mixin.py:190} INFO - [2024-11-28T12:06:42.563-0600] {dagbag.py:588} INFO - Filling up the DagBag from /Library/Frameworks/Python.framework/Versions/3.8/lib/python3.8/site-packages/airflow/example_dags/example_python_operator.py
[2024-11-28T12:06:42.570-0600] {logging_mixin.py:190} INFO - [2024-11-28T12:06:42.570-0600] {example_python_operator.py:93} WARNING - The virtalenv_python example task requires virtualenv, please install it.
[2024-11-28T12:06:42.572-0600] {processor.py:925} INFO - DAG(s) 'example_python_operator' retrieved from /Library/Frameworks/Python.framework/Versions/3.8/lib/python3.8/site-packages/airflow/example_dags/example_python_operator.py
[2024-11-28T12:06:42.606-0600] {logging_mixin.py:190} INFO - [2024-11-28T12:06:42.606-0600] {dag.py:3239} INFO - Sync 1 DAGs
[2024-11-28T12:06:42.610-0600] {logging_mixin.py:190} INFO - [2024-11-28T12:06:42.610-0600] {dag.py:4180} INFO - Setting next_dagrun for example_python_operator to None, run_after=None
[2024-11-28T12:06:42.615-0600] {processor.py:208} INFO - Processing /Library/Frameworks/Python.framework/Versions/3.8/lib/python3.8/site-packages/airflow/example_dags/example_python_operator.py took 0.054 seconds
[2024-11-28T12:08:56.700-0600] {processor.py:186} INFO - Started process (PID=36957) to work on /Library/Frameworks/Python.framework/Versions/3.8/lib/python3.8/site-packages/airflow/example_dags/example_python_operator.py
[2024-11-28T12:08:56.701-0600] {processor.py:914} INFO - Processing file /Library/Frameworks/Python.framework/Versions/3.8/lib/python3.8/site-packages/airflow/example_dags/example_python_operator.py for tasks to queue
[2024-11-28T12:08:56.702-0600] {logging_mixin.py:190} INFO - [2024-11-28T12:08:56.702-0600] {dagbag.py:588} INFO - Filling up the DagBag from /Library/Frameworks/Python.framework/Versions/3.8/lib/python3.8/site-packages/airflow/example_dags/example_python_operator.py
[2024-11-28T12:08:56.709-0600] {logging_mixin.py:190} INFO - [2024-11-28T12:08:56.709-0600] {example_python_operator.py:93} WARNING - The virtalenv_python example task requires virtualenv, please install it.
[2024-11-28T12:08:56.710-0600] {processor.py:925} INFO - DAG(s) 'example_python_operator' retrieved from /Library/Frameworks/Python.framework/Versions/3.8/lib/python3.8/site-packages/airflow/example_dags/example_python_operator.py
[2024-11-28T12:08:56.745-0600] {logging_mixin.py:190} INFO - [2024-11-28T12:08:56.745-0600] {dag.py:3239} INFO - Sync 1 DAGs
[2024-11-28T12:08:56.749-0600] {logging_mixin.py:190} INFO - [2024-11-28T12:08:56.749-0600] {dag.py:4180} INFO - Setting next_dagrun for example_python_operator to None, run_after=None
[2024-11-28T12:08:56.754-0600] {processor.py:208} INFO - Processing /Library/Frameworks/Python.framework/Versions/3.8/lib/python3.8/site-packages/airflow/example_dags/example_python_operator.py took 0.055 seconds
[2024-11-28T12:11:15.176-0600] {processor.py:186} INFO - Started process (PID=37241) to work on /Library/Frameworks/Python.framework/Versions/3.8/lib/python3.8/site-packages/airflow/example_dags/example_python_operator.py
[2024-11-28T12:11:15.177-0600] {processor.py:914} INFO - Processing file /Library/Frameworks/Python.framework/Versions/3.8/lib/python3.8/site-packages/airflow/example_dags/example_python_operator.py for tasks to queue
[2024-11-28T12:11:15.178-0600] {logging_mixin.py:190} INFO - [2024-11-28T12:11:15.177-0600] {dagbag.py:588} INFO - Filling up the DagBag from /Library/Frameworks/Python.framework/Versions/3.8/lib/python3.8/site-packages/airflow/example_dags/example_python_operator.py
[2024-11-28T12:11:15.185-0600] {logging_mixin.py:190} INFO - [2024-11-28T12:11:15.185-0600] {example_python_operator.py:93} WARNING - The virtalenv_python example task requires virtualenv, please install it.
[2024-11-28T12:11:15.187-0600] {processor.py:925} INFO - DAG(s) 'example_python_operator' retrieved from /Library/Frameworks/Python.framework/Versions/3.8/lib/python3.8/site-packages/airflow/example_dags/example_python_operator.py
[2024-11-28T12:11:15.222-0600] {logging_mixin.py:190} INFO - [2024-11-28T12:11:15.222-0600] {dag.py:3239} INFO - Sync 1 DAGs
[2024-11-28T12:11:15.226-0600] {logging_mixin.py:190} INFO - [2024-11-28T12:11:15.226-0600] {dag.py:4180} INFO - Setting next_dagrun for example_python_operator to None, run_after=None
[2024-11-28T12:11:15.231-0600] {processor.py:208} INFO - Processing /Library/Frameworks/Python.framework/Versions/3.8/lib/python3.8/site-packages/airflow/example_dags/example_python_operator.py took 0.056 seconds
