[2024-11-28T11:47:34.505-0600] {processor.py:186} INFO - Started process (PID=34485) to work on /Library/Frameworks/Python.framework/Versions/3.8/lib/python3.8/site-packages/airflow/example_dags/example_latest_only_with_trigger.py
[2024-11-28T11:47:34.506-0600] {processor.py:914} INFO - Processing file /Library/Frameworks/Python.framework/Versions/3.8/lib/python3.8/site-packages/airflow/example_dags/example_latest_only_with_trigger.py for tasks to queue
[2024-11-28T11:47:34.506-0600] {logging_mixin.py:190} INFO - [2024-11-28T11:47:34.506-0600] {dagbag.py:588} INFO - Filling up the DagBag from /Library/Frameworks/Python.framework/Versions/3.8/lib/python3.8/site-packages/airflow/example_dags/example_latest_only_with_trigger.py
[2024-11-28T11:47:34.508-0600] {processor.py:925} INFO - DAG(s) 'latest_only_with_trigger' retrieved from /Library/Frameworks/Python.framework/Versions/3.8/lib/python3.8/site-packages/airflow/example_dags/example_latest_only_with_trigger.py
[2024-11-28T11:47:34.542-0600] {logging_mixin.py:190} INFO - [2024-11-28T11:47:34.542-0600] {dag.py:3239} INFO - Sync 1 DAGs
[2024-11-28T11:47:34.548-0600] {logging_mixin.py:190} INFO - [2024-11-28T11:47:34.548-0600] {dag.py:4180} INFO - Setting next_dagrun for latest_only_with_trigger to 2024-11-28 12:00:00+00:00, run_after=2024-11-28 16:00:00+00:00
[2024-11-28T11:47:34.553-0600] {processor.py:208} INFO - Processing /Library/Frameworks/Python.framework/Versions/3.8/lib/python3.8/site-packages/airflow/example_dags/example_latest_only_with_trigger.py took 0.049 seconds
[2024-11-28T11:49:10.711-0600] {processor.py:186} INFO - Started process (PID=34667) to work on /Library/Frameworks/Python.framework/Versions/3.8/lib/python3.8/site-packages/airflow/example_dags/example_latest_only_with_trigger.py
[2024-11-28T11:49:10.712-0600] {processor.py:914} INFO - Processing file /Library/Frameworks/Python.framework/Versions/3.8/lib/python3.8/site-packages/airflow/example_dags/example_latest_only_with_trigger.py for tasks to queue
[2024-11-28T11:49:10.712-0600] {logging_mixin.py:190} INFO - [2024-11-28T11:49:10.712-0600] {dagbag.py:588} INFO - Filling up the DagBag from /Library/Frameworks/Python.framework/Versions/3.8/lib/python3.8/site-packages/airflow/example_dags/example_latest_only_with_trigger.py
[2024-11-28T11:49:10.717-0600] {processor.py:925} INFO - DAG(s) 'latest_only_with_trigger' retrieved from /Library/Frameworks/Python.framework/Versions/3.8/lib/python3.8/site-packages/airflow/example_dags/example_latest_only_with_trigger.py
[2024-11-28T11:49:10.755-0600] {logging_mixin.py:190} INFO - [2024-11-28T11:49:10.755-0600] {dag.py:3239} INFO - Sync 1 DAGs
[2024-11-28T11:49:10.761-0600] {logging_mixin.py:190} INFO - [2024-11-28T11:49:10.761-0600] {dag.py:4180} INFO - Setting next_dagrun for latest_only_with_trigger to 2024-11-28 12:00:00+00:00, run_after=2024-11-28 16:00:00+00:00
[2024-11-28T11:49:10.767-0600] {processor.py:208} INFO - Processing /Library/Frameworks/Python.framework/Versions/3.8/lib/python3.8/site-packages/airflow/example_dags/example_latest_only_with_trigger.py took 0.057 seconds
[2024-11-28T11:51:27.332-0600] {processor.py:186} INFO - Started process (PID=34936) to work on /Library/Frameworks/Python.framework/Versions/3.8/lib/python3.8/site-packages/airflow/example_dags/example_latest_only_with_trigger.py
[2024-11-28T11:51:27.333-0600] {processor.py:914} INFO - Processing file /Library/Frameworks/Python.framework/Versions/3.8/lib/python3.8/site-packages/airflow/example_dags/example_latest_only_with_trigger.py for tasks to queue
[2024-11-28T11:51:27.334-0600] {logging_mixin.py:190} INFO - [2024-11-28T11:51:27.334-0600] {dagbag.py:588} INFO - Filling up the DagBag from /Library/Frameworks/Python.framework/Versions/3.8/lib/python3.8/site-packages/airflow/example_dags/example_latest_only_with_trigger.py
[2024-11-28T11:51:27.337-0600] {processor.py:925} INFO - DAG(s) 'latest_only_with_trigger' retrieved from /Library/Frameworks/Python.framework/Versions/3.8/lib/python3.8/site-packages/airflow/example_dags/example_latest_only_with_trigger.py
[2024-11-28T11:51:27.370-0600] {logging_mixin.py:190} INFO - [2024-11-28T11:51:27.370-0600] {dag.py:3239} INFO - Sync 1 DAGs
[2024-11-28T11:51:27.376-0600] {logging_mixin.py:190} INFO - [2024-11-28T11:51:27.376-0600] {dag.py:4180} INFO - Setting next_dagrun for latest_only_with_trigger to 2024-11-28 12:00:00+00:00, run_after=2024-11-28 16:00:00+00:00
[2024-11-28T11:51:27.381-0600] {processor.py:208} INFO - Processing /Library/Frameworks/Python.framework/Versions/3.8/lib/python3.8/site-packages/airflow/example_dags/example_latest_only_with_trigger.py took 0.050 seconds
[2024-11-28T11:53:37.622-0600] {processor.py:186} INFO - Started process (PID=35210) to work on /Library/Frameworks/Python.framework/Versions/3.8/lib/python3.8/site-packages/airflow/example_dags/example_latest_only_with_trigger.py
[2024-11-28T11:53:37.623-0600] {processor.py:914} INFO - Processing file /Library/Frameworks/Python.framework/Versions/3.8/lib/python3.8/site-packages/airflow/example_dags/example_latest_only_with_trigger.py for tasks to queue
[2024-11-28T11:53:37.623-0600] {logging_mixin.py:190} INFO - [2024-11-28T11:53:37.623-0600] {dagbag.py:588} INFO - Filling up the DagBag from /Library/Frameworks/Python.framework/Versions/3.8/lib/python3.8/site-packages/airflow/example_dags/example_latest_only_with_trigger.py
[2024-11-28T11:53:37.626-0600] {processor.py:925} INFO - DAG(s) 'latest_only_with_trigger' retrieved from /Library/Frameworks/Python.framework/Versions/3.8/lib/python3.8/site-packages/airflow/example_dags/example_latest_only_with_trigger.py
[2024-11-28T11:53:37.661-0600] {logging_mixin.py:190} INFO - [2024-11-28T11:53:37.660-0600] {dag.py:3239} INFO - Sync 1 DAGs
[2024-11-28T11:53:37.667-0600] {logging_mixin.py:190} INFO - [2024-11-28T11:53:37.667-0600] {dag.py:4180} INFO - Setting next_dagrun for latest_only_with_trigger to 2024-11-28 12:00:00+00:00, run_after=2024-11-28 16:00:00+00:00
[2024-11-28T11:53:37.672-0600] {processor.py:208} INFO - Processing /Library/Frameworks/Python.framework/Versions/3.8/lib/python3.8/site-packages/airflow/example_dags/example_latest_only_with_trigger.py took 0.051 seconds
[2024-11-28T11:55:50.091-0600] {processor.py:186} INFO - Started process (PID=35479) to work on /Library/Frameworks/Python.framework/Versions/3.8/lib/python3.8/site-packages/airflow/example_dags/example_latest_only_with_trigger.py
[2024-11-28T11:55:50.092-0600] {processor.py:914} INFO - Processing file /Library/Frameworks/Python.framework/Versions/3.8/lib/python3.8/site-packages/airflow/example_dags/example_latest_only_with_trigger.py for tasks to queue
[2024-11-28T11:55:50.093-0600] {logging_mixin.py:190} INFO - [2024-11-28T11:55:50.093-0600] {dagbag.py:588} INFO - Filling up the DagBag from /Library/Frameworks/Python.framework/Versions/3.8/lib/python3.8/site-packages/airflow/example_dags/example_latest_only_with_trigger.py
[2024-11-28T11:55:50.095-0600] {processor.py:925} INFO - DAG(s) 'latest_only_with_trigger' retrieved from /Library/Frameworks/Python.framework/Versions/3.8/lib/python3.8/site-packages/airflow/example_dags/example_latest_only_with_trigger.py
[2024-11-28T11:55:50.130-0600] {logging_mixin.py:190} INFO - [2024-11-28T11:55:50.129-0600] {dag.py:3239} INFO - Sync 1 DAGs
[2024-11-28T11:55:50.135-0600] {logging_mixin.py:190} INFO - [2024-11-28T11:55:50.135-0600] {dag.py:4180} INFO - Setting next_dagrun for latest_only_with_trigger to 2024-11-28 12:00:00+00:00, run_after=2024-11-28 16:00:00+00:00
[2024-11-28T11:55:50.140-0600] {processor.py:208} INFO - Processing /Library/Frameworks/Python.framework/Versions/3.8/lib/python3.8/site-packages/airflow/example_dags/example_latest_only_with_trigger.py took 0.051 seconds
[2024-11-28T11:58:04.327-0600] {processor.py:186} INFO - Started process (PID=35739) to work on /Library/Frameworks/Python.framework/Versions/3.8/lib/python3.8/site-packages/airflow/example_dags/example_latest_only_with_trigger.py
[2024-11-28T11:58:04.327-0600] {processor.py:914} INFO - Processing file /Library/Frameworks/Python.framework/Versions/3.8/lib/python3.8/site-packages/airflow/example_dags/example_latest_only_with_trigger.py for tasks to queue
[2024-11-28T11:58:04.327-0600] {logging_mixin.py:190} INFO - [2024-11-28T11:58:04.327-0600] {dagbag.py:588} INFO - Filling up the DagBag from /Library/Frameworks/Python.framework/Versions/3.8/lib/python3.8/site-packages/airflow/example_dags/example_latest_only_with_trigger.py
[2024-11-28T11:58:04.331-0600] {processor.py:925} INFO - DAG(s) 'latest_only_with_trigger' retrieved from /Library/Frameworks/Python.framework/Versions/3.8/lib/python3.8/site-packages/airflow/example_dags/example_latest_only_with_trigger.py
[2024-11-28T11:58:04.364-0600] {logging_mixin.py:190} INFO - [2024-11-28T11:58:04.364-0600] {dag.py:3239} INFO - Sync 1 DAGs
[2024-11-28T11:58:04.370-0600] {logging_mixin.py:190} INFO - [2024-11-28T11:58:04.370-0600] {dag.py:4180} INFO - Setting next_dagrun for latest_only_with_trigger to 2024-11-28 12:00:00+00:00, run_after=2024-11-28 16:00:00+00:00
[2024-11-28T11:58:04.375-0600] {processor.py:208} INFO - Processing /Library/Frameworks/Python.framework/Versions/3.8/lib/python3.8/site-packages/airflow/example_dags/example_latest_only_with_trigger.py took 0.050 seconds
[2024-11-28T12:00:19.540-0600] {processor.py:186} INFO - Started process (PID=35988) to work on /Library/Frameworks/Python.framework/Versions/3.8/lib/python3.8/site-packages/airflow/example_dags/example_latest_only_with_trigger.py
[2024-11-28T12:00:19.541-0600] {processor.py:914} INFO - Processing file /Library/Frameworks/Python.framework/Versions/3.8/lib/python3.8/site-packages/airflow/example_dags/example_latest_only_with_trigger.py for tasks to queue
[2024-11-28T12:00:19.542-0600] {logging_mixin.py:190} INFO - [2024-11-28T12:00:19.542-0600] {dagbag.py:588} INFO - Filling up the DagBag from /Library/Frameworks/Python.framework/Versions/3.8/lib/python3.8/site-packages/airflow/example_dags/example_latest_only_with_trigger.py
[2024-11-28T12:00:19.545-0600] {processor.py:925} INFO - DAG(s) 'latest_only_with_trigger' retrieved from /Library/Frameworks/Python.framework/Versions/3.8/lib/python3.8/site-packages/airflow/example_dags/example_latest_only_with_trigger.py
[2024-11-28T12:00:19.580-0600] {logging_mixin.py:190} INFO - [2024-11-28T12:00:19.580-0600] {dag.py:3239} INFO - Sync 1 DAGs
[2024-11-28T12:00:19.586-0600] {logging_mixin.py:190} INFO - [2024-11-28T12:00:19.586-0600] {dag.py:4180} INFO - Setting next_dagrun for latest_only_with_trigger to 2024-11-28 12:00:00+00:00, run_after=2024-11-28 16:00:00+00:00
[2024-11-28T12:00:19.592-0600] {processor.py:208} INFO - Processing /Library/Frameworks/Python.framework/Versions/3.8/lib/python3.8/site-packages/airflow/example_dags/example_latest_only_with_trigger.py took 0.053 seconds
[2024-11-28T12:02:34.369-0600] {processor.py:186} INFO - Started process (PID=36240) to work on /Library/Frameworks/Python.framework/Versions/3.8/lib/python3.8/site-packages/airflow/example_dags/example_latest_only_with_trigger.py
[2024-11-28T12:02:34.370-0600] {processor.py:914} INFO - Processing file /Library/Frameworks/Python.framework/Versions/3.8/lib/python3.8/site-packages/airflow/example_dags/example_latest_only_with_trigger.py for tasks to queue
[2024-11-28T12:02:34.371-0600] {logging_mixin.py:190} INFO - [2024-11-28T12:02:34.370-0600] {dagbag.py:588} INFO - Filling up the DagBag from /Library/Frameworks/Python.framework/Versions/3.8/lib/python3.8/site-packages/airflow/example_dags/example_latest_only_with_trigger.py
[2024-11-28T12:02:34.373-0600] {processor.py:925} INFO - DAG(s) 'latest_only_with_trigger' retrieved from /Library/Frameworks/Python.framework/Versions/3.8/lib/python3.8/site-packages/airflow/example_dags/example_latest_only_with_trigger.py
[2024-11-28T12:02:34.408-0600] {logging_mixin.py:190} INFO - [2024-11-28T12:02:34.408-0600] {dag.py:3239} INFO - Sync 1 DAGs
[2024-11-28T12:02:34.414-0600] {logging_mixin.py:190} INFO - [2024-11-28T12:02:34.414-0600] {dag.py:4180} INFO - Setting next_dagrun for latest_only_with_trigger to 2024-11-28 12:00:00+00:00, run_after=2024-11-28 16:00:00+00:00
[2024-11-28T12:02:34.419-0600] {processor.py:208} INFO - Processing /Library/Frameworks/Python.framework/Versions/3.8/lib/python3.8/site-packages/airflow/example_dags/example_latest_only_with_trigger.py took 0.051 seconds
[2024-11-28T12:04:48.570-0600] {processor.py:186} INFO - Started process (PID=36493) to work on /Library/Frameworks/Python.framework/Versions/3.8/lib/python3.8/site-packages/airflow/example_dags/example_latest_only_with_trigger.py
[2024-11-28T12:04:48.572-0600] {processor.py:914} INFO - Processing file /Library/Frameworks/Python.framework/Versions/3.8/lib/python3.8/site-packages/airflow/example_dags/example_latest_only_with_trigger.py for tasks to queue
[2024-11-28T12:04:48.572-0600] {logging_mixin.py:190} INFO - [2024-11-28T12:04:48.572-0600] {dagbag.py:588} INFO - Filling up the DagBag from /Library/Frameworks/Python.framework/Versions/3.8/lib/python3.8/site-packages/airflow/example_dags/example_latest_only_with_trigger.py
[2024-11-28T12:04:48.575-0600] {processor.py:925} INFO - DAG(s) 'latest_only_with_trigger' retrieved from /Library/Frameworks/Python.framework/Versions/3.8/lib/python3.8/site-packages/airflow/example_dags/example_latest_only_with_trigger.py
[2024-11-28T12:04:48.609-0600] {logging_mixin.py:190} INFO - [2024-11-28T12:04:48.609-0600] {dag.py:3239} INFO - Sync 1 DAGs
[2024-11-28T12:04:48.615-0600] {logging_mixin.py:190} INFO - [2024-11-28T12:04:48.615-0600] {dag.py:4180} INFO - Setting next_dagrun for latest_only_with_trigger to 2024-11-28 12:00:00+00:00, run_after=2024-11-28 16:00:00+00:00
[2024-11-28T12:04:48.620-0600] {processor.py:208} INFO - Processing /Library/Frameworks/Python.framework/Versions/3.8/lib/python3.8/site-packages/airflow/example_dags/example_latest_only_with_trigger.py took 0.051 seconds
[2024-11-28T12:06:56.529-0600] {processor.py:186} INFO - Started process (PID=36739) to work on /Library/Frameworks/Python.framework/Versions/3.8/lib/python3.8/site-packages/airflow/example_dags/example_latest_only_with_trigger.py
[2024-11-28T12:06:56.530-0600] {processor.py:914} INFO - Processing file /Library/Frameworks/Python.framework/Versions/3.8/lib/python3.8/site-packages/airflow/example_dags/example_latest_only_with_trigger.py for tasks to queue
[2024-11-28T12:06:56.530-0600] {logging_mixin.py:190} INFO - [2024-11-28T12:06:56.530-0600] {dagbag.py:588} INFO - Filling up the DagBag from /Library/Frameworks/Python.framework/Versions/3.8/lib/python3.8/site-packages/airflow/example_dags/example_latest_only_with_trigger.py
[2024-11-28T12:06:56.533-0600] {processor.py:925} INFO - DAG(s) 'latest_only_with_trigger' retrieved from /Library/Frameworks/Python.framework/Versions/3.8/lib/python3.8/site-packages/airflow/example_dags/example_latest_only_with_trigger.py
[2024-11-28T12:06:56.567-0600] {logging_mixin.py:190} INFO - [2024-11-28T12:06:56.567-0600] {dag.py:3239} INFO - Sync 1 DAGs
[2024-11-28T12:06:56.573-0600] {logging_mixin.py:190} INFO - [2024-11-28T12:06:56.573-0600] {dag.py:4180} INFO - Setting next_dagrun for latest_only_with_trigger to 2024-11-28 12:00:00+00:00, run_after=2024-11-28 16:00:00+00:00
[2024-11-28T12:06:56.578-0600] {processor.py:208} INFO - Processing /Library/Frameworks/Python.framework/Versions/3.8/lib/python3.8/site-packages/airflow/example_dags/example_latest_only_with_trigger.py took 0.050 seconds
[2024-11-28T12:09:10.806-0600] {processor.py:186} INFO - Started process (PID=36983) to work on /Library/Frameworks/Python.framework/Versions/3.8/lib/python3.8/site-packages/airflow/example_dags/example_latest_only_with_trigger.py
[2024-11-28T12:09:10.808-0600] {processor.py:914} INFO - Processing file /Library/Frameworks/Python.framework/Versions/3.8/lib/python3.8/site-packages/airflow/example_dags/example_latest_only_with_trigger.py for tasks to queue
[2024-11-28T12:09:10.808-0600] {logging_mixin.py:190} INFO - [2024-11-28T12:09:10.808-0600] {dagbag.py:588} INFO - Filling up the DagBag from /Library/Frameworks/Python.framework/Versions/3.8/lib/python3.8/site-packages/airflow/example_dags/example_latest_only_with_trigger.py
[2024-11-28T12:09:10.811-0600] {processor.py:925} INFO - DAG(s) 'latest_only_with_trigger' retrieved from /Library/Frameworks/Python.framework/Versions/3.8/lib/python3.8/site-packages/airflow/example_dags/example_latest_only_with_trigger.py
[2024-11-28T12:09:10.846-0600] {logging_mixin.py:190} INFO - [2024-11-28T12:09:10.845-0600] {dag.py:3239} INFO - Sync 1 DAGs
[2024-11-28T12:09:10.852-0600] {logging_mixin.py:190} INFO - [2024-11-28T12:09:10.851-0600] {dag.py:4180} INFO - Setting next_dagrun for latest_only_with_trigger to 2024-11-28 12:00:00+00:00, run_after=2024-11-28 16:00:00+00:00
[2024-11-28T12:09:10.857-0600] {processor.py:208} INFO - Processing /Library/Frameworks/Python.framework/Versions/3.8/lib/python3.8/site-packages/airflow/example_dags/example_latest_only_with_trigger.py took 0.052 seconds
[2024-11-28T12:11:29.189-0600] {processor.py:186} INFO - Started process (PID=37269) to work on /Library/Frameworks/Python.framework/Versions/3.8/lib/python3.8/site-packages/airflow/example_dags/example_latest_only_with_trigger.py
[2024-11-28T12:11:29.191-0600] {processor.py:914} INFO - Processing file /Library/Frameworks/Python.framework/Versions/3.8/lib/python3.8/site-packages/airflow/example_dags/example_latest_only_with_trigger.py for tasks to queue
[2024-11-28T12:11:29.191-0600] {logging_mixin.py:190} INFO - [2024-11-28T12:11:29.191-0600] {dagbag.py:588} INFO - Filling up the DagBag from /Library/Frameworks/Python.framework/Versions/3.8/lib/python3.8/site-packages/airflow/example_dags/example_latest_only_with_trigger.py
[2024-11-28T12:11:29.194-0600] {processor.py:925} INFO - DAG(s) 'latest_only_with_trigger' retrieved from /Library/Frameworks/Python.framework/Versions/3.8/lib/python3.8/site-packages/airflow/example_dags/example_latest_only_with_trigger.py
[2024-11-28T12:11:29.229-0600] {logging_mixin.py:190} INFO - [2024-11-28T12:11:29.228-0600] {dag.py:3239} INFO - Sync 1 DAGs
[2024-11-28T12:11:29.235-0600] {logging_mixin.py:190} INFO - [2024-11-28T12:11:29.234-0600] {dag.py:4180} INFO - Setting next_dagrun for latest_only_with_trigger to 2024-11-28 12:00:00+00:00, run_after=2024-11-28 16:00:00+00:00
[2024-11-28T12:11:29.239-0600] {processor.py:208} INFO - Processing /Library/Frameworks/Python.framework/Versions/3.8/lib/python3.8/site-packages/airflow/example_dags/example_latest_only_with_trigger.py took 0.052 seconds
