[2024-11-28T11:46:56.236-0600] {processor.py:186} INFO - Started process (PID=34407) to work on /Library/Frameworks/Python.framework/Versions/3.8/lib/python3.8/site-packages/airflow/example_dags/example_workday_timetable.py
[2024-11-28T11:46:56.237-0600] {processor.py:914} INFO - Processing file /Library/Frameworks/Python.framework/Versions/3.8/lib/python3.8/site-packages/airflow/example_dags/example_workday_timetable.py for tasks to queue
[2024-11-28T11:46:56.237-0600] {logging_mixin.py:190} INFO - [2024-11-28T11:46:56.237-0600] {dagbag.py:588} INFO - Filling up the DagBag from /Library/Frameworks/Python.framework/Versions/3.8/lib/python3.8/site-packages/airflow/example_dags/example_workday_timetable.py
[2024-11-28T11:46:56.238-0600] {logging_mixin.py:190} INFO - [2024-11-28T11:46:56.238-0600] {workday.py:41} WARNING - Could not import pandas. Holidays will not be considered.
[2024-11-28T11:46:56.240-0600] {processor.py:925} INFO - DAG(s) 'example_workday_timetable' retrieved from /Library/Frameworks/Python.framework/Versions/3.8/lib/python3.8/site-packages/airflow/example_dags/example_workday_timetable.py
[2024-11-28T11:46:56.271-0600] {logging_mixin.py:190} INFO - [2024-11-28T11:46:56.271-0600] {workday.py:41} WARNING - Could not import pandas. Holidays will not be considered.
[2024-11-28T11:46:56.277-0600] {logging_mixin.py:190} INFO - [2024-11-28T11:46:56.277-0600] {dag.py:3239} INFO - Sync 1 DAGs
[2024-11-28T11:46:56.283-0600] {logging_mixin.py:190} INFO - [2024-11-28T11:46:56.283-0600] {dag.py:4180} INFO - Setting next_dagrun for example_workday_timetable to 2021-01-01 00:00:00+00:00, run_after=2021-01-02 00:00:00+00:00
[2024-11-28T11:46:56.288-0600] {processor.py:208} INFO - Processing /Library/Frameworks/Python.framework/Versions/3.8/lib/python3.8/site-packages/airflow/example_dags/example_workday_timetable.py took 0.053 seconds
[2024-11-28T11:48:31.169-0600] {processor.py:186} INFO - Started process (PID=34595) to work on /Library/Frameworks/Python.framework/Versions/3.8/lib/python3.8/site-packages/airflow/example_dags/example_workday_timetable.py
[2024-11-28T11:48:31.170-0600] {processor.py:914} INFO - Processing file /Library/Frameworks/Python.framework/Versions/3.8/lib/python3.8/site-packages/airflow/example_dags/example_workday_timetable.py for tasks to queue
[2024-11-28T11:48:31.170-0600] {logging_mixin.py:190} INFO - [2024-11-28T11:48:31.170-0600] {dagbag.py:588} INFO - Filling up the DagBag from /Library/Frameworks/Python.framework/Versions/3.8/lib/python3.8/site-packages/airflow/example_dags/example_workday_timetable.py
[2024-11-28T11:48:31.171-0600] {logging_mixin.py:190} INFO - [2024-11-28T11:48:31.171-0600] {workday.py:41} WARNING - Could not import pandas. Holidays will not be considered.
[2024-11-28T11:48:31.173-0600] {processor.py:925} INFO - DAG(s) 'example_workday_timetable' retrieved from /Library/Frameworks/Python.framework/Versions/3.8/lib/python3.8/site-packages/airflow/example_dags/example_workday_timetable.py
[2024-11-28T11:48:31.203-0600] {logging_mixin.py:190} INFO - [2024-11-28T11:48:31.203-0600] {workday.py:41} WARNING - Could not import pandas. Holidays will not be considered.
[2024-11-28T11:48:31.209-0600] {logging_mixin.py:190} INFO - [2024-11-28T11:48:31.209-0600] {dag.py:3239} INFO - Sync 1 DAGs
[2024-11-28T11:48:31.215-0600] {logging_mixin.py:190} INFO - [2024-11-28T11:48:31.215-0600] {dag.py:4180} INFO - Setting next_dagrun for example_workday_timetable to 2021-01-01 00:00:00+00:00, run_after=2021-01-02 00:00:00+00:00
[2024-11-28T11:48:31.220-0600] {processor.py:208} INFO - Processing /Library/Frameworks/Python.framework/Versions/3.8/lib/python3.8/site-packages/airflow/example_dags/example_workday_timetable.py took 0.053 seconds
[2024-11-28T11:49:38.638-0600] {processor.py:186} INFO - Started process (PID=34736) to work on /Library/Frameworks/Python.framework/Versions/3.8/lib/python3.8/site-packages/airflow/example_dags/example_workday_timetable.py
[2024-11-28T11:49:38.638-0600] {processor.py:914} INFO - Processing file /Library/Frameworks/Python.framework/Versions/3.8/lib/python3.8/site-packages/airflow/example_dags/example_workday_timetable.py for tasks to queue
[2024-11-28T11:49:38.638-0600] {logging_mixin.py:190} INFO - [2024-11-28T11:49:38.638-0600] {dagbag.py:588} INFO - Filling up the DagBag from /Library/Frameworks/Python.framework/Versions/3.8/lib/python3.8/site-packages/airflow/example_dags/example_workday_timetable.py
[2024-11-28T11:49:38.639-0600] {logging_mixin.py:190} INFO - [2024-11-28T11:49:38.639-0600] {workday.py:41} WARNING - Could not import pandas. Holidays will not be considered.
[2024-11-28T11:49:38.641-0600] {processor.py:925} INFO - DAG(s) 'example_workday_timetable' retrieved from /Library/Frameworks/Python.framework/Versions/3.8/lib/python3.8/site-packages/airflow/example_dags/example_workday_timetable.py
[2024-11-28T11:49:38.672-0600] {logging_mixin.py:190} INFO - [2024-11-28T11:49:38.672-0600] {workday.py:41} WARNING - Could not import pandas. Holidays will not be considered.
[2024-11-28T11:49:38.678-0600] {logging_mixin.py:190} INFO - [2024-11-28T11:49:38.678-0600] {dag.py:3239} INFO - Sync 1 DAGs
[2024-11-28T11:49:38.683-0600] {logging_mixin.py:190} INFO - [2024-11-28T11:49:38.683-0600] {dag.py:4180} INFO - Setting next_dagrun for example_workday_timetable to 2021-01-01 00:00:00+00:00, run_after=2021-01-02 00:00:00+00:00
[2024-11-28T11:49:38.688-0600] {processor.py:208} INFO - Processing /Library/Frameworks/Python.framework/Versions/3.8/lib/python3.8/site-packages/airflow/example_dags/example_workday_timetable.py took 0.052 seconds
[2024-11-28T11:50:46.362-0600] {processor.py:186} INFO - Started process (PID=34864) to work on /Library/Frameworks/Python.framework/Versions/3.8/lib/python3.8/site-packages/airflow/example_dags/example_workday_timetable.py
[2024-11-28T11:50:46.363-0600] {processor.py:914} INFO - Processing file /Library/Frameworks/Python.framework/Versions/3.8/lib/python3.8/site-packages/airflow/example_dags/example_workday_timetable.py for tasks to queue
[2024-11-28T11:50:46.363-0600] {logging_mixin.py:190} INFO - [2024-11-28T11:50:46.363-0600] {dagbag.py:588} INFO - Filling up the DagBag from /Library/Frameworks/Python.framework/Versions/3.8/lib/python3.8/site-packages/airflow/example_dags/example_workday_timetable.py
[2024-11-28T11:50:46.364-0600] {logging_mixin.py:190} INFO - [2024-11-28T11:50:46.364-0600] {workday.py:41} WARNING - Could not import pandas. Holidays will not be considered.
[2024-11-28T11:50:46.366-0600] {processor.py:925} INFO - DAG(s) 'example_workday_timetable' retrieved from /Library/Frameworks/Python.framework/Versions/3.8/lib/python3.8/site-packages/airflow/example_dags/example_workday_timetable.py
[2024-11-28T11:50:46.397-0600] {logging_mixin.py:190} INFO - [2024-11-28T11:50:46.397-0600] {workday.py:41} WARNING - Could not import pandas. Holidays will not be considered.
[2024-11-28T11:50:46.402-0600] {logging_mixin.py:190} INFO - [2024-11-28T11:50:46.402-0600] {dag.py:3239} INFO - Sync 1 DAGs
[2024-11-28T11:50:46.408-0600] {logging_mixin.py:190} INFO - [2024-11-28T11:50:46.408-0600] {dag.py:4180} INFO - Setting next_dagrun for example_workday_timetable to 2021-01-01 00:00:00+00:00, run_after=2021-01-02 00:00:00+00:00
[2024-11-28T11:50:46.413-0600] {processor.py:208} INFO - Processing /Library/Frameworks/Python.framework/Versions/3.8/lib/python3.8/site-packages/airflow/example_dags/example_workday_timetable.py took 0.053 seconds
[2024-11-28T11:51:53.665-0600] {processor.py:186} INFO - Started process (PID=34989) to work on /Library/Frameworks/Python.framework/Versions/3.8/lib/python3.8/site-packages/airflow/example_dags/example_workday_timetable.py
[2024-11-28T11:51:53.665-0600] {processor.py:914} INFO - Processing file /Library/Frameworks/Python.framework/Versions/3.8/lib/python3.8/site-packages/airflow/example_dags/example_workday_timetable.py for tasks to queue
[2024-11-28T11:51:53.665-0600] {logging_mixin.py:190} INFO - [2024-11-28T11:51:53.665-0600] {dagbag.py:588} INFO - Filling up the DagBag from /Library/Frameworks/Python.framework/Versions/3.8/lib/python3.8/site-packages/airflow/example_dags/example_workday_timetable.py
[2024-11-28T11:51:53.666-0600] {logging_mixin.py:190} INFO - [2024-11-28T11:51:53.666-0600] {workday.py:41} WARNING - Could not import pandas. Holidays will not be considered.
[2024-11-28T11:51:53.668-0600] {processor.py:925} INFO - DAG(s) 'example_workday_timetable' retrieved from /Library/Frameworks/Python.framework/Versions/3.8/lib/python3.8/site-packages/airflow/example_dags/example_workday_timetable.py
[2024-11-28T11:51:53.698-0600] {logging_mixin.py:190} INFO - [2024-11-28T11:51:53.698-0600] {workday.py:41} WARNING - Could not import pandas. Holidays will not be considered.
[2024-11-28T11:51:53.704-0600] {logging_mixin.py:190} INFO - [2024-11-28T11:51:53.704-0600] {dag.py:3239} INFO - Sync 1 DAGs
[2024-11-28T11:51:53.710-0600] {logging_mixin.py:190} INFO - [2024-11-28T11:51:53.710-0600] {dag.py:4180} INFO - Setting next_dagrun for example_workday_timetable to 2021-01-01 00:00:00+00:00, run_after=2021-01-02 00:00:00+00:00
[2024-11-28T11:51:53.715-0600] {processor.py:208} INFO - Processing /Library/Frameworks/Python.framework/Versions/3.8/lib/python3.8/site-packages/airflow/example_dags/example_workday_timetable.py took 0.052 seconds
[2024-11-28T11:52:59.718-0600] {processor.py:186} INFO - Started process (PID=35117) to work on /Library/Frameworks/Python.framework/Versions/3.8/lib/python3.8/site-packages/airflow/example_dags/example_workday_timetable.py
[2024-11-28T11:52:59.718-0600] {processor.py:914} INFO - Processing file /Library/Frameworks/Python.framework/Versions/3.8/lib/python3.8/site-packages/airflow/example_dags/example_workday_timetable.py for tasks to queue
[2024-11-28T11:52:59.719-0600] {logging_mixin.py:190} INFO - [2024-11-28T11:52:59.719-0600] {dagbag.py:588} INFO - Filling up the DagBag from /Library/Frameworks/Python.framework/Versions/3.8/lib/python3.8/site-packages/airflow/example_dags/example_workday_timetable.py
[2024-11-28T11:52:59.720-0600] {logging_mixin.py:190} INFO - [2024-11-28T11:52:59.720-0600] {workday.py:41} WARNING - Could not import pandas. Holidays will not be considered.
[2024-11-28T11:52:59.722-0600] {processor.py:925} INFO - DAG(s) 'example_workday_timetable' retrieved from /Library/Frameworks/Python.framework/Versions/3.8/lib/python3.8/site-packages/airflow/example_dags/example_workday_timetable.py
[2024-11-28T11:52:59.753-0600] {logging_mixin.py:190} INFO - [2024-11-28T11:52:59.753-0600] {workday.py:41} WARNING - Could not import pandas. Holidays will not be considered.
[2024-11-28T11:52:59.759-0600] {logging_mixin.py:190} INFO - [2024-11-28T11:52:59.759-0600] {dag.py:3239} INFO - Sync 1 DAGs
[2024-11-28T11:52:59.766-0600] {logging_mixin.py:190} INFO - [2024-11-28T11:52:59.766-0600] {dag.py:4180} INFO - Setting next_dagrun for example_workday_timetable to 2021-01-01 00:00:00+00:00, run_after=2021-01-02 00:00:00+00:00
[2024-11-28T11:52:59.770-0600] {processor.py:208} INFO - Processing /Library/Frameworks/Python.framework/Versions/3.8/lib/python3.8/site-packages/airflow/example_dags/example_workday_timetable.py took 0.054 seconds
[2024-11-28T11:54:07.419-0600] {processor.py:186} INFO - Started process (PID=35285) to work on /Library/Frameworks/Python.framework/Versions/3.8/lib/python3.8/site-packages/airflow/example_dags/example_workday_timetable.py
[2024-11-28T11:54:07.420-0600] {processor.py:914} INFO - Processing file /Library/Frameworks/Python.framework/Versions/3.8/lib/python3.8/site-packages/airflow/example_dags/example_workday_timetable.py for tasks to queue
[2024-11-28T11:54:07.420-0600] {logging_mixin.py:190} INFO - [2024-11-28T11:54:07.420-0600] {dagbag.py:588} INFO - Filling up the DagBag from /Library/Frameworks/Python.framework/Versions/3.8/lib/python3.8/site-packages/airflow/example_dags/example_workday_timetable.py
[2024-11-28T11:54:07.421-0600] {logging_mixin.py:190} INFO - [2024-11-28T11:54:07.421-0600] {workday.py:41} WARNING - Could not import pandas. Holidays will not be considered.
[2024-11-28T11:54:07.423-0600] {processor.py:925} INFO - DAG(s) 'example_workday_timetable' retrieved from /Library/Frameworks/Python.framework/Versions/3.8/lib/python3.8/site-packages/airflow/example_dags/example_workday_timetable.py
[2024-11-28T11:54:07.454-0600] {logging_mixin.py:190} INFO - [2024-11-28T11:54:07.454-0600] {workday.py:41} WARNING - Could not import pandas. Holidays will not be considered.
[2024-11-28T11:54:07.460-0600] {logging_mixin.py:190} INFO - [2024-11-28T11:54:07.460-0600] {dag.py:3239} INFO - Sync 1 DAGs
[2024-11-28T11:54:07.466-0600] {logging_mixin.py:190} INFO - [2024-11-28T11:54:07.466-0600] {dag.py:4180} INFO - Setting next_dagrun for example_workday_timetable to 2021-01-01 00:00:00+00:00, run_after=2021-01-02 00:00:00+00:00
[2024-11-28T11:54:07.471-0600] {processor.py:208} INFO - Processing /Library/Frameworks/Python.framework/Versions/3.8/lib/python3.8/site-packages/airflow/example_dags/example_workday_timetable.py took 0.053 seconds
[2024-11-28T11:55:10.861-0600] {processor.py:186} INFO - Started process (PID=35410) to work on /Library/Frameworks/Python.framework/Versions/3.8/lib/python3.8/site-packages/airflow/example_dags/example_workday_timetable.py
[2024-11-28T11:55:10.862-0600] {processor.py:914} INFO - Processing file /Library/Frameworks/Python.framework/Versions/3.8/lib/python3.8/site-packages/airflow/example_dags/example_workday_timetable.py for tasks to queue
[2024-11-28T11:55:10.862-0600] {logging_mixin.py:190} INFO - [2024-11-28T11:55:10.862-0600] {dagbag.py:588} INFO - Filling up the DagBag from /Library/Frameworks/Python.framework/Versions/3.8/lib/python3.8/site-packages/airflow/example_dags/example_workday_timetable.py
[2024-11-28T11:55:10.864-0600] {logging_mixin.py:190} INFO - [2024-11-28T11:55:10.864-0600] {workday.py:41} WARNING - Could not import pandas. Holidays will not be considered.
[2024-11-28T11:55:10.865-0600] {processor.py:925} INFO - DAG(s) 'example_workday_timetable' retrieved from /Library/Frameworks/Python.framework/Versions/3.8/lib/python3.8/site-packages/airflow/example_dags/example_workday_timetable.py
[2024-11-28T11:55:10.898-0600] {logging_mixin.py:190} INFO - [2024-11-28T11:55:10.898-0600] {workday.py:41} WARNING - Could not import pandas. Holidays will not be considered.
[2024-11-28T11:55:10.904-0600] {logging_mixin.py:190} INFO - [2024-11-28T11:55:10.904-0600] {dag.py:3239} INFO - Sync 1 DAGs
[2024-11-28T11:55:10.910-0600] {logging_mixin.py:190} INFO - [2024-11-28T11:55:10.910-0600] {dag.py:4180} INFO - Setting next_dagrun for example_workday_timetable to 2021-01-01 00:00:00+00:00, run_after=2021-01-02 00:00:00+00:00
[2024-11-28T11:55:10.916-0600] {processor.py:208} INFO - Processing /Library/Frameworks/Python.framework/Versions/3.8/lib/python3.8/site-packages/airflow/example_dags/example_workday_timetable.py took 0.056 seconds
[2024-11-28T11:56:17.467-0600] {processor.py:186} INFO - Started process (PID=35534) to work on /Library/Frameworks/Python.framework/Versions/3.8/lib/python3.8/site-packages/airflow/example_dags/example_workday_timetable.py
[2024-11-28T11:56:17.467-0600] {processor.py:914} INFO - Processing file /Library/Frameworks/Python.framework/Versions/3.8/lib/python3.8/site-packages/airflow/example_dags/example_workday_timetable.py for tasks to queue
[2024-11-28T11:56:17.468-0600] {logging_mixin.py:190} INFO - [2024-11-28T11:56:17.468-0600] {dagbag.py:588} INFO - Filling up the DagBag from /Library/Frameworks/Python.framework/Versions/3.8/lib/python3.8/site-packages/airflow/example_dags/example_workday_timetable.py
[2024-11-28T11:56:17.468-0600] {logging_mixin.py:190} INFO - [2024-11-28T11:56:17.468-0600] {workday.py:41} WARNING - Could not import pandas. Holidays will not be considered.
[2024-11-28T11:56:17.470-0600] {processor.py:925} INFO - DAG(s) 'example_workday_timetable' retrieved from /Library/Frameworks/Python.framework/Versions/3.8/lib/python3.8/site-packages/airflow/example_dags/example_workday_timetable.py
[2024-11-28T11:56:17.504-0600] {logging_mixin.py:190} INFO - [2024-11-28T11:56:17.504-0600] {workday.py:41} WARNING - Could not import pandas. Holidays will not be considered.
[2024-11-28T11:56:17.510-0600] {logging_mixin.py:190} INFO - [2024-11-28T11:56:17.510-0600] {dag.py:3239} INFO - Sync 1 DAGs
[2024-11-28T11:56:17.516-0600] {logging_mixin.py:190} INFO - [2024-11-28T11:56:17.516-0600] {dag.py:4180} INFO - Setting next_dagrun for example_workday_timetable to 2021-01-01 00:00:00+00:00, run_after=2021-01-02 00:00:00+00:00
[2024-11-28T11:56:17.522-0600] {processor.py:208} INFO - Processing /Library/Frameworks/Python.framework/Versions/3.8/lib/python3.8/site-packages/airflow/example_dags/example_workday_timetable.py took 0.056 seconds
[2024-11-28T11:57:26.950-0600] {processor.py:186} INFO - Started process (PID=35668) to work on /Library/Frameworks/Python.framework/Versions/3.8/lib/python3.8/site-packages/airflow/example_dags/example_workday_timetable.py
[2024-11-28T11:57:26.951-0600] {processor.py:914} INFO - Processing file /Library/Frameworks/Python.framework/Versions/3.8/lib/python3.8/site-packages/airflow/example_dags/example_workday_timetable.py for tasks to queue
[2024-11-28T11:57:26.952-0600] {logging_mixin.py:190} INFO - [2024-11-28T11:57:26.952-0600] {dagbag.py:588} INFO - Filling up the DagBag from /Library/Frameworks/Python.framework/Versions/3.8/lib/python3.8/site-packages/airflow/example_dags/example_workday_timetable.py
[2024-11-28T11:57:26.953-0600] {logging_mixin.py:190} INFO - [2024-11-28T11:57:26.953-0600] {workday.py:41} WARNING - Could not import pandas. Holidays will not be considered.
[2024-11-28T11:57:26.955-0600] {processor.py:925} INFO - DAG(s) 'example_workday_timetable' retrieved from /Library/Frameworks/Python.framework/Versions/3.8/lib/python3.8/site-packages/airflow/example_dags/example_workday_timetable.py
[2024-11-28T11:57:26.987-0600] {logging_mixin.py:190} INFO - [2024-11-28T11:57:26.987-0600] {workday.py:41} WARNING - Could not import pandas. Holidays will not be considered.
[2024-11-28T11:57:26.992-0600] {logging_mixin.py:190} INFO - [2024-11-28T11:57:26.992-0600] {dag.py:3239} INFO - Sync 1 DAGs
[2024-11-28T11:57:26.998-0600] {logging_mixin.py:190} INFO - [2024-11-28T11:57:26.998-0600] {dag.py:4180} INFO - Setting next_dagrun for example_workday_timetable to 2021-01-01 00:00:00+00:00, run_after=2021-01-02 00:00:00+00:00
[2024-11-28T11:57:27.003-0600] {processor.py:208} INFO - Processing /Library/Frameworks/Python.framework/Versions/3.8/lib/python3.8/site-packages/airflow/example_dags/example_workday_timetable.py took 0.054 seconds
[2024-11-28T11:58:33.765-0600] {processor.py:186} INFO - Started process (PID=35791) to work on /Library/Frameworks/Python.framework/Versions/3.8/lib/python3.8/site-packages/airflow/example_dags/example_workday_timetable.py
[2024-11-28T11:58:33.765-0600] {processor.py:914} INFO - Processing file /Library/Frameworks/Python.framework/Versions/3.8/lib/python3.8/site-packages/airflow/example_dags/example_workday_timetable.py for tasks to queue
[2024-11-28T11:58:33.766-0600] {logging_mixin.py:190} INFO - [2024-11-28T11:58:33.765-0600] {dagbag.py:588} INFO - Filling up the DagBag from /Library/Frameworks/Python.framework/Versions/3.8/lib/python3.8/site-packages/airflow/example_dags/example_workday_timetable.py
[2024-11-28T11:58:33.766-0600] {logging_mixin.py:190} INFO - [2024-11-28T11:58:33.766-0600] {workday.py:41} WARNING - Could not import pandas. Holidays will not be considered.
[2024-11-28T11:58:33.768-0600] {processor.py:925} INFO - DAG(s) 'example_workday_timetable' retrieved from /Library/Frameworks/Python.framework/Versions/3.8/lib/python3.8/site-packages/airflow/example_dags/example_workday_timetable.py
[2024-11-28T11:58:33.798-0600] {logging_mixin.py:190} INFO - [2024-11-28T11:58:33.798-0600] {workday.py:41} WARNING - Could not import pandas. Holidays will not be considered.
[2024-11-28T11:58:33.804-0600] {logging_mixin.py:190} INFO - [2024-11-28T11:58:33.804-0600] {dag.py:3239} INFO - Sync 1 DAGs
[2024-11-28T11:58:33.810-0600] {logging_mixin.py:190} INFO - [2024-11-28T11:58:33.810-0600] {dag.py:4180} INFO - Setting next_dagrun for example_workday_timetable to 2021-01-01 00:00:00+00:00, run_after=2021-01-02 00:00:00+00:00
[2024-11-28T11:58:33.815-0600] {processor.py:208} INFO - Processing /Library/Frameworks/Python.framework/Versions/3.8/lib/python3.8/site-packages/airflow/example_dags/example_workday_timetable.py took 0.051 seconds
[2024-11-28T11:59:42.556-0600] {processor.py:186} INFO - Started process (PID=35916) to work on /Library/Frameworks/Python.framework/Versions/3.8/lib/python3.8/site-packages/airflow/example_dags/example_workday_timetable.py
[2024-11-28T11:59:42.559-0600] {processor.py:914} INFO - Processing file /Library/Frameworks/Python.framework/Versions/3.8/lib/python3.8/site-packages/airflow/example_dags/example_workday_timetable.py for tasks to queue
[2024-11-28T11:59:42.559-0600] {logging_mixin.py:190} INFO - [2024-11-28T11:59:42.559-0600] {dagbag.py:588} INFO - Filling up the DagBag from /Library/Frameworks/Python.framework/Versions/3.8/lib/python3.8/site-packages/airflow/example_dags/example_workday_timetable.py
[2024-11-28T11:59:42.560-0600] {logging_mixin.py:190} INFO - [2024-11-28T11:59:42.560-0600] {workday.py:41} WARNING - Could not import pandas. Holidays will not be considered.
[2024-11-28T11:59:42.562-0600] {processor.py:925} INFO - DAG(s) 'example_workday_timetable' retrieved from /Library/Frameworks/Python.framework/Versions/3.8/lib/python3.8/site-packages/airflow/example_dags/example_workday_timetable.py
[2024-11-28T11:59:42.593-0600] {logging_mixin.py:190} INFO - [2024-11-28T11:59:42.593-0600] {workday.py:41} WARNING - Could not import pandas. Holidays will not be considered.
[2024-11-28T11:59:42.598-0600] {logging_mixin.py:190} INFO - [2024-11-28T11:59:42.598-0600] {dag.py:3239} INFO - Sync 1 DAGs
[2024-11-28T11:59:42.604-0600] {logging_mixin.py:190} INFO - [2024-11-28T11:59:42.604-0600] {dag.py:4180} INFO - Setting next_dagrun for example_workday_timetable to 2021-01-01 00:00:00+00:00, run_after=2021-01-02 00:00:00+00:00
[2024-11-28T11:59:42.609-0600] {processor.py:208} INFO - Processing /Library/Frameworks/Python.framework/Versions/3.8/lib/python3.8/site-packages/airflow/example_dags/example_workday_timetable.py took 0.054 seconds
[2024-11-28T12:00:48.971-0600] {processor.py:186} INFO - Started process (PID=36047) to work on /Library/Frameworks/Python.framework/Versions/3.8/lib/python3.8/site-packages/airflow/example_dags/example_workday_timetable.py
[2024-11-28T12:00:48.971-0600] {processor.py:914} INFO - Processing file /Library/Frameworks/Python.framework/Versions/3.8/lib/python3.8/site-packages/airflow/example_dags/example_workday_timetable.py for tasks to queue
[2024-11-28T12:00:48.972-0600] {logging_mixin.py:190} INFO - [2024-11-28T12:00:48.972-0600] {dagbag.py:588} INFO - Filling up the DagBag from /Library/Frameworks/Python.framework/Versions/3.8/lib/python3.8/site-packages/airflow/example_dags/example_workday_timetable.py
[2024-11-28T12:00:48.973-0600] {logging_mixin.py:190} INFO - [2024-11-28T12:00:48.973-0600] {workday.py:41} WARNING - Could not import pandas. Holidays will not be considered.
[2024-11-28T12:00:48.975-0600] {processor.py:925} INFO - DAG(s) 'example_workday_timetable' retrieved from /Library/Frameworks/Python.framework/Versions/3.8/lib/python3.8/site-packages/airflow/example_dags/example_workday_timetable.py
[2024-11-28T12:00:49.006-0600] {logging_mixin.py:190} INFO - [2024-11-28T12:00:49.006-0600] {workday.py:41} WARNING - Could not import pandas. Holidays will not be considered.
[2024-11-28T12:00:49.012-0600] {logging_mixin.py:190} INFO - [2024-11-28T12:00:49.012-0600] {dag.py:3239} INFO - Sync 1 DAGs
[2024-11-28T12:00:49.018-0600] {logging_mixin.py:190} INFO - [2024-11-28T12:00:49.018-0600] {dag.py:4180} INFO - Setting next_dagrun for example_workday_timetable to 2021-01-01 00:00:00+00:00, run_after=2021-01-02 00:00:00+00:00
[2024-11-28T12:00:49.023-0600] {processor.py:208} INFO - Processing /Library/Frameworks/Python.framework/Versions/3.8/lib/python3.8/site-packages/airflow/example_dags/example_workday_timetable.py took 0.054 seconds
[2024-11-28T12:01:57.298-0600] {processor.py:186} INFO - Started process (PID=36172) to work on /Library/Frameworks/Python.framework/Versions/3.8/lib/python3.8/site-packages/airflow/example_dags/example_workday_timetable.py
[2024-11-28T12:01:57.298-0600] {processor.py:914} INFO - Processing file /Library/Frameworks/Python.framework/Versions/3.8/lib/python3.8/site-packages/airflow/example_dags/example_workday_timetable.py for tasks to queue
[2024-11-28T12:01:57.299-0600] {logging_mixin.py:190} INFO - [2024-11-28T12:01:57.299-0600] {dagbag.py:588} INFO - Filling up the DagBag from /Library/Frameworks/Python.framework/Versions/3.8/lib/python3.8/site-packages/airflow/example_dags/example_workday_timetable.py
[2024-11-28T12:01:57.299-0600] {logging_mixin.py:190} INFO - [2024-11-28T12:01:57.299-0600] {workday.py:41} WARNING - Could not import pandas. Holidays will not be considered.
[2024-11-28T12:01:57.301-0600] {processor.py:925} INFO - DAG(s) 'example_workday_timetable' retrieved from /Library/Frameworks/Python.framework/Versions/3.8/lib/python3.8/site-packages/airflow/example_dags/example_workday_timetable.py
[2024-11-28T12:01:57.333-0600] {logging_mixin.py:190} INFO - [2024-11-28T12:01:57.333-0600] {workday.py:41} WARNING - Could not import pandas. Holidays will not be considered.
[2024-11-28T12:01:57.339-0600] {logging_mixin.py:190} INFO - [2024-11-28T12:01:57.339-0600] {dag.py:3239} INFO - Sync 1 DAGs
[2024-11-28T12:01:57.345-0600] {logging_mixin.py:190} INFO - [2024-11-28T12:01:57.345-0600] {dag.py:4180} INFO - Setting next_dagrun for example_workday_timetable to 2021-01-01 00:00:00+00:00, run_after=2021-01-02 00:00:00+00:00
[2024-11-28T12:01:57.350-0600] {processor.py:208} INFO - Processing /Library/Frameworks/Python.framework/Versions/3.8/lib/python3.8/site-packages/airflow/example_dags/example_workday_timetable.py took 0.054 seconds
[2024-11-28T12:03:02.309-0600] {processor.py:186} INFO - Started process (PID=36294) to work on /Library/Frameworks/Python.framework/Versions/3.8/lib/python3.8/site-packages/airflow/example_dags/example_workday_timetable.py
[2024-11-28T12:03:02.310-0600] {processor.py:914} INFO - Processing file /Library/Frameworks/Python.framework/Versions/3.8/lib/python3.8/site-packages/airflow/example_dags/example_workday_timetable.py for tasks to queue
[2024-11-28T12:03:02.311-0600] {logging_mixin.py:190} INFO - [2024-11-28T12:03:02.311-0600] {dagbag.py:588} INFO - Filling up the DagBag from /Library/Frameworks/Python.framework/Versions/3.8/lib/python3.8/site-packages/airflow/example_dags/example_workday_timetable.py
[2024-11-28T12:03:02.312-0600] {logging_mixin.py:190} INFO - [2024-11-28T12:03:02.312-0600] {workday.py:41} WARNING - Could not import pandas. Holidays will not be considered.
[2024-11-28T12:03:02.314-0600] {processor.py:925} INFO - DAG(s) 'example_workday_timetable' retrieved from /Library/Frameworks/Python.framework/Versions/3.8/lib/python3.8/site-packages/airflow/example_dags/example_workday_timetable.py
[2024-11-28T12:03:02.346-0600] {logging_mixin.py:190} INFO - [2024-11-28T12:03:02.346-0600] {workday.py:41} WARNING - Could not import pandas. Holidays will not be considered.
[2024-11-28T12:03:02.352-0600] {logging_mixin.py:190} INFO - [2024-11-28T12:03:02.352-0600] {dag.py:3239} INFO - Sync 1 DAGs
[2024-11-28T12:03:02.359-0600] {logging_mixin.py:190} INFO - [2024-11-28T12:03:02.359-0600] {dag.py:4180} INFO - Setting next_dagrun for example_workday_timetable to 2021-01-01 00:00:00+00:00, run_after=2021-01-02 00:00:00+00:00
[2024-11-28T12:03:02.364-0600] {processor.py:208} INFO - Processing /Library/Frameworks/Python.framework/Versions/3.8/lib/python3.8/site-packages/airflow/example_dags/example_workday_timetable.py took 0.056 seconds
[2024-11-28T12:04:11.137-0600] {processor.py:186} INFO - Started process (PID=36421) to work on /Library/Frameworks/Python.framework/Versions/3.8/lib/python3.8/site-packages/airflow/example_dags/example_workday_timetable.py
[2024-11-28T12:04:11.138-0600] {processor.py:914} INFO - Processing file /Library/Frameworks/Python.framework/Versions/3.8/lib/python3.8/site-packages/airflow/example_dags/example_workday_timetable.py for tasks to queue
[2024-11-28T12:04:11.139-0600] {logging_mixin.py:190} INFO - [2024-11-28T12:04:11.138-0600] {dagbag.py:588} INFO - Filling up the DagBag from /Library/Frameworks/Python.framework/Versions/3.8/lib/python3.8/site-packages/airflow/example_dags/example_workday_timetable.py
[2024-11-28T12:04:11.140-0600] {logging_mixin.py:190} INFO - [2024-11-28T12:04:11.140-0600] {workday.py:41} WARNING - Could not import pandas. Holidays will not be considered.
[2024-11-28T12:04:11.142-0600] {processor.py:925} INFO - DAG(s) 'example_workday_timetable' retrieved from /Library/Frameworks/Python.framework/Versions/3.8/lib/python3.8/site-packages/airflow/example_dags/example_workday_timetable.py
[2024-11-28T12:04:11.174-0600] {logging_mixin.py:190} INFO - [2024-11-28T12:04:11.174-0600] {workday.py:41} WARNING - Could not import pandas. Holidays will not be considered.
[2024-11-28T12:04:11.180-0600] {logging_mixin.py:190} INFO - [2024-11-28T12:04:11.180-0600] {dag.py:3239} INFO - Sync 1 DAGs
[2024-11-28T12:04:11.186-0600] {logging_mixin.py:190} INFO - [2024-11-28T12:04:11.186-0600] {dag.py:4180} INFO - Setting next_dagrun for example_workday_timetable to 2021-01-01 00:00:00+00:00, run_after=2021-01-02 00:00:00+00:00
[2024-11-28T12:04:11.191-0600] {processor.py:208} INFO - Processing /Library/Frameworks/Python.framework/Versions/3.8/lib/python3.8/site-packages/airflow/example_dags/example_workday_timetable.py took 0.054 seconds
[2024-11-28T12:05:16.505-0600] {processor.py:186} INFO - Started process (PID=36550) to work on /Library/Frameworks/Python.framework/Versions/3.8/lib/python3.8/site-packages/airflow/example_dags/example_workday_timetable.py
[2024-11-28T12:05:16.505-0600] {processor.py:914} INFO - Processing file /Library/Frameworks/Python.framework/Versions/3.8/lib/python3.8/site-packages/airflow/example_dags/example_workday_timetable.py for tasks to queue
[2024-11-28T12:05:16.506-0600] {logging_mixin.py:190} INFO - [2024-11-28T12:05:16.506-0600] {dagbag.py:588} INFO - Filling up the DagBag from /Library/Frameworks/Python.framework/Versions/3.8/lib/python3.8/site-packages/airflow/example_dags/example_workday_timetable.py
[2024-11-28T12:05:16.507-0600] {logging_mixin.py:190} INFO - [2024-11-28T12:05:16.507-0600] {workday.py:41} WARNING - Could not import pandas. Holidays will not be considered.
[2024-11-28T12:05:16.508-0600] {processor.py:925} INFO - DAG(s) 'example_workday_timetable' retrieved from /Library/Frameworks/Python.framework/Versions/3.8/lib/python3.8/site-packages/airflow/example_dags/example_workday_timetable.py
[2024-11-28T12:05:16.539-0600] {logging_mixin.py:190} INFO - [2024-11-28T12:05:16.539-0600] {workday.py:41} WARNING - Could not import pandas. Holidays will not be considered.
[2024-11-28T12:05:16.545-0600] {logging_mixin.py:190} INFO - [2024-11-28T12:05:16.545-0600] {dag.py:3239} INFO - Sync 1 DAGs
[2024-11-28T12:05:16.551-0600] {logging_mixin.py:190} INFO - [2024-11-28T12:05:16.551-0600] {dag.py:4180} INFO - Setting next_dagrun for example_workday_timetable to 2021-01-01 00:00:00+00:00, run_after=2021-01-02 00:00:00+00:00
[2024-11-28T12:05:16.556-0600] {processor.py:208} INFO - Processing /Library/Frameworks/Python.framework/Versions/3.8/lib/python3.8/site-packages/airflow/example_dags/example_workday_timetable.py took 0.053 seconds
[2024-11-28T12:06:22.039-0600] {processor.py:186} INFO - Started process (PID=36673) to work on /Library/Frameworks/Python.framework/Versions/3.8/lib/python3.8/site-packages/airflow/example_dags/example_workday_timetable.py
[2024-11-28T12:06:22.040-0600] {processor.py:914} INFO - Processing file /Library/Frameworks/Python.framework/Versions/3.8/lib/python3.8/site-packages/airflow/example_dags/example_workday_timetable.py for tasks to queue
[2024-11-28T12:06:22.040-0600] {logging_mixin.py:190} INFO - [2024-11-28T12:06:22.040-0600] {dagbag.py:588} INFO - Filling up the DagBag from /Library/Frameworks/Python.framework/Versions/3.8/lib/python3.8/site-packages/airflow/example_dags/example_workday_timetable.py
[2024-11-28T12:06:22.041-0600] {logging_mixin.py:190} INFO - [2024-11-28T12:06:22.041-0600] {workday.py:41} WARNING - Could not import pandas. Holidays will not be considered.
[2024-11-28T12:06:22.042-0600] {processor.py:925} INFO - DAG(s) 'example_workday_timetable' retrieved from /Library/Frameworks/Python.framework/Versions/3.8/lib/python3.8/site-packages/airflow/example_dags/example_workday_timetable.py
[2024-11-28T12:06:22.073-0600] {logging_mixin.py:190} INFO - [2024-11-28T12:06:22.073-0600] {workday.py:41} WARNING - Could not import pandas. Holidays will not be considered.
[2024-11-28T12:06:22.079-0600] {logging_mixin.py:190} INFO - [2024-11-28T12:06:22.079-0600] {dag.py:3239} INFO - Sync 1 DAGs
[2024-11-28T12:06:22.085-0600] {logging_mixin.py:190} INFO - [2024-11-28T12:06:22.085-0600] {dag.py:4180} INFO - Setting next_dagrun for example_workday_timetable to 2021-01-01 00:00:00+00:00, run_after=2021-01-02 00:00:00+00:00
[2024-11-28T12:06:22.090-0600] {processor.py:208} INFO - Processing /Library/Frameworks/Python.framework/Versions/3.8/lib/python3.8/site-packages/airflow/example_dags/example_workday_timetable.py took 0.052 seconds
[2024-11-28T12:07:25.029-0600] {processor.py:186} INFO - Started process (PID=36794) to work on /Library/Frameworks/Python.framework/Versions/3.8/lib/python3.8/site-packages/airflow/example_dags/example_workday_timetable.py
[2024-11-28T12:07:25.030-0600] {processor.py:914} INFO - Processing file /Library/Frameworks/Python.framework/Versions/3.8/lib/python3.8/site-packages/airflow/example_dags/example_workday_timetable.py for tasks to queue
[2024-11-28T12:07:25.031-0600] {logging_mixin.py:190} INFO - [2024-11-28T12:07:25.030-0600] {dagbag.py:588} INFO - Filling up the DagBag from /Library/Frameworks/Python.framework/Versions/3.8/lib/python3.8/site-packages/airflow/example_dags/example_workday_timetable.py
[2024-11-28T12:07:25.032-0600] {logging_mixin.py:190} INFO - [2024-11-28T12:07:25.032-0600] {workday.py:41} WARNING - Could not import pandas. Holidays will not be considered.
[2024-11-28T12:07:25.034-0600] {processor.py:925} INFO - DAG(s) 'example_workday_timetable' retrieved from /Library/Frameworks/Python.framework/Versions/3.8/lib/python3.8/site-packages/airflow/example_dags/example_workday_timetable.py
[2024-11-28T12:07:25.065-0600] {logging_mixin.py:190} INFO - [2024-11-28T12:07:25.065-0600] {workday.py:41} WARNING - Could not import pandas. Holidays will not be considered.
[2024-11-28T12:07:25.071-0600] {logging_mixin.py:190} INFO - [2024-11-28T12:07:25.071-0600] {dag.py:3239} INFO - Sync 1 DAGs
[2024-11-28T12:07:25.077-0600] {logging_mixin.py:190} INFO - [2024-11-28T12:07:25.077-0600] {dag.py:4180} INFO - Setting next_dagrun for example_workday_timetable to 2021-01-01 00:00:00+00:00, run_after=2021-01-02 00:00:00+00:00
[2024-11-28T12:07:25.082-0600] {processor.py:208} INFO - Processing /Library/Frameworks/Python.framework/Versions/3.8/lib/python3.8/site-packages/airflow/example_dags/example_workday_timetable.py took 0.054 seconds
[2024-11-28T12:08:30.714-0600] {processor.py:186} INFO - Started process (PID=36912) to work on /Library/Frameworks/Python.framework/Versions/3.8/lib/python3.8/site-packages/airflow/example_dags/example_workday_timetable.py
[2024-11-28T12:08:30.716-0600] {processor.py:914} INFO - Processing file /Library/Frameworks/Python.framework/Versions/3.8/lib/python3.8/site-packages/airflow/example_dags/example_workday_timetable.py for tasks to queue
[2024-11-28T12:08:30.716-0600] {logging_mixin.py:190} INFO - [2024-11-28T12:08:30.716-0600] {dagbag.py:588} INFO - Filling up the DagBag from /Library/Frameworks/Python.framework/Versions/3.8/lib/python3.8/site-packages/airflow/example_dags/example_workday_timetable.py
[2024-11-28T12:08:30.717-0600] {logging_mixin.py:190} INFO - [2024-11-28T12:08:30.717-0600] {workday.py:41} WARNING - Could not import pandas. Holidays will not be considered.
[2024-11-28T12:08:30.719-0600] {processor.py:925} INFO - DAG(s) 'example_workday_timetable' retrieved from /Library/Frameworks/Python.framework/Versions/3.8/lib/python3.8/site-packages/airflow/example_dags/example_workday_timetable.py
[2024-11-28T12:08:30.750-0600] {logging_mixin.py:190} INFO - [2024-11-28T12:08:30.750-0600] {workday.py:41} WARNING - Could not import pandas. Holidays will not be considered.
[2024-11-28T12:08:30.756-0600] {logging_mixin.py:190} INFO - [2024-11-28T12:08:30.756-0600] {dag.py:3239} INFO - Sync 1 DAGs
[2024-11-28T12:08:30.762-0600] {logging_mixin.py:190} INFO - [2024-11-28T12:08:30.762-0600] {dag.py:4180} INFO - Setting next_dagrun for example_workday_timetable to 2021-01-01 00:00:00+00:00, run_after=2021-01-02 00:00:00+00:00
[2024-11-28T12:08:30.768-0600] {processor.py:208} INFO - Processing /Library/Frameworks/Python.framework/Versions/3.8/lib/python3.8/site-packages/airflow/example_dags/example_workday_timetable.py took 0.055 seconds
[2024-11-28T12:09:42.570-0600] {processor.py:186} INFO - Started process (PID=37042) to work on /Library/Frameworks/Python.framework/Versions/3.8/lib/python3.8/site-packages/airflow/example_dags/example_workday_timetable.py
[2024-11-28T12:09:42.571-0600] {processor.py:914} INFO - Processing file /Library/Frameworks/Python.framework/Versions/3.8/lib/python3.8/site-packages/airflow/example_dags/example_workday_timetable.py for tasks to queue
[2024-11-28T12:09:42.571-0600] {logging_mixin.py:190} INFO - [2024-11-28T12:09:42.571-0600] {dagbag.py:588} INFO - Filling up the DagBag from /Library/Frameworks/Python.framework/Versions/3.8/lib/python3.8/site-packages/airflow/example_dags/example_workday_timetable.py
[2024-11-28T12:09:42.572-0600] {logging_mixin.py:190} INFO - [2024-11-28T12:09:42.572-0600] {workday.py:41} WARNING - Could not import pandas. Holidays will not be considered.
[2024-11-28T12:09:42.574-0600] {processor.py:925} INFO - DAG(s) 'example_workday_timetable' retrieved from /Library/Frameworks/Python.framework/Versions/3.8/lib/python3.8/site-packages/airflow/example_dags/example_workday_timetable.py
[2024-11-28T12:09:42.606-0600] {logging_mixin.py:190} INFO - [2024-11-28T12:09:42.606-0600] {workday.py:41} WARNING - Could not import pandas. Holidays will not be considered.
[2024-11-28T12:09:42.612-0600] {logging_mixin.py:190} INFO - [2024-11-28T12:09:42.612-0600] {dag.py:3239} INFO - Sync 1 DAGs
[2024-11-28T12:09:42.618-0600] {logging_mixin.py:190} INFO - [2024-11-28T12:09:42.617-0600] {dag.py:4180} INFO - Setting next_dagrun for example_workday_timetable to 2021-01-01 00:00:00+00:00, run_after=2021-01-02 00:00:00+00:00
[2024-11-28T12:09:42.623-0600] {processor.py:208} INFO - Processing /Library/Frameworks/Python.framework/Versions/3.8/lib/python3.8/site-packages/airflow/example_dags/example_workday_timetable.py took 0.055 seconds
[2024-11-28T12:10:51.036-0600] {processor.py:186} INFO - Started process (PID=37189) to work on /Library/Frameworks/Python.framework/Versions/3.8/lib/python3.8/site-packages/airflow/example_dags/example_workday_timetable.py
[2024-11-28T12:10:51.037-0600] {processor.py:914} INFO - Processing file /Library/Frameworks/Python.framework/Versions/3.8/lib/python3.8/site-packages/airflow/example_dags/example_workday_timetable.py for tasks to queue
[2024-11-28T12:10:51.038-0600] {logging_mixin.py:190} INFO - [2024-11-28T12:10:51.038-0600] {dagbag.py:588} INFO - Filling up the DagBag from /Library/Frameworks/Python.framework/Versions/3.8/lib/python3.8/site-packages/airflow/example_dags/example_workday_timetable.py
[2024-11-28T12:10:51.039-0600] {logging_mixin.py:190} INFO - [2024-11-28T12:10:51.039-0600] {workday.py:41} WARNING - Could not import pandas. Holidays will not be considered.
[2024-11-28T12:10:51.040-0600] {processor.py:925} INFO - DAG(s) 'example_workday_timetable' retrieved from /Library/Frameworks/Python.framework/Versions/3.8/lib/python3.8/site-packages/airflow/example_dags/example_workday_timetable.py
[2024-11-28T12:10:51.072-0600] {logging_mixin.py:190} INFO - [2024-11-28T12:10:51.072-0600] {workday.py:41} WARNING - Could not import pandas. Holidays will not be considered.
[2024-11-28T12:10:51.078-0600] {logging_mixin.py:190} INFO - [2024-11-28T12:10:51.078-0600] {dag.py:3239} INFO - Sync 1 DAGs
[2024-11-28T12:10:51.084-0600] {logging_mixin.py:190} INFO - [2024-11-28T12:10:51.084-0600] {dag.py:4180} INFO - Setting next_dagrun for example_workday_timetable to 2021-01-01 00:00:00+00:00, run_after=2021-01-02 00:00:00+00:00
[2024-11-28T12:10:51.089-0600] {processor.py:208} INFO - Processing /Library/Frameworks/Python.framework/Versions/3.8/lib/python3.8/site-packages/airflow/example_dags/example_workday_timetable.py took 0.054 seconds
