[2024-11-28T11:47:25.927-0600] {processor.py:186} INFO - Started process (PID=34465) to work on /Library/Frameworks/Python.framework/Versions/3.8/lib/python3.8/site-packages/airflow/example_dags/example_params_ui_tutorial.py
[2024-11-28T11:47:25.927-0600] {processor.py:914} INFO - Processing file /Library/Frameworks/Python.framework/Versions/3.8/lib/python3.8/site-packages/airflow/example_dags/example_params_ui_tutorial.py for tasks to queue
[2024-11-28T11:47:25.927-0600] {logging_mixin.py:190} INFO - [2024-11-28T11:47:25.927-0600] {dagbag.py:588} INFO - Filling up the DagBag from /Library/Frameworks/Python.framework/Versions/3.8/lib/python3.8/site-packages/airflow/example_dags/example_params_ui_tutorial.py
[2024-11-28T11:47:25.940-0600] {processor.py:925} INFO - DAG(s) 'example_params_ui_tutorial' retrieved from /Library/Frameworks/Python.framework/Versions/3.8/lib/python3.8/site-packages/airflow/example_dags/example_params_ui_tutorial.py
[2024-11-28T11:47:26.031-0600] {logging_mixin.py:190} INFO - [2024-11-28T11:47:26.031-0600] {dag.py:3239} INFO - Sync 1 DAGs
[2024-11-28T11:47:26.035-0600] {logging_mixin.py:190} INFO - [2024-11-28T11:47:26.035-0600] {dag.py:4180} INFO - Setting next_dagrun for example_params_ui_tutorial to None, run_after=None
[2024-11-28T11:47:26.040-0600] {processor.py:208} INFO - Processing /Library/Frameworks/Python.framework/Versions/3.8/lib/python3.8/site-packages/airflow/example_dags/example_params_ui_tutorial.py took 0.114 seconds
[2024-11-28T11:49:01.967-0600] {processor.py:186} INFO - Started process (PID=34649) to work on /Library/Frameworks/Python.framework/Versions/3.8/lib/python3.8/site-packages/airflow/example_dags/example_params_ui_tutorial.py
[2024-11-28T11:49:01.968-0600] {processor.py:914} INFO - Processing file /Library/Frameworks/Python.framework/Versions/3.8/lib/python3.8/site-packages/airflow/example_dags/example_params_ui_tutorial.py for tasks to queue
[2024-11-28T11:49:01.969-0600] {logging_mixin.py:190} INFO - [2024-11-28T11:49:01.968-0600] {dagbag.py:588} INFO - Filling up the DagBag from /Library/Frameworks/Python.framework/Versions/3.8/lib/python3.8/site-packages/airflow/example_dags/example_params_ui_tutorial.py
[2024-11-28T11:49:01.981-0600] {processor.py:925} INFO - DAG(s) 'example_params_ui_tutorial' retrieved from /Library/Frameworks/Python.framework/Versions/3.8/lib/python3.8/site-packages/airflow/example_dags/example_params_ui_tutorial.py
[2024-11-28T11:49:02.025-0600] {logging_mixin.py:190} INFO - [2024-11-28T11:49:02.025-0600] {dag.py:3239} INFO - Sync 1 DAGs
[2024-11-28T11:49:02.028-0600] {logging_mixin.py:190} INFO - [2024-11-28T11:49:02.028-0600] {dag.py:4180} INFO - Setting next_dagrun for example_params_ui_tutorial to None, run_after=None
[2024-11-28T11:49:02.033-0600] {processor.py:208} INFO - Processing /Library/Frameworks/Python.framework/Versions/3.8/lib/python3.8/site-packages/airflow/example_dags/example_params_ui_tutorial.py took 0.067 seconds
[2024-11-28T11:51:18.355-0600] {processor.py:186} INFO - Started process (PID=34920) to work on /Library/Frameworks/Python.framework/Versions/3.8/lib/python3.8/site-packages/airflow/example_dags/example_params_ui_tutorial.py
[2024-11-28T11:51:18.356-0600] {processor.py:914} INFO - Processing file /Library/Frameworks/Python.framework/Versions/3.8/lib/python3.8/site-packages/airflow/example_dags/example_params_ui_tutorial.py for tasks to queue
[2024-11-28T11:51:18.357-0600] {logging_mixin.py:190} INFO - [2024-11-28T11:51:18.357-0600] {dagbag.py:588} INFO - Filling up the DagBag from /Library/Frameworks/Python.framework/Versions/3.8/lib/python3.8/site-packages/airflow/example_dags/example_params_ui_tutorial.py
[2024-11-28T11:51:18.370-0600] {processor.py:925} INFO - DAG(s) 'example_params_ui_tutorial' retrieved from /Library/Frameworks/Python.framework/Versions/3.8/lib/python3.8/site-packages/airflow/example_dags/example_params_ui_tutorial.py
[2024-11-28T11:51:18.415-0600] {logging_mixin.py:190} INFO - [2024-11-28T11:51:18.415-0600] {dag.py:3239} INFO - Sync 1 DAGs
[2024-11-28T11:51:18.419-0600] {logging_mixin.py:190} INFO - [2024-11-28T11:51:18.419-0600] {dag.py:4180} INFO - Setting next_dagrun for example_params_ui_tutorial to None, run_after=None
[2024-11-28T11:51:18.424-0600] {processor.py:208} INFO - Processing /Library/Frameworks/Python.framework/Versions/3.8/lib/python3.8/site-packages/airflow/example_dags/example_params_ui_tutorial.py took 0.070 seconds
[2024-11-28T11:53:28.751-0600] {processor.py:186} INFO - Started process (PID=35195) to work on /Library/Frameworks/Python.framework/Versions/3.8/lib/python3.8/site-packages/airflow/example_dags/example_params_ui_tutorial.py
[2024-11-28T11:53:28.752-0600] {processor.py:914} INFO - Processing file /Library/Frameworks/Python.framework/Versions/3.8/lib/python3.8/site-packages/airflow/example_dags/example_params_ui_tutorial.py for tasks to queue
[2024-11-28T11:53:28.752-0600] {logging_mixin.py:190} INFO - [2024-11-28T11:53:28.752-0600] {dagbag.py:588} INFO - Filling up the DagBag from /Library/Frameworks/Python.framework/Versions/3.8/lib/python3.8/site-packages/airflow/example_dags/example_params_ui_tutorial.py
[2024-11-28T11:53:28.765-0600] {processor.py:925} INFO - DAG(s) 'example_params_ui_tutorial' retrieved from /Library/Frameworks/Python.framework/Versions/3.8/lib/python3.8/site-packages/airflow/example_dags/example_params_ui_tutorial.py
[2024-11-28T11:53:28.811-0600] {logging_mixin.py:190} INFO - [2024-11-28T11:53:28.811-0600] {dag.py:3239} INFO - Sync 1 DAGs
[2024-11-28T11:53:28.814-0600] {logging_mixin.py:190} INFO - [2024-11-28T11:53:28.814-0600] {dag.py:4180} INFO - Setting next_dagrun for example_params_ui_tutorial to None, run_after=None
[2024-11-28T11:53:28.819-0600] {processor.py:208} INFO - Processing /Library/Frameworks/Python.framework/Versions/3.8/lib/python3.8/site-packages/airflow/example_dags/example_params_ui_tutorial.py took 0.070 seconds
[2024-11-28T11:55:41.064-0600] {processor.py:186} INFO - Started process (PID=35464) to work on /Library/Frameworks/Python.framework/Versions/3.8/lib/python3.8/site-packages/airflow/example_dags/example_params_ui_tutorial.py
[2024-11-28T11:55:41.065-0600] {processor.py:914} INFO - Processing file /Library/Frameworks/Python.framework/Versions/3.8/lib/python3.8/site-packages/airflow/example_dags/example_params_ui_tutorial.py for tasks to queue
[2024-11-28T11:55:41.065-0600] {logging_mixin.py:190} INFO - [2024-11-28T11:55:41.065-0600] {dagbag.py:588} INFO - Filling up the DagBag from /Library/Frameworks/Python.framework/Versions/3.8/lib/python3.8/site-packages/airflow/example_dags/example_params_ui_tutorial.py
[2024-11-28T11:55:41.077-0600] {processor.py:925} INFO - DAG(s) 'example_params_ui_tutorial' retrieved from /Library/Frameworks/Python.framework/Versions/3.8/lib/python3.8/site-packages/airflow/example_dags/example_params_ui_tutorial.py
[2024-11-28T11:55:41.122-0600] {logging_mixin.py:190} INFO - [2024-11-28T11:55:41.122-0600] {dag.py:3239} INFO - Sync 1 DAGs
[2024-11-28T11:55:41.125-0600] {logging_mixin.py:190} INFO - [2024-11-28T11:55:41.125-0600] {dag.py:4180} INFO - Setting next_dagrun for example_params_ui_tutorial to None, run_after=None
[2024-11-28T11:55:41.130-0600] {processor.py:208} INFO - Processing /Library/Frameworks/Python.framework/Versions/3.8/lib/python3.8/site-packages/airflow/example_dags/example_params_ui_tutorial.py took 0.068 seconds
[2024-11-28T11:57:55.299-0600] {processor.py:186} INFO - Started process (PID=35724) to work on /Library/Frameworks/Python.framework/Versions/3.8/lib/python3.8/site-packages/airflow/example_dags/example_params_ui_tutorial.py
[2024-11-28T11:57:55.300-0600] {processor.py:914} INFO - Processing file /Library/Frameworks/Python.framework/Versions/3.8/lib/python3.8/site-packages/airflow/example_dags/example_params_ui_tutorial.py for tasks to queue
[2024-11-28T11:57:55.300-0600] {logging_mixin.py:190} INFO - [2024-11-28T11:57:55.300-0600] {dagbag.py:588} INFO - Filling up the DagBag from /Library/Frameworks/Python.framework/Versions/3.8/lib/python3.8/site-packages/airflow/example_dags/example_params_ui_tutorial.py
[2024-11-28T11:57:55.312-0600] {processor.py:925} INFO - DAG(s) 'example_params_ui_tutorial' retrieved from /Library/Frameworks/Python.framework/Versions/3.8/lib/python3.8/site-packages/airflow/example_dags/example_params_ui_tutorial.py
[2024-11-28T11:57:55.356-0600] {logging_mixin.py:190} INFO - [2024-11-28T11:57:55.356-0600] {dag.py:3239} INFO - Sync 1 DAGs
[2024-11-28T11:57:55.360-0600] {logging_mixin.py:190} INFO - [2024-11-28T11:57:55.360-0600] {dag.py:4180} INFO - Setting next_dagrun for example_params_ui_tutorial to None, run_after=None
[2024-11-28T11:57:55.365-0600] {processor.py:208} INFO - Processing /Library/Frameworks/Python.framework/Versions/3.8/lib/python3.8/site-packages/airflow/example_dags/example_params_ui_tutorial.py took 0.067 seconds
[2024-11-28T12:00:10.529-0600] {processor.py:186} INFO - Started process (PID=35972) to work on /Library/Frameworks/Python.framework/Versions/3.8/lib/python3.8/site-packages/airflow/example_dags/example_params_ui_tutorial.py
[2024-11-28T12:00:10.530-0600] {processor.py:914} INFO - Processing file /Library/Frameworks/Python.framework/Versions/3.8/lib/python3.8/site-packages/airflow/example_dags/example_params_ui_tutorial.py for tasks to queue
[2024-11-28T12:00:10.531-0600] {logging_mixin.py:190} INFO - [2024-11-28T12:00:10.530-0600] {dagbag.py:588} INFO - Filling up the DagBag from /Library/Frameworks/Python.framework/Versions/3.8/lib/python3.8/site-packages/airflow/example_dags/example_params_ui_tutorial.py
[2024-11-28T12:00:10.543-0600] {processor.py:925} INFO - DAG(s) 'example_params_ui_tutorial' retrieved from /Library/Frameworks/Python.framework/Versions/3.8/lib/python3.8/site-packages/airflow/example_dags/example_params_ui_tutorial.py
[2024-11-28T12:00:10.587-0600] {logging_mixin.py:190} INFO - [2024-11-28T12:00:10.587-0600] {dag.py:3239} INFO - Sync 1 DAGs
[2024-11-28T12:00:10.591-0600] {logging_mixin.py:190} INFO - [2024-11-28T12:00:10.591-0600] {dag.py:4180} INFO - Setting next_dagrun for example_params_ui_tutorial to None, run_after=None
[2024-11-28T12:00:10.596-0600] {processor.py:208} INFO - Processing /Library/Frameworks/Python.framework/Versions/3.8/lib/python3.8/site-packages/airflow/example_dags/example_params_ui_tutorial.py took 0.068 seconds
[2024-11-28T12:02:25.436-0600] {processor.py:186} INFO - Started process (PID=36225) to work on /Library/Frameworks/Python.framework/Versions/3.8/lib/python3.8/site-packages/airflow/example_dags/example_params_ui_tutorial.py
[2024-11-28T12:02:25.437-0600] {processor.py:914} INFO - Processing file /Library/Frameworks/Python.framework/Versions/3.8/lib/python3.8/site-packages/airflow/example_dags/example_params_ui_tutorial.py for tasks to queue
[2024-11-28T12:02:25.437-0600] {logging_mixin.py:190} INFO - [2024-11-28T12:02:25.437-0600] {dagbag.py:588} INFO - Filling up the DagBag from /Library/Frameworks/Python.framework/Versions/3.8/lib/python3.8/site-packages/airflow/example_dags/example_params_ui_tutorial.py
[2024-11-28T12:02:25.449-0600] {processor.py:925} INFO - DAG(s) 'example_params_ui_tutorial' retrieved from /Library/Frameworks/Python.framework/Versions/3.8/lib/python3.8/site-packages/airflow/example_dags/example_params_ui_tutorial.py
[2024-11-28T12:02:25.494-0600] {logging_mixin.py:190} INFO - [2024-11-28T12:02:25.494-0600] {dag.py:3239} INFO - Sync 1 DAGs
[2024-11-28T12:02:25.497-0600] {logging_mixin.py:190} INFO - [2024-11-28T12:02:25.497-0600] {dag.py:4180} INFO - Setting next_dagrun for example_params_ui_tutorial to None, run_after=None
[2024-11-28T12:02:25.502-0600] {processor.py:208} INFO - Processing /Library/Frameworks/Python.framework/Versions/3.8/lib/python3.8/site-packages/airflow/example_dags/example_params_ui_tutorial.py took 0.068 seconds
[2024-11-28T12:04:39.940-0600] {processor.py:186} INFO - Started process (PID=36478) to work on /Library/Frameworks/Python.framework/Versions/3.8/lib/python3.8/site-packages/airflow/example_dags/example_params_ui_tutorial.py
[2024-11-28T12:04:39.941-0600] {processor.py:914} INFO - Processing file /Library/Frameworks/Python.framework/Versions/3.8/lib/python3.8/site-packages/airflow/example_dags/example_params_ui_tutorial.py for tasks to queue
[2024-11-28T12:04:39.942-0600] {logging_mixin.py:190} INFO - [2024-11-28T12:04:39.942-0600] {dagbag.py:588} INFO - Filling up the DagBag from /Library/Frameworks/Python.framework/Versions/3.8/lib/python3.8/site-packages/airflow/example_dags/example_params_ui_tutorial.py
[2024-11-28T12:04:39.954-0600] {processor.py:925} INFO - DAG(s) 'example_params_ui_tutorial' retrieved from /Library/Frameworks/Python.framework/Versions/3.8/lib/python3.8/site-packages/airflow/example_dags/example_params_ui_tutorial.py
[2024-11-28T12:04:39.999-0600] {logging_mixin.py:190} INFO - [2024-11-28T12:04:39.999-0600] {dag.py:3239} INFO - Sync 1 DAGs
[2024-11-28T12:04:40.003-0600] {logging_mixin.py:190} INFO - [2024-11-28T12:04:40.003-0600] {dag.py:4180} INFO - Setting next_dagrun for example_params_ui_tutorial to None, run_after=None
[2024-11-28T12:04:40.008-0600] {processor.py:208} INFO - Processing /Library/Frameworks/Python.framework/Versions/3.8/lib/python3.8/site-packages/airflow/example_dags/example_params_ui_tutorial.py took 0.069 seconds
[2024-11-28T12:06:47.998-0600] {processor.py:186} INFO - Started process (PID=36724) to work on /Library/Frameworks/Python.framework/Versions/3.8/lib/python3.8/site-packages/airflow/example_dags/example_params_ui_tutorial.py
[2024-11-28T12:06:47.999-0600] {processor.py:914} INFO - Processing file /Library/Frameworks/Python.framework/Versions/3.8/lib/python3.8/site-packages/airflow/example_dags/example_params_ui_tutorial.py for tasks to queue
[2024-11-28T12:06:47.999-0600] {logging_mixin.py:190} INFO - [2024-11-28T12:06:47.999-0600] {dagbag.py:588} INFO - Filling up the DagBag from /Library/Frameworks/Python.framework/Versions/3.8/lib/python3.8/site-packages/airflow/example_dags/example_params_ui_tutorial.py
[2024-11-28T12:06:48.011-0600] {processor.py:925} INFO - DAG(s) 'example_params_ui_tutorial' retrieved from /Library/Frameworks/Python.framework/Versions/3.8/lib/python3.8/site-packages/airflow/example_dags/example_params_ui_tutorial.py
[2024-11-28T12:06:48.055-0600] {logging_mixin.py:190} INFO - [2024-11-28T12:06:48.055-0600] {dag.py:3239} INFO - Sync 1 DAGs
[2024-11-28T12:06:48.059-0600] {logging_mixin.py:190} INFO - [2024-11-28T12:06:48.059-0600] {dag.py:4180} INFO - Setting next_dagrun for example_params_ui_tutorial to None, run_after=None
[2024-11-28T12:06:48.064-0600] {processor.py:208} INFO - Processing /Library/Frameworks/Python.framework/Versions/3.8/lib/python3.8/site-packages/airflow/example_dags/example_params_ui_tutorial.py took 0.067 seconds
[2024-11-28T12:09:01.712-0600] {processor.py:186} INFO - Started process (PID=36966) to work on /Library/Frameworks/Python.framework/Versions/3.8/lib/python3.8/site-packages/airflow/example_dags/example_params_ui_tutorial.py
[2024-11-28T12:09:01.713-0600] {processor.py:914} INFO - Processing file /Library/Frameworks/Python.framework/Versions/3.8/lib/python3.8/site-packages/airflow/example_dags/example_params_ui_tutorial.py for tasks to queue
[2024-11-28T12:09:01.713-0600] {logging_mixin.py:190} INFO - [2024-11-28T12:09:01.713-0600] {dagbag.py:588} INFO - Filling up the DagBag from /Library/Frameworks/Python.framework/Versions/3.8/lib/python3.8/site-packages/airflow/example_dags/example_params_ui_tutorial.py
[2024-11-28T12:09:01.726-0600] {processor.py:925} INFO - DAG(s) 'example_params_ui_tutorial' retrieved from /Library/Frameworks/Python.framework/Versions/3.8/lib/python3.8/site-packages/airflow/example_dags/example_params_ui_tutorial.py
[2024-11-28T12:09:01.771-0600] {logging_mixin.py:190} INFO - [2024-11-28T12:09:01.770-0600] {dag.py:3239} INFO - Sync 1 DAGs
[2024-11-28T12:09:01.774-0600] {logging_mixin.py:190} INFO - [2024-11-28T12:09:01.774-0600] {dag.py:4180} INFO - Setting next_dagrun for example_params_ui_tutorial to None, run_after=None
[2024-11-28T12:09:01.779-0600] {processor.py:208} INFO - Processing /Library/Frameworks/Python.framework/Versions/3.8/lib/python3.8/site-packages/airflow/example_dags/example_params_ui_tutorial.py took 0.069 seconds
[2024-11-28T12:11:20.638-0600] {processor.py:186} INFO - Started process (PID=37253) to work on /Library/Frameworks/Python.framework/Versions/3.8/lib/python3.8/site-packages/airflow/example_dags/example_params_ui_tutorial.py
[2024-11-28T12:11:20.639-0600] {processor.py:914} INFO - Processing file /Library/Frameworks/Python.framework/Versions/3.8/lib/python3.8/site-packages/airflow/example_dags/example_params_ui_tutorial.py for tasks to queue
[2024-11-28T12:11:20.639-0600] {logging_mixin.py:190} INFO - [2024-11-28T12:11:20.639-0600] {dagbag.py:588} INFO - Filling up the DagBag from /Library/Frameworks/Python.framework/Versions/3.8/lib/python3.8/site-packages/airflow/example_dags/example_params_ui_tutorial.py
[2024-11-28T12:11:20.652-0600] {processor.py:925} INFO - DAG(s) 'example_params_ui_tutorial' retrieved from /Library/Frameworks/Python.framework/Versions/3.8/lib/python3.8/site-packages/airflow/example_dags/example_params_ui_tutorial.py
[2024-11-28T12:11:20.699-0600] {logging_mixin.py:190} INFO - [2024-11-28T12:11:20.699-0600] {dag.py:3239} INFO - Sync 1 DAGs
[2024-11-28T12:11:20.703-0600] {logging_mixin.py:190} INFO - [2024-11-28T12:11:20.703-0600] {dag.py:4180} INFO - Setting next_dagrun for example_params_ui_tutorial to None, run_after=None
[2024-11-28T12:11:20.708-0600] {processor.py:208} INFO - Processing /Library/Frameworks/Python.framework/Versions/3.8/lib/python3.8/site-packages/airflow/example_dags/example_params_ui_tutorial.py took 0.072 seconds
