[2024-11-28T11:47:39.047-0600] {processor.py:186} INFO - Started process (PID=34494) to work on /Library/Frameworks/Python.framework/Versions/3.8/lib/python3.8/site-packages/airflow/example_dags/example_inlet_event_extra.py
[2024-11-28T11:47:39.048-0600] {processor.py:914} INFO - Processing file /Library/Frameworks/Python.framework/Versions/3.8/lib/python3.8/site-packages/airflow/example_dags/example_inlet_event_extra.py for tasks to queue
[2024-11-28T11:47:39.048-0600] {logging_mixin.py:190} INFO - [2024-11-28T11:47:39.048-0600] {dagbag.py:588} INFO - Filling up the DagBag from /Library/Frameworks/Python.framework/Versions/3.8/lib/python3.8/site-packages/airflow/example_dags/example_inlet_event_extra.py
[2024-11-28T11:47:39.071-0600] {processor.py:925} INFO - DAG(s) 'read_dataset_event', 'read_dataset_event_from_classic' retrieved from /Library/Frameworks/Python.framework/Versions/3.8/lib/python3.8/site-packages/airflow/example_dags/example_inlet_event_extra.py
[2024-11-28T11:47:39.105-0600] {logging_mixin.py:190} INFO - [2024-11-28T11:47:39.105-0600] {dag.py:3239} INFO - Sync 2 DAGs
[2024-11-28T11:47:39.112-0600] {logging_mixin.py:190} INFO - [2024-11-28T11:47:39.111-0600] {dag.py:4180} INFO - Setting next_dagrun for read_dataset_event to 2024-11-27 00:00:00+00:00, run_after=2024-11-28 00:00:00+00:00
[2024-11-28T11:47:39.113-0600] {logging_mixin.py:190} INFO - [2024-11-28T11:47:39.113-0600] {dag.py:4180} INFO - Setting next_dagrun for read_dataset_event_from_classic to 2024-11-27 00:00:00+00:00, run_after=2024-11-28 00:00:00+00:00
[2024-11-28T11:47:39.118-0600] {processor.py:208} INFO - Processing /Library/Frameworks/Python.framework/Versions/3.8/lib/python3.8/site-packages/airflow/example_dags/example_inlet_event_extra.py took 0.072 seconds
[2024-11-28T11:49:54.304-0600] {processor.py:186} INFO - Started process (PID=34763) to work on /Library/Frameworks/Python.framework/Versions/3.8/lib/python3.8/site-packages/airflow/example_dags/example_inlet_event_extra.py
[2024-11-28T11:49:54.304-0600] {processor.py:914} INFO - Processing file /Library/Frameworks/Python.framework/Versions/3.8/lib/python3.8/site-packages/airflow/example_dags/example_inlet_event_extra.py for tasks to queue
[2024-11-28T11:49:54.304-0600] {logging_mixin.py:190} INFO - [2024-11-28T11:49:54.304-0600] {dagbag.py:588} INFO - Filling up the DagBag from /Library/Frameworks/Python.framework/Versions/3.8/lib/python3.8/site-packages/airflow/example_dags/example_inlet_event_extra.py
[2024-11-28T11:49:54.333-0600] {processor.py:925} INFO - DAG(s) 'read_dataset_event', 'read_dataset_event_from_classic' retrieved from /Library/Frameworks/Python.framework/Versions/3.8/lib/python3.8/site-packages/airflow/example_dags/example_inlet_event_extra.py
[2024-11-28T11:49:54.366-0600] {logging_mixin.py:190} INFO - [2024-11-28T11:49:54.366-0600] {dag.py:3239} INFO - Sync 2 DAGs
[2024-11-28T11:49:54.373-0600] {logging_mixin.py:190} INFO - [2024-11-28T11:49:54.373-0600] {dag.py:4180} INFO - Setting next_dagrun for read_dataset_event to 2024-11-27 00:00:00+00:00, run_after=2024-11-28 00:00:00+00:00
[2024-11-28T11:49:54.374-0600] {logging_mixin.py:190} INFO - [2024-11-28T11:49:54.374-0600] {dag.py:4180} INFO - Setting next_dagrun for read_dataset_event_from_classic to 2024-11-27 00:00:00+00:00, run_after=2024-11-28 00:00:00+00:00
[2024-11-28T11:49:54.378-0600] {processor.py:208} INFO - Processing /Library/Frameworks/Python.framework/Versions/3.8/lib/python3.8/site-packages/airflow/example_dags/example_inlet_event_extra.py took 0.076 seconds
[2024-11-28T11:52:06.395-0600] {processor.py:186} INFO - Started process (PID=35014) to work on /Library/Frameworks/Python.framework/Versions/3.8/lib/python3.8/site-packages/airflow/example_dags/example_inlet_event_extra.py
[2024-11-28T11:52:06.396-0600] {processor.py:914} INFO - Processing file /Library/Frameworks/Python.framework/Versions/3.8/lib/python3.8/site-packages/airflow/example_dags/example_inlet_event_extra.py for tasks to queue
[2024-11-28T11:52:06.396-0600] {logging_mixin.py:190} INFO - [2024-11-28T11:52:06.396-0600] {dagbag.py:588} INFO - Filling up the DagBag from /Library/Frameworks/Python.framework/Versions/3.8/lib/python3.8/site-packages/airflow/example_dags/example_inlet_event_extra.py
[2024-11-28T11:52:06.419-0600] {processor.py:925} INFO - DAG(s) 'read_dataset_event_from_classic', 'read_dataset_event' retrieved from /Library/Frameworks/Python.framework/Versions/3.8/lib/python3.8/site-packages/airflow/example_dags/example_inlet_event_extra.py
[2024-11-28T11:52:06.454-0600] {logging_mixin.py:190} INFO - [2024-11-28T11:52:06.454-0600] {dag.py:3239} INFO - Sync 2 DAGs
[2024-11-28T11:52:06.460-0600] {logging_mixin.py:190} INFO - [2024-11-28T11:52:06.460-0600] {dag.py:4180} INFO - Setting next_dagrun for read_dataset_event to 2024-11-27 00:00:00+00:00, run_after=2024-11-28 00:00:00+00:00
[2024-11-28T11:52:06.462-0600] {logging_mixin.py:190} INFO - [2024-11-28T11:52:06.462-0600] {dag.py:4180} INFO - Setting next_dagrun for read_dataset_event_from_classic to 2024-11-27 00:00:00+00:00, run_after=2024-11-28 00:00:00+00:00
[2024-11-28T11:52:06.466-0600] {processor.py:208} INFO - Processing /Library/Frameworks/Python.framework/Versions/3.8/lib/python3.8/site-packages/airflow/example_dags/example_inlet_event_extra.py took 0.073 seconds
[2024-11-28T11:54:20.491-0600] {processor.py:186} INFO - Started process (PID=35311) to work on /Library/Frameworks/Python.framework/Versions/3.8/lib/python3.8/site-packages/airflow/example_dags/example_inlet_event_extra.py
[2024-11-28T11:54:20.492-0600] {processor.py:914} INFO - Processing file /Library/Frameworks/Python.framework/Versions/3.8/lib/python3.8/site-packages/airflow/example_dags/example_inlet_event_extra.py for tasks to queue
[2024-11-28T11:54:20.492-0600] {logging_mixin.py:190} INFO - [2024-11-28T11:54:20.492-0600] {dagbag.py:588} INFO - Filling up the DagBag from /Library/Frameworks/Python.framework/Versions/3.8/lib/python3.8/site-packages/airflow/example_dags/example_inlet_event_extra.py
[2024-11-28T11:54:20.521-0600] {processor.py:925} INFO - DAG(s) 'read_dataset_event', 'read_dataset_event_from_classic' retrieved from /Library/Frameworks/Python.framework/Versions/3.8/lib/python3.8/site-packages/airflow/example_dags/example_inlet_event_extra.py
[2024-11-28T11:54:20.555-0600] {logging_mixin.py:190} INFO - [2024-11-28T11:54:20.555-0600] {dag.py:3239} INFO - Sync 2 DAGs
[2024-11-28T11:54:20.562-0600] {logging_mixin.py:190} INFO - [2024-11-28T11:54:20.562-0600] {dag.py:4180} INFO - Setting next_dagrun for read_dataset_event to 2024-11-27 00:00:00+00:00, run_after=2024-11-28 00:00:00+00:00
[2024-11-28T11:54:20.563-0600] {logging_mixin.py:190} INFO - [2024-11-28T11:54:20.563-0600] {dag.py:4180} INFO - Setting next_dagrun for read_dataset_event_from_classic to 2024-11-27 00:00:00+00:00, run_after=2024-11-28 00:00:00+00:00
[2024-11-28T11:54:20.567-0600] {processor.py:208} INFO - Processing /Library/Frameworks/Python.framework/Versions/3.8/lib/python3.8/site-packages/airflow/example_dags/example_inlet_event_extra.py took 0.078 seconds
[2024-11-28T11:56:32.935-0600] {processor.py:186} INFO - Started process (PID=35565) to work on /Library/Frameworks/Python.framework/Versions/3.8/lib/python3.8/site-packages/airflow/example_dags/example_inlet_event_extra.py
[2024-11-28T11:56:32.936-0600] {processor.py:914} INFO - Processing file /Library/Frameworks/Python.framework/Versions/3.8/lib/python3.8/site-packages/airflow/example_dags/example_inlet_event_extra.py for tasks to queue
[2024-11-28T11:56:32.937-0600] {logging_mixin.py:190} INFO - [2024-11-28T11:56:32.937-0600] {dagbag.py:588} INFO - Filling up the DagBag from /Library/Frameworks/Python.framework/Versions/3.8/lib/python3.8/site-packages/airflow/example_dags/example_inlet_event_extra.py
[2024-11-28T11:56:32.965-0600] {processor.py:925} INFO - DAG(s) 'read_dataset_event', 'read_dataset_event_from_classic' retrieved from /Library/Frameworks/Python.framework/Versions/3.8/lib/python3.8/site-packages/airflow/example_dags/example_inlet_event_extra.py
[2024-11-28T11:56:33.000-0600] {logging_mixin.py:190} INFO - [2024-11-28T11:56:33.000-0600] {dag.py:3239} INFO - Sync 2 DAGs
[2024-11-28T11:56:33.007-0600] {logging_mixin.py:190} INFO - [2024-11-28T11:56:33.007-0600] {dag.py:4180} INFO - Setting next_dagrun for read_dataset_event to 2024-11-27 00:00:00+00:00, run_after=2024-11-28 00:00:00+00:00
[2024-11-28T11:56:33.008-0600] {logging_mixin.py:190} INFO - [2024-11-28T11:56:33.008-0600] {dag.py:4180} INFO - Setting next_dagrun for read_dataset_event_from_classic to 2024-11-27 00:00:00+00:00, run_after=2024-11-28 00:00:00+00:00
[2024-11-28T11:56:33.013-0600] {processor.py:208} INFO - Processing /Library/Frameworks/Python.framework/Versions/3.8/lib/python3.8/site-packages/airflow/example_dags/example_inlet_event_extra.py took 0.079 seconds
[2024-11-28T11:58:47.009-0600] {processor.py:186} INFO - Started process (PID=35815) to work on /Library/Frameworks/Python.framework/Versions/3.8/lib/python3.8/site-packages/airflow/example_dags/example_inlet_event_extra.py
[2024-11-28T11:58:47.010-0600] {processor.py:914} INFO - Processing file /Library/Frameworks/Python.framework/Versions/3.8/lib/python3.8/site-packages/airflow/example_dags/example_inlet_event_extra.py for tasks to queue
[2024-11-28T11:58:47.010-0600] {logging_mixin.py:190} INFO - [2024-11-28T11:58:47.010-0600] {dagbag.py:588} INFO - Filling up the DagBag from /Library/Frameworks/Python.framework/Versions/3.8/lib/python3.8/site-packages/airflow/example_dags/example_inlet_event_extra.py
[2024-11-28T11:58:47.033-0600] {processor.py:925} INFO - DAG(s) 'read_dataset_event_from_classic', 'read_dataset_event' retrieved from /Library/Frameworks/Python.framework/Versions/3.8/lib/python3.8/site-packages/airflow/example_dags/example_inlet_event_extra.py
[2024-11-28T11:58:47.067-0600] {logging_mixin.py:190} INFO - [2024-11-28T11:58:47.067-0600] {dag.py:3239} INFO - Sync 2 DAGs
[2024-11-28T11:58:47.073-0600] {logging_mixin.py:190} INFO - [2024-11-28T11:58:47.073-0600] {dag.py:4180} INFO - Setting next_dagrun for read_dataset_event to 2024-11-27 00:00:00+00:00, run_after=2024-11-28 00:00:00+00:00
[2024-11-28T11:58:47.074-0600] {logging_mixin.py:190} INFO - [2024-11-28T11:58:47.074-0600] {dag.py:4180} INFO - Setting next_dagrun for read_dataset_event_from_classic to 2024-11-27 00:00:00+00:00, run_after=2024-11-28 00:00:00+00:00
[2024-11-28T11:58:47.079-0600] {processor.py:208} INFO - Processing /Library/Frameworks/Python.framework/Versions/3.8/lib/python3.8/site-packages/airflow/example_dags/example_inlet_event_extra.py took 0.071 seconds
[2024-11-28T12:00:24.519-0600] {processor.py:186} INFO - Started process (PID=35998) to work on /Library/Frameworks/Python.framework/Versions/3.8/lib/python3.8/site-packages/airflow/example_dags/example_inlet_event_extra.py
[2024-11-28T12:00:24.520-0600] {processor.py:914} INFO - Processing file /Library/Frameworks/Python.framework/Versions/3.8/lib/python3.8/site-packages/airflow/example_dags/example_inlet_event_extra.py for tasks to queue
[2024-11-28T12:00:24.520-0600] {logging_mixin.py:190} INFO - [2024-11-28T12:00:24.520-0600] {dagbag.py:588} INFO - Filling up the DagBag from /Library/Frameworks/Python.framework/Versions/3.8/lib/python3.8/site-packages/airflow/example_dags/example_inlet_event_extra.py
[2024-11-28T12:00:24.544-0600] {processor.py:925} INFO - DAG(s) 'read_dataset_event_from_classic', 'read_dataset_event' retrieved from /Library/Frameworks/Python.framework/Versions/3.8/lib/python3.8/site-packages/airflow/example_dags/example_inlet_event_extra.py
[2024-11-28T12:00:24.579-0600] {logging_mixin.py:190} INFO - [2024-11-28T12:00:24.579-0600] {dag.py:3239} INFO - Sync 2 DAGs
[2024-11-28T12:00:24.585-0600] {logging_mixin.py:190} INFO - [2024-11-28T12:00:24.585-0600] {dag.py:4180} INFO - Setting next_dagrun for read_dataset_event to 2024-11-27 00:00:00+00:00, run_after=2024-11-28 00:00:00+00:00
[2024-11-28T12:00:24.587-0600] {logging_mixin.py:190} INFO - [2024-11-28T12:00:24.587-0600] {dag.py:4180} INFO - Setting next_dagrun for read_dataset_event_from_classic to 2024-11-27 00:00:00+00:00, run_after=2024-11-28 00:00:00+00:00
[2024-11-28T12:00:24.591-0600] {processor.py:208} INFO - Processing /Library/Frameworks/Python.framework/Versions/3.8/lib/python3.8/site-packages/airflow/example_dags/example_inlet_event_extra.py took 0.074 seconds
[2024-11-28T12:02:38.349-0600] {processor.py:186} INFO - Started process (PID=36249) to work on /Library/Frameworks/Python.framework/Versions/3.8/lib/python3.8/site-packages/airflow/example_dags/example_inlet_event_extra.py
[2024-11-28T12:02:38.350-0600] {processor.py:914} INFO - Processing file /Library/Frameworks/Python.framework/Versions/3.8/lib/python3.8/site-packages/airflow/example_dags/example_inlet_event_extra.py for tasks to queue
[2024-11-28T12:02:38.350-0600] {logging_mixin.py:190} INFO - [2024-11-28T12:02:38.350-0600] {dagbag.py:588} INFO - Filling up the DagBag from /Library/Frameworks/Python.framework/Versions/3.8/lib/python3.8/site-packages/airflow/example_dags/example_inlet_event_extra.py
[2024-11-28T12:02:38.372-0600] {processor.py:925} INFO - DAG(s) 'read_dataset_event_from_classic', 'read_dataset_event' retrieved from /Library/Frameworks/Python.framework/Versions/3.8/lib/python3.8/site-packages/airflow/example_dags/example_inlet_event_extra.py
[2024-11-28T12:02:38.406-0600] {logging_mixin.py:190} INFO - [2024-11-28T12:02:38.406-0600] {dag.py:3239} INFO - Sync 2 DAGs
[2024-11-28T12:02:38.413-0600] {logging_mixin.py:190} INFO - [2024-11-28T12:02:38.413-0600] {dag.py:4180} INFO - Setting next_dagrun for read_dataset_event to 2024-11-27 00:00:00+00:00, run_after=2024-11-28 00:00:00+00:00
[2024-11-28T12:02:38.414-0600] {logging_mixin.py:190} INFO - [2024-11-28T12:02:38.414-0600] {dag.py:4180} INFO - Setting next_dagrun for read_dataset_event_from_classic to 2024-11-27 00:00:00+00:00, run_after=2024-11-28 00:00:00+00:00
[2024-11-28T12:02:38.419-0600] {processor.py:208} INFO - Processing /Library/Frameworks/Python.framework/Versions/3.8/lib/python3.8/site-packages/airflow/example_dags/example_inlet_event_extra.py took 0.071 seconds
[2024-11-28T12:04:53.023-0600] {processor.py:186} INFO - Started process (PID=36502) to work on /Library/Frameworks/Python.framework/Versions/3.8/lib/python3.8/site-packages/airflow/example_dags/example_inlet_event_extra.py
[2024-11-28T12:04:53.024-0600] {processor.py:914} INFO - Processing file /Library/Frameworks/Python.framework/Versions/3.8/lib/python3.8/site-packages/airflow/example_dags/example_inlet_event_extra.py for tasks to queue
[2024-11-28T12:04:53.025-0600] {logging_mixin.py:190} INFO - [2024-11-28T12:04:53.025-0600] {dagbag.py:588} INFO - Filling up the DagBag from /Library/Frameworks/Python.framework/Versions/3.8/lib/python3.8/site-packages/airflow/example_dags/example_inlet_event_extra.py
[2024-11-28T12:04:53.052-0600] {processor.py:925} INFO - DAG(s) 'read_dataset_event', 'read_dataset_event_from_classic' retrieved from /Library/Frameworks/Python.framework/Versions/3.8/lib/python3.8/site-packages/airflow/example_dags/example_inlet_event_extra.py
[2024-11-28T12:04:53.088-0600] {logging_mixin.py:190} INFO - [2024-11-28T12:04:53.087-0600] {dag.py:3239} INFO - Sync 2 DAGs
[2024-11-28T12:04:53.094-0600] {logging_mixin.py:190} INFO - [2024-11-28T12:04:53.094-0600] {dag.py:4180} INFO - Setting next_dagrun for read_dataset_event to 2024-11-27 00:00:00+00:00, run_after=2024-11-28 00:00:00+00:00
[2024-11-28T12:04:53.096-0600] {logging_mixin.py:190} INFO - [2024-11-28T12:04:53.095-0600] {dag.py:4180} INFO - Setting next_dagrun for read_dataset_event_from_classic to 2024-11-27 00:00:00+00:00, run_after=2024-11-28 00:00:00+00:00
[2024-11-28T12:04:53.100-0600] {processor.py:208} INFO - Processing /Library/Frameworks/Python.framework/Versions/3.8/lib/python3.8/site-packages/airflow/example_dags/example_inlet_event_extra.py took 0.079 seconds
[2024-11-28T12:07:00.658-0600] {processor.py:186} INFO - Started process (PID=36748) to work on /Library/Frameworks/Python.framework/Versions/3.8/lib/python3.8/site-packages/airflow/example_dags/example_inlet_event_extra.py
[2024-11-28T12:07:00.658-0600] {processor.py:914} INFO - Processing file /Library/Frameworks/Python.framework/Versions/3.8/lib/python3.8/site-packages/airflow/example_dags/example_inlet_event_extra.py for tasks to queue
[2024-11-28T12:07:00.659-0600] {logging_mixin.py:190} INFO - [2024-11-28T12:07:00.659-0600] {dagbag.py:588} INFO - Filling up the DagBag from /Library/Frameworks/Python.framework/Versions/3.8/lib/python3.8/site-packages/airflow/example_dags/example_inlet_event_extra.py
[2024-11-28T12:07:00.681-0600] {processor.py:925} INFO - DAG(s) 'read_dataset_event', 'read_dataset_event_from_classic' retrieved from /Library/Frameworks/Python.framework/Versions/3.8/lib/python3.8/site-packages/airflow/example_dags/example_inlet_event_extra.py
[2024-11-28T12:07:00.717-0600] {logging_mixin.py:190} INFO - [2024-11-28T12:07:00.717-0600] {dag.py:3239} INFO - Sync 2 DAGs
[2024-11-28T12:07:00.723-0600] {logging_mixin.py:190} INFO - [2024-11-28T12:07:00.723-0600] {dag.py:4180} INFO - Setting next_dagrun for read_dataset_event to 2024-11-27 00:00:00+00:00, run_after=2024-11-28 00:00:00+00:00
[2024-11-28T12:07:00.725-0600] {logging_mixin.py:190} INFO - [2024-11-28T12:07:00.725-0600] {dag.py:4180} INFO - Setting next_dagrun for read_dataset_event_from_classic to 2024-11-27 00:00:00+00:00, run_after=2024-11-28 00:00:00+00:00
[2024-11-28T12:07:00.729-0600] {processor.py:208} INFO - Processing /Library/Frameworks/Python.framework/Versions/3.8/lib/python3.8/site-packages/airflow/example_dags/example_inlet_event_extra.py took 0.073 seconds
[2024-11-28T12:09:16.304-0600] {processor.py:186} INFO - Started process (PID=36993) to work on /Library/Frameworks/Python.framework/Versions/3.8/lib/python3.8/site-packages/airflow/example_dags/example_inlet_event_extra.py
[2024-11-28T12:09:16.305-0600] {processor.py:914} INFO - Processing file /Library/Frameworks/Python.framework/Versions/3.8/lib/python3.8/site-packages/airflow/example_dags/example_inlet_event_extra.py for tasks to queue
[2024-11-28T12:09:16.305-0600] {logging_mixin.py:190} INFO - [2024-11-28T12:09:16.305-0600] {dagbag.py:588} INFO - Filling up the DagBag from /Library/Frameworks/Python.framework/Versions/3.8/lib/python3.8/site-packages/airflow/example_dags/example_inlet_event_extra.py
[2024-11-28T12:09:16.333-0600] {processor.py:925} INFO - DAG(s) 'read_dataset_event_from_classic', 'read_dataset_event' retrieved from /Library/Frameworks/Python.framework/Versions/3.8/lib/python3.8/site-packages/airflow/example_dags/example_inlet_event_extra.py
[2024-11-28T12:09:16.368-0600] {logging_mixin.py:190} INFO - [2024-11-28T12:09:16.368-0600] {dag.py:3239} INFO - Sync 2 DAGs
[2024-11-28T12:09:16.374-0600] {logging_mixin.py:190} INFO - [2024-11-28T12:09:16.374-0600] {dag.py:4180} INFO - Setting next_dagrun for read_dataset_event to 2024-11-27 00:00:00+00:00, run_after=2024-11-28 00:00:00+00:00
[2024-11-28T12:09:16.376-0600] {logging_mixin.py:190} INFO - [2024-11-28T12:09:16.376-0600] {dag.py:4180} INFO - Setting next_dagrun for read_dataset_event_from_classic to 2024-11-27 00:00:00+00:00, run_after=2024-11-28 00:00:00+00:00
[2024-11-28T12:09:16.380-0600] {processor.py:208} INFO - Processing /Library/Frameworks/Python.framework/Versions/3.8/lib/python3.8/site-packages/airflow/example_dags/example_inlet_event_extra.py took 0.078 seconds
[2024-11-28T12:11:34.627-0600] {processor.py:186} INFO - Started process (PID=37281) to work on /Library/Frameworks/Python.framework/Versions/3.8/lib/python3.8/site-packages/airflow/example_dags/example_inlet_event_extra.py
[2024-11-28T12:11:34.628-0600] {processor.py:914} INFO - Processing file /Library/Frameworks/Python.framework/Versions/3.8/lib/python3.8/site-packages/airflow/example_dags/example_inlet_event_extra.py for tasks to queue
[2024-11-28T12:11:34.629-0600] {logging_mixin.py:190} INFO - [2024-11-28T12:11:34.629-0600] {dagbag.py:588} INFO - Filling up the DagBag from /Library/Frameworks/Python.framework/Versions/3.8/lib/python3.8/site-packages/airflow/example_dags/example_inlet_event_extra.py
[2024-11-28T12:11:34.651-0600] {processor.py:925} INFO - DAG(s) 'read_dataset_event', 'read_dataset_event_from_classic' retrieved from /Library/Frameworks/Python.framework/Versions/3.8/lib/python3.8/site-packages/airflow/example_dags/example_inlet_event_extra.py
[2024-11-28T12:11:34.685-0600] {logging_mixin.py:190} INFO - [2024-11-28T12:11:34.685-0600] {dag.py:3239} INFO - Sync 2 DAGs
[2024-11-28T12:11:34.691-0600] {logging_mixin.py:190} INFO - [2024-11-28T12:11:34.691-0600] {dag.py:4180} INFO - Setting next_dagrun for read_dataset_event to 2024-11-27 00:00:00+00:00, run_after=2024-11-28 00:00:00+00:00
[2024-11-28T12:11:34.693-0600] {logging_mixin.py:190} INFO - [2024-11-28T12:11:34.693-0600] {dag.py:4180} INFO - Setting next_dagrun for read_dataset_event_from_classic to 2024-11-27 00:00:00+00:00, run_after=2024-11-28 00:00:00+00:00
[2024-11-28T12:11:34.697-0600] {processor.py:208} INFO - Processing /Library/Frameworks/Python.framework/Versions/3.8/lib/python3.8/site-packages/airflow/example_dags/example_inlet_event_extra.py took 0.071 seconds
