[2024-11-28T11:48:07.944-0600] {processor.py:186} INFO - Started process (PID=34546) to work on /Library/Frameworks/Python.framework/Versions/3.8/lib/python3.8/site-packages/airflow/example_dags/example_bash_decorator.py
[2024-11-28T11:48:07.944-0600] {processor.py:914} INFO - Processing file /Library/Frameworks/Python.framework/Versions/3.8/lib/python3.8/site-packages/airflow/example_dags/example_bash_decorator.py for tasks to queue
[2024-11-28T11:48:07.944-0600] {logging_mixin.py:190} INFO - [2024-11-28T11:48:07.944-0600] {dagbag.py:588} INFO - Filling up the DagBag from /Library/Frameworks/Python.framework/Versions/3.8/lib/python3.8/site-packages/airflow/example_dags/example_bash_decorator.py
[2024-11-28T11:48:07.959-0600] {processor.py:925} INFO - DAG(s) 'example_bash_decorator' retrieved from /Library/Frameworks/Python.framework/Versions/3.8/lib/python3.8/site-packages/airflow/example_dags/example_bash_decorator.py
[2024-11-28T11:48:08.033-0600] {logging_mixin.py:190} INFO - [2024-11-28T11:48:08.032-0600] {dag.py:3239} INFO - Sync 1 DAGs
[2024-11-28T11:48:08.036-0600] {logging_mixin.py:190} INFO - [2024-11-28T11:48:08.036-0600] {dag.py:4180} INFO - Setting next_dagrun for example_bash_decorator to None, run_after=None
[2024-11-28T11:48:08.041-0600] {processor.py:208} INFO - Processing /Library/Frameworks/Python.framework/Versions/3.8/lib/python3.8/site-packages/airflow/example_dags/example_bash_decorator.py took 0.099 seconds
[2024-11-28T11:50:22.673-0600] {processor.py:186} INFO - Started process (PID=34817) to work on /Library/Frameworks/Python.framework/Versions/3.8/lib/python3.8/site-packages/airflow/example_dags/example_bash_decorator.py
[2024-11-28T11:50:22.673-0600] {processor.py:914} INFO - Processing file /Library/Frameworks/Python.framework/Versions/3.8/lib/python3.8/site-packages/airflow/example_dags/example_bash_decorator.py for tasks to queue
[2024-11-28T11:50:22.674-0600] {logging_mixin.py:190} INFO - [2024-11-28T11:50:22.674-0600] {dagbag.py:588} INFO - Filling up the DagBag from /Library/Frameworks/Python.framework/Versions/3.8/lib/python3.8/site-packages/airflow/example_dags/example_bash_decorator.py
[2024-11-28T11:50:22.688-0600] {processor.py:925} INFO - DAG(s) 'example_bash_decorator' retrieved from /Library/Frameworks/Python.framework/Versions/3.8/lib/python3.8/site-packages/airflow/example_dags/example_bash_decorator.py
[2024-11-28T11:50:22.753-0600] {logging_mixin.py:190} INFO - [2024-11-28T11:50:22.753-0600] {dag.py:3239} INFO - Sync 1 DAGs
[2024-11-28T11:50:22.756-0600] {logging_mixin.py:190} INFO - [2024-11-28T11:50:22.756-0600] {dag.py:4180} INFO - Setting next_dagrun for example_bash_decorator to None, run_after=None
[2024-11-28T11:50:22.762-0600] {processor.py:208} INFO - Processing /Library/Frameworks/Python.framework/Versions/3.8/lib/python3.8/site-packages/airflow/example_dags/example_bash_decorator.py took 0.090 seconds
[2024-11-28T11:52:35.259-0600] {processor.py:186} INFO - Started process (PID=35067) to work on /Library/Frameworks/Python.framework/Versions/3.8/lib/python3.8/site-packages/airflow/example_dags/example_bash_decorator.py
[2024-11-28T11:52:35.260-0600] {processor.py:914} INFO - Processing file /Library/Frameworks/Python.framework/Versions/3.8/lib/python3.8/site-packages/airflow/example_dags/example_bash_decorator.py for tasks to queue
[2024-11-28T11:52:35.261-0600] {logging_mixin.py:190} INFO - [2024-11-28T11:52:35.261-0600] {dagbag.py:588} INFO - Filling up the DagBag from /Library/Frameworks/Python.framework/Versions/3.8/lib/python3.8/site-packages/airflow/example_dags/example_bash_decorator.py
[2024-11-28T11:52:35.274-0600] {processor.py:925} INFO - DAG(s) 'example_bash_decorator' retrieved from /Library/Frameworks/Python.framework/Versions/3.8/lib/python3.8/site-packages/airflow/example_dags/example_bash_decorator.py
[2024-11-28T11:52:35.342-0600] {logging_mixin.py:190} INFO - [2024-11-28T11:52:35.342-0600] {dag.py:3239} INFO - Sync 1 DAGs
[2024-11-28T11:52:35.345-0600] {logging_mixin.py:190} INFO - [2024-11-28T11:52:35.345-0600] {dag.py:4180} INFO - Setting next_dagrun for example_bash_decorator to None, run_after=None
[2024-11-28T11:52:35.350-0600] {processor.py:208} INFO - Processing /Library/Frameworks/Python.framework/Versions/3.8/lib/python3.8/site-packages/airflow/example_dags/example_bash_decorator.py took 0.093 seconds
[2024-11-28T11:54:47.384-0600] {processor.py:186} INFO - Started process (PID=35362) to work on /Library/Frameworks/Python.framework/Versions/3.8/lib/python3.8/site-packages/airflow/example_dags/example_bash_decorator.py
[2024-11-28T11:54:47.385-0600] {processor.py:914} INFO - Processing file /Library/Frameworks/Python.framework/Versions/3.8/lib/python3.8/site-packages/airflow/example_dags/example_bash_decorator.py for tasks to queue
[2024-11-28T11:54:47.385-0600] {logging_mixin.py:190} INFO - [2024-11-28T11:54:47.385-0600] {dagbag.py:588} INFO - Filling up the DagBag from /Library/Frameworks/Python.framework/Versions/3.8/lib/python3.8/site-packages/airflow/example_dags/example_bash_decorator.py
[2024-11-28T11:54:47.399-0600] {processor.py:925} INFO - DAG(s) 'example_bash_decorator' retrieved from /Library/Frameworks/Python.framework/Versions/3.8/lib/python3.8/site-packages/airflow/example_dags/example_bash_decorator.py
[2024-11-28T11:54:47.465-0600] {logging_mixin.py:190} INFO - [2024-11-28T11:54:47.465-0600] {dag.py:3239} INFO - Sync 1 DAGs
[2024-11-28T11:54:47.468-0600] {logging_mixin.py:190} INFO - [2024-11-28T11:54:47.468-0600] {dag.py:4180} INFO - Setting next_dagrun for example_bash_decorator to None, run_after=None
[2024-11-28T11:54:47.474-0600] {processor.py:208} INFO - Processing /Library/Frameworks/Python.framework/Versions/3.8/lib/python3.8/site-packages/airflow/example_dags/example_bash_decorator.py took 0.091 seconds
[2024-11-28T11:57:01.698-0600] {processor.py:186} INFO - Started process (PID=35621) to work on /Library/Frameworks/Python.framework/Versions/3.8/lib/python3.8/site-packages/airflow/example_dags/example_bash_decorator.py
[2024-11-28T11:57:01.699-0600] {processor.py:914} INFO - Processing file /Library/Frameworks/Python.framework/Versions/3.8/lib/python3.8/site-packages/airflow/example_dags/example_bash_decorator.py for tasks to queue
[2024-11-28T11:57:01.699-0600] {logging_mixin.py:190} INFO - [2024-11-28T11:57:01.699-0600] {dagbag.py:588} INFO - Filling up the DagBag from /Library/Frameworks/Python.framework/Versions/3.8/lib/python3.8/site-packages/airflow/example_dags/example_bash_decorator.py
[2024-11-28T11:57:01.713-0600] {processor.py:925} INFO - DAG(s) 'example_bash_decorator' retrieved from /Library/Frameworks/Python.framework/Versions/3.8/lib/python3.8/site-packages/airflow/example_dags/example_bash_decorator.py
[2024-11-28T11:57:01.794-0600] {logging_mixin.py:190} INFO - [2024-11-28T11:57:01.794-0600] {dag.py:3239} INFO - Sync 1 DAGs
[2024-11-28T11:57:01.797-0600] {logging_mixin.py:190} INFO - [2024-11-28T11:57:01.797-0600] {dag.py:4180} INFO - Setting next_dagrun for example_bash_decorator to None, run_after=None
[2024-11-28T11:57:01.802-0600] {processor.py:208} INFO - Processing /Library/Frameworks/Python.framework/Versions/3.8/lib/python3.8/site-packages/airflow/example_dags/example_bash_decorator.py took 0.106 seconds
[2024-11-28T11:59:16.335-0600] {processor.py:186} INFO - Started process (PID=35870) to work on /Library/Frameworks/Python.framework/Versions/3.8/lib/python3.8/site-packages/airflow/example_dags/example_bash_decorator.py
[2024-11-28T11:59:16.336-0600] {processor.py:914} INFO - Processing file /Library/Frameworks/Python.framework/Versions/3.8/lib/python3.8/site-packages/airflow/example_dags/example_bash_decorator.py for tasks to queue
[2024-11-28T11:59:16.336-0600] {logging_mixin.py:190} INFO - [2024-11-28T11:59:16.336-0600] {dagbag.py:588} INFO - Filling up the DagBag from /Library/Frameworks/Python.framework/Versions/3.8/lib/python3.8/site-packages/airflow/example_dags/example_bash_decorator.py
[2024-11-28T11:59:16.355-0600] {processor.py:925} INFO - DAG(s) 'example_bash_decorator' retrieved from /Library/Frameworks/Python.framework/Versions/3.8/lib/python3.8/site-packages/airflow/example_dags/example_bash_decorator.py
[2024-11-28T11:59:16.435-0600] {logging_mixin.py:190} INFO - [2024-11-28T11:59:16.435-0600] {dag.py:3239} INFO - Sync 1 DAGs
[2024-11-28T11:59:16.439-0600] {logging_mixin.py:190} INFO - [2024-11-28T11:59:16.439-0600] {dag.py:4180} INFO - Setting next_dagrun for example_bash_decorator to None, run_after=None
[2024-11-28T11:59:16.444-0600] {processor.py:208} INFO - Processing /Library/Frameworks/Python.framework/Versions/3.8/lib/python3.8/site-packages/airflow/example_dags/example_bash_decorator.py took 0.110 seconds
[2024-11-28T12:01:31.914-0600] {processor.py:186} INFO - Started process (PID=36127) to work on /Library/Frameworks/Python.framework/Versions/3.8/lib/python3.8/site-packages/airflow/example_dags/example_bash_decorator.py
[2024-11-28T12:01:31.915-0600] {processor.py:914} INFO - Processing file /Library/Frameworks/Python.framework/Versions/3.8/lib/python3.8/site-packages/airflow/example_dags/example_bash_decorator.py for tasks to queue
[2024-11-28T12:01:31.915-0600] {logging_mixin.py:190} INFO - [2024-11-28T12:01:31.915-0600] {dagbag.py:588} INFO - Filling up the DagBag from /Library/Frameworks/Python.framework/Versions/3.8/lib/python3.8/site-packages/airflow/example_dags/example_bash_decorator.py
[2024-11-28T12:01:31.929-0600] {processor.py:925} INFO - DAG(s) 'example_bash_decorator' retrieved from /Library/Frameworks/Python.framework/Versions/3.8/lib/python3.8/site-packages/airflow/example_dags/example_bash_decorator.py
[2024-11-28T12:01:31.996-0600] {logging_mixin.py:190} INFO - [2024-11-28T12:01:31.996-0600] {dag.py:3239} INFO - Sync 1 DAGs
[2024-11-28T12:01:32.000-0600] {logging_mixin.py:190} INFO - [2024-11-28T12:01:32.000-0600] {dag.py:4180} INFO - Setting next_dagrun for example_bash_decorator to None, run_after=None
[2024-11-28T12:01:32.005-0600] {processor.py:208} INFO - Processing /Library/Frameworks/Python.framework/Versions/3.8/lib/python3.8/site-packages/airflow/example_dags/example_bash_decorator.py took 0.093 seconds
[2024-11-28T12:03:44.234-0600] {processor.py:186} INFO - Started process (PID=36374) to work on /Library/Frameworks/Python.framework/Versions/3.8/lib/python3.8/site-packages/airflow/example_dags/example_bash_decorator.py
[2024-11-28T12:03:44.235-0600] {processor.py:914} INFO - Processing file /Library/Frameworks/Python.framework/Versions/3.8/lib/python3.8/site-packages/airflow/example_dags/example_bash_decorator.py for tasks to queue
[2024-11-28T12:03:44.236-0600] {logging_mixin.py:190} INFO - [2024-11-28T12:03:44.236-0600] {dagbag.py:588} INFO - Filling up the DagBag from /Library/Frameworks/Python.framework/Versions/3.8/lib/python3.8/site-packages/airflow/example_dags/example_bash_decorator.py
[2024-11-28T12:03:44.253-0600] {processor.py:925} INFO - DAG(s) 'example_bash_decorator' retrieved from /Library/Frameworks/Python.framework/Versions/3.8/lib/python3.8/site-packages/airflow/example_dags/example_bash_decorator.py
[2024-11-28T12:03:44.330-0600] {logging_mixin.py:190} INFO - [2024-11-28T12:03:44.330-0600] {dag.py:3239} INFO - Sync 1 DAGs
[2024-11-28T12:03:44.333-0600] {logging_mixin.py:190} INFO - [2024-11-28T12:03:44.333-0600] {dag.py:4180} INFO - Setting next_dagrun for example_bash_decorator to None, run_after=None
[2024-11-28T12:03:44.339-0600] {processor.py:208} INFO - Processing /Library/Frameworks/Python.framework/Versions/3.8/lib/python3.8/site-packages/airflow/example_dags/example_bash_decorator.py took 0.106 seconds
[2024-11-28T12:05:56.400-0600] {processor.py:186} INFO - Started process (PID=36627) to work on /Library/Frameworks/Python.framework/Versions/3.8/lib/python3.8/site-packages/airflow/example_dags/example_bash_decorator.py
[2024-11-28T12:05:56.402-0600] {processor.py:914} INFO - Processing file /Library/Frameworks/Python.framework/Versions/3.8/lib/python3.8/site-packages/airflow/example_dags/example_bash_decorator.py for tasks to queue
[2024-11-28T12:05:56.402-0600] {logging_mixin.py:190} INFO - [2024-11-28T12:05:56.402-0600] {dagbag.py:588} INFO - Filling up the DagBag from /Library/Frameworks/Python.framework/Versions/3.8/lib/python3.8/site-packages/airflow/example_dags/example_bash_decorator.py
[2024-11-28T12:05:56.415-0600] {processor.py:925} INFO - DAG(s) 'example_bash_decorator' retrieved from /Library/Frameworks/Python.framework/Versions/3.8/lib/python3.8/site-packages/airflow/example_dags/example_bash_decorator.py
[2024-11-28T12:05:56.480-0600] {logging_mixin.py:190} INFO - [2024-11-28T12:05:56.480-0600] {dag.py:3239} INFO - Sync 1 DAGs
[2024-11-28T12:05:56.483-0600] {logging_mixin.py:190} INFO - [2024-11-28T12:05:56.483-0600] {dag.py:4180} INFO - Setting next_dagrun for example_bash_decorator to None, run_after=None
[2024-11-28T12:05:56.489-0600] {processor.py:208} INFO - Processing /Library/Frameworks/Python.framework/Versions/3.8/lib/python3.8/site-packages/airflow/example_dags/example_bash_decorator.py took 0.089 seconds
[2024-11-28T12:08:06.360-0600] {processor.py:186} INFO - Started process (PID=36866) to work on /Library/Frameworks/Python.framework/Versions/3.8/lib/python3.8/site-packages/airflow/example_dags/example_bash_decorator.py
[2024-11-28T12:08:06.361-0600] {processor.py:914} INFO - Processing file /Library/Frameworks/Python.framework/Versions/3.8/lib/python3.8/site-packages/airflow/example_dags/example_bash_decorator.py for tasks to queue
[2024-11-28T12:08:06.362-0600] {logging_mixin.py:190} INFO - [2024-11-28T12:08:06.362-0600] {dagbag.py:588} INFO - Filling up the DagBag from /Library/Frameworks/Python.framework/Versions/3.8/lib/python3.8/site-packages/airflow/example_dags/example_bash_decorator.py
[2024-11-28T12:08:06.378-0600] {processor.py:925} INFO - DAG(s) 'example_bash_decorator' retrieved from /Library/Frameworks/Python.framework/Versions/3.8/lib/python3.8/site-packages/airflow/example_dags/example_bash_decorator.py
[2024-11-28T12:08:06.454-0600] {logging_mixin.py:190} INFO - [2024-11-28T12:08:06.454-0600] {dag.py:3239} INFO - Sync 1 DAGs
[2024-11-28T12:08:06.457-0600] {logging_mixin.py:190} INFO - [2024-11-28T12:08:06.457-0600] {dag.py:4180} INFO - Setting next_dagrun for example_bash_decorator to None, run_after=None
[2024-11-28T12:08:06.462-0600] {processor.py:208} INFO - Processing /Library/Frameworks/Python.framework/Versions/3.8/lib/python3.8/site-packages/airflow/example_dags/example_bash_decorator.py took 0.103 seconds
[2024-11-28T12:10:25.484-0600] {processor.py:186} INFO - Started process (PID=37124) to work on /Library/Frameworks/Python.framework/Versions/3.8/lib/python3.8/site-packages/airflow/example_dags/example_bash_decorator.py
[2024-11-28T12:10:25.485-0600] {processor.py:914} INFO - Processing file /Library/Frameworks/Python.framework/Versions/3.8/lib/python3.8/site-packages/airflow/example_dags/example_bash_decorator.py for tasks to queue
[2024-11-28T12:10:25.485-0600] {logging_mixin.py:190} INFO - [2024-11-28T12:10:25.485-0600] {dagbag.py:588} INFO - Filling up the DagBag from /Library/Frameworks/Python.framework/Versions/3.8/lib/python3.8/site-packages/airflow/example_dags/example_bash_decorator.py
[2024-11-28T12:10:25.500-0600] {processor.py:925} INFO - DAG(s) 'example_bash_decorator' retrieved from /Library/Frameworks/Python.framework/Versions/3.8/lib/python3.8/site-packages/airflow/example_dags/example_bash_decorator.py
[2024-11-28T12:10:25.577-0600] {logging_mixin.py:190} INFO - [2024-11-28T12:10:25.577-0600] {dag.py:3239} INFO - Sync 1 DAGs
[2024-11-28T12:10:25.581-0600] {logging_mixin.py:190} INFO - [2024-11-28T12:10:25.581-0600] {dag.py:4180} INFO - Setting next_dagrun for example_bash_decorator to None, run_after=None
[2024-11-28T12:10:25.586-0600] {processor.py:208} INFO - Processing /Library/Frameworks/Python.framework/Versions/3.8/lib/python3.8/site-packages/airflow/example_dags/example_bash_decorator.py took 0.104 seconds
