[2024-11-28T11:47:37.264-0600] {processor.py:186} INFO - Started process (PID=34491) to work on /Library/Frameworks/Python.framework/Versions/3.8/lib/python3.8/site-packages/airflow/example_dags/example_kubernetes_executor.py
[2024-11-28T11:47:37.264-0600] {processor.py:914} INFO - Processing file /Library/Frameworks/Python.framework/Versions/3.8/lib/python3.8/site-packages/airflow/example_dags/example_kubernetes_executor.py for tasks to queue
[2024-11-28T11:47:37.265-0600] {logging_mixin.py:190} INFO - [2024-11-28T11:47:37.264-0600] {dagbag.py:588} INFO - Filling up the DagBag from /Library/Frameworks/Python.framework/Versions/3.8/lib/python3.8/site-packages/airflow/example_dags/example_kubernetes_executor.py
[2024-11-28T11:47:37.276-0600] {logging_mixin.py:190} INFO - [2024-11-28T11:47:37.276-0600] {example_kubernetes_executor.py:39} WARNING - The example_kubernetes_executor example DAG requires the kubernetes provider. Please install it with: pip install apache-airflow[cncf.kubernetes]
[2024-11-28T11:47:37.276-0600] {processor.py:927} WARNING - No viable dags retrieved from /Library/Frameworks/Python.framework/Versions/3.8/lib/python3.8/site-packages/airflow/example_dags/example_kubernetes_executor.py
[2024-11-28T11:47:37.307-0600] {processor.py:208} INFO - Processing /Library/Frameworks/Python.framework/Versions/3.8/lib/python3.8/site-packages/airflow/example_dags/example_kubernetes_executor.py took 0.044 seconds
[2024-11-28T11:49:14.303-0600] {processor.py:186} INFO - Started process (PID=34673) to work on /Library/Frameworks/Python.framework/Versions/3.8/lib/python3.8/site-packages/airflow/example_dags/example_kubernetes_executor.py
[2024-11-28T11:49:14.304-0600] {processor.py:914} INFO - Processing file /Library/Frameworks/Python.framework/Versions/3.8/lib/python3.8/site-packages/airflow/example_dags/example_kubernetes_executor.py for tasks to queue
[2024-11-28T11:49:14.304-0600] {logging_mixin.py:190} INFO - [2024-11-28T11:49:14.304-0600] {dagbag.py:588} INFO - Filling up the DagBag from /Library/Frameworks/Python.framework/Versions/3.8/lib/python3.8/site-packages/airflow/example_dags/example_kubernetes_executor.py
[2024-11-28T11:49:14.316-0600] {logging_mixin.py:190} INFO - [2024-11-28T11:49:14.316-0600] {example_kubernetes_executor.py:39} WARNING - The example_kubernetes_executor example DAG requires the kubernetes provider. Please install it with: pip install apache-airflow[cncf.kubernetes]
[2024-11-28T11:49:14.316-0600] {processor.py:927} WARNING - No viable dags retrieved from /Library/Frameworks/Python.framework/Versions/3.8/lib/python3.8/site-packages/airflow/example_dags/example_kubernetes_executor.py
[2024-11-28T11:49:14.345-0600] {processor.py:208} INFO - Processing /Library/Frameworks/Python.framework/Versions/3.8/lib/python3.8/site-packages/airflow/example_dags/example_kubernetes_executor.py took 0.044 seconds
[2024-11-28T11:51:30.311-0600] {processor.py:186} INFO - Started process (PID=34942) to work on /Library/Frameworks/Python.framework/Versions/3.8/lib/python3.8/site-packages/airflow/example_dags/example_kubernetes_executor.py
[2024-11-28T11:51:30.312-0600] {processor.py:914} INFO - Processing file /Library/Frameworks/Python.framework/Versions/3.8/lib/python3.8/site-packages/airflow/example_dags/example_kubernetes_executor.py for tasks to queue
[2024-11-28T11:51:30.312-0600] {logging_mixin.py:190} INFO - [2024-11-28T11:51:30.312-0600] {dagbag.py:588} INFO - Filling up the DagBag from /Library/Frameworks/Python.framework/Versions/3.8/lib/python3.8/site-packages/airflow/example_dags/example_kubernetes_executor.py
[2024-11-28T11:51:30.323-0600] {logging_mixin.py:190} INFO - [2024-11-28T11:51:30.323-0600] {example_kubernetes_executor.py:39} WARNING - The example_kubernetes_executor example DAG requires the kubernetes provider. Please install it with: pip install apache-airflow[cncf.kubernetes]
[2024-11-28T11:51:30.323-0600] {processor.py:927} WARNING - No viable dags retrieved from /Library/Frameworks/Python.framework/Versions/3.8/lib/python3.8/site-packages/airflow/example_dags/example_kubernetes_executor.py
[2024-11-28T11:51:30.353-0600] {processor.py:208} INFO - Processing /Library/Frameworks/Python.framework/Versions/3.8/lib/python3.8/site-packages/airflow/example_dags/example_kubernetes_executor.py took 0.043 seconds
[2024-11-28T11:53:41.282-0600] {processor.py:186} INFO - Started process (PID=35227) to work on /Library/Frameworks/Python.framework/Versions/3.8/lib/python3.8/site-packages/airflow/example_dags/example_kubernetes_executor.py
[2024-11-28T11:53:41.282-0600] {processor.py:914} INFO - Processing file /Library/Frameworks/Python.framework/Versions/3.8/lib/python3.8/site-packages/airflow/example_dags/example_kubernetes_executor.py for tasks to queue
[2024-11-28T11:53:41.283-0600] {logging_mixin.py:190} INFO - [2024-11-28T11:53:41.283-0600] {dagbag.py:588} INFO - Filling up the DagBag from /Library/Frameworks/Python.framework/Versions/3.8/lib/python3.8/site-packages/airflow/example_dags/example_kubernetes_executor.py
[2024-11-28T11:53:41.294-0600] {logging_mixin.py:190} INFO - [2024-11-28T11:53:41.294-0600] {example_kubernetes_executor.py:39} WARNING - The example_kubernetes_executor example DAG requires the kubernetes provider. Please install it with: pip install apache-airflow[cncf.kubernetes]
[2024-11-28T11:53:41.294-0600] {processor.py:927} WARNING - No viable dags retrieved from /Library/Frameworks/Python.framework/Versions/3.8/lib/python3.8/site-packages/airflow/example_dags/example_kubernetes_executor.py
[2024-11-28T11:53:41.325-0600] {processor.py:208} INFO - Processing /Library/Frameworks/Python.framework/Versions/3.8/lib/python3.8/site-packages/airflow/example_dags/example_kubernetes_executor.py took 0.044 seconds
[2024-11-28T11:55:53.688-0600] {processor.py:186} INFO - Started process (PID=35485) to work on /Library/Frameworks/Python.framework/Versions/3.8/lib/python3.8/site-packages/airflow/example_dags/example_kubernetes_executor.py
[2024-11-28T11:55:53.688-0600] {processor.py:914} INFO - Processing file /Library/Frameworks/Python.framework/Versions/3.8/lib/python3.8/site-packages/airflow/example_dags/example_kubernetes_executor.py for tasks to queue
[2024-11-28T11:55:53.689-0600] {logging_mixin.py:190} INFO - [2024-11-28T11:55:53.689-0600] {dagbag.py:588} INFO - Filling up the DagBag from /Library/Frameworks/Python.framework/Versions/3.8/lib/python3.8/site-packages/airflow/example_dags/example_kubernetes_executor.py
[2024-11-28T11:55:53.700-0600] {logging_mixin.py:190} INFO - [2024-11-28T11:55:53.700-0600] {example_kubernetes_executor.py:39} WARNING - The example_kubernetes_executor example DAG requires the kubernetes provider. Please install it with: pip install apache-airflow[cncf.kubernetes]
[2024-11-28T11:55:53.700-0600] {processor.py:927} WARNING - No viable dags retrieved from /Library/Frameworks/Python.framework/Versions/3.8/lib/python3.8/site-packages/airflow/example_dags/example_kubernetes_executor.py
[2024-11-28T11:55:53.729-0600] {processor.py:208} INFO - Processing /Library/Frameworks/Python.framework/Versions/3.8/lib/python3.8/site-packages/airflow/example_dags/example_kubernetes_executor.py took 0.043 seconds
[2024-11-28T11:58:07.913-0600] {processor.py:186} INFO - Started process (PID=35745) to work on /Library/Frameworks/Python.framework/Versions/3.8/lib/python3.8/site-packages/airflow/example_dags/example_kubernetes_executor.py
[2024-11-28T11:58:07.914-0600] {processor.py:914} INFO - Processing file /Library/Frameworks/Python.framework/Versions/3.8/lib/python3.8/site-packages/airflow/example_dags/example_kubernetes_executor.py for tasks to queue
[2024-11-28T11:58:07.915-0600] {logging_mixin.py:190} INFO - [2024-11-28T11:58:07.915-0600] {dagbag.py:588} INFO - Filling up the DagBag from /Library/Frameworks/Python.framework/Versions/3.8/lib/python3.8/site-packages/airflow/example_dags/example_kubernetes_executor.py
[2024-11-28T11:58:07.926-0600] {logging_mixin.py:190} INFO - [2024-11-28T11:58:07.926-0600] {example_kubernetes_executor.py:39} WARNING - The example_kubernetes_executor example DAG requires the kubernetes provider. Please install it with: pip install apache-airflow[cncf.kubernetes]
[2024-11-28T11:58:07.926-0600] {processor.py:927} WARNING - No viable dags retrieved from /Library/Frameworks/Python.framework/Versions/3.8/lib/python3.8/site-packages/airflow/example_dags/example_kubernetes_executor.py
[2024-11-28T11:58:07.957-0600] {processor.py:208} INFO - Processing /Library/Frameworks/Python.framework/Versions/3.8/lib/python3.8/site-packages/airflow/example_dags/example_kubernetes_executor.py took 0.045 seconds
[2024-11-28T12:00:22.709-0600] {processor.py:186} INFO - Started process (PID=35995) to work on /Library/Frameworks/Python.framework/Versions/3.8/lib/python3.8/site-packages/airflow/example_dags/example_kubernetes_executor.py
[2024-11-28T12:00:22.710-0600] {processor.py:914} INFO - Processing file /Library/Frameworks/Python.framework/Versions/3.8/lib/python3.8/site-packages/airflow/example_dags/example_kubernetes_executor.py for tasks to queue
[2024-11-28T12:00:22.710-0600] {logging_mixin.py:190} INFO - [2024-11-28T12:00:22.710-0600] {dagbag.py:588} INFO - Filling up the DagBag from /Library/Frameworks/Python.framework/Versions/3.8/lib/python3.8/site-packages/airflow/example_dags/example_kubernetes_executor.py
[2024-11-28T12:00:22.721-0600] {logging_mixin.py:190} INFO - [2024-11-28T12:00:22.721-0600] {example_kubernetes_executor.py:39} WARNING - The example_kubernetes_executor example DAG requires the kubernetes provider. Please install it with: pip install apache-airflow[cncf.kubernetes]
[2024-11-28T12:00:22.721-0600] {processor.py:927} WARNING - No viable dags retrieved from /Library/Frameworks/Python.framework/Versions/3.8/lib/python3.8/site-packages/airflow/example_dags/example_kubernetes_executor.py
[2024-11-28T12:00:22.751-0600] {processor.py:208} INFO - Processing /Library/Frameworks/Python.framework/Versions/3.8/lib/python3.8/site-packages/airflow/example_dags/example_kubernetes_executor.py took 0.044 seconds
[2024-11-28T12:02:36.565-0600] {processor.py:186} INFO - Started process (PID=36246) to work on /Library/Frameworks/Python.framework/Versions/3.8/lib/python3.8/site-packages/airflow/example_dags/example_kubernetes_executor.py
[2024-11-28T12:02:36.566-0600] {processor.py:914} INFO - Processing file /Library/Frameworks/Python.framework/Versions/3.8/lib/python3.8/site-packages/airflow/example_dags/example_kubernetes_executor.py for tasks to queue
[2024-11-28T12:02:36.567-0600] {logging_mixin.py:190} INFO - [2024-11-28T12:02:36.567-0600] {dagbag.py:588} INFO - Filling up the DagBag from /Library/Frameworks/Python.framework/Versions/3.8/lib/python3.8/site-packages/airflow/example_dags/example_kubernetes_executor.py
[2024-11-28T12:02:36.577-0600] {logging_mixin.py:190} INFO - [2024-11-28T12:02:36.577-0600] {example_kubernetes_executor.py:39} WARNING - The example_kubernetes_executor example DAG requires the kubernetes provider. Please install it with: pip install apache-airflow[cncf.kubernetes]
[2024-11-28T12:02:36.578-0600] {processor.py:927} WARNING - No viable dags retrieved from /Library/Frameworks/Python.framework/Versions/3.8/lib/python3.8/site-packages/airflow/example_dags/example_kubernetes_executor.py
[2024-11-28T12:02:36.609-0600] {processor.py:208} INFO - Processing /Library/Frameworks/Python.framework/Versions/3.8/lib/python3.8/site-packages/airflow/example_dags/example_kubernetes_executor.py took 0.045 seconds
[2024-11-28T12:04:51.233-0600] {processor.py:186} INFO - Started process (PID=36499) to work on /Library/Frameworks/Python.framework/Versions/3.8/lib/python3.8/site-packages/airflow/example_dags/example_kubernetes_executor.py
[2024-11-28T12:04:51.234-0600] {processor.py:914} INFO - Processing file /Library/Frameworks/Python.framework/Versions/3.8/lib/python3.8/site-packages/airflow/example_dags/example_kubernetes_executor.py for tasks to queue
[2024-11-28T12:04:51.235-0600] {logging_mixin.py:190} INFO - [2024-11-28T12:04:51.235-0600] {dagbag.py:588} INFO - Filling up the DagBag from /Library/Frameworks/Python.framework/Versions/3.8/lib/python3.8/site-packages/airflow/example_dags/example_kubernetes_executor.py
[2024-11-28T12:04:51.245-0600] {logging_mixin.py:190} INFO - [2024-11-28T12:04:51.245-0600] {example_kubernetes_executor.py:39} WARNING - The example_kubernetes_executor example DAG requires the kubernetes provider. Please install it with: pip install apache-airflow[cncf.kubernetes]
[2024-11-28T12:04:51.245-0600] {processor.py:927} WARNING - No viable dags retrieved from /Library/Frameworks/Python.framework/Versions/3.8/lib/python3.8/site-packages/airflow/example_dags/example_kubernetes_executor.py
[2024-11-28T12:04:51.277-0600] {processor.py:208} INFO - Processing /Library/Frameworks/Python.framework/Versions/3.8/lib/python3.8/site-packages/airflow/example_dags/example_kubernetes_executor.py took 0.045 seconds
[2024-11-28T12:06:58.811-0600] {processor.py:186} INFO - Started process (PID=36745) to work on /Library/Frameworks/Python.framework/Versions/3.8/lib/python3.8/site-packages/airflow/example_dags/example_kubernetes_executor.py
[2024-11-28T12:06:58.812-0600] {processor.py:914} INFO - Processing file /Library/Frameworks/Python.framework/Versions/3.8/lib/python3.8/site-packages/airflow/example_dags/example_kubernetes_executor.py for tasks to queue
[2024-11-28T12:06:58.812-0600] {logging_mixin.py:190} INFO - [2024-11-28T12:06:58.812-0600] {dagbag.py:588} INFO - Filling up the DagBag from /Library/Frameworks/Python.framework/Versions/3.8/lib/python3.8/site-packages/airflow/example_dags/example_kubernetes_executor.py
[2024-11-28T12:06:58.822-0600] {logging_mixin.py:190} INFO - [2024-11-28T12:06:58.822-0600] {example_kubernetes_executor.py:39} WARNING - The example_kubernetes_executor example DAG requires the kubernetes provider. Please install it with: pip install apache-airflow[cncf.kubernetes]
[2024-11-28T12:06:58.822-0600] {processor.py:927} WARNING - No viable dags retrieved from /Library/Frameworks/Python.framework/Versions/3.8/lib/python3.8/site-packages/airflow/example_dags/example_kubernetes_executor.py
[2024-11-28T12:06:58.853-0600] {processor.py:208} INFO - Processing /Library/Frameworks/Python.framework/Versions/3.8/lib/python3.8/site-packages/airflow/example_dags/example_kubernetes_executor.py took 0.042 seconds
[2024-11-28T12:09:14.398-0600] {processor.py:186} INFO - Started process (PID=36990) to work on /Library/Frameworks/Python.framework/Versions/3.8/lib/python3.8/site-packages/airflow/example_dags/example_kubernetes_executor.py
[2024-11-28T12:09:14.400-0600] {processor.py:914} INFO - Processing file /Library/Frameworks/Python.framework/Versions/3.8/lib/python3.8/site-packages/airflow/example_dags/example_kubernetes_executor.py for tasks to queue
[2024-11-28T12:09:14.401-0600] {logging_mixin.py:190} INFO - [2024-11-28T12:09:14.401-0600] {dagbag.py:588} INFO - Filling up the DagBag from /Library/Frameworks/Python.framework/Versions/3.8/lib/python3.8/site-packages/airflow/example_dags/example_kubernetes_executor.py
[2024-11-28T12:09:14.413-0600] {logging_mixin.py:190} INFO - [2024-11-28T12:09:14.413-0600] {example_kubernetes_executor.py:39} WARNING - The example_kubernetes_executor example DAG requires the kubernetes provider. Please install it with: pip install apache-airflow[cncf.kubernetes]
[2024-11-28T12:09:14.413-0600] {processor.py:927} WARNING - No viable dags retrieved from /Library/Frameworks/Python.framework/Versions/3.8/lib/python3.8/site-packages/airflow/example_dags/example_kubernetes_executor.py
[2024-11-28T12:09:14.445-0600] {processor.py:208} INFO - Processing /Library/Frameworks/Python.framework/Versions/3.8/lib/python3.8/site-packages/airflow/example_dags/example_kubernetes_executor.py took 0.047 seconds
[2024-11-28T12:11:32.819-0600] {processor.py:186} INFO - Started process (PID=37278) to work on /Library/Frameworks/Python.framework/Versions/3.8/lib/python3.8/site-packages/airflow/example_dags/example_kubernetes_executor.py
[2024-11-28T12:11:32.820-0600] {processor.py:914} INFO - Processing file /Library/Frameworks/Python.framework/Versions/3.8/lib/python3.8/site-packages/airflow/example_dags/example_kubernetes_executor.py for tasks to queue
[2024-11-28T12:11:32.820-0600] {logging_mixin.py:190} INFO - [2024-11-28T12:11:32.820-0600] {dagbag.py:588} INFO - Filling up the DagBag from /Library/Frameworks/Python.framework/Versions/3.8/lib/python3.8/site-packages/airflow/example_dags/example_kubernetes_executor.py
[2024-11-28T12:11:32.830-0600] {logging_mixin.py:190} INFO - [2024-11-28T12:11:32.830-0600] {example_kubernetes_executor.py:39} WARNING - The example_kubernetes_executor example DAG requires the kubernetes provider. Please install it with: pip install apache-airflow[cncf.kubernetes]
[2024-11-28T12:11:32.831-0600] {processor.py:927} WARNING - No viable dags retrieved from /Library/Frameworks/Python.framework/Versions/3.8/lib/python3.8/site-packages/airflow/example_dags/example_kubernetes_executor.py
[2024-11-28T12:11:32.862-0600] {processor.py:208} INFO - Processing /Library/Frameworks/Python.framework/Versions/3.8/lib/python3.8/site-packages/airflow/example_dags/example_kubernetes_executor.py took 0.045 seconds
