[2024-11-28T11:46:52.636-0600] {processor.py:186} INFO - Started process (PID=34401) to work on /Library/Frameworks/Python.framework/Versions/3.8/lib/python3.8/site-packages/airflow/example_dags/example_xcomargs.py
[2024-11-28T11:46:52.636-0600] {processor.py:914} INFO - Processing file /Library/Frameworks/Python.framework/Versions/3.8/lib/python3.8/site-packages/airflow/example_dags/example_xcomargs.py for tasks to queue
[2024-11-28T11:46:52.637-0600] {logging_mixin.py:190} INFO - [2024-11-28T11:46:52.637-0600] {dagbag.py:588} INFO - Filling up the DagBag from /Library/Frameworks/Python.framework/Versions/3.8/lib/python3.8/site-packages/airflow/example_dags/example_xcomargs.py
[2024-11-28T11:46:52.650-0600] {processor.py:925} INFO - DAG(s) 'example_xcom_args_with_operators', 'example_xcom_args' retrieved from /Library/Frameworks/Python.framework/Versions/3.8/lib/python3.8/site-packages/airflow/example_dags/example_xcomargs.py
[2024-11-28T11:46:52.685-0600] {logging_mixin.py:190} INFO - [2024-11-28T11:46:52.685-0600] {dag.py:3239} INFO - Sync 2 DAGs
[2024-11-28T11:46:52.689-0600] {logging_mixin.py:190} INFO - [2024-11-28T11:46:52.689-0600] {dag.py:4180} INFO - Setting next_dagrun for example_xcom_args to None, run_after=None
[2024-11-28T11:46:52.690-0600] {logging_mixin.py:190} INFO - [2024-11-28T11:46:52.690-0600] {dag.py:4180} INFO - Setting next_dagrun for example_xcom_args_with_operators to None, run_after=None
[2024-11-28T11:46:52.695-0600] {processor.py:208} INFO - Processing /Library/Frameworks/Python.framework/Versions/3.8/lib/python3.8/site-packages/airflow/example_dags/example_xcomargs.py took 0.060 seconds
[2024-11-28T11:48:29.048-0600] {processor.py:186} INFO - Started process (PID=34589) to work on /Library/Frameworks/Python.framework/Versions/3.8/lib/python3.8/site-packages/airflow/example_dags/example_xcomargs.py
[2024-11-28T11:48:29.050-0600] {processor.py:914} INFO - Processing file /Library/Frameworks/Python.framework/Versions/3.8/lib/python3.8/site-packages/airflow/example_dags/example_xcomargs.py for tasks to queue
[2024-11-28T11:48:29.050-0600] {logging_mixin.py:190} INFO - [2024-11-28T11:48:29.050-0600] {dagbag.py:588} INFO - Filling up the DagBag from /Library/Frameworks/Python.framework/Versions/3.8/lib/python3.8/site-packages/airflow/example_dags/example_xcomargs.py
[2024-11-28T11:48:29.063-0600] {processor.py:925} INFO - DAG(s) 'example_xcom_args', 'example_xcom_args_with_operators' retrieved from /Library/Frameworks/Python.framework/Versions/3.8/lib/python3.8/site-packages/airflow/example_dags/example_xcomargs.py
[2024-11-28T11:48:29.098-0600] {logging_mixin.py:190} INFO - [2024-11-28T11:48:29.098-0600] {dag.py:3239} INFO - Sync 2 DAGs
[2024-11-28T11:48:29.101-0600] {logging_mixin.py:190} INFO - [2024-11-28T11:48:29.101-0600] {dag.py:4180} INFO - Setting next_dagrun for example_xcom_args to None, run_after=None
[2024-11-28T11:48:29.102-0600] {logging_mixin.py:190} INFO - [2024-11-28T11:48:29.102-0600] {dag.py:4180} INFO - Setting next_dagrun for example_xcom_args_with_operators to None, run_after=None
[2024-11-28T11:48:29.107-0600] {processor.py:208} INFO - Processing /Library/Frameworks/Python.framework/Versions/3.8/lib/python3.8/site-packages/airflow/example_dags/example_xcomargs.py took 0.060 seconds
[2024-11-28T11:49:35.957-0600] {processor.py:186} INFO - Started process (PID=34730) to work on /Library/Frameworks/Python.framework/Versions/3.8/lib/python3.8/site-packages/airflow/example_dags/example_xcomargs.py
[2024-11-28T11:49:35.957-0600] {processor.py:914} INFO - Processing file /Library/Frameworks/Python.framework/Versions/3.8/lib/python3.8/site-packages/airflow/example_dags/example_xcomargs.py for tasks to queue
[2024-11-28T11:49:35.957-0600] {logging_mixin.py:190} INFO - [2024-11-28T11:49:35.957-0600] {dagbag.py:588} INFO - Filling up the DagBag from /Library/Frameworks/Python.framework/Versions/3.8/lib/python3.8/site-packages/airflow/example_dags/example_xcomargs.py
[2024-11-28T11:49:35.970-0600] {processor.py:925} INFO - DAG(s) 'example_xcom_args', 'example_xcom_args_with_operators' retrieved from /Library/Frameworks/Python.framework/Versions/3.8/lib/python3.8/site-packages/airflow/example_dags/example_xcomargs.py
[2024-11-28T11:49:36.003-0600] {logging_mixin.py:190} INFO - [2024-11-28T11:49:36.003-0600] {dag.py:3239} INFO - Sync 2 DAGs
[2024-11-28T11:49:36.007-0600] {logging_mixin.py:190} INFO - [2024-11-28T11:49:36.007-0600] {dag.py:4180} INFO - Setting next_dagrun for example_xcom_args to None, run_after=None
[2024-11-28T11:49:36.008-0600] {logging_mixin.py:190} INFO - [2024-11-28T11:49:36.008-0600] {dag.py:4180} INFO - Setting next_dagrun for example_xcom_args_with_operators to None, run_after=None
[2024-11-28T11:49:36.012-0600] {processor.py:208} INFO - Processing /Library/Frameworks/Python.framework/Versions/3.8/lib/python3.8/site-packages/airflow/example_dags/example_xcomargs.py took 0.057 seconds
[2024-11-28T11:50:42.749-0600] {processor.py:186} INFO - Started process (PID=34858) to work on /Library/Frameworks/Python.framework/Versions/3.8/lib/python3.8/site-packages/airflow/example_dags/example_xcomargs.py
[2024-11-28T11:50:42.750-0600] {processor.py:914} INFO - Processing file /Library/Frameworks/Python.framework/Versions/3.8/lib/python3.8/site-packages/airflow/example_dags/example_xcomargs.py for tasks to queue
[2024-11-28T11:50:42.750-0600] {logging_mixin.py:190} INFO - [2024-11-28T11:50:42.750-0600] {dagbag.py:588} INFO - Filling up the DagBag from /Library/Frameworks/Python.framework/Versions/3.8/lib/python3.8/site-packages/airflow/example_dags/example_xcomargs.py
[2024-11-28T11:50:42.763-0600] {processor.py:925} INFO - DAG(s) 'example_xcom_args_with_operators', 'example_xcom_args' retrieved from /Library/Frameworks/Python.framework/Versions/3.8/lib/python3.8/site-packages/airflow/example_dags/example_xcomargs.py
[2024-11-28T11:50:42.797-0600] {logging_mixin.py:190} INFO - [2024-11-28T11:50:42.797-0600] {dag.py:3239} INFO - Sync 2 DAGs
[2024-11-28T11:50:42.801-0600] {logging_mixin.py:190} INFO - [2024-11-28T11:50:42.801-0600] {dag.py:4180} INFO - Setting next_dagrun for example_xcom_args to None, run_after=None
[2024-11-28T11:50:42.802-0600] {logging_mixin.py:190} INFO - [2024-11-28T11:50:42.802-0600] {dag.py:4180} INFO - Setting next_dagrun for example_xcom_args_with_operators to None, run_after=None
[2024-11-28T11:50:42.806-0600] {processor.py:208} INFO - Processing /Library/Frameworks/Python.framework/Versions/3.8/lib/python3.8/site-packages/airflow/example_dags/example_xcomargs.py took 0.059 seconds
[2024-11-28T11:51:50.042-0600] {processor.py:186} INFO - Started process (PID=34982) to work on /Library/Frameworks/Python.framework/Versions/3.8/lib/python3.8/site-packages/airflow/example_dags/example_xcomargs.py
[2024-11-28T11:51:50.042-0600] {processor.py:914} INFO - Processing file /Library/Frameworks/Python.framework/Versions/3.8/lib/python3.8/site-packages/airflow/example_dags/example_xcomargs.py for tasks to queue
[2024-11-28T11:51:50.043-0600] {logging_mixin.py:190} INFO - [2024-11-28T11:51:50.043-0600] {dagbag.py:588} INFO - Filling up the DagBag from /Library/Frameworks/Python.framework/Versions/3.8/lib/python3.8/site-packages/airflow/example_dags/example_xcomargs.py
[2024-11-28T11:51:50.055-0600] {processor.py:925} INFO - DAG(s) 'example_xcom_args_with_operators', 'example_xcom_args' retrieved from /Library/Frameworks/Python.framework/Versions/3.8/lib/python3.8/site-packages/airflow/example_dags/example_xcomargs.py
[2024-11-28T11:51:50.090-0600] {logging_mixin.py:190} INFO - [2024-11-28T11:51:50.090-0600] {dag.py:3239} INFO - Sync 2 DAGs
[2024-11-28T11:51:50.094-0600] {logging_mixin.py:190} INFO - [2024-11-28T11:51:50.094-0600] {dag.py:4180} INFO - Setting next_dagrun for example_xcom_args to None, run_after=None
[2024-11-28T11:51:50.095-0600] {logging_mixin.py:190} INFO - [2024-11-28T11:51:50.095-0600] {dag.py:4180} INFO - Setting next_dagrun for example_xcom_args_with_operators to None, run_after=None
[2024-11-28T11:51:50.100-0600] {processor.py:208} INFO - Processing /Library/Frameworks/Python.framework/Versions/3.8/lib/python3.8/site-packages/airflow/example_dags/example_xcomargs.py took 0.059 seconds
[2024-11-28T11:52:56.065-0600] {processor.py:186} INFO - Started process (PID=35109) to work on /Library/Frameworks/Python.framework/Versions/3.8/lib/python3.8/site-packages/airflow/example_dags/example_xcomargs.py
[2024-11-28T11:52:56.066-0600] {processor.py:914} INFO - Processing file /Library/Frameworks/Python.framework/Versions/3.8/lib/python3.8/site-packages/airflow/example_dags/example_xcomargs.py for tasks to queue
[2024-11-28T11:52:56.067-0600] {logging_mixin.py:190} INFO - [2024-11-28T11:52:56.067-0600] {dagbag.py:588} INFO - Filling up the DagBag from /Library/Frameworks/Python.framework/Versions/3.8/lib/python3.8/site-packages/airflow/example_dags/example_xcomargs.py
[2024-11-28T11:52:56.079-0600] {processor.py:925} INFO - DAG(s) 'example_xcom_args_with_operators', 'example_xcom_args' retrieved from /Library/Frameworks/Python.framework/Versions/3.8/lib/python3.8/site-packages/airflow/example_dags/example_xcomargs.py
[2024-11-28T11:52:56.114-0600] {logging_mixin.py:190} INFO - [2024-11-28T11:52:56.113-0600] {dag.py:3239} INFO - Sync 2 DAGs
[2024-11-28T11:52:56.117-0600] {logging_mixin.py:190} INFO - [2024-11-28T11:52:56.117-0600] {dag.py:4180} INFO - Setting next_dagrun for example_xcom_args to None, run_after=None
[2024-11-28T11:52:56.118-0600] {logging_mixin.py:190} INFO - [2024-11-28T11:52:56.118-0600] {dag.py:4180} INFO - Setting next_dagrun for example_xcom_args_with_operators to None, run_after=None
[2024-11-28T11:52:56.122-0600] {processor.py:208} INFO - Processing /Library/Frameworks/Python.framework/Versions/3.8/lib/python3.8/site-packages/airflow/example_dags/example_xcomargs.py took 0.058 seconds
[2024-11-28T11:54:04.242-0600] {processor.py:186} INFO - Started process (PID=35278) to work on /Library/Frameworks/Python.framework/Versions/3.8/lib/python3.8/site-packages/airflow/example_dags/example_xcomargs.py
[2024-11-28T11:54:04.243-0600] {processor.py:914} INFO - Processing file /Library/Frameworks/Python.framework/Versions/3.8/lib/python3.8/site-packages/airflow/example_dags/example_xcomargs.py for tasks to queue
[2024-11-28T11:54:04.243-0600] {logging_mixin.py:190} INFO - [2024-11-28T11:54:04.243-0600] {dagbag.py:588} INFO - Filling up the DagBag from /Library/Frameworks/Python.framework/Versions/3.8/lib/python3.8/site-packages/airflow/example_dags/example_xcomargs.py
[2024-11-28T11:54:04.256-0600] {processor.py:925} INFO - DAG(s) 'example_xcom_args', 'example_xcom_args_with_operators' retrieved from /Library/Frameworks/Python.framework/Versions/3.8/lib/python3.8/site-packages/airflow/example_dags/example_xcomargs.py
[2024-11-28T11:54:04.290-0600] {logging_mixin.py:190} INFO - [2024-11-28T11:54:04.290-0600] {dag.py:3239} INFO - Sync 2 DAGs
[2024-11-28T11:54:04.294-0600] {logging_mixin.py:190} INFO - [2024-11-28T11:54:04.294-0600] {dag.py:4180} INFO - Setting next_dagrun for example_xcom_args to None, run_after=None
[2024-11-28T11:54:04.295-0600] {logging_mixin.py:190} INFO - [2024-11-28T11:54:04.295-0600] {dag.py:4180} INFO - Setting next_dagrun for example_xcom_args_with_operators to None, run_after=None
[2024-11-28T11:54:04.299-0600] {processor.py:208} INFO - Processing /Library/Frameworks/Python.framework/Versions/3.8/lib/python3.8/site-packages/airflow/example_dags/example_xcomargs.py took 0.059 seconds
[2024-11-28T11:55:08.209-0600] {processor.py:186} INFO - Started process (PID=35402) to work on /Library/Frameworks/Python.framework/Versions/3.8/lib/python3.8/site-packages/airflow/example_dags/example_xcomargs.py
[2024-11-28T11:55:08.210-0600] {processor.py:914} INFO - Processing file /Library/Frameworks/Python.framework/Versions/3.8/lib/python3.8/site-packages/airflow/example_dags/example_xcomargs.py for tasks to queue
[2024-11-28T11:55:08.210-0600] {logging_mixin.py:190} INFO - [2024-11-28T11:55:08.210-0600] {dagbag.py:588} INFO - Filling up the DagBag from /Library/Frameworks/Python.framework/Versions/3.8/lib/python3.8/site-packages/airflow/example_dags/example_xcomargs.py
[2024-11-28T11:55:08.223-0600] {processor.py:925} INFO - DAG(s) 'example_xcom_args_with_operators', 'example_xcom_args' retrieved from /Library/Frameworks/Python.framework/Versions/3.8/lib/python3.8/site-packages/airflow/example_dags/example_xcomargs.py
[2024-11-28T11:55:08.260-0600] {logging_mixin.py:190} INFO - [2024-11-28T11:55:08.260-0600] {dag.py:3239} INFO - Sync 2 DAGs
[2024-11-28T11:55:08.263-0600] {logging_mixin.py:190} INFO - [2024-11-28T11:55:08.263-0600] {dag.py:4180} INFO - Setting next_dagrun for example_xcom_args to None, run_after=None
[2024-11-28T11:55:08.264-0600] {logging_mixin.py:190} INFO - [2024-11-28T11:55:08.264-0600] {dag.py:4180} INFO - Setting next_dagrun for example_xcom_args_with_operators to None, run_after=None
[2024-11-28T11:55:08.269-0600] {processor.py:208} INFO - Processing /Library/Frameworks/Python.framework/Versions/3.8/lib/python3.8/site-packages/airflow/example_dags/example_xcomargs.py took 0.061 seconds
[2024-11-28T11:56:13.834-0600] {processor.py:186} INFO - Started process (PID=35527) to work on /Library/Frameworks/Python.framework/Versions/3.8/lib/python3.8/site-packages/airflow/example_dags/example_xcomargs.py
[2024-11-28T11:56:13.835-0600] {processor.py:914} INFO - Processing file /Library/Frameworks/Python.framework/Versions/3.8/lib/python3.8/site-packages/airflow/example_dags/example_xcomargs.py for tasks to queue
[2024-11-28T11:56:13.835-0600] {logging_mixin.py:190} INFO - [2024-11-28T11:56:13.835-0600] {dagbag.py:588} INFO - Filling up the DagBag from /Library/Frameworks/Python.framework/Versions/3.8/lib/python3.8/site-packages/airflow/example_dags/example_xcomargs.py
[2024-11-28T11:56:13.847-0600] {processor.py:925} INFO - DAG(s) 'example_xcom_args_with_operators', 'example_xcom_args' retrieved from /Library/Frameworks/Python.framework/Versions/3.8/lib/python3.8/site-packages/airflow/example_dags/example_xcomargs.py
[2024-11-28T11:56:13.881-0600] {logging_mixin.py:190} INFO - [2024-11-28T11:56:13.881-0600] {dag.py:3239} INFO - Sync 2 DAGs
[2024-11-28T11:56:13.885-0600] {logging_mixin.py:190} INFO - [2024-11-28T11:56:13.885-0600] {dag.py:4180} INFO - Setting next_dagrun for example_xcom_args to None, run_after=None
[2024-11-28T11:56:13.886-0600] {logging_mixin.py:190} INFO - [2024-11-28T11:56:13.886-0600] {dag.py:4180} INFO - Setting next_dagrun for example_xcom_args_with_operators to None, run_after=None
[2024-11-28T11:56:13.891-0600] {processor.py:208} INFO - Processing /Library/Frameworks/Python.framework/Versions/3.8/lib/python3.8/site-packages/airflow/example_dags/example_xcomargs.py took 0.058 seconds
[2024-11-28T11:57:23.426-0600] {processor.py:186} INFO - Started process (PID=35661) to work on /Library/Frameworks/Python.framework/Versions/3.8/lib/python3.8/site-packages/airflow/example_dags/example_xcomargs.py
[2024-11-28T11:57:23.427-0600] {processor.py:914} INFO - Processing file /Library/Frameworks/Python.framework/Versions/3.8/lib/python3.8/site-packages/airflow/example_dags/example_xcomargs.py for tasks to queue
[2024-11-28T11:57:23.428-0600] {logging_mixin.py:190} INFO - [2024-11-28T11:57:23.427-0600] {dagbag.py:588} INFO - Filling up the DagBag from /Library/Frameworks/Python.framework/Versions/3.8/lib/python3.8/site-packages/airflow/example_dags/example_xcomargs.py
[2024-11-28T11:57:23.440-0600] {processor.py:925} INFO - DAG(s) 'example_xcom_args_with_operators', 'example_xcom_args' retrieved from /Library/Frameworks/Python.framework/Versions/3.8/lib/python3.8/site-packages/airflow/example_dags/example_xcomargs.py
[2024-11-28T11:57:23.476-0600] {logging_mixin.py:190} INFO - [2024-11-28T11:57:23.476-0600] {dag.py:3239} INFO - Sync 2 DAGs
[2024-11-28T11:57:23.479-0600] {logging_mixin.py:190} INFO - [2024-11-28T11:57:23.479-0600] {dag.py:4180} INFO - Setting next_dagrun for example_xcom_args to None, run_after=None
[2024-11-28T11:57:23.480-0600] {logging_mixin.py:190} INFO - [2024-11-28T11:57:23.480-0600] {dag.py:4180} INFO - Setting next_dagrun for example_xcom_args_with_operators to None, run_after=None
[2024-11-28T11:57:23.485-0600] {processor.py:208} INFO - Processing /Library/Frameworks/Python.framework/Versions/3.8/lib/python3.8/site-packages/airflow/example_dags/example_xcomargs.py took 0.061 seconds
[2024-11-28T11:58:30.795-0600] {processor.py:186} INFO - Started process (PID=35785) to work on /Library/Frameworks/Python.framework/Versions/3.8/lib/python3.8/site-packages/airflow/example_dags/example_xcomargs.py
[2024-11-28T11:58:30.796-0600] {processor.py:914} INFO - Processing file /Library/Frameworks/Python.framework/Versions/3.8/lib/python3.8/site-packages/airflow/example_dags/example_xcomargs.py for tasks to queue
[2024-11-28T11:58:30.796-0600] {logging_mixin.py:190} INFO - [2024-11-28T11:58:30.796-0600] {dagbag.py:588} INFO - Filling up the DagBag from /Library/Frameworks/Python.framework/Versions/3.8/lib/python3.8/site-packages/airflow/example_dags/example_xcomargs.py
[2024-11-28T11:58:30.808-0600] {processor.py:925} INFO - DAG(s) 'example_xcom_args_with_operators', 'example_xcom_args' retrieved from /Library/Frameworks/Python.framework/Versions/3.8/lib/python3.8/site-packages/airflow/example_dags/example_xcomargs.py
[2024-11-28T11:58:30.842-0600] {logging_mixin.py:190} INFO - [2024-11-28T11:58:30.842-0600] {dag.py:3239} INFO - Sync 2 DAGs
[2024-11-28T11:58:30.845-0600] {logging_mixin.py:190} INFO - [2024-11-28T11:58:30.845-0600] {dag.py:4180} INFO - Setting next_dagrun for example_xcom_args to None, run_after=None
[2024-11-28T11:58:30.846-0600] {logging_mixin.py:190} INFO - [2024-11-28T11:58:30.846-0600] {dag.py:4180} INFO - Setting next_dagrun for example_xcom_args_with_operators to None, run_after=None
[2024-11-28T11:58:30.851-0600] {processor.py:208} INFO - Processing /Library/Frameworks/Python.framework/Versions/3.8/lib/python3.8/site-packages/airflow/example_dags/example_xcomargs.py took 0.057 seconds
[2024-11-28T11:59:38.933-0600] {processor.py:186} INFO - Started process (PID=35910) to work on /Library/Frameworks/Python.framework/Versions/3.8/lib/python3.8/site-packages/airflow/example_dags/example_xcomargs.py
[2024-11-28T11:59:38.934-0600] {processor.py:914} INFO - Processing file /Library/Frameworks/Python.framework/Versions/3.8/lib/python3.8/site-packages/airflow/example_dags/example_xcomargs.py for tasks to queue
[2024-11-28T11:59:38.934-0600] {logging_mixin.py:190} INFO - [2024-11-28T11:59:38.934-0600] {dagbag.py:588} INFO - Filling up the DagBag from /Library/Frameworks/Python.framework/Versions/3.8/lib/python3.8/site-packages/airflow/example_dags/example_xcomargs.py
[2024-11-28T11:59:38.946-0600] {processor.py:925} INFO - DAG(s) 'example_xcom_args', 'example_xcom_args_with_operators' retrieved from /Library/Frameworks/Python.framework/Versions/3.8/lib/python3.8/site-packages/airflow/example_dags/example_xcomargs.py
[2024-11-28T11:59:38.981-0600] {logging_mixin.py:190} INFO - [2024-11-28T11:59:38.981-0600] {dag.py:3239} INFO - Sync 2 DAGs
[2024-11-28T11:59:38.985-0600] {logging_mixin.py:190} INFO - [2024-11-28T11:59:38.985-0600] {dag.py:4180} INFO - Setting next_dagrun for example_xcom_args to None, run_after=None
[2024-11-28T11:59:38.986-0600] {logging_mixin.py:190} INFO - [2024-11-28T11:59:38.986-0600] {dag.py:4180} INFO - Setting next_dagrun for example_xcom_args_with_operators to None, run_after=None
[2024-11-28T11:59:38.991-0600] {processor.py:208} INFO - Processing /Library/Frameworks/Python.framework/Versions/3.8/lib/python3.8/site-packages/airflow/example_dags/example_xcomargs.py took 0.059 seconds
[2024-11-28T12:00:45.287-0600] {processor.py:186} INFO - Started process (PID=36041) to work on /Library/Frameworks/Python.framework/Versions/3.8/lib/python3.8/site-packages/airflow/example_dags/example_xcomargs.py
[2024-11-28T12:00:45.288-0600] {processor.py:914} INFO - Processing file /Library/Frameworks/Python.framework/Versions/3.8/lib/python3.8/site-packages/airflow/example_dags/example_xcomargs.py for tasks to queue
[2024-11-28T12:00:45.288-0600] {logging_mixin.py:190} INFO - [2024-11-28T12:00:45.288-0600] {dagbag.py:588} INFO - Filling up the DagBag from /Library/Frameworks/Python.framework/Versions/3.8/lib/python3.8/site-packages/airflow/example_dags/example_xcomargs.py
[2024-11-28T12:00:45.301-0600] {processor.py:925} INFO - DAG(s) 'example_xcom_args_with_operators', 'example_xcom_args' retrieved from /Library/Frameworks/Python.framework/Versions/3.8/lib/python3.8/site-packages/airflow/example_dags/example_xcomargs.py
[2024-11-28T12:00:45.335-0600] {logging_mixin.py:190} INFO - [2024-11-28T12:00:45.335-0600] {dag.py:3239} INFO - Sync 2 DAGs
[2024-11-28T12:00:45.339-0600] {logging_mixin.py:190} INFO - [2024-11-28T12:00:45.339-0600] {dag.py:4180} INFO - Setting next_dagrun for example_xcom_args to None, run_after=None
[2024-11-28T12:00:45.340-0600] {logging_mixin.py:190} INFO - [2024-11-28T12:00:45.340-0600] {dag.py:4180} INFO - Setting next_dagrun for example_xcom_args_with_operators to None, run_after=None
[2024-11-28T12:00:45.345-0600] {processor.py:208} INFO - Processing /Library/Frameworks/Python.framework/Versions/3.8/lib/python3.8/site-packages/airflow/example_dags/example_xcomargs.py took 0.059 seconds
[2024-11-28T12:01:54.101-0600] {processor.py:186} INFO - Started process (PID=36166) to work on /Library/Frameworks/Python.framework/Versions/3.8/lib/python3.8/site-packages/airflow/example_dags/example_xcomargs.py
[2024-11-28T12:01:54.102-0600] {processor.py:914} INFO - Processing file /Library/Frameworks/Python.framework/Versions/3.8/lib/python3.8/site-packages/airflow/example_dags/example_xcomargs.py for tasks to queue
[2024-11-28T12:01:54.102-0600] {logging_mixin.py:190} INFO - [2024-11-28T12:01:54.102-0600] {dagbag.py:588} INFO - Filling up the DagBag from /Library/Frameworks/Python.framework/Versions/3.8/lib/python3.8/site-packages/airflow/example_dags/example_xcomargs.py
[2024-11-28T12:01:54.114-0600] {processor.py:925} INFO - DAG(s) 'example_xcom_args_with_operators', 'example_xcom_args' retrieved from /Library/Frameworks/Python.framework/Versions/3.8/lib/python3.8/site-packages/airflow/example_dags/example_xcomargs.py
[2024-11-28T12:01:54.150-0600] {logging_mixin.py:190} INFO - [2024-11-28T12:01:54.150-0600] {dag.py:3239} INFO - Sync 2 DAGs
[2024-11-28T12:01:54.154-0600] {logging_mixin.py:190} INFO - [2024-11-28T12:01:54.154-0600] {dag.py:4180} INFO - Setting next_dagrun for example_xcom_args to None, run_after=None
[2024-11-28T12:01:54.155-0600] {logging_mixin.py:190} INFO - [2024-11-28T12:01:54.155-0600] {dag.py:4180} INFO - Setting next_dagrun for example_xcom_args_with_operators to None, run_after=None
[2024-11-28T12:01:54.159-0600] {processor.py:208} INFO - Processing /Library/Frameworks/Python.framework/Versions/3.8/lib/python3.8/site-packages/airflow/example_dags/example_xcomargs.py took 0.059 seconds
[2024-11-28T12:02:58.890-0600] {processor.py:186} INFO - Started process (PID=36288) to work on /Library/Frameworks/Python.framework/Versions/3.8/lib/python3.8/site-packages/airflow/example_dags/example_xcomargs.py
[2024-11-28T12:02:58.891-0600] {processor.py:914} INFO - Processing file /Library/Frameworks/Python.framework/Versions/3.8/lib/python3.8/site-packages/airflow/example_dags/example_xcomargs.py for tasks to queue
[2024-11-28T12:02:58.891-0600] {logging_mixin.py:190} INFO - [2024-11-28T12:02:58.891-0600] {dagbag.py:588} INFO - Filling up the DagBag from /Library/Frameworks/Python.framework/Versions/3.8/lib/python3.8/site-packages/airflow/example_dags/example_xcomargs.py
[2024-11-28T12:02:58.904-0600] {processor.py:925} INFO - DAG(s) 'example_xcom_args_with_operators', 'example_xcom_args' retrieved from /Library/Frameworks/Python.framework/Versions/3.8/lib/python3.8/site-packages/airflow/example_dags/example_xcomargs.py
[2024-11-28T12:02:58.939-0600] {logging_mixin.py:190} INFO - [2024-11-28T12:02:58.939-0600] {dag.py:3239} INFO - Sync 2 DAGs
[2024-11-28T12:02:58.943-0600] {logging_mixin.py:190} INFO - [2024-11-28T12:02:58.943-0600] {dag.py:4180} INFO - Setting next_dagrun for example_xcom_args to None, run_after=None
[2024-11-28T12:02:58.944-0600] {logging_mixin.py:190} INFO - [2024-11-28T12:02:58.944-0600] {dag.py:4180} INFO - Setting next_dagrun for example_xcom_args_with_operators to None, run_after=None
[2024-11-28T12:02:58.949-0600] {processor.py:208} INFO - Processing /Library/Frameworks/Python.framework/Versions/3.8/lib/python3.8/site-packages/airflow/example_dags/example_xcomargs.py took 0.060 seconds
[2024-11-28T12:04:07.494-0600] {processor.py:186} INFO - Started process (PID=36414) to work on /Library/Frameworks/Python.framework/Versions/3.8/lib/python3.8/site-packages/airflow/example_dags/example_xcomargs.py
[2024-11-28T12:04:07.495-0600] {processor.py:914} INFO - Processing file /Library/Frameworks/Python.framework/Versions/3.8/lib/python3.8/site-packages/airflow/example_dags/example_xcomargs.py for tasks to queue
[2024-11-28T12:04:07.495-0600] {logging_mixin.py:190} INFO - [2024-11-28T12:04:07.495-0600] {dagbag.py:588} INFO - Filling up the DagBag from /Library/Frameworks/Python.framework/Versions/3.8/lib/python3.8/site-packages/airflow/example_dags/example_xcomargs.py
[2024-11-28T12:04:07.508-0600] {processor.py:925} INFO - DAG(s) 'example_xcom_args', 'example_xcom_args_with_operators' retrieved from /Library/Frameworks/Python.framework/Versions/3.8/lib/python3.8/site-packages/airflow/example_dags/example_xcomargs.py
[2024-11-28T12:04:07.542-0600] {logging_mixin.py:190} INFO - [2024-11-28T12:04:07.542-0600] {dag.py:3239} INFO - Sync 2 DAGs
[2024-11-28T12:04:07.546-0600] {logging_mixin.py:190} INFO - [2024-11-28T12:04:07.546-0600] {dag.py:4180} INFO - Setting next_dagrun for example_xcom_args to None, run_after=None
[2024-11-28T12:04:07.547-0600] {logging_mixin.py:190} INFO - [2024-11-28T12:04:07.547-0600] {dag.py:4180} INFO - Setting next_dagrun for example_xcom_args_with_operators to None, run_after=None
[2024-11-28T12:04:07.552-0600] {processor.py:208} INFO - Processing /Library/Frameworks/Python.framework/Versions/3.8/lib/python3.8/site-packages/airflow/example_dags/example_xcomargs.py took 0.059 seconds
[2024-11-28T12:05:13.755-0600] {processor.py:186} INFO - Started process (PID=36544) to work on /Library/Frameworks/Python.framework/Versions/3.8/lib/python3.8/site-packages/airflow/example_dags/example_xcomargs.py
[2024-11-28T12:05:13.756-0600] {processor.py:914} INFO - Processing file /Library/Frameworks/Python.framework/Versions/3.8/lib/python3.8/site-packages/airflow/example_dags/example_xcomargs.py for tasks to queue
[2024-11-28T12:05:13.756-0600] {logging_mixin.py:190} INFO - [2024-11-28T12:05:13.756-0600] {dagbag.py:588} INFO - Filling up the DagBag from /Library/Frameworks/Python.framework/Versions/3.8/lib/python3.8/site-packages/airflow/example_dags/example_xcomargs.py
[2024-11-28T12:05:13.769-0600] {processor.py:925} INFO - DAG(s) 'example_xcom_args_with_operators', 'example_xcom_args' retrieved from /Library/Frameworks/Python.framework/Versions/3.8/lib/python3.8/site-packages/airflow/example_dags/example_xcomargs.py
[2024-11-28T12:05:13.803-0600] {logging_mixin.py:190} INFO - [2024-11-28T12:05:13.803-0600] {dag.py:3239} INFO - Sync 2 DAGs
[2024-11-28T12:05:13.807-0600] {logging_mixin.py:190} INFO - [2024-11-28T12:05:13.807-0600] {dag.py:4180} INFO - Setting next_dagrun for example_xcom_args to None, run_after=None
[2024-11-28T12:05:13.808-0600] {logging_mixin.py:190} INFO - [2024-11-28T12:05:13.808-0600] {dag.py:4180} INFO - Setting next_dagrun for example_xcom_args_with_operators to None, run_after=None
[2024-11-28T12:05:13.813-0600] {processor.py:208} INFO - Processing /Library/Frameworks/Python.framework/Versions/3.8/lib/python3.8/site-packages/airflow/example_dags/example_xcomargs.py took 0.059 seconds
[2024-11-28T12:06:18.424-0600] {processor.py:186} INFO - Started process (PID=36667) to work on /Library/Frameworks/Python.framework/Versions/3.8/lib/python3.8/site-packages/airflow/example_dags/example_xcomargs.py
[2024-11-28T12:06:18.424-0600] {processor.py:914} INFO - Processing file /Library/Frameworks/Python.framework/Versions/3.8/lib/python3.8/site-packages/airflow/example_dags/example_xcomargs.py for tasks to queue
[2024-11-28T12:06:18.424-0600] {logging_mixin.py:190} INFO - [2024-11-28T12:06:18.424-0600] {dagbag.py:588} INFO - Filling up the DagBag from /Library/Frameworks/Python.framework/Versions/3.8/lib/python3.8/site-packages/airflow/example_dags/example_xcomargs.py
[2024-11-28T12:06:18.436-0600] {processor.py:925} INFO - DAG(s) 'example_xcom_args', 'example_xcom_args_with_operators' retrieved from /Library/Frameworks/Python.framework/Versions/3.8/lib/python3.8/site-packages/airflow/example_dags/example_xcomargs.py
[2024-11-28T12:06:18.470-0600] {logging_mixin.py:190} INFO - [2024-11-28T12:06:18.470-0600] {dag.py:3239} INFO - Sync 2 DAGs
[2024-11-28T12:06:18.474-0600] {logging_mixin.py:190} INFO - [2024-11-28T12:06:18.474-0600] {dag.py:4180} INFO - Setting next_dagrun for example_xcom_args to None, run_after=None
[2024-11-28T12:06:18.475-0600] {logging_mixin.py:190} INFO - [2024-11-28T12:06:18.474-0600] {dag.py:4180} INFO - Setting next_dagrun for example_xcom_args_with_operators to None, run_after=None
[2024-11-28T12:06:18.479-0600] {processor.py:208} INFO - Processing /Library/Frameworks/Python.framework/Versions/3.8/lib/python3.8/site-packages/airflow/example_dags/example_xcomargs.py took 0.056 seconds
[2024-11-28T12:07:22.185-0600] {processor.py:186} INFO - Started process (PID=36788) to work on /Library/Frameworks/Python.framework/Versions/3.8/lib/python3.8/site-packages/airflow/example_dags/example_xcomargs.py
[2024-11-28T12:07:22.187-0600] {processor.py:914} INFO - Processing file /Library/Frameworks/Python.framework/Versions/3.8/lib/python3.8/site-packages/airflow/example_dags/example_xcomargs.py for tasks to queue
[2024-11-28T12:07:22.187-0600] {logging_mixin.py:190} INFO - [2024-11-28T12:07:22.187-0600] {dagbag.py:588} INFO - Filling up the DagBag from /Library/Frameworks/Python.framework/Versions/3.8/lib/python3.8/site-packages/airflow/example_dags/example_xcomargs.py
[2024-11-28T12:07:22.199-0600] {processor.py:925} INFO - DAG(s) 'example_xcom_args', 'example_xcom_args_with_operators' retrieved from /Library/Frameworks/Python.framework/Versions/3.8/lib/python3.8/site-packages/airflow/example_dags/example_xcomargs.py
[2024-11-28T12:07:22.234-0600] {logging_mixin.py:190} INFO - [2024-11-28T12:07:22.234-0600] {dag.py:3239} INFO - Sync 2 DAGs
[2024-11-28T12:07:22.238-0600] {logging_mixin.py:190} INFO - [2024-11-28T12:07:22.238-0600] {dag.py:4180} INFO - Setting next_dagrun for example_xcom_args to None, run_after=None
[2024-11-28T12:07:22.239-0600] {logging_mixin.py:190} INFO - [2024-11-28T12:07:22.239-0600] {dag.py:4180} INFO - Setting next_dagrun for example_xcom_args_with_operators to None, run_after=None
[2024-11-28T12:07:22.244-0600] {processor.py:208} INFO - Processing /Library/Frameworks/Python.framework/Versions/3.8/lib/python3.8/site-packages/airflow/example_dags/example_xcomargs.py took 0.059 seconds
[2024-11-28T12:08:27.909-0600] {processor.py:186} INFO - Started process (PID=36906) to work on /Library/Frameworks/Python.framework/Versions/3.8/lib/python3.8/site-packages/airflow/example_dags/example_xcomargs.py
[2024-11-28T12:08:27.910-0600] {processor.py:914} INFO - Processing file /Library/Frameworks/Python.framework/Versions/3.8/lib/python3.8/site-packages/airflow/example_dags/example_xcomargs.py for tasks to queue
[2024-11-28T12:08:27.910-0600] {logging_mixin.py:190} INFO - [2024-11-28T12:08:27.910-0600] {dagbag.py:588} INFO - Filling up the DagBag from /Library/Frameworks/Python.framework/Versions/3.8/lib/python3.8/site-packages/airflow/example_dags/example_xcomargs.py
[2024-11-28T12:08:27.923-0600] {processor.py:925} INFO - DAG(s) 'example_xcom_args_with_operators', 'example_xcom_args' retrieved from /Library/Frameworks/Python.framework/Versions/3.8/lib/python3.8/site-packages/airflow/example_dags/example_xcomargs.py
[2024-11-28T12:08:27.957-0600] {logging_mixin.py:190} INFO - [2024-11-28T12:08:27.957-0600] {dag.py:3239} INFO - Sync 2 DAGs
[2024-11-28T12:08:27.961-0600] {logging_mixin.py:190} INFO - [2024-11-28T12:08:27.961-0600] {dag.py:4180} INFO - Setting next_dagrun for example_xcom_args to None, run_after=None
[2024-11-28T12:08:27.962-0600] {logging_mixin.py:190} INFO - [2024-11-28T12:08:27.962-0600] {dag.py:4180} INFO - Setting next_dagrun for example_xcom_args_with_operators to None, run_after=None
[2024-11-28T12:08:27.967-0600] {processor.py:208} INFO - Processing /Library/Frameworks/Python.framework/Versions/3.8/lib/python3.8/site-packages/airflow/example_dags/example_xcomargs.py took 0.059 seconds
[2024-11-28T12:09:38.932-0600] {processor.py:186} INFO - Started process (PID=37035) to work on /Library/Frameworks/Python.framework/Versions/3.8/lib/python3.8/site-packages/airflow/example_dags/example_xcomargs.py
[2024-11-28T12:09:38.933-0600] {processor.py:914} INFO - Processing file /Library/Frameworks/Python.framework/Versions/3.8/lib/python3.8/site-packages/airflow/example_dags/example_xcomargs.py for tasks to queue
[2024-11-28T12:09:38.934-0600] {logging_mixin.py:190} INFO - [2024-11-28T12:09:38.934-0600] {dagbag.py:588} INFO - Filling up the DagBag from /Library/Frameworks/Python.framework/Versions/3.8/lib/python3.8/site-packages/airflow/example_dags/example_xcomargs.py
[2024-11-28T12:09:38.947-0600] {processor.py:925} INFO - DAG(s) 'example_xcom_args_with_operators', 'example_xcom_args' retrieved from /Library/Frameworks/Python.framework/Versions/3.8/lib/python3.8/site-packages/airflow/example_dags/example_xcomargs.py
[2024-11-28T12:09:38.983-0600] {logging_mixin.py:190} INFO - [2024-11-28T12:09:38.983-0600] {dag.py:3239} INFO - Sync 2 DAGs
[2024-11-28T12:09:38.987-0600] {logging_mixin.py:190} INFO - [2024-11-28T12:09:38.987-0600] {dag.py:4180} INFO - Setting next_dagrun for example_xcom_args to None, run_after=None
[2024-11-28T12:09:38.988-0600] {logging_mixin.py:190} INFO - [2024-11-28T12:09:38.988-0600] {dag.py:4180} INFO - Setting next_dagrun for example_xcom_args_with_operators to None, run_after=None
[2024-11-28T12:09:38.993-0600] {processor.py:208} INFO - Processing /Library/Frameworks/Python.framework/Versions/3.8/lib/python3.8/site-packages/airflow/example_dags/example_xcomargs.py took 0.062 seconds
[2024-11-28T12:10:47.435-0600] {processor.py:186} INFO - Started process (PID=37180) to work on /Library/Frameworks/Python.framework/Versions/3.8/lib/python3.8/site-packages/airflow/example_dags/example_xcomargs.py
[2024-11-28T12:10:47.437-0600] {processor.py:914} INFO - Processing file /Library/Frameworks/Python.framework/Versions/3.8/lib/python3.8/site-packages/airflow/example_dags/example_xcomargs.py for tasks to queue
[2024-11-28T12:10:47.437-0600] {logging_mixin.py:190} INFO - [2024-11-28T12:10:47.437-0600] {dagbag.py:588} INFO - Filling up the DagBag from /Library/Frameworks/Python.framework/Versions/3.8/lib/python3.8/site-packages/airflow/example_dags/example_xcomargs.py
[2024-11-28T12:10:47.449-0600] {processor.py:925} INFO - DAG(s) 'example_xcom_args', 'example_xcom_args_with_operators' retrieved from /Library/Frameworks/Python.framework/Versions/3.8/lib/python3.8/site-packages/airflow/example_dags/example_xcomargs.py
[2024-11-28T12:10:47.485-0600] {logging_mixin.py:190} INFO - [2024-11-28T12:10:47.485-0600] {dag.py:3239} INFO - Sync 2 DAGs
[2024-11-28T12:10:47.488-0600] {logging_mixin.py:190} INFO - [2024-11-28T12:10:47.488-0600] {dag.py:4180} INFO - Setting next_dagrun for example_xcom_args to None, run_after=None
[2024-11-28T12:10:47.489-0600] {logging_mixin.py:190} INFO - [2024-11-28T12:10:47.489-0600] {dag.py:4180} INFO - Setting next_dagrun for example_xcom_args_with_operators to None, run_after=None
[2024-11-28T12:10:47.494-0600] {processor.py:208} INFO - Processing /Library/Frameworks/Python.framework/Versions/3.8/lib/python3.8/site-packages/airflow/example_dags/example_xcomargs.py took 0.060 seconds
