[2024-11-28T11:46:58.019-0600] {processor.py:186} INFO - Started process (PID=34410) to work on /Library/Frameworks/Python.framework/Versions/3.8/lib/python3.8/site-packages/airflow/example_dags/example_trigger_target_dag.py
[2024-11-28T11:46:58.019-0600] {processor.py:914} INFO - Processing file /Library/Frameworks/Python.framework/Versions/3.8/lib/python3.8/site-packages/airflow/example_dags/example_trigger_target_dag.py for tasks to queue
[2024-11-28T11:46:58.019-0600] {logging_mixin.py:190} INFO - [2024-11-28T11:46:58.019-0600] {dagbag.py:588} INFO - Filling up the DagBag from /Library/Frameworks/Python.framework/Versions/3.8/lib/python3.8/site-packages/airflow/example_dags/example_trigger_target_dag.py
[2024-11-28T11:46:58.031-0600] {processor.py:925} INFO - DAG(s) 'example_trigger_target_dag' retrieved from /Library/Frameworks/Python.framework/Versions/3.8/lib/python3.8/site-packages/airflow/example_dags/example_trigger_target_dag.py
[2024-11-28T11:46:58.063-0600] {logging_mixin.py:190} INFO - [2024-11-28T11:46:58.063-0600] {dag.py:3239} INFO - Sync 1 DAGs
[2024-11-28T11:46:58.066-0600] {logging_mixin.py:190} INFO - [2024-11-28T11:46:58.066-0600] {dag.py:4180} INFO - Setting next_dagrun for example_trigger_target_dag to None, run_after=None
[2024-11-28T11:46:58.071-0600] {processor.py:208} INFO - Processing /Library/Frameworks/Python.framework/Versions/3.8/lib/python3.8/site-packages/airflow/example_dags/example_trigger_target_dag.py took 0.054 seconds
[2024-11-28T11:48:32.982-0600] {processor.py:186} INFO - Started process (PID=34598) to work on /Library/Frameworks/Python.framework/Versions/3.8/lib/python3.8/site-packages/airflow/example_dags/example_trigger_target_dag.py
[2024-11-28T11:48:32.983-0600] {processor.py:914} INFO - Processing file /Library/Frameworks/Python.framework/Versions/3.8/lib/python3.8/site-packages/airflow/example_dags/example_trigger_target_dag.py for tasks to queue
[2024-11-28T11:48:32.983-0600] {logging_mixin.py:190} INFO - [2024-11-28T11:48:32.983-0600] {dagbag.py:588} INFO - Filling up the DagBag from /Library/Frameworks/Python.framework/Versions/3.8/lib/python3.8/site-packages/airflow/example_dags/example_trigger_target_dag.py
[2024-11-28T11:48:32.994-0600] {processor.py:925} INFO - DAG(s) 'example_trigger_target_dag' retrieved from /Library/Frameworks/Python.framework/Versions/3.8/lib/python3.8/site-packages/airflow/example_dags/example_trigger_target_dag.py
[2024-11-28T11:48:33.028-0600] {logging_mixin.py:190} INFO - [2024-11-28T11:48:33.027-0600] {dag.py:3239} INFO - Sync 1 DAGs
[2024-11-28T11:48:33.031-0600] {logging_mixin.py:190} INFO - [2024-11-28T11:48:33.031-0600] {dag.py:4180} INFO - Setting next_dagrun for example_trigger_target_dag to None, run_after=None
[2024-11-28T11:48:33.036-0600] {processor.py:208} INFO - Processing /Library/Frameworks/Python.framework/Versions/3.8/lib/python3.8/site-packages/airflow/example_dags/example_trigger_target_dag.py took 0.055 seconds
[2024-11-28T11:49:40.423-0600] {processor.py:186} INFO - Started process (PID=34739) to work on /Library/Frameworks/Python.framework/Versions/3.8/lib/python3.8/site-packages/airflow/example_dags/example_trigger_target_dag.py
[2024-11-28T11:49:40.423-0600] {processor.py:914} INFO - Processing file /Library/Frameworks/Python.framework/Versions/3.8/lib/python3.8/site-packages/airflow/example_dags/example_trigger_target_dag.py for tasks to queue
[2024-11-28T11:49:40.424-0600] {logging_mixin.py:190} INFO - [2024-11-28T11:49:40.424-0600] {dagbag.py:588} INFO - Filling up the DagBag from /Library/Frameworks/Python.framework/Versions/3.8/lib/python3.8/site-packages/airflow/example_dags/example_trigger_target_dag.py
[2024-11-28T11:49:40.436-0600] {processor.py:925} INFO - DAG(s) 'example_trigger_target_dag' retrieved from /Library/Frameworks/Python.framework/Versions/3.8/lib/python3.8/site-packages/airflow/example_dags/example_trigger_target_dag.py
[2024-11-28T11:49:40.469-0600] {logging_mixin.py:190} INFO - [2024-11-28T11:49:40.469-0600] {dag.py:3239} INFO - Sync 1 DAGs
[2024-11-28T11:49:40.472-0600] {logging_mixin.py:190} INFO - [2024-11-28T11:49:40.472-0600] {dag.py:4180} INFO - Setting next_dagrun for example_trigger_target_dag to None, run_after=None
[2024-11-28T11:49:40.477-0600] {processor.py:208} INFO - Processing /Library/Frameworks/Python.framework/Versions/3.8/lib/python3.8/site-packages/airflow/example_dags/example_trigger_target_dag.py took 0.056 seconds
[2024-11-28T11:50:48.154-0600] {processor.py:186} INFO - Started process (PID=34867) to work on /Library/Frameworks/Python.framework/Versions/3.8/lib/python3.8/site-packages/airflow/example_dags/example_trigger_target_dag.py
[2024-11-28T11:50:48.155-0600] {processor.py:914} INFO - Processing file /Library/Frameworks/Python.framework/Versions/3.8/lib/python3.8/site-packages/airflow/example_dags/example_trigger_target_dag.py for tasks to queue
[2024-11-28T11:50:48.155-0600] {logging_mixin.py:190} INFO - [2024-11-28T11:50:48.155-0600] {dagbag.py:588} INFO - Filling up the DagBag from /Library/Frameworks/Python.framework/Versions/3.8/lib/python3.8/site-packages/airflow/example_dags/example_trigger_target_dag.py
[2024-11-28T11:50:48.166-0600] {processor.py:925} INFO - DAG(s) 'example_trigger_target_dag' retrieved from /Library/Frameworks/Python.framework/Versions/3.8/lib/python3.8/site-packages/airflow/example_dags/example_trigger_target_dag.py
[2024-11-28T11:50:48.199-0600] {logging_mixin.py:190} INFO - [2024-11-28T11:50:48.199-0600] {dag.py:3239} INFO - Sync 1 DAGs
[2024-11-28T11:50:48.203-0600] {logging_mixin.py:190} INFO - [2024-11-28T11:50:48.202-0600] {dag.py:4180} INFO - Setting next_dagrun for example_trigger_target_dag to None, run_after=None
[2024-11-28T11:50:48.208-0600] {processor.py:208} INFO - Processing /Library/Frameworks/Python.framework/Versions/3.8/lib/python3.8/site-packages/airflow/example_dags/example_trigger_target_dag.py took 0.055 seconds
[2024-11-28T11:51:55.464-0600] {processor.py:186} INFO - Started process (PID=34992) to work on /Library/Frameworks/Python.framework/Versions/3.8/lib/python3.8/site-packages/airflow/example_dags/example_trigger_target_dag.py
[2024-11-28T11:51:55.464-0600] {processor.py:914} INFO - Processing file /Library/Frameworks/Python.framework/Versions/3.8/lib/python3.8/site-packages/airflow/example_dags/example_trigger_target_dag.py for tasks to queue
[2024-11-28T11:51:55.465-0600] {logging_mixin.py:190} INFO - [2024-11-28T11:51:55.465-0600] {dagbag.py:588} INFO - Filling up the DagBag from /Library/Frameworks/Python.framework/Versions/3.8/lib/python3.8/site-packages/airflow/example_dags/example_trigger_target_dag.py
[2024-11-28T11:51:55.476-0600] {processor.py:925} INFO - DAG(s) 'example_trigger_target_dag' retrieved from /Library/Frameworks/Python.framework/Versions/3.8/lib/python3.8/site-packages/airflow/example_dags/example_trigger_target_dag.py
[2024-11-28T11:51:55.511-0600] {logging_mixin.py:190} INFO - [2024-11-28T11:51:55.511-0600] {dag.py:3239} INFO - Sync 1 DAGs
[2024-11-28T11:51:55.515-0600] {logging_mixin.py:190} INFO - [2024-11-28T11:51:55.515-0600] {dag.py:4180} INFO - Setting next_dagrun for example_trigger_target_dag to None, run_after=None
[2024-11-28T11:51:55.520-0600] {processor.py:208} INFO - Processing /Library/Frameworks/Python.framework/Versions/3.8/lib/python3.8/site-packages/airflow/example_dags/example_trigger_target_dag.py took 0.058 seconds
[2024-11-28T11:53:01.543-0600] {processor.py:186} INFO - Started process (PID=35120) to work on /Library/Frameworks/Python.framework/Versions/3.8/lib/python3.8/site-packages/airflow/example_dags/example_trigger_target_dag.py
[2024-11-28T11:53:01.544-0600] {processor.py:914} INFO - Processing file /Library/Frameworks/Python.framework/Versions/3.8/lib/python3.8/site-packages/airflow/example_dags/example_trigger_target_dag.py for tasks to queue
[2024-11-28T11:53:01.544-0600] {logging_mixin.py:190} INFO - [2024-11-28T11:53:01.544-0600] {dagbag.py:588} INFO - Filling up the DagBag from /Library/Frameworks/Python.framework/Versions/3.8/lib/python3.8/site-packages/airflow/example_dags/example_trigger_target_dag.py
[2024-11-28T11:53:01.558-0600] {processor.py:925} INFO - DAG(s) 'example_trigger_target_dag' retrieved from /Library/Frameworks/Python.framework/Versions/3.8/lib/python3.8/site-packages/airflow/example_dags/example_trigger_target_dag.py
[2024-11-28T11:53:01.592-0600] {logging_mixin.py:190} INFO - [2024-11-28T11:53:01.592-0600] {dag.py:3239} INFO - Sync 1 DAGs
[2024-11-28T11:53:01.595-0600] {logging_mixin.py:190} INFO - [2024-11-28T11:53:01.595-0600] {dag.py:4180} INFO - Setting next_dagrun for example_trigger_target_dag to None, run_after=None
[2024-11-28T11:53:01.601-0600] {processor.py:208} INFO - Processing /Library/Frameworks/Python.framework/Versions/3.8/lib/python3.8/site-packages/airflow/example_dags/example_trigger_target_dag.py took 0.059 seconds
[2024-11-28T11:54:09.206-0600] {processor.py:186} INFO - Started process (PID=35289) to work on /Library/Frameworks/Python.framework/Versions/3.8/lib/python3.8/site-packages/airflow/example_dags/example_trigger_target_dag.py
[2024-11-28T11:54:09.208-0600] {processor.py:914} INFO - Processing file /Library/Frameworks/Python.framework/Versions/3.8/lib/python3.8/site-packages/airflow/example_dags/example_trigger_target_dag.py for tasks to queue
[2024-11-28T11:54:09.208-0600] {logging_mixin.py:190} INFO - [2024-11-28T11:54:09.208-0600] {dagbag.py:588} INFO - Filling up the DagBag from /Library/Frameworks/Python.framework/Versions/3.8/lib/python3.8/site-packages/airflow/example_dags/example_trigger_target_dag.py
[2024-11-28T11:54:09.220-0600] {processor.py:925} INFO - DAG(s) 'example_trigger_target_dag' retrieved from /Library/Frameworks/Python.framework/Versions/3.8/lib/python3.8/site-packages/airflow/example_dags/example_trigger_target_dag.py
[2024-11-28T11:54:09.253-0600] {logging_mixin.py:190} INFO - [2024-11-28T11:54:09.253-0600] {dag.py:3239} INFO - Sync 1 DAGs
[2024-11-28T11:54:09.256-0600] {logging_mixin.py:190} INFO - [2024-11-28T11:54:09.256-0600] {dag.py:4180} INFO - Setting next_dagrun for example_trigger_target_dag to None, run_after=None
[2024-11-28T11:54:09.261-0600] {processor.py:208} INFO - Processing /Library/Frameworks/Python.framework/Versions/3.8/lib/python3.8/site-packages/airflow/example_dags/example_trigger_target_dag.py took 0.056 seconds
[2024-11-28T11:55:12.656-0600] {processor.py:186} INFO - Started process (PID=35413) to work on /Library/Frameworks/Python.framework/Versions/3.8/lib/python3.8/site-packages/airflow/example_dags/example_trigger_target_dag.py
[2024-11-28T11:55:12.656-0600] {processor.py:914} INFO - Processing file /Library/Frameworks/Python.framework/Versions/3.8/lib/python3.8/site-packages/airflow/example_dags/example_trigger_target_dag.py for tasks to queue
[2024-11-28T11:55:12.657-0600] {logging_mixin.py:190} INFO - [2024-11-28T11:55:12.656-0600] {dagbag.py:588} INFO - Filling up the DagBag from /Library/Frameworks/Python.framework/Versions/3.8/lib/python3.8/site-packages/airflow/example_dags/example_trigger_target_dag.py
[2024-11-28T11:55:12.669-0600] {processor.py:925} INFO - DAG(s) 'example_trigger_target_dag' retrieved from /Library/Frameworks/Python.framework/Versions/3.8/lib/python3.8/site-packages/airflow/example_dags/example_trigger_target_dag.py
[2024-11-28T11:55:12.704-0600] {logging_mixin.py:190} INFO - [2024-11-28T11:55:12.704-0600] {dag.py:3239} INFO - Sync 1 DAGs
[2024-11-28T11:55:12.708-0600] {logging_mixin.py:190} INFO - [2024-11-28T11:55:12.708-0600] {dag.py:4180} INFO - Setting next_dagrun for example_trigger_target_dag to None, run_after=None
[2024-11-28T11:55:12.713-0600] {processor.py:208} INFO - Processing /Library/Frameworks/Python.framework/Versions/3.8/lib/python3.8/site-packages/airflow/example_dags/example_trigger_target_dag.py took 0.058 seconds
[2024-11-28T11:56:19.307-0600] {processor.py:186} INFO - Started process (PID=35537) to work on /Library/Frameworks/Python.framework/Versions/3.8/lib/python3.8/site-packages/airflow/example_dags/example_trigger_target_dag.py
[2024-11-28T11:56:19.307-0600] {processor.py:914} INFO - Processing file /Library/Frameworks/Python.framework/Versions/3.8/lib/python3.8/site-packages/airflow/example_dags/example_trigger_target_dag.py for tasks to queue
[2024-11-28T11:56:19.308-0600] {logging_mixin.py:190} INFO - [2024-11-28T11:56:19.307-0600] {dagbag.py:588} INFO - Filling up the DagBag from /Library/Frameworks/Python.framework/Versions/3.8/lib/python3.8/site-packages/airflow/example_dags/example_trigger_target_dag.py
[2024-11-28T11:56:19.319-0600] {processor.py:925} INFO - DAG(s) 'example_trigger_target_dag' retrieved from /Library/Frameworks/Python.framework/Versions/3.8/lib/python3.8/site-packages/airflow/example_dags/example_trigger_target_dag.py
[2024-11-28T11:56:19.353-0600] {logging_mixin.py:190} INFO - [2024-11-28T11:56:19.352-0600] {dag.py:3239} INFO - Sync 1 DAGs
[2024-11-28T11:56:19.356-0600] {logging_mixin.py:190} INFO - [2024-11-28T11:56:19.356-0600] {dag.py:4180} INFO - Setting next_dagrun for example_trigger_target_dag to None, run_after=None
[2024-11-28T11:56:19.361-0600] {processor.py:208} INFO - Processing /Library/Frameworks/Python.framework/Versions/3.8/lib/python3.8/site-packages/airflow/example_dags/example_trigger_target_dag.py took 0.056 seconds
[2024-11-28T11:57:28.774-0600] {processor.py:186} INFO - Started process (PID=35672) to work on /Library/Frameworks/Python.framework/Versions/3.8/lib/python3.8/site-packages/airflow/example_dags/example_trigger_target_dag.py
[2024-11-28T11:57:28.776-0600] {processor.py:914} INFO - Processing file /Library/Frameworks/Python.framework/Versions/3.8/lib/python3.8/site-packages/airflow/example_dags/example_trigger_target_dag.py for tasks to queue
[2024-11-28T11:57:28.776-0600] {logging_mixin.py:190} INFO - [2024-11-28T11:57:28.776-0600] {dagbag.py:588} INFO - Filling up the DagBag from /Library/Frameworks/Python.framework/Versions/3.8/lib/python3.8/site-packages/airflow/example_dags/example_trigger_target_dag.py
[2024-11-28T11:57:28.789-0600] {processor.py:925} INFO - DAG(s) 'example_trigger_target_dag' retrieved from /Library/Frameworks/Python.framework/Versions/3.8/lib/python3.8/site-packages/airflow/example_dags/example_trigger_target_dag.py
[2024-11-28T11:57:28.823-0600] {logging_mixin.py:190} INFO - [2024-11-28T11:57:28.823-0600] {dag.py:3239} INFO - Sync 1 DAGs
[2024-11-28T11:57:28.826-0600] {logging_mixin.py:190} INFO - [2024-11-28T11:57:28.826-0600] {dag.py:4180} INFO - Setting next_dagrun for example_trigger_target_dag to None, run_after=None
[2024-11-28T11:57:28.831-0600] {processor.py:208} INFO - Processing /Library/Frameworks/Python.framework/Versions/3.8/lib/python3.8/site-packages/airflow/example_dags/example_trigger_target_dag.py took 0.059 seconds
[2024-11-28T11:58:35.555-0600] {processor.py:186} INFO - Started process (PID=35794) to work on /Library/Frameworks/Python.framework/Versions/3.8/lib/python3.8/site-packages/airflow/example_dags/example_trigger_target_dag.py
[2024-11-28T11:58:35.555-0600] {processor.py:914} INFO - Processing file /Library/Frameworks/Python.framework/Versions/3.8/lib/python3.8/site-packages/airflow/example_dags/example_trigger_target_dag.py for tasks to queue
[2024-11-28T11:58:35.555-0600] {logging_mixin.py:190} INFO - [2024-11-28T11:58:35.555-0600] {dagbag.py:588} INFO - Filling up the DagBag from /Library/Frameworks/Python.framework/Versions/3.8/lib/python3.8/site-packages/airflow/example_dags/example_trigger_target_dag.py
[2024-11-28T11:58:35.566-0600] {processor.py:925} INFO - DAG(s) 'example_trigger_target_dag' retrieved from /Library/Frameworks/Python.framework/Versions/3.8/lib/python3.8/site-packages/airflow/example_dags/example_trigger_target_dag.py
[2024-11-28T11:58:35.599-0600] {logging_mixin.py:190} INFO - [2024-11-28T11:58:35.599-0600] {dag.py:3239} INFO - Sync 1 DAGs
[2024-11-28T11:58:35.603-0600] {logging_mixin.py:190} INFO - [2024-11-28T11:58:35.603-0600] {dag.py:4180} INFO - Setting next_dagrun for example_trigger_target_dag to None, run_after=None
[2024-11-28T11:58:35.608-0600] {processor.py:208} INFO - Processing /Library/Frameworks/Python.framework/Versions/3.8/lib/python3.8/site-packages/airflow/example_dags/example_trigger_target_dag.py took 0.054 seconds
[2024-11-28T11:59:44.345-0600] {processor.py:186} INFO - Started process (PID=35919) to work on /Library/Frameworks/Python.framework/Versions/3.8/lib/python3.8/site-packages/airflow/example_dags/example_trigger_target_dag.py
[2024-11-28T11:59:44.348-0600] {processor.py:914} INFO - Processing file /Library/Frameworks/Python.framework/Versions/3.8/lib/python3.8/site-packages/airflow/example_dags/example_trigger_target_dag.py for tasks to queue
[2024-11-28T11:59:44.348-0600] {logging_mixin.py:190} INFO - [2024-11-28T11:59:44.348-0600] {dagbag.py:588} INFO - Filling up the DagBag from /Library/Frameworks/Python.framework/Versions/3.8/lib/python3.8/site-packages/airflow/example_dags/example_trigger_target_dag.py
[2024-11-28T11:59:44.360-0600] {processor.py:925} INFO - DAG(s) 'example_trigger_target_dag' retrieved from /Library/Frameworks/Python.framework/Versions/3.8/lib/python3.8/site-packages/airflow/example_dags/example_trigger_target_dag.py
[2024-11-28T11:59:44.393-0600] {logging_mixin.py:190} INFO - [2024-11-28T11:59:44.393-0600] {dag.py:3239} INFO - Sync 1 DAGs
[2024-11-28T11:59:44.397-0600] {logging_mixin.py:190} INFO - [2024-11-28T11:59:44.397-0600] {dag.py:4180} INFO - Setting next_dagrun for example_trigger_target_dag to None, run_after=None
[2024-11-28T11:59:44.402-0600] {processor.py:208} INFO - Processing /Library/Frameworks/Python.framework/Versions/3.8/lib/python3.8/site-packages/airflow/example_dags/example_trigger_target_dag.py took 0.058 seconds
[2024-11-28T12:00:50.775-0600] {processor.py:186} INFO - Started process (PID=36050) to work on /Library/Frameworks/Python.framework/Versions/3.8/lib/python3.8/site-packages/airflow/example_dags/example_trigger_target_dag.py
[2024-11-28T12:00:50.776-0600] {processor.py:914} INFO - Processing file /Library/Frameworks/Python.framework/Versions/3.8/lib/python3.8/site-packages/airflow/example_dags/example_trigger_target_dag.py for tasks to queue
[2024-11-28T12:00:50.777-0600] {logging_mixin.py:190} INFO - [2024-11-28T12:00:50.777-0600] {dagbag.py:588} INFO - Filling up the DagBag from /Library/Frameworks/Python.framework/Versions/3.8/lib/python3.8/site-packages/airflow/example_dags/example_trigger_target_dag.py
[2024-11-28T12:00:50.788-0600] {processor.py:925} INFO - DAG(s) 'example_trigger_target_dag' retrieved from /Library/Frameworks/Python.framework/Versions/3.8/lib/python3.8/site-packages/airflow/example_dags/example_trigger_target_dag.py
[2024-11-28T12:00:50.821-0600] {logging_mixin.py:190} INFO - [2024-11-28T12:00:50.821-0600] {dag.py:3239} INFO - Sync 1 DAGs
[2024-11-28T12:00:50.824-0600] {logging_mixin.py:190} INFO - [2024-11-28T12:00:50.824-0600] {dag.py:4180} INFO - Setting next_dagrun for example_trigger_target_dag to None, run_after=None
[2024-11-28T12:00:50.830-0600] {processor.py:208} INFO - Processing /Library/Frameworks/Python.framework/Versions/3.8/lib/python3.8/site-packages/airflow/example_dags/example_trigger_target_dag.py took 0.056 seconds
[2024-11-28T12:01:59.113-0600] {processor.py:186} INFO - Started process (PID=36175) to work on /Library/Frameworks/Python.framework/Versions/3.8/lib/python3.8/site-packages/airflow/example_dags/example_trigger_target_dag.py
[2024-11-28T12:01:59.114-0600] {processor.py:914} INFO - Processing file /Library/Frameworks/Python.framework/Versions/3.8/lib/python3.8/site-packages/airflow/example_dags/example_trigger_target_dag.py for tasks to queue
[2024-11-28T12:01:59.114-0600] {logging_mixin.py:190} INFO - [2024-11-28T12:01:59.114-0600] {dagbag.py:588} INFO - Filling up the DagBag from /Library/Frameworks/Python.framework/Versions/3.8/lib/python3.8/site-packages/airflow/example_dags/example_trigger_target_dag.py
[2024-11-28T12:01:59.125-0600] {processor.py:925} INFO - DAG(s) 'example_trigger_target_dag' retrieved from /Library/Frameworks/Python.framework/Versions/3.8/lib/python3.8/site-packages/airflow/example_dags/example_trigger_target_dag.py
[2024-11-28T12:01:59.159-0600] {logging_mixin.py:190} INFO - [2024-11-28T12:01:59.159-0600] {dag.py:3239} INFO - Sync 1 DAGs
[2024-11-28T12:01:59.163-0600] {logging_mixin.py:190} INFO - [2024-11-28T12:01:59.163-0600] {dag.py:4180} INFO - Setting next_dagrun for example_trigger_target_dag to None, run_after=None
[2024-11-28T12:01:59.168-0600] {processor.py:208} INFO - Processing /Library/Frameworks/Python.framework/Versions/3.8/lib/python3.8/site-packages/airflow/example_dags/example_trigger_target_dag.py took 0.056 seconds
[2024-11-28T12:03:04.164-0600] {processor.py:186} INFO - Started process (PID=36297) to work on /Library/Frameworks/Python.framework/Versions/3.8/lib/python3.8/site-packages/airflow/example_dags/example_trigger_target_dag.py
[2024-11-28T12:03:04.164-0600] {processor.py:914} INFO - Processing file /Library/Frameworks/Python.framework/Versions/3.8/lib/python3.8/site-packages/airflow/example_dags/example_trigger_target_dag.py for tasks to queue
[2024-11-28T12:03:04.165-0600] {logging_mixin.py:190} INFO - [2024-11-28T12:03:04.164-0600] {dagbag.py:588} INFO - Filling up the DagBag from /Library/Frameworks/Python.framework/Versions/3.8/lib/python3.8/site-packages/airflow/example_dags/example_trigger_target_dag.py
[2024-11-28T12:03:04.176-0600] {processor.py:925} INFO - DAG(s) 'example_trigger_target_dag' retrieved from /Library/Frameworks/Python.framework/Versions/3.8/lib/python3.8/site-packages/airflow/example_dags/example_trigger_target_dag.py
[2024-11-28T12:03:04.211-0600] {logging_mixin.py:190} INFO - [2024-11-28T12:03:04.211-0600] {dag.py:3239} INFO - Sync 1 DAGs
[2024-11-28T12:03:04.214-0600] {logging_mixin.py:190} INFO - [2024-11-28T12:03:04.214-0600] {dag.py:4180} INFO - Setting next_dagrun for example_trigger_target_dag to None, run_after=None
[2024-11-28T12:03:04.219-0600] {processor.py:208} INFO - Processing /Library/Frameworks/Python.framework/Versions/3.8/lib/python3.8/site-packages/airflow/example_dags/example_trigger_target_dag.py took 0.057 seconds
[2024-11-28T12:04:12.946-0600] {processor.py:186} INFO - Started process (PID=36425) to work on /Library/Frameworks/Python.framework/Versions/3.8/lib/python3.8/site-packages/airflow/example_dags/example_trigger_target_dag.py
[2024-11-28T12:04:12.947-0600] {processor.py:914} INFO - Processing file /Library/Frameworks/Python.framework/Versions/3.8/lib/python3.8/site-packages/airflow/example_dags/example_trigger_target_dag.py for tasks to queue
[2024-11-28T12:04:12.947-0600] {logging_mixin.py:190} INFO - [2024-11-28T12:04:12.947-0600] {dagbag.py:588} INFO - Filling up the DagBag from /Library/Frameworks/Python.framework/Versions/3.8/lib/python3.8/site-packages/airflow/example_dags/example_trigger_target_dag.py
[2024-11-28T12:04:12.959-0600] {processor.py:925} INFO - DAG(s) 'example_trigger_target_dag' retrieved from /Library/Frameworks/Python.framework/Versions/3.8/lib/python3.8/site-packages/airflow/example_dags/example_trigger_target_dag.py
[2024-11-28T12:04:12.993-0600] {logging_mixin.py:190} INFO - [2024-11-28T12:04:12.993-0600] {dag.py:3239} INFO - Sync 1 DAGs
[2024-11-28T12:04:12.996-0600] {logging_mixin.py:190} INFO - [2024-11-28T12:04:12.996-0600] {dag.py:4180} INFO - Setting next_dagrun for example_trigger_target_dag to None, run_after=None
[2024-11-28T12:04:13.001-0600] {processor.py:208} INFO - Processing /Library/Frameworks/Python.framework/Versions/3.8/lib/python3.8/site-packages/airflow/example_dags/example_trigger_target_dag.py took 0.056 seconds
[2024-11-28T12:05:18.337-0600] {processor.py:186} INFO - Started process (PID=36553) to work on /Library/Frameworks/Python.framework/Versions/3.8/lib/python3.8/site-packages/airflow/example_dags/example_trigger_target_dag.py
[2024-11-28T12:05:18.337-0600] {processor.py:914} INFO - Processing file /Library/Frameworks/Python.framework/Versions/3.8/lib/python3.8/site-packages/airflow/example_dags/example_trigger_target_dag.py for tasks to queue
[2024-11-28T12:05:18.338-0600] {logging_mixin.py:190} INFO - [2024-11-28T12:05:18.338-0600] {dagbag.py:588} INFO - Filling up the DagBag from /Library/Frameworks/Python.framework/Versions/3.8/lib/python3.8/site-packages/airflow/example_dags/example_trigger_target_dag.py
[2024-11-28T12:05:18.349-0600] {processor.py:925} INFO - DAG(s) 'example_trigger_target_dag' retrieved from /Library/Frameworks/Python.framework/Versions/3.8/lib/python3.8/site-packages/airflow/example_dags/example_trigger_target_dag.py
[2024-11-28T12:05:18.383-0600] {logging_mixin.py:190} INFO - [2024-11-28T12:05:18.383-0600] {dag.py:3239} INFO - Sync 1 DAGs
[2024-11-28T12:05:18.386-0600] {logging_mixin.py:190} INFO - [2024-11-28T12:05:18.386-0600] {dag.py:4180} INFO - Setting next_dagrun for example_trigger_target_dag to None, run_after=None
[2024-11-28T12:05:18.392-0600] {processor.py:208} INFO - Processing /Library/Frameworks/Python.framework/Versions/3.8/lib/python3.8/site-packages/airflow/example_dags/example_trigger_target_dag.py took 0.056 seconds
[2024-11-28T12:06:23.831-0600] {processor.py:186} INFO - Started process (PID=36676) to work on /Library/Frameworks/Python.framework/Versions/3.8/lib/python3.8/site-packages/airflow/example_dags/example_trigger_target_dag.py
[2024-11-28T12:06:23.831-0600] {processor.py:914} INFO - Processing file /Library/Frameworks/Python.framework/Versions/3.8/lib/python3.8/site-packages/airflow/example_dags/example_trigger_target_dag.py for tasks to queue
[2024-11-28T12:06:23.832-0600] {logging_mixin.py:190} INFO - [2024-11-28T12:06:23.832-0600] {dagbag.py:588} INFO - Filling up the DagBag from /Library/Frameworks/Python.framework/Versions/3.8/lib/python3.8/site-packages/airflow/example_dags/example_trigger_target_dag.py
[2024-11-28T12:06:23.843-0600] {processor.py:925} INFO - DAG(s) 'example_trigger_target_dag' retrieved from /Library/Frameworks/Python.framework/Versions/3.8/lib/python3.8/site-packages/airflow/example_dags/example_trigger_target_dag.py
[2024-11-28T12:06:23.877-0600] {logging_mixin.py:190} INFO - [2024-11-28T12:06:23.876-0600] {dag.py:3239} INFO - Sync 1 DAGs
[2024-11-28T12:06:23.880-0600] {logging_mixin.py:190} INFO - [2024-11-28T12:06:23.880-0600] {dag.py:4180} INFO - Setting next_dagrun for example_trigger_target_dag to None, run_after=None
[2024-11-28T12:06:23.885-0600] {processor.py:208} INFO - Processing /Library/Frameworks/Python.framework/Versions/3.8/lib/python3.8/site-packages/airflow/example_dags/example_trigger_target_dag.py took 0.056 seconds
[2024-11-28T12:07:26.831-0600] {processor.py:186} INFO - Started process (PID=36797) to work on /Library/Frameworks/Python.framework/Versions/3.8/lib/python3.8/site-packages/airflow/example_dags/example_trigger_target_dag.py
[2024-11-28T12:07:26.832-0600] {processor.py:914} INFO - Processing file /Library/Frameworks/Python.framework/Versions/3.8/lib/python3.8/site-packages/airflow/example_dags/example_trigger_target_dag.py for tasks to queue
[2024-11-28T12:07:26.833-0600] {logging_mixin.py:190} INFO - [2024-11-28T12:07:26.833-0600] {dagbag.py:588} INFO - Filling up the DagBag from /Library/Frameworks/Python.framework/Versions/3.8/lib/python3.8/site-packages/airflow/example_dags/example_trigger_target_dag.py
[2024-11-28T12:07:26.844-0600] {processor.py:925} INFO - DAG(s) 'example_trigger_target_dag' retrieved from /Library/Frameworks/Python.framework/Versions/3.8/lib/python3.8/site-packages/airflow/example_dags/example_trigger_target_dag.py
[2024-11-28T12:07:26.878-0600] {logging_mixin.py:190} INFO - [2024-11-28T12:07:26.878-0600] {dag.py:3239} INFO - Sync 1 DAGs
[2024-11-28T12:07:26.882-0600] {logging_mixin.py:190} INFO - [2024-11-28T12:07:26.882-0600] {dag.py:4180} INFO - Setting next_dagrun for example_trigger_target_dag to None, run_after=None
[2024-11-28T12:07:26.887-0600] {processor.py:208} INFO - Processing /Library/Frameworks/Python.framework/Versions/3.8/lib/python3.8/site-packages/airflow/example_dags/example_trigger_target_dag.py took 0.057 seconds
[2024-11-28T12:08:32.511-0600] {processor.py:186} INFO - Started process (PID=36915) to work on /Library/Frameworks/Python.framework/Versions/3.8/lib/python3.8/site-packages/airflow/example_dags/example_trigger_target_dag.py
[2024-11-28T12:08:32.512-0600] {processor.py:914} INFO - Processing file /Library/Frameworks/Python.framework/Versions/3.8/lib/python3.8/site-packages/airflow/example_dags/example_trigger_target_dag.py for tasks to queue
[2024-11-28T12:08:32.512-0600] {logging_mixin.py:190} INFO - [2024-11-28T12:08:32.512-0600] {dagbag.py:588} INFO - Filling up the DagBag from /Library/Frameworks/Python.framework/Versions/3.8/lib/python3.8/site-packages/airflow/example_dags/example_trigger_target_dag.py
[2024-11-28T12:08:32.524-0600] {processor.py:925} INFO - DAG(s) 'example_trigger_target_dag' retrieved from /Library/Frameworks/Python.framework/Versions/3.8/lib/python3.8/site-packages/airflow/example_dags/example_trigger_target_dag.py
[2024-11-28T12:08:32.559-0600] {logging_mixin.py:190} INFO - [2024-11-28T12:08:32.559-0600] {dag.py:3239} INFO - Sync 1 DAGs
[2024-11-28T12:08:32.562-0600] {logging_mixin.py:190} INFO - [2024-11-28T12:08:32.562-0600] {dag.py:4180} INFO - Setting next_dagrun for example_trigger_target_dag to None, run_after=None
[2024-11-28T12:08:32.567-0600] {processor.py:208} INFO - Processing /Library/Frameworks/Python.framework/Versions/3.8/lib/python3.8/site-packages/airflow/example_dags/example_trigger_target_dag.py took 0.058 seconds
[2024-11-28T12:09:44.372-0600] {processor.py:186} INFO - Started process (PID=37045) to work on /Library/Frameworks/Python.framework/Versions/3.8/lib/python3.8/site-packages/airflow/example_dags/example_trigger_target_dag.py
[2024-11-28T12:09:44.373-0600] {processor.py:914} INFO - Processing file /Library/Frameworks/Python.framework/Versions/3.8/lib/python3.8/site-packages/airflow/example_dags/example_trigger_target_dag.py for tasks to queue
[2024-11-28T12:09:44.373-0600] {logging_mixin.py:190} INFO - [2024-11-28T12:09:44.373-0600] {dagbag.py:588} INFO - Filling up the DagBag from /Library/Frameworks/Python.framework/Versions/3.8/lib/python3.8/site-packages/airflow/example_dags/example_trigger_target_dag.py
[2024-11-28T12:09:44.385-0600] {processor.py:925} INFO - DAG(s) 'example_trigger_target_dag' retrieved from /Library/Frameworks/Python.framework/Versions/3.8/lib/python3.8/site-packages/airflow/example_dags/example_trigger_target_dag.py
[2024-11-28T12:09:44.419-0600] {logging_mixin.py:190} INFO - [2024-11-28T12:09:44.419-0600] {dag.py:3239} INFO - Sync 1 DAGs
[2024-11-28T12:09:44.422-0600] {logging_mixin.py:190} INFO - [2024-11-28T12:09:44.422-0600] {dag.py:4180} INFO - Setting next_dagrun for example_trigger_target_dag to None, run_after=None
[2024-11-28T12:09:44.427-0600] {processor.py:208} INFO - Processing /Library/Frameworks/Python.framework/Versions/3.8/lib/python3.8/site-packages/airflow/example_dags/example_trigger_target_dag.py took 0.057 seconds
[2024-11-28T12:10:52.128-0600] {processor.py:186} INFO - Started process (PID=37192) to work on /Library/Frameworks/Python.framework/Versions/3.8/lib/python3.8/site-packages/airflow/example_dags/example_trigger_target_dag.py
[2024-11-28T12:10:52.129-0600] {processor.py:914} INFO - Processing file /Library/Frameworks/Python.framework/Versions/3.8/lib/python3.8/site-packages/airflow/example_dags/example_trigger_target_dag.py for tasks to queue
[2024-11-28T12:10:52.130-0600] {logging_mixin.py:190} INFO - [2024-11-28T12:10:52.130-0600] {dagbag.py:588} INFO - Filling up the DagBag from /Library/Frameworks/Python.framework/Versions/3.8/lib/python3.8/site-packages/airflow/example_dags/example_trigger_target_dag.py
[2024-11-28T12:10:52.141-0600] {processor.py:925} INFO - DAG(s) 'example_trigger_target_dag' retrieved from /Library/Frameworks/Python.framework/Versions/3.8/lib/python3.8/site-packages/airflow/example_dags/example_trigger_target_dag.py
[2024-11-28T12:10:52.175-0600] {logging_mixin.py:190} INFO - [2024-11-28T12:10:52.175-0600] {dag.py:3239} INFO - Sync 1 DAGs
[2024-11-28T12:10:52.179-0600] {logging_mixin.py:190} INFO - [2024-11-28T12:10:52.179-0600] {dag.py:4180} INFO - Setting next_dagrun for example_trigger_target_dag to None, run_after=None
[2024-11-28T12:10:52.184-0600] {processor.py:208} INFO - Processing /Library/Frameworks/Python.framework/Versions/3.8/lib/python3.8/site-packages/airflow/example_dags/example_trigger_target_dag.py took 0.057 seconds
