[2024-11-28T11:47:11.865-0600] {processor.py:186} INFO - Started process (PID=34438) to work on /Library/Frameworks/Python.framework/Versions/3.8/lib/python3.8/site-packages/airflow/example_dags/example_short_circuit_decorator.py
[2024-11-28T11:47:11.866-0600] {processor.py:914} INFO - Processing file /Library/Frameworks/Python.framework/Versions/3.8/lib/python3.8/site-packages/airflow/example_dags/example_short_circuit_decorator.py for tasks to queue
[2024-11-28T11:47:11.866-0600] {logging_mixin.py:190} INFO - [2024-11-28T11:47:11.866-0600] {dagbag.py:588} INFO - Filling up the DagBag from /Library/Frameworks/Python.framework/Versions/3.8/lib/python3.8/site-packages/airflow/example_dags/example_short_circuit_decorator.py
[2024-11-28T11:47:11.879-0600] {processor.py:925} INFO - DAG(s) 'example_short_circuit_decorator' retrieved from /Library/Frameworks/Python.framework/Versions/3.8/lib/python3.8/site-packages/airflow/example_dags/example_short_circuit_decorator.py
[2024-11-28T11:47:11.913-0600] {logging_mixin.py:190} INFO - [2024-11-28T11:47:11.913-0600] {dag.py:3239} INFO - Sync 1 DAGs
[2024-11-28T11:47:11.916-0600] {logging_mixin.py:190} INFO - [2024-11-28T11:47:11.916-0600] {dag.py:4180} INFO - Setting next_dagrun for example_short_circuit_decorator to None, run_after=None
[2024-11-28T11:47:11.921-0600] {processor.py:208} INFO - Processing /Library/Frameworks/Python.framework/Versions/3.8/lib/python3.8/site-packages/airflow/example_dags/example_short_circuit_decorator.py took 0.057 seconds
[2024-11-28T11:48:47.721-0600] {processor.py:186} INFO - Started process (PID=34625) to work on /Library/Frameworks/Python.framework/Versions/3.8/lib/python3.8/site-packages/airflow/example_dags/example_short_circuit_decorator.py
[2024-11-28T11:48:47.722-0600] {processor.py:914} INFO - Processing file /Library/Frameworks/Python.framework/Versions/3.8/lib/python3.8/site-packages/airflow/example_dags/example_short_circuit_decorator.py for tasks to queue
[2024-11-28T11:48:47.722-0600] {logging_mixin.py:190} INFO - [2024-11-28T11:48:47.722-0600] {dagbag.py:588} INFO - Filling up the DagBag from /Library/Frameworks/Python.framework/Versions/3.8/lib/python3.8/site-packages/airflow/example_dags/example_short_circuit_decorator.py
[2024-11-28T11:48:47.735-0600] {processor.py:925} INFO - DAG(s) 'example_short_circuit_decorator' retrieved from /Library/Frameworks/Python.framework/Versions/3.8/lib/python3.8/site-packages/airflow/example_dags/example_short_circuit_decorator.py
[2024-11-28T11:48:47.769-0600] {logging_mixin.py:190} INFO - [2024-11-28T11:48:47.768-0600] {dag.py:3239} INFO - Sync 1 DAGs
[2024-11-28T11:48:47.772-0600] {logging_mixin.py:190} INFO - [2024-11-28T11:48:47.772-0600] {dag.py:4180} INFO - Setting next_dagrun for example_short_circuit_decorator to None, run_after=None
[2024-11-28T11:48:47.777-0600] {processor.py:208} INFO - Processing /Library/Frameworks/Python.framework/Versions/3.8/lib/python3.8/site-packages/airflow/example_dags/example_short_circuit_decorator.py took 0.057 seconds
[2024-11-28T11:51:04.305-0600] {processor.py:186} INFO - Started process (PID=34894) to work on /Library/Frameworks/Python.framework/Versions/3.8/lib/python3.8/site-packages/airflow/example_dags/example_short_circuit_decorator.py
[2024-11-28T11:51:04.306-0600] {processor.py:914} INFO - Processing file /Library/Frameworks/Python.framework/Versions/3.8/lib/python3.8/site-packages/airflow/example_dags/example_short_circuit_decorator.py for tasks to queue
[2024-11-28T11:51:04.307-0600] {logging_mixin.py:190} INFO - [2024-11-28T11:51:04.306-0600] {dagbag.py:588} INFO - Filling up the DagBag from /Library/Frameworks/Python.framework/Versions/3.8/lib/python3.8/site-packages/airflow/example_dags/example_short_circuit_decorator.py
[2024-11-28T11:51:04.319-0600] {processor.py:925} INFO - DAG(s) 'example_short_circuit_decorator' retrieved from /Library/Frameworks/Python.framework/Versions/3.8/lib/python3.8/site-packages/airflow/example_dags/example_short_circuit_decorator.py
[2024-11-28T11:51:04.354-0600] {logging_mixin.py:190} INFO - [2024-11-28T11:51:04.354-0600] {dag.py:3239} INFO - Sync 1 DAGs
[2024-11-28T11:51:04.358-0600] {logging_mixin.py:190} INFO - [2024-11-28T11:51:04.358-0600] {dag.py:4180} INFO - Setting next_dagrun for example_short_circuit_decorator to None, run_after=None
[2024-11-28T11:51:04.363-0600] {processor.py:208} INFO - Processing /Library/Frameworks/Python.framework/Versions/3.8/lib/python3.8/site-packages/airflow/example_dags/example_short_circuit_decorator.py took 0.059 seconds
[2024-11-28T11:53:15.934-0600] {processor.py:186} INFO - Started process (PID=35149) to work on /Library/Frameworks/Python.framework/Versions/3.8/lib/python3.8/site-packages/airflow/example_dags/example_short_circuit_decorator.py
[2024-11-28T11:53:15.935-0600] {processor.py:914} INFO - Processing file /Library/Frameworks/Python.framework/Versions/3.8/lib/python3.8/site-packages/airflow/example_dags/example_short_circuit_decorator.py for tasks to queue
[2024-11-28T11:53:15.936-0600] {logging_mixin.py:190} INFO - [2024-11-28T11:53:15.936-0600] {dagbag.py:588} INFO - Filling up the DagBag from /Library/Frameworks/Python.framework/Versions/3.8/lib/python3.8/site-packages/airflow/example_dags/example_short_circuit_decorator.py
[2024-11-28T11:53:15.948-0600] {processor.py:925} INFO - DAG(s) 'example_short_circuit_decorator' retrieved from /Library/Frameworks/Python.framework/Versions/3.8/lib/python3.8/site-packages/airflow/example_dags/example_short_circuit_decorator.py
[2024-11-28T11:53:15.983-0600] {logging_mixin.py:190} INFO - [2024-11-28T11:53:15.983-0600] {dag.py:3239} INFO - Sync 1 DAGs
[2024-11-28T11:53:15.987-0600] {logging_mixin.py:190} INFO - [2024-11-28T11:53:15.987-0600] {dag.py:4180} INFO - Setting next_dagrun for example_short_circuit_decorator to None, run_after=None
[2024-11-28T11:53:15.992-0600] {processor.py:208} INFO - Processing /Library/Frameworks/Python.framework/Versions/3.8/lib/python3.8/site-packages/airflow/example_dags/example_short_circuit_decorator.py took 0.059 seconds
[2024-11-28T11:55:27.077-0600] {processor.py:186} INFO - Started process (PID=35440) to work on /Library/Frameworks/Python.framework/Versions/3.8/lib/python3.8/site-packages/airflow/example_dags/example_short_circuit_decorator.py
[2024-11-28T11:55:27.078-0600] {processor.py:914} INFO - Processing file /Library/Frameworks/Python.framework/Versions/3.8/lib/python3.8/site-packages/airflow/example_dags/example_short_circuit_decorator.py for tasks to queue
[2024-11-28T11:55:27.078-0600] {logging_mixin.py:190} INFO - [2024-11-28T11:55:27.078-0600] {dagbag.py:588} INFO - Filling up the DagBag from /Library/Frameworks/Python.framework/Versions/3.8/lib/python3.8/site-packages/airflow/example_dags/example_short_circuit_decorator.py
[2024-11-28T11:55:27.090-0600] {processor.py:925} INFO - DAG(s) 'example_short_circuit_decorator' retrieved from /Library/Frameworks/Python.framework/Versions/3.8/lib/python3.8/site-packages/airflow/example_dags/example_short_circuit_decorator.py
[2024-11-28T11:55:27.125-0600] {logging_mixin.py:190} INFO - [2024-11-28T11:55:27.125-0600] {dag.py:3239} INFO - Sync 1 DAGs
[2024-11-28T11:55:27.129-0600] {logging_mixin.py:190} INFO - [2024-11-28T11:55:27.129-0600] {dag.py:4180} INFO - Setting next_dagrun for example_short_circuit_decorator to None, run_after=None
[2024-11-28T11:55:27.134-0600] {processor.py:208} INFO - Processing /Library/Frameworks/Python.framework/Versions/3.8/lib/python3.8/site-packages/airflow/example_dags/example_short_circuit_decorator.py took 0.059 seconds
[2024-11-28T11:57:42.305-0600] {processor.py:186} INFO - Started process (PID=35700) to work on /Library/Frameworks/Python.framework/Versions/3.8/lib/python3.8/site-packages/airflow/example_dags/example_short_circuit_decorator.py
[2024-11-28T11:57:42.306-0600] {processor.py:914} INFO - Processing file /Library/Frameworks/Python.framework/Versions/3.8/lib/python3.8/site-packages/airflow/example_dags/example_short_circuit_decorator.py for tasks to queue
[2024-11-28T11:57:42.306-0600] {logging_mixin.py:190} INFO - [2024-11-28T11:57:42.306-0600] {dagbag.py:588} INFO - Filling up the DagBag from /Library/Frameworks/Python.framework/Versions/3.8/lib/python3.8/site-packages/airflow/example_dags/example_short_circuit_decorator.py
[2024-11-28T11:57:42.319-0600] {processor.py:925} INFO - DAG(s) 'example_short_circuit_decorator' retrieved from /Library/Frameworks/Python.framework/Versions/3.8/lib/python3.8/site-packages/airflow/example_dags/example_short_circuit_decorator.py
[2024-11-28T11:57:42.354-0600] {logging_mixin.py:190} INFO - [2024-11-28T11:57:42.354-0600] {dag.py:3239} INFO - Sync 1 DAGs
[2024-11-28T11:57:42.358-0600] {logging_mixin.py:190} INFO - [2024-11-28T11:57:42.358-0600] {dag.py:4180} INFO - Setting next_dagrun for example_short_circuit_decorator to None, run_after=None
[2024-11-28T11:57:42.363-0600] {processor.py:208} INFO - Processing /Library/Frameworks/Python.framework/Versions/3.8/lib/python3.8/site-packages/airflow/example_dags/example_short_circuit_decorator.py took 0.060 seconds
[2024-11-28T11:59:57.698-0600] {processor.py:186} INFO - Started process (PID=35946) to work on /Library/Frameworks/Python.framework/Versions/3.8/lib/python3.8/site-packages/airflow/example_dags/example_short_circuit_decorator.py
[2024-11-28T11:59:57.699-0600] {processor.py:914} INFO - Processing file /Library/Frameworks/Python.framework/Versions/3.8/lib/python3.8/site-packages/airflow/example_dags/example_short_circuit_decorator.py for tasks to queue
[2024-11-28T11:59:57.700-0600] {logging_mixin.py:190} INFO - [2024-11-28T11:59:57.700-0600] {dagbag.py:588} INFO - Filling up the DagBag from /Library/Frameworks/Python.framework/Versions/3.8/lib/python3.8/site-packages/airflow/example_dags/example_short_circuit_decorator.py
[2024-11-28T11:59:57.712-0600] {processor.py:925} INFO - DAG(s) 'example_short_circuit_decorator' retrieved from /Library/Frameworks/Python.framework/Versions/3.8/lib/python3.8/site-packages/airflow/example_dags/example_short_circuit_decorator.py
[2024-11-28T11:59:57.747-0600] {logging_mixin.py:190} INFO - [2024-11-28T11:59:57.747-0600] {dag.py:3239} INFO - Sync 1 DAGs
[2024-11-28T11:59:57.750-0600] {logging_mixin.py:190} INFO - [2024-11-28T11:59:57.750-0600] {dag.py:4180} INFO - Setting next_dagrun for example_short_circuit_decorator to None, run_after=None
[2024-11-28T11:59:57.755-0600] {processor.py:208} INFO - Processing /Library/Frameworks/Python.framework/Versions/3.8/lib/python3.8/site-packages/airflow/example_dags/example_short_circuit_decorator.py took 0.058 seconds
[2024-11-28T12:02:13.113-0600] {processor.py:186} INFO - Started process (PID=36200) to work on /Library/Frameworks/Python.framework/Versions/3.8/lib/python3.8/site-packages/airflow/example_dags/example_short_circuit_decorator.py
[2024-11-28T12:02:13.114-0600] {processor.py:914} INFO - Processing file /Library/Frameworks/Python.framework/Versions/3.8/lib/python3.8/site-packages/airflow/example_dags/example_short_circuit_decorator.py for tasks to queue
[2024-11-28T12:02:13.114-0600] {logging_mixin.py:190} INFO - [2024-11-28T12:02:13.114-0600] {dagbag.py:588} INFO - Filling up the DagBag from /Library/Frameworks/Python.framework/Versions/3.8/lib/python3.8/site-packages/airflow/example_dags/example_short_circuit_decorator.py
[2024-11-28T12:02:13.126-0600] {processor.py:925} INFO - DAG(s) 'example_short_circuit_decorator' retrieved from /Library/Frameworks/Python.framework/Versions/3.8/lib/python3.8/site-packages/airflow/example_dags/example_short_circuit_decorator.py
[2024-11-28T12:02:13.161-0600] {logging_mixin.py:190} INFO - [2024-11-28T12:02:13.161-0600] {dag.py:3239} INFO - Sync 1 DAGs
[2024-11-28T12:02:13.164-0600] {logging_mixin.py:190} INFO - [2024-11-28T12:02:13.164-0600] {dag.py:4180} INFO - Setting next_dagrun for example_short_circuit_decorator to None, run_after=None
[2024-11-28T12:02:13.170-0600] {processor.py:208} INFO - Processing /Library/Frameworks/Python.framework/Versions/3.8/lib/python3.8/site-packages/airflow/example_dags/example_short_circuit_decorator.py took 0.058 seconds
[2024-11-28T12:04:27.862-0600] {processor.py:186} INFO - Started process (PID=36453) to work on /Library/Frameworks/Python.framework/Versions/3.8/lib/python3.8/site-packages/airflow/example_dags/example_short_circuit_decorator.py
[2024-11-28T12:04:27.863-0600] {processor.py:914} INFO - Processing file /Library/Frameworks/Python.framework/Versions/3.8/lib/python3.8/site-packages/airflow/example_dags/example_short_circuit_decorator.py for tasks to queue
[2024-11-28T12:04:27.863-0600] {logging_mixin.py:190} INFO - [2024-11-28T12:04:27.863-0600] {dagbag.py:588} INFO - Filling up the DagBag from /Library/Frameworks/Python.framework/Versions/3.8/lib/python3.8/site-packages/airflow/example_dags/example_short_circuit_decorator.py
[2024-11-28T12:04:27.876-0600] {processor.py:925} INFO - DAG(s) 'example_short_circuit_decorator' retrieved from /Library/Frameworks/Python.framework/Versions/3.8/lib/python3.8/site-packages/airflow/example_dags/example_short_circuit_decorator.py
[2024-11-28T12:04:27.910-0600] {logging_mixin.py:190} INFO - [2024-11-28T12:04:27.910-0600] {dag.py:3239} INFO - Sync 1 DAGs
[2024-11-28T12:04:27.914-0600] {logging_mixin.py:190} INFO - [2024-11-28T12:04:27.914-0600] {dag.py:4180} INFO - Setting next_dagrun for example_short_circuit_decorator to None, run_after=None
[2024-11-28T12:04:27.919-0600] {processor.py:208} INFO - Processing /Library/Frameworks/Python.framework/Versions/3.8/lib/python3.8/site-packages/airflow/example_dags/example_short_circuit_decorator.py took 0.059 seconds
[2024-11-28T12:06:35.373-0600] {processor.py:186} INFO - Started process (PID=36700) to work on /Library/Frameworks/Python.framework/Versions/3.8/lib/python3.8/site-packages/airflow/example_dags/example_short_circuit_decorator.py
[2024-11-28T12:06:35.374-0600] {processor.py:914} INFO - Processing file /Library/Frameworks/Python.framework/Versions/3.8/lib/python3.8/site-packages/airflow/example_dags/example_short_circuit_decorator.py for tasks to queue
[2024-11-28T12:06:35.374-0600] {logging_mixin.py:190} INFO - [2024-11-28T12:06:35.374-0600] {dagbag.py:588} INFO - Filling up the DagBag from /Library/Frameworks/Python.framework/Versions/3.8/lib/python3.8/site-packages/airflow/example_dags/example_short_circuit_decorator.py
[2024-11-28T12:06:35.386-0600] {processor.py:925} INFO - DAG(s) 'example_short_circuit_decorator' retrieved from /Library/Frameworks/Python.framework/Versions/3.8/lib/python3.8/site-packages/airflow/example_dags/example_short_circuit_decorator.py
[2024-11-28T12:06:35.421-0600] {logging_mixin.py:190} INFO - [2024-11-28T12:06:35.421-0600] {dag.py:3239} INFO - Sync 1 DAGs
[2024-11-28T12:06:35.424-0600] {logging_mixin.py:190} INFO - [2024-11-28T12:06:35.424-0600] {dag.py:4180} INFO - Setting next_dagrun for example_short_circuit_decorator to None, run_after=None
[2024-11-28T12:06:35.430-0600] {processor.py:208} INFO - Processing /Library/Frameworks/Python.framework/Versions/3.8/lib/python3.8/site-packages/airflow/example_dags/example_short_circuit_decorator.py took 0.058 seconds
[2024-11-28T12:08:47.695-0600] {processor.py:186} INFO - Started process (PID=36942) to work on /Library/Frameworks/Python.framework/Versions/3.8/lib/python3.8/site-packages/airflow/example_dags/example_short_circuit_decorator.py
[2024-11-28T12:08:47.695-0600] {processor.py:914} INFO - Processing file /Library/Frameworks/Python.framework/Versions/3.8/lib/python3.8/site-packages/airflow/example_dags/example_short_circuit_decorator.py for tasks to queue
[2024-11-28T12:08:47.696-0600] {logging_mixin.py:190} INFO - [2024-11-28T12:08:47.696-0600] {dagbag.py:588} INFO - Filling up the DagBag from /Library/Frameworks/Python.framework/Versions/3.8/lib/python3.8/site-packages/airflow/example_dags/example_short_circuit_decorator.py
[2024-11-28T12:08:47.708-0600] {processor.py:925} INFO - DAG(s) 'example_short_circuit_decorator' retrieved from /Library/Frameworks/Python.framework/Versions/3.8/lib/python3.8/site-packages/airflow/example_dags/example_short_circuit_decorator.py
[2024-11-28T12:08:47.743-0600] {logging_mixin.py:190} INFO - [2024-11-28T12:08:47.743-0600] {dag.py:3239} INFO - Sync 1 DAGs
[2024-11-28T12:08:47.746-0600] {logging_mixin.py:190} INFO - [2024-11-28T12:08:47.746-0600] {dag.py:4180} INFO - Setting next_dagrun for example_short_circuit_decorator to None, run_after=None
[2024-11-28T12:08:47.751-0600] {processor.py:208} INFO - Processing /Library/Frameworks/Python.framework/Versions/3.8/lib/python3.8/site-packages/airflow/example_dags/example_short_circuit_decorator.py took 0.058 seconds
[2024-11-28T12:11:06.509-0600] {processor.py:186} INFO - Started process (PID=37224) to work on /Library/Frameworks/Python.framework/Versions/3.8/lib/python3.8/site-packages/airflow/example_dags/example_short_circuit_decorator.py
[2024-11-28T12:11:06.510-0600] {processor.py:914} INFO - Processing file /Library/Frameworks/Python.framework/Versions/3.8/lib/python3.8/site-packages/airflow/example_dags/example_short_circuit_decorator.py for tasks to queue
[2024-11-28T12:11:06.510-0600] {logging_mixin.py:190} INFO - [2024-11-28T12:11:06.510-0600] {dagbag.py:588} INFO - Filling up the DagBag from /Library/Frameworks/Python.framework/Versions/3.8/lib/python3.8/site-packages/airflow/example_dags/example_short_circuit_decorator.py
[2024-11-28T12:11:06.523-0600] {processor.py:925} INFO - DAG(s) 'example_short_circuit_decorator' retrieved from /Library/Frameworks/Python.framework/Versions/3.8/lib/python3.8/site-packages/airflow/example_dags/example_short_circuit_decorator.py
[2024-11-28T12:11:06.558-0600] {logging_mixin.py:190} INFO - [2024-11-28T12:11:06.558-0600] {dag.py:3239} INFO - Sync 1 DAGs
[2024-11-28T12:11:06.562-0600] {logging_mixin.py:190} INFO - [2024-11-28T12:11:06.562-0600] {dag.py:4180} INFO - Setting next_dagrun for example_short_circuit_decorator to None, run_after=None
[2024-11-28T12:11:06.567-0600] {processor.py:208} INFO - Processing /Library/Frameworks/Python.framework/Versions/3.8/lib/python3.8/site-packages/airflow/example_dags/example_short_circuit_decorator.py took 0.060 seconds
