[2024-11-28T11:47:01.101-0600] {processor.py:186} INFO - Started process (PID=34416) to work on /Library/Frameworks/Python.framework/Versions/3.8/lib/python3.8/site-packages/airflow/example_dags/example_time_delta_sensor_async.py
[2024-11-28T11:47:01.101-0600] {processor.py:914} INFO - Processing file /Library/Frameworks/Python.framework/Versions/3.8/lib/python3.8/site-packages/airflow/example_dags/example_time_delta_sensor_async.py for tasks to queue
[2024-11-28T11:47:01.101-0600] {logging_mixin.py:190} INFO - [2024-11-28T11:47:01.101-0600] {dagbag.py:588} INFO - Filling up the DagBag from /Library/Frameworks/Python.framework/Versions/3.8/lib/python3.8/site-packages/airflow/example_dags/example_time_delta_sensor_async.py
[2024-11-28T11:47:01.104-0600] {processor.py:925} INFO - DAG(s) 'example_time_delta_sensor_async' retrieved from /Library/Frameworks/Python.framework/Versions/3.8/lib/python3.8/site-packages/airflow/example_dags/example_time_delta_sensor_async.py
[2024-11-28T11:47:01.136-0600] {logging_mixin.py:190} INFO - [2024-11-28T11:47:01.136-0600] {workday.py:41} WARNING - Could not import pandas. Holidays will not be considered.
[2024-11-28T11:47:01.141-0600] {logging_mixin.py:190} INFO - [2024-11-28T11:47:01.141-0600] {dag.py:3239} INFO - Sync 1 DAGs
[2024-11-28T11:47:01.145-0600] {logging_mixin.py:190} INFO - [2024-11-28T11:47:01.145-0600] {dag.py:4180} INFO - Setting next_dagrun for example_time_delta_sensor_async to None, run_after=None
[2024-11-28T11:47:01.150-0600] {processor.py:208} INFO - Processing /Library/Frameworks/Python.framework/Versions/3.8/lib/python3.8/site-packages/airflow/example_dags/example_time_delta_sensor_async.py took 0.051 seconds
[2024-11-28T11:48:35.788-0600] {processor.py:186} INFO - Started process (PID=34604) to work on /Library/Frameworks/Python.framework/Versions/3.8/lib/python3.8/site-packages/airflow/example_dags/example_time_delta_sensor_async.py
[2024-11-28T11:48:35.789-0600] {processor.py:914} INFO - Processing file /Library/Frameworks/Python.framework/Versions/3.8/lib/python3.8/site-packages/airflow/example_dags/example_time_delta_sensor_async.py for tasks to queue
[2024-11-28T11:48:35.789-0600] {logging_mixin.py:190} INFO - [2024-11-28T11:48:35.789-0600] {dagbag.py:588} INFO - Filling up the DagBag from /Library/Frameworks/Python.framework/Versions/3.8/lib/python3.8/site-packages/airflow/example_dags/example_time_delta_sensor_async.py
[2024-11-28T11:48:35.793-0600] {processor.py:925} INFO - DAG(s) 'example_time_delta_sensor_async' retrieved from /Library/Frameworks/Python.framework/Versions/3.8/lib/python3.8/site-packages/airflow/example_dags/example_time_delta_sensor_async.py
[2024-11-28T11:48:35.824-0600] {logging_mixin.py:190} INFO - [2024-11-28T11:48:35.824-0600] {workday.py:41} WARNING - Could not import pandas. Holidays will not be considered.
[2024-11-28T11:48:35.830-0600] {logging_mixin.py:190} INFO - [2024-11-28T11:48:35.830-0600] {dag.py:3239} INFO - Sync 1 DAGs
[2024-11-28T11:48:35.834-0600] {logging_mixin.py:190} INFO - [2024-11-28T11:48:35.834-0600] {dag.py:4180} INFO - Setting next_dagrun for example_time_delta_sensor_async to None, run_after=None
[2024-11-28T11:48:35.839-0600] {processor.py:208} INFO - Processing /Library/Frameworks/Python.framework/Versions/3.8/lib/python3.8/site-packages/airflow/example_dags/example_time_delta_sensor_async.py took 0.053 seconds
[2024-11-28T11:49:43.556-0600] {processor.py:186} INFO - Started process (PID=34745) to work on /Library/Frameworks/Python.framework/Versions/3.8/lib/python3.8/site-packages/airflow/example_dags/example_time_delta_sensor_async.py
[2024-11-28T11:49:43.557-0600] {processor.py:914} INFO - Processing file /Library/Frameworks/Python.framework/Versions/3.8/lib/python3.8/site-packages/airflow/example_dags/example_time_delta_sensor_async.py for tasks to queue
[2024-11-28T11:49:43.557-0600] {logging_mixin.py:190} INFO - [2024-11-28T11:49:43.557-0600] {dagbag.py:588} INFO - Filling up the DagBag from /Library/Frameworks/Python.framework/Versions/3.8/lib/python3.8/site-packages/airflow/example_dags/example_time_delta_sensor_async.py
[2024-11-28T11:49:43.561-0600] {processor.py:925} INFO - DAG(s) 'example_time_delta_sensor_async' retrieved from /Library/Frameworks/Python.framework/Versions/3.8/lib/python3.8/site-packages/airflow/example_dags/example_time_delta_sensor_async.py
[2024-11-28T11:49:43.592-0600] {logging_mixin.py:190} INFO - [2024-11-28T11:49:43.592-0600] {workday.py:41} WARNING - Could not import pandas. Holidays will not be considered.
[2024-11-28T11:49:43.598-0600] {logging_mixin.py:190} INFO - [2024-11-28T11:49:43.598-0600] {dag.py:3239} INFO - Sync 1 DAGs
[2024-11-28T11:49:43.602-0600] {logging_mixin.py:190} INFO - [2024-11-28T11:49:43.602-0600] {dag.py:4180} INFO - Setting next_dagrun for example_time_delta_sensor_async to None, run_after=None
[2024-11-28T11:49:43.607-0600] {processor.py:208} INFO - Processing /Library/Frameworks/Python.framework/Versions/3.8/lib/python3.8/site-packages/airflow/example_dags/example_time_delta_sensor_async.py took 0.052 seconds
[2024-11-28T11:50:51.743-0600] {processor.py:186} INFO - Started process (PID=34873) to work on /Library/Frameworks/Python.framework/Versions/3.8/lib/python3.8/site-packages/airflow/example_dags/example_time_delta_sensor_async.py
[2024-11-28T11:50:51.744-0600] {processor.py:914} INFO - Processing file /Library/Frameworks/Python.framework/Versions/3.8/lib/python3.8/site-packages/airflow/example_dags/example_time_delta_sensor_async.py for tasks to queue
[2024-11-28T11:50:51.744-0600] {logging_mixin.py:190} INFO - [2024-11-28T11:50:51.744-0600] {dagbag.py:588} INFO - Filling up the DagBag from /Library/Frameworks/Python.framework/Versions/3.8/lib/python3.8/site-packages/airflow/example_dags/example_time_delta_sensor_async.py
[2024-11-28T11:50:51.747-0600] {processor.py:925} INFO - DAG(s) 'example_time_delta_sensor_async' retrieved from /Library/Frameworks/Python.framework/Versions/3.8/lib/python3.8/site-packages/airflow/example_dags/example_time_delta_sensor_async.py
[2024-11-28T11:50:51.778-0600] {logging_mixin.py:190} INFO - [2024-11-28T11:50:51.778-0600] {workday.py:41} WARNING - Could not import pandas. Holidays will not be considered.
[2024-11-28T11:50:51.784-0600] {logging_mixin.py:190} INFO - [2024-11-28T11:50:51.784-0600] {dag.py:3239} INFO - Sync 1 DAGs
[2024-11-28T11:50:51.788-0600] {logging_mixin.py:190} INFO - [2024-11-28T11:50:51.787-0600] {dag.py:4180} INFO - Setting next_dagrun for example_time_delta_sensor_async to None, run_after=None
[2024-11-28T11:50:51.793-0600] {processor.py:208} INFO - Processing /Library/Frameworks/Python.framework/Versions/3.8/lib/python3.8/site-packages/airflow/example_dags/example_time_delta_sensor_async.py took 0.051 seconds
[2024-11-28T11:51:59.099-0600] {processor.py:186} INFO - Started process (PID=34998) to work on /Library/Frameworks/Python.framework/Versions/3.8/lib/python3.8/site-packages/airflow/example_dags/example_time_delta_sensor_async.py
[2024-11-28T11:51:59.099-0600] {processor.py:914} INFO - Processing file /Library/Frameworks/Python.framework/Versions/3.8/lib/python3.8/site-packages/airflow/example_dags/example_time_delta_sensor_async.py for tasks to queue
[2024-11-28T11:51:59.100-0600] {logging_mixin.py:190} INFO - [2024-11-28T11:51:59.099-0600] {dagbag.py:588} INFO - Filling up the DagBag from /Library/Frameworks/Python.framework/Versions/3.8/lib/python3.8/site-packages/airflow/example_dags/example_time_delta_sensor_async.py
[2024-11-28T11:51:59.102-0600] {processor.py:925} INFO - DAG(s) 'example_time_delta_sensor_async' retrieved from /Library/Frameworks/Python.framework/Versions/3.8/lib/python3.8/site-packages/airflow/example_dags/example_time_delta_sensor_async.py
[2024-11-28T11:51:59.134-0600] {logging_mixin.py:190} INFO - [2024-11-28T11:51:59.134-0600] {workday.py:41} WARNING - Could not import pandas. Holidays will not be considered.
[2024-11-28T11:51:59.140-0600] {logging_mixin.py:190} INFO - [2024-11-28T11:51:59.140-0600] {dag.py:3239} INFO - Sync 1 DAGs
[2024-11-28T11:51:59.145-0600] {logging_mixin.py:190} INFO - [2024-11-28T11:51:59.144-0600] {dag.py:4180} INFO - Setting next_dagrun for example_time_delta_sensor_async to None, run_after=None
[2024-11-28T11:51:59.150-0600] {processor.py:208} INFO - Processing /Library/Frameworks/Python.framework/Versions/3.8/lib/python3.8/site-packages/airflow/example_dags/example_time_delta_sensor_async.py took 0.052 seconds
[2024-11-28T11:53:04.693-0600] {processor.py:186} INFO - Started process (PID=35126) to work on /Library/Frameworks/Python.framework/Versions/3.8/lib/python3.8/site-packages/airflow/example_dags/example_time_delta_sensor_async.py
[2024-11-28T11:53:04.694-0600] {processor.py:914} INFO - Processing file /Library/Frameworks/Python.framework/Versions/3.8/lib/python3.8/site-packages/airflow/example_dags/example_time_delta_sensor_async.py for tasks to queue
[2024-11-28T11:53:04.694-0600] {logging_mixin.py:190} INFO - [2024-11-28T11:53:04.694-0600] {dagbag.py:588} INFO - Filling up the DagBag from /Library/Frameworks/Python.framework/Versions/3.8/lib/python3.8/site-packages/airflow/example_dags/example_time_delta_sensor_async.py
[2024-11-28T11:53:04.698-0600] {processor.py:925} INFO - DAG(s) 'example_time_delta_sensor_async' retrieved from /Library/Frameworks/Python.framework/Versions/3.8/lib/python3.8/site-packages/airflow/example_dags/example_time_delta_sensor_async.py
[2024-11-28T11:53:04.729-0600] {logging_mixin.py:190} INFO - [2024-11-28T11:53:04.729-0600] {workday.py:41} WARNING - Could not import pandas. Holidays will not be considered.
[2024-11-28T11:53:04.735-0600] {logging_mixin.py:190} INFO - [2024-11-28T11:53:04.734-0600] {dag.py:3239} INFO - Sync 1 DAGs
[2024-11-28T11:53:04.738-0600] {logging_mixin.py:190} INFO - [2024-11-28T11:53:04.738-0600] {dag.py:4180} INFO - Setting next_dagrun for example_time_delta_sensor_async to None, run_after=None
[2024-11-28T11:53:04.743-0600] {processor.py:208} INFO - Processing /Library/Frameworks/Python.framework/Versions/3.8/lib/python3.8/site-packages/airflow/example_dags/example_time_delta_sensor_async.py took 0.051 seconds
[2024-11-28T11:54:11.814-0600] {processor.py:186} INFO - Started process (PID=35296) to work on /Library/Frameworks/Python.framework/Versions/3.8/lib/python3.8/site-packages/airflow/example_dags/example_time_delta_sensor_async.py
[2024-11-28T11:54:11.816-0600] {processor.py:914} INFO - Processing file /Library/Frameworks/Python.framework/Versions/3.8/lib/python3.8/site-packages/airflow/example_dags/example_time_delta_sensor_async.py for tasks to queue
[2024-11-28T11:54:11.816-0600] {logging_mixin.py:190} INFO - [2024-11-28T11:54:11.816-0600] {dagbag.py:588} INFO - Filling up the DagBag from /Library/Frameworks/Python.framework/Versions/3.8/lib/python3.8/site-packages/airflow/example_dags/example_time_delta_sensor_async.py
[2024-11-28T11:54:11.819-0600] {processor.py:925} INFO - DAG(s) 'example_time_delta_sensor_async' retrieved from /Library/Frameworks/Python.framework/Versions/3.8/lib/python3.8/site-packages/airflow/example_dags/example_time_delta_sensor_async.py
[2024-11-28T11:54:11.850-0600] {logging_mixin.py:190} INFO - [2024-11-28T11:54:11.849-0600] {workday.py:41} WARNING - Could not import pandas. Holidays will not be considered.
[2024-11-28T11:54:11.855-0600] {logging_mixin.py:190} INFO - [2024-11-28T11:54:11.855-0600] {dag.py:3239} INFO - Sync 1 DAGs
[2024-11-28T11:54:11.859-0600] {logging_mixin.py:190} INFO - [2024-11-28T11:54:11.859-0600] {dag.py:4180} INFO - Setting next_dagrun for example_time_delta_sensor_async to None, run_after=None
[2024-11-28T11:54:11.864-0600] {processor.py:208} INFO - Processing /Library/Frameworks/Python.framework/Versions/3.8/lib/python3.8/site-packages/airflow/example_dags/example_time_delta_sensor_async.py took 0.051 seconds
[2024-11-28T11:55:16.287-0600] {processor.py:186} INFO - Started process (PID=35421) to work on /Library/Frameworks/Python.framework/Versions/3.8/lib/python3.8/site-packages/airflow/example_dags/example_time_delta_sensor_async.py
[2024-11-28T11:55:16.287-0600] {processor.py:914} INFO - Processing file /Library/Frameworks/Python.framework/Versions/3.8/lib/python3.8/site-packages/airflow/example_dags/example_time_delta_sensor_async.py for tasks to queue
[2024-11-28T11:55:16.288-0600] {logging_mixin.py:190} INFO - [2024-11-28T11:55:16.288-0600] {dagbag.py:588} INFO - Filling up the DagBag from /Library/Frameworks/Python.framework/Versions/3.8/lib/python3.8/site-packages/airflow/example_dags/example_time_delta_sensor_async.py
[2024-11-28T11:55:16.292-0600] {processor.py:925} INFO - DAG(s) 'example_time_delta_sensor_async' retrieved from /Library/Frameworks/Python.framework/Versions/3.8/lib/python3.8/site-packages/airflow/example_dags/example_time_delta_sensor_async.py
[2024-11-28T11:55:16.323-0600] {logging_mixin.py:190} INFO - [2024-11-28T11:55:16.323-0600] {workday.py:41} WARNING - Could not import pandas. Holidays will not be considered.
[2024-11-28T11:55:16.329-0600] {logging_mixin.py:190} INFO - [2024-11-28T11:55:16.329-0600] {dag.py:3239} INFO - Sync 1 DAGs
[2024-11-28T11:55:16.333-0600] {logging_mixin.py:190} INFO - [2024-11-28T11:55:16.333-0600] {dag.py:4180} INFO - Setting next_dagrun for example_time_delta_sensor_async to None, run_after=None
[2024-11-28T11:55:16.338-0600] {processor.py:208} INFO - Processing /Library/Frameworks/Python.framework/Versions/3.8/lib/python3.8/site-packages/airflow/example_dags/example_time_delta_sensor_async.py took 0.052 seconds
[2024-11-28T11:56:22.914-0600] {processor.py:186} INFO - Started process (PID=35544) to work on /Library/Frameworks/Python.framework/Versions/3.8/lib/python3.8/site-packages/airflow/example_dags/example_time_delta_sensor_async.py
[2024-11-28T11:56:22.914-0600] {processor.py:914} INFO - Processing file /Library/Frameworks/Python.framework/Versions/3.8/lib/python3.8/site-packages/airflow/example_dags/example_time_delta_sensor_async.py for tasks to queue
[2024-11-28T11:56:22.914-0600] {logging_mixin.py:190} INFO - [2024-11-28T11:56:22.914-0600] {dagbag.py:588} INFO - Filling up the DagBag from /Library/Frameworks/Python.framework/Versions/3.8/lib/python3.8/site-packages/airflow/example_dags/example_time_delta_sensor_async.py
[2024-11-28T11:56:22.917-0600] {processor.py:925} INFO - DAG(s) 'example_time_delta_sensor_async' retrieved from /Library/Frameworks/Python.framework/Versions/3.8/lib/python3.8/site-packages/airflow/example_dags/example_time_delta_sensor_async.py
[2024-11-28T11:56:22.948-0600] {logging_mixin.py:190} INFO - [2024-11-28T11:56:22.948-0600] {workday.py:41} WARNING - Could not import pandas. Holidays will not be considered.
[2024-11-28T11:56:22.954-0600] {logging_mixin.py:190} INFO - [2024-11-28T11:56:22.954-0600] {dag.py:3239} INFO - Sync 1 DAGs
[2024-11-28T11:56:22.958-0600] {logging_mixin.py:190} INFO - [2024-11-28T11:56:22.958-0600] {dag.py:4180} INFO - Setting next_dagrun for example_time_delta_sensor_async to None, run_after=None
[2024-11-28T11:56:22.963-0600] {processor.py:208} INFO - Processing /Library/Frameworks/Python.framework/Versions/3.8/lib/python3.8/site-packages/airflow/example_dags/example_time_delta_sensor_async.py took 0.051 seconds
[2024-11-28T11:57:31.074-0600] {processor.py:186} INFO - Started process (PID=35679) to work on /Library/Frameworks/Python.framework/Versions/3.8/lib/python3.8/site-packages/airflow/example_dags/example_time_delta_sensor_async.py
[2024-11-28T11:57:31.075-0600] {processor.py:914} INFO - Processing file /Library/Frameworks/Python.framework/Versions/3.8/lib/python3.8/site-packages/airflow/example_dags/example_time_delta_sensor_async.py for tasks to queue
[2024-11-28T11:57:31.075-0600] {logging_mixin.py:190} INFO - [2024-11-28T11:57:31.075-0600] {dagbag.py:588} INFO - Filling up the DagBag from /Library/Frameworks/Python.framework/Versions/3.8/lib/python3.8/site-packages/airflow/example_dags/example_time_delta_sensor_async.py
[2024-11-28T11:57:31.079-0600] {processor.py:925} INFO - DAG(s) 'example_time_delta_sensor_async' retrieved from /Library/Frameworks/Python.framework/Versions/3.8/lib/python3.8/site-packages/airflow/example_dags/example_time_delta_sensor_async.py
[2024-11-28T11:57:31.110-0600] {logging_mixin.py:190} INFO - [2024-11-28T11:57:31.110-0600] {workday.py:41} WARNING - Could not import pandas. Holidays will not be considered.
[2024-11-28T11:57:31.116-0600] {logging_mixin.py:190} INFO - [2024-11-28T11:57:31.116-0600] {dag.py:3239} INFO - Sync 1 DAGs
[2024-11-28T11:57:31.120-0600] {logging_mixin.py:190} INFO - [2024-11-28T11:57:31.120-0600] {dag.py:4180} INFO - Setting next_dagrun for example_time_delta_sensor_async to None, run_after=None
[2024-11-28T11:57:31.125-0600] {processor.py:208} INFO - Processing /Library/Frameworks/Python.framework/Versions/3.8/lib/python3.8/site-packages/airflow/example_dags/example_time_delta_sensor_async.py took 0.053 seconds
[2024-11-28T11:58:38.370-0600] {processor.py:186} INFO - Started process (PID=35800) to work on /Library/Frameworks/Python.framework/Versions/3.8/lib/python3.8/site-packages/airflow/example_dags/example_time_delta_sensor_async.py
[2024-11-28T11:58:38.370-0600] {processor.py:914} INFO - Processing file /Library/Frameworks/Python.framework/Versions/3.8/lib/python3.8/site-packages/airflow/example_dags/example_time_delta_sensor_async.py for tasks to queue
[2024-11-28T11:58:38.371-0600] {logging_mixin.py:190} INFO - [2024-11-28T11:58:38.370-0600] {dagbag.py:588} INFO - Filling up the DagBag from /Library/Frameworks/Python.framework/Versions/3.8/lib/python3.8/site-packages/airflow/example_dags/example_time_delta_sensor_async.py
[2024-11-28T11:58:38.373-0600] {processor.py:925} INFO - DAG(s) 'example_time_delta_sensor_async' retrieved from /Library/Frameworks/Python.framework/Versions/3.8/lib/python3.8/site-packages/airflow/example_dags/example_time_delta_sensor_async.py
[2024-11-28T11:58:38.405-0600] {logging_mixin.py:190} INFO - [2024-11-28T11:58:38.405-0600] {workday.py:41} WARNING - Could not import pandas. Holidays will not be considered.
[2024-11-28T11:58:38.411-0600] {logging_mixin.py:190} INFO - [2024-11-28T11:58:38.411-0600] {dag.py:3239} INFO - Sync 1 DAGs
[2024-11-28T11:58:38.414-0600] {logging_mixin.py:190} INFO - [2024-11-28T11:58:38.414-0600] {dag.py:4180} INFO - Setting next_dagrun for example_time_delta_sensor_async to None, run_after=None
[2024-11-28T11:58:38.420-0600] {processor.py:208} INFO - Processing /Library/Frameworks/Python.framework/Versions/3.8/lib/python3.8/site-packages/airflow/example_dags/example_time_delta_sensor_async.py took 0.051 seconds
[2024-11-28T11:59:47.949-0600] {processor.py:186} INFO - Started process (PID=35925) to work on /Library/Frameworks/Python.framework/Versions/3.8/lib/python3.8/site-packages/airflow/example_dags/example_time_delta_sensor_async.py
[2024-11-28T11:59:47.950-0600] {processor.py:914} INFO - Processing file /Library/Frameworks/Python.framework/Versions/3.8/lib/python3.8/site-packages/airflow/example_dags/example_time_delta_sensor_async.py for tasks to queue
[2024-11-28T11:59:47.950-0600] {logging_mixin.py:190} INFO - [2024-11-28T11:59:47.950-0600] {dagbag.py:588} INFO - Filling up the DagBag from /Library/Frameworks/Python.framework/Versions/3.8/lib/python3.8/site-packages/airflow/example_dags/example_time_delta_sensor_async.py
[2024-11-28T11:59:47.953-0600] {processor.py:925} INFO - DAG(s) 'example_time_delta_sensor_async' retrieved from /Library/Frameworks/Python.framework/Versions/3.8/lib/python3.8/site-packages/airflow/example_dags/example_time_delta_sensor_async.py
[2024-11-28T11:59:47.985-0600] {logging_mixin.py:190} INFO - [2024-11-28T11:59:47.985-0600] {workday.py:41} WARNING - Could not import pandas. Holidays will not be considered.
[2024-11-28T11:59:47.991-0600] {logging_mixin.py:190} INFO - [2024-11-28T11:59:47.990-0600] {dag.py:3239} INFO - Sync 1 DAGs
[2024-11-28T11:59:47.994-0600] {logging_mixin.py:190} INFO - [2024-11-28T11:59:47.994-0600] {dag.py:4180} INFO - Setting next_dagrun for example_time_delta_sensor_async to None, run_after=None
[2024-11-28T11:59:48.000-0600] {processor.py:208} INFO - Processing /Library/Frameworks/Python.framework/Versions/3.8/lib/python3.8/site-packages/airflow/example_dags/example_time_delta_sensor_async.py took 0.052 seconds
[2024-11-28T12:00:54.352-0600] {processor.py:186} INFO - Started process (PID=36056) to work on /Library/Frameworks/Python.framework/Versions/3.8/lib/python3.8/site-packages/airflow/example_dags/example_time_delta_sensor_async.py
[2024-11-28T12:00:54.353-0600] {processor.py:914} INFO - Processing file /Library/Frameworks/Python.framework/Versions/3.8/lib/python3.8/site-packages/airflow/example_dags/example_time_delta_sensor_async.py for tasks to queue
[2024-11-28T12:00:54.354-0600] {logging_mixin.py:190} INFO - [2024-11-28T12:00:54.354-0600] {dagbag.py:588} INFO - Filling up the DagBag from /Library/Frameworks/Python.framework/Versions/3.8/lib/python3.8/site-packages/airflow/example_dags/example_time_delta_sensor_async.py
[2024-11-28T12:00:54.357-0600] {processor.py:925} INFO - DAG(s) 'example_time_delta_sensor_async' retrieved from /Library/Frameworks/Python.framework/Versions/3.8/lib/python3.8/site-packages/airflow/example_dags/example_time_delta_sensor_async.py
[2024-11-28T12:00:54.390-0600] {logging_mixin.py:190} INFO - [2024-11-28T12:00:54.390-0600] {workday.py:41} WARNING - Could not import pandas. Holidays will not be considered.
[2024-11-28T12:00:54.396-0600] {logging_mixin.py:190} INFO - [2024-11-28T12:00:54.396-0600] {dag.py:3239} INFO - Sync 1 DAGs
[2024-11-28T12:00:54.400-0600] {logging_mixin.py:190} INFO - [2024-11-28T12:00:54.400-0600] {dag.py:4180} INFO - Setting next_dagrun for example_time_delta_sensor_async to None, run_after=None
[2024-11-28T12:00:54.406-0600] {processor.py:208} INFO - Processing /Library/Frameworks/Python.framework/Versions/3.8/lib/python3.8/site-packages/airflow/example_dags/example_time_delta_sensor_async.py took 0.055 seconds
[2024-11-28T12:02:02.774-0600] {processor.py:186} INFO - Started process (PID=36181) to work on /Library/Frameworks/Python.framework/Versions/3.8/lib/python3.8/site-packages/airflow/example_dags/example_time_delta_sensor_async.py
[2024-11-28T12:02:02.774-0600] {processor.py:914} INFO - Processing file /Library/Frameworks/Python.framework/Versions/3.8/lib/python3.8/site-packages/airflow/example_dags/example_time_delta_sensor_async.py for tasks to queue
[2024-11-28T12:02:02.774-0600] {logging_mixin.py:190} INFO - [2024-11-28T12:02:02.774-0600] {dagbag.py:588} INFO - Filling up the DagBag from /Library/Frameworks/Python.framework/Versions/3.8/lib/python3.8/site-packages/airflow/example_dags/example_time_delta_sensor_async.py
[2024-11-28T12:02:02.777-0600] {processor.py:925} INFO - DAG(s) 'example_time_delta_sensor_async' retrieved from /Library/Frameworks/Python.framework/Versions/3.8/lib/python3.8/site-packages/airflow/example_dags/example_time_delta_sensor_async.py
[2024-11-28T12:02:02.810-0600] {logging_mixin.py:190} INFO - [2024-11-28T12:02:02.810-0600] {workday.py:41} WARNING - Could not import pandas. Holidays will not be considered.
[2024-11-28T12:02:02.816-0600] {logging_mixin.py:190} INFO - [2024-11-28T12:02:02.816-0600] {dag.py:3239} INFO - Sync 1 DAGs
[2024-11-28T12:02:02.820-0600] {logging_mixin.py:190} INFO - [2024-11-28T12:02:02.820-0600] {dag.py:4180} INFO - Setting next_dagrun for example_time_delta_sensor_async to None, run_after=None
[2024-11-28T12:02:02.825-0600] {processor.py:208} INFO - Processing /Library/Frameworks/Python.framework/Versions/3.8/lib/python3.8/site-packages/airflow/example_dags/example_time_delta_sensor_async.py took 0.053 seconds
[2024-11-28T12:03:07.882-0600] {processor.py:186} INFO - Started process (PID=36304) to work on /Library/Frameworks/Python.framework/Versions/3.8/lib/python3.8/site-packages/airflow/example_dags/example_time_delta_sensor_async.py
[2024-11-28T12:03:07.882-0600] {processor.py:914} INFO - Processing file /Library/Frameworks/Python.framework/Versions/3.8/lib/python3.8/site-packages/airflow/example_dags/example_time_delta_sensor_async.py for tasks to queue
[2024-11-28T12:03:07.882-0600] {logging_mixin.py:190} INFO - [2024-11-28T12:03:07.882-0600] {dagbag.py:588} INFO - Filling up the DagBag from /Library/Frameworks/Python.framework/Versions/3.8/lib/python3.8/site-packages/airflow/example_dags/example_time_delta_sensor_async.py
[2024-11-28T12:03:07.885-0600] {processor.py:925} INFO - DAG(s) 'example_time_delta_sensor_async' retrieved from /Library/Frameworks/Python.framework/Versions/3.8/lib/python3.8/site-packages/airflow/example_dags/example_time_delta_sensor_async.py
[2024-11-28T12:03:07.918-0600] {logging_mixin.py:190} INFO - [2024-11-28T12:03:07.918-0600] {workday.py:41} WARNING - Could not import pandas. Holidays will not be considered.
[2024-11-28T12:03:07.924-0600] {logging_mixin.py:190} INFO - [2024-11-28T12:03:07.924-0600] {dag.py:3239} INFO - Sync 1 DAGs
[2024-11-28T12:03:07.928-0600] {logging_mixin.py:190} INFO - [2024-11-28T12:03:07.928-0600] {dag.py:4180} INFO - Setting next_dagrun for example_time_delta_sensor_async to None, run_after=None
[2024-11-28T12:03:07.933-0600] {processor.py:208} INFO - Processing /Library/Frameworks/Python.framework/Versions/3.8/lib/python3.8/site-packages/airflow/example_dags/example_time_delta_sensor_async.py took 0.053 seconds
[2024-11-28T12:04:16.671-0600] {processor.py:186} INFO - Started process (PID=36432) to work on /Library/Frameworks/Python.framework/Versions/3.8/lib/python3.8/site-packages/airflow/example_dags/example_time_delta_sensor_async.py
[2024-11-28T12:04:16.673-0600] {processor.py:914} INFO - Processing file /Library/Frameworks/Python.framework/Versions/3.8/lib/python3.8/site-packages/airflow/example_dags/example_time_delta_sensor_async.py for tasks to queue
[2024-11-28T12:04:16.673-0600] {logging_mixin.py:190} INFO - [2024-11-28T12:04:16.673-0600] {dagbag.py:588} INFO - Filling up the DagBag from /Library/Frameworks/Python.framework/Versions/3.8/lib/python3.8/site-packages/airflow/example_dags/example_time_delta_sensor_async.py
[2024-11-28T12:04:16.676-0600] {processor.py:925} INFO - DAG(s) 'example_time_delta_sensor_async' retrieved from /Library/Frameworks/Python.framework/Versions/3.8/lib/python3.8/site-packages/airflow/example_dags/example_time_delta_sensor_async.py
[2024-11-28T12:04:16.709-0600] {logging_mixin.py:190} INFO - [2024-11-28T12:04:16.709-0600] {workday.py:41} WARNING - Could not import pandas. Holidays will not be considered.
[2024-11-28T12:04:16.715-0600] {logging_mixin.py:190} INFO - [2024-11-28T12:04:16.715-0600] {dag.py:3239} INFO - Sync 1 DAGs
[2024-11-28T12:04:16.719-0600] {logging_mixin.py:190} INFO - [2024-11-28T12:04:16.719-0600] {dag.py:4180} INFO - Setting next_dagrun for example_time_delta_sensor_async to None, run_after=None
[2024-11-28T12:04:16.724-0600] {processor.py:208} INFO - Processing /Library/Frameworks/Python.framework/Versions/3.8/lib/python3.8/site-packages/airflow/example_dags/example_time_delta_sensor_async.py took 0.054 seconds
[2024-11-28T12:05:21.950-0600] {processor.py:186} INFO - Started process (PID=36559) to work on /Library/Frameworks/Python.framework/Versions/3.8/lib/python3.8/site-packages/airflow/example_dags/example_time_delta_sensor_async.py
[2024-11-28T12:05:21.950-0600] {processor.py:914} INFO - Processing file /Library/Frameworks/Python.framework/Versions/3.8/lib/python3.8/site-packages/airflow/example_dags/example_time_delta_sensor_async.py for tasks to queue
[2024-11-28T12:05:21.951-0600] {logging_mixin.py:190} INFO - [2024-11-28T12:05:21.951-0600] {dagbag.py:588} INFO - Filling up the DagBag from /Library/Frameworks/Python.framework/Versions/3.8/lib/python3.8/site-packages/airflow/example_dags/example_time_delta_sensor_async.py
[2024-11-28T12:05:21.953-0600] {processor.py:925} INFO - DAG(s) 'example_time_delta_sensor_async' retrieved from /Library/Frameworks/Python.framework/Versions/3.8/lib/python3.8/site-packages/airflow/example_dags/example_time_delta_sensor_async.py
[2024-11-28T12:05:21.985-0600] {logging_mixin.py:190} INFO - [2024-11-28T12:05:21.985-0600] {workday.py:41} WARNING - Could not import pandas. Holidays will not be considered.
[2024-11-28T12:05:21.991-0600] {logging_mixin.py:190} INFO - [2024-11-28T12:05:21.990-0600] {dag.py:3239} INFO - Sync 1 DAGs
[2024-11-28T12:05:21.995-0600] {logging_mixin.py:190} INFO - [2024-11-28T12:05:21.994-0600] {dag.py:4180} INFO - Setting next_dagrun for example_time_delta_sensor_async to None, run_after=None
[2024-11-28T12:05:22.000-0600] {processor.py:208} INFO - Processing /Library/Frameworks/Python.framework/Versions/3.8/lib/python3.8/site-packages/airflow/example_dags/example_time_delta_sensor_async.py took 0.051 seconds
[2024-11-28T12:06:26.997-0600] {processor.py:186} INFO - Started process (PID=36682) to work on /Library/Frameworks/Python.framework/Versions/3.8/lib/python3.8/site-packages/airflow/example_dags/example_time_delta_sensor_async.py
[2024-11-28T12:06:26.998-0600] {processor.py:914} INFO - Processing file /Library/Frameworks/Python.framework/Versions/3.8/lib/python3.8/site-packages/airflow/example_dags/example_time_delta_sensor_async.py for tasks to queue
[2024-11-28T12:06:26.998-0600] {logging_mixin.py:190} INFO - [2024-11-28T12:06:26.998-0600] {dagbag.py:588} INFO - Filling up the DagBag from /Library/Frameworks/Python.framework/Versions/3.8/lib/python3.8/site-packages/airflow/example_dags/example_time_delta_sensor_async.py
[2024-11-28T12:06:27.000-0600] {processor.py:925} INFO - DAG(s) 'example_time_delta_sensor_async' retrieved from /Library/Frameworks/Python.framework/Versions/3.8/lib/python3.8/site-packages/airflow/example_dags/example_time_delta_sensor_async.py
[2024-11-28T12:06:27.032-0600] {logging_mixin.py:190} INFO - [2024-11-28T12:06:27.032-0600] {workday.py:41} WARNING - Could not import pandas. Holidays will not be considered.
[2024-11-28T12:06:27.039-0600] {logging_mixin.py:190} INFO - [2024-11-28T12:06:27.039-0600] {dag.py:3239} INFO - Sync 1 DAGs
[2024-11-28T12:06:27.043-0600] {logging_mixin.py:190} INFO - [2024-11-28T12:06:27.043-0600] {dag.py:4180} INFO - Setting next_dagrun for example_time_delta_sensor_async to None, run_after=None
[2024-11-28T12:06:27.048-0600] {processor.py:208} INFO - Processing /Library/Frameworks/Python.framework/Versions/3.8/lib/python3.8/site-packages/airflow/example_dags/example_time_delta_sensor_async.py took 0.052 seconds
[2024-11-28T12:07:29.957-0600] {processor.py:186} INFO - Started process (PID=36803) to work on /Library/Frameworks/Python.framework/Versions/3.8/lib/python3.8/site-packages/airflow/example_dags/example_time_delta_sensor_async.py
[2024-11-28T12:07:29.958-0600] {processor.py:914} INFO - Processing file /Library/Frameworks/Python.framework/Versions/3.8/lib/python3.8/site-packages/airflow/example_dags/example_time_delta_sensor_async.py for tasks to queue
[2024-11-28T12:07:29.958-0600] {logging_mixin.py:190} INFO - [2024-11-28T12:07:29.958-0600] {dagbag.py:588} INFO - Filling up the DagBag from /Library/Frameworks/Python.framework/Versions/3.8/lib/python3.8/site-packages/airflow/example_dags/example_time_delta_sensor_async.py
[2024-11-28T12:07:29.961-0600] {processor.py:925} INFO - DAG(s) 'example_time_delta_sensor_async' retrieved from /Library/Frameworks/Python.framework/Versions/3.8/lib/python3.8/site-packages/airflow/example_dags/example_time_delta_sensor_async.py
[2024-11-28T12:07:29.993-0600] {logging_mixin.py:190} INFO - [2024-11-28T12:07:29.993-0600] {workday.py:41} WARNING - Could not import pandas. Holidays will not be considered.
[2024-11-28T12:07:29.999-0600] {logging_mixin.py:190} INFO - [2024-11-28T12:07:29.999-0600] {dag.py:3239} INFO - Sync 1 DAGs
[2024-11-28T12:07:30.003-0600] {logging_mixin.py:190} INFO - [2024-11-28T12:07:30.003-0600] {dag.py:4180} INFO - Setting next_dagrun for example_time_delta_sensor_async to None, run_after=None
[2024-11-28T12:07:30.008-0600] {processor.py:208} INFO - Processing /Library/Frameworks/Python.framework/Versions/3.8/lib/python3.8/site-packages/airflow/example_dags/example_time_delta_sensor_async.py took 0.052 seconds
[2024-11-28T12:08:35.098-0600] {processor.py:186} INFO - Started process (PID=36921) to work on /Library/Frameworks/Python.framework/Versions/3.8/lib/python3.8/site-packages/airflow/example_dags/example_time_delta_sensor_async.py
[2024-11-28T12:08:35.099-0600] {processor.py:914} INFO - Processing file /Library/Frameworks/Python.framework/Versions/3.8/lib/python3.8/site-packages/airflow/example_dags/example_time_delta_sensor_async.py for tasks to queue
[2024-11-28T12:08:35.099-0600] {logging_mixin.py:190} INFO - [2024-11-28T12:08:35.099-0600] {dagbag.py:588} INFO - Filling up the DagBag from /Library/Frameworks/Python.framework/Versions/3.8/lib/python3.8/site-packages/airflow/example_dags/example_time_delta_sensor_async.py
[2024-11-28T12:08:35.103-0600] {processor.py:925} INFO - DAG(s) 'example_time_delta_sensor_async' retrieved from /Library/Frameworks/Python.framework/Versions/3.8/lib/python3.8/site-packages/airflow/example_dags/example_time_delta_sensor_async.py
[2024-11-28T12:08:35.134-0600] {logging_mixin.py:190} INFO - [2024-11-28T12:08:35.134-0600] {workday.py:41} WARNING - Could not import pandas. Holidays will not be considered.
[2024-11-28T12:08:35.140-0600] {logging_mixin.py:190} INFO - [2024-11-28T12:08:35.140-0600] {dag.py:3239} INFO - Sync 1 DAGs
[2024-11-28T12:08:35.144-0600] {logging_mixin.py:190} INFO - [2024-11-28T12:08:35.144-0600] {dag.py:4180} INFO - Setting next_dagrun for example_time_delta_sensor_async to None, run_after=None
[2024-11-28T12:08:35.149-0600] {processor.py:208} INFO - Processing /Library/Frameworks/Python.framework/Versions/3.8/lib/python3.8/site-packages/airflow/example_dags/example_time_delta_sensor_async.py took 0.053 seconds
[2024-11-28T12:09:48.012-0600] {processor.py:186} INFO - Started process (PID=37051) to work on /Library/Frameworks/Python.framework/Versions/3.8/lib/python3.8/site-packages/airflow/example_dags/example_time_delta_sensor_async.py
[2024-11-28T12:09:48.013-0600] {processor.py:914} INFO - Processing file /Library/Frameworks/Python.framework/Versions/3.8/lib/python3.8/site-packages/airflow/example_dags/example_time_delta_sensor_async.py for tasks to queue
[2024-11-28T12:09:48.014-0600] {logging_mixin.py:190} INFO - [2024-11-28T12:09:48.014-0600] {dagbag.py:588} INFO - Filling up the DagBag from /Library/Frameworks/Python.framework/Versions/3.8/lib/python3.8/site-packages/airflow/example_dags/example_time_delta_sensor_async.py
[2024-11-28T12:09:48.017-0600] {processor.py:925} INFO - DAG(s) 'example_time_delta_sensor_async' retrieved from /Library/Frameworks/Python.framework/Versions/3.8/lib/python3.8/site-packages/airflow/example_dags/example_time_delta_sensor_async.py
[2024-11-28T12:09:48.050-0600] {logging_mixin.py:190} INFO - [2024-11-28T12:09:48.050-0600] {workday.py:41} WARNING - Could not import pandas. Holidays will not be considered.
[2024-11-28T12:09:48.056-0600] {logging_mixin.py:190} INFO - [2024-11-28T12:09:48.056-0600] {dag.py:3239} INFO - Sync 1 DAGs
[2024-11-28T12:09:48.060-0600] {logging_mixin.py:190} INFO - [2024-11-28T12:09:48.060-0600] {dag.py:4180} INFO - Setting next_dagrun for example_time_delta_sensor_async to None, run_after=None
[2024-11-28T12:09:48.065-0600] {processor.py:208} INFO - Processing /Library/Frameworks/Python.framework/Versions/3.8/lib/python3.8/site-packages/airflow/example_dags/example_time_delta_sensor_async.py took 0.054 seconds
[2024-11-28T12:10:55.701-0600] {processor.py:186} INFO - Started process (PID=37201) to work on /Library/Frameworks/Python.framework/Versions/3.8/lib/python3.8/site-packages/airflow/example_dags/example_time_delta_sensor_async.py
[2024-11-28T12:10:55.702-0600] {processor.py:914} INFO - Processing file /Library/Frameworks/Python.framework/Versions/3.8/lib/python3.8/site-packages/airflow/example_dags/example_time_delta_sensor_async.py for tasks to queue
[2024-11-28T12:10:55.702-0600] {logging_mixin.py:190} INFO - [2024-11-28T12:10:55.702-0600] {dagbag.py:588} INFO - Filling up the DagBag from /Library/Frameworks/Python.framework/Versions/3.8/lib/python3.8/site-packages/airflow/example_dags/example_time_delta_sensor_async.py
[2024-11-28T12:10:55.704-0600] {processor.py:925} INFO - DAG(s) 'example_time_delta_sensor_async' retrieved from /Library/Frameworks/Python.framework/Versions/3.8/lib/python3.8/site-packages/airflow/example_dags/example_time_delta_sensor_async.py
[2024-11-28T12:10:55.736-0600] {logging_mixin.py:190} INFO - [2024-11-28T12:10:55.736-0600] {workday.py:41} WARNING - Could not import pandas. Holidays will not be considered.
[2024-11-28T12:10:55.742-0600] {logging_mixin.py:190} INFO - [2024-11-28T12:10:55.742-0600] {dag.py:3239} INFO - Sync 1 DAGs
[2024-11-28T12:10:55.746-0600] {logging_mixin.py:190} INFO - [2024-11-28T12:10:55.745-0600] {dag.py:4180} INFO - Setting next_dagrun for example_time_delta_sensor_async to None, run_after=None
[2024-11-28T12:10:55.751-0600] {processor.py:208} INFO - Processing /Library/Frameworks/Python.framework/Versions/3.8/lib/python3.8/site-packages/airflow/example_dags/example_time_delta_sensor_async.py took 0.051 seconds
