[2024-11-28T11:47:10.990-0600] {processor.py:186} INFO - Started process (PID=34435) to work on /Library/Frameworks/Python.framework/Versions/3.8/lib/python3.8/site-packages/airflow/example_dags/example_short_circuit_operator.py
[2024-11-28T11:47:10.991-0600] {processor.py:914} INFO - Processing file /Library/Frameworks/Python.framework/Versions/3.8/lib/python3.8/site-packages/airflow/example_dags/example_short_circuit_operator.py for tasks to queue
[2024-11-28T11:47:10.991-0600] {logging_mixin.py:190} INFO - [2024-11-28T11:47:10.991-0600] {dagbag.py:588} INFO - Filling up the DagBag from /Library/Frameworks/Python.framework/Versions/3.8/lib/python3.8/site-packages/airflow/example_dags/example_short_circuit_operator.py
[2024-11-28T11:47:11.000-0600] {processor.py:925} INFO - DAG(s) 'example_short_circuit_operator' retrieved from /Library/Frameworks/Python.framework/Versions/3.8/lib/python3.8/site-packages/airflow/example_dags/example_short_circuit_operator.py
[2024-11-28T11:47:11.033-0600] {logging_mixin.py:190} INFO - [2024-11-28T11:47:11.033-0600] {dag.py:3239} INFO - Sync 1 DAGs
[2024-11-28T11:47:11.037-0600] {logging_mixin.py:190} INFO - [2024-11-28T11:47:11.037-0600] {dag.py:4180} INFO - Setting next_dagrun for example_short_circuit_operator to None, run_after=None
[2024-11-28T11:47:11.042-0600] {processor.py:208} INFO - Processing /Library/Frameworks/Python.framework/Versions/3.8/lib/python3.8/site-packages/airflow/example_dags/example_short_circuit_operator.py took 0.052 seconds
[2024-11-28T11:48:45.933-0600] {processor.py:186} INFO - Started process (PID=34622) to work on /Library/Frameworks/Python.framework/Versions/3.8/lib/python3.8/site-packages/airflow/example_dags/example_short_circuit_operator.py
[2024-11-28T11:48:45.934-0600] {processor.py:914} INFO - Processing file /Library/Frameworks/Python.framework/Versions/3.8/lib/python3.8/site-packages/airflow/example_dags/example_short_circuit_operator.py for tasks to queue
[2024-11-28T11:48:45.935-0600] {logging_mixin.py:190} INFO - [2024-11-28T11:48:45.935-0600] {dagbag.py:588} INFO - Filling up the DagBag from /Library/Frameworks/Python.framework/Versions/3.8/lib/python3.8/site-packages/airflow/example_dags/example_short_circuit_operator.py
[2024-11-28T11:48:45.943-0600] {processor.py:925} INFO - DAG(s) 'example_short_circuit_operator' retrieved from /Library/Frameworks/Python.framework/Versions/3.8/lib/python3.8/site-packages/airflow/example_dags/example_short_circuit_operator.py
[2024-11-28T11:48:45.976-0600] {logging_mixin.py:190} INFO - [2024-11-28T11:48:45.976-0600] {dag.py:3239} INFO - Sync 1 DAGs
[2024-11-28T11:48:45.980-0600] {logging_mixin.py:190} INFO - [2024-11-28T11:48:45.980-0600] {dag.py:4180} INFO - Setting next_dagrun for example_short_circuit_operator to None, run_after=None
[2024-11-28T11:48:45.985-0600] {processor.py:208} INFO - Processing /Library/Frameworks/Python.framework/Versions/3.8/lib/python3.8/site-packages/airflow/example_dags/example_short_circuit_operator.py took 0.053 seconds
[2024-11-28T11:51:02.494-0600] {processor.py:186} INFO - Started process (PID=34891) to work on /Library/Frameworks/Python.framework/Versions/3.8/lib/python3.8/site-packages/airflow/example_dags/example_short_circuit_operator.py
[2024-11-28T11:51:02.494-0600] {processor.py:914} INFO - Processing file /Library/Frameworks/Python.framework/Versions/3.8/lib/python3.8/site-packages/airflow/example_dags/example_short_circuit_operator.py for tasks to queue
[2024-11-28T11:51:02.495-0600] {logging_mixin.py:190} INFO - [2024-11-28T11:51:02.495-0600] {dagbag.py:588} INFO - Filling up the DagBag from /Library/Frameworks/Python.framework/Versions/3.8/lib/python3.8/site-packages/airflow/example_dags/example_short_circuit_operator.py
[2024-11-28T11:51:02.504-0600] {processor.py:925} INFO - DAG(s) 'example_short_circuit_operator' retrieved from /Library/Frameworks/Python.framework/Versions/3.8/lib/python3.8/site-packages/airflow/example_dags/example_short_circuit_operator.py
[2024-11-28T11:51:02.539-0600] {logging_mixin.py:190} INFO - [2024-11-28T11:51:02.539-0600] {dag.py:3239} INFO - Sync 1 DAGs
[2024-11-28T11:51:02.542-0600] {logging_mixin.py:190} INFO - [2024-11-28T11:51:02.542-0600] {dag.py:4180} INFO - Setting next_dagrun for example_short_circuit_operator to None, run_after=None
[2024-11-28T11:51:02.547-0600] {processor.py:208} INFO - Processing /Library/Frameworks/Python.framework/Versions/3.8/lib/python3.8/site-packages/airflow/example_dags/example_short_circuit_operator.py took 0.055 seconds
[2024-11-28T11:53:14.139-0600] {processor.py:186} INFO - Started process (PID=35146) to work on /Library/Frameworks/Python.framework/Versions/3.8/lib/python3.8/site-packages/airflow/example_dags/example_short_circuit_operator.py
[2024-11-28T11:53:14.140-0600] {processor.py:914} INFO - Processing file /Library/Frameworks/Python.framework/Versions/3.8/lib/python3.8/site-packages/airflow/example_dags/example_short_circuit_operator.py for tasks to queue
[2024-11-28T11:53:14.140-0600] {logging_mixin.py:190} INFO - [2024-11-28T11:53:14.140-0600] {dagbag.py:588} INFO - Filling up the DagBag from /Library/Frameworks/Python.framework/Versions/3.8/lib/python3.8/site-packages/airflow/example_dags/example_short_circuit_operator.py
[2024-11-28T11:53:14.149-0600] {processor.py:925} INFO - DAG(s) 'example_short_circuit_operator' retrieved from /Library/Frameworks/Python.framework/Versions/3.8/lib/python3.8/site-packages/airflow/example_dags/example_short_circuit_operator.py
[2024-11-28T11:53:14.184-0600] {logging_mixin.py:190} INFO - [2024-11-28T11:53:14.184-0600] {dag.py:3239} INFO - Sync 1 DAGs
[2024-11-28T11:53:14.188-0600] {logging_mixin.py:190} INFO - [2024-11-28T11:53:14.188-0600] {dag.py:4180} INFO - Setting next_dagrun for example_short_circuit_operator to None, run_after=None
[2024-11-28T11:53:14.193-0600] {processor.py:208} INFO - Processing /Library/Frameworks/Python.framework/Versions/3.8/lib/python3.8/site-packages/airflow/example_dags/example_short_circuit_operator.py took 0.055 seconds
[2024-11-28T11:55:25.267-0600] {processor.py:186} INFO - Started process (PID=35437) to work on /Library/Frameworks/Python.framework/Versions/3.8/lib/python3.8/site-packages/airflow/example_dags/example_short_circuit_operator.py
[2024-11-28T11:55:25.268-0600] {processor.py:914} INFO - Processing file /Library/Frameworks/Python.framework/Versions/3.8/lib/python3.8/site-packages/airflow/example_dags/example_short_circuit_operator.py for tasks to queue
[2024-11-28T11:55:25.268-0600] {logging_mixin.py:190} INFO - [2024-11-28T11:55:25.268-0600] {dagbag.py:588} INFO - Filling up the DagBag from /Library/Frameworks/Python.framework/Versions/3.8/lib/python3.8/site-packages/airflow/example_dags/example_short_circuit_operator.py
[2024-11-28T11:55:25.277-0600] {processor.py:925} INFO - DAG(s) 'example_short_circuit_operator' retrieved from /Library/Frameworks/Python.framework/Versions/3.8/lib/python3.8/site-packages/airflow/example_dags/example_short_circuit_operator.py
[2024-11-28T11:55:25.312-0600] {logging_mixin.py:190} INFO - [2024-11-28T11:55:25.312-0600] {dag.py:3239} INFO - Sync 1 DAGs
[2024-11-28T11:55:25.315-0600] {logging_mixin.py:190} INFO - [2024-11-28T11:55:25.315-0600] {dag.py:4180} INFO - Setting next_dagrun for example_short_circuit_operator to None, run_after=None
[2024-11-28T11:55:25.320-0600] {processor.py:208} INFO - Processing /Library/Frameworks/Python.framework/Versions/3.8/lib/python3.8/site-packages/airflow/example_dags/example_short_circuit_operator.py took 0.054 seconds
[2024-11-28T11:57:41.381-0600] {processor.py:186} INFO - Started process (PID=35697) to work on /Library/Frameworks/Python.framework/Versions/3.8/lib/python3.8/site-packages/airflow/example_dags/example_short_circuit_operator.py
[2024-11-28T11:57:41.382-0600] {processor.py:914} INFO - Processing file /Library/Frameworks/Python.framework/Versions/3.8/lib/python3.8/site-packages/airflow/example_dags/example_short_circuit_operator.py for tasks to queue
[2024-11-28T11:57:41.382-0600] {logging_mixin.py:190} INFO - [2024-11-28T11:57:41.382-0600] {dagbag.py:588} INFO - Filling up the DagBag from /Library/Frameworks/Python.framework/Versions/3.8/lib/python3.8/site-packages/airflow/example_dags/example_short_circuit_operator.py
[2024-11-28T11:57:41.391-0600] {processor.py:925} INFO - DAG(s) 'example_short_circuit_operator' retrieved from /Library/Frameworks/Python.framework/Versions/3.8/lib/python3.8/site-packages/airflow/example_dags/example_short_circuit_operator.py
[2024-11-28T11:57:41.426-0600] {logging_mixin.py:190} INFO - [2024-11-28T11:57:41.426-0600] {dag.py:3239} INFO - Sync 1 DAGs
[2024-11-28T11:57:41.429-0600] {logging_mixin.py:190} INFO - [2024-11-28T11:57:41.429-0600] {dag.py:4180} INFO - Setting next_dagrun for example_short_circuit_operator to None, run_after=None
[2024-11-28T11:57:41.435-0600] {processor.py:208} INFO - Processing /Library/Frameworks/Python.framework/Versions/3.8/lib/python3.8/site-packages/airflow/example_dags/example_short_circuit_operator.py took 0.055 seconds
[2024-11-28T11:59:56.932-0600] {processor.py:186} INFO - Started process (PID=35943) to work on /Library/Frameworks/Python.framework/Versions/3.8/lib/python3.8/site-packages/airflow/example_dags/example_short_circuit_operator.py
[2024-11-28T11:59:56.933-0600] {processor.py:914} INFO - Processing file /Library/Frameworks/Python.framework/Versions/3.8/lib/python3.8/site-packages/airflow/example_dags/example_short_circuit_operator.py for tasks to queue
[2024-11-28T11:59:56.933-0600] {logging_mixin.py:190} INFO - [2024-11-28T11:59:56.933-0600] {dagbag.py:588} INFO - Filling up the DagBag from /Library/Frameworks/Python.framework/Versions/3.8/lib/python3.8/site-packages/airflow/example_dags/example_short_circuit_operator.py
[2024-11-28T11:59:56.942-0600] {processor.py:925} INFO - DAG(s) 'example_short_circuit_operator' retrieved from /Library/Frameworks/Python.framework/Versions/3.8/lib/python3.8/site-packages/airflow/example_dags/example_short_circuit_operator.py
[2024-11-28T11:59:56.977-0600] {logging_mixin.py:190} INFO - [2024-11-28T11:59:56.977-0600] {dag.py:3239} INFO - Sync 1 DAGs
[2024-11-28T11:59:56.980-0600] {logging_mixin.py:190} INFO - [2024-11-28T11:59:56.980-0600] {dag.py:4180} INFO - Setting next_dagrun for example_short_circuit_operator to None, run_after=None
[2024-11-28T11:59:56.985-0600] {processor.py:208} INFO - Processing /Library/Frameworks/Python.framework/Versions/3.8/lib/python3.8/site-packages/airflow/example_dags/example_short_circuit_operator.py took 0.055 seconds
[2024-11-28T12:02:11.746-0600] {processor.py:186} INFO - Started process (PID=36197) to work on /Library/Frameworks/Python.framework/Versions/3.8/lib/python3.8/site-packages/airflow/example_dags/example_short_circuit_operator.py
[2024-11-28T12:02:11.747-0600] {processor.py:914} INFO - Processing file /Library/Frameworks/Python.framework/Versions/3.8/lib/python3.8/site-packages/airflow/example_dags/example_short_circuit_operator.py for tasks to queue
[2024-11-28T12:02:11.747-0600] {logging_mixin.py:190} INFO - [2024-11-28T12:02:11.747-0600] {dagbag.py:588} INFO - Filling up the DagBag from /Library/Frameworks/Python.framework/Versions/3.8/lib/python3.8/site-packages/airflow/example_dags/example_short_circuit_operator.py
[2024-11-28T12:02:11.756-0600] {processor.py:925} INFO - DAG(s) 'example_short_circuit_operator' retrieved from /Library/Frameworks/Python.framework/Versions/3.8/lib/python3.8/site-packages/airflow/example_dags/example_short_circuit_operator.py
[2024-11-28T12:02:11.791-0600] {logging_mixin.py:190} INFO - [2024-11-28T12:02:11.791-0600] {dag.py:3239} INFO - Sync 1 DAGs
[2024-11-28T12:02:11.795-0600] {logging_mixin.py:190} INFO - [2024-11-28T12:02:11.795-0600] {dag.py:4180} INFO - Setting next_dagrun for example_short_circuit_operator to None, run_after=None
[2024-11-28T12:02:11.800-0600] {processor.py:208} INFO - Processing /Library/Frameworks/Python.framework/Versions/3.8/lib/python3.8/site-packages/airflow/example_dags/example_short_circuit_operator.py took 0.055 seconds
[2024-11-28T12:04:26.061-0600] {processor.py:186} INFO - Started process (PID=36450) to work on /Library/Frameworks/Python.framework/Versions/3.8/lib/python3.8/site-packages/airflow/example_dags/example_short_circuit_operator.py
[2024-11-28T12:04:26.062-0600] {processor.py:914} INFO - Processing file /Library/Frameworks/Python.framework/Versions/3.8/lib/python3.8/site-packages/airflow/example_dags/example_short_circuit_operator.py for tasks to queue
[2024-11-28T12:04:26.063-0600] {logging_mixin.py:190} INFO - [2024-11-28T12:04:26.063-0600] {dagbag.py:588} INFO - Filling up the DagBag from /Library/Frameworks/Python.framework/Versions/3.8/lib/python3.8/site-packages/airflow/example_dags/example_short_circuit_operator.py
[2024-11-28T12:04:26.072-0600] {processor.py:925} INFO - DAG(s) 'example_short_circuit_operator' retrieved from /Library/Frameworks/Python.framework/Versions/3.8/lib/python3.8/site-packages/airflow/example_dags/example_short_circuit_operator.py
[2024-11-28T12:04:26.108-0600] {logging_mixin.py:190} INFO - [2024-11-28T12:04:26.108-0600] {dag.py:3239} INFO - Sync 1 DAGs
[2024-11-28T12:04:26.111-0600] {logging_mixin.py:190} INFO - [2024-11-28T12:04:26.111-0600] {dag.py:4180} INFO - Setting next_dagrun for example_short_circuit_operator to None, run_after=None
[2024-11-28T12:04:26.117-0600] {processor.py:208} INFO - Processing /Library/Frameworks/Python.framework/Versions/3.8/lib/python3.8/site-packages/airflow/example_dags/example_short_circuit_operator.py took 0.057 seconds
[2024-11-28T12:06:34.564-0600] {processor.py:186} INFO - Started process (PID=36697) to work on /Library/Frameworks/Python.framework/Versions/3.8/lib/python3.8/site-packages/airflow/example_dags/example_short_circuit_operator.py
[2024-11-28T12:06:34.565-0600] {processor.py:914} INFO - Processing file /Library/Frameworks/Python.framework/Versions/3.8/lib/python3.8/site-packages/airflow/example_dags/example_short_circuit_operator.py for tasks to queue
[2024-11-28T12:06:34.565-0600] {logging_mixin.py:190} INFO - [2024-11-28T12:06:34.565-0600] {dagbag.py:588} INFO - Filling up the DagBag from /Library/Frameworks/Python.framework/Versions/3.8/lib/python3.8/site-packages/airflow/example_dags/example_short_circuit_operator.py
[2024-11-28T12:06:34.573-0600] {processor.py:925} INFO - DAG(s) 'example_short_circuit_operator' retrieved from /Library/Frameworks/Python.framework/Versions/3.8/lib/python3.8/site-packages/airflow/example_dags/example_short_circuit_operator.py
[2024-11-28T12:06:34.608-0600] {logging_mixin.py:190} INFO - [2024-11-28T12:06:34.608-0600] {dag.py:3239} INFO - Sync 1 DAGs
[2024-11-28T12:06:34.612-0600] {logging_mixin.py:190} INFO - [2024-11-28T12:06:34.612-0600] {dag.py:4180} INFO - Setting next_dagrun for example_short_circuit_operator to None, run_after=None
[2024-11-28T12:06:34.617-0600] {processor.py:208} INFO - Processing /Library/Frameworks/Python.framework/Versions/3.8/lib/python3.8/site-packages/airflow/example_dags/example_short_circuit_operator.py took 0.054 seconds
[2024-11-28T12:08:45.900-0600] {processor.py:186} INFO - Started process (PID=36939) to work on /Library/Frameworks/Python.framework/Versions/3.8/lib/python3.8/site-packages/airflow/example_dags/example_short_circuit_operator.py
[2024-11-28T12:08:45.900-0600] {processor.py:914} INFO - Processing file /Library/Frameworks/Python.framework/Versions/3.8/lib/python3.8/site-packages/airflow/example_dags/example_short_circuit_operator.py for tasks to queue
[2024-11-28T12:08:45.901-0600] {logging_mixin.py:190} INFO - [2024-11-28T12:08:45.901-0600] {dagbag.py:588} INFO - Filling up the DagBag from /Library/Frameworks/Python.framework/Versions/3.8/lib/python3.8/site-packages/airflow/example_dags/example_short_circuit_operator.py
[2024-11-28T12:08:45.909-0600] {processor.py:925} INFO - DAG(s) 'example_short_circuit_operator' retrieved from /Library/Frameworks/Python.framework/Versions/3.8/lib/python3.8/site-packages/airflow/example_dags/example_short_circuit_operator.py
[2024-11-28T12:08:45.944-0600] {logging_mixin.py:190} INFO - [2024-11-28T12:08:45.944-0600] {dag.py:3239} INFO - Sync 1 DAGs
[2024-11-28T12:08:45.947-0600] {logging_mixin.py:190} INFO - [2024-11-28T12:08:45.947-0600] {dag.py:4180} INFO - Setting next_dagrun for example_short_circuit_operator to None, run_after=None
[2024-11-28T12:08:45.952-0600] {processor.py:208} INFO - Processing /Library/Frameworks/Python.framework/Versions/3.8/lib/python3.8/site-packages/airflow/example_dags/example_short_circuit_operator.py took 0.054 seconds
[2024-11-28T12:09:57.421-0600] {processor.py:186} INFO - Started process (PID=37069) to work on /Library/Frameworks/Python.framework/Versions/3.8/lib/python3.8/site-packages/airflow/example_dags/example_short_circuit_operator.py
[2024-11-28T12:09:57.422-0600] {processor.py:914} INFO - Processing file /Library/Frameworks/Python.framework/Versions/3.8/lib/python3.8/site-packages/airflow/example_dags/example_short_circuit_operator.py for tasks to queue
[2024-11-28T12:09:57.423-0600] {logging_mixin.py:190} INFO - [2024-11-28T12:09:57.423-0600] {dagbag.py:588} INFO - Filling up the DagBag from /Library/Frameworks/Python.framework/Versions/3.8/lib/python3.8/site-packages/airflow/example_dags/example_short_circuit_operator.py
[2024-11-28T12:09:57.431-0600] {processor.py:925} INFO - DAG(s) 'example_short_circuit_operator' retrieved from /Library/Frameworks/Python.framework/Versions/3.8/lib/python3.8/site-packages/airflow/example_dags/example_short_circuit_operator.py
[2024-11-28T12:09:57.467-0600] {logging_mixin.py:190} INFO - [2024-11-28T12:09:57.466-0600] {dag.py:3239} INFO - Sync 1 DAGs
[2024-11-28T12:09:57.470-0600] {logging_mixin.py:190} INFO - [2024-11-28T12:09:57.470-0600] {dag.py:4180} INFO - Setting next_dagrun for example_short_circuit_operator to None, run_after=None
[2024-11-28T12:09:57.475-0600] {processor.py:208} INFO - Processing /Library/Frameworks/Python.framework/Versions/3.8/lib/python3.8/site-packages/airflow/example_dags/example_short_circuit_operator.py took 0.056 seconds
