[2024-11-28T11:47:31.466-0600] {processor.py:186} INFO - Started process (PID=34478) to work on /Library/Frameworks/Python.framework/Versions/3.8/lib/python3.8/site-packages/airflow/example_dags/example_nested_branch_dag.py
[2024-11-28T11:47:31.467-0600] {processor.py:914} INFO - Processing file /Library/Frameworks/Python.framework/Versions/3.8/lib/python3.8/site-packages/airflow/example_dags/example_nested_branch_dag.py for tasks to queue
[2024-11-28T11:47:31.467-0600] {logging_mixin.py:190} INFO - [2024-11-28T11:47:31.467-0600] {dagbag.py:588} INFO - Filling up the DagBag from /Library/Frameworks/Python.framework/Versions/3.8/lib/python3.8/site-packages/airflow/example_dags/example_nested_branch_dag.py
[2024-11-28T11:47:31.480-0600] {processor.py:925} INFO - DAG(s) 'example_nested_branch_dag' retrieved from /Library/Frameworks/Python.framework/Versions/3.8/lib/python3.8/site-packages/airflow/example_dags/example_nested_branch_dag.py
[2024-11-28T11:47:31.514-0600] {logging_mixin.py:190} INFO - [2024-11-28T11:47:31.514-0600] {dag.py:3239} INFO - Sync 1 DAGs
[2024-11-28T11:47:31.520-0600] {logging_mixin.py:190} INFO - [2024-11-28T11:47:31.520-0600] {dag.py:4180} INFO - Setting next_dagrun for example_nested_branch_dag to 2024-11-27 00:00:00+00:00, run_after=2024-11-28 00:00:00+00:00
[2024-11-28T11:47:31.525-0600] {processor.py:208} INFO - Processing /Library/Frameworks/Python.framework/Versions/3.8/lib/python3.8/site-packages/airflow/example_dags/example_nested_branch_dag.py took 0.060 seconds
[2024-11-28T11:49:07.063-0600] {processor.py:186} INFO - Started process (PID=34659) to work on /Library/Frameworks/Python.framework/Versions/3.8/lib/python3.8/site-packages/airflow/example_dags/example_nested_branch_dag.py
[2024-11-28T11:49:07.063-0600] {processor.py:914} INFO - Processing file /Library/Frameworks/Python.framework/Versions/3.8/lib/python3.8/site-packages/airflow/example_dags/example_nested_branch_dag.py for tasks to queue
[2024-11-28T11:49:07.063-0600] {logging_mixin.py:190} INFO - [2024-11-28T11:49:07.063-0600] {dagbag.py:588} INFO - Filling up the DagBag from /Library/Frameworks/Python.framework/Versions/3.8/lib/python3.8/site-packages/airflow/example_dags/example_nested_branch_dag.py
[2024-11-28T11:49:07.076-0600] {processor.py:925} INFO - DAG(s) 'example_nested_branch_dag' retrieved from /Library/Frameworks/Python.framework/Versions/3.8/lib/python3.8/site-packages/airflow/example_dags/example_nested_branch_dag.py
[2024-11-28T11:49:07.109-0600] {logging_mixin.py:190} INFO - [2024-11-28T11:49:07.109-0600] {dag.py:3239} INFO - Sync 1 DAGs
[2024-11-28T11:49:07.115-0600] {logging_mixin.py:190} INFO - [2024-11-28T11:49:07.115-0600] {dag.py:4180} INFO - Setting next_dagrun for example_nested_branch_dag to 2024-11-27 00:00:00+00:00, run_after=2024-11-28 00:00:00+00:00
[2024-11-28T11:49:07.120-0600] {processor.py:208} INFO - Processing /Library/Frameworks/Python.framework/Versions/3.8/lib/python3.8/site-packages/airflow/example_dags/example_nested_branch_dag.py took 0.059 seconds
[2024-11-28T11:51:23.755-0600] {processor.py:186} INFO - Started process (PID=34930) to work on /Library/Frameworks/Python.framework/Versions/3.8/lib/python3.8/site-packages/airflow/example_dags/example_nested_branch_dag.py
[2024-11-28T11:51:23.756-0600] {processor.py:914} INFO - Processing file /Library/Frameworks/Python.framework/Versions/3.8/lib/python3.8/site-packages/airflow/example_dags/example_nested_branch_dag.py for tasks to queue
[2024-11-28T11:51:23.757-0600] {logging_mixin.py:190} INFO - [2024-11-28T11:51:23.757-0600] {dagbag.py:588} INFO - Filling up the DagBag from /Library/Frameworks/Python.framework/Versions/3.8/lib/python3.8/site-packages/airflow/example_dags/example_nested_branch_dag.py
[2024-11-28T11:51:23.770-0600] {processor.py:925} INFO - DAG(s) 'example_nested_branch_dag' retrieved from /Library/Frameworks/Python.framework/Versions/3.8/lib/python3.8/site-packages/airflow/example_dags/example_nested_branch_dag.py
[2024-11-28T11:51:23.804-0600] {logging_mixin.py:190} INFO - [2024-11-28T11:51:23.804-0600] {dag.py:3239} INFO - Sync 1 DAGs
[2024-11-28T11:51:23.810-0600] {logging_mixin.py:190} INFO - [2024-11-28T11:51:23.810-0600] {dag.py:4180} INFO - Setting next_dagrun for example_nested_branch_dag to 2024-11-27 00:00:00+00:00, run_after=2024-11-28 00:00:00+00:00
[2024-11-28T11:51:23.816-0600] {processor.py:208} INFO - Processing /Library/Frameworks/Python.framework/Versions/3.8/lib/python3.8/site-packages/airflow/example_dags/example_nested_branch_dag.py took 0.062 seconds
[2024-11-28T11:53:34.001-0600] {processor.py:186} INFO - Started process (PID=35204) to work on /Library/Frameworks/Python.framework/Versions/3.8/lib/python3.8/site-packages/airflow/example_dags/example_nested_branch_dag.py
[2024-11-28T11:53:34.002-0600] {processor.py:914} INFO - Processing file /Library/Frameworks/Python.framework/Versions/3.8/lib/python3.8/site-packages/airflow/example_dags/example_nested_branch_dag.py for tasks to queue
[2024-11-28T11:53:34.003-0600] {logging_mixin.py:190} INFO - [2024-11-28T11:53:34.003-0600] {dagbag.py:588} INFO - Filling up the DagBag from /Library/Frameworks/Python.framework/Versions/3.8/lib/python3.8/site-packages/airflow/example_dags/example_nested_branch_dag.py
[2024-11-28T11:53:34.015-0600] {processor.py:925} INFO - DAG(s) 'example_nested_branch_dag' retrieved from /Library/Frameworks/Python.framework/Versions/3.8/lib/python3.8/site-packages/airflow/example_dags/example_nested_branch_dag.py
[2024-11-28T11:53:34.050-0600] {logging_mixin.py:190} INFO - [2024-11-28T11:53:34.050-0600] {dag.py:3239} INFO - Sync 1 DAGs
[2024-11-28T11:53:34.056-0600] {logging_mixin.py:190} INFO - [2024-11-28T11:53:34.056-0600] {dag.py:4180} INFO - Setting next_dagrun for example_nested_branch_dag to 2024-11-27 00:00:00+00:00, run_after=2024-11-28 00:00:00+00:00
[2024-11-28T11:53:34.061-0600] {processor.py:208} INFO - Processing /Library/Frameworks/Python.framework/Versions/3.8/lib/python3.8/site-packages/airflow/example_dags/example_nested_branch_dag.py took 0.061 seconds
[2024-11-28T11:55:46.497-0600] {processor.py:186} INFO - Started process (PID=35473) to work on /Library/Frameworks/Python.framework/Versions/3.8/lib/python3.8/site-packages/airflow/example_dags/example_nested_branch_dag.py
[2024-11-28T11:55:46.498-0600] {processor.py:914} INFO - Processing file /Library/Frameworks/Python.framework/Versions/3.8/lib/python3.8/site-packages/airflow/example_dags/example_nested_branch_dag.py for tasks to queue
[2024-11-28T11:55:46.498-0600] {logging_mixin.py:190} INFO - [2024-11-28T11:55:46.498-0600] {dagbag.py:588} INFO - Filling up the DagBag from /Library/Frameworks/Python.framework/Versions/3.8/lib/python3.8/site-packages/airflow/example_dags/example_nested_branch_dag.py
[2024-11-28T11:55:46.511-0600] {processor.py:925} INFO - DAG(s) 'example_nested_branch_dag' retrieved from /Library/Frameworks/Python.framework/Versions/3.8/lib/python3.8/site-packages/airflow/example_dags/example_nested_branch_dag.py
[2024-11-28T11:55:46.545-0600] {logging_mixin.py:190} INFO - [2024-11-28T11:55:46.545-0600] {dag.py:3239} INFO - Sync 1 DAGs
[2024-11-28T11:55:46.551-0600] {logging_mixin.py:190} INFO - [2024-11-28T11:55:46.551-0600] {dag.py:4180} INFO - Setting next_dagrun for example_nested_branch_dag to 2024-11-27 00:00:00+00:00, run_after=2024-11-28 00:00:00+00:00
[2024-11-28T11:55:46.556-0600] {processor.py:208} INFO - Processing /Library/Frameworks/Python.framework/Versions/3.8/lib/python3.8/site-packages/airflow/example_dags/example_nested_branch_dag.py took 0.061 seconds
[2024-11-28T11:58:00.731-0600] {processor.py:186} INFO - Started process (PID=35733) to work on /Library/Frameworks/Python.framework/Versions/3.8/lib/python3.8/site-packages/airflow/example_dags/example_nested_branch_dag.py
[2024-11-28T11:58:00.732-0600] {processor.py:914} INFO - Processing file /Library/Frameworks/Python.framework/Versions/3.8/lib/python3.8/site-packages/airflow/example_dags/example_nested_branch_dag.py for tasks to queue
[2024-11-28T11:58:00.732-0600] {logging_mixin.py:190} INFO - [2024-11-28T11:58:00.732-0600] {dagbag.py:588} INFO - Filling up the DagBag from /Library/Frameworks/Python.framework/Versions/3.8/lib/python3.8/site-packages/airflow/example_dags/example_nested_branch_dag.py
[2024-11-28T11:58:00.745-0600] {processor.py:925} INFO - DAG(s) 'example_nested_branch_dag' retrieved from /Library/Frameworks/Python.framework/Versions/3.8/lib/python3.8/site-packages/airflow/example_dags/example_nested_branch_dag.py
[2024-11-28T11:58:00.779-0600] {logging_mixin.py:190} INFO - [2024-11-28T11:58:00.779-0600] {dag.py:3239} INFO - Sync 1 DAGs
[2024-11-28T11:58:00.785-0600] {logging_mixin.py:190} INFO - [2024-11-28T11:58:00.785-0600] {dag.py:4180} INFO - Setting next_dagrun for example_nested_branch_dag to 2024-11-27 00:00:00+00:00, run_after=2024-11-28 00:00:00+00:00
[2024-11-28T11:58:00.791-0600] {processor.py:208} INFO - Processing /Library/Frameworks/Python.framework/Versions/3.8/lib/python3.8/site-packages/airflow/example_dags/example_nested_branch_dag.py took 0.061 seconds
[2024-11-28T12:00:15.971-0600] {processor.py:186} INFO - Started process (PID=35982) to work on /Library/Frameworks/Python.framework/Versions/3.8/lib/python3.8/site-packages/airflow/example_dags/example_nested_branch_dag.py
[2024-11-28T12:00:15.972-0600] {processor.py:914} INFO - Processing file /Library/Frameworks/Python.framework/Versions/3.8/lib/python3.8/site-packages/airflow/example_dags/example_nested_branch_dag.py for tasks to queue
[2024-11-28T12:00:15.972-0600] {logging_mixin.py:190} INFO - [2024-11-28T12:00:15.972-0600] {dagbag.py:588} INFO - Filling up the DagBag from /Library/Frameworks/Python.framework/Versions/3.8/lib/python3.8/site-packages/airflow/example_dags/example_nested_branch_dag.py
[2024-11-28T12:00:15.986-0600] {processor.py:925} INFO - DAG(s) 'example_nested_branch_dag' retrieved from /Library/Frameworks/Python.framework/Versions/3.8/lib/python3.8/site-packages/airflow/example_dags/example_nested_branch_dag.py
[2024-11-28T12:00:16.021-0600] {logging_mixin.py:190} INFO - [2024-11-28T12:00:16.020-0600] {dag.py:3239} INFO - Sync 1 DAGs
[2024-11-28T12:00:16.026-0600] {logging_mixin.py:190} INFO - [2024-11-28T12:00:16.026-0600] {dag.py:4180} INFO - Setting next_dagrun for example_nested_branch_dag to 2024-11-27 00:00:00+00:00, run_after=2024-11-28 00:00:00+00:00
[2024-11-28T12:00:16.032-0600] {processor.py:208} INFO - Processing /Library/Frameworks/Python.framework/Versions/3.8/lib/python3.8/site-packages/airflow/example_dags/example_nested_branch_dag.py took 0.062 seconds
[2024-11-28T12:02:30.755-0600] {processor.py:186} INFO - Started process (PID=36234) to work on /Library/Frameworks/Python.framework/Versions/3.8/lib/python3.8/site-packages/airflow/example_dags/example_nested_branch_dag.py
[2024-11-28T12:02:30.755-0600] {processor.py:914} INFO - Processing file /Library/Frameworks/Python.framework/Versions/3.8/lib/python3.8/site-packages/airflow/example_dags/example_nested_branch_dag.py for tasks to queue
[2024-11-28T12:02:30.756-0600] {logging_mixin.py:190} INFO - [2024-11-28T12:02:30.756-0600] {dagbag.py:588} INFO - Filling up the DagBag from /Library/Frameworks/Python.framework/Versions/3.8/lib/python3.8/site-packages/airflow/example_dags/example_nested_branch_dag.py
[2024-11-28T12:02:30.769-0600] {processor.py:925} INFO - DAG(s) 'example_nested_branch_dag' retrieved from /Library/Frameworks/Python.framework/Versions/3.8/lib/python3.8/site-packages/airflow/example_dags/example_nested_branch_dag.py
[2024-11-28T12:02:30.808-0600] {logging_mixin.py:190} INFO - [2024-11-28T12:02:30.808-0600] {dag.py:3239} INFO - Sync 1 DAGs
[2024-11-28T12:02:30.814-0600] {logging_mixin.py:190} INFO - [2024-11-28T12:02:30.814-0600] {dag.py:4180} INFO - Setting next_dagrun for example_nested_branch_dag to 2024-11-27 00:00:00+00:00, run_after=2024-11-28 00:00:00+00:00
[2024-11-28T12:02:30.820-0600] {processor.py:208} INFO - Processing /Library/Frameworks/Python.framework/Versions/3.8/lib/python3.8/site-packages/airflow/example_dags/example_nested_branch_dag.py took 0.066 seconds
[2024-11-28T12:04:44.940-0600] {processor.py:186} INFO - Started process (PID=36487) to work on /Library/Frameworks/Python.framework/Versions/3.8/lib/python3.8/site-packages/airflow/example_dags/example_nested_branch_dag.py
[2024-11-28T12:04:44.942-0600] {processor.py:914} INFO - Processing file /Library/Frameworks/Python.framework/Versions/3.8/lib/python3.8/site-packages/airflow/example_dags/example_nested_branch_dag.py for tasks to queue
[2024-11-28T12:04:44.942-0600] {logging_mixin.py:190} INFO - [2024-11-28T12:04:44.942-0600] {dagbag.py:588} INFO - Filling up the DagBag from /Library/Frameworks/Python.framework/Versions/3.8/lib/python3.8/site-packages/airflow/example_dags/example_nested_branch_dag.py
[2024-11-28T12:04:44.955-0600] {processor.py:925} INFO - DAG(s) 'example_nested_branch_dag' retrieved from /Library/Frameworks/Python.framework/Versions/3.8/lib/python3.8/site-packages/airflow/example_dags/example_nested_branch_dag.py
[2024-11-28T12:04:44.990-0600] {logging_mixin.py:190} INFO - [2024-11-28T12:04:44.989-0600] {dag.py:3239} INFO - Sync 1 DAGs
[2024-11-28T12:04:44.996-0600] {logging_mixin.py:190} INFO - [2024-11-28T12:04:44.995-0600] {dag.py:4180} INFO - Setting next_dagrun for example_nested_branch_dag to 2024-11-27 00:00:00+00:00, run_after=2024-11-28 00:00:00+00:00
[2024-11-28T12:04:45.001-0600] {processor.py:208} INFO - Processing /Library/Frameworks/Python.framework/Versions/3.8/lib/python3.8/site-packages/airflow/example_dags/example_nested_branch_dag.py took 0.062 seconds
[2024-11-28T12:06:53.454-0600] {processor.py:186} INFO - Started process (PID=36733) to work on /Library/Frameworks/Python.framework/Versions/3.8/lib/python3.8/site-packages/airflow/example_dags/example_nested_branch_dag.py
[2024-11-28T12:06:53.454-0600] {processor.py:914} INFO - Processing file /Library/Frameworks/Python.framework/Versions/3.8/lib/python3.8/site-packages/airflow/example_dags/example_nested_branch_dag.py for tasks to queue
[2024-11-28T12:06:53.455-0600] {logging_mixin.py:190} INFO - [2024-11-28T12:06:53.455-0600] {dagbag.py:588} INFO - Filling up the DagBag from /Library/Frameworks/Python.framework/Versions/3.8/lib/python3.8/site-packages/airflow/example_dags/example_nested_branch_dag.py
[2024-11-28T12:06:53.467-0600] {processor.py:925} INFO - DAG(s) 'example_nested_branch_dag' retrieved from /Library/Frameworks/Python.framework/Versions/3.8/lib/python3.8/site-packages/airflow/example_dags/example_nested_branch_dag.py
[2024-11-28T12:06:53.502-0600] {logging_mixin.py:190} INFO - [2024-11-28T12:06:53.502-0600] {dag.py:3239} INFO - Sync 1 DAGs
[2024-11-28T12:06:53.508-0600] {logging_mixin.py:190} INFO - [2024-11-28T12:06:53.508-0600] {dag.py:4180} INFO - Setting next_dagrun for example_nested_branch_dag to 2024-11-27 00:00:00+00:00, run_after=2024-11-28 00:00:00+00:00
[2024-11-28T12:06:53.514-0600] {processor.py:208} INFO - Processing /Library/Frameworks/Python.framework/Versions/3.8/lib/python3.8/site-packages/airflow/example_dags/example_nested_branch_dag.py took 0.061 seconds
[2024-11-28T12:09:07.158-0600] {processor.py:186} INFO - Started process (PID=36976) to work on /Library/Frameworks/Python.framework/Versions/3.8/lib/python3.8/site-packages/airflow/example_dags/example_nested_branch_dag.py
[2024-11-28T12:09:07.159-0600] {processor.py:914} INFO - Processing file /Library/Frameworks/Python.framework/Versions/3.8/lib/python3.8/site-packages/airflow/example_dags/example_nested_branch_dag.py for tasks to queue
[2024-11-28T12:09:07.159-0600] {logging_mixin.py:190} INFO - [2024-11-28T12:09:07.159-0600] {dagbag.py:588} INFO - Filling up the DagBag from /Library/Frameworks/Python.framework/Versions/3.8/lib/python3.8/site-packages/airflow/example_dags/example_nested_branch_dag.py
[2024-11-28T12:09:07.171-0600] {processor.py:925} INFO - DAG(s) 'example_nested_branch_dag' retrieved from /Library/Frameworks/Python.framework/Versions/3.8/lib/python3.8/site-packages/airflow/example_dags/example_nested_branch_dag.py
[2024-11-28T12:09:07.206-0600] {logging_mixin.py:190} INFO - [2024-11-28T12:09:07.206-0600] {dag.py:3239} INFO - Sync 1 DAGs
[2024-11-28T12:09:07.212-0600] {logging_mixin.py:190} INFO - [2024-11-28T12:09:07.212-0600] {dag.py:4180} INFO - Setting next_dagrun for example_nested_branch_dag to 2024-11-27 00:00:00+00:00, run_after=2024-11-28 00:00:00+00:00
[2024-11-28T12:09:07.217-0600] {processor.py:208} INFO - Processing /Library/Frameworks/Python.framework/Versions/3.8/lib/python3.8/site-packages/airflow/example_dags/example_nested_branch_dag.py took 0.060 seconds
[2024-11-28T12:11:25.617-0600] {processor.py:186} INFO - Started process (PID=37263) to work on /Library/Frameworks/Python.framework/Versions/3.8/lib/python3.8/site-packages/airflow/example_dags/example_nested_branch_dag.py
[2024-11-28T12:11:25.618-0600] {processor.py:914} INFO - Processing file /Library/Frameworks/Python.framework/Versions/3.8/lib/python3.8/site-packages/airflow/example_dags/example_nested_branch_dag.py for tasks to queue
[2024-11-28T12:11:25.618-0600] {logging_mixin.py:190} INFO - [2024-11-28T12:11:25.618-0600] {dagbag.py:588} INFO - Filling up the DagBag from /Library/Frameworks/Python.framework/Versions/3.8/lib/python3.8/site-packages/airflow/example_dags/example_nested_branch_dag.py
[2024-11-28T12:11:25.630-0600] {processor.py:925} INFO - DAG(s) 'example_nested_branch_dag' retrieved from /Library/Frameworks/Python.framework/Versions/3.8/lib/python3.8/site-packages/airflow/example_dags/example_nested_branch_dag.py
[2024-11-28T12:11:25.665-0600] {logging_mixin.py:190} INFO - [2024-11-28T12:11:25.665-0600] {dag.py:3239} INFO - Sync 1 DAGs
[2024-11-28T12:11:25.671-0600] {logging_mixin.py:190} INFO - [2024-11-28T12:11:25.671-0600] {dag.py:4180} INFO - Setting next_dagrun for example_nested_branch_dag to 2024-11-27 00:00:00+00:00, run_after=2024-11-28 00:00:00+00:00
[2024-11-28T12:11:25.676-0600] {processor.py:208} INFO - Processing /Library/Frameworks/Python.framework/Versions/3.8/lib/python3.8/site-packages/airflow/example_dags/example_nested_branch_dag.py took 0.061 seconds
