[2024-11-28T11:48:06.147-0600] {processor.py:186} INFO - Started process (PID=34543) to work on /Library/Frameworks/Python.framework/Versions/3.8/lib/python3.8/site-packages/airflow/example_dags/example_bash_operator.py
[2024-11-28T11:48:06.148-0600] {processor.py:914} INFO - Processing file /Library/Frameworks/Python.framework/Versions/3.8/lib/python3.8/site-packages/airflow/example_dags/example_bash_operator.py for tasks to queue
[2024-11-28T11:48:06.148-0600] {logging_mixin.py:190} INFO - [2024-11-28T11:48:06.148-0600] {dagbag.py:588} INFO - Filling up the DagBag from /Library/Frameworks/Python.framework/Versions/3.8/lib/python3.8/site-packages/airflow/example_dags/example_bash_operator.py
[2024-11-28T11:48:06.153-0600] {processor.py:925} INFO - DAG(s) 'example_bash_operator' retrieved from /Library/Frameworks/Python.framework/Versions/3.8/lib/python3.8/site-packages/airflow/example_dags/example_bash_operator.py
[2024-11-28T11:48:06.191-0600] {logging_mixin.py:190} INFO - [2024-11-28T11:48:06.191-0600] {dag.py:3239} INFO - Sync 1 DAGs
[2024-11-28T11:48:06.198-0600] {logging_mixin.py:190} INFO - [2024-11-28T11:48:06.198-0600] {dag.py:4180} INFO - Setting next_dagrun for example_bash_operator to 2024-11-27 00:00:00+00:00, run_after=2024-11-28 00:00:00+00:00
[2024-11-28T11:48:06.203-0600] {processor.py:208} INFO - Processing /Library/Frameworks/Python.framework/Versions/3.8/lib/python3.8/site-packages/airflow/example_dags/example_bash_operator.py took 0.057 seconds
[2024-11-28T11:50:20.906-0600] {processor.py:186} INFO - Started process (PID=34813) to work on /Library/Frameworks/Python.framework/Versions/3.8/lib/python3.8/site-packages/airflow/example_dags/example_bash_operator.py
[2024-11-28T11:50:20.906-0600] {processor.py:914} INFO - Processing file /Library/Frameworks/Python.framework/Versions/3.8/lib/python3.8/site-packages/airflow/example_dags/example_bash_operator.py for tasks to queue
[2024-11-28T11:50:20.907-0600] {logging_mixin.py:190} INFO - [2024-11-28T11:50:20.906-0600] {dagbag.py:588} INFO - Filling up the DagBag from /Library/Frameworks/Python.framework/Versions/3.8/lib/python3.8/site-packages/airflow/example_dags/example_bash_operator.py
[2024-11-28T11:50:20.911-0600] {processor.py:925} INFO - DAG(s) 'example_bash_operator' retrieved from /Library/Frameworks/Python.framework/Versions/3.8/lib/python3.8/site-packages/airflow/example_dags/example_bash_operator.py
[2024-11-28T11:50:20.949-0600] {logging_mixin.py:190} INFO - [2024-11-28T11:50:20.948-0600] {dag.py:3239} INFO - Sync 1 DAGs
[2024-11-28T11:50:20.955-0600] {logging_mixin.py:190} INFO - [2024-11-28T11:50:20.955-0600] {dag.py:4180} INFO - Setting next_dagrun for example_bash_operator to 2024-11-27 00:00:00+00:00, run_after=2024-11-28 00:00:00+00:00
[2024-11-28T11:50:20.959-0600] {processor.py:208} INFO - Processing /Library/Frameworks/Python.framework/Versions/3.8/lib/python3.8/site-packages/airflow/example_dags/example_bash_operator.py took 0.055 seconds
[2024-11-28T11:52:33.446-0600] {processor.py:186} INFO - Started process (PID=35064) to work on /Library/Frameworks/Python.framework/Versions/3.8/lib/python3.8/site-packages/airflow/example_dags/example_bash_operator.py
[2024-11-28T11:52:33.447-0600] {processor.py:914} INFO - Processing file /Library/Frameworks/Python.framework/Versions/3.8/lib/python3.8/site-packages/airflow/example_dags/example_bash_operator.py for tasks to queue
[2024-11-28T11:52:33.447-0600] {logging_mixin.py:190} INFO - [2024-11-28T11:52:33.447-0600] {dagbag.py:588} INFO - Filling up the DagBag from /Library/Frameworks/Python.framework/Versions/3.8/lib/python3.8/site-packages/airflow/example_dags/example_bash_operator.py
[2024-11-28T11:52:33.452-0600] {processor.py:925} INFO - DAG(s) 'example_bash_operator' retrieved from /Library/Frameworks/Python.framework/Versions/3.8/lib/python3.8/site-packages/airflow/example_dags/example_bash_operator.py
[2024-11-28T11:52:33.490-0600] {logging_mixin.py:190} INFO - [2024-11-28T11:52:33.490-0600] {dag.py:3239} INFO - Sync 1 DAGs
[2024-11-28T11:52:33.496-0600] {logging_mixin.py:190} INFO - [2024-11-28T11:52:33.496-0600] {dag.py:4180} INFO - Setting next_dagrun for example_bash_operator to 2024-11-27 00:00:00+00:00, run_after=2024-11-28 00:00:00+00:00
[2024-11-28T11:52:33.501-0600] {processor.py:208} INFO - Processing /Library/Frameworks/Python.framework/Versions/3.8/lib/python3.8/site-packages/airflow/example_dags/example_bash_operator.py took 0.056 seconds
[2024-11-28T11:54:45.579-0600] {processor.py:186} INFO - Started process (PID=35359) to work on /Library/Frameworks/Python.framework/Versions/3.8/lib/python3.8/site-packages/airflow/example_dags/example_bash_operator.py
[2024-11-28T11:54:45.580-0600] {processor.py:914} INFO - Processing file /Library/Frameworks/Python.framework/Versions/3.8/lib/python3.8/site-packages/airflow/example_dags/example_bash_operator.py for tasks to queue
[2024-11-28T11:54:45.580-0600] {logging_mixin.py:190} INFO - [2024-11-28T11:54:45.580-0600] {dagbag.py:588} INFO - Filling up the DagBag from /Library/Frameworks/Python.framework/Versions/3.8/lib/python3.8/site-packages/airflow/example_dags/example_bash_operator.py
[2024-11-28T11:54:45.585-0600] {processor.py:925} INFO - DAG(s) 'example_bash_operator' retrieved from /Library/Frameworks/Python.framework/Versions/3.8/lib/python3.8/site-packages/airflow/example_dags/example_bash_operator.py
[2024-11-28T11:54:45.623-0600] {logging_mixin.py:190} INFO - [2024-11-28T11:54:45.623-0600] {dag.py:3239} INFO - Sync 1 DAGs
[2024-11-28T11:54:45.630-0600] {logging_mixin.py:190} INFO - [2024-11-28T11:54:45.630-0600] {dag.py:4180} INFO - Setting next_dagrun for example_bash_operator to 2024-11-27 00:00:00+00:00, run_after=2024-11-28 00:00:00+00:00
[2024-11-28T11:54:45.635-0600] {processor.py:208} INFO - Processing /Library/Frameworks/Python.framework/Versions/3.8/lib/python3.8/site-packages/airflow/example_dags/example_bash_operator.py took 0.057 seconds
[2024-11-28T11:56:59.906-0600] {processor.py:186} INFO - Started process (PID=35618) to work on /Library/Frameworks/Python.framework/Versions/3.8/lib/python3.8/site-packages/airflow/example_dags/example_bash_operator.py
[2024-11-28T11:56:59.907-0600] {processor.py:914} INFO - Processing file /Library/Frameworks/Python.framework/Versions/3.8/lib/python3.8/site-packages/airflow/example_dags/example_bash_operator.py for tasks to queue
[2024-11-28T11:56:59.907-0600] {logging_mixin.py:190} INFO - [2024-11-28T11:56:59.907-0600] {dagbag.py:588} INFO - Filling up the DagBag from /Library/Frameworks/Python.framework/Versions/3.8/lib/python3.8/site-packages/airflow/example_dags/example_bash_operator.py
[2024-11-28T11:56:59.912-0600] {processor.py:925} INFO - DAG(s) 'example_bash_operator' retrieved from /Library/Frameworks/Python.framework/Versions/3.8/lib/python3.8/site-packages/airflow/example_dags/example_bash_operator.py
[2024-11-28T11:56:59.950-0600] {logging_mixin.py:190} INFO - [2024-11-28T11:56:59.950-0600] {dag.py:3239} INFO - Sync 1 DAGs
[2024-11-28T11:56:59.956-0600] {logging_mixin.py:190} INFO - [2024-11-28T11:56:59.956-0600] {dag.py:4180} INFO - Setting next_dagrun for example_bash_operator to 2024-11-27 00:00:00+00:00, run_after=2024-11-28 00:00:00+00:00
[2024-11-28T11:56:59.961-0600] {processor.py:208} INFO - Processing /Library/Frameworks/Python.framework/Versions/3.8/lib/python3.8/site-packages/airflow/example_dags/example_bash_operator.py took 0.057 seconds
[2024-11-28T11:59:14.472-0600] {processor.py:186} INFO - Started process (PID=35867) to work on /Library/Frameworks/Python.framework/Versions/3.8/lib/python3.8/site-packages/airflow/example_dags/example_bash_operator.py
[2024-11-28T11:59:14.472-0600] {processor.py:914} INFO - Processing file /Library/Frameworks/Python.framework/Versions/3.8/lib/python3.8/site-packages/airflow/example_dags/example_bash_operator.py for tasks to queue
[2024-11-28T11:59:14.473-0600] {logging_mixin.py:190} INFO - [2024-11-28T11:59:14.473-0600] {dagbag.py:588} INFO - Filling up the DagBag from /Library/Frameworks/Python.framework/Versions/3.8/lib/python3.8/site-packages/airflow/example_dags/example_bash_operator.py
[2024-11-28T11:59:14.477-0600] {processor.py:925} INFO - DAG(s) 'example_bash_operator' retrieved from /Library/Frameworks/Python.framework/Versions/3.8/lib/python3.8/site-packages/airflow/example_dags/example_bash_operator.py
[2024-11-28T11:59:14.516-0600] {logging_mixin.py:190} INFO - [2024-11-28T11:59:14.516-0600] {dag.py:3239} INFO - Sync 1 DAGs
[2024-11-28T11:59:14.522-0600] {logging_mixin.py:190} INFO - [2024-11-28T11:59:14.522-0600] {dag.py:4180} INFO - Setting next_dagrun for example_bash_operator to 2024-11-27 00:00:00+00:00, run_after=2024-11-28 00:00:00+00:00
[2024-11-28T11:59:14.527-0600] {processor.py:208} INFO - Processing /Library/Frameworks/Python.framework/Versions/3.8/lib/python3.8/site-packages/airflow/example_dags/example_bash_operator.py took 0.057 seconds
[2024-11-28T12:01:30.662-0600] {processor.py:186} INFO - Started process (PID=36124) to work on /Library/Frameworks/Python.framework/Versions/3.8/lib/python3.8/site-packages/airflow/example_dags/example_bash_operator.py
[2024-11-28T12:01:30.663-0600] {processor.py:914} INFO - Processing file /Library/Frameworks/Python.framework/Versions/3.8/lib/python3.8/site-packages/airflow/example_dags/example_bash_operator.py for tasks to queue
[2024-11-28T12:01:30.664-0600] {logging_mixin.py:190} INFO - [2024-11-28T12:01:30.664-0600] {dagbag.py:588} INFO - Filling up the DagBag from /Library/Frameworks/Python.framework/Versions/3.8/lib/python3.8/site-packages/airflow/example_dags/example_bash_operator.py
[2024-11-28T12:01:30.668-0600] {processor.py:925} INFO - DAG(s) 'example_bash_operator' retrieved from /Library/Frameworks/Python.framework/Versions/3.8/lib/python3.8/site-packages/airflow/example_dags/example_bash_operator.py
[2024-11-28T12:01:30.705-0600] {logging_mixin.py:190} INFO - [2024-11-28T12:01:30.705-0600] {dag.py:3239} INFO - Sync 1 DAGs
[2024-11-28T12:01:30.711-0600] {logging_mixin.py:190} INFO - [2024-11-28T12:01:30.711-0600] {dag.py:4180} INFO - Setting next_dagrun for example_bash_operator to 2024-11-27 00:00:00+00:00, run_after=2024-11-28 00:00:00+00:00
[2024-11-28T12:01:30.716-0600] {processor.py:208} INFO - Processing /Library/Frameworks/Python.framework/Versions/3.8/lib/python3.8/site-packages/airflow/example_dags/example_bash_operator.py took 0.055 seconds
[2024-11-28T12:03:42.359-0600] {processor.py:186} INFO - Started process (PID=36371) to work on /Library/Frameworks/Python.framework/Versions/3.8/lib/python3.8/site-packages/airflow/example_dags/example_bash_operator.py
[2024-11-28T12:03:42.360-0600] {processor.py:914} INFO - Processing file /Library/Frameworks/Python.framework/Versions/3.8/lib/python3.8/site-packages/airflow/example_dags/example_bash_operator.py for tasks to queue
[2024-11-28T12:03:42.361-0600] {logging_mixin.py:190} INFO - [2024-11-28T12:03:42.361-0600] {dagbag.py:588} INFO - Filling up the DagBag from /Library/Frameworks/Python.framework/Versions/3.8/lib/python3.8/site-packages/airflow/example_dags/example_bash_operator.py
[2024-11-28T12:03:42.365-0600] {processor.py:925} INFO - DAG(s) 'example_bash_operator' retrieved from /Library/Frameworks/Python.framework/Versions/3.8/lib/python3.8/site-packages/airflow/example_dags/example_bash_operator.py
[2024-11-28T12:03:42.404-0600] {logging_mixin.py:190} INFO - [2024-11-28T12:03:42.404-0600] {dag.py:3239} INFO - Sync 1 DAGs
[2024-11-28T12:03:42.412-0600] {logging_mixin.py:190} INFO - [2024-11-28T12:03:42.412-0600] {dag.py:4180} INFO - Setting next_dagrun for example_bash_operator to 2024-11-27 00:00:00+00:00, run_after=2024-11-28 00:00:00+00:00
[2024-11-28T12:03:42.418-0600] {processor.py:208} INFO - Processing /Library/Frameworks/Python.framework/Versions/3.8/lib/python3.8/site-packages/airflow/example_dags/example_bash_operator.py took 0.060 seconds
[2024-11-28T12:05:55.623-0600] {processor.py:186} INFO - Started process (PID=36624) to work on /Library/Frameworks/Python.framework/Versions/3.8/lib/python3.8/site-packages/airflow/example_dags/example_bash_operator.py
[2024-11-28T12:05:55.625-0600] {processor.py:914} INFO - Processing file /Library/Frameworks/Python.framework/Versions/3.8/lib/python3.8/site-packages/airflow/example_dags/example_bash_operator.py for tasks to queue
[2024-11-28T12:05:55.626-0600] {logging_mixin.py:190} INFO - [2024-11-28T12:05:55.626-0600] {dagbag.py:588} INFO - Filling up the DagBag from /Library/Frameworks/Python.framework/Versions/3.8/lib/python3.8/site-packages/airflow/example_dags/example_bash_operator.py
[2024-11-28T12:05:55.630-0600] {processor.py:925} INFO - DAG(s) 'example_bash_operator' retrieved from /Library/Frameworks/Python.framework/Versions/3.8/lib/python3.8/site-packages/airflow/example_dags/example_bash_operator.py
[2024-11-28T12:05:55.668-0600] {logging_mixin.py:190} INFO - [2024-11-28T12:05:55.668-0600] {dag.py:3239} INFO - Sync 1 DAGs
[2024-11-28T12:05:55.674-0600] {logging_mixin.py:190} INFO - [2024-11-28T12:05:55.674-0600] {dag.py:4180} INFO - Setting next_dagrun for example_bash_operator to 2024-11-27 00:00:00+00:00, run_after=2024-11-28 00:00:00+00:00
[2024-11-28T12:05:55.679-0600] {processor.py:208} INFO - Processing /Library/Frameworks/Python.framework/Versions/3.8/lib/python3.8/site-packages/airflow/example_dags/example_bash_operator.py took 0.058 seconds
[2024-11-28T12:08:04.561-0600] {processor.py:186} INFO - Started process (PID=36863) to work on /Library/Frameworks/Python.framework/Versions/3.8/lib/python3.8/site-packages/airflow/example_dags/example_bash_operator.py
[2024-11-28T12:08:04.562-0600] {processor.py:914} INFO - Processing file /Library/Frameworks/Python.framework/Versions/3.8/lib/python3.8/site-packages/airflow/example_dags/example_bash_operator.py for tasks to queue
[2024-11-28T12:08:04.562-0600] {logging_mixin.py:190} INFO - [2024-11-28T12:08:04.562-0600] {dagbag.py:588} INFO - Filling up the DagBag from /Library/Frameworks/Python.framework/Versions/3.8/lib/python3.8/site-packages/airflow/example_dags/example_bash_operator.py
[2024-11-28T12:08:04.567-0600] {processor.py:925} INFO - DAG(s) 'example_bash_operator' retrieved from /Library/Frameworks/Python.framework/Versions/3.8/lib/python3.8/site-packages/airflow/example_dags/example_bash_operator.py
[2024-11-28T12:08:04.604-0600] {logging_mixin.py:190} INFO - [2024-11-28T12:08:04.604-0600] {dag.py:3239} INFO - Sync 1 DAGs
[2024-11-28T12:08:04.610-0600] {logging_mixin.py:190} INFO - [2024-11-28T12:08:04.610-0600] {dag.py:4180} INFO - Setting next_dagrun for example_bash_operator to 2024-11-27 00:00:00+00:00, run_after=2024-11-28 00:00:00+00:00
[2024-11-28T12:08:04.615-0600] {processor.py:208} INFO - Processing /Library/Frameworks/Python.framework/Versions/3.8/lib/python3.8/site-packages/airflow/example_dags/example_bash_operator.py took 0.056 seconds
[2024-11-28T12:10:23.673-0600] {processor.py:186} INFO - Started process (PID=37120) to work on /Library/Frameworks/Python.framework/Versions/3.8/lib/python3.8/site-packages/airflow/example_dags/example_bash_operator.py
[2024-11-28T12:10:23.675-0600] {processor.py:914} INFO - Processing file /Library/Frameworks/Python.framework/Versions/3.8/lib/python3.8/site-packages/airflow/example_dags/example_bash_operator.py for tasks to queue
[2024-11-28T12:10:23.675-0600] {logging_mixin.py:190} INFO - [2024-11-28T12:10:23.675-0600] {dagbag.py:588} INFO - Filling up the DagBag from /Library/Frameworks/Python.framework/Versions/3.8/lib/python3.8/site-packages/airflow/example_dags/example_bash_operator.py
[2024-11-28T12:10:23.679-0600] {processor.py:925} INFO - DAG(s) 'example_bash_operator' retrieved from /Library/Frameworks/Python.framework/Versions/3.8/lib/python3.8/site-packages/airflow/example_dags/example_bash_operator.py
[2024-11-28T12:10:23.718-0600] {logging_mixin.py:190} INFO - [2024-11-28T12:10:23.718-0600] {dag.py:3239} INFO - Sync 1 DAGs
[2024-11-28T12:10:23.724-0600] {logging_mixin.py:190} INFO - [2024-11-28T12:10:23.724-0600] {dag.py:4180} INFO - Setting next_dagrun for example_bash_operator to 2024-11-27 00:00:00+00:00, run_after=2024-11-28 00:00:00+00:00
[2024-11-28T12:10:23.729-0600] {processor.py:208} INFO - Processing /Library/Frameworks/Python.framework/Versions/3.8/lib/python3.8/site-packages/airflow/example_dags/example_bash_operator.py took 0.057 seconds
