[2024-11-28T11:46:47.118-0600] {processor.py:186} INFO - Started process (PID=34392) to work on /Library/Frameworks/Python.framework/Versions/3.8/lib/python3.8/site-packages/airflow/example_dags/tutorial_objectstorage.py
[2024-11-28T11:46:47.118-0600] {processor.py:914} INFO - Processing file /Library/Frameworks/Python.framework/Versions/3.8/lib/python3.8/site-packages/airflow/example_dags/tutorial_objectstorage.py for tasks to queue
[2024-11-28T11:46:47.118-0600] {logging_mixin.py:190} INFO - [2024-11-28T11:46:47.118-0600] {dagbag.py:588} INFO - Filling up the DagBag from /Library/Frameworks/Python.framework/Versions/3.8/lib/python3.8/site-packages/airflow/example_dags/tutorial_objectstorage.py
[2024-11-28T11:46:47.130-0600] {processor.py:925} INFO - DAG(s) 'tutorial_objectstorage' retrieved from /Library/Frameworks/Python.framework/Versions/3.8/lib/python3.8/site-packages/airflow/example_dags/tutorial_objectstorage.py
[2024-11-28T11:46:47.162-0600] {logging_mixin.py:190} INFO - [2024-11-28T11:46:47.162-0600] {dag.py:3239} INFO - Sync 1 DAGs
[2024-11-28T11:46:47.165-0600] {logging_mixin.py:190} INFO - [2024-11-28T11:46:47.165-0600] {dag.py:4180} INFO - Setting next_dagrun for tutorial_objectstorage to None, run_after=None
[2024-11-28T11:46:47.171-0600] {processor.py:208} INFO - Processing /Library/Frameworks/Python.framework/Versions/3.8/lib/python3.8/site-packages/airflow/example_dags/tutorial_objectstorage.py took 0.054 seconds
[2024-11-28T11:48:23.605-0600] {processor.py:186} INFO - Started process (PID=34579) to work on /Library/Frameworks/Python.framework/Versions/3.8/lib/python3.8/site-packages/airflow/example_dags/tutorial_objectstorage.py
[2024-11-28T11:48:23.606-0600] {processor.py:914} INFO - Processing file /Library/Frameworks/Python.framework/Versions/3.8/lib/python3.8/site-packages/airflow/example_dags/tutorial_objectstorage.py for tasks to queue
[2024-11-28T11:48:23.607-0600] {logging_mixin.py:190} INFO - [2024-11-28T11:48:23.607-0600] {dagbag.py:588} INFO - Filling up the DagBag from /Library/Frameworks/Python.framework/Versions/3.8/lib/python3.8/site-packages/airflow/example_dags/tutorial_objectstorage.py
[2024-11-28T11:48:23.618-0600] {processor.py:925} INFO - DAG(s) 'tutorial_objectstorage' retrieved from /Library/Frameworks/Python.framework/Versions/3.8/lib/python3.8/site-packages/airflow/example_dags/tutorial_objectstorage.py
[2024-11-28T11:48:23.651-0600] {logging_mixin.py:190} INFO - [2024-11-28T11:48:23.651-0600] {dag.py:3239} INFO - Sync 1 DAGs
[2024-11-28T11:48:23.654-0600] {logging_mixin.py:190} INFO - [2024-11-28T11:48:23.654-0600] {dag.py:4180} INFO - Setting next_dagrun for tutorial_objectstorage to None, run_after=None
[2024-11-28T11:48:23.659-0600] {processor.py:208} INFO - Processing /Library/Frameworks/Python.framework/Versions/3.8/lib/python3.8/site-packages/airflow/example_dags/tutorial_objectstorage.py took 0.055 seconds
[2024-11-28T11:49:31.116-0600] {processor.py:186} INFO - Started process (PID=34721) to work on /Library/Frameworks/Python.framework/Versions/3.8/lib/python3.8/site-packages/airflow/example_dags/tutorial_objectstorage.py
[2024-11-28T11:49:31.117-0600] {processor.py:914} INFO - Processing file /Library/Frameworks/Python.framework/Versions/3.8/lib/python3.8/site-packages/airflow/example_dags/tutorial_objectstorage.py for tasks to queue
[2024-11-28T11:49:31.117-0600] {logging_mixin.py:190} INFO - [2024-11-28T11:49:31.117-0600] {dagbag.py:588} INFO - Filling up the DagBag from /Library/Frameworks/Python.framework/Versions/3.8/lib/python3.8/site-packages/airflow/example_dags/tutorial_objectstorage.py
[2024-11-28T11:49:31.129-0600] {processor.py:925} INFO - DAG(s) 'tutorial_objectstorage' retrieved from /Library/Frameworks/Python.framework/Versions/3.8/lib/python3.8/site-packages/airflow/example_dags/tutorial_objectstorage.py
[2024-11-28T11:49:31.162-0600] {logging_mixin.py:190} INFO - [2024-11-28T11:49:31.162-0600] {dag.py:3239} INFO - Sync 1 DAGs
[2024-11-28T11:49:31.165-0600] {logging_mixin.py:190} INFO - [2024-11-28T11:49:31.165-0600] {dag.py:4180} INFO - Setting next_dagrun for tutorial_objectstorage to None, run_after=None
[2024-11-28T11:49:31.170-0600] {processor.py:208} INFO - Processing /Library/Frameworks/Python.framework/Versions/3.8/lib/python3.8/site-packages/airflow/example_dags/tutorial_objectstorage.py took 0.055 seconds
[2024-11-28T11:50:38.735-0600] {processor.py:186} INFO - Started process (PID=34848) to work on /Library/Frameworks/Python.framework/Versions/3.8/lib/python3.8/site-packages/airflow/example_dags/tutorial_objectstorage.py
[2024-11-28T11:50:38.737-0600] {processor.py:914} INFO - Processing file /Library/Frameworks/Python.framework/Versions/3.8/lib/python3.8/site-packages/airflow/example_dags/tutorial_objectstorage.py for tasks to queue
[2024-11-28T11:50:38.737-0600] {logging_mixin.py:190} INFO - [2024-11-28T11:50:38.737-0600] {dagbag.py:588} INFO - Filling up the DagBag from /Library/Frameworks/Python.framework/Versions/3.8/lib/python3.8/site-packages/airflow/example_dags/tutorial_objectstorage.py
[2024-11-28T11:50:38.749-0600] {processor.py:925} INFO - DAG(s) 'tutorial_objectstorage' retrieved from /Library/Frameworks/Python.framework/Versions/3.8/lib/python3.8/site-packages/airflow/example_dags/tutorial_objectstorage.py
[2024-11-28T11:50:38.782-0600] {logging_mixin.py:190} INFO - [2024-11-28T11:50:38.782-0600] {dag.py:3239} INFO - Sync 1 DAGs
[2024-11-28T11:50:38.785-0600] {logging_mixin.py:190} INFO - [2024-11-28T11:50:38.785-0600] {dag.py:4180} INFO - Setting next_dagrun for tutorial_objectstorage to None, run_after=None
[2024-11-28T11:50:38.790-0600] {processor.py:208} INFO - Processing /Library/Frameworks/Python.framework/Versions/3.8/lib/python3.8/site-packages/airflow/example_dags/tutorial_objectstorage.py took 0.057 seconds
[2024-11-28T11:51:45.178-0600] {processor.py:186} INFO - Started process (PID=34972) to work on /Library/Frameworks/Python.framework/Versions/3.8/lib/python3.8/site-packages/airflow/example_dags/tutorial_objectstorage.py
[2024-11-28T11:51:45.179-0600] {processor.py:914} INFO - Processing file /Library/Frameworks/Python.framework/Versions/3.8/lib/python3.8/site-packages/airflow/example_dags/tutorial_objectstorage.py for tasks to queue
[2024-11-28T11:51:45.179-0600] {logging_mixin.py:190} INFO - [2024-11-28T11:51:45.179-0600] {dagbag.py:588} INFO - Filling up the DagBag from /Library/Frameworks/Python.framework/Versions/3.8/lib/python3.8/site-packages/airflow/example_dags/tutorial_objectstorage.py
[2024-11-28T11:51:45.190-0600] {processor.py:925} INFO - DAG(s) 'tutorial_objectstorage' retrieved from /Library/Frameworks/Python.framework/Versions/3.8/lib/python3.8/site-packages/airflow/example_dags/tutorial_objectstorage.py
[2024-11-28T11:51:45.223-0600] {logging_mixin.py:190} INFO - [2024-11-28T11:51:45.222-0600] {dag.py:3239} INFO - Sync 1 DAGs
[2024-11-28T11:51:45.226-0600] {logging_mixin.py:190} INFO - [2024-11-28T11:51:45.226-0600] {dag.py:4180} INFO - Setting next_dagrun for tutorial_objectstorage to None, run_after=None
[2024-11-28T11:51:45.231-0600] {processor.py:208} INFO - Processing /Library/Frameworks/Python.framework/Versions/3.8/lib/python3.8/site-packages/airflow/example_dags/tutorial_objectstorage.py took 0.054 seconds
[2024-11-28T11:52:50.693-0600] {processor.py:186} INFO - Started process (PID=35100) to work on /Library/Frameworks/Python.framework/Versions/3.8/lib/python3.8/site-packages/airflow/example_dags/tutorial_objectstorage.py
[2024-11-28T11:52:50.694-0600] {processor.py:914} INFO - Processing file /Library/Frameworks/Python.framework/Versions/3.8/lib/python3.8/site-packages/airflow/example_dags/tutorial_objectstorage.py for tasks to queue
[2024-11-28T11:52:50.694-0600] {logging_mixin.py:190} INFO - [2024-11-28T11:52:50.694-0600] {dagbag.py:588} INFO - Filling up the DagBag from /Library/Frameworks/Python.framework/Versions/3.8/lib/python3.8/site-packages/airflow/example_dags/tutorial_objectstorage.py
[2024-11-28T11:52:50.706-0600] {processor.py:925} INFO - DAG(s) 'tutorial_objectstorage' retrieved from /Library/Frameworks/Python.framework/Versions/3.8/lib/python3.8/site-packages/airflow/example_dags/tutorial_objectstorage.py
[2024-11-28T11:52:50.738-0600] {logging_mixin.py:190} INFO - [2024-11-28T11:52:50.738-0600] {dag.py:3239} INFO - Sync 1 DAGs
[2024-11-28T11:52:50.742-0600] {logging_mixin.py:190} INFO - [2024-11-28T11:52:50.741-0600] {dag.py:4180} INFO - Setting next_dagrun for tutorial_objectstorage to None, run_after=None
[2024-11-28T11:52:50.747-0600] {processor.py:208} INFO - Processing /Library/Frameworks/Python.framework/Versions/3.8/lib/python3.8/site-packages/airflow/example_dags/tutorial_objectstorage.py took 0.055 seconds
[2024-11-28T11:53:58.834-0600] {processor.py:186} INFO - Started process (PID=35269) to work on /Library/Frameworks/Python.framework/Versions/3.8/lib/python3.8/site-packages/airflow/example_dags/tutorial_objectstorage.py
[2024-11-28T11:53:58.834-0600] {processor.py:914} INFO - Processing file /Library/Frameworks/Python.framework/Versions/3.8/lib/python3.8/site-packages/airflow/example_dags/tutorial_objectstorage.py for tasks to queue
[2024-11-28T11:53:58.834-0600] {logging_mixin.py:190} INFO - [2024-11-28T11:53:58.834-0600] {dagbag.py:588} INFO - Filling up the DagBag from /Library/Frameworks/Python.framework/Versions/3.8/lib/python3.8/site-packages/airflow/example_dags/tutorial_objectstorage.py
[2024-11-28T11:53:58.846-0600] {processor.py:925} INFO - DAG(s) 'tutorial_objectstorage' retrieved from /Library/Frameworks/Python.framework/Versions/3.8/lib/python3.8/site-packages/airflow/example_dags/tutorial_objectstorage.py
[2024-11-28T11:53:58.880-0600] {logging_mixin.py:190} INFO - [2024-11-28T11:53:58.880-0600] {dag.py:3239} INFO - Sync 1 DAGs
[2024-11-28T11:53:58.883-0600] {logging_mixin.py:190} INFO - [2024-11-28T11:53:58.883-0600] {dag.py:4180} INFO - Setting next_dagrun for tutorial_objectstorage to None, run_after=None
[2024-11-28T11:53:58.889-0600] {processor.py:208} INFO - Processing /Library/Frameworks/Python.framework/Versions/3.8/lib/python3.8/site-packages/airflow/example_dags/tutorial_objectstorage.py took 0.056 seconds
[2024-11-28T11:55:03.630-0600] {processor.py:186} INFO - Started process (PID=35392) to work on /Library/Frameworks/Python.framework/Versions/3.8/lib/python3.8/site-packages/airflow/example_dags/tutorial_objectstorage.py
[2024-11-28T11:55:03.630-0600] {processor.py:914} INFO - Processing file /Library/Frameworks/Python.framework/Versions/3.8/lib/python3.8/site-packages/airflow/example_dags/tutorial_objectstorage.py for tasks to queue
[2024-11-28T11:55:03.631-0600] {logging_mixin.py:190} INFO - [2024-11-28T11:55:03.631-0600] {dagbag.py:588} INFO - Filling up the DagBag from /Library/Frameworks/Python.framework/Versions/3.8/lib/python3.8/site-packages/airflow/example_dags/tutorial_objectstorage.py
[2024-11-28T11:55:03.643-0600] {processor.py:925} INFO - DAG(s) 'tutorial_objectstorage' retrieved from /Library/Frameworks/Python.framework/Versions/3.8/lib/python3.8/site-packages/airflow/example_dags/tutorial_objectstorage.py
[2024-11-28T11:55:03.675-0600] {logging_mixin.py:190} INFO - [2024-11-28T11:55:03.675-0600] {dag.py:3239} INFO - Sync 1 DAGs
[2024-11-28T11:55:03.679-0600] {logging_mixin.py:190} INFO - [2024-11-28T11:55:03.679-0600] {dag.py:4180} INFO - Setting next_dagrun for tutorial_objectstorage to None, run_after=None
[2024-11-28T11:55:03.684-0600] {processor.py:208} INFO - Processing /Library/Frameworks/Python.framework/Versions/3.8/lib/python3.8/site-packages/airflow/example_dags/tutorial_objectstorage.py took 0.055 seconds
[2024-11-28T11:56:09.846-0600] {processor.py:186} INFO - Started process (PID=35516) to work on /Library/Frameworks/Python.framework/Versions/3.8/lib/python3.8/site-packages/airflow/example_dags/tutorial_objectstorage.py
[2024-11-28T11:56:09.846-0600] {processor.py:914} INFO - Processing file /Library/Frameworks/Python.framework/Versions/3.8/lib/python3.8/site-packages/airflow/example_dags/tutorial_objectstorage.py for tasks to queue
[2024-11-28T11:56:09.846-0600] {logging_mixin.py:190} INFO - [2024-11-28T11:56:09.846-0600] {dagbag.py:588} INFO - Filling up the DagBag from /Library/Frameworks/Python.framework/Versions/3.8/lib/python3.8/site-packages/airflow/example_dags/tutorial_objectstorage.py
[2024-11-28T11:56:09.858-0600] {processor.py:925} INFO - DAG(s) 'tutorial_objectstorage' retrieved from /Library/Frameworks/Python.framework/Versions/3.8/lib/python3.8/site-packages/airflow/example_dags/tutorial_objectstorage.py
[2024-11-28T11:56:09.892-0600] {logging_mixin.py:190} INFO - [2024-11-28T11:56:09.892-0600] {dag.py:3239} INFO - Sync 1 DAGs
[2024-11-28T11:56:09.895-0600] {logging_mixin.py:190} INFO - [2024-11-28T11:56:09.895-0600] {dag.py:4180} INFO - Setting next_dagrun for tutorial_objectstorage to None, run_after=None
[2024-11-28T11:56:09.901-0600] {processor.py:208} INFO - Processing /Library/Frameworks/Python.framework/Versions/3.8/lib/python3.8/site-packages/airflow/example_dags/tutorial_objectstorage.py took 0.056 seconds
[2024-11-28T11:57:17.962-0600] {processor.py:186} INFO - Started process (PID=35652) to work on /Library/Frameworks/Python.framework/Versions/3.8/lib/python3.8/site-packages/airflow/example_dags/tutorial_objectstorage.py
[2024-11-28T11:57:17.962-0600] {processor.py:914} INFO - Processing file /Library/Frameworks/Python.framework/Versions/3.8/lib/python3.8/site-packages/airflow/example_dags/tutorial_objectstorage.py for tasks to queue
[2024-11-28T11:57:17.963-0600] {logging_mixin.py:190} INFO - [2024-11-28T11:57:17.963-0600] {dagbag.py:588} INFO - Filling up the DagBag from /Library/Frameworks/Python.framework/Versions/3.8/lib/python3.8/site-packages/airflow/example_dags/tutorial_objectstorage.py
[2024-11-28T11:57:17.977-0600] {processor.py:925} INFO - DAG(s) 'tutorial_objectstorage' retrieved from /Library/Frameworks/Python.framework/Versions/3.8/lib/python3.8/site-packages/airflow/example_dags/tutorial_objectstorage.py
[2024-11-28T11:57:18.011-0600] {logging_mixin.py:190} INFO - [2024-11-28T11:57:18.011-0600] {dag.py:3239} INFO - Sync 1 DAGs
[2024-11-28T11:57:18.015-0600] {logging_mixin.py:190} INFO - [2024-11-28T11:57:18.015-0600] {dag.py:4180} INFO - Setting next_dagrun for tutorial_objectstorage to None, run_after=None
[2024-11-28T11:57:18.020-0600] {processor.py:208} INFO - Processing /Library/Frameworks/Python.framework/Versions/3.8/lib/python3.8/site-packages/airflow/example_dags/tutorial_objectstorage.py took 0.060 seconds
[2024-11-28T11:58:25.438-0600] {processor.py:186} INFO - Started process (PID=35776) to work on /Library/Frameworks/Python.framework/Versions/3.8/lib/python3.8/site-packages/airflow/example_dags/tutorial_objectstorage.py
[2024-11-28T11:58:25.438-0600] {processor.py:914} INFO - Processing file /Library/Frameworks/Python.framework/Versions/3.8/lib/python3.8/site-packages/airflow/example_dags/tutorial_objectstorage.py for tasks to queue
[2024-11-28T11:58:25.439-0600] {logging_mixin.py:190} INFO - [2024-11-28T11:58:25.439-0600] {dagbag.py:588} INFO - Filling up the DagBag from /Library/Frameworks/Python.framework/Versions/3.8/lib/python3.8/site-packages/airflow/example_dags/tutorial_objectstorage.py
[2024-11-28T11:58:25.451-0600] {processor.py:925} INFO - DAG(s) 'tutorial_objectstorage' retrieved from /Library/Frameworks/Python.framework/Versions/3.8/lib/python3.8/site-packages/airflow/example_dags/tutorial_objectstorage.py
[2024-11-28T11:58:25.484-0600] {logging_mixin.py:190} INFO - [2024-11-28T11:58:25.484-0600] {dag.py:3239} INFO - Sync 1 DAGs
[2024-11-28T11:58:25.488-0600] {logging_mixin.py:190} INFO - [2024-11-28T11:58:25.488-0600] {dag.py:4180} INFO - Setting next_dagrun for tutorial_objectstorage to None, run_after=None
[2024-11-28T11:58:25.493-0600] {processor.py:208} INFO - Processing /Library/Frameworks/Python.framework/Versions/3.8/lib/python3.8/site-packages/airflow/example_dags/tutorial_objectstorage.py took 0.056 seconds
[2024-11-28T11:59:33.819-0600] {processor.py:186} INFO - Started process (PID=35901) to work on /Library/Frameworks/Python.framework/Versions/3.8/lib/python3.8/site-packages/airflow/example_dags/tutorial_objectstorage.py
[2024-11-28T11:59:33.820-0600] {processor.py:914} INFO - Processing file /Library/Frameworks/Python.framework/Versions/3.8/lib/python3.8/site-packages/airflow/example_dags/tutorial_objectstorage.py for tasks to queue
[2024-11-28T11:59:33.821-0600] {logging_mixin.py:190} INFO - [2024-11-28T11:59:33.821-0600] {dagbag.py:588} INFO - Filling up the DagBag from /Library/Frameworks/Python.framework/Versions/3.8/lib/python3.8/site-packages/airflow/example_dags/tutorial_objectstorage.py
[2024-11-28T11:59:33.833-0600] {processor.py:925} INFO - DAG(s) 'tutorial_objectstorage' retrieved from /Library/Frameworks/Python.framework/Versions/3.8/lib/python3.8/site-packages/airflow/example_dags/tutorial_objectstorage.py
[2024-11-28T11:59:33.867-0600] {logging_mixin.py:190} INFO - [2024-11-28T11:59:33.867-0600] {dag.py:3239} INFO - Sync 1 DAGs
[2024-11-28T11:59:33.870-0600] {logging_mixin.py:190} INFO - [2024-11-28T11:59:33.870-0600] {dag.py:4180} INFO - Setting next_dagrun for tutorial_objectstorage to None, run_after=None
[2024-11-28T11:59:33.875-0600] {processor.py:208} INFO - Processing /Library/Frameworks/Python.framework/Versions/3.8/lib/python3.8/site-packages/airflow/example_dags/tutorial_objectstorage.py took 0.057 seconds
[2024-11-28T12:00:40.297-0600] {processor.py:186} INFO - Started process (PID=36031) to work on /Library/Frameworks/Python.framework/Versions/3.8/lib/python3.8/site-packages/airflow/example_dags/tutorial_objectstorage.py
[2024-11-28T12:00:40.298-0600] {processor.py:914} INFO - Processing file /Library/Frameworks/Python.framework/Versions/3.8/lib/python3.8/site-packages/airflow/example_dags/tutorial_objectstorage.py for tasks to queue
[2024-11-28T12:00:40.298-0600] {logging_mixin.py:190} INFO - [2024-11-28T12:00:40.298-0600] {dagbag.py:588} INFO - Filling up the DagBag from /Library/Frameworks/Python.framework/Versions/3.8/lib/python3.8/site-packages/airflow/example_dags/tutorial_objectstorage.py
[2024-11-28T12:00:40.310-0600] {processor.py:925} INFO - DAG(s) 'tutorial_objectstorage' retrieved from /Library/Frameworks/Python.framework/Versions/3.8/lib/python3.8/site-packages/airflow/example_dags/tutorial_objectstorage.py
[2024-11-28T12:00:40.344-0600] {logging_mixin.py:190} INFO - [2024-11-28T12:00:40.344-0600] {dag.py:3239} INFO - Sync 1 DAGs
[2024-11-28T12:00:40.347-0600] {logging_mixin.py:190} INFO - [2024-11-28T12:00:40.347-0600] {dag.py:4180} INFO - Setting next_dagrun for tutorial_objectstorage to None, run_after=None
[2024-11-28T12:00:40.352-0600] {processor.py:208} INFO - Processing /Library/Frameworks/Python.framework/Versions/3.8/lib/python3.8/site-packages/airflow/example_dags/tutorial_objectstorage.py took 0.056 seconds
[2024-11-28T12:01:48.634-0600] {processor.py:186} INFO - Started process (PID=36157) to work on /Library/Frameworks/Python.framework/Versions/3.8/lib/python3.8/site-packages/airflow/example_dags/tutorial_objectstorage.py
[2024-11-28T12:01:48.634-0600] {processor.py:914} INFO - Processing file /Library/Frameworks/Python.framework/Versions/3.8/lib/python3.8/site-packages/airflow/example_dags/tutorial_objectstorage.py for tasks to queue
[2024-11-28T12:01:48.635-0600] {logging_mixin.py:190} INFO - [2024-11-28T12:01:48.635-0600] {dagbag.py:588} INFO - Filling up the DagBag from /Library/Frameworks/Python.framework/Versions/3.8/lib/python3.8/site-packages/airflow/example_dags/tutorial_objectstorage.py
[2024-11-28T12:01:48.647-0600] {processor.py:925} INFO - DAG(s) 'tutorial_objectstorage' retrieved from /Library/Frameworks/Python.framework/Versions/3.8/lib/python3.8/site-packages/airflow/example_dags/tutorial_objectstorage.py
[2024-11-28T12:01:48.681-0600] {logging_mixin.py:190} INFO - [2024-11-28T12:01:48.681-0600] {dag.py:3239} INFO - Sync 1 DAGs
[2024-11-28T12:01:48.684-0600] {logging_mixin.py:190} INFO - [2024-11-28T12:01:48.684-0600] {dag.py:4180} INFO - Setting next_dagrun for tutorial_objectstorage to None, run_after=None
[2024-11-28T12:01:48.690-0600] {processor.py:208} INFO - Processing /Library/Frameworks/Python.framework/Versions/3.8/lib/python3.8/site-packages/airflow/example_dags/tutorial_objectstorage.py took 0.057 seconds
[2024-11-28T12:02:54.164-0600] {processor.py:186} INFO - Started process (PID=36279) to work on /Library/Frameworks/Python.framework/Versions/3.8/lib/python3.8/site-packages/airflow/example_dags/tutorial_objectstorage.py
[2024-11-28T12:02:54.165-0600] {processor.py:914} INFO - Processing file /Library/Frameworks/Python.framework/Versions/3.8/lib/python3.8/site-packages/airflow/example_dags/tutorial_objectstorage.py for tasks to queue
[2024-11-28T12:02:54.165-0600] {logging_mixin.py:190} INFO - [2024-11-28T12:02:54.165-0600] {dagbag.py:588} INFO - Filling up the DagBag from /Library/Frameworks/Python.framework/Versions/3.8/lib/python3.8/site-packages/airflow/example_dags/tutorial_objectstorage.py
[2024-11-28T12:02:54.176-0600] {processor.py:925} INFO - DAG(s) 'tutorial_objectstorage' retrieved from /Library/Frameworks/Python.framework/Versions/3.8/lib/python3.8/site-packages/airflow/example_dags/tutorial_objectstorage.py
[2024-11-28T12:02:54.210-0600] {logging_mixin.py:190} INFO - [2024-11-28T12:02:54.209-0600] {dag.py:3239} INFO - Sync 1 DAGs
[2024-11-28T12:02:54.213-0600] {logging_mixin.py:190} INFO - [2024-11-28T12:02:54.213-0600] {dag.py:4180} INFO - Setting next_dagrun for tutorial_objectstorage to None, run_after=None
[2024-11-28T12:02:54.218-0600] {processor.py:208} INFO - Processing /Library/Frameworks/Python.framework/Versions/3.8/lib/python3.8/site-packages/airflow/example_dags/tutorial_objectstorage.py took 0.055 seconds
[2024-11-28T12:04:02.414-0600] {processor.py:186} INFO - Started process (PID=36404) to work on /Library/Frameworks/Python.framework/Versions/3.8/lib/python3.8/site-packages/airflow/example_dags/tutorial_objectstorage.py
[2024-11-28T12:04:02.415-0600] {processor.py:914} INFO - Processing file /Library/Frameworks/Python.framework/Versions/3.8/lib/python3.8/site-packages/airflow/example_dags/tutorial_objectstorage.py for tasks to queue
[2024-11-28T12:04:02.416-0600] {logging_mixin.py:190} INFO - [2024-11-28T12:04:02.416-0600] {dagbag.py:588} INFO - Filling up the DagBag from /Library/Frameworks/Python.framework/Versions/3.8/lib/python3.8/site-packages/airflow/example_dags/tutorial_objectstorage.py
[2024-11-28T12:04:02.429-0600] {processor.py:925} INFO - DAG(s) 'tutorial_objectstorage' retrieved from /Library/Frameworks/Python.framework/Versions/3.8/lib/python3.8/site-packages/airflow/example_dags/tutorial_objectstorage.py
[2024-11-28T12:04:02.466-0600] {logging_mixin.py:190} INFO - [2024-11-28T12:04:02.466-0600] {dag.py:3239} INFO - Sync 1 DAGs
[2024-11-28T12:04:02.469-0600] {logging_mixin.py:190} INFO - [2024-11-28T12:04:02.469-0600] {dag.py:4180} INFO - Setting next_dagrun for tutorial_objectstorage to None, run_after=None
[2024-11-28T12:04:02.475-0600] {processor.py:208} INFO - Processing /Library/Frameworks/Python.framework/Versions/3.8/lib/python3.8/site-packages/airflow/example_dags/tutorial_objectstorage.py took 0.062 seconds
[2024-11-28T12:05:08.872-0600] {processor.py:186} INFO - Started process (PID=36534) to work on /Library/Frameworks/Python.framework/Versions/3.8/lib/python3.8/site-packages/airflow/example_dags/tutorial_objectstorage.py
[2024-11-28T12:05:08.873-0600] {processor.py:914} INFO - Processing file /Library/Frameworks/Python.framework/Versions/3.8/lib/python3.8/site-packages/airflow/example_dags/tutorial_objectstorage.py for tasks to queue
[2024-11-28T12:05:08.873-0600] {logging_mixin.py:190} INFO - [2024-11-28T12:05:08.873-0600] {dagbag.py:588} INFO - Filling up the DagBag from /Library/Frameworks/Python.framework/Versions/3.8/lib/python3.8/site-packages/airflow/example_dags/tutorial_objectstorage.py
[2024-11-28T12:05:08.886-0600] {processor.py:925} INFO - DAG(s) 'tutorial_objectstorage' retrieved from /Library/Frameworks/Python.framework/Versions/3.8/lib/python3.8/site-packages/airflow/example_dags/tutorial_objectstorage.py
[2024-11-28T12:05:08.920-0600] {logging_mixin.py:190} INFO - [2024-11-28T12:05:08.920-0600] {dag.py:3239} INFO - Sync 1 DAGs
[2024-11-28T12:05:08.924-0600] {logging_mixin.py:190} INFO - [2024-11-28T12:05:08.924-0600] {dag.py:4180} INFO - Setting next_dagrun for tutorial_objectstorage to None, run_after=None
[2024-11-28T12:05:08.929-0600] {processor.py:208} INFO - Processing /Library/Frameworks/Python.framework/Versions/3.8/lib/python3.8/site-packages/airflow/example_dags/tutorial_objectstorage.py took 0.058 seconds
[2024-11-28T12:06:13.019-0600] {processor.py:186} INFO - Started process (PID=36658) to work on /Library/Frameworks/Python.framework/Versions/3.8/lib/python3.8/site-packages/airflow/example_dags/tutorial_objectstorage.py
[2024-11-28T12:06:13.019-0600] {processor.py:914} INFO - Processing file /Library/Frameworks/Python.framework/Versions/3.8/lib/python3.8/site-packages/airflow/example_dags/tutorial_objectstorage.py for tasks to queue
[2024-11-28T12:06:13.019-0600] {logging_mixin.py:190} INFO - [2024-11-28T12:06:13.019-0600] {dagbag.py:588} INFO - Filling up the DagBag from /Library/Frameworks/Python.framework/Versions/3.8/lib/python3.8/site-packages/airflow/example_dags/tutorial_objectstorage.py
[2024-11-28T12:06:13.030-0600] {processor.py:925} INFO - DAG(s) 'tutorial_objectstorage' retrieved from /Library/Frameworks/Python.framework/Versions/3.8/lib/python3.8/site-packages/airflow/example_dags/tutorial_objectstorage.py
[2024-11-28T12:06:13.063-0600] {logging_mixin.py:190} INFO - [2024-11-28T12:06:13.063-0600] {dag.py:3239} INFO - Sync 1 DAGs
[2024-11-28T12:06:13.067-0600] {logging_mixin.py:190} INFO - [2024-11-28T12:06:13.067-0600] {dag.py:4180} INFO - Setting next_dagrun for tutorial_objectstorage to None, run_after=None
[2024-11-28T12:06:13.072-0600] {processor.py:208} INFO - Processing /Library/Frameworks/Python.framework/Versions/3.8/lib/python3.8/site-packages/airflow/example_dags/tutorial_objectstorage.py took 0.055 seconds
[2024-11-28T12:07:17.352-0600] {processor.py:186} INFO - Started process (PID=36779) to work on /Library/Frameworks/Python.framework/Versions/3.8/lib/python3.8/site-packages/airflow/example_dags/tutorial_objectstorage.py
[2024-11-28T12:07:17.353-0600] {processor.py:914} INFO - Processing file /Library/Frameworks/Python.framework/Versions/3.8/lib/python3.8/site-packages/airflow/example_dags/tutorial_objectstorage.py for tasks to queue
[2024-11-28T12:07:17.353-0600] {logging_mixin.py:190} INFO - [2024-11-28T12:07:17.353-0600] {dagbag.py:588} INFO - Filling up the DagBag from /Library/Frameworks/Python.framework/Versions/3.8/lib/python3.8/site-packages/airflow/example_dags/tutorial_objectstorage.py
[2024-11-28T12:07:17.365-0600] {processor.py:925} INFO - DAG(s) 'tutorial_objectstorage' retrieved from /Library/Frameworks/Python.framework/Versions/3.8/lib/python3.8/site-packages/airflow/example_dags/tutorial_objectstorage.py
[2024-11-28T12:07:17.399-0600] {logging_mixin.py:190} INFO - [2024-11-28T12:07:17.399-0600] {dag.py:3239} INFO - Sync 1 DAGs
[2024-11-28T12:07:17.402-0600] {logging_mixin.py:190} INFO - [2024-11-28T12:07:17.402-0600] {dag.py:4180} INFO - Setting next_dagrun for tutorial_objectstorage to None, run_after=None
[2024-11-28T12:07:17.407-0600] {processor.py:208} INFO - Processing /Library/Frameworks/Python.framework/Versions/3.8/lib/python3.8/site-packages/airflow/example_dags/tutorial_objectstorage.py took 0.057 seconds
[2024-11-28T12:08:22.875-0600] {processor.py:186} INFO - Started process (PID=36897) to work on /Library/Frameworks/Python.framework/Versions/3.8/lib/python3.8/site-packages/airflow/example_dags/tutorial_objectstorage.py
[2024-11-28T12:08:22.876-0600] {processor.py:914} INFO - Processing file /Library/Frameworks/Python.framework/Versions/3.8/lib/python3.8/site-packages/airflow/example_dags/tutorial_objectstorage.py for tasks to queue
[2024-11-28T12:08:22.877-0600] {logging_mixin.py:190} INFO - [2024-11-28T12:08:22.877-0600] {dagbag.py:588} INFO - Filling up the DagBag from /Library/Frameworks/Python.framework/Versions/3.8/lib/python3.8/site-packages/airflow/example_dags/tutorial_objectstorage.py
[2024-11-28T12:08:22.888-0600] {processor.py:925} INFO - DAG(s) 'tutorial_objectstorage' retrieved from /Library/Frameworks/Python.framework/Versions/3.8/lib/python3.8/site-packages/airflow/example_dags/tutorial_objectstorage.py
[2024-11-28T12:08:22.921-0600] {logging_mixin.py:190} INFO - [2024-11-28T12:08:22.921-0600] {dag.py:3239} INFO - Sync 1 DAGs
[2024-11-28T12:08:22.925-0600] {logging_mixin.py:190} INFO - [2024-11-28T12:08:22.925-0600] {dag.py:4180} INFO - Setting next_dagrun for tutorial_objectstorage to None, run_after=None
[2024-11-28T12:08:22.930-0600] {processor.py:208} INFO - Processing /Library/Frameworks/Python.framework/Versions/3.8/lib/python3.8/site-packages/airflow/example_dags/tutorial_objectstorage.py took 0.056 seconds
[2024-11-28T12:09:33.434-0600] {processor.py:186} INFO - Started process (PID=37025) to work on /Library/Frameworks/Python.framework/Versions/3.8/lib/python3.8/site-packages/airflow/example_dags/tutorial_objectstorage.py
[2024-11-28T12:09:33.436-0600] {processor.py:914} INFO - Processing file /Library/Frameworks/Python.framework/Versions/3.8/lib/python3.8/site-packages/airflow/example_dags/tutorial_objectstorage.py for tasks to queue
[2024-11-28T12:09:33.436-0600] {logging_mixin.py:190} INFO - [2024-11-28T12:09:33.436-0600] {dagbag.py:588} INFO - Filling up the DagBag from /Library/Frameworks/Python.framework/Versions/3.8/lib/python3.8/site-packages/airflow/example_dags/tutorial_objectstorage.py
[2024-11-28T12:09:33.449-0600] {processor.py:925} INFO - DAG(s) 'tutorial_objectstorage' retrieved from /Library/Frameworks/Python.framework/Versions/3.8/lib/python3.8/site-packages/airflow/example_dags/tutorial_objectstorage.py
[2024-11-28T12:09:33.487-0600] {logging_mixin.py:190} INFO - [2024-11-28T12:09:33.487-0600] {dag.py:3239} INFO - Sync 1 DAGs
[2024-11-28T12:09:33.491-0600] {logging_mixin.py:190} INFO - [2024-11-28T12:09:33.491-0600] {dag.py:4180} INFO - Setting next_dagrun for tutorial_objectstorage to None, run_after=None
[2024-11-28T12:09:33.497-0600] {processor.py:208} INFO - Processing /Library/Frameworks/Python.framework/Versions/3.8/lib/python3.8/site-packages/airflow/example_dags/tutorial_objectstorage.py took 0.064 seconds
[2024-11-28T12:10:41.780-0600] {processor.py:186} INFO - Started process (PID=37167) to work on /Library/Frameworks/Python.framework/Versions/3.8/lib/python3.8/site-packages/airflow/example_dags/tutorial_objectstorage.py
[2024-11-28T12:10:41.781-0600] {processor.py:914} INFO - Processing file /Library/Frameworks/Python.framework/Versions/3.8/lib/python3.8/site-packages/airflow/example_dags/tutorial_objectstorage.py for tasks to queue
[2024-11-28T12:10:41.781-0600] {logging_mixin.py:190} INFO - [2024-11-28T12:10:41.781-0600] {dagbag.py:588} INFO - Filling up the DagBag from /Library/Frameworks/Python.framework/Versions/3.8/lib/python3.8/site-packages/airflow/example_dags/tutorial_objectstorage.py
[2024-11-28T12:10:41.793-0600] {processor.py:925} INFO - DAG(s) 'tutorial_objectstorage' retrieved from /Library/Frameworks/Python.framework/Versions/3.8/lib/python3.8/site-packages/airflow/example_dags/tutorial_objectstorage.py
[2024-11-28T12:10:41.827-0600] {logging_mixin.py:190} INFO - [2024-11-28T12:10:41.827-0600] {dag.py:3239} INFO - Sync 1 DAGs
[2024-11-28T12:10:41.830-0600] {logging_mixin.py:190} INFO - [2024-11-28T12:10:41.830-0600] {dag.py:4180} INFO - Setting next_dagrun for tutorial_objectstorage to None, run_after=None
[2024-11-28T12:10:41.835-0600] {processor.py:208} INFO - Processing /Library/Frameworks/Python.framework/Versions/3.8/lib/python3.8/site-packages/airflow/example_dags/tutorial_objectstorage.py took 0.057 seconds
