[2024-11-28T11:46:42.014-0600] {processor.py:186} INFO - Started process (PID=34383) to work on /Library/Frameworks/Python.framework/Versions/3.8/lib/python3.8/site-packages/airflow/example_dags/tutorial_taskflow_templates.py
[2024-11-28T11:46:42.014-0600] {processor.py:914} INFO - Processing file /Library/Frameworks/Python.framework/Versions/3.8/lib/python3.8/site-packages/airflow/example_dags/tutorial_taskflow_templates.py for tasks to queue
[2024-11-28T11:46:42.014-0600] {logging_mixin.py:190} INFO - [2024-11-28T11:46:42.014-0600] {dagbag.py:588} INFO - Filling up the DagBag from /Library/Frameworks/Python.framework/Versions/3.8/lib/python3.8/site-packages/airflow/example_dags/tutorial_taskflow_templates.py
[2024-11-28T11:46:42.030-0600] {processor.py:925} INFO - DAG(s) 'tutorial_taskflow_templates' retrieved from /Library/Frameworks/Python.framework/Versions/3.8/lib/python3.8/site-packages/airflow/example_dags/tutorial_taskflow_templates.py
[2024-11-28T11:46:42.064-0600] {logging_mixin.py:190} INFO - [2024-11-28T11:46:42.064-0600] {dag.py:3239} INFO - Sync 1 DAGs
[2024-11-28T11:46:42.070-0600] {logging_mixin.py:190} INFO - [2024-11-28T11:46:42.070-0600] {dag.py:4180} INFO - Setting next_dagrun for tutorial_taskflow_templates to 2024-11-27 00:00:00+00:00, run_after=2024-11-28 00:00:00+00:00
[2024-11-28T11:46:42.075-0600] {processor.py:208} INFO - Processing /Library/Frameworks/Python.framework/Versions/3.8/lib/python3.8/site-packages/airflow/example_dags/tutorial_taskflow_templates.py took 0.062 seconds
[2024-11-28T11:48:18.714-0600] {processor.py:186} INFO - Started process (PID=34569) to work on /Library/Frameworks/Python.framework/Versions/3.8/lib/python3.8/site-packages/airflow/example_dags/tutorial_taskflow_templates.py
[2024-11-28T11:48:18.715-0600] {processor.py:914} INFO - Processing file /Library/Frameworks/Python.framework/Versions/3.8/lib/python3.8/site-packages/airflow/example_dags/tutorial_taskflow_templates.py for tasks to queue
[2024-11-28T11:48:18.716-0600] {logging_mixin.py:190} INFO - [2024-11-28T11:48:18.716-0600] {dagbag.py:588} INFO - Filling up the DagBag from /Library/Frameworks/Python.framework/Versions/3.8/lib/python3.8/site-packages/airflow/example_dags/tutorial_taskflow_templates.py
[2024-11-28T11:48:18.730-0600] {processor.py:925} INFO - DAG(s) 'tutorial_taskflow_templates' retrieved from /Library/Frameworks/Python.framework/Versions/3.8/lib/python3.8/site-packages/airflow/example_dags/tutorial_taskflow_templates.py
[2024-11-28T11:48:18.764-0600] {logging_mixin.py:190} INFO - [2024-11-28T11:48:18.764-0600] {dag.py:3239} INFO - Sync 1 DAGs
[2024-11-28T11:48:18.770-0600] {logging_mixin.py:190} INFO - [2024-11-28T11:48:18.770-0600] {dag.py:4180} INFO - Setting next_dagrun for tutorial_taskflow_templates to 2024-11-27 00:00:00+00:00, run_after=2024-11-28 00:00:00+00:00
[2024-11-28T11:48:18.776-0600] {processor.py:208} INFO - Processing /Library/Frameworks/Python.framework/Versions/3.8/lib/python3.8/site-packages/airflow/example_dags/tutorial_taskflow_templates.py took 0.063 seconds
[2024-11-28T11:49:26.543-0600] {processor.py:186} INFO - Started process (PID=34712) to work on /Library/Frameworks/Python.framework/Versions/3.8/lib/python3.8/site-packages/airflow/example_dags/tutorial_taskflow_templates.py
[2024-11-28T11:49:26.543-0600] {processor.py:914} INFO - Processing file /Library/Frameworks/Python.framework/Versions/3.8/lib/python3.8/site-packages/airflow/example_dags/tutorial_taskflow_templates.py for tasks to queue
[2024-11-28T11:49:26.544-0600] {logging_mixin.py:190} INFO - [2024-11-28T11:49:26.544-0600] {dagbag.py:588} INFO - Filling up the DagBag from /Library/Frameworks/Python.framework/Versions/3.8/lib/python3.8/site-packages/airflow/example_dags/tutorial_taskflow_templates.py
[2024-11-28T11:49:26.566-0600] {processor.py:925} INFO - DAG(s) 'tutorial_taskflow_templates' retrieved from /Library/Frameworks/Python.framework/Versions/3.8/lib/python3.8/site-packages/airflow/example_dags/tutorial_taskflow_templates.py
[2024-11-28T11:49:26.603-0600] {logging_mixin.py:190} INFO - [2024-11-28T11:49:26.603-0600] {dag.py:3239} INFO - Sync 1 DAGs
[2024-11-28T11:49:26.609-0600] {logging_mixin.py:190} INFO - [2024-11-28T11:49:26.608-0600] {dag.py:4180} INFO - Setting next_dagrun for tutorial_taskflow_templates to 2024-11-27 00:00:00+00:00, run_after=2024-11-28 00:00:00+00:00
[2024-11-28T11:49:26.614-0600] {processor.py:208} INFO - Processing /Library/Frameworks/Python.framework/Versions/3.8/lib/python3.8/site-packages/airflow/example_dags/tutorial_taskflow_templates.py took 0.072 seconds
[2024-11-28T11:50:33.682-0600] {processor.py:186} INFO - Started process (PID=34838) to work on /Library/Frameworks/Python.framework/Versions/3.8/lib/python3.8/site-packages/airflow/example_dags/tutorial_taskflow_templates.py
[2024-11-28T11:50:33.683-0600] {processor.py:914} INFO - Processing file /Library/Frameworks/Python.framework/Versions/3.8/lib/python3.8/site-packages/airflow/example_dags/tutorial_taskflow_templates.py for tasks to queue
[2024-11-28T11:50:33.683-0600] {logging_mixin.py:190} INFO - [2024-11-28T11:50:33.683-0600] {dagbag.py:588} INFO - Filling up the DagBag from /Library/Frameworks/Python.framework/Versions/3.8/lib/python3.8/site-packages/airflow/example_dags/tutorial_taskflow_templates.py
[2024-11-28T11:50:33.698-0600] {processor.py:925} INFO - DAG(s) 'tutorial_taskflow_templates' retrieved from /Library/Frameworks/Python.framework/Versions/3.8/lib/python3.8/site-packages/airflow/example_dags/tutorial_taskflow_templates.py
[2024-11-28T11:50:33.734-0600] {logging_mixin.py:190} INFO - [2024-11-28T11:50:33.734-0600] {dag.py:3239} INFO - Sync 1 DAGs
[2024-11-28T11:50:33.739-0600] {logging_mixin.py:190} INFO - [2024-11-28T11:50:33.739-0600] {dag.py:4180} INFO - Setting next_dagrun for tutorial_taskflow_templates to 2024-11-27 00:00:00+00:00, run_after=2024-11-28 00:00:00+00:00
[2024-11-28T11:50:33.745-0600] {processor.py:208} INFO - Processing /Library/Frameworks/Python.framework/Versions/3.8/lib/python3.8/site-packages/airflow/example_dags/tutorial_taskflow_templates.py took 0.064 seconds
[2024-11-28T11:51:40.652-0600] {processor.py:186} INFO - Started process (PID=34963) to work on /Library/Frameworks/Python.framework/Versions/3.8/lib/python3.8/site-packages/airflow/example_dags/tutorial_taskflow_templates.py
[2024-11-28T11:51:40.653-0600] {processor.py:914} INFO - Processing file /Library/Frameworks/Python.framework/Versions/3.8/lib/python3.8/site-packages/airflow/example_dags/tutorial_taskflow_templates.py for tasks to queue
[2024-11-28T11:51:40.653-0600] {logging_mixin.py:190} INFO - [2024-11-28T11:51:40.653-0600] {dagbag.py:588} INFO - Filling up the DagBag from /Library/Frameworks/Python.framework/Versions/3.8/lib/python3.8/site-packages/airflow/example_dags/tutorial_taskflow_templates.py
[2024-11-28T11:51:40.665-0600] {processor.py:925} INFO - DAG(s) 'tutorial_taskflow_templates' retrieved from /Library/Frameworks/Python.framework/Versions/3.8/lib/python3.8/site-packages/airflow/example_dags/tutorial_taskflow_templates.py
[2024-11-28T11:51:40.698-0600] {logging_mixin.py:190} INFO - [2024-11-28T11:51:40.698-0600] {dag.py:3239} INFO - Sync 1 DAGs
[2024-11-28T11:51:40.704-0600] {logging_mixin.py:190} INFO - [2024-11-28T11:51:40.704-0600] {dag.py:4180} INFO - Setting next_dagrun for tutorial_taskflow_templates to 2024-11-27 00:00:00+00:00, run_after=2024-11-28 00:00:00+00:00
[2024-11-28T11:51:40.709-0600] {processor.py:208} INFO - Processing /Library/Frameworks/Python.framework/Versions/3.8/lib/python3.8/site-packages/airflow/example_dags/tutorial_taskflow_templates.py took 0.058 seconds
[2024-11-28T11:52:45.471-0600] {processor.py:186} INFO - Started process (PID=35091) to work on /Library/Frameworks/Python.framework/Versions/3.8/lib/python3.8/site-packages/airflow/example_dags/tutorial_taskflow_templates.py
[2024-11-28T11:52:45.471-0600] {processor.py:914} INFO - Processing file /Library/Frameworks/Python.framework/Versions/3.8/lib/python3.8/site-packages/airflow/example_dags/tutorial_taskflow_templates.py for tasks to queue
[2024-11-28T11:52:45.471-0600] {logging_mixin.py:190} INFO - [2024-11-28T11:52:45.471-0600] {dagbag.py:588} INFO - Filling up the DagBag from /Library/Frameworks/Python.framework/Versions/3.8/lib/python3.8/site-packages/airflow/example_dags/tutorial_taskflow_templates.py
[2024-11-28T11:52:45.487-0600] {processor.py:925} INFO - DAG(s) 'tutorial_taskflow_templates' retrieved from /Library/Frameworks/Python.framework/Versions/3.8/lib/python3.8/site-packages/airflow/example_dags/tutorial_taskflow_templates.py
[2024-11-28T11:52:45.523-0600] {logging_mixin.py:190} INFO - [2024-11-28T11:52:45.523-0600] {dag.py:3239} INFO - Sync 1 DAGs
[2024-11-28T11:52:45.529-0600] {logging_mixin.py:190} INFO - [2024-11-28T11:52:45.529-0600] {dag.py:4180} INFO - Setting next_dagrun for tutorial_taskflow_templates to 2024-11-27 00:00:00+00:00, run_after=2024-11-28 00:00:00+00:00
[2024-11-28T11:52:45.534-0600] {processor.py:208} INFO - Processing /Library/Frameworks/Python.framework/Versions/3.8/lib/python3.8/site-packages/airflow/example_dags/tutorial_taskflow_templates.py took 0.065 seconds
[2024-11-28T11:53:53.466-0600] {processor.py:186} INFO - Started process (PID=35260) to work on /Library/Frameworks/Python.framework/Versions/3.8/lib/python3.8/site-packages/airflow/example_dags/tutorial_taskflow_templates.py
[2024-11-28T11:53:53.467-0600] {processor.py:914} INFO - Processing file /Library/Frameworks/Python.framework/Versions/3.8/lib/python3.8/site-packages/airflow/example_dags/tutorial_taskflow_templates.py for tasks to queue
[2024-11-28T11:53:53.467-0600] {logging_mixin.py:190} INFO - [2024-11-28T11:53:53.467-0600] {dagbag.py:588} INFO - Filling up the DagBag from /Library/Frameworks/Python.framework/Versions/3.8/lib/python3.8/site-packages/airflow/example_dags/tutorial_taskflow_templates.py
[2024-11-28T11:53:53.483-0600] {processor.py:925} INFO - DAG(s) 'tutorial_taskflow_templates' retrieved from /Library/Frameworks/Python.framework/Versions/3.8/lib/python3.8/site-packages/airflow/example_dags/tutorial_taskflow_templates.py
[2024-11-28T11:53:53.519-0600] {logging_mixin.py:190} INFO - [2024-11-28T11:53:53.519-0600] {dag.py:3239} INFO - Sync 1 DAGs
[2024-11-28T11:53:53.524-0600] {logging_mixin.py:190} INFO - [2024-11-28T11:53:53.524-0600] {dag.py:4180} INFO - Setting next_dagrun for tutorial_taskflow_templates to 2024-11-27 00:00:00+00:00, run_after=2024-11-28 00:00:00+00:00
[2024-11-28T11:53:53.530-0600] {processor.py:208} INFO - Processing /Library/Frameworks/Python.framework/Versions/3.8/lib/python3.8/site-packages/airflow/example_dags/tutorial_taskflow_templates.py took 0.066 seconds
[2024-11-28T11:54:58.236-0600] {processor.py:186} INFO - Started process (PID=35383) to work on /Library/Frameworks/Python.framework/Versions/3.8/lib/python3.8/site-packages/airflow/example_dags/tutorial_taskflow_templates.py
[2024-11-28T11:54:58.236-0600] {processor.py:914} INFO - Processing file /Library/Frameworks/Python.framework/Versions/3.8/lib/python3.8/site-packages/airflow/example_dags/tutorial_taskflow_templates.py for tasks to queue
[2024-11-28T11:54:58.237-0600] {logging_mixin.py:190} INFO - [2024-11-28T11:54:58.237-0600] {dagbag.py:588} INFO - Filling up the DagBag from /Library/Frameworks/Python.framework/Versions/3.8/lib/python3.8/site-packages/airflow/example_dags/tutorial_taskflow_templates.py
[2024-11-28T11:54:58.250-0600] {processor.py:925} INFO - DAG(s) 'tutorial_taskflow_templates' retrieved from /Library/Frameworks/Python.framework/Versions/3.8/lib/python3.8/site-packages/airflow/example_dags/tutorial_taskflow_templates.py
[2024-11-28T11:54:58.284-0600] {logging_mixin.py:190} INFO - [2024-11-28T11:54:58.284-0600] {dag.py:3239} INFO - Sync 1 DAGs
[2024-11-28T11:54:58.290-0600] {logging_mixin.py:190} INFO - [2024-11-28T11:54:58.290-0600] {dag.py:4180} INFO - Setting next_dagrun for tutorial_taskflow_templates to 2024-11-27 00:00:00+00:00, run_after=2024-11-28 00:00:00+00:00
[2024-11-28T11:54:58.295-0600] {processor.py:208} INFO - Processing /Library/Frameworks/Python.framework/Versions/3.8/lib/python3.8/site-packages/airflow/example_dags/tutorial_taskflow_templates.py took 0.061 seconds
[2024-11-28T11:56:04.439-0600] {processor.py:186} INFO - Started process (PID=35506) to work on /Library/Frameworks/Python.framework/Versions/3.8/lib/python3.8/site-packages/airflow/example_dags/tutorial_taskflow_templates.py
[2024-11-28T11:56:04.440-0600] {processor.py:914} INFO - Processing file /Library/Frameworks/Python.framework/Versions/3.8/lib/python3.8/site-packages/airflow/example_dags/tutorial_taskflow_templates.py for tasks to queue
[2024-11-28T11:56:04.440-0600] {logging_mixin.py:190} INFO - [2024-11-28T11:56:04.440-0600] {dagbag.py:588} INFO - Filling up the DagBag from /Library/Frameworks/Python.framework/Versions/3.8/lib/python3.8/site-packages/airflow/example_dags/tutorial_taskflow_templates.py
[2024-11-28T11:56:04.453-0600] {processor.py:925} INFO - DAG(s) 'tutorial_taskflow_templates' retrieved from /Library/Frameworks/Python.framework/Versions/3.8/lib/python3.8/site-packages/airflow/example_dags/tutorial_taskflow_templates.py
[2024-11-28T11:56:04.489-0600] {logging_mixin.py:190} INFO - [2024-11-28T11:56:04.489-0600] {dag.py:3239} INFO - Sync 1 DAGs
[2024-11-28T11:56:04.495-0600] {logging_mixin.py:190} INFO - [2024-11-28T11:56:04.495-0600] {dag.py:4180} INFO - Setting next_dagrun for tutorial_taskflow_templates to 2024-11-27 00:00:00+00:00, run_after=2024-11-28 00:00:00+00:00
[2024-11-28T11:56:04.501-0600] {processor.py:208} INFO - Processing /Library/Frameworks/Python.framework/Versions/3.8/lib/python3.8/site-packages/airflow/example_dags/tutorial_taskflow_templates.py took 0.063 seconds
[2024-11-28T11:57:13.910-0600] {processor.py:186} INFO - Started process (PID=35643) to work on /Library/Frameworks/Python.framework/Versions/3.8/lib/python3.8/site-packages/airflow/example_dags/tutorial_taskflow_templates.py
[2024-11-28T11:57:13.910-0600] {processor.py:914} INFO - Processing file /Library/Frameworks/Python.framework/Versions/3.8/lib/python3.8/site-packages/airflow/example_dags/tutorial_taskflow_templates.py for tasks to queue
[2024-11-28T11:57:13.911-0600] {logging_mixin.py:190} INFO - [2024-11-28T11:57:13.911-0600] {dagbag.py:588} INFO - Filling up the DagBag from /Library/Frameworks/Python.framework/Versions/3.8/lib/python3.8/site-packages/airflow/example_dags/tutorial_taskflow_templates.py
[2024-11-28T11:57:13.925-0600] {processor.py:925} INFO - DAG(s) 'tutorial_taskflow_templates' retrieved from /Library/Frameworks/Python.framework/Versions/3.8/lib/python3.8/site-packages/airflow/example_dags/tutorial_taskflow_templates.py
[2024-11-28T11:57:13.960-0600] {logging_mixin.py:190} INFO - [2024-11-28T11:57:13.960-0600] {dag.py:3239} INFO - Sync 1 DAGs
[2024-11-28T11:57:13.966-0600] {logging_mixin.py:190} INFO - [2024-11-28T11:57:13.966-0600] {dag.py:4180} INFO - Setting next_dagrun for tutorial_taskflow_templates to 2024-11-27 00:00:00+00:00, run_after=2024-11-28 00:00:00+00:00
[2024-11-28T11:57:13.971-0600] {processor.py:208} INFO - Processing /Library/Frameworks/Python.framework/Versions/3.8/lib/python3.8/site-packages/airflow/example_dags/tutorial_taskflow_templates.py took 0.062 seconds
[2024-11-28T11:58:20.061-0600] {processor.py:186} INFO - Started process (PID=35767) to work on /Library/Frameworks/Python.framework/Versions/3.8/lib/python3.8/site-packages/airflow/example_dags/tutorial_taskflow_templates.py
[2024-11-28T11:58:20.062-0600] {processor.py:914} INFO - Processing file /Library/Frameworks/Python.framework/Versions/3.8/lib/python3.8/site-packages/airflow/example_dags/tutorial_taskflow_templates.py for tasks to queue
[2024-11-28T11:58:20.062-0600] {logging_mixin.py:190} INFO - [2024-11-28T11:58:20.062-0600] {dagbag.py:588} INFO - Filling up the DagBag from /Library/Frameworks/Python.framework/Versions/3.8/lib/python3.8/site-packages/airflow/example_dags/tutorial_taskflow_templates.py
[2024-11-28T11:58:20.075-0600] {processor.py:925} INFO - DAG(s) 'tutorial_taskflow_templates' retrieved from /Library/Frameworks/Python.framework/Versions/3.8/lib/python3.8/site-packages/airflow/example_dags/tutorial_taskflow_templates.py
[2024-11-28T11:58:20.108-0600] {logging_mixin.py:190} INFO - [2024-11-28T11:58:20.108-0600] {dag.py:3239} INFO - Sync 1 DAGs
[2024-11-28T11:58:20.114-0600] {logging_mixin.py:190} INFO - [2024-11-28T11:58:20.114-0600] {dag.py:4180} INFO - Setting next_dagrun for tutorial_taskflow_templates to 2024-11-27 00:00:00+00:00, run_after=2024-11-28 00:00:00+00:00
[2024-11-28T11:58:20.120-0600] {processor.py:208} INFO - Processing /Library/Frameworks/Python.framework/Versions/3.8/lib/python3.8/site-packages/airflow/example_dags/tutorial_taskflow_templates.py took 0.060 seconds
[2024-11-28T11:59:28.446-0600] {processor.py:186} INFO - Started process (PID=35892) to work on /Library/Frameworks/Python.framework/Versions/3.8/lib/python3.8/site-packages/airflow/example_dags/tutorial_taskflow_templates.py
[2024-11-28T11:59:28.447-0600] {processor.py:914} INFO - Processing file /Library/Frameworks/Python.framework/Versions/3.8/lib/python3.8/site-packages/airflow/example_dags/tutorial_taskflow_templates.py for tasks to queue
[2024-11-28T11:59:28.447-0600] {logging_mixin.py:190} INFO - [2024-11-28T11:59:28.447-0600] {dagbag.py:588} INFO - Filling up the DagBag from /Library/Frameworks/Python.framework/Versions/3.8/lib/python3.8/site-packages/airflow/example_dags/tutorial_taskflow_templates.py
[2024-11-28T11:59:28.461-0600] {processor.py:925} INFO - DAG(s) 'tutorial_taskflow_templates' retrieved from /Library/Frameworks/Python.framework/Versions/3.8/lib/python3.8/site-packages/airflow/example_dags/tutorial_taskflow_templates.py
[2024-11-28T11:59:28.495-0600] {logging_mixin.py:190} INFO - [2024-11-28T11:59:28.495-0600] {dag.py:3239} INFO - Sync 1 DAGs
[2024-11-28T11:59:28.501-0600] {logging_mixin.py:190} INFO - [2024-11-28T11:59:28.501-0600] {dag.py:4180} INFO - Setting next_dagrun for tutorial_taskflow_templates to 2024-11-27 00:00:00+00:00, run_after=2024-11-28 00:00:00+00:00
[2024-11-28T11:59:28.507-0600] {processor.py:208} INFO - Processing /Library/Frameworks/Python.framework/Versions/3.8/lib/python3.8/site-packages/airflow/example_dags/tutorial_taskflow_templates.py took 0.062 seconds
[2024-11-28T12:00:35.763-0600] {processor.py:186} INFO - Started process (PID=36020) to work on /Library/Frameworks/Python.framework/Versions/3.8/lib/python3.8/site-packages/airflow/example_dags/tutorial_taskflow_templates.py
[2024-11-28T12:00:35.763-0600] {processor.py:914} INFO - Processing file /Library/Frameworks/Python.framework/Versions/3.8/lib/python3.8/site-packages/airflow/example_dags/tutorial_taskflow_templates.py for tasks to queue
[2024-11-28T12:00:35.764-0600] {logging_mixin.py:190} INFO - [2024-11-28T12:00:35.764-0600] {dagbag.py:588} INFO - Filling up the DagBag from /Library/Frameworks/Python.framework/Versions/3.8/lib/python3.8/site-packages/airflow/example_dags/tutorial_taskflow_templates.py
[2024-11-28T12:00:35.781-0600] {processor.py:925} INFO - DAG(s) 'tutorial_taskflow_templates' retrieved from /Library/Frameworks/Python.framework/Versions/3.8/lib/python3.8/site-packages/airflow/example_dags/tutorial_taskflow_templates.py
[2024-11-28T12:00:35.818-0600] {logging_mixin.py:190} INFO - [2024-11-28T12:00:35.818-0600] {dag.py:3239} INFO - Sync 1 DAGs
[2024-11-28T12:00:35.824-0600] {logging_mixin.py:190} INFO - [2024-11-28T12:00:35.824-0600] {dag.py:4180} INFO - Setting next_dagrun for tutorial_taskflow_templates to 2024-11-27 00:00:00+00:00, run_after=2024-11-28 00:00:00+00:00
[2024-11-28T12:00:35.830-0600] {processor.py:208} INFO - Processing /Library/Frameworks/Python.framework/Versions/3.8/lib/python3.8/site-packages/airflow/example_dags/tutorial_taskflow_templates.py took 0.069 seconds
[2024-11-28T12:01:43.260-0600] {processor.py:186} INFO - Started process (PID=36148) to work on /Library/Frameworks/Python.framework/Versions/3.8/lib/python3.8/site-packages/airflow/example_dags/tutorial_taskflow_templates.py
[2024-11-28T12:01:43.261-0600] {processor.py:914} INFO - Processing file /Library/Frameworks/Python.framework/Versions/3.8/lib/python3.8/site-packages/airflow/example_dags/tutorial_taskflow_templates.py for tasks to queue
[2024-11-28T12:01:43.261-0600] {logging_mixin.py:190} INFO - [2024-11-28T12:01:43.261-0600] {dagbag.py:588} INFO - Filling up the DagBag from /Library/Frameworks/Python.framework/Versions/3.8/lib/python3.8/site-packages/airflow/example_dags/tutorial_taskflow_templates.py
[2024-11-28T12:01:43.274-0600] {processor.py:925} INFO - DAG(s) 'tutorial_taskflow_templates' retrieved from /Library/Frameworks/Python.framework/Versions/3.8/lib/python3.8/site-packages/airflow/example_dags/tutorial_taskflow_templates.py
[2024-11-28T12:01:43.308-0600] {logging_mixin.py:190} INFO - [2024-11-28T12:01:43.308-0600] {dag.py:3239} INFO - Sync 1 DAGs
[2024-11-28T12:01:43.314-0600] {logging_mixin.py:190} INFO - [2024-11-28T12:01:43.314-0600] {dag.py:4180} INFO - Setting next_dagrun for tutorial_taskflow_templates to 2024-11-27 00:00:00+00:00, run_after=2024-11-28 00:00:00+00:00
[2024-11-28T12:01:43.319-0600] {processor.py:208} INFO - Processing /Library/Frameworks/Python.framework/Versions/3.8/lib/python3.8/site-packages/airflow/example_dags/tutorial_taskflow_templates.py took 0.061 seconds
[2024-11-28T12:02:49.494-0600] {processor.py:186} INFO - Started process (PID=36270) to work on /Library/Frameworks/Python.framework/Versions/3.8/lib/python3.8/site-packages/airflow/example_dags/tutorial_taskflow_templates.py
[2024-11-28T12:02:49.495-0600] {processor.py:914} INFO - Processing file /Library/Frameworks/Python.framework/Versions/3.8/lib/python3.8/site-packages/airflow/example_dags/tutorial_taskflow_templates.py for tasks to queue
[2024-11-28T12:02:49.495-0600] {logging_mixin.py:190} INFO - [2024-11-28T12:02:49.495-0600] {dagbag.py:588} INFO - Filling up the DagBag from /Library/Frameworks/Python.framework/Versions/3.8/lib/python3.8/site-packages/airflow/example_dags/tutorial_taskflow_templates.py
[2024-11-28T12:02:49.509-0600] {processor.py:925} INFO - DAG(s) 'tutorial_taskflow_templates' retrieved from /Library/Frameworks/Python.framework/Versions/3.8/lib/python3.8/site-packages/airflow/example_dags/tutorial_taskflow_templates.py
[2024-11-28T12:02:49.543-0600] {logging_mixin.py:190} INFO - [2024-11-28T12:02:49.543-0600] {dag.py:3239} INFO - Sync 1 DAGs
[2024-11-28T12:02:49.549-0600] {logging_mixin.py:190} INFO - [2024-11-28T12:02:49.548-0600] {dag.py:4180} INFO - Setting next_dagrun for tutorial_taskflow_templates to 2024-11-27 00:00:00+00:00, run_after=2024-11-28 00:00:00+00:00
[2024-11-28T12:02:49.554-0600] {processor.py:208} INFO - Processing /Library/Frameworks/Python.framework/Versions/3.8/lib/python3.8/site-packages/airflow/example_dags/tutorial_taskflow_templates.py took 0.062 seconds
[2024-11-28T12:03:56.919-0600] {processor.py:186} INFO - Started process (PID=36395) to work on /Library/Frameworks/Python.framework/Versions/3.8/lib/python3.8/site-packages/airflow/example_dags/tutorial_taskflow_templates.py
[2024-11-28T12:03:56.920-0600] {processor.py:914} INFO - Processing file /Library/Frameworks/Python.framework/Versions/3.8/lib/python3.8/site-packages/airflow/example_dags/tutorial_taskflow_templates.py for tasks to queue
[2024-11-28T12:03:56.920-0600] {logging_mixin.py:190} INFO - [2024-11-28T12:03:56.920-0600] {dagbag.py:588} INFO - Filling up the DagBag from /Library/Frameworks/Python.framework/Versions/3.8/lib/python3.8/site-packages/airflow/example_dags/tutorial_taskflow_templates.py
[2024-11-28T12:03:56.935-0600] {processor.py:925} INFO - DAG(s) 'tutorial_taskflow_templates' retrieved from /Library/Frameworks/Python.framework/Versions/3.8/lib/python3.8/site-packages/airflow/example_dags/tutorial_taskflow_templates.py
[2024-11-28T12:03:56.969-0600] {logging_mixin.py:190} INFO - [2024-11-28T12:03:56.969-0600] {dag.py:3239} INFO - Sync 1 DAGs
[2024-11-28T12:03:56.975-0600] {logging_mixin.py:190} INFO - [2024-11-28T12:03:56.975-0600] {dag.py:4180} INFO - Setting next_dagrun for tutorial_taskflow_templates to 2024-11-27 00:00:00+00:00, run_after=2024-11-28 00:00:00+00:00
[2024-11-28T12:03:56.980-0600] {processor.py:208} INFO - Processing /Library/Frameworks/Python.framework/Versions/3.8/lib/python3.8/site-packages/airflow/example_dags/tutorial_taskflow_templates.py took 0.062 seconds
[2024-11-28T12:05:04.774-0600] {processor.py:186} INFO - Started process (PID=36525) to work on /Library/Frameworks/Python.framework/Versions/3.8/lib/python3.8/site-packages/airflow/example_dags/tutorial_taskflow_templates.py
[2024-11-28T12:05:04.775-0600] {processor.py:914} INFO - Processing file /Library/Frameworks/Python.framework/Versions/3.8/lib/python3.8/site-packages/airflow/example_dags/tutorial_taskflow_templates.py for tasks to queue
[2024-11-28T12:05:04.775-0600] {logging_mixin.py:190} INFO - [2024-11-28T12:05:04.775-0600] {dagbag.py:588} INFO - Filling up the DagBag from /Library/Frameworks/Python.framework/Versions/3.8/lib/python3.8/site-packages/airflow/example_dags/tutorial_taskflow_templates.py
[2024-11-28T12:05:04.789-0600] {processor.py:925} INFO - DAG(s) 'tutorial_taskflow_templates' retrieved from /Library/Frameworks/Python.framework/Versions/3.8/lib/python3.8/site-packages/airflow/example_dags/tutorial_taskflow_templates.py
[2024-11-28T12:05:04.824-0600] {logging_mixin.py:190} INFO - [2024-11-28T12:05:04.824-0600] {dag.py:3239} INFO - Sync 1 DAGs
[2024-11-28T12:05:04.830-0600] {logging_mixin.py:190} INFO - [2024-11-28T12:05:04.830-0600] {dag.py:4180} INFO - Setting next_dagrun for tutorial_taskflow_templates to 2024-11-27 00:00:00+00:00, run_after=2024-11-28 00:00:00+00:00
[2024-11-28T12:05:04.836-0600] {processor.py:208} INFO - Processing /Library/Frameworks/Python.framework/Versions/3.8/lib/python3.8/site-packages/airflow/example_dags/tutorial_taskflow_templates.py took 0.064 seconds
[2024-11-28T12:06:07.617-0600] {processor.py:186} INFO - Started process (PID=36648) to work on /Library/Frameworks/Python.framework/Versions/3.8/lib/python3.8/site-packages/airflow/example_dags/tutorial_taskflow_templates.py
[2024-11-28T12:06:07.618-0600] {processor.py:914} INFO - Processing file /Library/Frameworks/Python.framework/Versions/3.8/lib/python3.8/site-packages/airflow/example_dags/tutorial_taskflow_templates.py for tasks to queue
[2024-11-28T12:06:07.618-0600] {logging_mixin.py:190} INFO - [2024-11-28T12:06:07.618-0600] {dagbag.py:588} INFO - Filling up the DagBag from /Library/Frameworks/Python.framework/Versions/3.8/lib/python3.8/site-packages/airflow/example_dags/tutorial_taskflow_templates.py
[2024-11-28T12:06:07.630-0600] {processor.py:925} INFO - DAG(s) 'tutorial_taskflow_templates' retrieved from /Library/Frameworks/Python.framework/Versions/3.8/lib/python3.8/site-packages/airflow/example_dags/tutorial_taskflow_templates.py
[2024-11-28T12:06:07.664-0600] {logging_mixin.py:190} INFO - [2024-11-28T12:06:07.664-0600] {dag.py:3239} INFO - Sync 1 DAGs
[2024-11-28T12:06:07.670-0600] {logging_mixin.py:190} INFO - [2024-11-28T12:06:07.670-0600] {dag.py:4180} INFO - Setting next_dagrun for tutorial_taskflow_templates to 2024-11-27 00:00:00+00:00, run_after=2024-11-28 00:00:00+00:00
[2024-11-28T12:06:07.676-0600] {processor.py:208} INFO - Processing /Library/Frameworks/Python.framework/Versions/3.8/lib/python3.8/site-packages/airflow/example_dags/tutorial_taskflow_templates.py took 0.060 seconds
[2024-11-28T12:07:12.343-0600] {processor.py:186} INFO - Started process (PID=36770) to work on /Library/Frameworks/Python.framework/Versions/3.8/lib/python3.8/site-packages/airflow/example_dags/tutorial_taskflow_templates.py
[2024-11-28T12:07:12.344-0600] {processor.py:914} INFO - Processing file /Library/Frameworks/Python.framework/Versions/3.8/lib/python3.8/site-packages/airflow/example_dags/tutorial_taskflow_templates.py for tasks to queue
[2024-11-28T12:07:12.344-0600] {logging_mixin.py:190} INFO - [2024-11-28T12:07:12.344-0600] {dagbag.py:588} INFO - Filling up the DagBag from /Library/Frameworks/Python.framework/Versions/3.8/lib/python3.8/site-packages/airflow/example_dags/tutorial_taskflow_templates.py
[2024-11-28T12:07:12.358-0600] {processor.py:925} INFO - DAG(s) 'tutorial_taskflow_templates' retrieved from /Library/Frameworks/Python.framework/Versions/3.8/lib/python3.8/site-packages/airflow/example_dags/tutorial_taskflow_templates.py
[2024-11-28T12:07:12.392-0600] {logging_mixin.py:190} INFO - [2024-11-28T12:07:12.392-0600] {dag.py:3239} INFO - Sync 1 DAGs
[2024-11-28T12:07:12.398-0600] {logging_mixin.py:190} INFO - [2024-11-28T12:07:12.398-0600] {dag.py:4180} INFO - Setting next_dagrun for tutorial_taskflow_templates to 2024-11-27 00:00:00+00:00, run_after=2024-11-28 00:00:00+00:00
[2024-11-28T12:07:12.403-0600] {processor.py:208} INFO - Processing /Library/Frameworks/Python.framework/Versions/3.8/lib/python3.8/site-packages/airflow/example_dags/tutorial_taskflow_templates.py took 0.062 seconds
[2024-11-28T12:08:18.495-0600] {processor.py:186} INFO - Started process (PID=36888) to work on /Library/Frameworks/Python.framework/Versions/3.8/lib/python3.8/site-packages/airflow/example_dags/tutorial_taskflow_templates.py
[2024-11-28T12:08:18.496-0600] {processor.py:914} INFO - Processing file /Library/Frameworks/Python.framework/Versions/3.8/lib/python3.8/site-packages/airflow/example_dags/tutorial_taskflow_templates.py for tasks to queue
[2024-11-28T12:08:18.496-0600] {logging_mixin.py:190} INFO - [2024-11-28T12:08:18.496-0600] {dagbag.py:588} INFO - Filling up the DagBag from /Library/Frameworks/Python.framework/Versions/3.8/lib/python3.8/site-packages/airflow/example_dags/tutorial_taskflow_templates.py
[2024-11-28T12:08:18.509-0600] {processor.py:925} INFO - DAG(s) 'tutorial_taskflow_templates' retrieved from /Library/Frameworks/Python.framework/Versions/3.8/lib/python3.8/site-packages/airflow/example_dags/tutorial_taskflow_templates.py
[2024-11-28T12:08:18.543-0600] {logging_mixin.py:190} INFO - [2024-11-28T12:08:18.543-0600] {dag.py:3239} INFO - Sync 1 DAGs
[2024-11-28T12:08:18.549-0600] {logging_mixin.py:190} INFO - [2024-11-28T12:08:18.549-0600] {dag.py:4180} INFO - Setting next_dagrun for tutorial_taskflow_templates to 2024-11-27 00:00:00+00:00, run_after=2024-11-28 00:00:00+00:00
[2024-11-28T12:08:18.554-0600] {processor.py:208} INFO - Processing /Library/Frameworks/Python.framework/Versions/3.8/lib/python3.8/site-packages/airflow/example_dags/tutorial_taskflow_templates.py took 0.061 seconds
[2024-11-28T12:09:28.432-0600] {processor.py:186} INFO - Started process (PID=37016) to work on /Library/Frameworks/Python.framework/Versions/3.8/lib/python3.8/site-packages/airflow/example_dags/tutorial_taskflow_templates.py
[2024-11-28T12:09:28.433-0600] {processor.py:914} INFO - Processing file /Library/Frameworks/Python.framework/Versions/3.8/lib/python3.8/site-packages/airflow/example_dags/tutorial_taskflow_templates.py for tasks to queue
[2024-11-28T12:09:28.434-0600] {logging_mixin.py:190} INFO - [2024-11-28T12:09:28.434-0600] {dagbag.py:588} INFO - Filling up the DagBag from /Library/Frameworks/Python.framework/Versions/3.8/lib/python3.8/site-packages/airflow/example_dags/tutorial_taskflow_templates.py
[2024-11-28T12:09:28.449-0600] {processor.py:925} INFO - DAG(s) 'tutorial_taskflow_templates' retrieved from /Library/Frameworks/Python.framework/Versions/3.8/lib/python3.8/site-packages/airflow/example_dags/tutorial_taskflow_templates.py
[2024-11-28T12:09:28.484-0600] {logging_mixin.py:190} INFO - [2024-11-28T12:09:28.484-0600] {dag.py:3239} INFO - Sync 1 DAGs
[2024-11-28T12:09:28.490-0600] {logging_mixin.py:190} INFO - [2024-11-28T12:09:28.490-0600] {dag.py:4180} INFO - Setting next_dagrun for tutorial_taskflow_templates to 2024-11-27 00:00:00+00:00, run_after=2024-11-28 00:00:00+00:00
[2024-11-28T12:09:28.496-0600] {processor.py:208} INFO - Processing /Library/Frameworks/Python.framework/Versions/3.8/lib/python3.8/site-packages/airflow/example_dags/tutorial_taskflow_templates.py took 0.065 seconds
[2024-11-28T12:10:37.709-0600] {processor.py:186} INFO - Started process (PID=37158) to work on /Library/Frameworks/Python.framework/Versions/3.8/lib/python3.8/site-packages/airflow/example_dags/tutorial_taskflow_templates.py
[2024-11-28T12:10:37.710-0600] {processor.py:914} INFO - Processing file /Library/Frameworks/Python.framework/Versions/3.8/lib/python3.8/site-packages/airflow/example_dags/tutorial_taskflow_templates.py for tasks to queue
[2024-11-28T12:10:37.711-0600] {logging_mixin.py:190} INFO - [2024-11-28T12:10:37.711-0600] {dagbag.py:588} INFO - Filling up the DagBag from /Library/Frameworks/Python.framework/Versions/3.8/lib/python3.8/site-packages/airflow/example_dags/tutorial_taskflow_templates.py
[2024-11-28T12:10:37.724-0600] {processor.py:925} INFO - DAG(s) 'tutorial_taskflow_templates' retrieved from /Library/Frameworks/Python.framework/Versions/3.8/lib/python3.8/site-packages/airflow/example_dags/tutorial_taskflow_templates.py
[2024-11-28T12:10:37.759-0600] {logging_mixin.py:190} INFO - [2024-11-28T12:10:37.759-0600] {dag.py:3239} INFO - Sync 1 DAGs
[2024-11-28T12:10:37.765-0600] {logging_mixin.py:190} INFO - [2024-11-28T12:10:37.765-0600] {dag.py:4180} INFO - Setting next_dagrun for tutorial_taskflow_templates to 2024-11-27 00:00:00+00:00, run_after=2024-11-28 00:00:00+00:00
[2024-11-28T12:10:37.770-0600] {processor.py:208} INFO - Processing /Library/Frameworks/Python.framework/Versions/3.8/lib/python3.8/site-packages/airflow/example_dags/tutorial_taskflow_templates.py took 0.063 seconds
