[2024-11-29T16:37:34.480-0600] {local_task_job_runner.py:123} INFO - ::group::Pre task execution logs
[2024-11-29T16:37:34.484-0600] {taskinstance.py:2613} INFO - Dependencies all met for dep_context=non-requeueable deps ti=<TaskInstance: youtube_data_pipeline.extract_youtube_data manual__2024-11-29T22:37:32.915567+00:00 [queued]>
[2024-11-29T16:37:34.486-0600] {taskinstance.py:2613} INFO - Dependencies all met for dep_context=requeueable deps ti=<TaskInstance: youtube_data_pipeline.extract_youtube_data manual__2024-11-29T22:37:32.915567+00:00 [queued]>
[2024-11-29T16:37:34.486-0600] {taskinstance.py:2866} INFO - Starting attempt 1 of 2
[2024-11-29T16:37:34.489-0600] {taskinstance.py:2889} INFO - Executing <Task(PythonOperator): extract_youtube_data> on 2024-11-29 22:37:32.915567+00:00
[2024-11-29T16:37:34.491-0600] {standard_task_runner.py:72} INFO - Started process 42504 to run task
[2024-11-29T16:37:34.494-0600] {standard_task_runner.py:104} INFO - Running: ['airflow', 'tasks', 'run', 'youtube_data_pipeline', 'extract_youtube_data', 'manual__2024-11-29T22:37:32.915567+00:00', '--job-id', '27', '--raw', '--subdir', 'DAGS_FOLDER/youtube_data_pipeline.py', '--cfg-path', '/var/folders/zs/sf3lbkjd0p58grc25nrggk1h0000gn/T/tmph6brvmp5']
[2024-11-29T16:37:34.496-0600] {standard_task_runner.py:105} INFO - Job 27: Subtask extract_youtube_data
[2024-11-29T16:37:34.513-0600] {task_command.py:467} INFO - Running <TaskInstance: youtube_data_pipeline.extract_youtube_data manual__2024-11-29T22:37:32.915567+00:00 [running]> on host mac.attlocal.net
[2024-11-29T16:37:34.534-0600] {taskinstance.py:3132} INFO - Exporting env vars: AIRFLOW_CTX_DAG_OWNER='airflow' AIRFLOW_CTX_DAG_ID='youtube_data_pipeline' AIRFLOW_CTX_TASK_ID='extract_youtube_data' AIRFLOW_CTX_EXECUTION_DATE='2024-11-29T22:37:32.915567+00:00' AIRFLOW_CTX_TRY_NUMBER='1' AIRFLOW_CTX_DAG_RUN_ID='manual__2024-11-29T22:37:32.915567+00:00'
[2024-11-29T16:37:34.534-0600] {taskinstance.py:731} INFO - ::endgroup::
[2024-11-29T16:37:34.543-0600] {__init__.py:49} INFO - file_cache is only supported with oauth2client<4.0.0
[2024-11-29T16:37:34.646-0600] {logging_mixin.py:190} INFO - Raw data saved to /Users/beprathap/airflow/dags/data/raw/channel_stats_20241129_163734.json
[2024-11-29T16:37:34.960-0600] {logging_mixin.py:190} INFO - Retrieved video details for channel UClFSU9_bUb4Rc6OYfTt5SPw
[2024-11-29T16:37:35.333-0600] {logging_mixin.py:190} INFO - Retrieved video details for channel UCX6OQ3DkcsbYNE6H8uQQuVA
[2024-11-29T16:37:35.706-0600] {logging_mixin.py:190} INFO - Retrieved video details for channel UCsooa4yRKGN_zEE8iknghZA
[2024-11-29T16:37:36.123-0600] {logging_mixin.py:190} INFO - Retrieved video details for channel UCh9IfI45mmk59eDvSWtuuhQ
[2024-11-29T16:37:36.524-0600] {logging_mixin.py:190} INFO - Retrieved video details for channel UCBJycsmduvYEL83R_U4JriQ
[2024-11-29T16:37:36.926-0600] {logging_mixin.py:190} INFO - Retrieved video details for channel UC4rlAVgAK0SGk-yTfe48Qpw
[2024-11-29T16:37:37.384-0600] {logging_mixin.py:190} INFO - Retrieved video details for channel UC0v-tlzsn0QZwJnkiaUSJVQ
[2024-11-29T16:37:37.736-0600] {logging_mixin.py:190} INFO - Retrieved video details for channel UCzQUP1qoWDoEbmsQxvdjxgQ
[2024-11-29T16:37:38.056-0600] {logging_mixin.py:190} INFO - Retrieved video details for channel UCoYATiiqNT7csPFqtWWfc5w
[2024-11-29T16:37:38.401-0600] {logging_mixin.py:190} INFO - Retrieved video details for channel UC-lHJZR3Gqxm24_Vd_AJ5Yw
[2024-11-29T16:37:38.787-0600] {logging_mixin.py:190} INFO - Retrieved video details for channel UCq-Fj5jknLsUf-MWSy4_brA
[2024-11-29T16:37:38.930-0600] {logging_mixin.py:190} INFO - Retrieved comments for video Vjwk7SLtn6E
[2024-11-29T16:37:39.088-0600] {logging_mixin.py:190} INFO - Retrieved comments for video BSiqL1lnWaY
[2024-11-29T16:37:39.426-0600] {logging_mixin.py:190} INFO - Retrieved comments for video 81xsD8eIX2I
[2024-11-29T16:37:39.606-0600] {logging_mixin.py:190} INFO - Retrieved comments for video T1K66vQAlAk
[2024-11-29T16:37:39.737-0600] {logging_mixin.py:190} INFO - Retrieved comments for video 2G1dJbImnSM
[2024-11-29T16:37:39.919-0600] {logging_mixin.py:190} INFO - Retrieved comments for video Hh7QedJ1kPs
[2024-11-29T16:37:40.140-0600] {logging_mixin.py:190} INFO - Retrieved comments for video Xe26rdkZISg
[2024-11-29T16:37:40.290-0600] {logging_mixin.py:190} INFO - Retrieved comments for video b1wzT5K7tEU
[2024-11-29T16:37:40.654-0600] {logging_mixin.py:190} INFO - Retrieved comments for video qZGyAEjfAVI
[2024-11-29T16:37:40.858-0600] {logging_mixin.py:190} INFO - Retrieved comments for video K9hxNTjqT4E
[2024-11-29T16:37:40.971-0600] {logging_mixin.py:190} INFO - Retrieved comments for video HcL1EQ5qD_g
[2024-11-29T16:37:41.100-0600] {logging_mixin.py:190} INFO - Retrieved comments for video yf_C8penA9k
[2024-11-29T16:37:41.220-0600] {logging_mixin.py:190} INFO - Retrieved comments for video dc089EZRGcg
[2024-11-29T16:37:41.373-0600] {logging_mixin.py:190} INFO - Retrieved comments for video I9mw5UlDyPI
[2024-11-29T16:37:41.529-0600] {logging_mixin.py:190} INFO - Retrieved comments for video Xj0Jtjg3lHQ
[2024-11-29T16:37:41.671-0600] {logging_mixin.py:190} INFO - Retrieved comments for video 9UtcHPCEBgg
[2024-11-29T16:37:41.803-0600] {logging_mixin.py:190} INFO - Retrieved comments for video ZNt_GoOBHq8
[2024-11-29T16:37:41.967-0600] {logging_mixin.py:190} INFO - Retrieved comments for video bn0Kh9c4Zv4
[2024-11-29T16:37:42.129-0600] {logging_mixin.py:190} INFO - Retrieved comments for video dDVFnfCwjHA
[2024-11-29T16:37:42.301-0600] {logging_mixin.py:190} INFO - Retrieved comments for video Kt2HvqRruHQ
[2024-11-29T16:37:42.438-0600] {logging_mixin.py:190} INFO - Retrieved comments for video 46RDkiy5h3U
[2024-11-29T16:37:42.595-0600] {logging_mixin.py:190} INFO - Retrieved comments for video idrbwnWLJ7w
[2024-11-29T16:37:42.814-0600] {logging_mixin.py:190} INFO - Retrieved comments for video WJ-XXQCcXik
[2024-11-29T16:37:42.962-0600] {logging_mixin.py:190} INFO - Retrieved comments for video lq8TNKZVEWs
[2024-11-29T16:37:43.166-0600] {logging_mixin.py:190} INFO - Retrieved comments for video tMXjUWvJJto
[2024-11-29T16:37:43.626-0600] {logging_mixin.py:190} INFO - Retrieved comments for video qsc3YZ2S924
[2024-11-29T16:37:43.932-0600] {logging_mixin.py:190} INFO - Retrieved comments for video IdWXT391FJE
[2024-11-29T16:37:44.121-0600] {logging_mixin.py:190} INFO - Retrieved comments for video Bgc1C1xI2dA
[2024-11-29T16:37:44.310-0600] {logging_mixin.py:190} INFO - Retrieved comments for video FZc-Y9gqjHI
[2024-11-29T16:37:44.471-0600] {logging_mixin.py:190} INFO - Retrieved comments for video daV-tMnZeIw
[2024-11-29T16:37:44.611-0600] {logging_mixin.py:190} INFO - Retrieved comments for video wXXqaKwsJPA
[2024-11-29T16:37:44.814-0600] {logging_mixin.py:190} INFO - Retrieved comments for video 3FgwfKSniC0
[2024-11-29T16:37:44.965-0600] {logging_mixin.py:190} INFO - Retrieved comments for video J4plrANz61E
[2024-11-29T16:37:45.139-0600] {logging_mixin.py:190} INFO - Retrieved comments for video P8o9TVzqfWk
[2024-11-29T16:37:45.420-0600] {logging_mixin.py:190} INFO - Retrieved comments for video XyZIZZ-_QIk
[2024-11-29T16:37:45.609-0600] {logging_mixin.py:190} INFO - Retrieved comments for video txLDfMzL3kE
[2024-11-29T16:37:45.746-0600] {logging_mixin.py:190} INFO - Retrieved comments for video cPpzfmX8b9c
[2024-11-29T16:37:45.941-0600] {logging_mixin.py:190} INFO - Retrieved comments for video QROPM4sCpnI
[2024-11-29T16:37:46.099-0600] {logging_mixin.py:190} INFO - Retrieved comments for video 3eg6z17etgM
[2024-11-29T16:37:46.267-0600] {logging_mixin.py:190} INFO - Retrieved comments for video 0SFRzpUqCxw
[2024-11-29T16:37:46.374-0600] {logging_mixin.py:190} INFO - Retrieved comments for video EFiHm6WjhNA
[2024-11-29T16:37:46.538-0600] {logging_mixin.py:190} INFO - Retrieved comments for video l3_nECzo_EA
[2024-11-29T16:37:46.637-0600] {logging_mixin.py:190} INFO - Retrieved comments for video ZvgZWqaranw
[2024-11-29T16:37:46.799-0600] {logging_mixin.py:190} INFO - Retrieved comments for video fgm5uZaS3-E
[2024-11-29T16:37:46.975-0600] {logging_mixin.py:190} INFO - Retrieved comments for video _9prH7NFmLI
[2024-11-29T16:37:47.133-0600] {logging_mixin.py:190} INFO - Retrieved comments for video qkYoBNdcXBU
[2024-11-29T16:37:47.237-0600] {logging_mixin.py:190} INFO - Retrieved comments for video kkX8_nbBqBQ
[2024-11-29T16:37:47.398-0600] {logging_mixin.py:190} INFO - Retrieved comments for video -T0MGehwWvE
[2024-11-29T16:37:47.620-0600] {logging_mixin.py:190} INFO - Retrieved comments for video ddTV12hErTc
[2024-11-29T16:37:47.838-0600] {logging_mixin.py:190} INFO - Retrieved comments for video HN-WH7C4K0Q
[2024-11-29T16:37:47.894-0600] {http.py:140} WARNING - Encountered 403 Forbidden with reason "commentsDisabled"
[2024-11-29T16:37:47.896-0600] {logging_mixin.py:190} INFO - An error occurred: <HttpError 403 when requesting https://youtube.googleapis.com/youtube/v3/commentThreads?part=snippet&videoId=IuhAtJPAczw&maxResults=50&key=AIzaSyAiAdnosSHn5S28NASaJGxEfgTMjB5gebw&alt=json returned "The video identified by the <code><a href="/youtube/v3/docs/commentThreads/list#videoId">videoId</a></code> parameter has disabled comments.". Details: "[{'message': 'The video identified by the <code><a href="/youtube/v3/docs/commentThreads/list#videoId">videoId</a></code> parameter has disabled comments.', 'domain': 'youtube.commentThread', 'reason': 'commentsDisabled', 'location': 'videoId', 'locationType': 'parameter'}]">
[2024-11-29T16:37:47.898-0600] {logging_mixin.py:190} INFO - Failed to retrieve comments for video IuhAtJPAczw
[2024-11-29T16:37:48.018-0600] {logging_mixin.py:190} INFO - Retrieved comments for video wvx2Wqboec0
[2024-11-29T16:37:48.100-0600] {logging_mixin.py:190} INFO - Retrieved comments for video LYZm-Io7lvg
[2024-11-29T16:37:48.436-0600] {logging_mixin.py:190} INFO - Retrieved comments for video UKI8mzdGGbo
[2024-11-29T16:37:48.545-0600] {logging_mixin.py:190} INFO - Retrieved comments for video wxZ2b1qjs5g
[2024-11-29T16:37:48.699-0600] {logging_mixin.py:190} INFO - Retrieved comments for video jsxtzqx6ddI
[2024-11-29T16:37:48.837-0600] {logging_mixin.py:190} INFO - Retrieved comments for video 8veXdMO4GQ0
[2024-11-29T16:37:48.968-0600] {logging_mixin.py:190} INFO - Retrieved comments for video WfivhXjJFt4
[2024-11-29T16:37:49.049-0600] {logging_mixin.py:190} INFO - Retrieved comments for video kQKiAxwcMOk
[2024-11-29T16:37:49.165-0600] {logging_mixin.py:190} INFO - Retrieved comments for video lT-Npu0dCwI
[2024-11-29T16:37:49.224-0600] {logging_mixin.py:190} INFO - Retrieved comments for video m0x9UXwzoV0
[2024-11-29T16:37:49.311-0600] {logging_mixin.py:190} INFO - Retrieved comments for video HM0yI8adFJI
[2024-11-29T16:37:49.440-0600] {logging_mixin.py:190} INFO - Retrieved comments for video CZNKG3de6Zk
[2024-11-29T16:37:49.607-0600] {logging_mixin.py:190} INFO - Retrieved comments for video 2joHcdjJTbk
[2024-11-29T16:37:49.725-0600] {logging_mixin.py:190} INFO - Retrieved comments for video WEvUqZzwfT0
[2024-11-29T16:37:49.805-0600] {logging_mixin.py:190} INFO - Retrieved comments for video dtagq7YMwyI
[2024-11-29T16:37:49.919-0600] {logging_mixin.py:190} INFO - Retrieved comments for video 5VRo2vcZqH0
[2024-11-29T16:37:50.015-0600] {logging_mixin.py:190} INFO - Retrieved comments for video AjQA-TkqgrE
[2024-11-29T16:37:50.095-0600] {logging_mixin.py:190} INFO - Retrieved comments for video OTLiU5gpmxg
[2024-11-29T16:37:50.174-0600] {logging_mixin.py:190} INFO - Retrieved comments for video uGIr1uEvYLM
[2024-11-29T16:37:50.289-0600] {logging_mixin.py:190} INFO - Retrieved comments for video dpx_2eUyvqc
[2024-11-29T16:37:50.396-0600] {logging_mixin.py:190} INFO - Retrieved comments for video ye8MOfxD5nU
[2024-11-29T16:37:50.509-0600] {logging_mixin.py:190} INFO - Retrieved comments for video bvKNjXawwSc
[2024-11-29T16:37:50.608-0600] {logging_mixin.py:190} INFO - Retrieved comments for video FzPlfjTtxlc
[2024-11-29T16:37:50.740-0600] {logging_mixin.py:190} INFO - Retrieved comments for video SbW6FTU69bw
[2024-11-29T16:37:50.896-0600] {logging_mixin.py:190} INFO - Retrieved comments for video hCepzIrkbDE
[2024-11-29T16:37:51.050-0600] {logging_mixin.py:190} INFO - Retrieved comments for video nN7Xnj9uR1M
[2024-11-29T16:37:51.177-0600] {logging_mixin.py:190} INFO - Retrieved comments for video mZkHwI7cX4Y
[2024-11-29T16:37:51.316-0600] {logging_mixin.py:190} INFO - Retrieved comments for video D_kUi6BsGe4
[2024-11-29T16:37:51.611-0600] {logging_mixin.py:190} INFO - Retrieved comments for video Lr5FEZUCJG8
[2024-11-29T16:37:51.723-0600] {logging_mixin.py:190} INFO - Failed to retrieve comments for video qGYwDre99MA
[2024-11-29T16:37:51.835-0600] {logging_mixin.py:190} INFO - Retrieved comments for video hrxVJhIcPjw
[2024-11-29T16:37:51.926-0600] {logging_mixin.py:190} INFO - Failed to retrieve comments for video 7geKKEdDguc
[2024-11-29T16:37:52.041-0600] {logging_mixin.py:190} INFO - Retrieved comments for video hVI8OK4kNQQ
[2024-11-29T16:37:52.231-0600] {logging_mixin.py:190} INFO - Failed to retrieve comments for video 6n9MoZ3SR-Y
[2024-11-29T16:37:52.298-0600] {logging_mixin.py:190} INFO - Failed to retrieve comments for video q9TEBgfByvQ
[2024-11-29T16:37:52.378-0600] {logging_mixin.py:190} INFO - Failed to retrieve comments for video xptaRSkdgyI
[2024-11-29T16:37:52.456-0600] {logging_mixin.py:190} INFO - Retrieved comments for video Q4rN5s8Iw9k
[2024-11-29T16:37:52.535-0600] {logging_mixin.py:190} INFO - Failed to retrieve comments for video NKhmDCcOADw
[2024-11-29T16:37:52.678-0600] {logging_mixin.py:190} INFO - Retrieved comments for video ovUZmBpdVnc
[2024-11-29T16:37:52.798-0600] {logging_mixin.py:190} INFO - Retrieved comments for video 8fLZQYiI3mg
[2024-11-29T16:37:53.147-0600] {logging_mixin.py:190} INFO - Retrieved comments for video vCqZQOqUiqo
[2024-11-29T16:37:53.454-0600] {logging_mixin.py:190} INFO - Retrieved comments for video mNHgVZPlh5g
[2024-11-29T16:37:53.589-0600] {logging_mixin.py:190} INFO - Retrieved comments for video DEgt25yYidY
[2024-11-29T16:37:53.755-0600] {logging_mixin.py:190} INFO - Retrieved comments for video n2nTd1VbsLM
[2024-11-29T16:37:53.940-0600] {logging_mixin.py:190} INFO - Retrieved comments for video uakp2SrXOwQ
[2024-11-29T16:37:54.274-0600] {logging_mixin.py:190} INFO - Retrieved comments for video vDZHCYCd5Bo
[2024-11-29T16:37:54.456-0600] {logging_mixin.py:190} INFO - Retrieved comments for video D0-IrQY4ix8
[2024-11-29T16:37:54.661-0600] {logging_mixin.py:190} INFO - Retrieved comments for video yNsIh0ciYiI
[2024-11-29T16:37:54.807-0600] {logging_mixin.py:190} INFO - Retrieved comments for video F-yEoHL7MYY
[2024-11-29T16:37:54.904-0600] {logging_mixin.py:190} INFO - Retrieved comments for video D2sGJX9GiKo
[2024-11-29T16:37:55.002-0600] {logging_mixin.py:190} INFO - Retrieved comments for video 2SpWyCQjltU
[2024-11-29T16:37:55.133-0600] {logging_mixin.py:190} INFO - Retrieved comments for video u1SUfkKtWlY
[2024-11-29T16:37:55.278-0600] {logging_mixin.py:190} INFO - Retrieved comments for video jJYIrUiWdf8
[2024-11-29T16:37:55.405-0600] {logging_mixin.py:190} INFO - Retrieved comments for video 6jLxaglH5ys
[2024-11-29T16:37:55.572-0600] {logging_mixin.py:190} INFO - Retrieved comments for video -V8oOhQQe9c
[2024-11-29T16:37:55.723-0600] {logging_mixin.py:190} INFO - Retrieved comments for video dyS10v4PaP8
[2024-11-29T16:37:55.900-0600] {logging_mixin.py:190} INFO - Retrieved comments for video VMI6polf-lQ
[2024-11-29T16:37:56.073-0600] {logging_mixin.py:190} INFO - Retrieved comments for video nI1CeeN8tf0
[2024-11-29T16:37:56.437-0600] {logging_mixin.py:190} INFO - Retrieved comments for video lAQFPkng95Q
[2024-11-29T16:37:56.480-0600] {logging_mixin.py:190} INFO - Video comments saved to /Users/beprathap/airflow/dags/data/raw/video_comments_20241129_163734.json
[2024-11-29T16:38:06.035-0600] {logging_mixin.py:190} INFO - Video categories saved to /Users/beprathap/airflow/dags/data/raw/video_categories_20241129_163734.json
[2024-11-29T16:38:06.042-0600] {python.py:240} INFO - Done. Returned value was: None
[2024-11-29T16:38:06.051-0600] {taskinstance.py:340} INFO - ::group::Post task execution logs
[2024-11-29T16:38:06.053-0600] {taskinstance.py:352} INFO - Marking task as SUCCESS. dag_id=youtube_data_pipeline, task_id=extract_youtube_data, run_id=manual__2024-11-29T22:37:32.915567+00:00, execution_date=20241129T223732, start_date=20241129T223734, end_date=20241129T223806
[2024-11-29T16:38:06.073-0600] {local_task_job_runner.py:266} INFO - Task exited with return code 0
[2024-11-29T16:38:06.079-0600] {taskinstance.py:3895} INFO - 0 downstream tasks scheduled from follow-on schedule check
[2024-11-29T16:38:06.080-0600] {local_task_job_runner.py:245} INFO - ::endgroup::
