[2024-11-26T14:17:24.581-0600] {processor.py:186} INFO - Started process (PID=17815) to work on /Users/beprathap/PycharmProjects/YouTube-airflow/airflow-venv/lib/python3.8/site-packages/airflow/example_dags/plugins/event_listener.py
[2024-11-26T14:17:24.581-0600] {processor.py:914} INFO - Processing file /Users/beprathap/PycharmProjects/YouTube-airflow/airflow-venv/lib/python3.8/site-packages/airflow/example_dags/plugins/event_listener.py for tasks to queue
[2024-11-26T14:17:24.581-0600] {logging_mixin.py:190} INFO - [2024-11-26T14:17:24.581-0600] {dagbag.py:588} INFO - Filling up the DagBag from /Users/beprathap/PycharmProjects/YouTube-airflow/airflow-venv/lib/python3.8/site-packages/airflow/example_dags/plugins/event_listener.py
[2024-11-26T14:17:24.582-0600] {processor.py:927} WARNING - No viable dags retrieved from /Users/beprathap/PycharmProjects/YouTube-airflow/airflow-venv/lib/python3.8/site-packages/airflow/example_dags/plugins/event_listener.py
[2024-11-26T14:17:24.611-0600] {processor.py:208} INFO - Processing /Users/beprathap/PycharmProjects/YouTube-airflow/airflow-venv/lib/python3.8/site-packages/airflow/example_dags/plugins/event_listener.py took 0.032 seconds
[2024-11-26T14:19:05.059-0600] {processor.py:186} INFO - Started process (PID=17990) to work on /Users/beprathap/PycharmProjects/YouTube-airflow/airflow-venv/lib/python3.8/site-packages/airflow/example_dags/plugins/event_listener.py
[2024-11-26T14:19:05.059-0600] {processor.py:914} INFO - Processing file /Users/beprathap/PycharmProjects/YouTube-airflow/airflow-venv/lib/python3.8/site-packages/airflow/example_dags/plugins/event_listener.py for tasks to queue
[2024-11-26T14:19:05.060-0600] {logging_mixin.py:190} INFO - [2024-11-26T14:19:05.060-0600] {dagbag.py:588} INFO - Filling up the DagBag from /Users/beprathap/PycharmProjects/YouTube-airflow/airflow-venv/lib/python3.8/site-packages/airflow/example_dags/plugins/event_listener.py
[2024-11-26T14:19:05.060-0600] {processor.py:927} WARNING - No viable dags retrieved from /Users/beprathap/PycharmProjects/YouTube-airflow/airflow-venv/lib/python3.8/site-packages/airflow/example_dags/plugins/event_listener.py
[2024-11-26T14:19:05.090-0600] {processor.py:208} INFO - Processing /Users/beprathap/PycharmProjects/YouTube-airflow/airflow-venv/lib/python3.8/site-packages/airflow/example_dags/plugins/event_listener.py took 0.032 seconds
[2024-11-26T14:20:12.018-0600] {processor.py:186} INFO - Started process (PID=18119) to work on /Users/beprathap/PycharmProjects/YouTube-airflow/airflow-venv/lib/python3.8/site-packages/airflow/example_dags/plugins/event_listener.py
[2024-11-26T14:20:12.019-0600] {processor.py:914} INFO - Processing file /Users/beprathap/PycharmProjects/YouTube-airflow/airflow-venv/lib/python3.8/site-packages/airflow/example_dags/plugins/event_listener.py for tasks to queue
[2024-11-26T14:20:12.019-0600] {logging_mixin.py:190} INFO - [2024-11-26T14:20:12.019-0600] {dagbag.py:588} INFO - Filling up the DagBag from /Users/beprathap/PycharmProjects/YouTube-airflow/airflow-venv/lib/python3.8/site-packages/airflow/example_dags/plugins/event_listener.py
[2024-11-26T14:20:12.019-0600] {processor.py:927} WARNING - No viable dags retrieved from /Users/beprathap/PycharmProjects/YouTube-airflow/airflow-venv/lib/python3.8/site-packages/airflow/example_dags/plugins/event_listener.py
[2024-11-26T14:20:12.051-0600] {processor.py:208} INFO - Processing /Users/beprathap/PycharmProjects/YouTube-airflow/airflow-venv/lib/python3.8/site-packages/airflow/example_dags/plugins/event_listener.py took 0.034 seconds
[2024-11-26T14:21:19.008-0600] {processor.py:186} INFO - Started process (PID=18253) to work on /Users/beprathap/PycharmProjects/YouTube-airflow/airflow-venv/lib/python3.8/site-packages/airflow/example_dags/plugins/event_listener.py
[2024-11-26T14:21:19.008-0600] {processor.py:914} INFO - Processing file /Users/beprathap/PycharmProjects/YouTube-airflow/airflow-venv/lib/python3.8/site-packages/airflow/example_dags/plugins/event_listener.py for tasks to queue
[2024-11-26T14:21:19.008-0600] {logging_mixin.py:190} INFO - [2024-11-26T14:21:19.008-0600] {dagbag.py:588} INFO - Filling up the DagBag from /Users/beprathap/PycharmProjects/YouTube-airflow/airflow-venv/lib/python3.8/site-packages/airflow/example_dags/plugins/event_listener.py
[2024-11-26T14:21:19.009-0600] {processor.py:927} WARNING - No viable dags retrieved from /Users/beprathap/PycharmProjects/YouTube-airflow/airflow-venv/lib/python3.8/site-packages/airflow/example_dags/plugins/event_listener.py
[2024-11-26T14:21:19.039-0600] {processor.py:208} INFO - Processing /Users/beprathap/PycharmProjects/YouTube-airflow/airflow-venv/lib/python3.8/site-packages/airflow/example_dags/plugins/event_listener.py took 0.033 seconds
[2024-11-26T14:22:26.246-0600] {processor.py:186} INFO - Started process (PID=18378) to work on /Users/beprathap/PycharmProjects/YouTube-airflow/airflow-venv/lib/python3.8/site-packages/airflow/example_dags/plugins/event_listener.py
[2024-11-26T14:22:26.246-0600] {processor.py:914} INFO - Processing file /Users/beprathap/PycharmProjects/YouTube-airflow/airflow-venv/lib/python3.8/site-packages/airflow/example_dags/plugins/event_listener.py for tasks to queue
[2024-11-26T14:22:26.247-0600] {logging_mixin.py:190} INFO - [2024-11-26T14:22:26.247-0600] {dagbag.py:588} INFO - Filling up the DagBag from /Users/beprathap/PycharmProjects/YouTube-airflow/airflow-venv/lib/python3.8/site-packages/airflow/example_dags/plugins/event_listener.py
[2024-11-26T14:22:26.247-0600] {processor.py:927} WARNING - No viable dags retrieved from /Users/beprathap/PycharmProjects/YouTube-airflow/airflow-venv/lib/python3.8/site-packages/airflow/example_dags/plugins/event_listener.py
[2024-11-26T14:22:26.277-0600] {processor.py:208} INFO - Processing /Users/beprathap/PycharmProjects/YouTube-airflow/airflow-venv/lib/python3.8/site-packages/airflow/example_dags/plugins/event_listener.py took 0.032 seconds
[2024-11-26T14:23:31.229-0600] {processor.py:186} INFO - Started process (PID=18524) to work on /Users/beprathap/PycharmProjects/YouTube-airflow/airflow-venv/lib/python3.8/site-packages/airflow/example_dags/plugins/event_listener.py
[2024-11-26T14:23:31.230-0600] {processor.py:914} INFO - Processing file /Users/beprathap/PycharmProjects/YouTube-airflow/airflow-venv/lib/python3.8/site-packages/airflow/example_dags/plugins/event_listener.py for tasks to queue
[2024-11-26T14:23:31.231-0600] {logging_mixin.py:190} INFO - [2024-11-26T14:23:31.230-0600] {dagbag.py:588} INFO - Filling up the DagBag from /Users/beprathap/PycharmProjects/YouTube-airflow/airflow-venv/lib/python3.8/site-packages/airflow/example_dags/plugins/event_listener.py
[2024-11-26T14:23:31.231-0600] {processor.py:927} WARNING - No viable dags retrieved from /Users/beprathap/PycharmProjects/YouTube-airflow/airflow-venv/lib/python3.8/site-packages/airflow/example_dags/plugins/event_listener.py
[2024-11-26T14:23:31.263-0600] {processor.py:208} INFO - Processing /Users/beprathap/PycharmProjects/YouTube-airflow/airflow-venv/lib/python3.8/site-packages/airflow/example_dags/plugins/event_listener.py took 0.035 seconds
[2024-11-26T14:24:36.815-0600] {processor.py:186} INFO - Started process (PID=18650) to work on /Users/beprathap/PycharmProjects/YouTube-airflow/airflow-venv/lib/python3.8/site-packages/airflow/example_dags/plugins/event_listener.py
[2024-11-26T14:24:36.815-0600] {processor.py:914} INFO - Processing file /Users/beprathap/PycharmProjects/YouTube-airflow/airflow-venv/lib/python3.8/site-packages/airflow/example_dags/plugins/event_listener.py for tasks to queue
[2024-11-26T14:24:36.816-0600] {logging_mixin.py:190} INFO - [2024-11-26T14:24:36.816-0600] {dagbag.py:588} INFO - Filling up the DagBag from /Users/beprathap/PycharmProjects/YouTube-airflow/airflow-venv/lib/python3.8/site-packages/airflow/example_dags/plugins/event_listener.py
[2024-11-26T14:24:36.816-0600] {processor.py:927} WARNING - No viable dags retrieved from /Users/beprathap/PycharmProjects/YouTube-airflow/airflow-venv/lib/python3.8/site-packages/airflow/example_dags/plugins/event_listener.py
[2024-11-26T14:24:36.847-0600] {processor.py:208} INFO - Processing /Users/beprathap/PycharmProjects/YouTube-airflow/airflow-venv/lib/python3.8/site-packages/airflow/example_dags/plugins/event_listener.py took 0.033 seconds
[2024-11-26T14:25:40.736-0600] {processor.py:186} INFO - Started process (PID=18772) to work on /Users/beprathap/PycharmProjects/YouTube-airflow/airflow-venv/lib/python3.8/site-packages/airflow/example_dags/plugins/event_listener.py
[2024-11-26T14:25:40.737-0600] {processor.py:914} INFO - Processing file /Users/beprathap/PycharmProjects/YouTube-airflow/airflow-venv/lib/python3.8/site-packages/airflow/example_dags/plugins/event_listener.py for tasks to queue
[2024-11-26T14:25:40.737-0600] {logging_mixin.py:190} INFO - [2024-11-26T14:25:40.737-0600] {dagbag.py:588} INFO - Filling up the DagBag from /Users/beprathap/PycharmProjects/YouTube-airflow/airflow-venv/lib/python3.8/site-packages/airflow/example_dags/plugins/event_listener.py
[2024-11-26T14:25:40.738-0600] {processor.py:927} WARNING - No viable dags retrieved from /Users/beprathap/PycharmProjects/YouTube-airflow/airflow-venv/lib/python3.8/site-packages/airflow/example_dags/plugins/event_listener.py
[2024-11-26T14:25:40.770-0600] {processor.py:208} INFO - Processing /Users/beprathap/PycharmProjects/YouTube-airflow/airflow-venv/lib/python3.8/site-packages/airflow/example_dags/plugins/event_listener.py took 0.036 seconds
[2024-11-26T14:26:43.351-0600] {processor.py:186} INFO - Started process (PID=18892) to work on /Users/beprathap/PycharmProjects/YouTube-airflow/airflow-venv/lib/python3.8/site-packages/airflow/example_dags/plugins/event_listener.py
[2024-11-26T14:26:43.351-0600] {processor.py:914} INFO - Processing file /Users/beprathap/PycharmProjects/YouTube-airflow/airflow-venv/lib/python3.8/site-packages/airflow/example_dags/plugins/event_listener.py for tasks to queue
[2024-11-26T14:26:43.351-0600] {logging_mixin.py:190} INFO - [2024-11-26T14:26:43.351-0600] {dagbag.py:588} INFO - Filling up the DagBag from /Users/beprathap/PycharmProjects/YouTube-airflow/airflow-venv/lib/python3.8/site-packages/airflow/example_dags/plugins/event_listener.py
[2024-11-26T14:26:43.352-0600] {processor.py:927} WARNING - No viable dags retrieved from /Users/beprathap/PycharmProjects/YouTube-airflow/airflow-venv/lib/python3.8/site-packages/airflow/example_dags/plugins/event_listener.py
[2024-11-26T14:26:43.382-0600] {processor.py:208} INFO - Processing /Users/beprathap/PycharmProjects/YouTube-airflow/airflow-venv/lib/python3.8/site-packages/airflow/example_dags/plugins/event_listener.py took 0.033 seconds
[2024-11-26T14:27:47.481-0600] {processor.py:186} INFO - Started process (PID=19007) to work on /Users/beprathap/PycharmProjects/YouTube-airflow/airflow-venv/lib/python3.8/site-packages/airflow/example_dags/plugins/event_listener.py
[2024-11-26T14:27:47.481-0600] {processor.py:914} INFO - Processing file /Users/beprathap/PycharmProjects/YouTube-airflow/airflow-venv/lib/python3.8/site-packages/airflow/example_dags/plugins/event_listener.py for tasks to queue
[2024-11-26T14:27:47.481-0600] {logging_mixin.py:190} INFO - [2024-11-26T14:27:47.481-0600] {dagbag.py:588} INFO - Filling up the DagBag from /Users/beprathap/PycharmProjects/YouTube-airflow/airflow-venv/lib/python3.8/site-packages/airflow/example_dags/plugins/event_listener.py
[2024-11-26T14:27:47.482-0600] {processor.py:927} WARNING - No viable dags retrieved from /Users/beprathap/PycharmProjects/YouTube-airflow/airflow-venv/lib/python3.8/site-packages/airflow/example_dags/plugins/event_listener.py
[2024-11-26T14:27:47.512-0600] {processor.py:208} INFO - Processing /Users/beprathap/PycharmProjects/YouTube-airflow/airflow-venv/lib/python3.8/site-packages/airflow/example_dags/plugins/event_listener.py took 0.033 seconds
[2024-11-26T14:28:51.505-0600] {processor.py:186} INFO - Started process (PID=19121) to work on /Users/beprathap/PycharmProjects/YouTube-airflow/airflow-venv/lib/python3.8/site-packages/airflow/example_dags/plugins/event_listener.py
[2024-11-26T14:28:51.505-0600] {processor.py:914} INFO - Processing file /Users/beprathap/PycharmProjects/YouTube-airflow/airflow-venv/lib/python3.8/site-packages/airflow/example_dags/plugins/event_listener.py for tasks to queue
[2024-11-26T14:28:51.506-0600] {logging_mixin.py:190} INFO - [2024-11-26T14:28:51.506-0600] {dagbag.py:588} INFO - Filling up the DagBag from /Users/beprathap/PycharmProjects/YouTube-airflow/airflow-venv/lib/python3.8/site-packages/airflow/example_dags/plugins/event_listener.py
[2024-11-26T14:28:51.506-0600] {processor.py:927} WARNING - No viable dags retrieved from /Users/beprathap/PycharmProjects/YouTube-airflow/airflow-venv/lib/python3.8/site-packages/airflow/example_dags/plugins/event_listener.py
[2024-11-26T14:28:51.536-0600] {processor.py:208} INFO - Processing /Users/beprathap/PycharmProjects/YouTube-airflow/airflow-venv/lib/python3.8/site-packages/airflow/example_dags/plugins/event_listener.py took 0.033 seconds
[2024-11-26T14:29:55.637-0600] {processor.py:186} INFO - Started process (PID=19247) to work on /Users/beprathap/PycharmProjects/YouTube-airflow/airflow-venv/lib/python3.8/site-packages/airflow/example_dags/plugins/event_listener.py
[2024-11-26T14:29:55.638-0600] {processor.py:914} INFO - Processing file /Users/beprathap/PycharmProjects/YouTube-airflow/airflow-venv/lib/python3.8/site-packages/airflow/example_dags/plugins/event_listener.py for tasks to queue
[2024-11-26T14:29:55.638-0600] {logging_mixin.py:190} INFO - [2024-11-26T14:29:55.638-0600] {dagbag.py:588} INFO - Filling up the DagBag from /Users/beprathap/PycharmProjects/YouTube-airflow/airflow-venv/lib/python3.8/site-packages/airflow/example_dags/plugins/event_listener.py
[2024-11-26T14:29:55.638-0600] {processor.py:927} WARNING - No viable dags retrieved from /Users/beprathap/PycharmProjects/YouTube-airflow/airflow-venv/lib/python3.8/site-packages/airflow/example_dags/plugins/event_listener.py
[2024-11-26T14:29:55.669-0600] {processor.py:208} INFO - Processing /Users/beprathap/PycharmProjects/YouTube-airflow/airflow-venv/lib/python3.8/site-packages/airflow/example_dags/plugins/event_listener.py took 0.033 seconds
[2024-11-26T14:35:46.922-0600] {processor.py:186} INFO - Started process (PID=19491) to work on /Users/beprathap/PycharmProjects/YouTube-airflow/airflow-venv/lib/python3.8/site-packages/airflow/example_dags/plugins/event_listener.py
[2024-11-26T14:35:46.922-0600] {processor.py:914} INFO - Processing file /Users/beprathap/PycharmProjects/YouTube-airflow/airflow-venv/lib/python3.8/site-packages/airflow/example_dags/plugins/event_listener.py for tasks to queue
[2024-11-26T14:35:46.923-0600] {logging_mixin.py:190} INFO - [2024-11-26T14:35:46.923-0600] {dagbag.py:588} INFO - Filling up the DagBag from /Users/beprathap/PycharmProjects/YouTube-airflow/airflow-venv/lib/python3.8/site-packages/airflow/example_dags/plugins/event_listener.py
[2024-11-26T14:35:46.923-0600] {processor.py:927} WARNING - No viable dags retrieved from /Users/beprathap/PycharmProjects/YouTube-airflow/airflow-venv/lib/python3.8/site-packages/airflow/example_dags/plugins/event_listener.py
[2024-11-26T14:35:46.953-0600] {processor.py:208} INFO - Processing /Users/beprathap/PycharmProjects/YouTube-airflow/airflow-venv/lib/python3.8/site-packages/airflow/example_dags/plugins/event_listener.py took 0.032 seconds
[2024-11-26T14:37:27.145-0600] {processor.py:186} INFO - Started process (PID=19666) to work on /Users/beprathap/PycharmProjects/YouTube-airflow/airflow-venv/lib/python3.8/site-packages/airflow/example_dags/plugins/event_listener.py
[2024-11-26T14:37:27.147-0600] {processor.py:914} INFO - Processing file /Users/beprathap/PycharmProjects/YouTube-airflow/airflow-venv/lib/python3.8/site-packages/airflow/example_dags/plugins/event_listener.py for tasks to queue
[2024-11-26T14:37:27.147-0600] {logging_mixin.py:190} INFO - [2024-11-26T14:37:27.147-0600] {dagbag.py:588} INFO - Filling up the DagBag from /Users/beprathap/PycharmProjects/YouTube-airflow/airflow-venv/lib/python3.8/site-packages/airflow/example_dags/plugins/event_listener.py
[2024-11-26T14:37:27.147-0600] {processor.py:927} WARNING - No viable dags retrieved from /Users/beprathap/PycharmProjects/YouTube-airflow/airflow-venv/lib/python3.8/site-packages/airflow/example_dags/plugins/event_listener.py
[2024-11-26T14:37:27.177-0600] {processor.py:208} INFO - Processing /Users/beprathap/PycharmProjects/YouTube-airflow/airflow-venv/lib/python3.8/site-packages/airflow/example_dags/plugins/event_listener.py took 0.033 seconds
[2024-11-26T14:38:36.127-0600] {processor.py:186} INFO - Started process (PID=19797) to work on /Users/beprathap/PycharmProjects/YouTube-airflow/airflow-venv/lib/python3.8/site-packages/airflow/example_dags/plugins/event_listener.py
[2024-11-26T14:38:36.128-0600] {processor.py:914} INFO - Processing file /Users/beprathap/PycharmProjects/YouTube-airflow/airflow-venv/lib/python3.8/site-packages/airflow/example_dags/plugins/event_listener.py for tasks to queue
[2024-11-26T14:38:36.128-0600] {logging_mixin.py:190} INFO - [2024-11-26T14:38:36.128-0600] {dagbag.py:588} INFO - Filling up the DagBag from /Users/beprathap/PycharmProjects/YouTube-airflow/airflow-venv/lib/python3.8/site-packages/airflow/example_dags/plugins/event_listener.py
[2024-11-26T14:38:36.128-0600] {processor.py:927} WARNING - No viable dags retrieved from /Users/beprathap/PycharmProjects/YouTube-airflow/airflow-venv/lib/python3.8/site-packages/airflow/example_dags/plugins/event_listener.py
[2024-11-26T14:38:36.159-0600] {processor.py:208} INFO - Processing /Users/beprathap/PycharmProjects/YouTube-airflow/airflow-venv/lib/python3.8/site-packages/airflow/example_dags/plugins/event_listener.py took 0.033 seconds
[2024-11-26T14:39:45.292-0600] {processor.py:186} INFO - Started process (PID=19927) to work on /Users/beprathap/PycharmProjects/YouTube-airflow/airflow-venv/lib/python3.8/site-packages/airflow/example_dags/plugins/event_listener.py
[2024-11-26T14:39:45.292-0600] {processor.py:914} INFO - Processing file /Users/beprathap/PycharmProjects/YouTube-airflow/airflow-venv/lib/python3.8/site-packages/airflow/example_dags/plugins/event_listener.py for tasks to queue
[2024-11-26T14:39:45.292-0600] {logging_mixin.py:190} INFO - [2024-11-26T14:39:45.292-0600] {dagbag.py:588} INFO - Filling up the DagBag from /Users/beprathap/PycharmProjects/YouTube-airflow/airflow-venv/lib/python3.8/site-packages/airflow/example_dags/plugins/event_listener.py
[2024-11-26T14:39:45.293-0600] {processor.py:927} WARNING - No viable dags retrieved from /Users/beprathap/PycharmProjects/YouTube-airflow/airflow-venv/lib/python3.8/site-packages/airflow/example_dags/plugins/event_listener.py
[2024-11-26T14:39:45.325-0600] {processor.py:208} INFO - Processing /Users/beprathap/PycharmProjects/YouTube-airflow/airflow-venv/lib/python3.8/site-packages/airflow/example_dags/plugins/event_listener.py took 0.035 seconds
[2024-11-26T14:40:54.597-0600] {processor.py:186} INFO - Started process (PID=20053) to work on /Users/beprathap/PycharmProjects/YouTube-airflow/airflow-venv/lib/python3.8/site-packages/airflow/example_dags/plugins/event_listener.py
[2024-11-26T14:40:54.597-0600] {processor.py:914} INFO - Processing file /Users/beprathap/PycharmProjects/YouTube-airflow/airflow-venv/lib/python3.8/site-packages/airflow/example_dags/plugins/event_listener.py for tasks to queue
[2024-11-26T14:40:54.597-0600] {logging_mixin.py:190} INFO - [2024-11-26T14:40:54.597-0600] {dagbag.py:588} INFO - Filling up the DagBag from /Users/beprathap/PycharmProjects/YouTube-airflow/airflow-venv/lib/python3.8/site-packages/airflow/example_dags/plugins/event_listener.py
[2024-11-26T14:40:54.598-0600] {processor.py:927} WARNING - No viable dags retrieved from /Users/beprathap/PycharmProjects/YouTube-airflow/airflow-venv/lib/python3.8/site-packages/airflow/example_dags/plugins/event_listener.py
[2024-11-26T14:40:54.629-0600] {processor.py:208} INFO - Processing /Users/beprathap/PycharmProjects/YouTube-airflow/airflow-venv/lib/python3.8/site-packages/airflow/example_dags/plugins/event_listener.py took 0.033 seconds
[2024-11-26T14:41:57.322-0600] {processor.py:186} INFO - Started process (PID=20171) to work on /Users/beprathap/PycharmProjects/YouTube-airflow/airflow-venv/lib/python3.8/site-packages/airflow/example_dags/plugins/event_listener.py
[2024-11-26T14:41:57.322-0600] {processor.py:914} INFO - Processing file /Users/beprathap/PycharmProjects/YouTube-airflow/airflow-venv/lib/python3.8/site-packages/airflow/example_dags/plugins/event_listener.py for tasks to queue
[2024-11-26T14:41:57.322-0600] {logging_mixin.py:190} INFO - [2024-11-26T14:41:57.322-0600] {dagbag.py:588} INFO - Filling up the DagBag from /Users/beprathap/PycharmProjects/YouTube-airflow/airflow-venv/lib/python3.8/site-packages/airflow/example_dags/plugins/event_listener.py
[2024-11-26T14:41:57.323-0600] {processor.py:927} WARNING - No viable dags retrieved from /Users/beprathap/PycharmProjects/YouTube-airflow/airflow-venv/lib/python3.8/site-packages/airflow/example_dags/plugins/event_listener.py
[2024-11-26T14:41:57.353-0600] {processor.py:208} INFO - Processing /Users/beprathap/PycharmProjects/YouTube-airflow/airflow-venv/lib/python3.8/site-packages/airflow/example_dags/plugins/event_listener.py took 0.033 seconds
[2024-11-26T14:43:03.188-0600] {processor.py:186} INFO - Started process (PID=20289) to work on /Users/beprathap/PycharmProjects/YouTube-airflow/airflow-venv/lib/python3.8/site-packages/airflow/example_dags/plugins/event_listener.py
[2024-11-26T14:43:03.189-0600] {processor.py:914} INFO - Processing file /Users/beprathap/PycharmProjects/YouTube-airflow/airflow-venv/lib/python3.8/site-packages/airflow/example_dags/plugins/event_listener.py for tasks to queue
[2024-11-26T14:43:03.189-0600] {logging_mixin.py:190} INFO - [2024-11-26T14:43:03.189-0600] {dagbag.py:588} INFO - Filling up the DagBag from /Users/beprathap/PycharmProjects/YouTube-airflow/airflow-venv/lib/python3.8/site-packages/airflow/example_dags/plugins/event_listener.py
[2024-11-26T14:43:03.189-0600] {processor.py:927} WARNING - No viable dags retrieved from /Users/beprathap/PycharmProjects/YouTube-airflow/airflow-venv/lib/python3.8/site-packages/airflow/example_dags/plugins/event_listener.py
[2024-11-26T14:43:03.220-0600] {processor.py:208} INFO - Processing /Users/beprathap/PycharmProjects/YouTube-airflow/airflow-venv/lib/python3.8/site-packages/airflow/example_dags/plugins/event_listener.py took 0.033 seconds
[2024-11-26T14:44:09.580-0600] {processor.py:186} INFO - Started process (PID=20419) to work on /Users/beprathap/PycharmProjects/YouTube-airflow/airflow-venv/lib/python3.8/site-packages/airflow/example_dags/plugins/event_listener.py
[2024-11-26T14:44:09.581-0600] {processor.py:914} INFO - Processing file /Users/beprathap/PycharmProjects/YouTube-airflow/airflow-venv/lib/python3.8/site-packages/airflow/example_dags/plugins/event_listener.py for tasks to queue
[2024-11-26T14:44:09.581-0600] {logging_mixin.py:190} INFO - [2024-11-26T14:44:09.581-0600] {dagbag.py:588} INFO - Filling up the DagBag from /Users/beprathap/PycharmProjects/YouTube-airflow/airflow-venv/lib/python3.8/site-packages/airflow/example_dags/plugins/event_listener.py
[2024-11-26T14:44:09.581-0600] {processor.py:927} WARNING - No viable dags retrieved from /Users/beprathap/PycharmProjects/YouTube-airflow/airflow-venv/lib/python3.8/site-packages/airflow/example_dags/plugins/event_listener.py
[2024-11-26T14:44:09.614-0600] {processor.py:208} INFO - Processing /Users/beprathap/PycharmProjects/YouTube-airflow/airflow-venv/lib/python3.8/site-packages/airflow/example_dags/plugins/event_listener.py took 0.035 seconds
[2024-11-26T14:45:15.601-0600] {processor.py:186} INFO - Started process (PID=20555) to work on /Users/beprathap/PycharmProjects/YouTube-airflow/airflow-venv/lib/python3.8/site-packages/airflow/example_dags/plugins/event_listener.py
[2024-11-26T14:45:15.602-0600] {processor.py:914} INFO - Processing file /Users/beprathap/PycharmProjects/YouTube-airflow/airflow-venv/lib/python3.8/site-packages/airflow/example_dags/plugins/event_listener.py for tasks to queue
[2024-11-26T14:45:15.602-0600] {logging_mixin.py:190} INFO - [2024-11-26T14:45:15.602-0600] {dagbag.py:588} INFO - Filling up the DagBag from /Users/beprathap/PycharmProjects/YouTube-airflow/airflow-venv/lib/python3.8/site-packages/airflow/example_dags/plugins/event_listener.py
[2024-11-26T14:45:15.602-0600] {processor.py:927} WARNING - No viable dags retrieved from /Users/beprathap/PycharmProjects/YouTube-airflow/airflow-venv/lib/python3.8/site-packages/airflow/example_dags/plugins/event_listener.py
[2024-11-26T14:45:15.636-0600] {processor.py:208} INFO - Processing /Users/beprathap/PycharmProjects/YouTube-airflow/airflow-venv/lib/python3.8/site-packages/airflow/example_dags/plugins/event_listener.py took 0.036 seconds
[2024-11-26T14:46:22.357-0600] {processor.py:186} INFO - Started process (PID=20685) to work on /Users/beprathap/PycharmProjects/YouTube-airflow/airflow-venv/lib/python3.8/site-packages/airflow/example_dags/plugins/event_listener.py
[2024-11-26T14:46:22.357-0600] {processor.py:914} INFO - Processing file /Users/beprathap/PycharmProjects/YouTube-airflow/airflow-venv/lib/python3.8/site-packages/airflow/example_dags/plugins/event_listener.py for tasks to queue
[2024-11-26T14:46:22.358-0600] {logging_mixin.py:190} INFO - [2024-11-26T14:46:22.358-0600] {dagbag.py:588} INFO - Filling up the DagBag from /Users/beprathap/PycharmProjects/YouTube-airflow/airflow-venv/lib/python3.8/site-packages/airflow/example_dags/plugins/event_listener.py
[2024-11-26T14:46:22.358-0600] {processor.py:927} WARNING - No viable dags retrieved from /Users/beprathap/PycharmProjects/YouTube-airflow/airflow-venv/lib/python3.8/site-packages/airflow/example_dags/plugins/event_listener.py
[2024-11-26T14:46:22.390-0600] {processor.py:208} INFO - Processing /Users/beprathap/PycharmProjects/YouTube-airflow/airflow-venv/lib/python3.8/site-packages/airflow/example_dags/plugins/event_listener.py took 0.034 seconds
[2024-11-26T14:47:28.684-0600] {processor.py:186} INFO - Started process (PID=20807) to work on /Users/beprathap/PycharmProjects/YouTube-airflow/airflow-venv/lib/python3.8/site-packages/airflow/example_dags/plugins/event_listener.py
[2024-11-26T14:47:28.684-0600] {processor.py:914} INFO - Processing file /Users/beprathap/PycharmProjects/YouTube-airflow/airflow-venv/lib/python3.8/site-packages/airflow/example_dags/plugins/event_listener.py for tasks to queue
[2024-11-26T14:47:28.685-0600] {logging_mixin.py:190} INFO - [2024-11-26T14:47:28.685-0600] {dagbag.py:588} INFO - Filling up the DagBag from /Users/beprathap/PycharmProjects/YouTube-airflow/airflow-venv/lib/python3.8/site-packages/airflow/example_dags/plugins/event_listener.py
[2024-11-26T14:47:28.685-0600] {processor.py:927} WARNING - No viable dags retrieved from /Users/beprathap/PycharmProjects/YouTube-airflow/airflow-venv/lib/python3.8/site-packages/airflow/example_dags/plugins/event_listener.py
[2024-11-26T14:47:28.717-0600] {processor.py:208} INFO - Processing /Users/beprathap/PycharmProjects/YouTube-airflow/airflow-venv/lib/python3.8/site-packages/airflow/example_dags/plugins/event_listener.py took 0.034 seconds
[2024-11-26T14:48:38.338-0600] {processor.py:186} INFO - Started process (PID=20946) to work on /Users/beprathap/PycharmProjects/YouTube-airflow/airflow-venv/lib/python3.8/site-packages/airflow/example_dags/plugins/event_listener.py
[2024-11-26T14:48:38.338-0600] {processor.py:914} INFO - Processing file /Users/beprathap/PycharmProjects/YouTube-airflow/airflow-venv/lib/python3.8/site-packages/airflow/example_dags/plugins/event_listener.py for tasks to queue
[2024-11-26T14:48:38.338-0600] {logging_mixin.py:190} INFO - [2024-11-26T14:48:38.338-0600] {dagbag.py:588} INFO - Filling up the DagBag from /Users/beprathap/PycharmProjects/YouTube-airflow/airflow-venv/lib/python3.8/site-packages/airflow/example_dags/plugins/event_listener.py
[2024-11-26T14:48:38.339-0600] {processor.py:927} WARNING - No viable dags retrieved from /Users/beprathap/PycharmProjects/YouTube-airflow/airflow-venv/lib/python3.8/site-packages/airflow/example_dags/plugins/event_listener.py
[2024-11-26T14:48:38.371-0600] {processor.py:208} INFO - Processing /Users/beprathap/PycharmProjects/YouTube-airflow/airflow-venv/lib/python3.8/site-packages/airflow/example_dags/plugins/event_listener.py took 0.035 seconds
[2024-11-26T15:01:03.787-0600] {processor.py:186} INFO - Started process (PID=21293) to work on /Library/Frameworks/Python.framework/Versions/3.8/lib/python3.8/site-packages/airflow/example_dags/plugins/event_listener.py
[2024-11-26T15:01:03.788-0600] {processor.py:914} INFO - Processing file /Library/Frameworks/Python.framework/Versions/3.8/lib/python3.8/site-packages/airflow/example_dags/plugins/event_listener.py for tasks to queue
[2024-11-26T15:01:03.788-0600] {logging_mixin.py:190} INFO - [2024-11-26T15:01:03.788-0600] {dagbag.py:588} INFO - Filling up the DagBag from /Library/Frameworks/Python.framework/Versions/3.8/lib/python3.8/site-packages/airflow/example_dags/plugins/event_listener.py
[2024-11-26T15:01:03.788-0600] {processor.py:927} WARNING - No viable dags retrieved from /Library/Frameworks/Python.framework/Versions/3.8/lib/python3.8/site-packages/airflow/example_dags/plugins/event_listener.py
[2024-11-26T15:01:03.819-0600] {processor.py:208} INFO - Processing /Library/Frameworks/Python.framework/Versions/3.8/lib/python3.8/site-packages/airflow/example_dags/plugins/event_listener.py took 0.033 seconds
[2024-11-26T15:02:46.007-0600] {processor.py:186} INFO - Started process (PID=21503) to work on /Library/Frameworks/Python.framework/Versions/3.8/lib/python3.8/site-packages/airflow/example_dags/plugins/event_listener.py
[2024-11-26T15:02:46.008-0600] {processor.py:914} INFO - Processing file /Library/Frameworks/Python.framework/Versions/3.8/lib/python3.8/site-packages/airflow/example_dags/plugins/event_listener.py for tasks to queue
[2024-11-26T15:02:46.008-0600] {logging_mixin.py:190} INFO - [2024-11-26T15:02:46.008-0600] {dagbag.py:588} INFO - Filling up the DagBag from /Library/Frameworks/Python.framework/Versions/3.8/lib/python3.8/site-packages/airflow/example_dags/plugins/event_listener.py
[2024-11-26T15:02:46.008-0600] {processor.py:927} WARNING - No viable dags retrieved from /Library/Frameworks/Python.framework/Versions/3.8/lib/python3.8/site-packages/airflow/example_dags/plugins/event_listener.py
[2024-11-26T15:02:46.039-0600] {processor.py:208} INFO - Processing /Library/Frameworks/Python.framework/Versions/3.8/lib/python3.8/site-packages/airflow/example_dags/plugins/event_listener.py took 0.033 seconds
[2024-11-26T15:03:57.935-0600] {processor.py:186} INFO - Started process (PID=21627) to work on /Library/Frameworks/Python.framework/Versions/3.8/lib/python3.8/site-packages/airflow/example_dags/plugins/event_listener.py
[2024-11-26T15:03:57.935-0600] {processor.py:914} INFO - Processing file /Library/Frameworks/Python.framework/Versions/3.8/lib/python3.8/site-packages/airflow/example_dags/plugins/event_listener.py for tasks to queue
[2024-11-26T15:03:57.935-0600] {logging_mixin.py:190} INFO - [2024-11-26T15:03:57.935-0600] {dagbag.py:588} INFO - Filling up the DagBag from /Library/Frameworks/Python.framework/Versions/3.8/lib/python3.8/site-packages/airflow/example_dags/plugins/event_listener.py
[2024-11-26T15:03:57.936-0600] {processor.py:927} WARNING - No viable dags retrieved from /Library/Frameworks/Python.framework/Versions/3.8/lib/python3.8/site-packages/airflow/example_dags/plugins/event_listener.py
[2024-11-26T15:03:57.968-0600] {processor.py:208} INFO - Processing /Library/Frameworks/Python.framework/Versions/3.8/lib/python3.8/site-packages/airflow/example_dags/plugins/event_listener.py took 0.034 seconds
[2024-11-26T15:05:06.762-0600] {processor.py:186} INFO - Started process (PID=21754) to work on /Library/Frameworks/Python.framework/Versions/3.8/lib/python3.8/site-packages/airflow/example_dags/plugins/event_listener.py
[2024-11-26T15:05:06.762-0600] {processor.py:914} INFO - Processing file /Library/Frameworks/Python.framework/Versions/3.8/lib/python3.8/site-packages/airflow/example_dags/plugins/event_listener.py for tasks to queue
[2024-11-26T15:05:06.762-0600] {logging_mixin.py:190} INFO - [2024-11-26T15:05:06.762-0600] {dagbag.py:588} INFO - Filling up the DagBag from /Library/Frameworks/Python.framework/Versions/3.8/lib/python3.8/site-packages/airflow/example_dags/plugins/event_listener.py
[2024-11-26T15:05:06.763-0600] {processor.py:927} WARNING - No viable dags retrieved from /Library/Frameworks/Python.framework/Versions/3.8/lib/python3.8/site-packages/airflow/example_dags/plugins/event_listener.py
[2024-11-26T15:05:06.794-0600] {processor.py:208} INFO - Processing /Library/Frameworks/Python.framework/Versions/3.8/lib/python3.8/site-packages/airflow/example_dags/plugins/event_listener.py took 0.033 seconds
[2024-11-26T15:06:17.132-0600] {processor.py:186} INFO - Started process (PID=21874) to work on /Library/Frameworks/Python.framework/Versions/3.8/lib/python3.8/site-packages/airflow/example_dags/plugins/event_listener.py
[2024-11-26T15:06:17.133-0600] {processor.py:914} INFO - Processing file /Library/Frameworks/Python.framework/Versions/3.8/lib/python3.8/site-packages/airflow/example_dags/plugins/event_listener.py for tasks to queue
[2024-11-26T15:06:17.133-0600] {logging_mixin.py:190} INFO - [2024-11-26T15:06:17.133-0600] {dagbag.py:588} INFO - Filling up the DagBag from /Library/Frameworks/Python.framework/Versions/3.8/lib/python3.8/site-packages/airflow/example_dags/plugins/event_listener.py
[2024-11-26T15:06:17.133-0600] {processor.py:927} WARNING - No viable dags retrieved from /Library/Frameworks/Python.framework/Versions/3.8/lib/python3.8/site-packages/airflow/example_dags/plugins/event_listener.py
[2024-11-26T15:06:17.164-0600] {processor.py:208} INFO - Processing /Library/Frameworks/Python.framework/Versions/3.8/lib/python3.8/site-packages/airflow/example_dags/plugins/event_listener.py took 0.033 seconds
[2024-11-26T15:07:28.470-0600] {processor.py:186} INFO - Started process (PID=22040) to work on /Library/Frameworks/Python.framework/Versions/3.8/lib/python3.8/site-packages/airflow/example_dags/plugins/event_listener.py
[2024-11-26T15:07:28.470-0600] {processor.py:914} INFO - Processing file /Library/Frameworks/Python.framework/Versions/3.8/lib/python3.8/site-packages/airflow/example_dags/plugins/event_listener.py for tasks to queue
[2024-11-26T15:07:28.471-0600] {logging_mixin.py:190} INFO - [2024-11-26T15:07:28.470-0600] {dagbag.py:588} INFO - Filling up the DagBag from /Library/Frameworks/Python.framework/Versions/3.8/lib/python3.8/site-packages/airflow/example_dags/plugins/event_listener.py
[2024-11-26T15:07:28.471-0600] {processor.py:927} WARNING - No viable dags retrieved from /Library/Frameworks/Python.framework/Versions/3.8/lib/python3.8/site-packages/airflow/example_dags/plugins/event_listener.py
[2024-11-26T15:07:28.503-0600] {processor.py:208} INFO - Processing /Library/Frameworks/Python.framework/Versions/3.8/lib/python3.8/site-packages/airflow/example_dags/plugins/event_listener.py took 0.034 seconds
[2024-11-26T15:16:04.117-0600] {processor.py:186} INFO - Started process (PID=22308) to work on /Library/Frameworks/Python.framework/Versions/3.8/lib/python3.8/site-packages/airflow/example_dags/plugins/event_listener.py
[2024-11-26T15:16:04.118-0600] {processor.py:914} INFO - Processing file /Library/Frameworks/Python.framework/Versions/3.8/lib/python3.8/site-packages/airflow/example_dags/plugins/event_listener.py for tasks to queue
[2024-11-26T15:16:04.118-0600] {logging_mixin.py:190} INFO - [2024-11-26T15:16:04.118-0600] {dagbag.py:588} INFO - Filling up the DagBag from /Library/Frameworks/Python.framework/Versions/3.8/lib/python3.8/site-packages/airflow/example_dags/plugins/event_listener.py
[2024-11-26T15:16:04.118-0600] {processor.py:927} WARNING - No viable dags retrieved from /Library/Frameworks/Python.framework/Versions/3.8/lib/python3.8/site-packages/airflow/example_dags/plugins/event_listener.py
[2024-11-26T15:16:04.149-0600] {processor.py:208} INFO - Processing /Library/Frameworks/Python.framework/Versions/3.8/lib/python3.8/site-packages/airflow/example_dags/plugins/event_listener.py took 0.034 seconds
[2024-11-26T15:17:44.634-0600] {processor.py:186} INFO - Started process (PID=22504) to work on /Library/Frameworks/Python.framework/Versions/3.8/lib/python3.8/site-packages/airflow/example_dags/plugins/event_listener.py
[2024-11-26T15:17:44.635-0600] {processor.py:914} INFO - Processing file /Library/Frameworks/Python.framework/Versions/3.8/lib/python3.8/site-packages/airflow/example_dags/plugins/event_listener.py for tasks to queue
[2024-11-26T15:17:44.635-0600] {logging_mixin.py:190} INFO - [2024-11-26T15:17:44.635-0600] {dagbag.py:588} INFO - Filling up the DagBag from /Library/Frameworks/Python.framework/Versions/3.8/lib/python3.8/site-packages/airflow/example_dags/plugins/event_listener.py
[2024-11-26T15:17:44.635-0600] {processor.py:927} WARNING - No viable dags retrieved from /Library/Frameworks/Python.framework/Versions/3.8/lib/python3.8/site-packages/airflow/example_dags/plugins/event_listener.py
[2024-11-26T15:17:44.666-0600] {processor.py:208} INFO - Processing /Library/Frameworks/Python.framework/Versions/3.8/lib/python3.8/site-packages/airflow/example_dags/plugins/event_listener.py took 0.033 seconds
[2024-11-26T15:18:49.761-0600] {processor.py:186} INFO - Started process (PID=22638) to work on /Library/Frameworks/Python.framework/Versions/3.8/lib/python3.8/site-packages/airflow/example_dags/plugins/event_listener.py
[2024-11-26T15:18:49.761-0600] {processor.py:914} INFO - Processing file /Library/Frameworks/Python.framework/Versions/3.8/lib/python3.8/site-packages/airflow/example_dags/plugins/event_listener.py for tasks to queue
[2024-11-26T15:18:49.762-0600] {logging_mixin.py:190} INFO - [2024-11-26T15:18:49.762-0600] {dagbag.py:588} INFO - Filling up the DagBag from /Library/Frameworks/Python.framework/Versions/3.8/lib/python3.8/site-packages/airflow/example_dags/plugins/event_listener.py
[2024-11-26T15:18:49.762-0600] {processor.py:927} WARNING - No viable dags retrieved from /Library/Frameworks/Python.framework/Versions/3.8/lib/python3.8/site-packages/airflow/example_dags/plugins/event_listener.py
[2024-11-26T15:18:49.793-0600] {processor.py:208} INFO - Processing /Library/Frameworks/Python.framework/Versions/3.8/lib/python3.8/site-packages/airflow/example_dags/plugins/event_listener.py took 0.033 seconds
[2024-11-26T15:19:58.847-0600] {processor.py:186} INFO - Started process (PID=22768) to work on /Library/Frameworks/Python.framework/Versions/3.8/lib/python3.8/site-packages/airflow/example_dags/plugins/event_listener.py
[2024-11-26T15:19:58.847-0600] {processor.py:914} INFO - Processing file /Library/Frameworks/Python.framework/Versions/3.8/lib/python3.8/site-packages/airflow/example_dags/plugins/event_listener.py for tasks to queue
[2024-11-26T15:19:58.848-0600] {logging_mixin.py:190} INFO - [2024-11-26T15:19:58.848-0600] {dagbag.py:588} INFO - Filling up the DagBag from /Library/Frameworks/Python.framework/Versions/3.8/lib/python3.8/site-packages/airflow/example_dags/plugins/event_listener.py
[2024-11-26T15:19:58.848-0600] {processor.py:927} WARNING - No viable dags retrieved from /Library/Frameworks/Python.framework/Versions/3.8/lib/python3.8/site-packages/airflow/example_dags/plugins/event_listener.py
[2024-11-26T15:19:58.879-0600] {processor.py:208} INFO - Processing /Library/Frameworks/Python.framework/Versions/3.8/lib/python3.8/site-packages/airflow/example_dags/plugins/event_listener.py took 0.033 seconds
[2024-11-26T15:21:05.994-0600] {processor.py:186} INFO - Started process (PID=22895) to work on /Library/Frameworks/Python.framework/Versions/3.8/lib/python3.8/site-packages/airflow/example_dags/plugins/event_listener.py
[2024-11-26T15:21:05.995-0600] {processor.py:914} INFO - Processing file /Library/Frameworks/Python.framework/Versions/3.8/lib/python3.8/site-packages/airflow/example_dags/plugins/event_listener.py for tasks to queue
[2024-11-26T15:21:05.995-0600] {logging_mixin.py:190} INFO - [2024-11-26T15:21:05.995-0600] {dagbag.py:588} INFO - Filling up the DagBag from /Library/Frameworks/Python.framework/Versions/3.8/lib/python3.8/site-packages/airflow/example_dags/plugins/event_listener.py
[2024-11-26T15:21:05.996-0600] {processor.py:927} WARNING - No viable dags retrieved from /Library/Frameworks/Python.framework/Versions/3.8/lib/python3.8/site-packages/airflow/example_dags/plugins/event_listener.py
[2024-11-26T15:21:06.027-0600] {processor.py:208} INFO - Processing /Library/Frameworks/Python.framework/Versions/3.8/lib/python3.8/site-packages/airflow/example_dags/plugins/event_listener.py took 0.034 seconds
[2024-11-26T15:22:11.914-0600] {processor.py:186} INFO - Started process (PID=23032) to work on /Library/Frameworks/Python.framework/Versions/3.8/lib/python3.8/site-packages/airflow/example_dags/plugins/event_listener.py
[2024-11-26T15:22:11.914-0600] {processor.py:914} INFO - Processing file /Library/Frameworks/Python.framework/Versions/3.8/lib/python3.8/site-packages/airflow/example_dags/plugins/event_listener.py for tasks to queue
[2024-11-26T15:22:11.915-0600] {logging_mixin.py:190} INFO - [2024-11-26T15:22:11.914-0600] {dagbag.py:588} INFO - Filling up the DagBag from /Library/Frameworks/Python.framework/Versions/3.8/lib/python3.8/site-packages/airflow/example_dags/plugins/event_listener.py
[2024-11-26T15:22:11.915-0600] {processor.py:927} WARNING - No viable dags retrieved from /Library/Frameworks/Python.framework/Versions/3.8/lib/python3.8/site-packages/airflow/example_dags/plugins/event_listener.py
[2024-11-26T15:22:11.946-0600] {processor.py:208} INFO - Processing /Library/Frameworks/Python.framework/Versions/3.8/lib/python3.8/site-packages/airflow/example_dags/plugins/event_listener.py took 0.033 seconds
[2024-11-26T15:23:20.152-0600] {processor.py:186} INFO - Started process (PID=23171) to work on /Library/Frameworks/Python.framework/Versions/3.8/lib/python3.8/site-packages/airflow/example_dags/plugins/event_listener.py
[2024-11-26T15:23:20.153-0600] {processor.py:914} INFO - Processing file /Library/Frameworks/Python.framework/Versions/3.8/lib/python3.8/site-packages/airflow/example_dags/plugins/event_listener.py for tasks to queue
[2024-11-26T15:23:20.153-0600] {logging_mixin.py:190} INFO - [2024-11-26T15:23:20.153-0600] {dagbag.py:588} INFO - Filling up the DagBag from /Library/Frameworks/Python.framework/Versions/3.8/lib/python3.8/site-packages/airflow/example_dags/plugins/event_listener.py
[2024-11-26T15:23:20.153-0600] {processor.py:927} WARNING - No viable dags retrieved from /Library/Frameworks/Python.framework/Versions/3.8/lib/python3.8/site-packages/airflow/example_dags/plugins/event_listener.py
[2024-11-26T15:23:20.185-0600] {processor.py:208} INFO - Processing /Library/Frameworks/Python.framework/Versions/3.8/lib/python3.8/site-packages/airflow/example_dags/plugins/event_listener.py took 0.034 seconds
[2024-11-26T15:32:59.044-0600] {processor.py:186} INFO - Started process (PID=23414) to work on /Library/Frameworks/Python.framework/Versions/3.8/lib/python3.8/site-packages/airflow/example_dags/plugins/event_listener.py
[2024-11-26T15:32:59.045-0600] {processor.py:914} INFO - Processing file /Library/Frameworks/Python.framework/Versions/3.8/lib/python3.8/site-packages/airflow/example_dags/plugins/event_listener.py for tasks to queue
[2024-11-26T15:32:59.045-0600] {logging_mixin.py:190} INFO - [2024-11-26T15:32:59.045-0600] {dagbag.py:588} INFO - Filling up the DagBag from /Library/Frameworks/Python.framework/Versions/3.8/lib/python3.8/site-packages/airflow/example_dags/plugins/event_listener.py
[2024-11-26T15:32:59.045-0600] {processor.py:927} WARNING - No viable dags retrieved from /Library/Frameworks/Python.framework/Versions/3.8/lib/python3.8/site-packages/airflow/example_dags/plugins/event_listener.py
[2024-11-26T15:32:59.077-0600] {processor.py:208} INFO - Processing /Library/Frameworks/Python.framework/Versions/3.8/lib/python3.8/site-packages/airflow/example_dags/plugins/event_listener.py took 0.034 seconds
[2024-11-26T15:34:38.808-0600] {processor.py:186} INFO - Started process (PID=23601) to work on /Library/Frameworks/Python.framework/Versions/3.8/lib/python3.8/site-packages/airflow/example_dags/plugins/event_listener.py
[2024-11-26T15:34:38.809-0600] {processor.py:914} INFO - Processing file /Library/Frameworks/Python.framework/Versions/3.8/lib/python3.8/site-packages/airflow/example_dags/plugins/event_listener.py for tasks to queue
[2024-11-26T15:34:38.809-0600] {logging_mixin.py:190} INFO - [2024-11-26T15:34:38.809-0600] {dagbag.py:588} INFO - Filling up the DagBag from /Library/Frameworks/Python.framework/Versions/3.8/lib/python3.8/site-packages/airflow/example_dags/plugins/event_listener.py
[2024-11-26T15:34:38.809-0600] {processor.py:927} WARNING - No viable dags retrieved from /Library/Frameworks/Python.framework/Versions/3.8/lib/python3.8/site-packages/airflow/example_dags/plugins/event_listener.py
[2024-11-26T15:34:38.843-0600] {processor.py:208} INFO - Processing /Library/Frameworks/Python.framework/Versions/3.8/lib/python3.8/site-packages/airflow/example_dags/plugins/event_listener.py took 0.036 seconds
[2024-11-26T15:35:46.651-0600] {processor.py:186} INFO - Started process (PID=23733) to work on /Library/Frameworks/Python.framework/Versions/3.8/lib/python3.8/site-packages/airflow/example_dags/plugins/event_listener.py
[2024-11-26T15:35:46.651-0600] {processor.py:914} INFO - Processing file /Library/Frameworks/Python.framework/Versions/3.8/lib/python3.8/site-packages/airflow/example_dags/plugins/event_listener.py for tasks to queue
[2024-11-26T15:35:46.652-0600] {logging_mixin.py:190} INFO - [2024-11-26T15:35:46.652-0600] {dagbag.py:588} INFO - Filling up the DagBag from /Library/Frameworks/Python.framework/Versions/3.8/lib/python3.8/site-packages/airflow/example_dags/plugins/event_listener.py
[2024-11-26T15:35:46.652-0600] {processor.py:927} WARNING - No viable dags retrieved from /Library/Frameworks/Python.framework/Versions/3.8/lib/python3.8/site-packages/airflow/example_dags/plugins/event_listener.py
[2024-11-26T15:35:46.683-0600] {processor.py:208} INFO - Processing /Library/Frameworks/Python.framework/Versions/3.8/lib/python3.8/site-packages/airflow/example_dags/plugins/event_listener.py took 0.033 seconds
[2024-11-26T15:36:54.463-0600] {processor.py:186} INFO - Started process (PID=23860) to work on /Library/Frameworks/Python.framework/Versions/3.8/lib/python3.8/site-packages/airflow/example_dags/plugins/event_listener.py
[2024-11-26T15:36:54.463-0600] {processor.py:914} INFO - Processing file /Library/Frameworks/Python.framework/Versions/3.8/lib/python3.8/site-packages/airflow/example_dags/plugins/event_listener.py for tasks to queue
[2024-11-26T15:36:54.464-0600] {logging_mixin.py:190} INFO - [2024-11-26T15:36:54.464-0600] {dagbag.py:588} INFO - Filling up the DagBag from /Library/Frameworks/Python.framework/Versions/3.8/lib/python3.8/site-packages/airflow/example_dags/plugins/event_listener.py
[2024-11-26T15:36:54.464-0600] {processor.py:927} WARNING - No viable dags retrieved from /Library/Frameworks/Python.framework/Versions/3.8/lib/python3.8/site-packages/airflow/example_dags/plugins/event_listener.py
[2024-11-26T15:36:54.496-0600] {processor.py:208} INFO - Processing /Library/Frameworks/Python.framework/Versions/3.8/lib/python3.8/site-packages/airflow/example_dags/plugins/event_listener.py took 0.035 seconds
[2024-11-26T15:38:03.431-0600] {processor.py:186} INFO - Started process (PID=23994) to work on /Library/Frameworks/Python.framework/Versions/3.8/lib/python3.8/site-packages/airflow/example_dags/plugins/event_listener.py
[2024-11-26T15:38:03.432-0600] {processor.py:914} INFO - Processing file /Library/Frameworks/Python.framework/Versions/3.8/lib/python3.8/site-packages/airflow/example_dags/plugins/event_listener.py for tasks to queue
[2024-11-26T15:38:03.432-0600] {logging_mixin.py:190} INFO - [2024-11-26T15:38:03.432-0600] {dagbag.py:588} INFO - Filling up the DagBag from /Library/Frameworks/Python.framework/Versions/3.8/lib/python3.8/site-packages/airflow/example_dags/plugins/event_listener.py
[2024-11-26T15:38:03.432-0600] {processor.py:927} WARNING - No viable dags retrieved from /Library/Frameworks/Python.framework/Versions/3.8/lib/python3.8/site-packages/airflow/example_dags/plugins/event_listener.py
[2024-11-26T15:38:03.464-0600] {processor.py:208} INFO - Processing /Library/Frameworks/Python.framework/Versions/3.8/lib/python3.8/site-packages/airflow/example_dags/plugins/event_listener.py took 0.034 seconds
[2024-11-26T15:39:08.932-0600] {processor.py:186} INFO - Started process (PID=24118) to work on /Library/Frameworks/Python.framework/Versions/3.8/lib/python3.8/site-packages/airflow/example_dags/plugins/event_listener.py
[2024-11-26T15:39:08.933-0600] {processor.py:914} INFO - Processing file /Library/Frameworks/Python.framework/Versions/3.8/lib/python3.8/site-packages/airflow/example_dags/plugins/event_listener.py for tasks to queue
[2024-11-26T15:39:08.933-0600] {logging_mixin.py:190} INFO - [2024-11-26T15:39:08.933-0600] {dagbag.py:588} INFO - Filling up the DagBag from /Library/Frameworks/Python.framework/Versions/3.8/lib/python3.8/site-packages/airflow/example_dags/plugins/event_listener.py
[2024-11-26T15:39:08.934-0600] {processor.py:927} WARNING - No viable dags retrieved from /Library/Frameworks/Python.framework/Versions/3.8/lib/python3.8/site-packages/airflow/example_dags/plugins/event_listener.py
[2024-11-26T15:39:08.966-0600] {processor.py:208} INFO - Processing /Library/Frameworks/Python.framework/Versions/3.8/lib/python3.8/site-packages/airflow/example_dags/plugins/event_listener.py took 0.035 seconds
[2024-11-26T15:40:14.410-0600] {processor.py:186} INFO - Started process (PID=24246) to work on /Library/Frameworks/Python.framework/Versions/3.8/lib/python3.8/site-packages/airflow/example_dags/plugins/event_listener.py
[2024-11-26T15:40:14.411-0600] {processor.py:914} INFO - Processing file /Library/Frameworks/Python.framework/Versions/3.8/lib/python3.8/site-packages/airflow/example_dags/plugins/event_listener.py for tasks to queue
[2024-11-26T15:40:14.411-0600] {logging_mixin.py:190} INFO - [2024-11-26T15:40:14.411-0600] {dagbag.py:588} INFO - Filling up the DagBag from /Library/Frameworks/Python.framework/Versions/3.8/lib/python3.8/site-packages/airflow/example_dags/plugins/event_listener.py
[2024-11-26T15:40:14.412-0600] {processor.py:927} WARNING - No viable dags retrieved from /Library/Frameworks/Python.framework/Versions/3.8/lib/python3.8/site-packages/airflow/example_dags/plugins/event_listener.py
[2024-11-26T15:40:14.443-0600] {processor.py:208} INFO - Processing /Library/Frameworks/Python.framework/Versions/3.8/lib/python3.8/site-packages/airflow/example_dags/plugins/event_listener.py took 0.035 seconds
[2024-11-26T15:41:25.526-0600] {processor.py:186} INFO - Started process (PID=24375) to work on /Library/Frameworks/Python.framework/Versions/3.8/lib/python3.8/site-packages/airflow/example_dags/plugins/event_listener.py
[2024-11-26T15:41:25.526-0600] {processor.py:914} INFO - Processing file /Library/Frameworks/Python.framework/Versions/3.8/lib/python3.8/site-packages/airflow/example_dags/plugins/event_listener.py for tasks to queue
[2024-11-26T15:41:25.527-0600] {logging_mixin.py:190} INFO - [2024-11-26T15:41:25.526-0600] {dagbag.py:588} INFO - Filling up the DagBag from /Library/Frameworks/Python.framework/Versions/3.8/lib/python3.8/site-packages/airflow/example_dags/plugins/event_listener.py
[2024-11-26T15:41:25.527-0600] {processor.py:927} WARNING - No viable dags retrieved from /Library/Frameworks/Python.framework/Versions/3.8/lib/python3.8/site-packages/airflow/example_dags/plugins/event_listener.py
[2024-11-26T15:41:25.558-0600] {processor.py:208} INFO - Processing /Library/Frameworks/Python.framework/Versions/3.8/lib/python3.8/site-packages/airflow/example_dags/plugins/event_listener.py took 0.033 seconds
[2024-11-26T15:42:34.483-0600] {processor.py:186} INFO - Started process (PID=24498) to work on /Library/Frameworks/Python.framework/Versions/3.8/lib/python3.8/site-packages/airflow/example_dags/plugins/event_listener.py
[2024-11-26T15:42:34.483-0600] {processor.py:914} INFO - Processing file /Library/Frameworks/Python.framework/Versions/3.8/lib/python3.8/site-packages/airflow/example_dags/plugins/event_listener.py for tasks to queue
[2024-11-26T15:42:34.484-0600] {logging_mixin.py:190} INFO - [2024-11-26T15:42:34.483-0600] {dagbag.py:588} INFO - Filling up the DagBag from /Library/Frameworks/Python.framework/Versions/3.8/lib/python3.8/site-packages/airflow/example_dags/plugins/event_listener.py
[2024-11-26T15:42:34.484-0600] {processor.py:927} WARNING - No viable dags retrieved from /Library/Frameworks/Python.framework/Versions/3.8/lib/python3.8/site-packages/airflow/example_dags/plugins/event_listener.py
[2024-11-26T15:42:34.516-0600] {processor.py:208} INFO - Processing /Library/Frameworks/Python.framework/Versions/3.8/lib/python3.8/site-packages/airflow/example_dags/plugins/event_listener.py took 0.035 seconds
[2024-11-26T15:43:42.716-0600] {processor.py:186} INFO - Started process (PID=24626) to work on /Library/Frameworks/Python.framework/Versions/3.8/lib/python3.8/site-packages/airflow/example_dags/plugins/event_listener.py
[2024-11-26T15:43:42.716-0600] {processor.py:914} INFO - Processing file /Library/Frameworks/Python.framework/Versions/3.8/lib/python3.8/site-packages/airflow/example_dags/plugins/event_listener.py for tasks to queue
[2024-11-26T15:43:42.717-0600] {logging_mixin.py:190} INFO - [2024-11-26T15:43:42.716-0600] {dagbag.py:588} INFO - Filling up the DagBag from /Library/Frameworks/Python.framework/Versions/3.8/lib/python3.8/site-packages/airflow/example_dags/plugins/event_listener.py
[2024-11-26T15:43:42.717-0600] {processor.py:927} WARNING - No viable dags retrieved from /Library/Frameworks/Python.framework/Versions/3.8/lib/python3.8/site-packages/airflow/example_dags/plugins/event_listener.py
[2024-11-26T15:43:42.754-0600] {processor.py:208} INFO - Processing /Library/Frameworks/Python.framework/Versions/3.8/lib/python3.8/site-packages/airflow/example_dags/plugins/event_listener.py took 0.040 seconds
[2024-11-26T15:44:50.489-0600] {processor.py:186} INFO - Started process (PID=24755) to work on /Library/Frameworks/Python.framework/Versions/3.8/lib/python3.8/site-packages/airflow/example_dags/plugins/event_listener.py
[2024-11-26T15:44:50.489-0600] {processor.py:914} INFO - Processing file /Library/Frameworks/Python.framework/Versions/3.8/lib/python3.8/site-packages/airflow/example_dags/plugins/event_listener.py for tasks to queue
[2024-11-26T15:44:50.490-0600] {logging_mixin.py:190} INFO - [2024-11-26T15:44:50.490-0600] {dagbag.py:588} INFO - Filling up the DagBag from /Library/Frameworks/Python.framework/Versions/3.8/lib/python3.8/site-packages/airflow/example_dags/plugins/event_listener.py
[2024-11-26T15:44:50.490-0600] {processor.py:927} WARNING - No viable dags retrieved from /Library/Frameworks/Python.framework/Versions/3.8/lib/python3.8/site-packages/airflow/example_dags/plugins/event_listener.py
[2024-11-26T15:44:50.522-0600] {processor.py:208} INFO - Processing /Library/Frameworks/Python.framework/Versions/3.8/lib/python3.8/site-packages/airflow/example_dags/plugins/event_listener.py took 0.034 seconds
[2024-11-26T15:45:58.375-0600] {processor.py:186} INFO - Started process (PID=24877) to work on /Library/Frameworks/Python.framework/Versions/3.8/lib/python3.8/site-packages/airflow/example_dags/plugins/event_listener.py
[2024-11-26T15:45:58.375-0600] {processor.py:914} INFO - Processing file /Library/Frameworks/Python.framework/Versions/3.8/lib/python3.8/site-packages/airflow/example_dags/plugins/event_listener.py for tasks to queue
[2024-11-26T15:45:58.375-0600] {logging_mixin.py:190} INFO - [2024-11-26T15:45:58.375-0600] {dagbag.py:588} INFO - Filling up the DagBag from /Library/Frameworks/Python.framework/Versions/3.8/lib/python3.8/site-packages/airflow/example_dags/plugins/event_listener.py
[2024-11-26T15:45:58.376-0600] {processor.py:927} WARNING - No viable dags retrieved from /Library/Frameworks/Python.framework/Versions/3.8/lib/python3.8/site-packages/airflow/example_dags/plugins/event_listener.py
[2024-11-26T15:45:58.407-0600] {processor.py:208} INFO - Processing /Library/Frameworks/Python.framework/Versions/3.8/lib/python3.8/site-packages/airflow/example_dags/plugins/event_listener.py took 0.034 seconds
[2024-11-26T15:47:04.103-0600] {processor.py:186} INFO - Started process (PID=25001) to work on /Library/Frameworks/Python.framework/Versions/3.8/lib/python3.8/site-packages/airflow/example_dags/plugins/event_listener.py
[2024-11-26T15:47:04.103-0600] {processor.py:914} INFO - Processing file /Library/Frameworks/Python.framework/Versions/3.8/lib/python3.8/site-packages/airflow/example_dags/plugins/event_listener.py for tasks to queue
[2024-11-26T15:47:04.104-0600] {logging_mixin.py:190} INFO - [2024-11-26T15:47:04.104-0600] {dagbag.py:588} INFO - Filling up the DagBag from /Library/Frameworks/Python.framework/Versions/3.8/lib/python3.8/site-packages/airflow/example_dags/plugins/event_listener.py
[2024-11-26T15:47:04.104-0600] {processor.py:927} WARNING - No viable dags retrieved from /Library/Frameworks/Python.framework/Versions/3.8/lib/python3.8/site-packages/airflow/example_dags/plugins/event_listener.py
[2024-11-26T15:47:04.135-0600] {processor.py:208} INFO - Processing /Library/Frameworks/Python.framework/Versions/3.8/lib/python3.8/site-packages/airflow/example_dags/plugins/event_listener.py took 0.034 seconds
[2024-11-26T15:48:09.738-0600] {processor.py:186} INFO - Started process (PID=25132) to work on /Library/Frameworks/Python.framework/Versions/3.8/lib/python3.8/site-packages/airflow/example_dags/plugins/event_listener.py
[2024-11-26T15:48:09.739-0600] {processor.py:914} INFO - Processing file /Library/Frameworks/Python.framework/Versions/3.8/lib/python3.8/site-packages/airflow/example_dags/plugins/event_listener.py for tasks to queue
[2024-11-26T15:48:09.739-0600] {logging_mixin.py:190} INFO - [2024-11-26T15:48:09.739-0600] {dagbag.py:588} INFO - Filling up the DagBag from /Library/Frameworks/Python.framework/Versions/3.8/lib/python3.8/site-packages/airflow/example_dags/plugins/event_listener.py
[2024-11-26T15:48:09.739-0600] {processor.py:927} WARNING - No viable dags retrieved from /Library/Frameworks/Python.framework/Versions/3.8/lib/python3.8/site-packages/airflow/example_dags/plugins/event_listener.py
[2024-11-26T15:48:09.770-0600] {processor.py:208} INFO - Processing /Library/Frameworks/Python.framework/Versions/3.8/lib/python3.8/site-packages/airflow/example_dags/plugins/event_listener.py took 0.033 seconds
[2024-11-26T15:49:15.896-0600] {processor.py:186} INFO - Started process (PID=25258) to work on /Library/Frameworks/Python.framework/Versions/3.8/lib/python3.8/site-packages/airflow/example_dags/plugins/event_listener.py
[2024-11-26T15:49:15.896-0600] {processor.py:914} INFO - Processing file /Library/Frameworks/Python.framework/Versions/3.8/lib/python3.8/site-packages/airflow/example_dags/plugins/event_listener.py for tasks to queue
[2024-11-26T15:49:15.897-0600] {logging_mixin.py:190} INFO - [2024-11-26T15:49:15.897-0600] {dagbag.py:588} INFO - Filling up the DagBag from /Library/Frameworks/Python.framework/Versions/3.8/lib/python3.8/site-packages/airflow/example_dags/plugins/event_listener.py
[2024-11-26T15:49:15.897-0600] {processor.py:927} WARNING - No viable dags retrieved from /Library/Frameworks/Python.framework/Versions/3.8/lib/python3.8/site-packages/airflow/example_dags/plugins/event_listener.py
[2024-11-26T15:49:15.931-0600] {processor.py:208} INFO - Processing /Library/Frameworks/Python.framework/Versions/3.8/lib/python3.8/site-packages/airflow/example_dags/plugins/event_listener.py took 0.036 seconds
[2024-11-26T15:50:24.244-0600] {processor.py:186} INFO - Started process (PID=25390) to work on /Library/Frameworks/Python.framework/Versions/3.8/lib/python3.8/site-packages/airflow/example_dags/plugins/event_listener.py
[2024-11-26T15:50:24.246-0600] {processor.py:914} INFO - Processing file /Library/Frameworks/Python.framework/Versions/3.8/lib/python3.8/site-packages/airflow/example_dags/plugins/event_listener.py for tasks to queue
[2024-11-26T15:50:24.247-0600] {logging_mixin.py:190} INFO - [2024-11-26T15:50:24.247-0600] {dagbag.py:588} INFO - Filling up the DagBag from /Library/Frameworks/Python.framework/Versions/3.8/lib/python3.8/site-packages/airflow/example_dags/plugins/event_listener.py
[2024-11-26T15:50:24.247-0600] {processor.py:927} WARNING - No viable dags retrieved from /Library/Frameworks/Python.framework/Versions/3.8/lib/python3.8/site-packages/airflow/example_dags/plugins/event_listener.py
[2024-11-26T15:50:24.279-0600] {processor.py:208} INFO - Processing /Library/Frameworks/Python.framework/Versions/3.8/lib/python3.8/site-packages/airflow/example_dags/plugins/event_listener.py took 0.036 seconds
[2024-11-26T15:51:30.737-0600] {processor.py:186} INFO - Started process (PID=25526) to work on /Library/Frameworks/Python.framework/Versions/3.8/lib/python3.8/site-packages/airflow/example_dags/plugins/event_listener.py
[2024-11-26T15:51:30.737-0600] {processor.py:914} INFO - Processing file /Library/Frameworks/Python.framework/Versions/3.8/lib/python3.8/site-packages/airflow/example_dags/plugins/event_listener.py for tasks to queue
[2024-11-26T15:51:30.738-0600] {logging_mixin.py:190} INFO - [2024-11-26T15:51:30.738-0600] {dagbag.py:588} INFO - Filling up the DagBag from /Library/Frameworks/Python.framework/Versions/3.8/lib/python3.8/site-packages/airflow/example_dags/plugins/event_listener.py
[2024-11-26T15:51:30.738-0600] {processor.py:927} WARNING - No viable dags retrieved from /Library/Frameworks/Python.framework/Versions/3.8/lib/python3.8/site-packages/airflow/example_dags/plugins/event_listener.py
[2024-11-26T15:51:30.770-0600] {processor.py:208} INFO - Processing /Library/Frameworks/Python.framework/Versions/3.8/lib/python3.8/site-packages/airflow/example_dags/plugins/event_listener.py took 0.034 seconds
[2024-11-26T15:52:37.249-0600] {processor.py:186} INFO - Started process (PID=25653) to work on /Library/Frameworks/Python.framework/Versions/3.8/lib/python3.8/site-packages/airflow/example_dags/plugins/event_listener.py
[2024-11-26T15:52:37.249-0600] {processor.py:914} INFO - Processing file /Library/Frameworks/Python.framework/Versions/3.8/lib/python3.8/site-packages/airflow/example_dags/plugins/event_listener.py for tasks to queue
[2024-11-26T15:52:37.250-0600] {logging_mixin.py:190} INFO - [2024-11-26T15:52:37.250-0600] {dagbag.py:588} INFO - Filling up the DagBag from /Library/Frameworks/Python.framework/Versions/3.8/lib/python3.8/site-packages/airflow/example_dags/plugins/event_listener.py
[2024-11-26T15:52:37.250-0600] {processor.py:927} WARNING - No viable dags retrieved from /Library/Frameworks/Python.framework/Versions/3.8/lib/python3.8/site-packages/airflow/example_dags/plugins/event_listener.py
[2024-11-26T15:52:37.281-0600] {processor.py:208} INFO - Processing /Library/Frameworks/Python.framework/Versions/3.8/lib/python3.8/site-packages/airflow/example_dags/plugins/event_listener.py took 0.034 seconds
[2024-11-26T15:53:50.833-0600] {processor.py:186} INFO - Started process (PID=25774) to work on /Library/Frameworks/Python.framework/Versions/3.8/lib/python3.8/site-packages/airflow/example_dags/plugins/event_listener.py
[2024-11-26T15:53:50.835-0600] {processor.py:914} INFO - Processing file /Library/Frameworks/Python.framework/Versions/3.8/lib/python3.8/site-packages/airflow/example_dags/plugins/event_listener.py for tasks to queue
[2024-11-26T15:53:50.835-0600] {logging_mixin.py:190} INFO - [2024-11-26T15:53:50.835-0600] {dagbag.py:588} INFO - Filling up the DagBag from /Library/Frameworks/Python.framework/Versions/3.8/lib/python3.8/site-packages/airflow/example_dags/plugins/event_listener.py
[2024-11-26T15:53:50.836-0600] {processor.py:927} WARNING - No viable dags retrieved from /Library/Frameworks/Python.framework/Versions/3.8/lib/python3.8/site-packages/airflow/example_dags/plugins/event_listener.py
[2024-11-26T15:53:50.870-0600] {processor.py:208} INFO - Processing /Library/Frameworks/Python.framework/Versions/3.8/lib/python3.8/site-packages/airflow/example_dags/plugins/event_listener.py took 0.038 seconds
[2024-11-26T15:55:02.001-0600] {processor.py:186} INFO - Started process (PID=25914) to work on /Library/Frameworks/Python.framework/Versions/3.8/lib/python3.8/site-packages/airflow/example_dags/plugins/event_listener.py
[2024-11-26T15:55:02.003-0600] {processor.py:914} INFO - Processing file /Library/Frameworks/Python.framework/Versions/3.8/lib/python3.8/site-packages/airflow/example_dags/plugins/event_listener.py for tasks to queue
[2024-11-26T15:55:02.004-0600] {logging_mixin.py:190} INFO - [2024-11-26T15:55:02.004-0600] {dagbag.py:588} INFO - Filling up the DagBag from /Library/Frameworks/Python.framework/Versions/3.8/lib/python3.8/site-packages/airflow/example_dags/plugins/event_listener.py
[2024-11-26T15:55:02.004-0600] {processor.py:927} WARNING - No viable dags retrieved from /Library/Frameworks/Python.framework/Versions/3.8/lib/python3.8/site-packages/airflow/example_dags/plugins/event_listener.py
[2024-11-26T15:55:02.035-0600] {processor.py:208} INFO - Processing /Library/Frameworks/Python.framework/Versions/3.8/lib/python3.8/site-packages/airflow/example_dags/plugins/event_listener.py took 0.035 seconds
[2024-11-26T15:56:11.029-0600] {processor.py:186} INFO - Started process (PID=26084) to work on /Library/Frameworks/Python.framework/Versions/3.8/lib/python3.8/site-packages/airflow/example_dags/plugins/event_listener.py
[2024-11-26T15:56:11.029-0600] {processor.py:914} INFO - Processing file /Library/Frameworks/Python.framework/Versions/3.8/lib/python3.8/site-packages/airflow/example_dags/plugins/event_listener.py for tasks to queue
[2024-11-26T15:56:11.029-0600] {logging_mixin.py:190} INFO - [2024-11-26T15:56:11.029-0600] {dagbag.py:588} INFO - Filling up the DagBag from /Library/Frameworks/Python.framework/Versions/3.8/lib/python3.8/site-packages/airflow/example_dags/plugins/event_listener.py
[2024-11-26T15:56:11.030-0600] {processor.py:927} WARNING - No viable dags retrieved from /Library/Frameworks/Python.framework/Versions/3.8/lib/python3.8/site-packages/airflow/example_dags/plugins/event_listener.py
[2024-11-26T15:56:11.063-0600] {processor.py:208} INFO - Processing /Library/Frameworks/Python.framework/Versions/3.8/lib/python3.8/site-packages/airflow/example_dags/plugins/event_listener.py took 0.035 seconds
[2024-11-26T15:57:21.240-0600] {processor.py:186} INFO - Started process (PID=26220) to work on /Library/Frameworks/Python.framework/Versions/3.8/lib/python3.8/site-packages/airflow/example_dags/plugins/event_listener.py
[2024-11-26T15:57:21.241-0600] {processor.py:914} INFO - Processing file /Library/Frameworks/Python.framework/Versions/3.8/lib/python3.8/site-packages/airflow/example_dags/plugins/event_listener.py for tasks to queue
[2024-11-26T15:57:21.241-0600] {logging_mixin.py:190} INFO - [2024-11-26T15:57:21.241-0600] {dagbag.py:588} INFO - Filling up the DagBag from /Library/Frameworks/Python.framework/Versions/3.8/lib/python3.8/site-packages/airflow/example_dags/plugins/event_listener.py
[2024-11-26T15:57:21.242-0600] {processor.py:927} WARNING - No viable dags retrieved from /Library/Frameworks/Python.framework/Versions/3.8/lib/python3.8/site-packages/airflow/example_dags/plugins/event_listener.py
[2024-11-26T15:57:21.273-0600] {processor.py:208} INFO - Processing /Library/Frameworks/Python.framework/Versions/3.8/lib/python3.8/site-packages/airflow/example_dags/plugins/event_listener.py took 0.034 seconds
[2024-11-26T15:58:28.444-0600] {processor.py:186} INFO - Started process (PID=26356) to work on /Library/Frameworks/Python.framework/Versions/3.8/lib/python3.8/site-packages/airflow/example_dags/plugins/event_listener.py
[2024-11-26T15:58:28.444-0600] {processor.py:914} INFO - Processing file /Library/Frameworks/Python.framework/Versions/3.8/lib/python3.8/site-packages/airflow/example_dags/plugins/event_listener.py for tasks to queue
[2024-11-26T15:58:28.445-0600] {logging_mixin.py:190} INFO - [2024-11-26T15:58:28.445-0600] {dagbag.py:588} INFO - Filling up the DagBag from /Library/Frameworks/Python.framework/Versions/3.8/lib/python3.8/site-packages/airflow/example_dags/plugins/event_listener.py
[2024-11-26T15:58:28.445-0600] {processor.py:927} WARNING - No viable dags retrieved from /Library/Frameworks/Python.framework/Versions/3.8/lib/python3.8/site-packages/airflow/example_dags/plugins/event_listener.py
[2024-11-26T15:58:28.480-0600] {processor.py:208} INFO - Processing /Library/Frameworks/Python.framework/Versions/3.8/lib/python3.8/site-packages/airflow/example_dags/plugins/event_listener.py took 0.038 seconds
[2024-11-26T15:59:35.686-0600] {processor.py:186} INFO - Started process (PID=26488) to work on /Library/Frameworks/Python.framework/Versions/3.8/lib/python3.8/site-packages/airflow/example_dags/plugins/event_listener.py
[2024-11-26T15:59:35.687-0600] {processor.py:914} INFO - Processing file /Library/Frameworks/Python.framework/Versions/3.8/lib/python3.8/site-packages/airflow/example_dags/plugins/event_listener.py for tasks to queue
[2024-11-26T15:59:35.687-0600] {logging_mixin.py:190} INFO - [2024-11-26T15:59:35.687-0600] {dagbag.py:588} INFO - Filling up the DagBag from /Library/Frameworks/Python.framework/Versions/3.8/lib/python3.8/site-packages/airflow/example_dags/plugins/event_listener.py
[2024-11-26T15:59:35.687-0600] {processor.py:927} WARNING - No viable dags retrieved from /Library/Frameworks/Python.framework/Versions/3.8/lib/python3.8/site-packages/airflow/example_dags/plugins/event_listener.py
[2024-11-26T15:59:35.720-0600] {processor.py:208} INFO - Processing /Library/Frameworks/Python.framework/Versions/3.8/lib/python3.8/site-packages/airflow/example_dags/plugins/event_listener.py took 0.035 seconds
[2024-11-26T16:00:44.019-0600] {processor.py:186} INFO - Started process (PID=26627) to work on /Library/Frameworks/Python.framework/Versions/3.8/lib/python3.8/site-packages/airflow/example_dags/plugins/event_listener.py
[2024-11-26T16:00:44.020-0600] {processor.py:914} INFO - Processing file /Library/Frameworks/Python.framework/Versions/3.8/lib/python3.8/site-packages/airflow/example_dags/plugins/event_listener.py for tasks to queue
[2024-11-26T16:00:44.020-0600] {logging_mixin.py:190} INFO - [2024-11-26T16:00:44.020-0600] {dagbag.py:588} INFO - Filling up the DagBag from /Library/Frameworks/Python.framework/Versions/3.8/lib/python3.8/site-packages/airflow/example_dags/plugins/event_listener.py
[2024-11-26T16:00:44.021-0600] {processor.py:927} WARNING - No viable dags retrieved from /Library/Frameworks/Python.framework/Versions/3.8/lib/python3.8/site-packages/airflow/example_dags/plugins/event_listener.py
[2024-11-26T16:00:44.052-0600] {processor.py:208} INFO - Processing /Library/Frameworks/Python.framework/Versions/3.8/lib/python3.8/site-packages/airflow/example_dags/plugins/event_listener.py took 0.035 seconds
[2024-11-26T16:01:51.616-0600] {processor.py:186} INFO - Started process (PID=26764) to work on /Library/Frameworks/Python.framework/Versions/3.8/lib/python3.8/site-packages/airflow/example_dags/plugins/event_listener.py
[2024-11-26T16:01:51.617-0600] {processor.py:914} INFO - Processing file /Library/Frameworks/Python.framework/Versions/3.8/lib/python3.8/site-packages/airflow/example_dags/plugins/event_listener.py for tasks to queue
[2024-11-26T16:01:51.618-0600] {logging_mixin.py:190} INFO - [2024-11-26T16:01:51.618-0600] {dagbag.py:588} INFO - Filling up the DagBag from /Library/Frameworks/Python.framework/Versions/3.8/lib/python3.8/site-packages/airflow/example_dags/plugins/event_listener.py
[2024-11-26T16:01:51.618-0600] {processor.py:927} WARNING - No viable dags retrieved from /Library/Frameworks/Python.framework/Versions/3.8/lib/python3.8/site-packages/airflow/example_dags/plugins/event_listener.py
[2024-11-26T16:01:51.650-0600] {processor.py:208} INFO - Processing /Library/Frameworks/Python.framework/Versions/3.8/lib/python3.8/site-packages/airflow/example_dags/plugins/event_listener.py took 0.035 seconds
[2024-11-26T16:02:58.067-0600] {processor.py:186} INFO - Started process (PID=26883) to work on /Library/Frameworks/Python.framework/Versions/3.8/lib/python3.8/site-packages/airflow/example_dags/plugins/event_listener.py
[2024-11-26T16:02:58.068-0600] {processor.py:914} INFO - Processing file /Library/Frameworks/Python.framework/Versions/3.8/lib/python3.8/site-packages/airflow/example_dags/plugins/event_listener.py for tasks to queue
[2024-11-26T16:02:58.068-0600] {logging_mixin.py:190} INFO - [2024-11-26T16:02:58.068-0600] {dagbag.py:588} INFO - Filling up the DagBag from /Library/Frameworks/Python.framework/Versions/3.8/lib/python3.8/site-packages/airflow/example_dags/plugins/event_listener.py
[2024-11-26T16:02:58.069-0600] {processor.py:927} WARNING - No viable dags retrieved from /Library/Frameworks/Python.framework/Versions/3.8/lib/python3.8/site-packages/airflow/example_dags/plugins/event_listener.py
[2024-11-26T16:02:58.108-0600] {processor.py:208} INFO - Processing /Library/Frameworks/Python.framework/Versions/3.8/lib/python3.8/site-packages/airflow/example_dags/plugins/event_listener.py took 0.043 seconds
[2024-11-26T16:04:04.496-0600] {processor.py:186} INFO - Started process (PID=27009) to work on /Library/Frameworks/Python.framework/Versions/3.8/lib/python3.8/site-packages/airflow/example_dags/plugins/event_listener.py
[2024-11-26T16:04:04.497-0600] {processor.py:914} INFO - Processing file /Library/Frameworks/Python.framework/Versions/3.8/lib/python3.8/site-packages/airflow/example_dags/plugins/event_listener.py for tasks to queue
[2024-11-26T16:04:04.497-0600] {logging_mixin.py:190} INFO - [2024-11-26T16:04:04.497-0600] {dagbag.py:588} INFO - Filling up the DagBag from /Library/Frameworks/Python.framework/Versions/3.8/lib/python3.8/site-packages/airflow/example_dags/plugins/event_listener.py
[2024-11-26T16:04:04.497-0600] {processor.py:927} WARNING - No viable dags retrieved from /Library/Frameworks/Python.framework/Versions/3.8/lib/python3.8/site-packages/airflow/example_dags/plugins/event_listener.py
[2024-11-26T16:04:04.529-0600] {processor.py:208} INFO - Processing /Library/Frameworks/Python.framework/Versions/3.8/lib/python3.8/site-packages/airflow/example_dags/plugins/event_listener.py took 0.034 seconds
[2024-11-26T16:05:14.099-0600] {processor.py:186} INFO - Started process (PID=27134) to work on /Library/Frameworks/Python.framework/Versions/3.8/lib/python3.8/site-packages/airflow/example_dags/plugins/event_listener.py
[2024-11-26T16:05:14.099-0600] {processor.py:914} INFO - Processing file /Library/Frameworks/Python.framework/Versions/3.8/lib/python3.8/site-packages/airflow/example_dags/plugins/event_listener.py for tasks to queue
[2024-11-26T16:05:14.100-0600] {logging_mixin.py:190} INFO - [2024-11-26T16:05:14.100-0600] {dagbag.py:588} INFO - Filling up the DagBag from /Library/Frameworks/Python.framework/Versions/3.8/lib/python3.8/site-packages/airflow/example_dags/plugins/event_listener.py
[2024-11-26T16:05:14.100-0600] {processor.py:927} WARNING - No viable dags retrieved from /Library/Frameworks/Python.framework/Versions/3.8/lib/python3.8/site-packages/airflow/example_dags/plugins/event_listener.py
[2024-11-26T16:05:14.131-0600] {processor.py:208} INFO - Processing /Library/Frameworks/Python.framework/Versions/3.8/lib/python3.8/site-packages/airflow/example_dags/plugins/event_listener.py took 0.033 seconds
[2024-11-26T16:21:10.562-0600] {processor.py:186} INFO - Started process (PID=27261) to work on /Library/Frameworks/Python.framework/Versions/3.8/lib/python3.8/site-packages/airflow/example_dags/plugins/event_listener.py
[2024-11-26T16:21:10.562-0600] {processor.py:914} INFO - Processing file /Library/Frameworks/Python.framework/Versions/3.8/lib/python3.8/site-packages/airflow/example_dags/plugins/event_listener.py for tasks to queue
[2024-11-26T16:21:10.563-0600] {logging_mixin.py:190} INFO - [2024-11-26T16:21:10.563-0600] {dagbag.py:588} INFO - Filling up the DagBag from /Library/Frameworks/Python.framework/Versions/3.8/lib/python3.8/site-packages/airflow/example_dags/plugins/event_listener.py
[2024-11-26T16:21:10.563-0600] {processor.py:927} WARNING - No viable dags retrieved from /Library/Frameworks/Python.framework/Versions/3.8/lib/python3.8/site-packages/airflow/example_dags/plugins/event_listener.py
[2024-11-26T16:21:10.592-0600] {processor.py:208} INFO - Processing /Library/Frameworks/Python.framework/Versions/3.8/lib/python3.8/site-packages/airflow/example_dags/plugins/event_listener.py took 0.032 seconds
[2024-11-26T17:18:00.666-0600] {processor.py:186} INFO - Started process (PID=27393) to work on /Library/Frameworks/Python.framework/Versions/3.8/lib/python3.8/site-packages/airflow/example_dags/plugins/event_listener.py
[2024-11-26T17:18:00.666-0600] {processor.py:914} INFO - Processing file /Library/Frameworks/Python.framework/Versions/3.8/lib/python3.8/site-packages/airflow/example_dags/plugins/event_listener.py for tasks to queue
[2024-11-26T17:18:00.666-0600] {logging_mixin.py:190} INFO - [2024-11-26T17:18:00.666-0600] {dagbag.py:588} INFO - Filling up the DagBag from /Library/Frameworks/Python.framework/Versions/3.8/lib/python3.8/site-packages/airflow/example_dags/plugins/event_listener.py
[2024-11-26T17:18:00.667-0600] {processor.py:927} WARNING - No viable dags retrieved from /Library/Frameworks/Python.framework/Versions/3.8/lib/python3.8/site-packages/airflow/example_dags/plugins/event_listener.py
[2024-11-26T17:18:00.696-0600] {processor.py:208} INFO - Processing /Library/Frameworks/Python.framework/Versions/3.8/lib/python3.8/site-packages/airflow/example_dags/plugins/event_listener.py took 0.032 seconds
