[2024-11-28T19:36:29.740-0600] {processor.py:186} INFO - Started process (PID=39196) to work on /Library/Frameworks/Python.framework/Versions/3.8/lib/python3.8/site-packages/airflow/example_dags/plugins/workday.py
[2024-11-28T19:36:29.740-0600] {processor.py:914} INFO - Processing file /Library/Frameworks/Python.framework/Versions/3.8/lib/python3.8/site-packages/airflow/example_dags/plugins/workday.py for tasks to queue
[2024-11-28T19:36:29.741-0600] {logging_mixin.py:190} INFO - [2024-11-28T19:36:29.741-0600] {dagbag.py:588} INFO - Filling up the DagBag from /Library/Frameworks/Python.framework/Versions/3.8/lib/python3.8/site-packages/airflow/example_dags/plugins/workday.py
[2024-11-28T19:36:29.741-0600] {logging_mixin.py:190} INFO - [2024-11-28T19:36:29.741-0600] {workday.py:41} WARNING - Could not import pandas. Holidays will not be considered.
[2024-11-28T19:36:29.741-0600] {processor.py:927} WARNING - No viable dags retrieved from /Library/Frameworks/Python.framework/Versions/3.8/lib/python3.8/site-packages/airflow/example_dags/plugins/workday.py
[2024-11-28T19:36:29.776-0600] {processor.py:208} INFO - Processing /Library/Frameworks/Python.framework/Versions/3.8/lib/python3.8/site-packages/airflow/example_dags/plugins/workday.py took 0.038 seconds
[2024-11-28T19:38:05.836-0600] {processor.py:186} INFO - Started process (PID=39401) to work on /Library/Frameworks/Python.framework/Versions/3.8/lib/python3.8/site-packages/airflow/example_dags/plugins/workday.py
[2024-11-28T19:38:05.837-0600] {processor.py:914} INFO - Processing file /Library/Frameworks/Python.framework/Versions/3.8/lib/python3.8/site-packages/airflow/example_dags/plugins/workday.py for tasks to queue
[2024-11-28T19:38:05.838-0600] {logging_mixin.py:190} INFO - [2024-11-28T19:38:05.837-0600] {dagbag.py:588} INFO - Filling up the DagBag from /Library/Frameworks/Python.framework/Versions/3.8/lib/python3.8/site-packages/airflow/example_dags/plugins/workday.py
[2024-11-28T19:38:05.838-0600] {logging_mixin.py:190} INFO - [2024-11-28T19:38:05.838-0600] {workday.py:41} WARNING - Could not import pandas. Holidays will not be considered.
[2024-11-28T19:38:05.838-0600] {processor.py:927} WARNING - No viable dags retrieved from /Library/Frameworks/Python.framework/Versions/3.8/lib/python3.8/site-packages/airflow/example_dags/plugins/workday.py
[2024-11-28T19:38:05.869-0600] {processor.py:208} INFO - Processing /Library/Frameworks/Python.framework/Versions/3.8/lib/python3.8/site-packages/airflow/example_dags/plugins/workday.py took 0.034 seconds
[2024-11-28T19:39:08.799-0600] {processor.py:186} INFO - Started process (PID=39523) to work on /Library/Frameworks/Python.framework/Versions/3.8/lib/python3.8/site-packages/airflow/example_dags/plugins/workday.py
[2024-11-28T19:39:08.800-0600] {processor.py:914} INFO - Processing file /Library/Frameworks/Python.framework/Versions/3.8/lib/python3.8/site-packages/airflow/example_dags/plugins/workday.py for tasks to queue
[2024-11-28T19:39:08.800-0600] {logging_mixin.py:190} INFO - [2024-11-28T19:39:08.800-0600] {dagbag.py:588} INFO - Filling up the DagBag from /Library/Frameworks/Python.framework/Versions/3.8/lib/python3.8/site-packages/airflow/example_dags/plugins/workday.py
[2024-11-28T19:39:08.801-0600] {logging_mixin.py:190} INFO - [2024-11-28T19:39:08.801-0600] {workday.py:41} WARNING - Could not import pandas. Holidays will not be considered.
[2024-11-28T19:39:08.801-0600] {processor.py:927} WARNING - No viable dags retrieved from /Library/Frameworks/Python.framework/Versions/3.8/lib/python3.8/site-packages/airflow/example_dags/plugins/workday.py
[2024-11-28T19:39:08.833-0600] {processor.py:208} INFO - Processing /Library/Frameworks/Python.framework/Versions/3.8/lib/python3.8/site-packages/airflow/example_dags/plugins/workday.py took 0.035 seconds
[2024-11-28T19:40:11.118-0600] {processor.py:186} INFO - Started process (PID=39654) to work on /Library/Frameworks/Python.framework/Versions/3.8/lib/python3.8/site-packages/airflow/example_dags/plugins/workday.py
[2024-11-28T19:40:11.120-0600] {processor.py:914} INFO - Processing file /Library/Frameworks/Python.framework/Versions/3.8/lib/python3.8/site-packages/airflow/example_dags/plugins/workday.py for tasks to queue
[2024-11-28T19:40:11.120-0600] {logging_mixin.py:190} INFO - [2024-11-28T19:40:11.120-0600] {dagbag.py:588} INFO - Filling up the DagBag from /Library/Frameworks/Python.framework/Versions/3.8/lib/python3.8/site-packages/airflow/example_dags/plugins/workday.py
[2024-11-28T19:40:11.121-0600] {logging_mixin.py:190} INFO - [2024-11-28T19:40:11.121-0600] {workday.py:41} WARNING - Could not import pandas. Holidays will not be considered.
[2024-11-28T19:40:11.121-0600] {processor.py:927} WARNING - No viable dags retrieved from /Library/Frameworks/Python.framework/Versions/3.8/lib/python3.8/site-packages/airflow/example_dags/plugins/workday.py
[2024-11-28T19:40:11.151-0600] {processor.py:208} INFO - Processing /Library/Frameworks/Python.framework/Versions/3.8/lib/python3.8/site-packages/airflow/example_dags/plugins/workday.py took 0.033 seconds
